#
# A fatal error has been detected by the Java Runtime Environment:
#
#  EXCEPTION_ACCESS_VIOLATION (0xc0000005) at pc=0x00007fffc9bfbdf6, pid=32676, tid=10372
#
# JRE version: OpenJDK Runtime Environment Corretto-11.0.22.7.1 (11.0.22+7) (build 11.0.22+7-LTS)
# Java VM: OpenJDK 64-Bit Server VM Corretto-11.0.22.7.1 (11.0.22+7-LTS, mixed mode, tiered, compressed oops, g1 gc, windows-amd64)
# Problematic frame:
# C  [glass.dll+0x1bdf6]
#
# No core dump will be written. Minidumps are not enabled by default on client versions of Windows
#
# If you would like to submit a bug report, please visit:
#   https://github.com/corretto/corretto-11/issues/
# The crash happened outside the Java Virtual Machine in native code.
# See problematic frame for where to report the bug.
#

---------------  S U M M A R Y ------------

Command Line: -javaagent:C:\Users\alonh\AppData\Local\Programs\IntelliJ IDEA Ultimate\lib\idea_rt.jar=53087:C:\Users\alonh\AppData\Local\Programs\IntelliJ IDEA Ultimate\bin -Dfile.encoding=UTF-8 --module-path=C:\Users\alonh\.m2\repository\org\openjfx\javafx-controls\17.0.6\javafx-controls-17.0.6-win.jar;C:\Users\alonh\.m2\repository\org\openjfx\javafx-fxml\17.0.6\javafx-fxml-17.0.6-win.jar;C:\Users\alonh\.m2\repository\net\synedra\validatorfx\0.4.0\validatorfx-0.4.0.jar;C:\Users\alonh\.m2\repository\org\kordamp\bootstrapfx\bootstrapfx-core\0.4.0\bootstrapfx-core-0.4.0.jar;C:\Users\alonh\.m2\repository\org\openjfx\javafx-graphics\17.0.6\javafx-graphics-17.0.6-win.jar;C:\Users\alonh\.m2\repository\com\dlsc\formsfx\formsfx-core\11.6.0\formsfx-core-11.6.0.jar;C:\Users\alonh\.m2\repository\org\openjfx\javafx-base\17.0.6\javafx-base-17.0.6-win.jar;C:\Users\alonh\IdeaProjects\Joyeria_ProyectoMult\target\classes;C:\Users\alonh\.m2\repository\org\controlsfx\controlsfx\11.1.2\controlsfx-11.1.2.jar -Djdk.module.main=com.eduard034.joyeria_proyectomult com.eduard034.joyeria_proyectomult/com.eduard034.joyeria_proyectomult.JoyeriaApp

Host: 12th Gen Intel(R) Core(TM) i5-12450H, 12 cores, 7G,  Windows 11 , 64 bit Build 22621 (10.0.22621.2506)
Time: Thu Mar 28 14:38:11 2024 Hora estándar central (México) elapsed time: 52.485695 seconds (0d 0h 0m 52s)

---------------  T H R E A D  ---------------

Current thread (0x000001d4e624f000):  JavaThread "JavaFX Application Thread" [_thread_in_native, id=10372, stack(0x0000008e2f100000,0x0000008e2f200000)]

Stack: [0x0000008e2f100000,0x0000008e2f200000],  sp=0x0000008e2f1fc6e0,  free space=1009k
Native frames: (J=compiled Java code, j=interpreted, Vv=VM code, C=native code)
C  [glass.dll+0x1bdf6]

Java frames: (J=compiled Java code, j=interpreted, Vv=VM code)
j  com.sun.glass.ui.win.WinWindow._close(J)Z+0 javafx.graphics
j  com.sun.glass.ui.Window.close()V+63 javafx.graphics
j  com.sun.glass.ui.win.WinWindow.close()V+8 javafx.graphics
j  com.sun.glass.ui.Application.terminate()V+75 javafx.graphics
j  com.sun.javafx.tk.quantum.QuantumToolkit.lambda$exit$13()Ljava/lang/Object;+5 javafx.graphics
j  com.sun.javafx.tk.quantum.QuantumToolkit$$Lambda$475.get()Ljava/lang/Object;+0 javafx.graphics
j  com.sun.javafx.tk.quantum.QuantumToolkit.runWithRenderLock(Ljava/util/function/Supplier;)Ljava/lang/Object;+7 javafx.graphics
j  com.sun.javafx.tk.quantum.QuantumToolkit.exit()V+26 javafx.graphics
j  com.sun.javafx.application.PlatformImpl.lambda$tkExit$16()V+3 javafx.graphics
j  com.sun.javafx.application.PlatformImpl$$Lambda$474.run()V+0 javafx.graphics
j  com.sun.javafx.application.PlatformImpl.lambda$runAndWait$12(Ljava/lang/Runnable;Ljava/util/concurrent/CountDownLatch;)V+1 javafx.graphics
j  com.sun.javafx.application.PlatformImpl$$Lambda$87.run()V+8 javafx.graphics
j  com.sun.javafx.application.PlatformImpl.lambda$runLater$10(Ljava/lang/Runnable;)Ljava/lang/Void;+1 javafx.graphics
j  com.sun.javafx.application.PlatformImpl$$Lambda$90.run()Ljava/lang/Object;+4 javafx.graphics
v  ~StubRoutines::call_stub
J 2125  java.security.AccessController.doPrivileged(Ljava/security/PrivilegedAction;Ljava/security/AccessControlContext;)Ljava/lang/Object; java.base@11.0.22 (0 bytes) @ 0x000001d4d4ed0c26 [0x000001d4d4ed0bc0+0x0000000000000066]
j  com.sun.javafx.application.PlatformImpl.lambda$runLater$11(Ljava/lang/Runnable;Ljava/security/AccessControlContext;)V+7 javafx.graphics
j  com.sun.javafx.application.PlatformImpl$$Lambda$89.run()V+8 javafx.graphics
J 2376 c1 com.sun.glass.ui.InvokeLaterDispatcher$Future.run()V javafx.graphics (91 bytes) @ 0x000001d4cdced484 [0x000001d4cdced380+0x0000000000000104]
v  ~StubRoutines::call_stub
j  com.sun.glass.ui.win.WinApplication._runLoop(Ljava/lang/Runnable;)V+0 javafx.graphics
j  com.sun.glass.ui.win.WinApplication.lambda$runLoop$3(ILjava/lang/Runnable;)V+8 javafx.graphics
j  com.sun.glass.ui.win.WinApplication$$Lambda$78.run()V+12 javafx.graphics
j  java.lang.Thread.run()V+11 java.base@11.0.22
v  ~StubRoutines::call_stub

siginfo: EXCEPTION_ACCESS_VIOLATION (0xc0000005), reading address 0x0000000000000130


Register to memory mapping:

RIP=0x00007fffc9bfbdf6 glass.dll
RAX=0x0 is NULL
RBX=0x0 is NULL
RCX=0x0 is NULL
RDX=0x0 is NULL
RSP=0x0000008e2f1fc6e0 is pointing into the stack for thread: 0x000001d4e624f000
RBP=0x0 is NULL
RSI=0x0000000000000401 is an unknown value
RDI=0x0000008e2f1fca30 is pointing into the stack for thread: 0x000001d4e624f000
R8 =0x0000008e2f1fca30 is pointing into the stack for thread: 0x000001d4e624f000
R9 =0x0 is NULL
R10=0x0 is NULL
R11=0x0000000000000246 is an unknown value
R12=0x0 is NULL
R13=0x0 is NULL
R14=0x0 is NULL
R15=0x0 is NULL


Registers:
RAX=0x0000000000000000, RBX=0x0000000000000000, RCX=0x0000000000000000, RDX=0x0000000000000000
RSP=0x0000008e2f1fc6e0, RBP=0x0000000000000000, RSI=0x0000000000000401, RDI=0x0000008e2f1fca30
R8 =0x0000008e2f1fca30, R9 =0x0000000000000000, R10=0x0000000000000000, R11=0x0000000000000246
R12=0x0000000000000000, R13=0x0000000000000000, R14=0x0000000000000000, R15=0x0000000000000000
RIP=0x00007fffc9bfbdf6, EFLAGS=0x0000000000010202

Top of Stack: (sp=0x0000008e2f1fc6e0)
0x0000008e2f1fc6e0:   0000000000000578 0000008e2f1fc6f0
0x0000008e2f1fc6f0:   0000000000180016 00007fffc9c075c0
0x0000008e2f1fc700:   0000008e2f1fca30 00007fffc9bfa871
0x0000008e2f1fc710:   0000000000000000 0000008e2f1fca30
0x0000008e2f1fc720:   0000000000000401 000001d4c2f3ae70
0x0000008e2f1fc730:   000001d4e636a8a0 00007fffc9bea395
0x0000008e2f1fc740:   0000008e2f1fca30 0000000000000001
0x0000008e2f1fc750:   000000008000c0b0 0000000000000001
0x0000008e2f1fc760:   0000000000000000 00007fffc9be17bb
0x0000008e2f1fc770:   000001d4e636a8a0 0000008e2f1fca30
0x0000008e2f1fc780:   0000000000000401 00000000001809fc
0x0000008e2f1fc790:   0000000000000401 00007ff810738241
0x0000008e2f1fc7a0:   0000000000000000 0000008e2f1fc968
0x0000008e2f1fc7b0:   0000000080000022 0000000000000001
0x0000008e2f1fc7c0:   00000000000000b6 000001d4e624f000
0x0000008e2f1fc7d0:   000001d4e76ff830 000001d4e624f000 

Instructions: (pc=0x00007fffc9bfbdf6)
0x00007fffc9bfbcf6:   85 c0 74 08 48 8b c8 e8 ee 00 00 00 48 c7 05 23
0x00007fffc9bfbd06:   e1 01 00 00 00 00 00 48 83 c4 28 c3 cc cc cc cc
0x00007fffc9bfbd16:   cc cc cc cc cc cc cc cc cc cc 48 89 5c 24 08 57
0x00007fffc9bfbd26:   48 83 ec 30 48 8b fa 48 8b d9 48 39 91 30 01 00
0x00007fffc9bfbd36:   00 0f 84 a5 00 00 00 e8 ae 00 00 00 48 8b 93 30
0x00007fffc9bfbd46:   01 00 00 48 85 d2 75 04 48 8b 53 08 48 89 54 24
0x00007fffc9bfbd56:   20 4c 8b c7 48 85 ff 75 04 4c 8b 43 08 48 8d 0d
0x00007fffc9bfbd66:   a6 e2 00 00 4c 89 44 24 28 e8 bc 78 fe ff 48 8b
0x00007fffc9bfbd76:   4c 24 20 4c 8d 44 24 20 48 8d 15 db f7 ff ff ff
0x00007fffc9bfbd86:   15 05 da 01 00 48 8b 05 6e dd 01 00 48 85 c0 75
0x00007fffc9bfbd96:   04 33 c9 eb 03 8b 48 40 4c 8d 44 24 20 48 8d 15
0x00007fffc9bfbda6:   f6 f7 ff ff ff 15 e8 d9 01 00 48 89 bb 30 01 00
0x00007fffc9bfbdb6:   00 e8 54 38 00 00 4c 8b 05 ed e0 01 00 48 8b c8
0x00007fffc9bfbdc6:   48 8b 93 c0 00 00 00 4c 8b cf e8 db 92 fe ff e8
0x00007fffc9bfbdd6:   36 38 00 00 48 8b c8 e8 4e 37 00 00 48 8b 5c 24
0x00007fffc9bfbde6:   40 48 83 c4 30 5f c3 cc cc cc 40 57 48 83 ec 20
0x00007fffc9bfbdf6:   48 8b 81 30 01 00 00 48 8b f9 48 85 c0 75 04 48
0x00007fffc9bfbe06:   8b 41 08 48 3b 05 20 e0 01 00 75 3b 48 89 5c 24
0x00007fffc9bfbe16:   30 e8 f4 37 00 00 4c 8b 05 7d e0 01 00 48 8b c8
0x00007fffc9bfbe26:   48 8b 97 c0 00 00 00 48 8b d8 e8 7b 92 fe ff 48
0x00007fffc9bfbe36:   8b cb e8 f3 36 00 00 48 8b 5c 24 30 48 c7 05 e3
0x00007fffc9bfbe46:   df 01 00 00 00 00 00 48 83 c4 20 5f c3 cc cc cc
0x00007fffc9bfbe56:   cc cc cc cc cc cc cc cc cc cc 40 53 48 83 ec 50
0x00007fffc9bfbe66:   48 8b 05 5b b3 01 00 48 33 c4 48 89 44 24 40 48
0x00007fffc9bfbe76:   8b d9 48 8b 49 08 ff 15 86 d8 01 00 85 c0 0f 85
0x00007fffc9bfbe86:   1b 01 00 00 48 8b 4b 08 48 8d 54 24 30 ff 15 af
0x00007fffc9bfbe96:   d6 01 00 48 8b 4b 08 48 8d 54 24 20 ff 15 08 d7
0x00007fffc9bfbea6:   01 00 48 8b 4b 08 4c 8d 44 24 20 41 b9 02 00 00
0x00007fffc9bfbeb6:   00 33 d2 ff 15 f9 d6 01 00 8b 44 24 24 2b 44 24
0x00007fffc9bfbec6:   34 44 8b 44 24 20 44 2b 44 24 30 8b 54 24 3c 2b
0x00007fffc9bfbed6:   54 24 2c 8b 4c 24 38 2b 4c 24 28 89 83 1c 01 00
0x00007fffc9bfbee6:   00 44 89 83 18 01 00 00 89 93 24 01 00 00 89 8b 


Stack slot to memory mapping:
stack at sp + 0 slots: 0x0000000000000578 is an unknown value
stack at sp + 1 slots: 0x0000008e2f1fc6f0 is pointing into the stack for thread: 0x000001d4e624f000
stack at sp + 2 slots: 0x0000000000180016 is an unknown value
stack at sp + 3 slots: 0x00007fffc9c075c0 glass.dll
stack at sp + 4 slots: 0x0000008e2f1fca30 is pointing into the stack for thread: 0x000001d4e624f000
stack at sp + 5 slots: 0x00007fffc9bfa871 glass.dll
stack at sp + 6 slots: 0x0 is NULL
stack at sp + 7 slots: 0x0000008e2f1fca30 is pointing into the stack for thread: 0x000001d4e624f000


---------------  P R O C E S S  ---------------

Threads class SMR info:
_java_thread_list=0x000001d4e6c98700, length=18, elements={
0x000001d4c4bc2000, 0x000001d4e46a6000, 0x000001d4e46a5800, 0x000001d4e46a3000,
0x000001d4e46a4800, 0x000001d4e46a2000, 0x000001d4e4700000, 0x000001d4e4701800,
0x000001d4e4706800, 0x000001d4e46a1800, 0x000001d4e46a8000, 0x000001d4e46a7000,
0x000001d4e46a4000, 0x000001d4e624f000, 0x000001d4e6250000, 0x000001d4e624a800,
0x000001d4e624e800, 0x000001d4e6251000
}

Java Threads: ( => current thread )
  0x000001d4c4bc2000 JavaThread "main" [_thread_blocked, id=17940, stack(0x0000008e2d900000,0x0000008e2da00000)]
  0x000001d4e46a6000 JavaThread "Reference Handler" daemon [_thread_blocked, id=34136, stack(0x0000008e2e000000,0x0000008e2e100000)]
  0x000001d4e46a5800 JavaThread "Finalizer" daemon [_thread_blocked, id=32356, stack(0x0000008e2e100000,0x0000008e2e200000)]
  0x000001d4e46a3000 JavaThread "Signal Dispatcher" daemon [_thread_blocked, id=4356, stack(0x0000008e2e200000,0x0000008e2e300000)]
  0x000001d4e46a4800 JavaThread "Attach Listener" daemon [_thread_blocked, id=5212, stack(0x0000008e2e300000,0x0000008e2e400000)]
  0x000001d4e46a2000 JavaThread "Service Thread" daemon [_thread_blocked, id=27744, stack(0x0000008e2e400000,0x0000008e2e500000)]
  0x000001d4e4700000 JavaThread "C2 CompilerThread0" daemon [_thread_blocked, id=1796, stack(0x0000008e2e500000,0x0000008e2e600000)]
  0x000001d4e4701800 JavaThread "C1 CompilerThread0" daemon [_thread_blocked, id=3824, stack(0x0000008e2e600000,0x0000008e2e700000)]
  0x000001d4e4706800 JavaThread "Sweeper thread" daemon [_thread_blocked, id=3724, stack(0x0000008e2e700000,0x0000008e2e800000)]
  0x000001d4e46a1800 JavaThread "Common-Cleaner" daemon [_thread_blocked, id=33608, stack(0x0000008e2e800000,0x0000008e2e900000)]
  0x000001d4e46a8000 JavaThread "Monitor Ctrl-Break" daemon [_thread_in_native, id=26892, stack(0x0000008e2ea00000,0x0000008e2eb00000)]
  0x000001d4e46a7000 JavaThread "QuantumRenderer-0" daemon [_thread_blocked, id=33724, stack(0x0000008e2ec00000,0x0000008e2ed00000)]
  0x000001d4e46a4000 JavaThread "InvokeLaterDispatcher" daemon [_thread_blocked, id=19372, stack(0x0000008e2e900000,0x0000008e2ea00000)]
=>0x000001d4e624f000 JavaThread "JavaFX Application Thread" [_thread_in_native, id=10372, stack(0x0000008e2f100000,0x0000008e2f200000)]
  0x000001d4e6250000 JavaThread "JavaFX-Launcher" [_thread_blocked, id=900, stack(0x0000008e2f400000,0x0000008e2f500000)]
  0x000001d4e624a800 JavaThread "Thread-2" daemon [_thread_in_native, id=19048, stack(0x0000008e2f300000,0x0000008e2f400000)]
  0x000001d4e624e800 JavaThread "Prism Font Disposer" daemon [_thread_blocked, id=14004, stack(0x0000008e2fa00000,0x0000008e2fb00000)]
  0x000001d4e6251000 JavaThread "Cleaner-0" daemon [_thread_blocked, id=11424, stack(0x0000008e30300000,0x0000008e30400000)]

Other Threads:
  0x000001d4e3e72000 VMThread "VM Thread" [stack: 0x0000008e2df00000,0x0000008e2e000000] [id=32212]
  0x000001d4e512a000 WatcherThread [stack: 0x0000008e2eb00000,0x0000008e2ec00000] [id=4100]
  0x000001d4c4bd9800 GCTaskThread "GC Thread#0" [stack: 0x0000008e2da00000,0x0000008e2db00000] [id=1576]
  0x000001d4e6506000 GCTaskThread "GC Thread#1" [stack: 0x0000008e2f500000,0x0000008e2f600000] [id=34232]
  0x000001d4e64d8800 GCTaskThread "GC Thread#2" [stack: 0x0000008e2f600000,0x0000008e2f700000] [id=24396]
  0x000001d4e64d9000 GCTaskThread "GC Thread#3" [stack: 0x0000008e2f700000,0x0000008e2f800000] [id=16720]
  0x000001d4e6521000 GCTaskThread "GC Thread#4" [stack: 0x0000008e2f800000,0x0000008e2f900000] [id=24040]
  0x000001d4e6525800 GCTaskThread "GC Thread#5" [stack: 0x0000008e2f900000,0x0000008e2fa00000] [id=6912]
  0x000001d4c28de000 ConcurrentGCThread "G1 Main Marker" [stack: 0x0000008e2db00000,0x0000008e2dc00000] [id=15204]
  0x000001d4c4c08000 ConcurrentGCThread "G1 Conc#0" [stack: 0x0000008e2dc00000,0x0000008e2dd00000] [id=8356]
  0x000001d4e6597000 ConcurrentGCThread "G1 Conc#1" [stack: 0x0000008e2fe00000,0x0000008e2ff00000] [id=3372]
  0x000001d4e6b7c800 ConcurrentGCThread "G1 Conc#2" [stack: 0x0000008e2ff00000,0x0000008e30000000] [id=30984]
  0x000001d4e3cc8800 ConcurrentGCThread "G1 Refine#0" [stack: 0x0000008e2dd00000,0x0000008e2de00000] [id=22944]
  0x000001d4e3cc9800 ConcurrentGCThread "G1 Young RemSet Sampling" [stack: 0x0000008e2de00000,0x0000008e2df00000] [id=24024]

Threads with active compile tasks:

VM state:not at safepoint (normal execution)

VM Mutex/Monitor currently owned by a thread: None

Heap address: 0x0000000084800000, size: 1976 MB, Compressed Oops mode: 32-bit
Narrow klass base: 0x0000000000000000, Narrow klass shift: 3
Compressed class space size: 1073741824 Address: 0x0000000100000000

Heap:
 garbage-first heap   total 126976K, used 59683K [0x0000000084800000, 0x0000000100000000)
  region size 1024K, 42 young (43008K), 8 survivors (8192K)
 Metaspace       used 26720K, capacity 27677K, committed 27824K, reserved 1073152K
  class space    used 3205K, capacity 3583K, committed 3584K, reserved 1048576K
Heap Regions: E=young(eden), S=young(survivor), O=old, HS=humongous(starts), HC=humongous(continues), CS=collection set, F=free, A=archive, TAMS=top-at-mark-start (previous, next)
|   0|0x0000000084800000, 0x0000000084900000, 0x0000000084900000|100%|HS|  |TAMS 0x0000000084900000, 0x0000000084800000| Complete 
|   1|0x0000000084900000, 0x0000000084a00000, 0x0000000084a00000|100%|HC|  |TAMS 0x0000000084a00000, 0x0000000084900000| Complete 
|   2|0x0000000084a00000, 0x0000000084b00000, 0x0000000084b00000|100%|HC|  |TAMS 0x0000000084b00000, 0x0000000084a00000| Complete 
|   3|0x0000000084b00000, 0x0000000084c00000, 0x0000000084c00000|100%|HC|  |TAMS 0x0000000084c00000, 0x0000000084b00000| Complete 
|   4|0x0000000084c00000, 0x0000000084d00000, 0x0000000084d00000|100%|HC|  |TAMS 0x0000000084d00000, 0x0000000084c00000| Complete 
|   5|0x0000000084d00000, 0x0000000084e00000, 0x0000000084e00000|100%|HC|  |TAMS 0x0000000084e00000, 0x0000000084d00000| Complete 
|   6|0x0000000084e00000, 0x0000000084f00000, 0x0000000084f00000|100%|HC|  |TAMS 0x0000000084f00000, 0x0000000084e00000| Complete 
|   7|0x0000000084f00000, 0x0000000085000000, 0x0000000085000000|100%|HS|  |TAMS 0x0000000084f00000, 0x0000000084f00000| Complete 
|   8|0x0000000085000000, 0x0000000085100000, 0x0000000085100000|100%|HC|  |TAMS 0x0000000085000000, 0x0000000085000000| Complete 
|   9|0x0000000085100000, 0x0000000085200000, 0x0000000085200000|100%|HS|  |TAMS 0x0000000085100000, 0x0000000085100000| Complete 
|  10|0x0000000085200000, 0x0000000085300000, 0x0000000085300000|100%|HC|  |TAMS 0x0000000085200000, 0x0000000085200000| Complete 
|  11|0x0000000085300000, 0x0000000085400000, 0x0000000085400000|100%|HC|  |TAMS 0x0000000085300000, 0x0000000085300000| Complete 
|  12|0x0000000085400000, 0x0000000085500000, 0x0000000085500000|100%|HC|  |TAMS 0x0000000085400000, 0x0000000085400000| Complete 
|  13|0x0000000085500000, 0x0000000085600000, 0x0000000085600000|100%|HC|  |TAMS 0x0000000085500000, 0x0000000085500000| Complete 
|  14|0x0000000085600000, 0x0000000085700000, 0x0000000085700000|100%|HC|  |TAMS 0x0000000085600000, 0x0000000085600000| Complete 
|  15|0x0000000085700000, 0x0000000085800000, 0x0000000085800000|100%|HC|  |TAMS 0x0000000085700000, 0x0000000085700000| Complete 
|  16|0x0000000085800000, 0x0000000085900000, 0x0000000085900000|100%|HS|  |TAMS 0x0000000085800000, 0x0000000085800000| Complete 
|  17|0x0000000085900000, 0x0000000085a00000, 0x0000000085a00000|100%|HC|  |TAMS 0x0000000085900000, 0x0000000085900000| Complete 
|  18|0x0000000085a00000, 0x0000000085a00000, 0x0000000085b00000|  0%| F|  |TAMS 0x0000000085a00000, 0x0000000085a00000| Untracked 
|  19|0x0000000085b00000, 0x0000000085b00000, 0x0000000085c00000|  0%| F|  |TAMS 0x0000000085b00000, 0x0000000085b00000| Untracked 
|  20|0x0000000085c00000, 0x0000000085c00000, 0x0000000085d00000|  0%| F|  |TAMS 0x0000000085c00000, 0x0000000085c00000| Untracked 
|  21|0x0000000085d00000, 0x0000000085d00000, 0x0000000085e00000|  0%| F|  |TAMS 0x0000000085d00000, 0x0000000085d00000| Untracked 
|  22|0x0000000085e00000, 0x0000000085e00000, 0x0000000085f00000|  0%| F|  |TAMS 0x0000000085e00000, 0x0000000085e00000| Untracked 
|  23|0x0000000085f00000, 0x0000000085f00000, 0x0000000086000000|  0%| F|  |TAMS 0x0000000085f00000, 0x0000000085f00000| Untracked 
|  24|0x0000000086000000, 0x0000000086000000, 0x0000000086100000|  0%| F|  |TAMS 0x0000000086000000, 0x0000000086000000| Untracked 
|  25|0x0000000086100000, 0x0000000086100000, 0x0000000086200000|  0%| F|  |TAMS 0x0000000086100000, 0x0000000086100000| Untracked 
|  26|0x0000000086200000, 0x0000000086200000, 0x0000000086300000|  0%| F|  |TAMS 0x0000000086200000, 0x0000000086200000| Untracked 
|  27|0x0000000086300000, 0x0000000086300000, 0x0000000086400000|  0%| F|  |TAMS 0x0000000086300000, 0x0000000086300000| Untracked 
|  28|0x0000000086400000, 0x0000000086400000, 0x0000000086500000|  0%| F|  |TAMS 0x0000000086400000, 0x0000000086400000| Untracked 
|  29|0x0000000086500000, 0x0000000086500000, 0x0000000086600000|  0%| F|  |TAMS 0x0000000086500000, 0x0000000086500000| Untracked 
|  30|0x0000000086600000, 0x0000000086600000, 0x0000000086700000|  0%| F|  |TAMS 0x0000000086600000, 0x0000000086600000| Untracked 
|  31|0x0000000086700000, 0x0000000086700000, 0x0000000086800000|  0%| F|  |TAMS 0x0000000086700000, 0x0000000086700000| Untracked 
|  32|0x0000000086800000, 0x0000000086800000, 0x0000000086900000|  0%| F|  |TAMS 0x0000000086800000, 0x0000000086800000| Untracked 
|  33|0x0000000086900000, 0x0000000086900000, 0x0000000086a00000|  0%| F|  |TAMS 0x0000000086900000, 0x0000000086900000| Untracked 
|  34|0x0000000086a00000, 0x0000000086a00000, 0x0000000086b00000|  0%| F|  |TAMS 0x0000000086a00000, 0x0000000086a00000| Untracked 
|  35|0x0000000086b00000, 0x0000000086b00000, 0x0000000086c00000|  0%| F|  |TAMS 0x0000000086b00000, 0x0000000086b00000| Untracked 
|  36|0x0000000086c00000, 0x0000000086c00000, 0x0000000086d00000|  0%| F|  |TAMS 0x0000000086c00000, 0x0000000086c00000| Untracked 
|  37|0x0000000086d00000, 0x0000000086d00000, 0x0000000086e00000|  0%| F|  |TAMS 0x0000000086d00000, 0x0000000086d00000| Untracked 
|  38|0x0000000086e00000, 0x0000000086e00000, 0x0000000086f00000|  0%| F|  |TAMS 0x0000000086e00000, 0x0000000086e00000| Untracked 
|  39|0x0000000086f00000, 0x0000000086f00000, 0x0000000087000000|  0%| F|  |TAMS 0x0000000086f00000, 0x0000000086f00000| Untracked 
|  40|0x0000000087000000, 0x0000000087000000, 0x0000000087100000|  0%| F|  |TAMS 0x0000000087000000, 0x0000000087000000| Untracked 
|  41|0x0000000087100000, 0x0000000087100000, 0x0000000087200000|  0%| F|  |TAMS 0x0000000087100000, 0x0000000087100000| Untracked 
|  42|0x0000000087200000, 0x0000000087200000, 0x0000000087300000|  0%| F|  |TAMS 0x0000000087200000, 0x0000000087200000| Untracked 
|  43|0x0000000087300000, 0x0000000087300000, 0x0000000087400000|  0%| F|  |TAMS 0x0000000087300000, 0x0000000087300000| Untracked 
|  44|0x0000000087400000, 0x0000000087400000, 0x0000000087500000|  0%| F|  |TAMS 0x0000000087400000, 0x0000000087400000| Untracked 
|  45|0x0000000087500000, 0x0000000087500000, 0x0000000087600000|  0%| F|  |TAMS 0x0000000087500000, 0x0000000087500000| Untracked 
|  46|0x0000000087600000, 0x0000000087600000, 0x0000000087700000|  0%| F|  |TAMS 0x0000000087600000, 0x0000000087600000| Untracked 
|  47|0x0000000087700000, 0x0000000087700000, 0x0000000087800000|  0%| F|  |TAMS 0x0000000087700000, 0x0000000087700000| Untracked 
|  48|0x0000000087800000, 0x0000000087800000, 0x0000000087900000|  0%| F|  |TAMS 0x0000000087800000, 0x0000000087800000| Untracked 
|  49|0x0000000087900000, 0x0000000087900000, 0x0000000087a00000|  0%| F|  |TAMS 0x0000000087900000, 0x0000000087900000| Untracked 
|  50|0x0000000087a00000, 0x0000000087a00000, 0x0000000087b00000|  0%| F|  |TAMS 0x0000000087a00000, 0x0000000087a00000| Untracked 
|  51|0x0000000087b00000, 0x0000000087b00000, 0x0000000087c00000|  0%| F|  |TAMS 0x0000000087b00000, 0x0000000087b00000| Untracked 
|  52|0x0000000087c00000, 0x0000000087c00000, 0x0000000087d00000|  0%| F|  |TAMS 0x0000000087c00000, 0x0000000087c00000| Untracked 
|  53|0x0000000087d00000, 0x0000000087d00000, 0x0000000087e00000|  0%| F|  |TAMS 0x0000000087d00000, 0x0000000087d00000| Untracked 
|  54|0x0000000087e00000, 0x0000000087e00000, 0x0000000087f00000|  0%| F|  |TAMS 0x0000000087e00000, 0x0000000087e00000| Untracked 
|  55|0x0000000087f00000, 0x0000000087f00000, 0x0000000088000000|  0%| F|  |TAMS 0x0000000087f00000, 0x0000000087f00000| Untracked 
|  56|0x0000000088000000, 0x0000000088000000, 0x0000000088100000|  0%| F|  |TAMS 0x0000000088000000, 0x0000000088000000| Untracked 
|  57|0x0000000088100000, 0x0000000088100000, 0x0000000088200000|  0%| F|  |TAMS 0x0000000088100000, 0x0000000088100000| Untracked 
|  58|0x0000000088200000, 0x0000000088200000, 0x0000000088300000|  0%| F|  |TAMS 0x0000000088200000, 0x0000000088200000| Untracked 
|  59|0x0000000088300000, 0x0000000088300000, 0x0000000088400000|  0%| F|  |TAMS 0x0000000088300000, 0x0000000088300000| Untracked 
|  60|0x0000000088400000, 0x0000000088400000, 0x0000000088500000|  0%| F|  |TAMS 0x0000000088400000, 0x0000000088400000| Untracked 
|  61|0x0000000088500000, 0x0000000088500000, 0x0000000088600000|  0%| F|  |TAMS 0x0000000088500000, 0x0000000088500000| Untracked 
|  62|0x0000000088600000, 0x0000000088600000, 0x0000000088700000|  0%| F|  |TAMS 0x0000000088600000, 0x0000000088600000| Untracked 
|  63|0x0000000088700000, 0x0000000088700000, 0x0000000088800000|  0%| F|  |TAMS 0x0000000088700000, 0x0000000088700000| Untracked 
|  64|0x0000000088800000, 0x0000000088800000, 0x0000000088900000|  0%| F|  |TAMS 0x0000000088800000, 0x0000000088800000| Untracked 
|  65|0x0000000088900000, 0x0000000088900000, 0x0000000088a00000|  0%| F|  |TAMS 0x0000000088900000, 0x0000000088900000| Untracked 
|  66|0x0000000088a00000, 0x0000000088a00000, 0x0000000088b00000|  0%| F|  |TAMS 0x0000000088a00000, 0x0000000088a00000| Untracked 
|  67|0x0000000088b00000, 0x0000000088b00000, 0x0000000088c00000|  0%| F|  |TAMS 0x0000000088b00000, 0x0000000088b00000| Untracked 
|  68|0x0000000088c00000, 0x0000000088c00000, 0x0000000088d00000|  0%| F|  |TAMS 0x0000000088c00000, 0x0000000088c00000| Untracked 
|  69|0x0000000088d00000, 0x0000000088d00000, 0x0000000088e00000|  0%| F|  |TAMS 0x0000000088d00000, 0x0000000088d00000| Untracked 
|  70|0x0000000088e00000, 0x0000000088e00000, 0x0000000088f00000|  0%| F|  |TAMS 0x0000000088e00000, 0x0000000088e00000| Untracked 
|  71|0x0000000088f00000, 0x0000000088f00000, 0x0000000089000000|  0%| F|  |TAMS 0x0000000088f00000, 0x0000000088f00000| Untracked 
|  72|0x0000000089000000, 0x0000000089000000, 0x0000000089100000|  0%| F|  |TAMS 0x0000000089000000, 0x0000000089000000| Untracked 
|  73|0x0000000089100000, 0x0000000089100000, 0x0000000089200000|  0%| F|  |TAMS 0x0000000089100000, 0x0000000089100000| Untracked 
|  74|0x0000000089200000, 0x0000000089200000, 0x0000000089300000|  0%| F|  |TAMS 0x0000000089200000, 0x0000000089200000| Untracked 
|  75|0x0000000089300000, 0x0000000089300000, 0x0000000089400000|  0%| F|  |TAMS 0x0000000089300000, 0x0000000089300000| Untracked 
|  76|0x0000000089400000, 0x0000000089400000, 0x0000000089500000|  0%| F|  |TAMS 0x0000000089400000, 0x0000000089400000| Untracked 
|  77|0x0000000089500000, 0x0000000089500000, 0x0000000089600000|  0%| F|  |TAMS 0x0000000089500000, 0x0000000089500000| Untracked 
|  78|0x0000000089600000, 0x0000000089600000, 0x0000000089700000|  0%| F|  |TAMS 0x0000000089600000, 0x0000000089600000| Untracked 
|  79|0x0000000089700000, 0x0000000089700000, 0x0000000089800000|  0%| F|  |TAMS 0x0000000089700000, 0x0000000089700000| Untracked 
|  80|0x0000000089800000, 0x0000000089800000, 0x0000000089900000|  0%| F|  |TAMS 0x0000000089800000, 0x0000000089800000| Untracked 
|  81|0x0000000089900000, 0x0000000089900000, 0x0000000089a00000|  0%| F|  |TAMS 0x0000000089900000, 0x0000000089900000| Untracked 
|  82|0x0000000089a00000, 0x0000000089aee958, 0x0000000089b00000| 93%| E|  |TAMS 0x0000000089a00000, 0x0000000089a00000| Complete 
|  83|0x0000000089b00000, 0x0000000089c00000, 0x0000000089c00000|100%| E|CS|TAMS 0x0000000089b00000, 0x0000000089b00000| Complete 
|  84|0x0000000089c00000, 0x0000000089d00000, 0x0000000089d00000|100%| E|CS|TAMS 0x0000000089c00000, 0x0000000089c00000| Complete 
|  85|0x0000000089d00000, 0x0000000089e00000, 0x0000000089e00000|100%| E|CS|TAMS 0x0000000089d00000, 0x0000000089d00000| Complete 
|  86|0x0000000089e00000, 0x0000000089e48dc8, 0x0000000089f00000| 28%| S|CS|TAMS 0x0000000089e00000, 0x0000000089e00000| Complete 
|  87|0x0000000089f00000, 0x000000008a000000, 0x000000008a000000|100%| S|CS|TAMS 0x0000000089f00000, 0x0000000089f00000| Complete 
|  88|0x000000008a000000, 0x000000008a100000, 0x000000008a100000|100%| S|CS|TAMS 0x000000008a000000, 0x000000008a000000| Complete 
|  89|0x000000008a100000, 0x000000008a200000, 0x000000008a200000|100%| S|CS|TAMS 0x000000008a100000, 0x000000008a100000| Complete 
|  90|0x000000008a200000, 0x000000008a300000, 0x000000008a300000|100%| S|CS|TAMS 0x000000008a200000, 0x000000008a200000| Complete 
|  91|0x000000008a300000, 0x000000008a400000, 0x000000008a400000|100%| S|CS|TAMS 0x000000008a300000, 0x000000008a300000| Complete 
|  92|0x000000008a400000, 0x000000008a500000, 0x000000008a500000|100%| S|CS|TAMS 0x000000008a400000, 0x000000008a400000| Complete 
|  93|0x000000008a500000, 0x000000008a600000, 0x000000008a600000|100%| S|CS|TAMS 0x000000008a500000, 0x000000008a500000| Complete 
|  94|0x000000008a600000, 0x000000008a700000, 0x000000008a700000|100%| E|CS|TAMS 0x000000008a600000, 0x000000008a600000| Complete 
|  95|0x000000008a700000, 0x000000008a800000, 0x000000008a800000|100%| E|CS|TAMS 0x000000008a700000, 0x000000008a700000| Complete 
|  96|0x000000008a800000, 0x000000008a900000, 0x000000008a900000|100%| E|CS|TAMS 0x000000008a800000, 0x000000008a800000| Complete 
|  97|0x000000008a900000, 0x000000008aa00000, 0x000000008aa00000|100%| E|CS|TAMS 0x000000008a900000, 0x000000008a900000| Complete 
|  98|0x000000008aa00000, 0x000000008ab00000, 0x000000008ab00000|100%| E|CS|TAMS 0x000000008aa00000, 0x000000008aa00000| Complete 
|  99|0x000000008ab00000, 0x000000008ac00000, 0x000000008ac00000|100%| E|CS|TAMS 0x000000008ab00000, 0x000000008ab00000| Complete 
| 100|0x000000008ac00000, 0x000000008ad00000, 0x000000008ad00000|100%| E|CS|TAMS 0x000000008ac00000, 0x000000008ac00000| Complete 
| 101|0x000000008ad00000, 0x000000008ae00000, 0x000000008ae00000|100%| E|CS|TAMS 0x000000008ad00000, 0x000000008ad00000| Complete 
| 102|0x000000008ae00000, 0x000000008af00000, 0x000000008af00000|100%| E|CS|TAMS 0x000000008ae00000, 0x000000008ae00000| Complete 
| 103|0x000000008af00000, 0x000000008b000000, 0x000000008b000000|100%| E|CS|TAMS 0x000000008af00000, 0x000000008af00000| Complete 
| 104|0x000000008b000000, 0x000000008b100000, 0x000000008b100000|100%| E|CS|TAMS 0x000000008b000000, 0x000000008b000000| Complete 
| 105|0x000000008b100000, 0x000000008b200000, 0x000000008b200000|100%| E|CS|TAMS 0x000000008b100000, 0x000000008b100000| Complete 
| 106|0x000000008b200000, 0x000000008b300000, 0x000000008b300000|100%| E|CS|TAMS 0x000000008b200000, 0x000000008b200000| Complete 
| 107|0x000000008b300000, 0x000000008b400000, 0x000000008b400000|100%| E|CS|TAMS 0x000000008b300000, 0x000000008b300000| Complete 
| 108|0x000000008b400000, 0x000000008b500000, 0x000000008b500000|100%| E|CS|TAMS 0x000000008b400000, 0x000000008b400000| Complete 
| 109|0x000000008b500000, 0x000000008b600000, 0x000000008b600000|100%| E|CS|TAMS 0x000000008b500000, 0x000000008b500000| Complete 
| 110|0x000000008b600000, 0x000000008b700000, 0x000000008b700000|100%| E|CS|TAMS 0x000000008b600000, 0x000000008b600000| Complete 
| 111|0x000000008b700000, 0x000000008b800000, 0x000000008b800000|100%| E|CS|TAMS 0x000000008b700000, 0x000000008b700000| Complete 
| 112|0x000000008b800000, 0x000000008b900000, 0x000000008b900000|100%| E|CS|TAMS 0x000000008b800000, 0x000000008b800000| Complete 
| 113|0x000000008b900000, 0x000000008ba00000, 0x000000008ba00000|100%| E|CS|TAMS 0x000000008b900000, 0x000000008b900000| Complete 
| 114|0x000000008ba00000, 0x000000008bb00000, 0x000000008bb00000|100%| E|CS|TAMS 0x000000008ba00000, 0x000000008ba00000| Complete 
| 115|0x000000008bb00000, 0x000000008bc00000, 0x000000008bc00000|100%| E|CS|TAMS 0x000000008bb00000, 0x000000008bb00000| Complete 
| 116|0x000000008bc00000, 0x000000008bd00000, 0x000000008bd00000|100%| E|CS|TAMS 0x000000008bc00000, 0x000000008bc00000| Complete 
| 117|0x000000008bd00000, 0x000000008be00000, 0x000000008be00000|100%| E|CS|TAMS 0x000000008bd00000, 0x000000008bd00000| Complete 
| 118|0x000000008be00000, 0x000000008bf00000, 0x000000008bf00000|100%| E|CS|TAMS 0x000000008be00000, 0x000000008be00000| Complete 
| 119|0x000000008bf00000, 0x000000008c000000, 0x000000008c000000|100%| E|CS|TAMS 0x000000008bf00000, 0x000000008bf00000| Complete 
| 120|0x000000008c000000, 0x000000008c100000, 0x000000008c100000|100%| E|CS|TAMS 0x000000008c000000, 0x000000008c000000| Complete 
| 121|0x000000008c100000, 0x000000008c200000, 0x000000008c200000|100%| E|CS|TAMS 0x000000008c100000, 0x000000008c100000| Complete 
| 122|0x000000008c200000, 0x000000008c300000, 0x000000008c300000|100%| E|CS|TAMS 0x000000008c200000, 0x000000008c200000| Complete 
| 123|0x000000008c300000, 0x000000008c400000, 0x000000008c400000|100%| E|CS|TAMS 0x000000008c300000, 0x000000008c300000| Complete 

Card table byte_map: [0x000001d4dcc50000,0x000001d4dd030000] _byte_map_base: 0x000001d4dc82c000

Marking Bits (Prev, Next): (CMBitMap*) 0x000001d4c4c01020, (CMBitMap*) 0x000001d4c4c00fe8
 Prev Bits: [0x000001d4df2f0000, 0x000001d4e11d0000)
 Next Bits: [0x000001d4dd410000, 0x000001d4df2f0000)

Polling page: 0x000001d4c4360000

Metaspace:

Usage:
  Non-class:     23.53 MB capacity,    22.96 MB ( 98%) used,   475.70 KB (  2%) free+waste,   103.56 KB ( <1%) overhead. 
      Class:      3.50 MB capacity,     3.13 MB ( 89%) used,   325.19 KB (  9%) free+waste,    52.00 KB (  1%) overhead. 
       Both:     27.03 MB capacity,    26.09 MB ( 97%) used,   800.89 KB (  3%) free+waste,   155.56 KB ( <1%) overhead. 

Virtual space:
  Non-class space:       24.00 MB reserved,      23.67 MB ( 99%) committed 
      Class space:        1.00 GB reserved,       3.50 MB ( <1%) committed 
             Both:        1.02 GB reserved,      27.17 MB (  3%) committed 

Chunk freelists:
   Non-Class:  18.00 KB
       Class:  1.00 KB
        Both:  19.00 KB

MaxMetaspaceSize: 17179869184.00 GB
CompressedClassSpaceSize: 1.00 GB
Initial GC threshold: 20.80 MB
Current GC threshold: 35.08 MB
CDS: off

CodeHeap 'non-profiled nmethods': size=120000Kb used=1730Kb max_used=1730Kb free=118269Kb
 bounds [0x000001d4d4df0000, 0x000001d4d5060000, 0x000001d4dc320000]
CodeHeap 'profiled nmethods': size=120000Kb used=8271Kb max_used=8271Kb free=111729Kb
 bounds [0x000001d4cd8c0000, 0x000001d4ce0e0000, 0x000001d4d4df0000]
CodeHeap 'non-nmethods': size=5760Kb used=1464Kb max_used=1485Kb free=4295Kb
 bounds [0x000001d4cd320000, 0x000001d4cd590000, 0x000001d4cd8c0000]
 total_blobs=4850 nmethods=4041 adapters=719
 compilation: enabled
              stopped_count=0, restarted_count=0
 full_count=0

Compilation events (20 events):
Event: 52.382 Thread 0x000001d4e4701800 nmethod 4031 0x000001d4ce0cb790 code [0x000001d4ce0cb9c0, 0x000001d4ce0cc018]
Event: 52.382 Thread 0x000001d4e4701800 4032       3       java.lang.reflect.Constructor::checkCanSetAccessible (29 bytes)
Event: 52.382 Thread 0x000001d4e4701800 nmethod 4032 0x000001d4ce0cc290 code [0x000001d4ce0cc460, 0x000001d4ce0cc718]
Event: 52.433 Thread 0x000001d4e4701800 4033       3       javafx.beans.property.ReadOnlyDoubleWrapper::fireValueChangedEvent (19 bytes)
Event: 52.433 Thread 0x000001d4e4701800 nmethod 4033 0x000001d4ce0cc890 code [0x000001d4ce0cca80, 0x000001d4ce0ccfb8]
Event: 52.434 Thread 0x000001d4e4701800 4034       3       jdk.internal.org.objectweb.asm.ClassWriter::newConst (9 bytes)
Event: 52.434 Thread 0x000001d4e4701800 nmethod 4034 0x000001d4ce0cd190 code [0x000001d4ce0cd340, 0x000001d4ce0cd488]
Event: 52.434 Thread 0x000001d4e4701800 4035       3       java.lang.invoke.InvokerBytecodeGenerator$CpPatch::<init> (20 bytes)
Event: 52.434 Thread 0x000001d4e4701800 nmethod 4035 0x000001d4ce0cd590 code [0x000001d4ce0cd740, 0x000001d4ce0cd958]
Event: 52.435 Thread 0x000001d4e4701800 4036       3       java.nio.CharBuffer::arrayOffset (35 bytes)
Event: 52.436 Thread 0x000001d4e4701800 nmethod 4036 0x000001d4ce0cda10 code [0x000001d4ce0cdbe0, 0x000001d4ce0cde98]
Event: 52.436 Thread 0x000001d4e4701800 4037       3       java.io.BufferedWriter::ensureOpen (18 bytes)
Event: 52.436 Thread 0x000001d4e4701800 nmethod 4037 0x000001d4ce0ce010 code [0x000001d4ce0ce1e0, 0x000001d4ce0ce3e8]
Event: 52.459 Thread 0x000001d4e4701800 4038       3       sun.nio.cs.UTF_8$Encoder::encodeArrayLoop (489 bytes)
Event: 52.461 Thread 0x000001d4e4701800 nmethod 4038 0x000001d4ce0ce490 code [0x000001d4ce0cea80, 0x000001d4ce0d1fe8]
Event: 52.461 Thread 0x000001d4e4701800 4040       3       java.io.PrintStream::ensureOpen (18 bytes)
Event: 52.461 Thread 0x000001d4e4701800 nmethod 4040 0x000001d4ce0d3190 code [0x000001d4ce0d3360, 0x000001d4ce0d3568]
Event: 52.461 Thread 0x000001d4e4701800 4039       3       java.io.Writer::write (11 bytes)
Event: 52.461 Thread 0x000001d4e4701800 nmethod 4039 0x000001d4ce0d3610 code [0x000001d4ce0d37e0, 0x000001d4ce0d3aa8]
Event: 52.470 Thread 0x000001d4e4700000 4041       4       java.util.concurrent.locks.ReentrantLock::unlock (10 bytes)

GC Heap History (4 events):
Event: 0.716 GC heap before
{Heap before GC invocations=0 (full 0):
 garbage-first heap   total 126976K, used 24576K [0x0000000084800000, 0x0000000100000000)
  region size 1024K, 24 young (24576K), 0 survivors (0K)
 Metaspace       used 12363K, capacity 12689K, committed 12800K, reserved 1060864K
  class space    used 1300K, capacity 1428K, committed 1536K, reserved 1048576K
}
Event: 0.719 GC heap after
{Heap after GC invocations=1 (full 0):
 garbage-first heap   total 126976K, used 2849K [0x0000000084800000, 0x0000000100000000)
  region size 1024K, 3 young (3072K), 3 survivors (3072K)
 Metaspace       used 12363K, capacity 12689K, committed 12800K, reserved 1060864K
  class space    used 1300K, capacity 1428K, committed 1536K, reserved 1048576K
}
Event: 1.208 GC heap before
{Heap before GC invocations=1 (full 0):
 garbage-first heap   total 126976K, used 36641K [0x0000000084800000, 0x0000000100000000)
  region size 1024K, 30 young (30720K), 3 survivors (3072K)
 Metaspace       used 20584K, capacity 21201K, committed 21296K, reserved 1069056K
  class space    used 2407K, capacity 2660K, committed 2688K, reserved 1048576K
}
Event: 1.215 GC heap after
{Heap after GC invocations=2 (full 0):
 garbage-first heap   total 126976K, used 14627K [0x0000000084800000, 0x0000000100000000)
  region size 1024K, 8 young (8192K), 8 survivors (8192K)
 Metaspace       used 20584K, capacity 21201K, committed 21296K, reserved 1069056K
  class space    used 2407K, capacity 2660K, committed 2688K, reserved 1048576K
}

Deoptimization events (20 events):
Event: 37.108 Thread 0x000001d4e624f000 DEOPT PACKING pc=0x000001d4d4f5ae38 sp=0x0000008e2f1f2080
Event: 37.108 Thread 0x000001d4e624f000 DEOPT UNPACKING pc=0x000001d4cd36a1af sp=0x0000008e2f1f1fe0 mode 2
Event: 37.108 Thread 0x000001d4e624f000 Uncommon trap: trap_request=0xffffffbe fr.pc=0x000001d4d4f5ae38 relative=0x0000000000000578
Event: 37.108 Thread 0x000001d4e624f000 Uncommon trap: reason=profile_predicate action=maybe_recompile pc=0x000001d4d4f5ae38 method=com.sun.javafx.css.BitSet.addAll(Ljava/util/Collection;)Z @ 86 c2
Event: 37.108 Thread 0x000001d4e624f000 DEOPT PACKING pc=0x000001d4d4f5ae38 sp=0x0000008e2f1f2090
Event: 37.108 Thread 0x000001d4e624f000 DEOPT UNPACKING pc=0x000001d4cd36a1af sp=0x0000008e2f1f1ff0 mode 2
Event: 37.108 Thread 0x000001d4e624f000 Uncommon trap: trap_request=0xffffffbe fr.pc=0x000001d4d4f5ae38 relative=0x0000000000000578
Event: 37.108 Thread 0x000001d4e624f000 Uncommon trap: reason=profile_predicate action=maybe_recompile pc=0x000001d4d4f5ae38 method=com.sun.javafx.css.BitSet.addAll(Ljava/util/Collection;)Z @ 86 c2
Event: 37.108 Thread 0x000001d4e624f000 DEOPT PACKING pc=0x000001d4d4f5ae38 sp=0x0000008e2f1f2090
Event: 37.108 Thread 0x000001d4e624f000 DEOPT UNPACKING pc=0x000001d4cd36a1af sp=0x0000008e2f1f1ff0 mode 2
Event: 37.108 Thread 0x000001d4e624f000 Uncommon trap: trap_request=0xffffffbe fr.pc=0x000001d4d4f5ae38 relative=0x0000000000000578
Event: 37.108 Thread 0x000001d4e624f000 Uncommon trap: reason=profile_predicate action=maybe_recompile pc=0x000001d4d4f5ae38 method=com.sun.javafx.css.BitSet.addAll(Ljava/util/Collection;)Z @ 86 c2
Event: 37.108 Thread 0x000001d4e624f000 DEOPT PACKING pc=0x000001d4d4f5ae38 sp=0x0000008e2f1f1d30
Event: 37.108 Thread 0x000001d4e624f000 DEOPT UNPACKING pc=0x000001d4cd36a1af sp=0x0000008e2f1f1c90 mode 2
Event: 37.117 Thread 0x000001d4e624f000 Uncommon trap: trap_request=0xffffffc6 fr.pc=0x000001d4d4e83854 relative=0x0000000000000f14
Event: 37.117 Thread 0x000001d4e624f000 Uncommon trap: reason=bimorphic_or_optimized_type_check action=maybe_recompile pc=0x000001d4d4e83854 method=java.io.DataInputStream.readFully([BII)V @ 34 c2
Event: 37.117 Thread 0x000001d4e624f000 DEOPT PACKING pc=0x000001d4d4e83854 sp=0x0000008e2f1f18a0
Event: 37.117 Thread 0x000001d4e624f000 DEOPT UNPACKING pc=0x000001d4cd36a1af sp=0x0000008e2f1f18a8 mode 2
Event: 42.889 Thread 0x000001d4e46a7000 DEOPT PACKING pc=0x000001d4cdfa8f68 sp=0x0000008e2ecfd160
Event: 42.889 Thread 0x000001d4e46a7000 DEOPT UNPACKING pc=0x000001d4cd36a95e sp=0x0000008e2ecfc5b8 mode 0

Classes redefined (0 events):
No events

Internal exceptions (20 events):
Event: 1.000 Thread 0x000001d4e624f000 Exception <a 'java/lang/NoSuchMethodError'{0x000000008b329858}: 'void java.lang.invoke.DirectMethodHandle$Holder.invokeStaticInit(java.lang.Object, java.lang.Object)'> (0x000000008b329858) thrown at [s\src\hotspot\share\interpreter\linkResolver.cpp, line 773]
Event: 1.008 Thread 0x000001d4e624f000 Exception <a 'java/lang/NoSuchMethodError'{0x000000008b3ac7a8}: 'void java.lang.invoke.DirectMethodHandle$Holder.invokeSpecial(java.lang.Object, java.lang.Object, java.lang.Object, java.lang.Object, java.lang.Object)'> (0x000000008b3ac7a8) thrown at [s\src\hotspot\share\interpreter\linkResolver.cpp, line 773]
Event: 1.079 Thread 0x000001d4e624f000 Implicit null exception at 0x000001d4d4e81515 to 0x000001d4d4e8190c
Event: 1.084 Thread 0x000001d4e624f000 Implicit null exception at 0x000001d4d4e117af to 0x000001d4d4e1181d
Event: 1.264 Thread 0x000001d4e624f000 Exception <a 'java/lang/ClassNotFoundException'{0x000000008c02ddb0}: com/sun/javafx/scene/control/skin/resources/controls> (0x000000008c02ddb0) thrown at [s\src\hotspot\share\prims\jni.cpp, line 638]
Event: 1.265 Thread 0x000001d4e624f000 Exception <a 'java/lang/ClassNotFoundException'{0x000000008c03bda8}: com/sun/javafx/scene/control/skin/resources/controls_es> (0x000000008c03bda8) thrown at [s\src\hotspot\share\prims\jni.cpp, line 638]
Event: 1.266 Thread 0x000001d4e624f000 Exception <a 'java/lang/ClassNotFoundException'{0x000000008c049a60}: com/sun/javafx/scene/control/skin/resources/controls_es_MX> (0x000000008c049a60) thrown at [s\src\hotspot\share\prims\jni.cpp, line 638]
Event: 1.291 Thread 0x000001d4e624f000 Exception <a 'java/lang/NoSuchMethodError'{0x000000008bffa028}: 'void java.lang.invoke.DirectMethodHandle$Holder.invokeSpecial(java.lang.Object, java.lang.Object, java.lang.Object, java.lang.Object, java.lang.Object, java.lang.Object)'> (0x000000008bffa028) thrown at [s\src\hotspot\share\interpreter\linkResolver.cpp, line 773]
Event: 1.314 Thread 0x000001d4e624f000 Exception <a 'java/lang/NoSuchMethodError'{0x000000008bc5f600}: 'java.lang.Object java.lang.invoke.DirectMethodHandle$Holder.invokeInterface(java.lang.Object, java.lang.Object, java.lang.Object)'> (0x000000008bc5f600) thrown at [s\src\hotspot\share\interpreter\linkResolver.cpp, line 773]
Event: 1.314 Thread 0x000001d4e624f000 Exception <a 'java/lang/IncompatibleClassChangeError'{0x000000008bc627b8}: Found class java.lang.Object, but interface was expected> (0x000000008bc627b8) thrown at [s\src\hotspot\share\interpreter\linkResolver.cpp, line 839]
Event: 1.401 Thread 0x000001d4e46a7000 Exception <a 'java/lang/NoSuchMethodError'{0x000000008b988170}: 'int java.lang.invoke.DirectMethodHandle$Holder.invokeStaticInit(java.lang.Object, java.lang.Object)'> (0x000000008b988170) thrown at [s\src\hotspot\share\interpreter\linkResolver.cpp, line 773]
Event: 1.403 Thread 0x000001d4e624f000 Exception <a 'java/lang/NoSuchMethodError'{0x000000008bae5458}: 'long java.lang.invoke.DirectMethodHandle$Holder.invokeStaticInit(java.lang.Object, java.lang.Object, java.lang.Object)'> (0x000000008bae5458) thrown at [s\src\hotspot\share\interpreter\linkResolver.cpp, line 773]
Event: 1.405 Thread 0x000001d4e624f000 Exception <a 'java/lang/NoSuchMethodError'{0x000000008bafdaa0}: 'java.lang.Object java.lang.invoke.DirectMethodHandle$Holder.invokeStatic(java.lang.Object, java.lang.Object, long)'> (0x000000008bafdaa0) thrown at [s\src\hotspot\share\interpreter\linkResolver.cpp, line 773]
Event: 1.405 Thread 0x000001d4e624f000 Exception <a 'java/lang/NoSuchMethodError'{0x000000008b8040b0}: 'java.lang.Object java.lang.invoke.Invokers$Holder.linkToTargetMethod(java.lang.Object, long, java.lang.Object)'> (0x000000008b8040b0) thrown at [s\src\hotspot\share\interpreter\linkResolver.cpp, line 773]
Event: 5.472 Thread 0x000001d4e624f000 Exception <a 'java/lang/NoSuchMethodError'{0x000000008b4472e0}: 'java.lang.Object java.lang.invoke.DirectMethodHandle$Holder.invokeStatic(java.lang.Object, java.lang.Object, int, int, int, int, int, java.lang.Object)'> (0x000000008b4472e0) thrown at [s\src\hotspot\share\interpreter\linkResolver.cpp, line 773]
Event: 5.472 Thread 0x000001d4e624f000 Exception <a 'java/lang/NoSuchMethodError'{0x000000008b457ca8}: 'java.lang.Object java.lang.invoke.DirectMethodHandle$Holder.invokeStatic(java.lang.Object, java.lang.Object, java.lang.Object, int, int, int, int, int)'> (0x000000008b457ca8) thrown at [s\src\hotspot\share\interpreter\linkResolver.cpp, line 773]
Event: 5.473 Thread 0x000001d4e624f000 Exception <a 'java/lang/NoSuchMethodError'{0x000000008b45e518}: 'java.lang.Object java.lang.invoke.Invokers$Holder.linkToTargetMethod(java.lang.Object, java.lang.Object, int, int, int, int, int, java.lang.Object)'> (0x000000008b45e518) thrown at [s\src\hotspot\share\interpreter\linkResolver.cpp, line 773]
Event: 47.626 Thread 0x000001d4e624f000 Exception <a 'java/lang/NoSuchMethodError'{0x0000000089cffa10}: 'java.lang.Object java.lang.invoke.DirectMethodHandle$Holder.invokeStatic(java.lang.Object, java.lang.Object, java.lang.Object, double, double, double, double, int, int, int, int, int, int, int, int, int)'> (0x0000000089cffa10) thrown at [s\src\hotspot\share\interpreter\linkResolver.cpp, line 773]
Event: 52.434 Thread 0x000001d4e624f000 Exception <a 'java/lang/IllegalArgumentException'{0x0000000089a4e9e0}> (0x0000000089a4e9e0) thrown at [s\src\hotspot\share\prims\jvm.cpp, line 1310]
Event: 52.458 Thread 0x000001d4e624f000 Exception <a 'java/lang/IllegalArgumentException'{0x0000000089a5fd50}> (0x0000000089a5fd50) thrown at [s\src\hotspot\share\prims\jvm.cpp, line 1310]

Events (20 events):
Event: 43.549 Executing VM operation: RevokeBias done
Event: 44.332 Loaded shared library C:\Users\alonh\.openjfx\cache\17.0.6\prism_d3d.dll
Event: 47.626 loading class com/sun/glass/ui/View
Event: 47.626 loading class com/sun/glass/ui/View done
Event: 47.626 loading class com/sun/javafx/tk/quantum/GlassViewEventHandler
Event: 47.626 loading class com/sun/javafx/tk/quantum/GlassViewEventHandler done
Event: 47.627 loading class com/sun/glass/ui/View
Event: 47.627 loading class com/sun/glass/ui/View done
Event: 47.627 loading class com/sun/javafx/tk/quantum/GlassViewEventHandler
Event: 47.627 loading class com/sun/javafx/tk/quantum/GlassViewEventHandler done
Event: 48.985 Executing VM operation: RevokeBias
Event: 48.986 Executing VM operation: RevokeBias done
Event: 52.380 loading class javafx/application/Application
Event: 52.380 loading class javafx/application/Application done
Event: 52.380 loading class javafx/application/Application
Event: 52.380 loading class javafx/application/Application done
Event: 52.435 loading class java/lang/Throwable$WrappedPrintStream
Event: 52.435 loading class java/lang/Throwable$PrintStreamOrWriter
Event: 52.435 loading class java/lang/Throwable$PrintStreamOrWriter done
Event: 52.435 loading class java/lang/Throwable$WrappedPrintStream done


Dynamic libraries:
0x00007ff732060000 - 0x00007ff73206e000 	C:\Users\alonh\.jdks\corretto-11.0.22\bin\java.exe
0x00007ff810f50000 - 0x00007ff811167000 	C:\Windows\SYSTEM32\ntdll.dll
0x00007ff810330000 - 0x00007ff8103f4000 	C:\Windows\System32\KERNEL32.DLL
0x00007ff80e6c0000 - 0x00007ff80ea66000 	C:\Windows\System32\KERNELBASE.dll
0x0000000077180000 - 0x00000000774b2000 	C:\Program Files\Norton Security\NortonData\22.23.5.106\Definitions\IPSDefs\20231207.064\IPSEng64.dll
0x00007ff80eca0000 - 0x00007ff80ed53000 	C:\Windows\System32\ADVAPI32.dll
0x00007ff810510000 - 0x00007ff8105b7000 	C:\Windows\System32\msvcrt.dll
0x00007ff810400000 - 0x00007ff8104a8000 	C:\Windows\System32\sechost.dll
0x00007ff80e3e0000 - 0x00007ff80e408000 	C:\Windows\System32\bcrypt.dll
0x00007ff80ef70000 - 0x00007ff80f087000 	C:\Windows\System32\RPCRT4.dll
0x00007ff80edf0000 - 0x00007ff80edf8000 	C:\Windows\System32\PSAPI.DLL
0x00007ff80e2c0000 - 0x00007ff80e3d1000 	C:\Windows\System32\ucrtbase.dll
0x00007fffd3280000 - 0x00007fffd3297000 	C:\Users\alonh\.jdks\corretto-11.0.22\bin\jli.dll
0x00007fffd32a0000 - 0x00007fffd32bb000 	C:\Users\alonh\.jdks\corretto-11.0.22\bin\VCRUNTIME140.dll
0x00007ff810720000 - 0x00007ff8108ce000 	C:\Windows\System32\USER32.dll
0x00007ff80e290000 - 0x00007ff80e2b6000 	C:\Windows\System32\win32u.dll
0x00007fffe7080000 - 0x00007fffe7313000 	C:\Windows\WinSxS\amd64_microsoft.windows.common-controls_6595b64144ccf1df_6.0.22621.2506_none_270c5ae97388e100\COMCTL32.dll
0x00007ff8108d0000 - 0x00007ff8108f9000 	C:\Windows\System32\GDI32.dll
0x00007ff80e520000 - 0x00007ff80e638000 	C:\Windows\System32\gdi32full.dll
0x00007ff80e480000 - 0x00007ff80e51a000 	C:\Windows\System32\msvcp_win.dll
0x00007ff810a30000 - 0x00007ff810a61000 	C:\Windows\System32\IMM32.DLL
0x00007fffeee60000 - 0x00007fffeee6c000 	C:\Users\alonh\.jdks\corretto-11.0.22\bin\vcruntime140_1.dll
0x00007fffc8b10000 - 0x00007fffc8b9d000 	C:\Users\alonh\.jdks\corretto-11.0.22\bin\msvcp140.dll
0x00007fffa6590000 - 0x00007fffa7153000 	C:\Users\alonh\.jdks\corretto-11.0.22\bin\server\jvm.dll
0x00007ff8004c0000 - 0x00007ff8004f4000 	C:\Windows\SYSTEM32\WINMM.dll
0x00007fffe9210000 - 0x00007fffe9219000 	C:\Windows\SYSTEM32\WSOCK32.dll
0x00007ff8105c0000 - 0x00007ff810631000 	C:\Windows\System32\WS2_32.dll
0x00007ff803670000 - 0x00007ff80367a000 	C:\Windows\SYSTEM32\VERSION.dll
0x00007ff80d390000 - 0x00007ff80d3a8000 	C:\Windows\SYSTEM32\kernel.appcore.dll
0x00007fffed6f0000 - 0x00007fffed700000 	C:\Users\alonh\.jdks\corretto-11.0.22\bin\verify.dll
0x00007ff80bc50000 - 0x00007ff80be83000 	C:\Windows\SYSTEM32\DBGHELP.DLL
0x00007ff80f2c0000 - 0x00007ff80f649000 	C:\Windows\System32\combase.dll
0x00007ff810640000 - 0x00007ff810717000 	C:\Windows\System32\OLEAUT32.dll
0x00007ff802030000 - 0x00007ff802062000 	C:\Windows\SYSTEM32\dbgcore.DLL
0x00007ff80e640000 - 0x00007ff80e6ba000 	C:\Windows\System32\bcryptPrimitives.dll
0x00007fffcffd0000 - 0x00007fffcfff8000 	C:\Users\alonh\.jdks\corretto-11.0.22\bin\java.dll
0x00007fffec8c0000 - 0x00007fffec8ca000 	C:\Users\alonh\.jdks\corretto-11.0.22\bin\jimage.dll
0x00007ffff5d00000 - 0x00007ffff5d0e000 	C:\Users\alonh\.jdks\corretto-11.0.22\bin\instrument.dll
0x00007fffd0030000 - 0x00007fffd0048000 	C:\Users\alonh\.jdks\corretto-11.0.22\bin\zip.dll
0x00007ff80f950000 - 0x00007ff8101aa000 	C:\Windows\System32\SHELL32.dll
0x00007ff80c1a0000 - 0x00007ff80ca96000 	C:\Windows\SYSTEM32\windows.storage.dll
0x00007ff80c060000 - 0x00007ff80c19e000 	C:\Windows\SYSTEM32\wintypes.dll
0x00007ff80f840000 - 0x00007ff80f933000 	C:\Windows\System32\SHCORE.dll
0x00007ff810910000 - 0x00007ff81096e000 	C:\Windows\System32\shlwapi.dll
0x00007ff80e1c0000 - 0x00007ff80e1e6000 	C:\Windows\SYSTEM32\profapi.dll
0x00007fffcf9c0000 - 0x00007fffcf9d9000 	C:\Users\alonh\.jdks\corretto-11.0.22\bin\net.dll
0x00007ff807940000 - 0x00007ff807a77000 	C:\Windows\SYSTEM32\WINHTTP.dll
0x00007ff80d830000 - 0x00007ff80d899000 	C:\Windows\system32\mswsock.dll
0x00007fffcf810000 - 0x00007fffcf822000 	C:\Users\alonh\.jdks\corretto-11.0.22\bin\nio.dll
0x00007ffff5c60000 - 0x00007ffff5c7a000 	C:\Users\alonh\AppData\Local\Programs\IntelliJ IDEA Ultimate\bin\breakgen64.dll
0x000001d4e7360000 - 0x000001d4e7363000 	C:\Users\alonh\.openjfx\cache\17.0.6\api-ms-win-core-console-l1-1-0.dll
0x000001d4e7370000 - 0x000001d4e7373000 	C:\Users\alonh\.openjfx\cache\17.0.6\api-ms-win-core-console-l1-2-0.dll
0x000001d4e7380000 - 0x000001d4e7383000 	C:\Users\alonh\.openjfx\cache\17.0.6\api-ms-win-core-datetime-l1-1-0.dll
0x000001d4e75d0000 - 0x000001d4e75d3000 	C:\Users\alonh\.openjfx\cache\17.0.6\api-ms-win-core-debug-l1-1-0.dll
0x000001d4e75e0000 - 0x000001d4e75e3000 	C:\Users\alonh\.openjfx\cache\17.0.6\api-ms-win-core-errorhandling-l1-1-0.dll
0x000001d4e75f0000 - 0x000001d4e75f4000 	C:\Users\alonh\.openjfx\cache\17.0.6\api-ms-win-core-file-l1-1-0.dll
0x000001d4e7600000 - 0x000001d4e7603000 	C:\Users\alonh\.openjfx\cache\17.0.6\api-ms-win-core-file-l1-2-0.dll
0x000001d4e7810000 - 0x000001d4e7813000 	C:\Users\alonh\.openjfx\cache\17.0.6\api-ms-win-core-file-l2-1-0.dll
0x000001d4e7820000 - 0x000001d4e7823000 	C:\Users\alonh\.openjfx\cache\17.0.6\api-ms-win-core-handle-l1-1-0.dll
0x000001d4e7830000 - 0x000001d4e7833000 	C:\Users\alonh\.openjfx\cache\17.0.6\api-ms-win-core-heap-l1-1-0.dll
0x000001d4e7840000 - 0x000001d4e7843000 	C:\Users\alonh\.openjfx\cache\17.0.6\api-ms-win-core-interlocked-l1-1-0.dll
0x000001d4e7850000 - 0x000001d4e7853000 	C:\Users\alonh\.openjfx\cache\17.0.6\api-ms-win-core-libraryloader-l1-1-0.dll
0x000001d4e7860000 - 0x000001d4e7863000 	C:\Users\alonh\.openjfx\cache\17.0.6\api-ms-win-core-localization-l1-2-0.dll
0x000001d4e7390000 - 0x000001d4e7393000 	C:\Users\alonh\.openjfx\cache\17.0.6\api-ms-win-core-memory-l1-1-0.dll
0x000001d4e73a0000 - 0x000001d4e73a3000 	C:\Users\alonh\.openjfx\cache\17.0.6\api-ms-win-core-namedpipe-l1-1-0.dll
0x000001d4e73b0000 - 0x000001d4e73b3000 	C:\Users\alonh\.openjfx\cache\17.0.6\api-ms-win-core-processenvironment-l1-1-0.dll
0x000001d4e73c0000 - 0x000001d4e73c3000 	C:\Users\alonh\.openjfx\cache\17.0.6\api-ms-win-core-processthreads-l1-1-0.dll
0x000001d4e73d0000 - 0x000001d4e73d3000 	C:\Users\alonh\.openjfx\cache\17.0.6\api-ms-win-core-processthreads-l1-1-1.dll
0x000001d4e73e0000 - 0x000001d4e73e3000 	C:\Users\alonh\.openjfx\cache\17.0.6\api-ms-win-core-profile-l1-1-0.dll
0x000001d4e73f0000 - 0x000001d4e73f3000 	C:\Users\alonh\.openjfx\cache\17.0.6\api-ms-win-core-rtlsupport-l1-1-0.dll
0x000001d4e7400000 - 0x000001d4e7403000 	C:\Users\alonh\.openjfx\cache\17.0.6\api-ms-win-core-string-l1-1-0.dll
0x000001d4e7410000 - 0x000001d4e7413000 	C:\Users\alonh\.openjfx\cache\17.0.6\api-ms-win-core-synch-l1-1-0.dll
0x000001d4e7420000 - 0x000001d4e7423000 	C:\Users\alonh\.openjfx\cache\17.0.6\api-ms-win-core-synch-l1-2-0.dll
0x000001d4e7430000 - 0x000001d4e7433000 	C:\Users\alonh\.openjfx\cache\17.0.6\api-ms-win-core-sysinfo-l1-1-0.dll
0x000001d4e7440000 - 0x000001d4e7443000 	C:\Users\alonh\.openjfx\cache\17.0.6\api-ms-win-core-timezone-l1-1-0.dll
0x000001d4e7450000 - 0x000001d4e7453000 	C:\Users\alonh\.openjfx\cache\17.0.6\api-ms-win-core-util-l1-1-0.dll
0x000001d4e7460000 - 0x000001d4e7463000 	C:\Users\alonh\.openjfx\cache\17.0.6\api-ms-win-crt-conio-l1-1-0.dll
0x000001d4e7470000 - 0x000001d4e7474000 	C:\Users\alonh\.openjfx\cache\17.0.6\api-ms-win-crt-convert-l1-1-0.dll
0x000001d4e7480000 - 0x000001d4e7483000 	C:\Users\alonh\.openjfx\cache\17.0.6\api-ms-win-crt-environment-l1-1-0.dll
0x000001d4e7490000 - 0x000001d4e7493000 	C:\Users\alonh\.openjfx\cache\17.0.6\api-ms-win-crt-filesystem-l1-1-0.dll
0x000001d4e74a0000 - 0x000001d4e74a3000 	C:\Users\alonh\.openjfx\cache\17.0.6\api-ms-win-crt-heap-l1-1-0.dll
0x000001d4e74b0000 - 0x000001d4e74b3000 	C:\Users\alonh\.openjfx\cache\17.0.6\api-ms-win-crt-locale-l1-1-0.dll
0x000001d4e74c0000 - 0x000001d4e74c5000 	C:\Users\alonh\.openjfx\cache\17.0.6\api-ms-win-crt-math-l1-1-0.dll
0x000001d4e74d0000 - 0x000001d4e74d5000 	C:\Users\alonh\.openjfx\cache\17.0.6\api-ms-win-crt-multibyte-l1-1-0.dll
0x000001d4e74e0000 - 0x000001d4e74f0000 	C:\Users\alonh\.openjfx\cache\17.0.6\api-ms-win-crt-private-l1-1-0.dll
0x000001d4e74f0000 - 0x000001d4e74f3000 	C:\Users\alonh\.openjfx\cache\17.0.6\api-ms-win-crt-process-l1-1-0.dll
0x000001d4e7500000 - 0x000001d4e7504000 	C:\Users\alonh\.openjfx\cache\17.0.6\api-ms-win-crt-runtime-l1-1-0.dll
0x000001d4e7510000 - 0x000001d4e7514000 	C:\Users\alonh\.openjfx\cache\17.0.6\api-ms-win-crt-stdio-l1-1-0.dll
0x000001d4e7520000 - 0x000001d4e7524000 	C:\Users\alonh\.openjfx\cache\17.0.6\api-ms-win-crt-string-l1-1-0.dll
0x000001d4e7530000 - 0x000001d4e7533000 	C:\Users\alonh\.openjfx\cache\17.0.6\api-ms-win-crt-time-l1-1-0.dll
0x000001d4e7540000 - 0x000001d4e7543000 	C:\Users\alonh\.openjfx\cache\17.0.6\api-ms-win-crt-utility-l1-1-0.dll
0x00007fffc96d0000 - 0x00007fffc97cc000 	C:\Users\alonh\.openjfx\cache\17.0.6\ucrtbase.dll
0x00007fffd0080000 - 0x00007fffd009a000 	C:\Users\alonh\.openjfx\cache\17.0.6\vcruntime140.dll
0x00007fffea3d0000 - 0x00007fffea3dc000 	C:\Users\alonh\.openjfx\cache\17.0.6\vcruntime140_1.dll
0x00007fffc94e0000 - 0x00007fffc956d000 	C:\Users\alonh\.openjfx\cache\17.0.6\msvcp140.dll
0x00007fffe1070000 - 0x00007fffe1079000 	C:\Users\alonh\.openjfx\cache\17.0.6\msvcp140_1.dll
0x00007fffd0000000 - 0x00007fffd002f000 	C:\Users\alonh\.openjfx\cache\17.0.6\msvcp140_2.dll
0x00007fffcb890000 - 0x00007fffcb8ba000 	C:\Users\alonh\.openjfx\cache\17.0.6\prism_d3d.dll
0x00007ffff4fb0000 - 0x00007ffff5159000 	C:\Windows\system32\d3d9.dll
0x00007ff80b540000 - 0x00007ff80b56b000 	C:\Windows\SYSTEM32\dwmapi.dll
0x00007ff80b3d0000 - 0x00007ff80b406000 	C:\Windows\SYSTEM32\dxcore.dll
0x00007ff80b220000 - 0x00007ff80b2cb000 	C:\Windows\system32\uxtheme.dll
0x00007fffb5190000 - 0x00007fffb5240000 	C:\Windows\SYSTEM32\d3d9on12.dll
0x00007ff80b410000 - 0x00007ff80b508000 	C:\Windows\SYSTEM32\dxgi.dll
0x00007fffd2cd0000 - 0x00007fffd2cf9000 	C:\Windows\SYSTEM32\d3d12.dll
0x00007ff80dfb0000 - 0x00007ff80dffe000 	C:\Windows\SYSTEM32\cfgmgr32.dll
0x00007fffb4da0000 - 0x00007fffb4fa3000 	C:\Windows\SYSTEM32\D3D12Core.dll
0x00007fffc1100000 - 0x00007fffc1127000 	C:\Windows\System32\DriverStore\FileRepository\iigd_dch.inf_amd64_ce2a84db4d20c228\igd12umd64.dll
0x00007fffa27f0000 - 0x00007fffa373b000 	C:\Windows\System32\DriverStore\FileRepository\iigd_dch.inf_amd64_ce2a84db4d20c228\igd12um64xel.dll
0x00007ff80eb30000 - 0x00007ff80ec96000 	C:\Windows\System32\CRYPT32.dll
0x00007ff80f650000 - 0x00007ff80f7f0000 	C:\Windows\System32\ole32.dll
0x00007fffdd400000 - 0x00007fffdd444000 	C:\Windows\SYSTEM32\ControlLib.dll
0x00007ff810a70000 - 0x00007ff810ee4000 	C:\Windows\System32\SETUPAPI.dll
0x00007ff80df50000 - 0x00007ff80df7c000 	C:\Windows\SYSTEM32\DEVOBJ.dll
0x00007ff800060000 - 0x00007ff8000e8000 	C:\Windows\System32\DriverStore\FileRepository\iigd_dch.inf_amd64_ce2a84db4d20c228\IntelControlLib.dll
0x00007ff80e410000 - 0x00007ff80e47b000 	C:\Windows\System32\WINTRUST.dll
0x00007ff80df30000 - 0x00007ff80df42000 	C:\Windows\SYSTEM32\MSASN1.dll
0x00007ff807290000 - 0x00007ff8072da000 	C:\Windows\SYSTEM32\directxdatabasehelper.dll
0x00007ffffbde0000 - 0x00007ffffc1b4000 	C:\Windows\System32\DriverStore\FileRepository\iigd_dch.inf_amd64_ce2a84db4d20c228\igdgmm64.dll
0x00007ffff7fc0000 - 0x00007ffffbdd2000 	C:\Windows\System32\DriverStore\FileRepository\iigd_dch.inf_amd64_ce2a84db4d20c228\igc64.dll
0x00007fffc10d0000 - 0x00007fffc10ff000 	C:\Windows\SYSTEM32\D3DSCache.dll
0x00007ff80d920000 - 0x00007ff80d94c000 	C:\Windows\SYSTEM32\USERENV.dll
0x00007fffa1440000 - 0x00007fffa27ed000 	C:\Windows\System32\DriverStore\FileRepository\iigd_dch.inf_amd64_ce2a84db4d20c228\igd12dxva64.dll
0x00007fff9f720000 - 0x00007fffa1440000 	C:\Windows\System32\DriverStore\FileRepository\iigd_dch.inf_amd64_ce2a84db4d20c228\media_bin_64.dll
0x00007fffb8a00000 - 0x00007fffb8a27000 	C:\Windows\System32\DriverStore\FileRepository\iigd_dch.inf_amd64_ce2a84db4d20c228\igdinfo64.dll
0x00007ff801ab0000 - 0x00007ff801d35000 	C:\Windows\SYSTEM32\twinapi.appcore.dll
0x00007fffc9be0000 - 0x00007fffc9c22000 	C:\Users\alonh\.openjfx\cache\17.0.6\glass.dll
0x00007ff8101b0000 - 0x00007ff8102a9000 	C:\Windows\System32\COMDLG32.dll

dbghelp: loaded successfully - version: 4.0.5 - missing functions: none
symbol engine: initialized successfully - sym options: 0x614 - pdb path: .;C:\Users\alonh\.jdks\corretto-11.0.22\bin;C:\Windows\SYSTEM32;C:\Program Files\Norton Security\NortonData\22.23.5.106\Definitions\IPSDefs\20231207.064;C:\Windows\WinSxS\amd64_microsoft.windows.common-controls_6595b64144ccf1df_6.0.22621.2506_none_270c5ae97388e100;C:\Users\alonh\.jdks\corretto-11.0.22\bin\server;C:\Users\alonh\AppData\Local\Programs\IntelliJ IDEA Ultimate\bin;C:\Users\alonh\.openjfx\cache\17.0.6;C:\Windows\System32\DriverStore\FileRepository\iigd_dch.inf_amd64_ce2a84db4d20c228;C:\Program Files\Common Files\Microsoft Shared\Ink

VM Arguments:
jvm_args: -javaagent:C:\Users\alonh\AppData\Local\Programs\IntelliJ IDEA Ultimate\lib\idea_rt.jar=53087:C:\Users\alonh\AppData\Local\Programs\IntelliJ IDEA Ultimate\bin -Dfile.encoding=UTF-8 --module-path=C:\Users\alonh\.m2\repository\org\openjfx\javafx-controls\17.0.6\javafx-controls-17.0.6-win.jar;C:\Users\alonh\.m2\repository\org\openjfx\javafx-fxml\17.0.6\javafx-fxml-17.0.6-win.jar;C:\Users\alonh\.m2\repository\net\synedra\validatorfx\0.4.0\validatorfx-0.4.0.jar;C:\Users\alonh\.m2\repository\org\kordamp\bootstrapfx\bootstrapfx-core\0.4.0\bootstrapfx-core-0.4.0.jar;C:\Users\alonh\.m2\repository\org\openjfx\javafx-graphics\17.0.6\javafx-graphics-17.0.6-win.jar;C:\Users\alonh\.m2\repository\com\dlsc\formsfx\formsfx-core\11.6.0\formsfx-core-11.6.0.jar;C:\Users\alonh\.m2\repository\org\openjfx\javafx-base\17.0.6\javafx-base-17.0.6-win.jar;C:\Users\alonh\IdeaProjects\Joyeria_ProyectoMult\target\classes;C:\Users\alonh\.m2\repository\org\controlsfx\controlsfx\11.1.2\controlsfx-11.1.2.jar -Djdk.module.main=com.eduard034.joyeria_proyectomult 
java_command: com.eduard034.joyeria_proyectomult/com.eduard034.joyeria_proyectomult.JoyeriaApp
java_class_path (initial): C:\Users\alonh\.m2\repository\org\openjfx\javafx-controls\17.0.6\javafx-controls-17.0.6.jar;C:\Users\alonh\.m2\repository\org\openjfx\javafx-graphics\17.0.6\javafx-graphics-17.0.6.jar;C:\Users\alonh\.m2\repository\org\openjfx\javafx-base\17.0.6\javafx-base-17.0.6.jar;C:\Users\alonh\.m2\repository\org\openjfx\javafx-fxml\17.0.6\javafx-fxml-17.0.6.jar
Launcher Type: SUN_STANDARD

[Global flags]
     intx CICompilerCount                          = 4                                         {product} {ergonomic}
     uint ConcGCThreads                            = 3                                         {product} {ergonomic}
     uint G1ConcRefinementThreads                  = 10                                        {product} {ergonomic}
   size_t G1HeapRegionSize                         = 1048576                                   {product} {ergonomic}
    uintx GCDrainStackTargetSize                   = 64                                        {product} {ergonomic}
   size_t InitialHeapSize                          = 130023424                                 {product} {ergonomic}
   size_t MarkStackSize                            = 4194304                                   {product} {ergonomic}
   size_t MaxHeapSize                              = 2071986176                                {product} {ergonomic}
   size_t MaxNewSize                               = 1242562560                                {product} {ergonomic}
   size_t MinHeapDeltaBytes                        = 1048576                                   {product} {ergonomic}
    uintx NonNMethodCodeHeapSize                   = 5836300                                {pd product} {ergonomic}
    uintx NonProfiledCodeHeapSize                  = 122910970                              {pd product} {ergonomic}
    uintx ProfiledCodeHeapSize                     = 122910970                              {pd product} {ergonomic}
    uintx ReservedCodeCacheSize                    = 251658240                              {pd product} {ergonomic}
     bool SegmentedCodeCache                       = true                                      {product} {ergonomic}
     bool UseCompressedClassPointers               = true                                 {lp64_product} {ergonomic}
     bool UseCompressedOops                        = true                                 {lp64_product} {ergonomic}
     bool UseG1GC                                  = true                                      {product} {ergonomic}
     bool UseLargePagesIndividualAllocation        = false                                  {pd product} {ergonomic}

Logging:
Log output configuration:
 #0: stdout all=warning uptime,level,tags
 #1: stderr all=off uptime,level,tags

Environment Variables:
PATH=C:\Program Files\Eclipse Adoptium\jdk-21.0.1.12-hotspot\bin;"C:\Program Files\Common Files\Oracle\Java\javapath;C:\Program Files\Java\jdk-21\bin";C:\Windows\system32;C:\Windows;C:\Windows\System32\Wbem;C:\Windows\System32\WindowsPowerShell\v1.0\;C:\Windows\System32\OpenSSH\;C:\Program Files (x86)\NVIDIA Corporation\PhysX\Common;C:\Program Files\NVIDIA Corporation\NVIDIA NvDLISR;C:\Program Files\Git\cmd;C:\Program Files\dotnet\;C:\Users\alonh\AppData\Local\Microsoft\WindowsApps;C:\Users\alonh\AppData\Local\JetBrains\Toolbox\scripts;C:\Users\alonh\AppData\Local\Programs\Microsoft VS Code\bin;C:\Users\alonh\AppData\Local\GitHubDesktop\bin
USERNAME=alonh
OS=Windows_NT
PROCESSOR_IDENTIFIER=Intel64 Family 6 Model 154 Stepping 3, GenuineIntel
TMP=C:\Users\alonh\AppData\Local\Temp
TEMP=C:\Users\alonh\AppData\Local\Temp



---------------  S Y S T E M  ---------------

OS: Windows 11 , 64 bit Build 22621 (10.0.22621.2506)
OS uptime: 12 days 17:48 hours
Hyper-V role detected

CPU:total 12 (initial active 12) (6 cores per cpu, 2 threads per core) family 6 model 154 stepping 3 microcode 0x424, cmov, cx8, fxsr, mmx, sse, sse2, sse3, ssse3, sse4.1, sse4.2, popcnt, avx, avx2, aes, clmul, erms, 3dnowpref, lzcnt, ht, tsc, tscinvbit, bmi1, bmi2, adx, sha, fma

Memory: 4k page, system-wide physical 7896M (216M free)
TotalPageFile size 29689M (AvailPageFile size 10568M)
current process WorkingSet (physical memory assigned to process): 426M, peak: 439M
current process commit charge ("private bytes"): 545M, peak: 562M

vm_info: OpenJDK 64-Bit Server VM (11.0.22+7-LTS) for windows-amd64 JRE (11.0.22+7-LTS), built on Jan 10 2024 19:54:00 by "Administrator" with MS VC++ 16.10 / 16.11 (VS2019)

END.
