#
# A fatal error has been detected by the Java Runtime Environment:
#
#  EXCEPTION_ACCESS_VIOLATION (0xc0000005) at pc=0x6ad06c62, pid=30024, tid=20932
#
# JRE version: OpenJDK Runtime Environment Temurin-11.0.21+9 (11.0.21+9) (build 11.0.21+9)
# Java VM: OpenJDK Client VM Temurin-11.0.21+9 (11.0.21+9, mixed mode, serial gc, windows-x86)
# Problematic frame:
# C  [glass.dll+0x16c62]
#
# No core dump will be written. Minidumps are not enabled by default on client versions of Windows
#
# If you would like to submit a bug report, please visit:
#   https://github.com/adoptium/adoptium-support/issues
# The crash happened outside the Java Virtual Machine in native code.
# See problematic frame for where to report the bug.
#

---------------  S U M M A R Y ------------

Command Line: -javaagent:C:\Users\luigu\AppData\Local\Programs\IntelliJ IDEA Ultimate\lib\idea_rt.jar=53610:C:\Users\luigu\AppData\Local\Programs\IntelliJ IDEA Ultimate\bin -Dfile.encoding=UTF-8 --module-path=C:\Users\luigu\.m2\repository\org\openjfx\javafx-base\17.0.6\javafx-base-17.0.6-win-x86.jar;C:\Users\luigu\.m2\repository\org\openjfx\javafx-fxml\17.0.6\javafx-fxml-17.0.6-win-x86.jar;C:\Users\luigu\.m2\repository\org\openjfx\javafx-controls\17.0.6\javafx-controls-17.0.6-win-x86.jar;C:\Users\luigu\.m2\repository\org\controlsfx\controlsfx\11.1.2\controlsfx-11.1.2.jar;C:\Users\luigu\.m2\repository\org\openjfx\javafx-graphics\17.0.6\javafx-graphics-17.0.6-win-x86.jar;C:\Users\luigu\.m2\repository\org\kordamp\bootstrapfx\bootstrapfx-core\0.4.0\bootstrapfx-core-0.4.0.jar;C:\Users\luigu\.m2\repository\com\dlsc\formsfx\formsfx-core\11.6.0\formsfx-core-11.6.0.jar;C:\Users\luigu\.m2\repository\net\synedra\validatorfx\0.4.0\validatorfx-0.4.0.jar;C:\Users\luigu\IdeaProjects\Joyeria_ProyectoMult\target\classes -Djdk.module.main=com.eduard034.joyeria_proyectomult com.eduard034.joyeria_proyectomult/com.eduard034.joyeria_proyectomult.JoyeriaApp

Host: 12th Gen Intel(R) Core(TM) i5-12450H, 12 cores, 7G,  Windows 11 , 64 bit Build 22621 (10.0.22621.3374)
Time: Thu Apr 18 10:15:02 2024 Hora estándar central (México) elapsed time: 149.126056 seconds (0d 0h 2m 29s)

---------------  T H R E A D  ---------------

Current thread (0x15d94800):  JavaThread "JavaFX Application Thread" [_thread_in_native, id=20932, stack(0x19920000,0x19970000)]

Stack: [0x19920000,0x19970000],  sp=0x1996ea4c,  free space=314k
Native frames: (J=compiled Java code, A=aot compiled Java code, j=interpreted, Vv=VM code, C=native code)
C  [glass.dll+0x16c62]

Java frames: (J=compiled Java code, j=interpreted, Vv=VM code)
j  com.sun.glass.ui.win.WinWindow._close(J)Z+0 javafx.graphics
j  com.sun.glass.ui.Window.close()V+63 javafx.graphics
j  com.sun.glass.ui.win.WinWindow.close()V+8 javafx.graphics
j  com.sun.glass.ui.Application.terminate()V+75 javafx.graphics
j  com.sun.javafx.tk.quantum.QuantumToolkit.lambda$exit$13()Ljava/lang/Object;+5 javafx.graphics
j  com.sun.javafx.tk.quantum.QuantumToolkit$$Lambda$667.get()Ljava/lang/Object;+0 javafx.graphics
j  com.sun.javafx.tk.quantum.QuantumToolkit.runWithRenderLock(Ljava/util/function/Supplier;)Ljava/lang/Object;+7 javafx.graphics
j  com.sun.javafx.tk.quantum.QuantumToolkit.exit()V+26 javafx.graphics
j  com.sun.javafx.application.PlatformImpl.lambda$tkExit$16()V+3 javafx.graphics
j  com.sun.javafx.application.PlatformImpl$$Lambda$666.run()V+0 javafx.graphics
j  com.sun.javafx.application.PlatformImpl.lambda$runAndWait$12(Ljava/lang/Runnable;Ljava/util/concurrent/CountDownLatch;)V+1 javafx.graphics
j  com.sun.javafx.application.PlatformImpl$$Lambda$88.run()V+8 javafx.graphics
j  com.sun.javafx.application.PlatformImpl.lambda$runLater$10(Ljava/lang/Runnable;)Ljava/lang/Void;+1 javafx.graphics
j  com.sun.javafx.application.PlatformImpl$$Lambda$90.run()Ljava/lang/Object;+4 javafx.graphics
v  ~StubRoutines::call_stub
J 1405  java.security.AccessController.doPrivileged(Ljava/security/PrivilegedAction;Ljava/security/AccessControlContext;)Ljava/lang/Object; java.base@11.0.21 (0 bytes) @ 0x02bdbbc7 [0x02bdbb60+0x00000067]
j  com.sun.javafx.application.PlatformImpl.lambda$runLater$11(Ljava/lang/Runnable;Ljava/security/AccessControlContext;)V+7 javafx.graphics
j  com.sun.javafx.application.PlatformImpl$$Lambda$89.run()V+8 javafx.graphics
j  com.sun.glass.ui.InvokeLaterDispatcher$Future.run()V+4 javafx.graphics
v  ~StubRoutines::call_stub
j  com.sun.glass.ui.win.WinApplication._runLoop(Ljava/lang/Runnable;)V+0 javafx.graphics
j  com.sun.glass.ui.win.WinApplication.lambda$runLoop$3(ILjava/lang/Runnable;)V+8 javafx.graphics
j  com.sun.glass.ui.win.WinApplication$$Lambda$78.run()V+12 javafx.graphics
j  java.lang.Thread.run()V+11 java.base@11.0.21
v  ~StubRoutines::call_stub

siginfo: EXCEPTION_ACCESS_VIOLATION (0xc0000005), reading address 0x000000b8


Register to memory mapping:

EIP=0x6ad06c62 glass.dll
EAX=0x0 is NULL
EBX=0x1996ec80 is pointing into the stack for thread: 0x15d94800
ECX=0x0 is NULL
EDX=0x0 is NULL
ESP=0x1996ea4c is pointing into the stack for thread: 0x15d94800
EBP=0x1996ea78 is pointing into the stack for thread: 0x15d94800
ESI=0x00000401 is an unknown value
EDI=0x0 is NULL


Registers:
EAX=0x00000000, EBX=0x1996ec80, ECX=0x00000000, EDX=0x00000000
ESP=0x1996ea4c, EBP=0x1996ea78, ESI=0x00000401, EDI=0x00000000
EIP=0x6ad06c62, EFLAGS=0x00010202

Top of Stack: (sp=0x1996ea4c)
0x1996ea4c:   1996ec80 00000401 1996ec80 6acf8df8
0x1996ea5c:   539977e3 15cd5a58 003005a2 00000401
0x1996ea6c:   1996ebac 6ad102b0 ffffffff 00000000
0x1996ea7c:   6acf1755 00000401 1996ec80 00000000
0x1996ea8c:   00000401 003005a2 1996eac4 6acf16f0
0x1996ea9c:   76ab30b3 003005a2 00000401 1996ec80
0x1996eaac:   00000000 003005a2 dcbaabcd 6acf16f0
0x1996eabc:   00000401 003005a2 1996ebbc 76aa3ef6 

Instructions: (pc=0x6ad06c62)
0x6ad06b62:   21 56 e8 47 42 00 00 ff 35 e8 03 d2 6a 8b f0 ff
0x6ad06b72:   77 68 56 e8 96 de fe ff 56 e8 a0 41 00 00 83 c4
0x6ad06b82:   10 5e c7 05 a4 03 d2 6a 00 00 00 00 5f c3 83 ec
0x6ad06b92:   24 a1 ec e0 d1 6a 33 c4 89 44 24 20 8b 44 24 28
0x6ad06ba2:   53 89 44 24 04 8b d9 8b 44 24 30 89 44 24 08 8b
0x6ad06bb2:   44 24 38 55 89 44 24 10 8b 44 24 38 56 89 83 84
0x6ad06bc2:   00 00 00 8b 44 24 0c 89 5c 24 18 bb 00 00 00 80
0x6ad06bd2:   8b eb 8b f3 57 8b fb 85 c0 79 29 8d 44 24 20 50
0x6ad06be2:   e8 29 aa fe ff 83 c4 04 85 c0 8b 44 24 10 74 14
0x6ad06bf2:   8b 74 24 28 8b 5c 24 20 2b f3 8b 7c 24 2c 8b 6c
0x6ad06c02:   24 24 2b fd 6a 00 50 ff 74 24 1c 68 d8 23 d1 6a
0x6ad06c12:   57 56 8b 74 24 34 8b ce 55 53 ff 74 24 38 e8 db
0x6ad06c22:   a7 fe ff 8b f8 8d 4e 14 57 e8 40 64 00 00 57 8d
0x6ad06c32:   4e 14 e8 c7 64 00 00 8b 4c 24 30 8b c7 5f 5e 5d
0x6ad06c42:   5b 33 cc e8 ae 7a 00 00 83 c4 24 c2 10 00 53 8b
0x6ad06c52:   d9 56 57 ff 73 08 e8 93 a9 fe ff 8b f8 83 c4 04
0x6ad06c62:   8b 87 b8 00 00 00 85 c0 75 03 8b 47 04 3b 05 a4
0x6ad06c72:   03 d2 6a 75 29 e8 34 41 00 00 ff 35 e8 03 d2 6a
0x6ad06c82:   8b f0 ff 77 68 56 e8 83 dd fe ff 56 e8 8d 40 00
0x6ad06c92:   00 83 c4 10 c7 05 a4 03 d2 6a 00 00 00 00 8d 4f
0x6ad06ca2:   14 e8 b8 69 00 00 8d 4f 14 e8 e0 69 00 00 ff 73
0x6ad06cb2:   08 ff 15 f8 fe d1 6a 85 c0 5f 0f 95 c0 5e 88 43
0x6ad06cc2:   04 5b c3 cc cc cc cc cc cc cc cc cc cc cc 55 8b
0x6ad06cd2:   ec 6a ff 68 f7 11 d1 6a 64 a1 00 00 00 00 50 83
0x6ad06ce2:   ec 08 53 56 57 a1 ec e0 d1 6a 33 c5 50 8d 45 f4
0x6ad06cf2:   64 a3 00 00 00 00 8b f9 ff 77 18 ff 15 60 ff d1
0x6ad06d02:   6a 85 c0 75 13 0f 57 c0 66 0f 13 45 ec 8b 55 f0
0x6ad06d12:   8b 45 ec e9 a7 00 00 00 68 dc 00 00 00 e8 96 79
0x6ad06d22:   00 00 83 c4 04 89 45 f0 c7 45 fc 00 00 00 00 85
0x6ad06d32:   c0 74 19 ff 77 18 8b c8 6a 01 6a 00 6a 00 6a 00
0x6ad06d42:   ff 77 10 e8 a6 f9 ff ff 8b d8 eb 02 33 db ff 77
0x6ad06d52:   18 8b cb c7 45 fc ff ff ff ff 6a 00 68 00 00 10 


Stack slot to memory mapping:
stack at sp + 0 slots: 0x1996ec80 is pointing into the stack for thread: 0x15d94800
stack at sp + 1 slots: 0x00000401 is an unknown value
stack at sp + 2 slots: 0x1996ec80 is pointing into the stack for thread: 0x15d94800
stack at sp + 3 slots: 0x6acf8df8 glass.dll
stack at sp + 4 slots: 0x539977e3 is an unknown value
stack at sp + 5 slots: 0x15cd5a58 points into unknown readable memory: 0x6ad1319c | 9c 31 d1 6a
stack at sp + 6 slots: 0x003005a2 points into unknown readable memory: 01 00
stack at sp + 7 slots: 0x00000401 is an unknown value


---------------  P R O C E S S  ---------------

Threads class SMR info:
_java_thread_list=0x162fe5c8, length=17, elements={
0x028df400, 0x029b8000, 0x02994c00, 0x029b6400,
0x029b7400, 0x14c5fc00, 0x14c62c00, 0x14c63c00,
0x029bd800, 0x14e21000, 0x155a5800, 0x15d85400,
0x15d94800, 0x15ed4c00, 0x15f13000, 0x16023c00,
0x20eb8800
}

Java Threads: ( => current thread )
  0x028df400 JavaThread "main" [_thread_blocked, id=13872, stack(0x02070000,0x020c0000)]
  0x029b8000 JavaThread "Reference Handler" daemon [_thread_blocked, id=6640, stack(0x14a00000,0x14a50000)]
  0x02994c00 JavaThread "Finalizer" daemon [_thread_blocked, id=4428, stack(0x14a90000,0x14ae0000)]
  0x029b6400 JavaThread "Signal Dispatcher" daemon [_thread_blocked, id=23236, stack(0x14e70000,0x14ec0000)]
  0x029b7400 JavaThread "Attach Listener" daemon [_thread_blocked, id=20148, stack(0x14f00000,0x14f50000)]
  0x14c5fc00 JavaThread "Service Thread" daemon [_thread_blocked, id=7572, stack(0x14f90000,0x14fe0000)]
  0x14c62c00 JavaThread "C1 CompilerThread0" daemon [_thread_blocked, id=12072, stack(0x15020000,0x15070000)]
  0x14c63c00 JavaThread "Sweeper thread" daemon [_thread_blocked, id=2340, stack(0x150b0000,0x15100000)]
  0x029bd800 JavaThread "Common-Cleaner" daemon [_thread_blocked, id=18672, stack(0x15140000,0x15190000)]
  0x14e21000 JavaThread "Monitor Ctrl-Break" daemon [_thread_in_native, id=16332, stack(0x151e0000,0x15230000)]
  0x155a5800 JavaThread "QuantumRenderer-0" daemon [_thread_blocked, id=23292, stack(0x15900000,0x15950000)]
  0x15d85400 JavaThread "InvokeLaterDispatcher" daemon [_thread_blocked, id=22748, stack(0x19790000,0x197e0000)]
=>0x15d94800 JavaThread "JavaFX Application Thread" [_thread_in_native, id=20932, stack(0x19920000,0x19970000)]
  0x15ed4c00 JavaThread "JavaFX-Launcher" [_thread_blocked, id=23824, stack(0x1df50000,0x1dfa0000)]
  0x15f13000 JavaThread "Thread-2" daemon [_thread_in_native, id=14504, stack(0x1dec0000,0x1df10000)]
  0x16023c00 JavaThread "Prism Font Disposer" daemon [_thread_blocked, id=26440, stack(0x1f570000,0x1f5c0000)]
  0x20eb8800 JavaThread "Cleaner-0" daemon [_thread_blocked, id=8236, stack(0x22840000,0x22890000)]

Other Threads:
  0x02992400 VMThread "VM Thread" [stack: 0x02850000,0x028a0000] [id=25568]
  0x14e22400 WatcherThread [stack: 0x15270000,0x152c0000] [id=26500]

Threads with active compile tasks:

VM state:not at safepoint (normal execution)

VM Mutex/Monitor currently owned by a thread: None

Heap:
 def new generation   total 14144K, used 10996K [0x04a00000, 0x05950000, 0x09f50000)
  eden space 12608K,  75% used [0x04a00000, 0x0533d348, 0x05650000)
  from space 1536K, 100% used [0x057d0000, 0x05950000, 0x05950000)
  to   space 1536K,   0% used [0x05650000, 0x05650000, 0x057d0000)
 tenured generation   total 31304K, used 19282K [0x09f50000, 0x0bde2000, 0x14a00000)
   the space 31304K,  61% used [0x09f50000, 0x0b224918, 0x0b224a00, 0x0bde2000)
 Metaspace       used 16038K, capacity 16396K, committed 16768K, reserved 16768K

Card table byte_map: [0x022c0000,0x02350000] _byte_map_base: 0x0229b000

Polling page: 0x00720000

Metaspace:

Usage:
   16.01 MB capacity,    15.66 MB ( 98%) used,   241.92 KB (  1%) free+waste,   115.51 KB ( <1%) overhead. 

Virtual space:
     16.38 MB reserved,      16.38 MB (100%) committed 

Chunk freelists:
288.00 KB

MaxMetaspaceSize: 4.00 GB
No class space
Initial GC threshold: 12.00 MB
Current GC threshold: 27.29 MB
CDS: off

CodeCache: size=32768Kb used=3175Kb max_used=3175Kb free=29592Kb
 bounds [0x029c0000, 0x02ce0000, 0x049c0000]
 total_blobs=2724 nmethods=2284 adapters=371
 compilation: enabled
              stopped_count=0, restarted_count=0
 full_count=0

Compilation events (20 events):
Event: 148.856 Thread 0x14c62c00 2273             com.sun.javafx.css.CascadingStyle::getParsedValue (11 bytes)
Event: 148.856 Thread 0x14c62c00 nmethod 2273 0x02cd5b88 code [0x02cd5c90, 0x02cd5d20]
Event: 148.856 Thread 0x14c62c00 2274             javafx.css.Declaration::getParsedValue (5 bytes)
Event: 148.856 Thread 0x14c62c00 nmethod 2274 0x02cd5dc8 code [0x02cd5ed0, 0x02cd5f50]
Event: 148.856 Thread 0x14c62c00 2275             java.lang.invoke.VarHandleGuards::guard_LLL_Z (70 bytes)
Event: 148.857 Thread 0x14c62c00 nmethod 2275 0x02cd60c8 code [0x02cd6260, 0x02cd6664]
Event: 148.857 Thread 0x14c62c00 2276             java.lang.invoke.VarHandleObjects$FieldInstanceReadWrite::compareAndSet (38 bytes)
Event: 148.857 Thread 0x14c62c00 nmethod 2276 0x02cd6ac8 code [0x02cd6c40, 0x02cd6fc4]
Event: 148.929 Thread 0x14c62c00 2278             jdk.internal.org.objectweb.asm.MethodWriter::visitAnnotation (82 bytes)
Event: 148.929 Thread 0x14c62c00 nmethod 2278 0x02cd74c8 code [0x02cd7610, 0x02cd7910]
Event: 148.973 Thread 0x14c62c00 2280             sun.nio.cs.UTF_8$Encoder::encodeArrayLoop (489 bytes)
Event: 148.974 Thread 0x14c62c00 nmethod 2280 0x02cd7ac8 code [0x02cd7e50, 0x02cd8c04]
Event: 148.974 Thread 0x14c62c00 2281             jdk.internal.misc.VM::initLevel (4 bytes)
Event: 148.974 Thread 0x14c62c00 nmethod 2281 0x02cd97c8 code [0x02cd98d0, 0x02cd9950]
Event: 148.974 Thread 0x14c62c00 2282             jdk.internal.misc.VM::isModuleSystemInited (13 bytes)
Event: 148.974 Thread 0x14c62c00 nmethod 2282 0x02cd9988 code [0x02cd9a90, 0x02cd9b20]
Event: 149.005 Thread 0x14c62c00 2283             java.nio.charset.CoderResult::isUnderflow (13 bytes)
Event: 149.005 Thread 0x14c62c00 nmethod 2283 0x02cd9b88 code [0x02cd9c90, 0x02cd9d20]
Event: 149.032 Thread 0x14c62c00 2284             java.nio.Buffer::limit (5 bytes)
Event: 149.032 Thread 0x14c62c00 nmethod 2284 0x02cd9d88 code [0x02cd9e90, 0x02cd9f10]

GC Heap History (20 events):
Event: 0.628 GC heap before
{Heap before GC invocations=7 (full 0):
 def new generation   total 4928K, used 4927K [0x04a00000, 0x04f50000, 0x09f50000)
  eden space 4416K,  99% used [0x04a00000, 0x04e4ffd0, 0x04e50000)
  from space 512K, 100% used [0x04ed0000, 0x04f50000, 0x04f50000)
  to   space 512K,   0% used [0x04e50000, 0x04e50000, 0x04ed0000)
 tenured generation   total 10944K, used 3919K [0x09f50000, 0x0aa00000, 0x14a00000)
   the space 10944K,  35% used [0x09f50000, 0x0a323f10, 0x0a324000, 0x0aa00000)
 Metaspace       used 11343K, capacity 11510K, committed 11520K, reserved 11648K
}
Event: 0.630 GC heap after
{Heap after GC invocations=8 (full 0):
 def new generation   total 4928K, used 511K [0x04a00000, 0x04f50000, 0x09f50000)
  eden space 4416K,   0% used [0x04a00000, 0x04a00000, 0x04e50000)
  from space 512K,  99% used [0x04e50000, 0x04ecfd78, 0x04ed0000)
  to   space 512K,   0% used [0x04ed0000, 0x04ed0000, 0x04f50000)
 tenured generation   total 10944K, used 4425K [0x09f50000, 0x0aa00000, 0x14a00000)
   the space 10944K,  40% used [0x09f50000, 0x0a3a2540, 0x0a3a2600, 0x0aa00000)
 Metaspace       used 11343K, capacity 11510K, committed 11520K, reserved 11648K
}
Event: 0.696 GC heap before
{Heap before GC invocations=8 (full 0):
 def new generation   total 4928K, used 4919K [0x04a00000, 0x04f50000, 0x09f50000)
  eden space 4416K,  99% used [0x04a00000, 0x04e4e0a0, 0x04e50000)
  from space 512K,  99% used [0x04e50000, 0x04ecfd78, 0x04ed0000)
  to   space 512K,   0% used [0x04ed0000, 0x04ed0000, 0x04f50000)
 tenured generation   total 10944K, used 10655K [0x09f50000, 0x0aa00000, 0x14a00000)
   the space 10944K,  97% used [0x09f50000, 0x0a9b7f38, 0x0a9b8000, 0x0aa00000)
 Metaspace       used 11800K, capacity 11976K, committed 12032K, reserved 12672K
}
Event: 0.706 GC heap after
{Heap after GC invocations=9 (full 1):
 def new generation   total 8768K, used 506K [0x04a00000, 0x05380000, 0x09f50000)
  eden space 7808K,   6% used [0x04a00000, 0x04a7ead8, 0x051a0000)
  from space 960K,   0% used [0x051a0000, 0x051a0000, 0x05290000)
  to   space 960K,   0% used [0x05290000, 0x05290000, 0x05380000)
 tenured generation   total 19308K, used 11583K [0x09f50000, 0x0b22b000, 0x14a00000)
   the space 19308K,  59% used [0x09f50000, 0x0aa9ffb8, 0x0aaa0000, 0x0b22b000)
 Metaspace       used 11800K, capacity 11976K, committed 12032K, reserved 12672K
}
Event: 0.812 GC heap before
{Heap before GC invocations=9 (full 1):
 def new generation   total 8768K, used 7808K [0x04a00000, 0x05380000, 0x09f50000)
  eden space 7808K, 100% used [0x04a00000, 0x051a0000, 0x051a0000)
  from space 960K,   0% used [0x051a0000, 0x051a0000, 0x05290000)
  to   space 960K,   0% used [0x05290000, 0x05290000, 0x05380000)
 tenured generation   total 19308K, used 11583K [0x09f50000, 0x0b22b000, 0x14a00000)
   the space 19308K,  59% used [0x09f50000, 0x0aa9ffb8, 0x0aaa0000, 0x0b22b000)
 Metaspace       used 12717K, capacity 12899K, committed 12928K, reserved 13696K
}
Event: 0.817 GC heap after
{Heap after GC invocations=10 (full 1):
 def new generation   total 8768K, used 960K [0x04a00000, 0x05380000, 0x09f50000)
  eden space 7808K,   0% used [0x04a00000, 0x04a00000, 0x051a0000)
  from space 960K, 100% used [0x05290000, 0x05380000, 0x05380000)
  to   space 960K,   0% used [0x051a0000, 0x051a0000, 0x05290000)
 tenured generation   total 19308K, used 11944K [0x09f50000, 0x0b22b000, 0x14a00000)
   the space 19308K,  61% used [0x09f50000, 0x0aafa1a8, 0x0aafa200, 0x0b22b000)
 Metaspace       used 12717K, capacity 12899K, committed 12928K, reserved 13696K
}
Event: 0.891 GC heap before
{Heap before GC invocations=10 (full 1):
 def new generation   total 8768K, used 8720K [0x04a00000, 0x05380000, 0x09f50000)
  eden space 7808K,  99% used [0x04a00000, 0x051941b8, 0x051a0000)
  from space 960K, 100% used [0x05290000, 0x05380000, 0x05380000)
  to   space 960K,   0% used [0x051a0000, 0x051a0000, 0x05290000)
 tenured generation   total 19308K, used 11944K [0x09f50000, 0x0b22b000, 0x14a00000)
   the space 19308K,  61% used [0x09f50000, 0x0aafa1a8, 0x0aafa200, 0x0b22b000)
 Metaspace       used 13959K, capacity 14253K, committed 14336K, reserved 14720K
}
Event: 0.894 GC heap after
{Heap after GC invocations=11 (full 1):
 def new generation   total 8768K, used 598K [0x04a00000, 0x05380000, 0x09f50000)
  eden space 7808K,   0% used [0x04a00000, 0x04a00000, 0x051a0000)
  from space 960K,  62% used [0x051a0000, 0x052358d8, 0x05290000)
  to   space 960K,   0% used [0x05290000, 0x05290000, 0x05380000)
 tenured generation   total 19308K, used 12897K [0x09f50000, 0x0b22b000, 0x14a00000)
   the space 19308K,  66% used [0x09f50000, 0x0abe84b0, 0x0abe8600, 0x0b22b000)
 Metaspace       used 13959K, capacity 14253K, committed 14336K, reserved 14720K
}
Event: 2.373 GC heap before
{Heap before GC invocations=11 (full 1):
 def new generation   total 8768K, used 8406K [0x04a00000, 0x05380000, 0x09f50000)
  eden space 7808K, 100% used [0x04a00000, 0x051a0000, 0x051a0000)
  from space 960K,  62% used [0x051a0000, 0x052358d8, 0x05290000)
  to   space 960K,   0% used [0x05290000, 0x05290000, 0x05380000)
 tenured generation   total 19308K, used 12897K [0x09f50000, 0x0b22b000, 0x14a00000)
   the space 19308K,  66% used [0x09f50000, 0x0abe84b0, 0x0abe8600, 0x0b22b000)
 Metaspace       used 14734K, capacity 15049K, committed 15104K, reserved 15744K
}
Event: 2.376 GC heap after
{Heap after GC invocations=12 (full 1):
 def new generation   total 8768K, used 960K [0x04a00000, 0x05380000, 0x09f50000)
  eden space 7808K,   0% used [0x04a00000, 0x04a00000, 0x051a0000)
  from space 960K, 100% used [0x05290000, 0x05380000, 0x05380000)
  to   space 960K,   0% used [0x051a0000, 0x051a0000, 0x05290000)
 tenured generation   total 19308K, used 14560K [0x09f50000, 0x0b22b000, 0x14a00000)
   the space 19308K,  75% used [0x09f50000, 0x0ad88178, 0x0ad88200, 0x0b22b000)
 Metaspace       used 14734K, capacity 15049K, committed 15104K, reserved 15744K
}
Event: 3.498 GC heap before
{Heap before GC invocations=12 (full 1):
 def new generation   total 8768K, used 8768K [0x04a00000, 0x05380000, 0x09f50000)
  eden space 7808K, 100% used [0x04a00000, 0x051a0000, 0x051a0000)
  from space 960K, 100% used [0x05290000, 0x05380000, 0x05380000)
  to   space 960K,   0% used [0x051a0000, 0x051a0000, 0x05290000)
 tenured generation   total 19308K, used 14560K [0x09f50000, 0x0b22b000, 0x14a00000)
   the space 19308K,  75% used [0x09f50000, 0x0ad88178, 0x0ad88200, 0x0b22b000)
 Metaspace       used 15839K, capacity 16246K, committed 16256K, reserved 16768K
}
Event: 3.501 GC heap after
{Heap after GC invocations=13 (full 1):
 def new generation   total 8768K, used 665K [0x04a00000, 0x05380000, 0x09f50000)
  eden space 7808K,   0% used [0x04a00000, 0x04a00000, 0x051a0000)
  from space 960K,  69% used [0x051a0000, 0x052464c8, 0x05290000)
  to   space 960K,   0% used [0x05290000, 0x05290000, 0x05380000)
 tenured generation   total 19308K, used 15512K [0x09f50000, 0x0b22b000, 0x14a00000)
   the space 19308K,  80% used [0x09f50000, 0x0ae761b8, 0x0ae76200, 0x0b22b000)
 Metaspace       used 15839K, capacity 16246K, committed 16256K, reserved 16768K
}
Event: 12.530 GC heap before
{Heap before GC invocations=13 (full 1):
 def new generation   total 8768K, used 8473K [0x04a00000, 0x05380000, 0x09f50000)
  eden space 7808K, 100% used [0x04a00000, 0x051a0000, 0x051a0000)
  from space 960K,  69% used [0x051a0000, 0x052464c8, 0x05290000)
  to   space 960K,   0% used [0x05290000, 0x05290000, 0x05380000)
 tenured generation   total 19308K, used 15512K [0x09f50000, 0x0b22b000, 0x14a00000)
   the space 19308K,  80% used [0x09f50000, 0x0ae761b8, 0x0ae76200, 0x0b22b000)
 Metaspace       used 16195K, capacity 16607K, committed 16640K, reserved 16768K
}
Event: 12.533 GC heap after
{Heap after GC invocations=14 (full 1):
 def new generation   total 8768K, used 727K [0x04a00000, 0x05380000, 0x09f50000)
  eden space 7808K,   0% used [0x04a00000, 0x04a00000, 0x051a0000)
  from space 960K,  75% used [0x05290000, 0x05345f08, 0x05380000)
  to   space 960K,   0% used [0x051a0000, 0x051a0000, 0x05290000)
 tenured generation   total 19308K, used 16159K [0x09f50000, 0x0b22b000, 0x14a00000)
   the space 19308K,  83% used [0x09f50000, 0x0af17ce0, 0x0af17e00, 0x0b22b000)
 Metaspace       used 16195K, capacity 16607K, committed 16640K, reserved 16768K
}
Event: 85.091 GC heap before
{Heap before GC invocations=14 (full 1):
 def new generation   total 8768K, used 8535K [0x04a00000, 0x05380000, 0x09f50000)
  eden space 7808K, 100% used [0x04a00000, 0x051a0000, 0x051a0000)
  from space 960K,  75% used [0x05290000, 0x05345f08, 0x05380000)
  to   space 960K,   0% used [0x051a0000, 0x051a0000, 0x05290000)
 tenured generation   total 19308K, used 16159K [0x09f50000, 0x0b22b000, 0x14a00000)
   the space 19308K,  83% used [0x09f50000, 0x0af17ce0, 0x0af17e00, 0x0b22b000)
 Metaspace       used 16247K, capacity 16667K, committed 16768K, reserved 16768K
}
Event: 85.096 GC heap after
{Heap after GC invocations=15 (full 1):
 def new generation   total 8768K, used 960K [0x04a00000, 0x05380000, 0x09f50000)
  eden space 7808K,   0% used [0x04a00000, 0x04a00000, 0x051a0000)
  from space 960K, 100% used [0x051a0000, 0x05290000, 0x05290000)
  to   space 960K,   0% used [0x05290000, 0x05290000, 0x05380000)
 tenured generation   total 19308K, used 17556K [0x09f50000, 0x0b22b000, 0x14a00000)
   the space 19308K,  90% used [0x09f50000, 0x0b0753f0, 0x0b075400, 0x0b22b000)
 Metaspace       used 16247K, capacity 16667K, committed 16768K, reserved 16768K
}
Event: 141.671 GC heap before
{Heap before GC invocations=15 (full 1):
 def new generation   total 8768K, used 8768K [0x04a00000, 0x05380000, 0x09f50000)
  eden space 7808K, 100% used [0x04a00000, 0x051a0000, 0x051a0000)
  from space 960K, 100% used [0x051a0000, 0x05290000, 0x05290000)
  to   space 960K,   0% used [0x05290000, 0x05290000, 0x05380000)
 tenured generation   total 19308K, used 17556K [0x09f50000, 0x0b22b000, 0x14a00000)
   the space 19308K,  90% used [0x09f50000, 0x0b0753f0, 0x0b075400, 0x0b22b000)
 Metaspace       used 16266K, capacity 16683K, committed 16768K, reserved 16768K
}
Event: 141.693 GC heap after
{Heap after GC invocations=16 (full 2):
 def new generation   total 14144K, used 0K [0x04a00000, 0x05950000, 0x09f50000)
  eden space 12608K,   0% used [0x04a00000, 0x04a00000, 0x05650000)
  from space 1536K,   0% used [0x05650000, 0x05650000, 0x057d0000)
  to   space 1536K,   0% used [0x057d0000, 0x057d0000, 0x05950000)
 tenured generation   total 31304K, used 18781K [0x09f50000, 0x0bde2000, 0x14a00000)
   the space 31304K,  59% used [0x09f50000, 0x0b1a76d8, 0x0b1a7800, 0x0bde2000)
 Metaspace       used 15997K, capacity 16354K, committed 16768K, reserved 16768K
}
Event: 148.008 GC heap before
{Heap before GC invocations=16 (full 2):
 def new generation   total 14144K, used 9250K [0x04a00000, 0x05950000, 0x09f50000)
  eden space 12608K,  73% used [0x04a00000, 0x05308ab8, 0x05650000)
  from space 1536K,   0% used [0x05650000, 0x05650000, 0x057d0000)
  to   space 1536K,   0% used [0x057d0000, 0x057d0000, 0x05950000)
 tenured generation   total 31304K, used 18781K [0x09f50000, 0x0bde2000, 0x14a00000)
   the space 31304K,  59% used [0x09f50000, 0x0b1a76d8, 0x0b1a7800, 0x0bde2000)
 Metaspace       used 16010K, capacity 16369K, committed 16768K, reserved 16768K
}
Event: 148.011 GC heap after
{Heap after GC invocations=17 (full 2):
 def new generation   total 14144K, used 1536K [0x04a00000, 0x05950000, 0x09f50000)
  eden space 12608K,   0% used [0x04a00000, 0x04a00000, 0x05650000)
  from space 1536K, 100% used [0x057d0000, 0x05950000, 0x05950000)
  to   space 1536K,   0% used [0x05650000, 0x05650000, 0x057d0000)
 tenured generation   total 31304K, used 19282K [0x09f50000, 0x0bde2000, 0x14a00000)
   the space 31304K,  61% used [0x09f50000, 0x0b224918, 0x0b224a00, 0x0bde2000)
 Metaspace       used 16010K, capacity 16369K, committed 16768K, reserved 16768K
}

Deoptimization events (16 events):
Event: 0.790 Thread 0x15d94800 DEOPT PACKING pc=0x02aeea4f sp=0x1996e330
Event: 0.790 Thread 0x15d94800 DEOPT UNPACKING pc=0x029fc187 sp=0x1996e250 mode 3
Event: 0.793 Thread 0x15d94800 DEOPT PACKING pc=0x02b1e971 sp=0x1996e4b0
Event: 0.793 Thread 0x15d94800 DEOPT UNPACKING pc=0x029fc187 sp=0x1996e3d4 mode 3
Event: 0.886 Thread 0x15d94800 DEOPT PACKING pc=0x02b61dcc sp=0x1996e4a0
Event: 0.886 Thread 0x15d94800 DEOPT UNPACKING pc=0x029fc187 sp=0x1996e350 mode 3
Event: 5.625 Thread 0x155a5800 DEOPT PACKING pc=0x02c1607d sp=0x1594ec40
Event: 5.625 Thread 0x155a5800 DEOPT UNPACKING pc=0x029fc187 sp=0x1594eb6c mode 3
Event: 140.783 Thread 0x15d94800 DEOPT PACKING pc=0x02c670f9 sp=0x19967f90
Event: 140.783 Thread 0x15d94800 DEOPT UNPACKING pc=0x029fc187 sp=0x19967e34 mode 3
Event: 148.032 Thread 0x15d94800 DEOPT PACKING pc=0x02cd1bcd sp=0x19963540
Event: 148.032 Thread 0x15d94800 DEOPT UNPACKING pc=0x029fc187 sp=0x199633e8 mode 3
Event: 148.930 Thread 0x15d94800 DEOPT PACKING pc=0x02b91de4 sp=0x1996cf30
Event: 148.930 Thread 0x15d94800 DEOPT UNPACKING pc=0x029fc187 sp=0x1996cdcc mode 0
Event: 148.930 Thread 0x15d94800 DEOPT PACKING pc=0x02b91de4 sp=0x1996e8d0
Event: 148.930 Thread 0x15d94800 DEOPT UNPACKING pc=0x029fc187 sp=0x1996e76c mode 0

Classes redefined (0 events):
No events

Internal exceptions (20 events):
Event: 0.922 Thread 0x15d94800 Exception <a 'java/lang/NoSuchMethodError'{0x04b50998}: 'java.lang.Object java.lang.invoke.DirectMethodHandle$Holder.invokeStatic(java.lang.Object, java.lang.Object, long)'> (0x04b50998) thrown at [s\src\hotspot\share\interpreter\linkResolver.cpp, line 773]
Event: 0.923 Thread 0x15d94800 Exception <a 'java/lang/NoSuchMethodError'{0x04b563e8}: 'java.lang.Object java.lang.invoke.Invokers$Holder.linkToTargetMethod(java.lang.Object, long, java.lang.Object)'> (0x04b563e8) thrown at [s\src\hotspot\share\interpreter\linkResolver.cpp, line 773]
Event: 2.262 Thread 0x15d94800 Exception <a 'java/lang/NoSuchMethodError'{0x050403b0}: 'java.lang.Object java.lang.invoke.DirectMethodHandle$Holder.invokeStatic(java.lang.Object, java.lang.Object, int, int, int, int, int, java.lang.Object)'> (0x050403b0) thrown at [s\src\hotspot\share\interpreter\linkResolver.cpp, line 773]
Event: 2.262 Thread 0x15d94800 Exception <a 'java/lang/NoSuchMethodError'{0x0504fb78}: 'java.lang.Object java.lang.invoke.DirectMethodHandle$Holder.invokeStatic(java.lang.Object, java.lang.Object, java.lang.Object, int, int, int, int, int)'> (0x0504fb78) thrown at [s\src\hotspot\share\interpreter\linkResolver.cpp, line 773]
Event: 2.262 Thread 0x15d94800 Exception <a 'java/lang/NoSuchMethodError'{0x05055c68}: 'java.lang.Object java.lang.invoke.Invokers$Holder.linkToTargetMethod(java.lang.Object, java.lang.Object, int, int, int, int, int, java.lang.Object)'> (0x05055c68) thrown at [s\src\hotspot\share\interpreter\linkResolver.cpp, line 773]
Event: 2.347 Thread 0x15d94800 Exception <a 'java/io/FileNotFoundException'{0x050cd218}> (0x050cd218) thrown at [s\src\hotspot\share\prims\jni.cpp, line 617]
Event: 2.353 Thread 0x15d94800 Exception <a 'java/io/FileNotFoundException'{0x0511db20}> (0x0511db20) thrown at [s\src\hotspot\share\prims\jni.cpp, line 617]
Event: 12.571 Thread 0x155a5800 Exception <a 'java/lang/NoSuchMethodError'{0x04fc9968}: 'java.lang.Object java.lang.invoke.DirectMethodHandle$Holder.invokeStaticInit(java.lang.Object, int)'> (0x04fc9968) thrown at [s\src\hotspot\share\interpreter\linkResolver.cpp, line 773]
Event: 140.783 Thread 0x15d94800 Implicit null exception at 0x02c66e7f to 0x02c670f4
Event: 147.522 Thread 0x15d94800 Exception <a 'sun/nio/fs/WindowsException'{0x0520e838}> (0x0520e838) thrown at [s\src\hotspot\share\prims\jni.cpp, line 617]
Event: 148.028 Thread 0x15d94800 Exception <a 'java/lang/ClassNotFoundException'{0x05043be0}: com/sun/javafx/scene/control/skin/resources/controls> (0x05043be0) thrown at [s\src\hotspot\share\prims\jni.cpp, line 638]
Event: 148.029 Thread 0x15d94800 Exception <a 'java/lang/ClassNotFoundException'{0x05052e68}: com/sun/javafx/scene/control/skin/resources/controls_es> (0x05052e68) thrown at [s\src\hotspot\share\prims\jni.cpp, line 638]
Event: 148.032 Thread 0x15d94800 Implicit null exception at 0x02cd19f3 to 0x02cd1bc8
Event: 148.972 Thread 0x15d94800 Exception <a 'java/lang/IllegalArgumentException'{0x0528eab0}> (0x0528eab0) thrown at [s\src\hotspot\share\prims\jvm.cpp, line 1310]
Event: 149.004 Thread 0x15d94800 Exception <a 'java/lang/IllegalArgumentException'{0x052d6000}> (0x052d6000) thrown at [s\src\hotspot\share\prims\jvm.cpp, line 1310]
Event: 149.017 Thread 0x15d94800 Exception <a 'java/lang/IllegalArgumentException'{0x052e19d0}> (0x052e19d0) thrown at [s\src\hotspot\share\prims\jvm.cpp, line 1310]
Event: 149.032 Thread 0x15d94800 Exception <a 'java/lang/IllegalArgumentException'{0x052ed398}> (0x052ed398) thrown at [s\src\hotspot\share\prims\jvm.cpp, line 1310]
Event: 149.051 Thread 0x15d94800 Exception <a 'java/lang/IllegalArgumentException'{0x052f8d60}> (0x052f8d60) thrown at [s\src\hotspot\share\prims\jvm.cpp, line 1310]
Event: 149.083 Thread 0x15d94800 Exception <a 'java/lang/IllegalArgumentException'{0x05304720}> (0x05304720) thrown at [s\src\hotspot\share\prims\jvm.cpp, line 1310]
Event: 149.101 Thread 0x15d94800 Exception <a 'java/lang/IllegalArgumentException'{0x053100e8}> (0x053100e8) thrown at [s\src\hotspot\share\prims\jvm.cpp, line 1310]

Events (20 events):
Event: 141.693 Executing VM operation: GenCollectForAllocation done
Event: 141.710 Executing VM operation: RevokeBias
Event: 141.711 Executing VM operation: RevokeBias done
Event: 147.277 Loaded shared library C:\Users\luigu\.openjfx\cache\17.0.6\prism_d3d.dll
Event: 147.551 Loaded shared library C:\Users\luigu\.openjfx\cache\17.0.6\prism_d3d.dll
Event: 147.552 Executing VM operation: RevokeBias
Event: 147.552 Executing VM operation: RevokeBias done
Event: 147.567 Loaded shared library C:\Users\luigu\.openjfx\cache\17.0.6\prism_d3d.dll
Event: 148.008 Executing VM operation: GenCollectForAllocation
Event: 148.011 Executing VM operation: GenCollectForAllocation done
Event: 148.052 Executing VM operation: RevokeBias
Event: 148.052 Executing VM operation: RevokeBias done
Event: 148.928 loading class javafx/application/Application
Event: 148.928 loading class javafx/application/Application done
Event: 148.929 loading class javafx/application/Application
Event: 148.929 loading class javafx/application/Application done
Event: 148.973 loading class java/lang/Throwable$WrappedPrintStream
Event: 148.973 loading class java/lang/Throwable$PrintStreamOrWriter
Event: 148.973 loading class java/lang/Throwable$PrintStreamOrWriter done
Event: 148.973 loading class java/lang/Throwable$WrappedPrintStream done


Dynamic libraries:
0x002b0000 - 0x002bc000 	C:\Program Files (x86)\Eclipse Adoptium\jdk-11.0.21.9-hotspot\bin\java.exe
0x76f20000 - 0x770d1000 	C:\WINDOWS\SYSTEM32\ntdll.dll
0x75520000 - 0x75610000 	C:\WINDOWS\System32\KERNEL32.DLL
0x767d0000 - 0x76a45000 	C:\WINDOWS\System32\KERNELBASE.dll
0x73ee0000 - 0x73f86000 	C:\WINDOWS\SYSTEM32\apphelp.dll
0x756d0000 - 0x757e2000 	C:\WINDOWS\System32\ucrtbase.dll
0x6e280000 - 0x6e293000 	C:\Program Files (x86)\Eclipse Adoptium\jdk-11.0.21.9-hotspot\bin\VCRUNTIME140.dll
0x6e2a0000 - 0x6e2b5000 	C:\Program Files (x86)\Eclipse Adoptium\jdk-11.0.21.9-hotspot\bin\jli.dll
0x76a80000 - 0x76c29000 	C:\WINDOWS\System32\USER32.dll
0x74d10000 - 0x74d2a000 	C:\WINDOWS\System32\win32u.dll
0x6db90000 - 0x6ddb8000 	C:\WINDOWS\WinSxS\x86_microsoft.windows.common-controls_6595b64144ccf1df_6.0.22621.3235_none_6ebcabb88802389e\COMCTL32.dll
0x76a50000 - 0x76a73000 	C:\WINDOWS\System32\GDI32.dll
0x74da0000 - 0x74e64000 	C:\WINDOWS\System32\msvcrt.dll
0x75b80000 - 0x75c62000 	C:\WINDOWS\System32\gdi32full.dll
0x75c70000 - 0x75ce9000 	C:\WINDOWS\System32\msvcp_win.dll
0x74ce0000 - 0x74d05000 	C:\WINDOWS\System32\IMM32.DLL
0x6cfd0000 - 0x6d03f000 	C:\Program Files (x86)\Eclipse Adoptium\jdk-11.0.21.9-hotspot\bin\msvcp140.dll
0x6b270000 - 0x6b74b000 	C:\Program Files (x86)\Eclipse Adoptium\jdk-11.0.21.9-hotspot\bin\client\jvm.dll
0x76da0000 - 0x76e1f000 	C:\WINDOWS\System32\ADVAPI32.dll
0x76c50000 - 0x76cd5000 	C:\WINDOWS\System32\sechost.dll
0x76d80000 - 0x76d9a000 	C:\WINDOWS\System32\bcrypt.dll
0x75610000 - 0x756ca000 	C:\WINDOWS\System32\RPCRT4.dll
0x74d90000 - 0x74d96000 	C:\WINDOWS\System32\PSAPI.DLL
0x72770000 - 0x727a1000 	C:\WINDOWS\SYSTEM32\WINMM.dll
0x70070000 - 0x70078000 	C:\WINDOWS\SYSTEM32\WSOCK32.dll
0x74a60000 - 0x74a68000 	C:\WINDOWS\SYSTEM32\VERSION.dll
0x75050000 - 0x750af000 	C:\WINDOWS\System32\WS2_32.dll
0x74a70000 - 0x74a83000 	C:\WINDOWS\SYSTEM32\kernel.appcore.dll
0x6e900000 - 0x6e90d000 	C:\Program Files (x86)\Eclipse Adoptium\jdk-11.0.21.9-hotspot\bin\verify.dll
0x6bfb0000 - 0x6c186000 	C:\WINDOWS\SYSTEM32\DBGHELP.DLL
0x757f0000 - 0x75a6c000 	C:\WINDOWS\System32\combase.dll
0x76ce0000 - 0x76d7c000 	C:\WINDOWS\System32\OLEAUT32.dll
0x6cfa0000 - 0x6cfc9000 	C:\WINDOWS\SYSTEM32\dbgcore.DLL
0x753b0000 - 0x75412000 	C:\WINDOWS\System32\bcryptPrimitives.dll
0x6cf70000 - 0x6cf92000 	C:\Program Files (x86)\Eclipse Adoptium\jdk-11.0.21.9-hotspot\bin\java.dll
0x6e270000 - 0x6e279000 	C:\Program Files (x86)\Eclipse Adoptium\jdk-11.0.21.9-hotspot\bin\jimage.dll
0x6cf10000 - 0x6cf1d000 	C:\Program Files (x86)\Eclipse Adoptium\jdk-11.0.21.9-hotspot\bin\instrument.dll
0x6df30000 - 0x6df46000 	C:\Program Files (x86)\Eclipse Adoptium\jdk-11.0.21.9-hotspot\bin\zip.dll
0x75cf0000 - 0x76389000 	C:\WINDOWS\System32\SHELL32.dll
0x71e70000 - 0x7255f000 	C:\WINDOWS\SYSTEM32\windows.storage.dll
0x716c0000 - 0x71787000 	C:\WINDOWS\SYSTEM32\wintypes.dll
0x75170000 - 0x75231000 	C:\WINDOWS\System32\SHCORE.dll
0x74d40000 - 0x74d8b000 	C:\WINDOWS\System32\shlwapi.dll
0x70050000 - 0x70069000 	C:\WINDOWS\SYSTEM32\profapi.dll
0x6de10000 - 0x6de24000 	C:\Program Files (x86)\Eclipse Adoptium\jdk-11.0.21.9-hotspot\bin\net.dll
0x73c80000 - 0x73d5c000 	C:\WINDOWS\SYSTEM32\WINHTTP.dll
0x6fae0000 - 0x6fb31000 	C:\WINDOWS\system32\mswsock.dll
0x6e260000 - 0x6e26f000 	C:\Program Files (x86)\Eclipse Adoptium\jdk-11.0.21.9-hotspot\bin\nio.dll
0x6cef0000 - 0x6cf06000 	C:\Users\luigu\AppData\Local\Programs\IntelliJ IDEA Ultimate\bin\breakgen.dll
0x6c640000 - 0x6c643000 	C:\Users\luigu\.openjfx\cache\17.0.6\api-ms-win-core-console-l1-1-0.dll
0x6c630000 - 0x6c633000 	C:\Users\luigu\.openjfx\cache\17.0.6\api-ms-win-core-console-l1-2-0.dll
0x6c620000 - 0x6c623000 	C:\Users\luigu\.openjfx\cache\17.0.6\api-ms-win-core-datetime-l1-1-0.dll
0x6c610000 - 0x6c613000 	C:\Users\luigu\.openjfx\cache\17.0.6\api-ms-win-core-debug-l1-1-0.dll
0x6c600000 - 0x6c603000 	C:\Users\luigu\.openjfx\cache\17.0.6\api-ms-win-core-errorhandling-l1-1-0.dll
0x6c5f0000 - 0x6c5f4000 	C:\Users\luigu\.openjfx\cache\17.0.6\api-ms-win-core-file-l1-1-0.dll
0x6c5e0000 - 0x6c5e3000 	C:\Users\luigu\.openjfx\cache\17.0.6\api-ms-win-core-file-l1-2-0.dll
0x6be50000 - 0x6be53000 	C:\Users\luigu\.openjfx\cache\17.0.6\api-ms-win-core-file-l2-1-0.dll
0x6be40000 - 0x6be43000 	C:\Users\luigu\.openjfx\cache\17.0.6\api-ms-win-core-handle-l1-1-0.dll
0x6be30000 - 0x6be33000 	C:\Users\luigu\.openjfx\cache\17.0.6\api-ms-win-core-heap-l1-1-0.dll
0x6be20000 - 0x6be23000 	C:\Users\luigu\.openjfx\cache\17.0.6\api-ms-win-core-interlocked-l1-1-0.dll
0x6be10000 - 0x6be13000 	C:\Users\luigu\.openjfx\cache\17.0.6\api-ms-win-core-libraryloader-l1-1-0.dll
0x6be00000 - 0x6be03000 	C:\Users\luigu\.openjfx\cache\17.0.6\api-ms-win-core-localization-l1-2-0.dll
0x6bdf0000 - 0x6bdf3000 	C:\Users\luigu\.openjfx\cache\17.0.6\api-ms-win-core-memory-l1-1-0.dll
0x6bdd0000 - 0x6bdd3000 	C:\Users\luigu\.openjfx\cache\17.0.6\api-ms-win-core-namedpipe-l1-1-0.dll
0x6bdb0000 - 0x6bdb3000 	C:\Users\luigu\.openjfx\cache\17.0.6\api-ms-win-core-processenvironment-l1-1-0.dll
0x6bda0000 - 0x6bda3000 	C:\Users\luigu\.openjfx\cache\17.0.6\api-ms-win-core-processthreads-l1-1-0.dll
0x6bd90000 - 0x6bd93000 	C:\Users\luigu\.openjfx\cache\17.0.6\api-ms-win-core-processthreads-l1-1-1.dll
0x6bd80000 - 0x6bd83000 	C:\Users\luigu\.openjfx\cache\17.0.6\api-ms-win-core-profile-l1-1-0.dll
0x6bd70000 - 0x6bd73000 	C:\Users\luigu\.openjfx\cache\17.0.6\api-ms-win-core-rtlsupport-l1-1-0.dll
0x6bd60000 - 0x6bd63000 	C:\Users\luigu\.openjfx\cache\17.0.6\api-ms-win-core-string-l1-1-0.dll
0x6bd50000 - 0x6bd53000 	C:\Users\luigu\.openjfx\cache\17.0.6\api-ms-win-core-synch-l1-1-0.dll
0x6bd40000 - 0x6bd43000 	C:\Users\luigu\.openjfx\cache\17.0.6\api-ms-win-core-synch-l1-2-0.dll
0x6bd30000 - 0x6bd33000 	C:\Users\luigu\.openjfx\cache\17.0.6\api-ms-win-core-sysinfo-l1-1-0.dll
0x6bd20000 - 0x6bd23000 	C:\Users\luigu\.openjfx\cache\17.0.6\api-ms-win-core-timezone-l1-1-0.dll
0x6bd10000 - 0x6bd13000 	C:\Users\luigu\.openjfx\cache\17.0.6\api-ms-win-core-util-l1-1-0.dll
0x6bd00000 - 0x6bd03000 	C:\Users\luigu\.openjfx\cache\17.0.6\api-ms-win-crt-conio-l1-1-0.dll
0x6bcf0000 - 0x6bcf4000 	C:\Users\luigu\.openjfx\cache\17.0.6\api-ms-win-crt-convert-l1-1-0.dll
0x6bce0000 - 0x6bce3000 	C:\Users\luigu\.openjfx\cache\17.0.6\api-ms-win-crt-environment-l1-1-0.dll
0x6ba50000 - 0x6ba53000 	C:\Users\luigu\.openjfx\cache\17.0.6\api-ms-win-crt-filesystem-l1-1-0.dll
0x6ba40000 - 0x6ba43000 	C:\Users\luigu\.openjfx\cache\17.0.6\api-ms-win-crt-heap-l1-1-0.dll
0x6ba30000 - 0x6ba33000 	C:\Users\luigu\.openjfx\cache\17.0.6\api-ms-win-crt-locale-l1-1-0.dll
0x6ba20000 - 0x6ba25000 	C:\Users\luigu\.openjfx\cache\17.0.6\api-ms-win-crt-math-l1-1-0.dll
0x6ba10000 - 0x6ba15000 	C:\Users\luigu\.openjfx\cache\17.0.6\api-ms-win-crt-multibyte-l1-1-0.dll
0x6ba00000 - 0x6ba10000 	C:\Users\luigu\.openjfx\cache\17.0.6\api-ms-win-crt-private-l1-1-0.dll
0x6b9f0000 - 0x6b9f3000 	C:\Users\luigu\.openjfx\cache\17.0.6\api-ms-win-crt-process-l1-1-0.dll
0x6b9e0000 - 0x6b9e4000 	C:\Users\luigu\.openjfx\cache\17.0.6\api-ms-win-crt-runtime-l1-1-0.dll
0x6b9d0000 - 0x6b9d4000 	C:\Users\luigu\.openjfx\cache\17.0.6\api-ms-win-crt-stdio-l1-1-0.dll
0x6b9c0000 - 0x6b9c4000 	C:\Users\luigu\.openjfx\cache\17.0.6\api-ms-win-crt-string-l1-1-0.dll
0x6b9b0000 - 0x6b9b3000 	C:\Users\luigu\.openjfx\cache\17.0.6\api-ms-win-crt-time-l1-1-0.dll
0x6b9a0000 - 0x6b9a3000 	C:\Users\luigu\.openjfx\cache\17.0.6\api-ms-win-crt-utility-l1-1-0.dll
0x6b870000 - 0x6b993000 	C:\Users\luigu\.openjfx\cache\17.0.6\ucrtbase.dll
0x6b810000 - 0x6b824000 	C:\Users\luigu\.openjfx\cache\17.0.6\vcruntime140.dll
0x6b7a0000 - 0x6b80d000 	C:\Users\luigu\.openjfx\cache\17.0.6\msvcp140.dll
0x6b790000 - 0x6b797000 	C:\Users\luigu\.openjfx\cache\17.0.6\msvcp140_1.dll
0x6b760000 - 0x6b789000 	C:\Users\luigu\.openjfx\cache\17.0.6\msvcp140_2.dll
0x6b240000 - 0x6b266000 	C:\Users\luigu\.openjfx\cache\17.0.6\prism_d3d.dll
0x6b0c0000 - 0x6b231000 	C:\WINDOWS\system32\d3d9.dll
0x6e110000 - 0x6e134000 	C:\WINDOWS\SYSTEM32\dwmapi.dll
0x74080000 - 0x740ae000 	C:\WINDOWS\SYSTEM32\dxcore.dll
0x73fc0000 - 0x7403f000 	C:\WINDOWS\system32\uxtheme.dll
0x6b030000 - 0x6b0c0000 	C:\WINDOWS\SYSTEM32\d3d9on12.dll
0x73e10000 - 0x73eda000 	C:\WINDOWS\SYSTEM32\dxgi.dll
0x6b010000 - 0x6b02d000 	C:\WINDOWS\SYSTEM32\d3d12.dll
0x72620000 - 0x7265d000 	C:\WINDOWS\SYSTEM32\cfgmgr32.dll
0x6ae60000 - 0x6b010000 	C:\WINDOWS\SYSTEM32\D3D12Core.dll
0x6ae40000 - 0x6ae5d000 	C:\WINDOWS\System32\DriverStore\FileRepository\iigd_dch.inf_amd64_3c65364e14984512\igd12umd32.dll
0x63b00000 - 0x6472a000 	C:\WINDOWS\System32\DriverStore\FileRepository\iigd_dch.inf_amd64_3c65364e14984512\igd12um32xel.dll
0x75240000 - 0x75343000 	C:\WINDOWS\System32\CRYPT32.dll
0x74b80000 - 0x74cd5000 	C:\WINDOWS\System32\ole32.dll
0x6ae00000 - 0x6ae35000 	C:\WINDOWS\SYSTEM32\ControlLib32.dll
0x76390000 - 0x767cd000 	C:\WINDOWS\System32\SETUPAPI.dll
0x6e600000 - 0x6e624000 	C:\WINDOWS\SYSTEM32\DEVOBJ.dll
0x6ad80000 - 0x6adf2000 	C:\WINDOWS\System32\DriverStore\FileRepository\iigd_dch.inf_amd64_3c65364e14984512\IntelControlLib32.dll
0x76eb0000 - 0x76f07000 	C:\WINDOWS\System32\WINTRUST.dll
0x6e5f0000 - 0x6e5fe000 	C:\WINDOWS\SYSTEM32\MSASN1.dll
0x6d5f0000 - 0x6d62c000 	C:\WINDOWS\SYSTEM32\directxdatabasehelper.dll
0x67160000 - 0x6748f000 	C:\WINDOWS\System32\DriverStore\FileRepository\iigd_dch.inf_amd64_3c65364e14984512\igdgmm32.dll
0x67490000 - 0x6ab15000 	C:\WINDOWS\System32\DriverStore\FileRepository\iigd_dch.inf_amd64_3c65364e14984512\igc32.dll
0x6ad50000 - 0x6ad71000 	C:\WINDOWS\SYSTEM32\D3DSCache.dll
0x73f90000 - 0x73faf000 	C:\WINDOWS\SYSTEM32\USERENV.dll
0x62880000 - 0x63afb000 	C:\WINDOWS\System32\DriverStore\FileRepository\iigd_dch.inf_amd64_3c65364e14984512\igd12dxva32.dll
0x60b90000 - 0x62880000 	C:\WINDOWS\System32\DriverStore\FileRepository\iigd_dch.inf_amd64_3c65364e14984512\media_bin_32.dll
0x6ad30000 - 0x6ad50000 	C:\WINDOWS\System32\DriverStore\FileRepository\iigd_dch.inf_amd64_3c65364e14984512\igdinfo32.dll
0x716a0000 - 0x716b5000 	C:\WINDOWS\SYSTEM32\CRYPTSP.dll
0x71670000 - 0x716a0000 	C:\WINDOWS\system32\rsaenh.dll
0x71350000 - 0x7135b000 	C:\WINDOWS\SYSTEM32\CRYPTBASE.dll
0x56ef0000 - 0x570dc000 	C:\WINDOWS\SYSTEM32\twinapi.appcore.dll
0x6acf0000 - 0x6ad27000 	C:\Users\luigu\.openjfx\cache\17.0.6\glass.dll

dbghelp: loaded successfully - version: 4.0.5 - missing functions: none
symbol engine: initialized successfully - sym options: 0x614 - pdb path: .;C:\Program Files (x86)\Eclipse Adoptium\jdk-11.0.21.9-hotspot\bin;C:\WINDOWS\SYSTEM32;C:\WINDOWS\WinSxS\x86_microsoft.windows.common-controls_6595b64144ccf1df_6.0.22621.3235_none_6ebcabb88802389e;C:\Program Files (x86)\Eclipse Adoptium\jdk-11.0.21.9-hotspot\bin\client;C:\Users\luigu\AppData\Local\Programs\IntelliJ IDEA Ultimate\bin;C:\Users\luigu\.openjfx\cache\17.0.6;C:\WINDOWS\System32\DriverStore\FileRepository\iigd_dch.inf_amd64_3c65364e14984512;C:\ProgramData\A-Volute\A-Volute.Nahimic\Modules\Scheduled;C:\Program Files (x86)\Common Files\Microsoft Shared\Ink

VM Arguments:
jvm_args: -javaagent:C:\Users\luigu\AppData\Local\Programs\IntelliJ IDEA Ultimate\lib\idea_rt.jar=53610:C:\Users\luigu\AppData\Local\Programs\IntelliJ IDEA Ultimate\bin -Dfile.encoding=UTF-8 --module-path=C:\Users\luigu\.m2\repository\org\openjfx\javafx-base\17.0.6\javafx-base-17.0.6-win-x86.jar;C:\Users\luigu\.m2\repository\org\openjfx\javafx-fxml\17.0.6\javafx-fxml-17.0.6-win-x86.jar;C:\Users\luigu\.m2\repository\org\openjfx\javafx-controls\17.0.6\javafx-controls-17.0.6-win-x86.jar;C:\Users\luigu\.m2\repository\org\controlsfx\controlsfx\11.1.2\controlsfx-11.1.2.jar;C:\Users\luigu\.m2\repository\org\openjfx\javafx-graphics\17.0.6\javafx-graphics-17.0.6-win-x86.jar;C:\Users\luigu\.m2\repository\org\kordamp\bootstrapfx\bootstrapfx-core\0.4.0\bootstrapfx-core-0.4.0.jar;C:\Users\luigu\.m2\repository\com\dlsc\formsfx\formsfx-core\11.6.0\formsfx-core-11.6.0.jar;C:\Users\luigu\.m2\repository\net\synedra\validatorfx\0.4.0\validatorfx-0.4.0.jar;C:\Users\luigu\IdeaProjects\Joyeria_ProyectoMult\target\classes -Djdk.module.main=com.eduard034.joyeria_proyectomult 
java_command: com.eduard034.joyeria_proyectomult/com.eduard034.joyeria_proyectomult.JoyeriaApp
java_class_path (initial): C:\Users\luigu\.m2\repository\org\openjfx\javafx-controls\17.0.6\javafx-controls-17.0.6.jar;C:\Users\luigu\.m2\repository\org\openjfx\javafx-graphics\17.0.6\javafx-graphics-17.0.6.jar;C:\Users\luigu\.m2\repository\org\openjfx\javafx-base\17.0.6\javafx-base-17.0.6.jar;C:\Users\luigu\.m2\repository\org\openjfx\javafx-fxml\17.0.6\javafx-fxml-17.0.6.jar
Launcher Type: SUN_STANDARD

[Global flags]
   size_t InitialHeapSize                          = 16777216                                  {product} {ergonomic}
   size_t MaxHeapSize                              = 268435456                                 {product} {ergonomic}
   size_t MaxNewSize                               = 89456640                                  {product} {ergonomic}
   size_t MinHeapDeltaBytes                        = 131072                                    {product} {ergonomic}
   size_t NewSize                                  = 5570560                                   {product} {ergonomic}
    uintx NonProfiledCodeHeapSize                  = 0                                      {pd product} {ergonomic}
   size_t OldSize                                  = 11206656                                  {product} {ergonomic}
    uintx ProfiledCodeHeapSize                     = 0                                      {pd product} {ergonomic}
     bool ThreadLocalHandshakes                    = false                                  {pd product} {ergonomic}
     bool UseLargePagesIndividualAllocation        = false                                  {pd product} {ergonomic}
     bool UseSerialGC                              = true                                      {product} {ergonomic}

Logging:
Log output configuration:
 #0: stdout all=warning uptime,level,tags
 #1: stderr all=off uptime,level,tags

Environment Variables:
PATH=C:\Program Files (x86)\Eclipse Adoptium\jre-11.0.21.9-hotspot\bin;C:\Program Files (x86)\Eclipse Adoptium\jdk-11.0.21.9-hotspot\bin;C:\Program Files (x86)\VMware\VMware Player\bin\;C:\Windows\system32;C:\Windows;C:\Windows\System32\Wbem;C:\Windows\System32\WindowsPowerShell\v1.0\;C:\Windows\System32\OpenSSH\;C:\Program Files (x86)\NVIDIA Corporation\PhysX\Common;C:\Program Files\NVIDIA Corporation\NVIDIA NvDLISR;C:\WINDOWS\system32;C:\WINDOWS;C:\WINDOWS\System32\Wbem;C:\WINDOWS\System32\WindowsPowerShell\v1.0\;C:\WINDOWS\System32\OpenSSH\;C:\Program Files\Git\cmd;C:\Users\luigu\AppData\Local\Microsoft\WindowsApps;C:\Users\luigu\AppData\Local\Programs\Microsoft VS Code\bin;C:\Users\luigu\AppData\Local\JetBrains\Toolbox\scripts;C:\Users\luigu\AppData\Local\GitHubDesktop\bin
USERNAME=luigu
OS=Windows_NT
PROCESSOR_IDENTIFIER=Intel64 Family 6 Model 154 Stepping 3, GenuineIntel
TMP=C:\Users\luigu\AppData\Local\Temp
TEMP=C:\Users\luigu\AppData\Local\Temp



---------------  S Y S T E M  ---------------

OS: Windows 11 , 64 bit Build 22621 (10.0.22621.3374)
OS uptime: 4 days 16:09 hours

CPU:total 12 (initial active 12) (6 cores per cpu, 2 threads per core) family 6 model 154 stepping 3 microcode 0x419, cmov, cx8, fxsr, mmx, sse, sse2, sse3, ssse3, sse4.1, sse4.2, popcnt, avx, avx2, aes, clmul, erms, 3dnowpref, lzcnt, ht, tsc, tscinvbit, bmi1, bmi2, adx, sha, fma

Memory: 4k page, system-wide physical 7917M (872M free)
TotalPageFile size 19693M (AvailPageFile size 4053M), user-mode portion of virtual address-space 2047M (1222M free)
current process WorkingSet (physical memory assigned to process): 261M, peak: 269M
current process commit charge ("private bytes"): 266M, peak: 266M

vm_info: OpenJDK Client VM (11.0.21+9) for windows-x86 JRE (11.0.21+9), built on Oct 17 2023 17:27:10 by "" with MS VC++ 15.9 (VS2017)

END.
