#
# A fatal error has been detected by the Java Runtime Environment:
#
#  EXCEPTION_ACCESS_VIOLATION (0xc0000005) at pc=0x00007fff4a6abdf6, pid=18412, tid=29224
#
# JRE version: OpenJDK Runtime Environment Corretto-11.0.22.7.1 (11.0.22+7) (build 11.0.22+7-LTS)
# Java VM: OpenJDK 64-Bit Server VM Corretto-11.0.22.7.1 (11.0.22+7-LTS, mixed mode, tiered, compressed oops, g1 gc, windows-amd64)
# Problematic frame:
# C  [glass.dll+0x1bdf6]
#
# No core dump will be written. Minidumps are not enabled by default on client versions of Windows
#
# If you would like to submit a bug report, please visit:
#   https://github.com/corretto/corretto-11/issues/
# The crash happened outside the Java Virtual Machine in native code.
# See problematic frame for where to report the bug.
#

---------------  S U M M A R Y ------------

Command Line: -javaagent:C:\Users\alonh\AppData\Local\Programs\IntelliJ IDEA Ultimate\lib\idea_rt.jar=61818:C:\Users\alonh\AppData\Local\Programs\IntelliJ IDEA Ultimate\bin -Dfile.encoding=UTF-8 --module-path=C:\Users\alonh\.m2\repository\org\kordamp\bootstrapfx\bootstrapfx-core\0.4.0\bootstrapfx-core-0.4.0.jar;C:\Users\alonh\IdeaProjects\Joyeria_ProyectoMult\target\classes;C:\Users\alonh\.m2\repository\org\controlsfx\controlsfx\11.1.2\controlsfx-11.1.2.jar;C:\Users\alonh\.m2\repository\org\openjfx\javafx-controls\17.0.6\javafx-controls-17.0.6-win.jar;C:\Users\alonh\.m2\repository\org\openjfx\javafx-fxml\17.0.6\javafx-fxml-17.0.6-win.jar;C:\Users\alonh\.m2\repository\org\openjfx\javafx-graphics\17.0.6\javafx-graphics-17.0.6-win.jar;C:\Users\alonh\.m2\repository\net\synedra\validatorfx\0.4.0\validatorfx-0.4.0.jar;C:\Users\alonh\.m2\repository\org\openjfx\javafx-base\17.0.6\javafx-base-17.0.6-win.jar;C:\Users\alonh\.m2\repository\com\dlsc\formsfx\formsfx-core\11.6.0\formsfx-core-11.6.0.jar -Djdk.module.main=com.eduard034.joyeria_proyectomult com.eduard034.joyeria_proyectomult/com.eduard034.joyeria_proyectomult.JoyeriaApp

Host: 12th Gen Intel(R) Core(TM) i5-12450H, 12 cores, 7G,  Windows 11 , 64 bit Build 22621 (10.0.22621.2506)
Time: Mon Mar 25 12:52:19 2024 Hora estándar central (México) elapsed time: 49.844857 seconds (0d 0h 0m 49s)

---------------  T H R E A D  ---------------

Current thread (0x000001f7c6491800):  JavaThread "JavaFX Application Thread" [_thread_in_native, id=29224, stack(0x0000009105d00000,0x0000009105e00000)]

Stack: [0x0000009105d00000,0x0000009105e00000],  sp=0x0000009105dfc1d0,  free space=1008k
Native frames: (J=compiled Java code, j=interpreted, Vv=VM code, C=native code)
C  [glass.dll+0x1bdf6]

Java frames: (J=compiled Java code, j=interpreted, Vv=VM code)
j  com.sun.glass.ui.win.WinWindow._close(J)Z+0 javafx.graphics
j  com.sun.glass.ui.Window.close()V+63 javafx.graphics
j  com.sun.glass.ui.win.WinWindow.close()V+8 javafx.graphics
j  com.sun.glass.ui.Application.terminate()V+75 javafx.graphics
j  com.sun.javafx.tk.quantum.QuantumToolkit.lambda$exit$13()Ljava/lang/Object;+5 javafx.graphics
j  com.sun.javafx.tk.quantum.QuantumToolkit$$Lambda$450.get()Ljava/lang/Object;+0 javafx.graphics
j  com.sun.javafx.tk.quantum.QuantumToolkit.runWithRenderLock(Ljava/util/function/Supplier;)Ljava/lang/Object;+7 javafx.graphics
j  com.sun.javafx.tk.quantum.QuantumToolkit.exit()V+26 javafx.graphics
j  com.sun.javafx.application.PlatformImpl.lambda$tkExit$16()V+3 javafx.graphics
j  com.sun.javafx.application.PlatformImpl$$Lambda$449.run()V+0 javafx.graphics
j  com.sun.javafx.application.PlatformImpl.lambda$runAndWait$12(Ljava/lang/Runnable;Ljava/util/concurrent/CountDownLatch;)V+1 javafx.graphics
j  com.sun.javafx.application.PlatformImpl$$Lambda$87.run()V+8 javafx.graphics
j  com.sun.javafx.application.PlatformImpl.lambda$runLater$10(Ljava/lang/Runnable;)Ljava/lang/Void;+1 javafx.graphics
j  com.sun.javafx.application.PlatformImpl$$Lambda$90.run()Ljava/lang/Object;+4 javafx.graphics
v  ~StubRoutines::call_stub
J 2071  java.security.AccessController.doPrivileged(Ljava/security/PrivilegedAction;Ljava/security/AccessControlContext;)Ljava/lang/Object; java.base@11.0.22 (0 bytes) @ 0x000001f7b5917da6 [0x000001f7b5917d40+0x0000000000000066]
j  com.sun.javafx.application.PlatformImpl.lambda$runLater$11(Ljava/lang/Runnable;Ljava/security/AccessControlContext;)V+7 javafx.graphics
j  com.sun.javafx.application.PlatformImpl$$Lambda$89.run()V+8 javafx.graphics
J 3152 c1 com.sun.glass.ui.InvokeLaterDispatcher$Future.run()V javafx.graphics (91 bytes) @ 0x000001f7ae929784 [0x000001f7ae929680+0x0000000000000104]
v  ~StubRoutines::call_stub
j  com.sun.glass.ui.win.WinApplication._runLoop(Ljava/lang/Runnable;)V+0 javafx.graphics
j  com.sun.glass.ui.win.WinApplication.lambda$runLoop$3(ILjava/lang/Runnable;)V+8 javafx.graphics
j  com.sun.glass.ui.win.WinApplication$$Lambda$78.run()V+12 javafx.graphics
j  java.lang.Thread.run()V+11 java.base@11.0.22
v  ~StubRoutines::call_stub

siginfo: EXCEPTION_ACCESS_VIOLATION (0xc0000005), reading address 0x0000000000000130


Register to memory mapping:

RIP=0x00007fff4a6abdf6 glass.dll
RAX=0x0 is NULL
RBX=0x0 is NULL
RCX=0x0 is NULL
RDX=0x0 is NULL
RSP=0x0000009105dfc1d0 is pointing into the stack for thread: 0x000001f7c6491800
RBP=0x0 is NULL
RSI=0x0000000000000401 is an unknown value
RDI=0x0000009105dfc520 is pointing into the stack for thread: 0x000001f7c6491800
R8 =0x0000009105dfc520 is pointing into the stack for thread: 0x000001f7c6491800
R9 =0x0 is NULL
R10=0x0 is NULL
R11=0x0000000000000246 is an unknown value
R12=0x0 is NULL
R13=0x0 is NULL
R14=0x0 is NULL
R15=0x0 is NULL


Registers:
RAX=0x0000000000000000, RBX=0x0000000000000000, RCX=0x0000000000000000, RDX=0x0000000000000000
RSP=0x0000009105dfc1d0, RBP=0x0000000000000000, RSI=0x0000000000000401, RDI=0x0000009105dfc520
R8 =0x0000009105dfc520, R9 =0x0000000000000000, R10=0x0000000000000000, R11=0x0000000000000246
R12=0x0000000000000000, R13=0x0000000000000000, R14=0x0000000000000000, R15=0x0000000000000000
RIP=0x00007fff4a6abdf6, EFLAGS=0x0000000000010202

Top of Stack: (sp=0x0000009105dfc1d0)
0x0000009105dfc1d0:   0000000000000578 0000009105dfc1e0
0x0000009105dfc1e0:   0000000000180016 00007fff4a6b75c0
0x0000009105dfc1f0:   0000009105dfc520 00007fff4a6aa871
0x0000009105dfc200:   0000000000000000 0000009105dfc520
0x0000009105dfc210:   0000000000000401 000001f7a3a46720
0x0000009105dfc220:   000001f7c62d3480 00007fff4a69a395
0x0000009105dfc230:   0000009105dfc520 0000000000000001
0x0000009105dfc240:   000000008000c088 0000000000000001
0x0000009105dfc250:   0000000000000000 00007fff4a6917bb
0x0000009105dfc260:   000001f7c62d3480 0000009105dfc520
0x0000009105dfc270:   0000000000000401 00000000004a0924
0x0000009105dfc280:   0000000000000401 00007ff810738241
0x0000009105dfc290:   0000000000000000 0000009105dfc458
0x0000009105dfc2a0:   0000000080000022 0000000000000001
0x0000009105dfc2b0:   00000000000000b6 000001f7c6491800
0x0000009105dfc2c0:   000001f7c6eb7f48 000001f7c6491800 

Instructions: (pc=0x00007fff4a6abdf6)
0x00007fff4a6abcf6:   85 c0 74 08 48 8b c8 e8 ee 00 00 00 48 c7 05 23
0x00007fff4a6abd06:   e1 01 00 00 00 00 00 48 83 c4 28 c3 cc cc cc cc
0x00007fff4a6abd16:   cc cc cc cc cc cc cc cc cc cc 48 89 5c 24 08 57
0x00007fff4a6abd26:   48 83 ec 30 48 8b fa 48 8b d9 48 39 91 30 01 00
0x00007fff4a6abd36:   00 0f 84 a5 00 00 00 e8 ae 00 00 00 48 8b 93 30
0x00007fff4a6abd46:   01 00 00 48 85 d2 75 04 48 8b 53 08 48 89 54 24
0x00007fff4a6abd56:   20 4c 8b c7 48 85 ff 75 04 4c 8b 43 08 48 8d 0d
0x00007fff4a6abd66:   a6 e2 00 00 4c 89 44 24 28 e8 bc 78 fe ff 48 8b
0x00007fff4a6abd76:   4c 24 20 4c 8d 44 24 20 48 8d 15 db f7 ff ff ff
0x00007fff4a6abd86:   15 05 da 01 00 48 8b 05 6e dd 01 00 48 85 c0 75
0x00007fff4a6abd96:   04 33 c9 eb 03 8b 48 40 4c 8d 44 24 20 48 8d 15
0x00007fff4a6abda6:   f6 f7 ff ff ff 15 e8 d9 01 00 48 89 bb 30 01 00
0x00007fff4a6abdb6:   00 e8 54 38 00 00 4c 8b 05 ed e0 01 00 48 8b c8
0x00007fff4a6abdc6:   48 8b 93 c0 00 00 00 4c 8b cf e8 db 92 fe ff e8
0x00007fff4a6abdd6:   36 38 00 00 48 8b c8 e8 4e 37 00 00 48 8b 5c 24
0x00007fff4a6abde6:   40 48 83 c4 30 5f c3 cc cc cc 40 57 48 83 ec 20
0x00007fff4a6abdf6:   48 8b 81 30 01 00 00 48 8b f9 48 85 c0 75 04 48
0x00007fff4a6abe06:   8b 41 08 48 3b 05 20 e0 01 00 75 3b 48 89 5c 24
0x00007fff4a6abe16:   30 e8 f4 37 00 00 4c 8b 05 7d e0 01 00 48 8b c8
0x00007fff4a6abe26:   48 8b 97 c0 00 00 00 48 8b d8 e8 7b 92 fe ff 48
0x00007fff4a6abe36:   8b cb e8 f3 36 00 00 48 8b 5c 24 30 48 c7 05 e3
0x00007fff4a6abe46:   df 01 00 00 00 00 00 48 83 c4 20 5f c3 cc cc cc
0x00007fff4a6abe56:   cc cc cc cc cc cc cc cc cc cc 40 53 48 83 ec 50
0x00007fff4a6abe66:   48 8b 05 5b b3 01 00 48 33 c4 48 89 44 24 40 48
0x00007fff4a6abe76:   8b d9 48 8b 49 08 ff 15 86 d8 01 00 85 c0 0f 85
0x00007fff4a6abe86:   1b 01 00 00 48 8b 4b 08 48 8d 54 24 30 ff 15 af
0x00007fff4a6abe96:   d6 01 00 48 8b 4b 08 48 8d 54 24 20 ff 15 08 d7
0x00007fff4a6abea6:   01 00 48 8b 4b 08 4c 8d 44 24 20 41 b9 02 00 00
0x00007fff4a6abeb6:   00 33 d2 ff 15 f9 d6 01 00 8b 44 24 24 2b 44 24
0x00007fff4a6abec6:   34 44 8b 44 24 20 44 2b 44 24 30 8b 54 24 3c 2b
0x00007fff4a6abed6:   54 24 2c 8b 4c 24 38 2b 4c 24 28 89 83 1c 01 00
0x00007fff4a6abee6:   00 44 89 83 18 01 00 00 89 93 24 01 00 00 89 8b 


Stack slot to memory mapping:
stack at sp + 0 slots: 0x0000000000000578 is an unknown value
stack at sp + 1 slots: 0x0000009105dfc1e0 is pointing into the stack for thread: 0x000001f7c6491800
stack at sp + 2 slots: 0x0000000000180016 is an unknown value
stack at sp + 3 slots: 0x00007fff4a6b75c0 glass.dll
stack at sp + 4 slots: 0x0000009105dfc520 is pointing into the stack for thread: 0x000001f7c6491800
stack at sp + 5 slots: 0x00007fff4a6aa871 glass.dll
stack at sp + 6 slots: 0x0 is NULL
stack at sp + 7 slots: 0x0000009105dfc520 is pointing into the stack for thread: 0x000001f7c6491800


---------------  P R O C E S S  ---------------

Threads class SMR info:
_java_thread_list=0x000001f7c60facb0, length=18, elements={
0x000001f7a560d000, 0x000001f7c50f1800, 0x000001f7c5103000, 0x000001f7c48ce800,
0x000001f7c514b800, 0x000001f7c514d800, 0x000001f7c5155000, 0x000001f7c515b800,
0x000001f7c5167000, 0x000001f7c487b000, 0x000001f7c543a000, 0x000001f7c5a27000,
0x000001f7c62ef800, 0x000001f7c6491800, 0x000001f7c65f6000, 0x000001f7c65f8000,
0x000001f7c6814800, 0x000001f7c6d22800
}

Java Threads: ( => current thread )
  0x000001f7a560d000 JavaThread "main" [_thread_blocked, id=2768, stack(0x0000009104c00000,0x0000009104d00000)]
  0x000001f7c50f1800 JavaThread "Reference Handler" daemon [_thread_blocked, id=12060, stack(0x0000009105300000,0x0000009105400000)]
  0x000001f7c5103000 JavaThread "Finalizer" daemon [_thread_blocked, id=16876, stack(0x0000009105400000,0x0000009105500000)]
  0x000001f7c48ce800 JavaThread "Signal Dispatcher" daemon [_thread_blocked, id=8964, stack(0x0000009105500000,0x0000009105600000)]
  0x000001f7c514b800 JavaThread "Attach Listener" daemon [_thread_blocked, id=21220, stack(0x0000009105600000,0x0000009105700000)]
  0x000001f7c514d800 JavaThread "Service Thread" daemon [_thread_blocked, id=1352, stack(0x0000009105700000,0x0000009105800000)]
  0x000001f7c5155000 JavaThread "C2 CompilerThread0" daemon [_thread_blocked, id=2076, stack(0x0000009105800000,0x0000009105900000)]
  0x000001f7c515b800 JavaThread "C1 CompilerThread0" daemon [_thread_blocked, id=15236, stack(0x0000009105900000,0x0000009105a00000)]
  0x000001f7c5167000 JavaThread "Sweeper thread" daemon [_thread_blocked, id=16576, stack(0x0000009105a00000,0x0000009105b00000)]
  0x000001f7c487b000 JavaThread "Common-Cleaner" daemon [_thread_blocked, id=14632, stack(0x0000009105b00000,0x0000009105c00000)]
  0x000001f7c543a000 JavaThread "Monitor Ctrl-Break" daemon [_thread_in_native, id=8888, stack(0x0000009105e00000,0x0000009105f00000)]
  0x000001f7c5a27000 JavaThread "QuantumRenderer-0" daemon [_thread_blocked, id=23680, stack(0x0000009106000000,0x0000009106100000)]
  0x000001f7c62ef800 JavaThread "InvokeLaterDispatcher" daemon [_thread_blocked, id=16244, stack(0x0000009105c00000,0x0000009105d00000)]
=>0x000001f7c6491800 JavaThread "JavaFX Application Thread" [_thread_in_native, id=29224, stack(0x0000009105d00000,0x0000009105e00000)]
  0x000001f7c65f6000 JavaThread "Thread-1" daemon [_thread_in_native, id=14576, stack(0x0000009106600000,0x0000009106700000)]
  0x000001f7c65f8000 JavaThread "JavaFX-Launcher" [_thread_blocked, id=10076, stack(0x0000009106700000,0x0000009106800000)]
  0x000001f7c6814800 JavaThread "Prism Font Disposer" daemon [_thread_blocked, id=19052, stack(0x0000009106d00000,0x0000009106e00000)]
  0x000001f7c6d22800 JavaThread "Cleaner-0" daemon [_thread_blocked, id=20620, stack(0x0000009107700000,0x0000009107800000)]

Other Threads:
  0x000001f7c48bf000 VMThread "VM Thread" [stack: 0x0000009105200000,0x0000009105300000] [id=9148]
  0x000001f7c5c7e000 WatcherThread [stack: 0x0000009105f00000,0x0000009106000000] [id=25856]
  0x000001f7a5626800 GCTaskThread "GC Thread#0" [stack: 0x0000009104d00000,0x0000009104e00000] [id=28400]
  0x000001f7c662e000 GCTaskThread "GC Thread#1" [stack: 0x0000009106800000,0x0000009106900000] [id=23936]
  0x000001f7c662e800 GCTaskThread "GC Thread#2" [stack: 0x0000009106900000,0x0000009106a00000] [id=20396]
  0x000001f7c662f800 GCTaskThread "GC Thread#3" [stack: 0x0000009106a00000,0x0000009106b00000] [id=3692]
  0x000001f7c6673000 GCTaskThread "GC Thread#4" [stack: 0x0000009106b00000,0x0000009106c00000] [id=30388]
  0x000001f7c6685800 GCTaskThread "GC Thread#5" [stack: 0x0000009106c00000,0x0000009106d00000] [id=19432]
  0x000001f7a5657000 ConcurrentGCThread "G1 Main Marker" [stack: 0x0000009104e00000,0x0000009104f00000] [id=12968]
  0x000001f7a5658000 ConcurrentGCThread "G1 Conc#0" [stack: 0x0000009104f00000,0x0000009105000000] [id=28708]
  0x000001f7c6687800 ConcurrentGCThread "G1 Conc#1" [stack: 0x0000009107100000,0x0000009107200000] [id=7992]
  0x000001f7c6686000 ConcurrentGCThread "G1 Conc#2" [stack: 0x0000009107200000,0x0000009107300000] [id=13200]
  0x000001f7c471b800 ConcurrentGCThread "G1 Refine#0" [stack: 0x0000009105000000,0x0000009105100000] [id=23272]
  0x000001f7c471c800 ConcurrentGCThread "G1 Young RemSet Sampling" [stack: 0x0000009105100000,0x0000009105200000] [id=23756]

Threads with active compile tasks:

VM state:not at safepoint (normal execution)

VM Mutex/Monitor currently owned by a thread: None

Heap address: 0x0000000084800000, size: 1976 MB, Compressed Oops mode: 32-bit
Narrow klass base: 0x0000000000000000, Narrow klass shift: 3
Compressed class space size: 1073741824 Address: 0x0000000100000000

Heap:
 garbage-first heap   total 126976K, used 77066K [0x0000000084800000, 0x0000000100000000)
  region size 1024K, 42 young (43008K), 6 survivors (6144K)
 Metaspace       used 27146K, capacity 28091K, committed 28336K, reserved 1075200K
  class space    used 3110K, capacity 3480K, committed 3584K, reserved 1048576K
Heap Regions: E=young(eden), S=young(survivor), O=old, HS=humongous(starts), HC=humongous(continues), CS=collection set, F=free, A=archive, TAMS=top-at-mark-start (previous, next)
|   0|0x0000000084800000, 0x0000000084900000, 0x0000000084900000|100%| O|  |TAMS 0x0000000084828c00, 0x0000000084800000| Untracked 
|   1|0x0000000084900000, 0x0000000084a00000, 0x0000000084a00000|100%|HS|  |TAMS 0x0000000084a00000, 0x0000000084900000| Complete 
|   2|0x0000000084a00000, 0x0000000084b00000, 0x0000000084b00000|100%|HC|  |TAMS 0x0000000084b00000, 0x0000000084a00000| Complete 
|   3|0x0000000084b00000, 0x0000000084c00000, 0x0000000084c00000|100%|HC|  |TAMS 0x0000000084c00000, 0x0000000084b00000| Complete 
|   4|0x0000000084c00000, 0x0000000084d00000, 0x0000000084d00000|100%|HC|  |TAMS 0x0000000084d00000, 0x0000000084c00000| Complete 
|   5|0x0000000084d00000, 0x0000000084e00000, 0x0000000084e00000|100%|HC|  |TAMS 0x0000000084e00000, 0x0000000084d00000| Complete 
|   6|0x0000000084e00000, 0x0000000084f00000, 0x0000000084f00000|100%|HC|  |TAMS 0x0000000084f00000, 0x0000000084e00000| Complete 
|   7|0x0000000084f00000, 0x0000000085000000, 0x0000000085000000|100%|HC|  |TAMS 0x0000000085000000, 0x0000000084f00000| Complete 
|   8|0x0000000085000000, 0x0000000085100000, 0x0000000085100000|100%|HS|  |TAMS 0x0000000085000000, 0x0000000085000000| Complete 
|   9|0x0000000085100000, 0x0000000085200000, 0x0000000085200000|100%|HC|  |TAMS 0x0000000085100000, 0x0000000085100000| Complete 
|  10|0x0000000085200000, 0x0000000085300000, 0x0000000085300000|100%|HS|  |TAMS 0x0000000085200000, 0x0000000085200000| Complete 
|  11|0x0000000085300000, 0x0000000085400000, 0x0000000085400000|100%|HC|  |TAMS 0x0000000085300000, 0x0000000085300000| Complete 
|  12|0x0000000085400000, 0x0000000085500000, 0x0000000085500000|100%| O|  |TAMS 0x0000000085400000, 0x0000000085400000| Untracked 
|  13|0x0000000085500000, 0x0000000085600000, 0x0000000085600000|100%| O|  |TAMS 0x0000000085500000, 0x0000000085500000| Untracked 
|  14|0x0000000085600000, 0x0000000085700000, 0x0000000085700000|100%| O|  |TAMS 0x0000000085600000, 0x0000000085600000| Untracked 
|  15|0x0000000085700000, 0x0000000085800000, 0x0000000085800000|100%| O|  |TAMS 0x0000000085700000, 0x0000000085700000| Untracked 
|  16|0x0000000085800000, 0x0000000085900000, 0x0000000085900000|100%| O|  |TAMS 0x0000000085800000, 0x0000000085800000| Untracked 
|  17|0x0000000085900000, 0x00000000859d7e00, 0x0000000085a00000| 84%| O|  |TAMS 0x0000000085900000, 0x0000000085900000| Untracked 
|  18|0x0000000085a00000, 0x0000000085b00000, 0x0000000085b00000|100%|HS|  |TAMS 0x0000000085a00000, 0x0000000085a00000| Complete 
|  19|0x0000000085b00000, 0x0000000085c00000, 0x0000000085c00000|100%|HC|  |TAMS 0x0000000085b00000, 0x0000000085b00000| Complete 
|  20|0x0000000085c00000, 0x0000000085d00000, 0x0000000085d00000|100%|HS|  |TAMS 0x0000000085c00000, 0x0000000085c00000| Complete 
|  21|0x0000000085d00000, 0x0000000085e00000, 0x0000000085e00000|100%|HC|  |TAMS 0x0000000085d00000, 0x0000000085d00000| Complete 
|  22|0x0000000085e00000, 0x0000000085f00000, 0x0000000085f00000|100%|HS|  |TAMS 0x0000000085e00000, 0x0000000085e00000| Complete 
|  23|0x0000000085f00000, 0x0000000086000000, 0x0000000086000000|100%|HC|  |TAMS 0x0000000085f00000, 0x0000000085f00000| Complete 
|  24|0x0000000086000000, 0x0000000086100000, 0x0000000086100000|100%|HS|  |TAMS 0x0000000086000000, 0x0000000086000000| Complete 
|  25|0x0000000086100000, 0x0000000086200000, 0x0000000086200000|100%|HC|  |TAMS 0x0000000086100000, 0x0000000086100000| Complete 
|  26|0x0000000086200000, 0x0000000086300000, 0x0000000086300000|100%|HS|  |TAMS 0x0000000086200000, 0x0000000086200000| Complete 
|  27|0x0000000086300000, 0x0000000086400000, 0x0000000086400000|100%|HC|  |TAMS 0x0000000086300000, 0x0000000086300000| Complete 
|  28|0x0000000086400000, 0x0000000086500000, 0x0000000086500000|100%|HC|  |TAMS 0x0000000086400000, 0x0000000086400000| Complete 
|  29|0x0000000086500000, 0x0000000086600000, 0x0000000086600000|100%|HC|  |TAMS 0x0000000086500000, 0x0000000086500000| Complete 
|  30|0x0000000086600000, 0x0000000086700000, 0x0000000086700000|100%|HC|  |TAMS 0x0000000086600000, 0x0000000086600000| Complete 
|  31|0x0000000086700000, 0x0000000086800000, 0x0000000086800000|100%|HC|  |TAMS 0x0000000086700000, 0x0000000086700000| Complete 
|  32|0x0000000086800000, 0x0000000086900000, 0x0000000086900000|100%|HC|  |TAMS 0x0000000086800000, 0x0000000086800000| Complete 
|  33|0x0000000086900000, 0x0000000086a00000, 0x0000000086a00000|100%|HS|  |TAMS 0x0000000086900000, 0x0000000086900000| Complete 
|  34|0x0000000086a00000, 0x0000000086b00000, 0x0000000086b00000|100%|HC|  |TAMS 0x0000000086a00000, 0x0000000086a00000| Complete 
|  35|0x0000000086b00000, 0x0000000086b00000, 0x0000000086c00000|  0%| F|  |TAMS 0x0000000086b00000, 0x0000000086b00000| Untracked 
|  36|0x0000000086c00000, 0x0000000086c00000, 0x0000000086d00000|  0%| F|  |TAMS 0x0000000086c00000, 0x0000000086c00000| Untracked 
|  37|0x0000000086d00000, 0x0000000086d00000, 0x0000000086e00000|  0%| F|  |TAMS 0x0000000086d00000, 0x0000000086d00000| Untracked 
|  38|0x0000000086e00000, 0x0000000086e00000, 0x0000000086f00000|  0%| F|  |TAMS 0x0000000086e00000, 0x0000000086e00000| Untracked 
|  39|0x0000000086f00000, 0x0000000086f00000, 0x0000000087000000|  0%| F|  |TAMS 0x0000000086f00000, 0x0000000086f00000| Untracked 
|  40|0x0000000087000000, 0x0000000087000000, 0x0000000087100000|  0%| F|  |TAMS 0x0000000087000000, 0x0000000087000000| Untracked 
|  41|0x0000000087100000, 0x0000000087100000, 0x0000000087200000|  0%| F|  |TAMS 0x0000000087100000, 0x0000000087100000| Untracked 
|  42|0x0000000087200000, 0x0000000087200000, 0x0000000087300000|  0%| F|  |TAMS 0x0000000087200000, 0x0000000087200000| Untracked 
|  43|0x0000000087300000, 0x0000000087300000, 0x0000000087400000|  0%| F|  |TAMS 0x0000000087300000, 0x0000000087300000| Untracked 
|  44|0x0000000087400000, 0x0000000087400000, 0x0000000087500000|  0%| F|  |TAMS 0x0000000087400000, 0x0000000087400000| Untracked 
|  45|0x0000000087500000, 0x0000000087500000, 0x0000000087600000|  0%| F|  |TAMS 0x0000000087500000, 0x0000000087500000| Untracked 
|  46|0x0000000087600000, 0x0000000087600000, 0x0000000087700000|  0%| F|  |TAMS 0x0000000087600000, 0x0000000087600000| Untracked 
|  47|0x0000000087700000, 0x0000000087700000, 0x0000000087800000|  0%| F|  |TAMS 0x0000000087700000, 0x0000000087700000| Untracked 
|  48|0x0000000087800000, 0x0000000087800000, 0x0000000087900000|  0%| F|  |TAMS 0x0000000087800000, 0x0000000087800000| Untracked 
|  49|0x0000000087900000, 0x0000000087900000, 0x0000000087a00000|  0%| F|  |TAMS 0x0000000087900000, 0x0000000087900000| Untracked 
|  50|0x0000000087a00000, 0x0000000087a00000, 0x0000000087b00000|  0%| F|  |TAMS 0x0000000087a00000, 0x0000000087a00000| Untracked 
|  51|0x0000000087b00000, 0x0000000087b00000, 0x0000000087c00000|  0%| F|  |TAMS 0x0000000087b00000, 0x0000000087b00000| Untracked 
|  52|0x0000000087c00000, 0x0000000087c00000, 0x0000000087d00000|  0%| F|  |TAMS 0x0000000087c00000, 0x0000000087c00000| Untracked 
|  53|0x0000000087d00000, 0x0000000087d00000, 0x0000000087e00000|  0%| F|  |TAMS 0x0000000087d00000, 0x0000000087d00000| Untracked 
|  54|0x0000000087e00000, 0x0000000087e00000, 0x0000000087f00000|  0%| F|  |TAMS 0x0000000087e00000, 0x0000000087e00000| Untracked 
|  55|0x0000000087f00000, 0x0000000087f00000, 0x0000000088000000|  0%| F|  |TAMS 0x0000000087f00000, 0x0000000087f00000| Untracked 
|  56|0x0000000088000000, 0x0000000088000000, 0x0000000088100000|  0%| F|  |TAMS 0x0000000088000000, 0x0000000088000000| Untracked 
|  57|0x0000000088100000, 0x0000000088100000, 0x0000000088200000|  0%| F|  |TAMS 0x0000000088100000, 0x0000000088100000| Untracked 
|  58|0x0000000088200000, 0x0000000088200000, 0x0000000088300000|  0%| F|  |TAMS 0x0000000088200000, 0x0000000088200000| Untracked 
|  59|0x0000000088300000, 0x0000000088300000, 0x0000000088400000|  0%| F|  |TAMS 0x0000000088300000, 0x0000000088300000| Untracked 
|  60|0x0000000088400000, 0x0000000088400000, 0x0000000088500000|  0%| F|  |TAMS 0x0000000088400000, 0x0000000088400000| Untracked 
|  61|0x0000000088500000, 0x0000000088500000, 0x0000000088600000|  0%| F|  |TAMS 0x0000000088500000, 0x0000000088500000| Untracked 
|  62|0x0000000088600000, 0x0000000088600000, 0x0000000088700000|  0%| F|  |TAMS 0x0000000088600000, 0x0000000088600000| Untracked 
|  63|0x0000000088700000, 0x0000000088700000, 0x0000000088800000|  0%| F|  |TAMS 0x0000000088700000, 0x0000000088700000| Untracked 
|  64|0x0000000088800000, 0x0000000088800000, 0x0000000088900000|  0%| F|  |TAMS 0x0000000088800000, 0x0000000088800000| Untracked 
|  65|0x0000000088900000, 0x0000000088900000, 0x0000000088a00000|  0%| F|  |TAMS 0x0000000088900000, 0x0000000088900000| Untracked 
|  66|0x0000000088a00000, 0x0000000088a00000, 0x0000000088b00000|  0%| F|  |TAMS 0x0000000088a00000, 0x0000000088a00000| Untracked 
|  67|0x0000000088b00000, 0x0000000088b00000, 0x0000000088c00000|  0%| F|  |TAMS 0x0000000088b00000, 0x0000000088b00000| Untracked 
|  68|0x0000000088c00000, 0x0000000088c6aa20, 0x0000000088d00000| 41%| S|CS|TAMS 0x0000000088c00000, 0x0000000088c00000| Complete 
|  69|0x0000000088d00000, 0x0000000088e00000, 0x0000000088e00000|100%| S|CS|TAMS 0x0000000088d00000, 0x0000000088d00000| Complete 
|  70|0x0000000088e00000, 0x0000000088f00000, 0x0000000088f00000|100%| S|CS|TAMS 0x0000000088e00000, 0x0000000088e00000| Complete 
|  71|0x0000000088f00000, 0x0000000089000000, 0x0000000089000000|100%| S|CS|TAMS 0x0000000088f00000, 0x0000000088f00000| Complete 
|  72|0x0000000089000000, 0x0000000089100000, 0x0000000089100000|100%| S|CS|TAMS 0x0000000089000000, 0x0000000089000000| Complete 
|  73|0x0000000089100000, 0x0000000089200000, 0x0000000089200000|100%| S|CS|TAMS 0x0000000089100000, 0x0000000089100000| Complete 
|  74|0x0000000089200000, 0x0000000089200000, 0x0000000089300000|  0%| F|  |TAMS 0x0000000089200000, 0x0000000089200000| Untracked 
|  75|0x0000000089300000, 0x0000000089300000, 0x0000000089400000|  0%| F|  |TAMS 0x0000000089300000, 0x0000000089300000| Untracked 
|  76|0x0000000089400000, 0x0000000089400000, 0x0000000089500000|  0%| F|  |TAMS 0x0000000089400000, 0x0000000089400000| Untracked 
|  77|0x0000000089500000, 0x0000000089500000, 0x0000000089600000|  0%| F|  |TAMS 0x0000000089500000, 0x0000000089500000| Untracked 
|  78|0x0000000089600000, 0x0000000089600000, 0x0000000089700000|  0%| F|  |TAMS 0x0000000089600000, 0x0000000089600000| Untracked 
|  79|0x0000000089700000, 0x0000000089700000, 0x0000000089800000|  0%| F|  |TAMS 0x0000000089700000, 0x0000000089700000| Untracked 
|  80|0x0000000089800000, 0x0000000089800000, 0x0000000089900000|  0%| F|  |TAMS 0x0000000089800000, 0x0000000089800000| Untracked 
|  81|0x0000000089900000, 0x0000000089900000, 0x0000000089a00000|  0%| F|  |TAMS 0x0000000089900000, 0x0000000089900000| Untracked 
|  82|0x0000000089a00000, 0x0000000089a00000, 0x0000000089b00000|  0%| F|  |TAMS 0x0000000089a00000, 0x0000000089a00000| Untracked 
|  83|0x0000000089b00000, 0x0000000089b00000, 0x0000000089c00000|  0%| F|  |TAMS 0x0000000089b00000, 0x0000000089b00000| Untracked 
|  84|0x0000000089c00000, 0x0000000089c00000, 0x0000000089d00000|  0%| F|  |TAMS 0x0000000089c00000, 0x0000000089c00000| Untracked 
|  85|0x0000000089d00000, 0x0000000089d00000, 0x0000000089e00000|  0%| F|  |TAMS 0x0000000089d00000, 0x0000000089d00000| Untracked 
|  86|0x0000000089e00000, 0x0000000089e00000, 0x0000000089f00000|  0%| F|  |TAMS 0x0000000089e00000, 0x0000000089e00000| Untracked 
|  87|0x0000000089f00000, 0x0000000089f00000, 0x000000008a000000|  0%| F|  |TAMS 0x0000000089f00000, 0x0000000089f00000| Untracked 
|  88|0x000000008a000000, 0x000000008a080800, 0x000000008a100000| 50%| E|  |TAMS 0x000000008a000000, 0x000000008a000000| Complete 
|  89|0x000000008a100000, 0x000000008a200000, 0x000000008a200000|100%| E|CS|TAMS 0x000000008a100000, 0x000000008a100000| Complete 
|  90|0x000000008a200000, 0x000000008a300000, 0x000000008a300000|100%| E|CS|TAMS 0x000000008a200000, 0x000000008a200000| Complete 
|  91|0x000000008a300000, 0x000000008a400000, 0x000000008a400000|100%| E|CS|TAMS 0x000000008a300000, 0x000000008a300000| Complete 
|  92|0x000000008a400000, 0x000000008a500000, 0x000000008a500000|100%| E|CS|TAMS 0x000000008a400000, 0x000000008a400000| Complete 
|  93|0x000000008a500000, 0x000000008a600000, 0x000000008a600000|100%| E|CS|TAMS 0x000000008a500000, 0x000000008a500000| Complete 
|  94|0x000000008a600000, 0x000000008a700000, 0x000000008a700000|100%| E|CS|TAMS 0x000000008a600000, 0x000000008a600000| Complete 
|  95|0x000000008a700000, 0x000000008a800000, 0x000000008a800000|100%| E|CS|TAMS 0x000000008a700000, 0x000000008a700000| Complete 
|  96|0x000000008a800000, 0x000000008a900000, 0x000000008a900000|100%| E|CS|TAMS 0x000000008a800000, 0x000000008a800000| Complete 
|  97|0x000000008a900000, 0x000000008aa00000, 0x000000008aa00000|100%| E|CS|TAMS 0x000000008a900000, 0x000000008a900000| Complete 
|  98|0x000000008aa00000, 0x000000008ab00000, 0x000000008ab00000|100%| E|CS|TAMS 0x000000008aa00000, 0x000000008aa00000| Complete 
|  99|0x000000008ab00000, 0x000000008ac00000, 0x000000008ac00000|100%| E|CS|TAMS 0x000000008ab00000, 0x000000008ab00000| Complete 
| 100|0x000000008ac00000, 0x000000008ad00000, 0x000000008ad00000|100%| E|CS|TAMS 0x000000008ac00000, 0x000000008ac00000| Complete 
| 101|0x000000008ad00000, 0x000000008ae00000, 0x000000008ae00000|100%| E|CS|TAMS 0x000000008ad00000, 0x000000008ad00000| Complete 
| 102|0x000000008ae00000, 0x000000008af00000, 0x000000008af00000|100%| E|CS|TAMS 0x000000008ae00000, 0x000000008ae00000| Complete 
| 103|0x000000008af00000, 0x000000008b000000, 0x000000008b000000|100%| E|CS|TAMS 0x000000008af00000, 0x000000008af00000| Complete 
| 104|0x000000008b000000, 0x000000008b100000, 0x000000008b100000|100%| E|CS|TAMS 0x000000008b000000, 0x000000008b000000| Complete 
| 105|0x000000008b100000, 0x000000008b200000, 0x000000008b200000|100%| E|CS|TAMS 0x000000008b100000, 0x000000008b100000| Complete 
| 106|0x000000008b200000, 0x000000008b300000, 0x000000008b300000|100%| E|CS|TAMS 0x000000008b200000, 0x000000008b200000| Complete 
| 107|0x000000008b300000, 0x000000008b400000, 0x000000008b400000|100%| E|CS|TAMS 0x000000008b300000, 0x000000008b300000| Complete 
| 108|0x000000008b400000, 0x000000008b500000, 0x000000008b500000|100%| E|CS|TAMS 0x000000008b400000, 0x000000008b400000| Complete 
| 109|0x000000008b500000, 0x000000008b600000, 0x000000008b600000|100%| E|CS|TAMS 0x000000008b500000, 0x000000008b500000| Complete 
| 110|0x000000008b600000, 0x000000008b700000, 0x000000008b700000|100%| E|CS|TAMS 0x000000008b600000, 0x000000008b600000| Complete 
| 111|0x000000008b700000, 0x000000008b800000, 0x000000008b800000|100%| E|CS|TAMS 0x000000008b700000, 0x000000008b700000| Complete 
| 112|0x000000008b800000, 0x000000008b900000, 0x000000008b900000|100%| E|CS|TAMS 0x000000008b800000, 0x000000008b800000| Complete 
| 113|0x000000008b900000, 0x000000008ba00000, 0x000000008ba00000|100%| E|CS|TAMS 0x000000008b900000, 0x000000008b900000| Complete 
| 114|0x000000008ba00000, 0x000000008bb00000, 0x000000008bb00000|100%| E|CS|TAMS 0x000000008ba00000, 0x000000008ba00000| Complete 
| 115|0x000000008bb00000, 0x000000008bc00000, 0x000000008bc00000|100%| E|CS|TAMS 0x000000008bb00000, 0x000000008bb00000| Complete 
| 116|0x000000008bc00000, 0x000000008bd00000, 0x000000008bd00000|100%| E|CS|TAMS 0x000000008bc00000, 0x000000008bc00000| Complete 
| 117|0x000000008bd00000, 0x000000008be00000, 0x000000008be00000|100%| E|CS|TAMS 0x000000008bd00000, 0x000000008bd00000| Complete 
| 118|0x000000008be00000, 0x000000008bf00000, 0x000000008bf00000|100%| E|CS|TAMS 0x000000008be00000, 0x000000008be00000| Complete 
| 119|0x000000008bf00000, 0x000000008c000000, 0x000000008c000000|100%| E|CS|TAMS 0x000000008bf00000, 0x000000008bf00000| Complete 
| 120|0x000000008c000000, 0x000000008c100000, 0x000000008c100000|100%| E|CS|TAMS 0x000000008c000000, 0x000000008c000000| Complete 
| 121|0x000000008c100000, 0x000000008c200000, 0x000000008c200000|100%| E|CS|TAMS 0x000000008c100000, 0x000000008c100000| Complete 
| 122|0x000000008c200000, 0x000000008c300000, 0x000000008c300000|100%| E|CS|TAMS 0x000000008c200000, 0x000000008c200000| Complete 
| 123|0x000000008c300000, 0x000000008c400000, 0x000000008c400000|100%| E|CS|TAMS 0x000000008c300000, 0x000000008c300000| Complete 

Card table byte_map: [0x000001f7bd6a0000,0x000001f7bda80000] _byte_map_base: 0x000001f7bd27c000

Marking Bits (Prev, Next): (CMBitMap*) 0x000001f7a564e3e0, (CMBitMap*) 0x000001f7a564e3a8
 Prev Bits: [0x000001f7bfd40000, 0x000001f7c1c20000)
 Next Bits: [0x000001f7bde60000, 0x000001f7bfd40000)

Polling page: 0x000001f7a3570000

Metaspace:

Usage:
  Non-class:     24.03 MB capacity,    23.47 MB ( 98%) used,   470.20 KB (  2%) free+waste,   104.56 KB ( <1%) overhead. 
      Class:      3.40 MB capacity,     3.04 MB ( 89%) used,   317.91 KB (  9%) free+waste,    51.38 KB (  1%) overhead. 
       Both:     27.43 MB capacity,    26.51 MB ( 97%) used,   788.12 KB (  3%) free+waste,   155.94 KB ( <1%) overhead. 

Virtual space:
  Non-class space:       26.00 MB reserved,      24.17 MB ( 93%) committed 
      Class space:        1.00 GB reserved,       3.50 MB ( <1%) committed 
             Both:        1.03 GB reserved,      27.67 MB (  3%) committed 

Chunk freelists:
   Non-Class:  13.00 KB
       Class:  0 bytes
        Both:  13.00 KB

MaxMetaspaceSize: 17179869184.00 GB
CompressedClassSpaceSize: 1.00 GB
Initial GC threshold: 20.80 MB
Current GC threshold: 35.08 MB
CDS: off

CodeHeap 'non-profiled nmethods': size=120000Kb used=2636Kb max_used=2636Kb free=117363Kb
 bounds [0x000001f7b5840000, 0x000001f7b5ae0000, 0x000001f7bcd70000]
CodeHeap 'profiled nmethods': size=120000Kb used=11745Kb max_used=11745Kb free=108254Kb
 bounds [0x000001f7ae310000, 0x000001f7aee90000, 0x000001f7b5840000]
CodeHeap 'non-nmethods': size=5760Kb used=1448Kb max_used=1500Kb free=4311Kb
 bounds [0x000001f7add70000, 0x000001f7adfe0000, 0x000001f7ae310000]
 total_blobs=6089 nmethods=5303 adapters=697
 compilation: enabled
              stopped_count=0, restarted_count=0
 full_count=0

Compilation events (20 events):
Event: 49.554 Thread 0x000001f7c515b800 5299       3       java.util.concurrent.ThreadPoolExecutor::beforeExecute (1 bytes)
Event: 49.554 Thread 0x000001f7c515b800 nmethod 5299 0x000001f7aee82a90 code [0x000001f7aee82c40, 0x000001f7aee82d38]
Event: 49.554 Thread 0x000001f7c515b800 5300   !   3       java.util.concurrent.FutureTask::runAndReset (125 bytes)
Event: 49.555 Thread 0x000001f7c515b800 nmethod 5300 0x000001f7aee82e10 code [0x000001f7aee83140, 0x000001f7aee845f8]
Event: 49.563 Thread 0x000001f7c515b800 5301       3       com.sun.glass.ui.Window::isChild (18 bytes)
Event: 49.563 Thread 0x000001f7c515b800 nmethod 5301 0x000001f7aee84c90 code [0x000001f7aee84e80, 0x000001f7aee85218]
Event: 49.564 Thread 0x000001f7c5155000 5302   !   4       sun.nio.cs.StreamEncoder::flushBuffer (42 bytes)
Event: 49.566 Thread 0x000001f7c5155000 nmethod 5302 0x000001f7b5ad1490 code [0x000001f7b5ad1640, 0x000001f7b5ad19c8]
Event: 49.661 Thread 0x000001f7c5155000 5303       4       java.lang.AbstractStringBuilder::append (55 bytes)
Event: 49.671 Thread 0x000001f7c5155000 nmethod 5303 0x000001f7b5ad1b90 code [0x000001f7b5ad1d40, 0x000001f7b5ad2658]
Event: 49.725 Thread 0x000001f7c5155000 5304       4       javafx.stage.Window::buildEventDispatchChain (32 bytes)
Event: 49.727 Thread 0x000001f7c5155000 nmethod 5304 0x000001f7b5ad2b10 code [0x000001f7b5ad2cc0, 0x000001f7b5ad2e28]
Event: 49.733 Thread 0x000001f7c5155000 5305       4       javafx.scene.Node$FocusedProperty::get (10 bytes)
Event: 49.733 Thread 0x000001f7c5155000 nmethod 5305 0x000001f7b5ad3010 code [0x000001f7b5ad31a0, 0x000001f7b5ad3218]
Event: 49.735 Thread 0x000001f7c515b800 5306       3       com.sun.javafx.tk.quantum.QuantumRenderer::newTaskFor (5 bytes)
Event: 49.735 Thread 0x000001f7c515b800 nmethod 5306 0x000001f7aee85390 code [0x000001f7aee85540, 0x000001f7aee85738]
Event: 49.735 Thread 0x000001f7c515b800 5307       3       java.util.concurrent.ThreadPoolExecutor::execute (132 bytes)
Event: 49.736 Thread 0x000001f7c515b800 nmethod 5307 0x000001f7aee85810 code [0x000001f7aee85ac0, 0x000001f7aee866e8]
Event: 49.736 Thread 0x000001f7c515b800 5308   !   3       com.sun.javafx.tk.RenderJob::run (92 bytes)
Event: 49.738 Thread 0x000001f7c515b800 nmethod 5308 0x000001f7aee86b10 code [0x000001f7aee86e20, 0x000001f7aee88018]

GC Heap History (6 events):
Event: 0.948 GC heap before
{Heap before GC invocations=0 (full 0):
 garbage-first heap   total 126976K, used 23552K [0x0000000084800000, 0x0000000100000000)
  region size 1024K, 24 young (24576K), 0 survivors (0K)
 Metaspace       used 12269K, capacity 12577K, committed 12672K, reserved 1060864K
  class space    used 1265K, capacity 1396K, committed 1408K, reserved 1048576K
}
Event: 0.952 GC heap after
{Heap after GC invocations=1 (full 0):
 garbage-first heap   total 126976K, used 3235K [0x0000000084800000, 0x0000000100000000)
  region size 1024K, 3 young (3072K), 3 survivors (3072K)
 Metaspace       used 12269K, capacity 12577K, committed 12672K, reserved 1060864K
  class space    used 1265K, capacity 1396K, committed 1408K, reserved 1048576K
}
Event: 1.476 GC heap before
{Heap before GC invocations=1 (full 0):
 garbage-first heap   total 126976K, used 37027K [0x0000000084800000, 0x0000000100000000)
  region size 1024K, 30 young (30720K), 3 survivors (3072K)
 Metaspace       used 20582K, capacity 21185K, committed 21296K, reserved 1069056K
  class space    used 2409K, capacity 2660K, committed 2688K, reserved 1048576K
}
Event: 1.485 GC heap after
{Heap after GC invocations=2 (full 0):
 garbage-first heap   total 126976K, used 14656K [0x0000000084800000, 0x0000000100000000)
  region size 1024K, 8 young (8192K), 8 survivors (8192K)
 Metaspace       used 20582K, capacity 21185K, committed 21296K, reserved 1069056K
  class space    used 2409K, capacity 2660K, committed 2688K, reserved 1048576K
}
Event: 21.663 GC heap before
{Heap before GC invocations=3 (full 0):
 garbage-first heap   total 126976K, used 61760K [0x0000000084800000, 0x0000000100000000)
  region size 1024K, 50 young (51200K), 8 survivors (8192K)
 Metaspace       used 26362K, capacity 27278K, committed 27568K, reserved 1073152K
  class space    used 3099K, capacity 3472K, committed 3584K, reserved 1048576K
}
Event: 21.672 GC heap after
{Heap after GC invocations=4 (full 0):
 garbage-first heap   total 126976K, used 21770K [0x0000000084800000, 0x0000000100000000)
  region size 1024K, 6 young (6144K), 6 survivors (6144K)
 Metaspace       used 26362K, capacity 27278K, committed 27568K, reserved 1073152K
  class space    used 3099K, capacity 3472K, committed 3584K, reserved 1048576K
}

Deoptimization events (20 events):
Event: 39.969 Thread 0x000001f7c6491800 Uncommon trap: trap_request=0xffffffbe fr.pc=0x000001f7b5aa55f8 relative=0x0000000000000cf8
Event: 39.969 Thread 0x000001f7c6491800 Uncommon trap: reason=profile_predicate action=maybe_recompile pc=0x000001f7b5aa55f8 method=java.util.TimSort.binarySort([Ljava/lang/Object;IIILjava/util/Comparator;)V @ 34 c2
Event: 39.969 Thread 0x000001f7c6491800 DEOPT PACKING pc=0x000001f7b5aa55f8 sp=0x0000009105db8110
Event: 39.969 Thread 0x000001f7c6491800 DEOPT UNPACKING pc=0x000001f7addba1af sp=0x0000009105db80d0 mode 2
Event: 44.176 Thread 0x000001f7c5a27000 Uncommon trap: trap_request=0xffffff4d fr.pc=0x000001f7b5a2b554 relative=0x0000000000000134
Event: 44.176 Thread 0x000001f7c5a27000 Uncommon trap: reason=unstable_if action=reinterpret pc=0x000001f7b5a2b554 method=java.util.concurrent.locks.ReentrantLock$Sync.nonfairTryAcquire(I)Z @ 10 c2
Event: 44.176 Thread 0x000001f7c5a27000 DEOPT PACKING pc=0x000001f7b5a2b554 sp=0x00000091060fed00
Event: 44.177 Thread 0x000001f7c5a27000 DEOPT UNPACKING pc=0x000001f7addba1af sp=0x00000091060fec40 mode 2
Event: 48.227 Thread 0x000001f7c5a27000 Uncommon trap: trap_request=0xffffff4d fr.pc=0x000001f7b5abf698 relative=0x0000000000000578
Event: 48.227 Thread 0x000001f7c5a27000 Uncommon trap: reason=unstable_if action=reinterpret pc=0x000001f7b5abf698 method=com.sun.prism.d3d.D3DContext.updateTexture(ILcom/sun/prism/Texture;)V @ 37 c2
Event: 48.227 Thread 0x000001f7c5a27000 DEOPT PACKING pc=0x000001f7b5abf698 sp=0x00000091060fe220
Event: 48.227 Thread 0x000001f7c5a27000 DEOPT UNPACKING pc=0x000001f7addba1af sp=0x00000091060fe160 mode 2
Event: 49.007 Thread 0x000001f7c6491800 Uncommon trap: trap_request=0xffffff4d fr.pc=0x000001f7b5a8d23c relative=0x00000000000036fc
Event: 49.007 Thread 0x000001f7c6491800 Uncommon trap: reason=unstable_if action=reinterpret pc=0x000001f7b5a8d23c method=javafx.scene.Scene$MouseHandler.process(Ljavafx/scene/input/MouseEvent;Z)V @ 503 c2
Event: 49.007 Thread 0x000001f7c6491800 DEOPT PACKING pc=0x000001f7b5a8d23c sp=0x0000009105df9b50
Event: 49.007 Thread 0x000001f7c6491800 DEOPT UNPACKING pc=0x000001f7addba1af sp=0x0000009105df9b88 mode 2
Event: 49.057 Thread 0x000001f7c6491800 Uncommon trap: trap_request=0xffffff4d fr.pc=0x000001f7b5a71964 relative=0x0000000000000be4
Event: 49.057 Thread 0x000001f7c6491800 Uncommon trap: reason=unstable_if action=reinterpret pc=0x000001f7b5a71964 method=com.sun.glass.ui.Timer.resume()V @ 6 c2
Event: 49.057 Thread 0x000001f7c6491800 DEOPT PACKING pc=0x000001f7b5a71964 sp=0x0000009105df63a0
Event: 49.057 Thread 0x000001f7c6491800 DEOPT UNPACKING pc=0x000001f7addba1af sp=0x0000009105df6030 mode 2

Classes redefined (0 events):
No events

Internal exceptions (20 events):
Event: 49.215 Thread 0x000001f7c6491800 Exception <a 'java/lang/IllegalArgumentException'{0x000000008a2d15e8}> (0x000000008a2d15e8) thrown at [s\src\hotspot\share\prims\jvm.cpp, line 1310]
Event: 49.241 Thread 0x000001f7c6491800 Exception <a 'java/lang/IllegalArgumentException'{0x000000008a2dd6a0}> (0x000000008a2dd6a0) thrown at [s\src\hotspot\share\prims\jvm.cpp, line 1310]
Event: 49.272 Thread 0x000001f7c6491800 Exception <a 'java/lang/IllegalArgumentException'{0x000000008a2e9758}> (0x000000008a2e9758) thrown at [s\src\hotspot\share\prims\jvm.cpp, line 1310]
Event: 49.380 Thread 0x000001f7c6491800 Exception <a 'java/lang/IllegalArgumentException'{0x000000008a2f5808}> (0x000000008a2f5808) thrown at [s\src\hotspot\share\prims\jvm.cpp, line 1310]
Event: 49.418 Thread 0x000001f7c6491800 Exception <a 'java/lang/IllegalArgumentException'{0x000000008a16cb18}> (0x000000008a16cb18) thrown at [s\src\hotspot\share\prims\jvm.cpp, line 1310]
Event: 49.455 Thread 0x000001f7c6491800 Exception <a 'java/lang/IllegalArgumentException'{0x000000008a178bb8}> (0x000000008a178bb8) thrown at [s\src\hotspot\share\prims\jvm.cpp, line 1310]
Event: 49.482 Thread 0x000001f7c6491800 Exception <a 'java/lang/IllegalArgumentException'{0x000000008a184c60}> (0x000000008a184c60) thrown at [s\src\hotspot\share\prims\jvm.cpp, line 1310]
Event: 49.510 Thread 0x000001f7c6491800 Exception <a 'java/lang/IllegalArgumentException'{0x000000008a190d00}> (0x000000008a190d00) thrown at [s\src\hotspot\share\prims\jvm.cpp, line 1310]
Event: 49.537 Thread 0x000001f7c6491800 Exception <a 'java/lang/IllegalArgumentException'{0x000000008a19cda0}> (0x000000008a19cda0) thrown at [s\src\hotspot\share\prims\jvm.cpp, line 1310]
Event: 49.552 Thread 0x000001f7c6491800 Exception <a 'java/lang/IllegalArgumentException'{0x000000008a1a8e38}> (0x000000008a1a8e38) thrown at [s\src\hotspot\share\prims\jvm.cpp, line 1310]
Event: 49.564 Thread 0x000001f7c6491800 Exception <a 'java/lang/IllegalArgumentException'{0x000000008a1b4ed0}> (0x000000008a1b4ed0) thrown at [s\src\hotspot\share\prims\jvm.cpp, line 1310]
Event: 49.575 Thread 0x000001f7c6491800 Exception <a 'java/lang/IllegalArgumentException'{0x000000008a1c0f58}> (0x000000008a1c0f58) thrown at [s\src\hotspot\share\prims\jvm.cpp, line 1310]
Event: 49.601 Thread 0x000001f7c6491800 Exception <a 'java/lang/IllegalArgumentException'{0x000000008a1ccfe8}> (0x000000008a1ccfe8) thrown at [s\src\hotspot\share\prims\jvm.cpp, line 1310]
Event: 49.638 Thread 0x000001f7c6491800 Exception <a 'java/lang/IllegalArgumentException'{0x000000008a1d9068}> (0x000000008a1d9068) thrown at [s\src\hotspot\share\prims\jvm.cpp, line 1310]
Event: 49.660 Thread 0x000001f7c6491800 Exception <a 'java/lang/IllegalArgumentException'{0x000000008a1e50f0}> (0x000000008a1e50f0) thrown at [s\src\hotspot\share\prims\jvm.cpp, line 1310]
Event: 49.679 Thread 0x000001f7c6491800 Exception <a 'java/lang/IllegalArgumentException'{0x000000008a1f13c8}> (0x000000008a1f13c8) thrown at [s\src\hotspot\share\prims\jvm.cpp, line 1310]
Event: 49.709 Thread 0x000001f7c6491800 Exception <a 'java/lang/IllegalArgumentException'{0x000000008a1fd448}> (0x000000008a1fd448) thrown at [s\src\hotspot\share\prims\jvm.cpp, line 1310]
Event: 49.736 Thread 0x000001f7c6491800 Exception <a 'java/lang/IllegalArgumentException'{0x000000008a0099f8}> (0x000000008a0099f8) thrown at [s\src\hotspot\share\prims\jvm.cpp, line 1310]
Event: 49.750 Thread 0x000001f7c6491800 Exception <a 'java/lang/IllegalArgumentException'{0x000000008a015a68}> (0x000000008a015a68) thrown at [s\src\hotspot\share\prims\jvm.cpp, line 1310]
Event: 49.770 Thread 0x000001f7c6491800 Exception <a 'java/lang/IllegalArgumentException'{0x000000008a021ac8}> (0x000000008a021ac8) thrown at [s\src\hotspot\share\prims\jvm.cpp, line 1310]

Events (20 events):
Event: 42.922 Executing VM operation: RevokeBias
Event: 42.922 Executing VM operation: RevokeBias done
Event: 43.690 Executing VM operation: RevokeBias
Event: 43.691 Executing VM operation: RevokeBias done
Event: 44.328 Executing VM operation: RevokeBias
Event: 44.330 Executing VM operation: RevokeBias done
Event: 45.280 Executing VM operation: RevokeBias
Event: 45.281 Executing VM operation: RevokeBias done
Event: 47.528 Executing VM operation: RevokeBias
Event: 47.530 Executing VM operation: RevokeBias done
Event: 48.227 Executing VM operation: RevokeBias
Event: 48.228 Executing VM operation: RevokeBias done
Event: 48.885 loading class javafx/application/Application
Event: 48.885 loading class javafx/application/Application done
Event: 48.886 loading class javafx/application/Application
Event: 48.886 loading class javafx/application/Application done
Event: 49.057 Executing VM operation: RevokeBias
Event: 49.057 Executing VM operation: RevokeBias done
Event: 49.709 Executing VM operation: BulkRevokeBias
Event: 49.709 Executing VM operation: BulkRevokeBias done


Dynamic libraries:
0x00007ff764810000 - 0x00007ff76481e000 	C:\Users\alonh\.jdks\corretto-11.0.22\bin\java.exe
0x00007ff810f50000 - 0x00007ff811167000 	C:\Windows\SYSTEM32\ntdll.dll
0x00007ff810330000 - 0x00007ff8103f4000 	C:\Windows\System32\KERNEL32.DLL
0x00007ff80e6c0000 - 0x00007ff80ea66000 	C:\Windows\System32\KERNELBASE.dll
0x0000000075900000 - 0x0000000075c32000 	C:\Program Files\Norton Security\NortonData\22.23.5.106\Definitions\IPSDefs\20231207.064\IPSEng64.dll
0x00007ff80eca0000 - 0x00007ff80ed53000 	C:\Windows\System32\ADVAPI32.dll
0x00007ff810510000 - 0x00007ff8105b7000 	C:\Windows\System32\msvcrt.dll
0x00007ff810400000 - 0x00007ff8104a8000 	C:\Windows\System32\sechost.dll
0x00007ff80e3e0000 - 0x00007ff80e408000 	C:\Windows\System32\bcrypt.dll
0x00007ff80ef70000 - 0x00007ff80f087000 	C:\Windows\System32\RPCRT4.dll
0x00007ff80edf0000 - 0x00007ff80edf8000 	C:\Windows\System32\PSAPI.DLL
0x00007ff80e2c0000 - 0x00007ff80e3d1000 	C:\Windows\System32\ucrtbase.dll
0x00007fffb59b0000 - 0x00007fffb59cb000 	C:\Users\alonh\.jdks\corretto-11.0.22\bin\VCRUNTIME140.dll
0x00007fffb5090000 - 0x00007fffb50a7000 	C:\Users\alonh\.jdks\corretto-11.0.22\bin\jli.dll
0x00007ff810720000 - 0x00007ff8108ce000 	C:\Windows\System32\USER32.dll
0x00007fffe7080000 - 0x00007fffe7313000 	C:\Windows\WinSxS\amd64_microsoft.windows.common-controls_6595b64144ccf1df_6.0.22621.2506_none_270c5ae97388e100\COMCTL32.dll
0x00007ff80e290000 - 0x00007ff80e2b6000 	C:\Windows\System32\win32u.dll
0x00007ff8108d0000 - 0x00007ff8108f9000 	C:\Windows\System32\GDI32.dll
0x00007ff80e520000 - 0x00007ff80e638000 	C:\Windows\System32\gdi32full.dll
0x00007ff80e480000 - 0x00007ff80e51a000 	C:\Windows\System32\msvcp_win.dll
0x00007ff810a30000 - 0x00007ff810a61000 	C:\Windows\System32\IMM32.DLL
0x00007fffe08c0000 - 0x00007fffe08cc000 	C:\Users\alonh\.jdks\corretto-11.0.22\bin\vcruntime140_1.dll
0x00007fff49650000 - 0x00007fff496dd000 	C:\Users\alonh\.jdks\corretto-11.0.22\bin\msvcp140.dll
0x00007fff48a80000 - 0x00007fff49643000 	C:\Users\alonh\.jdks\corretto-11.0.22\bin\server\jvm.dll
0x00007ff803670000 - 0x00007ff80367a000 	C:\Windows\SYSTEM32\VERSION.dll
0x00007ffff4950000 - 0x00007ffff4959000 	C:\Windows\SYSTEM32\WSOCK32.dll
0x00007ff8004c0000 - 0x00007ff8004f4000 	C:\Windows\SYSTEM32\WINMM.dll
0x00007ff8105c0000 - 0x00007ff810631000 	C:\Windows\System32\WS2_32.dll
0x00007ff80d390000 - 0x00007ff80d3a8000 	C:\Windows\SYSTEM32\kernel.appcore.dll
0x00007fffe0470000 - 0x00007fffe0480000 	C:\Users\alonh\.jdks\corretto-11.0.22\bin\verify.dll
0x00007ff80bc50000 - 0x00007ff80be83000 	C:\Windows\SYSTEM32\DBGHELP.DLL
0x00007ff80f2c0000 - 0x00007ff80f649000 	C:\Windows\System32\combase.dll
0x00007ff810640000 - 0x00007ff810717000 	C:\Windows\System32\OLEAUT32.dll
0x00007ff802030000 - 0x00007ff802062000 	C:\Windows\SYSTEM32\dbgcore.DLL
0x00007ff80e640000 - 0x00007ff80e6ba000 	C:\Windows\System32\bcryptPrimitives.dll
0x00007fffb5000000 - 0x00007fffb5028000 	C:\Users\alonh\.jdks\corretto-11.0.22\bin\java.dll
0x00007fffde250000 - 0x00007fffde25a000 	C:\Users\alonh\.jdks\corretto-11.0.22\bin\jimage.dll
0x00007ff80ad80000 - 0x00007ff80ad8e000 	C:\Users\alonh\.jdks\corretto-11.0.22\bin\instrument.dll
0x00007fffb4550000 - 0x00007fffb4568000 	C:\Users\alonh\.jdks\corretto-11.0.22\bin\zip.dll
0x00007ff80f950000 - 0x00007ff8101aa000 	C:\Windows\System32\SHELL32.dll
0x00007ff80c1a0000 - 0x00007ff80ca96000 	C:\Windows\SYSTEM32\windows.storage.dll
0x00007ff80c060000 - 0x00007ff80c19e000 	C:\Windows\SYSTEM32\wintypes.dll
0x00007ff80f840000 - 0x00007ff80f933000 	C:\Windows\System32\SHCORE.dll
0x00007ff810910000 - 0x00007ff81096e000 	C:\Windows\System32\shlwapi.dll
0x00007ff80e1c0000 - 0x00007ff80e1e6000 	C:\Windows\SYSTEM32\profapi.dll
0x00007fffa8cf0000 - 0x00007fffa8d09000 	C:\Users\alonh\.jdks\corretto-11.0.22\bin\net.dll
0x00007ff807940000 - 0x00007ff807a77000 	C:\Windows\SYSTEM32\WINHTTP.dll
0x00007ff80d830000 - 0x00007ff80d899000 	C:\Windows\system32\mswsock.dll
0x00007fffa8000000 - 0x00007fffa8012000 	C:\Users\alonh\.jdks\corretto-11.0.22\bin\nio.dll
0x00007fffaa8b0000 - 0x00007fffaa8ca000 	C:\Users\alonh\AppData\Local\Programs\IntelliJ IDEA Ultimate\bin\breakgen64.dll
0x000001f7a35c0000 - 0x000001f7a35c3000 	C:\Users\alonh\.openjfx\cache\17.0.6\api-ms-win-core-console-l1-1-0.dll
0x000001f7a35d0000 - 0x000001f7a35d3000 	C:\Users\alonh\.openjfx\cache\17.0.6\api-ms-win-core-console-l1-2-0.dll
0x000001f7a35e0000 - 0x000001f7a35e3000 	C:\Users\alonh\.openjfx\cache\17.0.6\api-ms-win-core-datetime-l1-1-0.dll
0x000001f7a35f0000 - 0x000001f7a35f3000 	C:\Users\alonh\.openjfx\cache\17.0.6\api-ms-win-core-debug-l1-1-0.dll
0x000001f7a5570000 - 0x000001f7a5573000 	C:\Users\alonh\.openjfx\cache\17.0.6\api-ms-win-core-errorhandling-l1-1-0.dll
0x000001f7a5580000 - 0x000001f7a5584000 	C:\Users\alonh\.openjfx\cache\17.0.6\api-ms-win-core-file-l1-1-0.dll
0x000001f7a5590000 - 0x000001f7a5593000 	C:\Users\alonh\.openjfx\cache\17.0.6\api-ms-win-core-file-l1-2-0.dll
0x000001f7a55a0000 - 0x000001f7a55a3000 	C:\Users\alonh\.openjfx\cache\17.0.6\api-ms-win-core-file-l2-1-0.dll
0x000001f7c6fd0000 - 0x000001f7c6fd3000 	C:\Users\alonh\.openjfx\cache\17.0.6\api-ms-win-core-handle-l1-1-0.dll
0x000001f7c6fe0000 - 0x000001f7c6fe3000 	C:\Users\alonh\.openjfx\cache\17.0.6\api-ms-win-core-heap-l1-1-0.dll
0x000001f7c6ff0000 - 0x000001f7c6ff3000 	C:\Users\alonh\.openjfx\cache\17.0.6\api-ms-win-core-interlocked-l1-1-0.dll
0x000001f7c7000000 - 0x000001f7c7003000 	C:\Users\alonh\.openjfx\cache\17.0.6\api-ms-win-core-libraryloader-l1-1-0.dll
0x000001f7c7010000 - 0x000001f7c7013000 	C:\Users\alonh\.openjfx\cache\17.0.6\api-ms-win-core-localization-l1-2-0.dll
0x000001f7c7020000 - 0x000001f7c7023000 	C:\Users\alonh\.openjfx\cache\17.0.6\api-ms-win-core-memory-l1-1-0.dll
0x000001f7c7030000 - 0x000001f7c7033000 	C:\Users\alonh\.openjfx\cache\17.0.6\api-ms-win-core-namedpipe-l1-1-0.dll
0x000001f7c7040000 - 0x000001f7c7043000 	C:\Users\alonh\.openjfx\cache\17.0.6\api-ms-win-core-processenvironment-l1-1-0.dll
0x000001f7c7050000 - 0x000001f7c7053000 	C:\Users\alonh\.openjfx\cache\17.0.6\api-ms-win-core-processthreads-l1-1-0.dll
0x000001f7c7060000 - 0x000001f7c7063000 	C:\Users\alonh\.openjfx\cache\17.0.6\api-ms-win-core-processthreads-l1-1-1.dll
0x000001f7c7070000 - 0x000001f7c7073000 	C:\Users\alonh\.openjfx\cache\17.0.6\api-ms-win-core-profile-l1-1-0.dll
0x000001f7c7080000 - 0x000001f7c7083000 	C:\Users\alonh\.openjfx\cache\17.0.6\api-ms-win-core-rtlsupport-l1-1-0.dll
0x000001f7c7090000 - 0x000001f7c7093000 	C:\Users\alonh\.openjfx\cache\17.0.6\api-ms-win-core-string-l1-1-0.dll
0x000001f7c70a0000 - 0x000001f7c70a3000 	C:\Users\alonh\.openjfx\cache\17.0.6\api-ms-win-core-synch-l1-1-0.dll
0x000001f7c70b0000 - 0x000001f7c70b3000 	C:\Users\alonh\.openjfx\cache\17.0.6\api-ms-win-core-synch-l1-2-0.dll
0x000001f7c70c0000 - 0x000001f7c70c3000 	C:\Users\alonh\.openjfx\cache\17.0.6\api-ms-win-core-sysinfo-l1-1-0.dll
0x000001f7c70d0000 - 0x000001f7c70d3000 	C:\Users\alonh\.openjfx\cache\17.0.6\api-ms-win-core-timezone-l1-1-0.dll
0x000001f7c70e0000 - 0x000001f7c70e3000 	C:\Users\alonh\.openjfx\cache\17.0.6\api-ms-win-core-util-l1-1-0.dll
0x000001f7c70f0000 - 0x000001f7c70f3000 	C:\Users\alonh\.openjfx\cache\17.0.6\api-ms-win-crt-conio-l1-1-0.dll
0x000001f7c7100000 - 0x000001f7c7104000 	C:\Users\alonh\.openjfx\cache\17.0.6\api-ms-win-crt-convert-l1-1-0.dll
0x000001f7c7110000 - 0x000001f7c7113000 	C:\Users\alonh\.openjfx\cache\17.0.6\api-ms-win-crt-environment-l1-1-0.dll
0x000001f7c7120000 - 0x000001f7c7123000 	C:\Users\alonh\.openjfx\cache\17.0.6\api-ms-win-crt-filesystem-l1-1-0.dll
0x000001f7c7130000 - 0x000001f7c7133000 	C:\Users\alonh\.openjfx\cache\17.0.6\api-ms-win-crt-heap-l1-1-0.dll
0x000001f7c7140000 - 0x000001f7c7143000 	C:\Users\alonh\.openjfx\cache\17.0.6\api-ms-win-crt-locale-l1-1-0.dll
0x000001f7c7150000 - 0x000001f7c7155000 	C:\Users\alonh\.openjfx\cache\17.0.6\api-ms-win-crt-math-l1-1-0.dll
0x000001f7c7160000 - 0x000001f7c7165000 	C:\Users\alonh\.openjfx\cache\17.0.6\api-ms-win-crt-multibyte-l1-1-0.dll
0x000001f7c7170000 - 0x000001f7c7180000 	C:\Users\alonh\.openjfx\cache\17.0.6\api-ms-win-crt-private-l1-1-0.dll
0x000001f7c7180000 - 0x000001f7c7183000 	C:\Users\alonh\.openjfx\cache\17.0.6\api-ms-win-crt-process-l1-1-0.dll
0x000001f7c7190000 - 0x000001f7c7194000 	C:\Users\alonh\.openjfx\cache\17.0.6\api-ms-win-crt-runtime-l1-1-0.dll
0x000001f7c71a0000 - 0x000001f7c71a4000 	C:\Users\alonh\.openjfx\cache\17.0.6\api-ms-win-crt-stdio-l1-1-0.dll
0x000001f7c71b0000 - 0x000001f7c71b4000 	C:\Users\alonh\.openjfx\cache\17.0.6\api-ms-win-crt-string-l1-1-0.dll
0x000001f7c71c0000 - 0x000001f7c71c3000 	C:\Users\alonh\.openjfx\cache\17.0.6\api-ms-win-crt-time-l1-1-0.dll
0x000001f7c71d0000 - 0x000001f7c71d3000 	C:\Users\alonh\.openjfx\cache\17.0.6\api-ms-win-crt-utility-l1-1-0.dll
0x00007fff4a970000 - 0x00007fff4aa6c000 	C:\Users\alonh\.openjfx\cache\17.0.6\ucrtbase.dll
0x00007fff94cc0000 - 0x00007fff94cda000 	C:\Users\alonh\.openjfx\cache\17.0.6\vcruntime140.dll
0x00007fffd0090000 - 0x00007fffd009c000 	C:\Users\alonh\.openjfx\cache\17.0.6\vcruntime140_1.dll
0x00007fff4a710000 - 0x00007fff4a79d000 	C:\Users\alonh\.openjfx\cache\17.0.6\msvcp140.dll
0x00007fffd0010000 - 0x00007fffd0019000 	C:\Users\alonh\.openjfx\cache\17.0.6\msvcp140_1.dll
0x00007fff4a940000 - 0x00007fff4a96f000 	C:\Users\alonh\.openjfx\cache\17.0.6\msvcp140_2.dll
0x00007fff4a6e0000 - 0x00007fff4a70a000 	C:\Users\alonh\.openjfx\cache\17.0.6\prism_d3d.dll
0x00007fffdded0000 - 0x00007fffde079000 	C:\Windows\system32\d3d9.dll
0x00007ff80b540000 - 0x00007ff80b56b000 	C:\Windows\SYSTEM32\dwmapi.dll
0x00007ff80b3d0000 - 0x00007ff80b406000 	C:\Windows\SYSTEM32\dxcore.dll
0x00007ff80b220000 - 0x00007ff80b2cb000 	C:\Windows\system32\uxtheme.dll
0x00007fffb90d0000 - 0x00007fffb9180000 	C:\Windows\SYSTEM32\d3d9on12.dll
0x00007ff80b410000 - 0x00007ff80b508000 	C:\Windows\SYSTEM32\dxgi.dll
0x00007ffff5440000 - 0x00007ffff5469000 	C:\Windows\SYSTEM32\d3d12.dll
0x00007ff80dfb0000 - 0x00007ff80dffe000 	C:\Windows\SYSTEM32\cfgmgr32.dll
0x00007fffb61f0000 - 0x00007fffb63f3000 	C:\Windows\SYSTEM32\D3D12Core.dll
0x00007ffff5410000 - 0x00007ffff5437000 	C:\Windows\System32\DriverStore\FileRepository\iigd_dch.inf_amd64_ce2a84db4d20c228\igd12umd64.dll
0x00007fffa1630000 - 0x00007fffa257b000 	C:\Windows\System32\DriverStore\FileRepository\iigd_dch.inf_amd64_ce2a84db4d20c228\igd12um64xel.dll
0x00007ff80eb30000 - 0x00007ff80ec96000 	C:\Windows\System32\CRYPT32.dll
0x00007ff80f650000 - 0x00007ff80f7f0000 	C:\Windows\System32\ole32.dll
0x00007fffdd400000 - 0x00007fffdd444000 	C:\Windows\SYSTEM32\ControlLib.dll
0x00007ff810a70000 - 0x00007ff810ee4000 	C:\Windows\System32\SETUPAPI.dll
0x00007ff80df50000 - 0x00007ff80df7c000 	C:\Windows\SYSTEM32\DEVOBJ.dll
0x00007ff800060000 - 0x00007ff8000e8000 	C:\Windows\System32\DriverStore\FileRepository\iigd_dch.inf_amd64_ce2a84db4d20c228\IntelControlLib.dll
0x00007ff80e410000 - 0x00007ff80e47b000 	C:\Windows\System32\WINTRUST.dll
0x00007ff80df30000 - 0x00007ff80df42000 	C:\Windows\SYSTEM32\MSASN1.dll
0x00007ff807290000 - 0x00007ff8072da000 	C:\Windows\SYSTEM32\directxdatabasehelper.dll
0x00007ffffbde0000 - 0x00007ffffc1b4000 	C:\Windows\System32\DriverStore\FileRepository\iigd_dch.inf_amd64_ce2a84db4d20c228\igdgmm64.dll
0x00007ffff7fc0000 - 0x00007ffffbdd2000 	C:\Windows\System32\DriverStore\FileRepository\iigd_dch.inf_amd64_ce2a84db4d20c228\igc64.dll
0x00007ffff5090000 - 0x00007ffff50bf000 	C:\Windows\SYSTEM32\D3DSCache.dll
0x00007ff80d920000 - 0x00007ff80d94c000 	C:\Windows\SYSTEM32\USERENV.dll
0x00007fffa0280000 - 0x00007fffa162d000 	C:\Windows\System32\DriverStore\FileRepository\iigd_dch.inf_amd64_ce2a84db4d20c228\igd12dxva64.dll
0x00007fff9e560000 - 0x00007fffa0280000 	C:\Windows\System32\DriverStore\FileRepository\iigd_dch.inf_amd64_ce2a84db4d20c228\media_bin_64.dll
0x00007fffe4450000 - 0x00007fffe4477000 	C:\Windows\System32\DriverStore\FileRepository\iigd_dch.inf_amd64_ce2a84db4d20c228\igdinfo64.dll
0x00007ff801ab0000 - 0x00007ff801d35000 	C:\Windows\SYSTEM32\twinapi.appcore.dll
0x00007fff4a690000 - 0x00007fff4a6d2000 	C:\Users\alonh\.openjfx\cache\17.0.6\glass.dll
0x00007ff8101b0000 - 0x00007ff8102a9000 	C:\Windows\System32\COMDLG32.dll

dbghelp: loaded successfully - version: 4.0.5 - missing functions: none
symbol engine: initialized successfully - sym options: 0x614 - pdb path: .;C:\Users\alonh\.jdks\corretto-11.0.22\bin;C:\Windows\SYSTEM32;C:\Program Files\Norton Security\NortonData\22.23.5.106\Definitions\IPSDefs\20231207.064;C:\Windows\WinSxS\amd64_microsoft.windows.common-controls_6595b64144ccf1df_6.0.22621.2506_none_270c5ae97388e100;C:\Users\alonh\.jdks\corretto-11.0.22\bin\server;C:\Users\alonh\AppData\Local\Programs\IntelliJ IDEA Ultimate\bin;C:\Users\alonh\.openjfx\cache\17.0.6;C:\Windows\System32\DriverStore\FileRepository\iigd_dch.inf_amd64_ce2a84db4d20c228;C:\Program Files\Common Files\Microsoft Shared\Ink

VM Arguments:
jvm_args: -javaagent:C:\Users\alonh\AppData\Local\Programs\IntelliJ IDEA Ultimate\lib\idea_rt.jar=61818:C:\Users\alonh\AppData\Local\Programs\IntelliJ IDEA Ultimate\bin -Dfile.encoding=UTF-8 --module-path=C:\Users\alonh\.m2\repository\org\kordamp\bootstrapfx\bootstrapfx-core\0.4.0\bootstrapfx-core-0.4.0.jar;C:\Users\alonh\IdeaProjects\Joyeria_ProyectoMult\target\classes;C:\Users\alonh\.m2\repository\org\controlsfx\controlsfx\11.1.2\controlsfx-11.1.2.jar;C:\Users\alonh\.m2\repository\org\openjfx\javafx-controls\17.0.6\javafx-controls-17.0.6-win.jar;C:\Users\alonh\.m2\repository\org\openjfx\javafx-fxml\17.0.6\javafx-fxml-17.0.6-win.jar;C:\Users\alonh\.m2\repository\org\openjfx\javafx-graphics\17.0.6\javafx-graphics-17.0.6-win.jar;C:\Users\alonh\.m2\repository\net\synedra\validatorfx\0.4.0\validatorfx-0.4.0.jar;C:\Users\alonh\.m2\repository\org\openjfx\javafx-base\17.0.6\javafx-base-17.0.6-win.jar;C:\Users\alonh\.m2\repository\com\dlsc\formsfx\formsfx-core\11.6.0\formsfx-core-11.6.0.jar -Djdk.module.main=com.eduard034.joyeria_proyectomult 
java_command: com.eduard034.joyeria_proyectomult/com.eduard034.joyeria_proyectomult.JoyeriaApp
java_class_path (initial): C:\Users\alonh\.m2\repository\org\openjfx\javafx-controls\17.0.6\javafx-controls-17.0.6.jar;C:\Users\alonh\.m2\repository\org\openjfx\javafx-graphics\17.0.6\javafx-graphics-17.0.6.jar;C:\Users\alonh\.m2\repository\org\openjfx\javafx-base\17.0.6\javafx-base-17.0.6.jar;C:\Users\alonh\.m2\repository\org\openjfx\javafx-fxml\17.0.6\javafx-fxml-17.0.6.jar
Launcher Type: SUN_STANDARD

[Global flags]
     intx CICompilerCount                          = 4                                         {product} {ergonomic}
     uint ConcGCThreads                            = 3                                         {product} {ergonomic}
     uint G1ConcRefinementThreads                  = 10                                        {product} {ergonomic}
   size_t G1HeapRegionSize                         = 1048576                                   {product} {ergonomic}
    uintx GCDrainStackTargetSize                   = 64                                        {product} {ergonomic}
   size_t InitialHeapSize                          = 130023424                                 {product} {ergonomic}
   size_t MarkStackSize                            = 4194304                                   {product} {ergonomic}
   size_t MaxHeapSize                              = 2071986176                                {product} {ergonomic}
   size_t MaxNewSize                               = 1242562560                                {product} {ergonomic}
   size_t MinHeapDeltaBytes                        = 1048576                                   {product} {ergonomic}
    uintx NonNMethodCodeHeapSize                   = 5836300                                {pd product} {ergonomic}
    uintx NonProfiledCodeHeapSize                  = 122910970                              {pd product} {ergonomic}
    uintx ProfiledCodeHeapSize                     = 122910970                              {pd product} {ergonomic}
    uintx ReservedCodeCacheSize                    = 251658240                              {pd product} {ergonomic}
     bool SegmentedCodeCache                       = true                                      {product} {ergonomic}
     bool UseCompressedClassPointers               = true                                 {lp64_product} {ergonomic}
     bool UseCompressedOops                        = true                                 {lp64_product} {ergonomic}
     bool UseG1GC                                  = true                                      {product} {ergonomic}
     bool UseLargePagesIndividualAllocation        = false                                  {pd product} {ergonomic}

Logging:
Log output configuration:
 #0: stdout all=warning uptime,level,tags
 #1: stderr all=off uptime,level,tags

Environment Variables:
PATH=C:\Program Files\Eclipse Adoptium\jdk-21.0.1.12-hotspot\bin;"C:\Program Files\Common Files\Oracle\Java\javapath;C:\Program Files\Java\jdk-21\bin";C:\Windows\system32;C:\Windows;C:\Windows\System32\Wbem;C:\Windows\System32\WindowsPowerShell\v1.0\;C:\Windows\System32\OpenSSH\;C:\Program Files (x86)\NVIDIA Corporation\PhysX\Common;C:\Program Files\NVIDIA Corporation\NVIDIA NvDLISR;C:\Program Files\Git\cmd;C:\Program Files\dotnet\;C:\Users\alonh\AppData\Local\Microsoft\WindowsApps;C:\Users\alonh\AppData\Local\JetBrains\Toolbox\scripts;C:\Users\alonh\AppData\Local\Programs\Microsoft VS Code\bin;C:\Users\alonh\AppData\Local\GitHubDesktop\bin
USERNAME=alonh
OS=Windows_NT
PROCESSOR_IDENTIFIER=Intel64 Family 6 Model 154 Stepping 3, GenuineIntel
TMP=C:\Users\alonh\AppData\Local\Temp
TEMP=C:\Users\alonh\AppData\Local\Temp



---------------  S Y S T E M  ---------------

OS: Windows 11 , 64 bit Build 22621 (10.0.22621.2506)
OS uptime: 9 days 16:02 hours
Hyper-V role detected

CPU:total 12 (initial active 12) (6 cores per cpu, 2 threads per core) family 6 model 154 stepping 3 microcode 0x424, cmov, cx8, fxsr, mmx, sse, sse2, sse3, ssse3, sse4.1, sse4.2, popcnt, avx, avx2, aes, clmul, erms, 3dnowpref, lzcnt, ht, tsc, tscinvbit, bmi1, bmi2, adx, sha, fma

Memory: 4k page, system-wide physical 7896M (818M free)
TotalPageFile size 28583M (AvailPageFile size 8980M)
current process WorkingSet (physical memory assigned to process): 237M, peak: 552M
current process commit charge ("private bytes"): 744M, peak: 744M

vm_info: OpenJDK 64-Bit Server VM (11.0.22+7-LTS) for windows-amd64 JRE (11.0.22+7-LTS), built on Jan 10 2024 19:54:00 by "Administrator" with MS VC++ 16.10 / 16.11 (VS2019)

END.
