#
# A fatal error has been detected by the Java Runtime Environment:
#
#  EXCEPTION_ACCESS_VIOLATION (0xc0000005) at pc=0x6b886c62, pid=26396, tid=33532
#
# JRE version: OpenJDK Runtime Environment Temurin-11.0.21+9 (11.0.21+9) (build 11.0.21+9)
# Java VM: OpenJDK Client VM Temurin-11.0.21+9 (11.0.21+9, mixed mode, serial gc, windows-x86)
# Problematic frame:
# C  [glass.dll+0x16c62]
#
# No core dump will be written. Minidumps are not enabled by default on client versions of Windows
#
# If you would like to submit a bug report, please visit:
#   https://github.com/adoptium/adoptium-support/issues
# The crash happened outside the Java Virtual Machine in native code.
# See problematic frame for where to report the bug.
#

---------------  S U M M A R Y ------------

Command Line: -javaagent:C:\Users\luigu\AppData\Local\Programs\IntelliJ IDEA Ultimate\lib\idea_rt.jar=59959:C:\Users\luigu\AppData\Local\Programs\IntelliJ IDEA Ultimate\bin -Dfile.encoding=UTF-8 --module-path=C:\Users\luigu\.m2\repository\com\dlsc\formsfx\formsfx-core\11.6.0\formsfx-core-11.6.0.jar;C:\Users\luigu\.m2\repository\org\kordamp\bootstrapfx\bootstrapfx-core\0.4.0\bootstrapfx-core-0.4.0.jar;C:\Users\luigu\.m2\repository\org\openjfx\javafx-fxml\17.0.6\javafx-fxml-17.0.6-win-x86.jar;C:\Users\luigu\.m2\repository\org\openjfx\javafx-graphics\17.0.6\javafx-graphics-17.0.6-win-x86.jar;C:\Users\luigu\.m2\repository\org\controlsfx\controlsfx\11.1.2\controlsfx-11.1.2.jar;C:\Users\luigu\IdeaProjects\Joyeria_ProyectoMult\target\classes;C:\Users\luigu\.m2\repository\org\openjfx\javafx-controls\17.0.6\javafx-controls-17.0.6-win-x86.jar;C:\Users\luigu\.m2\repository\org\openjfx\javafx-base\17.0.6\javafx-base-17.0.6-win-x86.jar;C:\Users\luigu\.m2\repository\net\synedra\validatorfx\0.4.0\validatorfx-0.4.0.jar -Djdk.module.main=com.eduard034.joyeria_proyectomult com.eduard034.joyeria_proyectomult/com.eduard034.joyeria_proyectomult.JoyeriaApp

Host: 12th Gen Intel(R) Core(TM) i5-12450H, 12 cores, 7G,  Windows 11 , 64 bit Build 22621 (10.0.22621.3374)
Time: Fri Apr 19 09:51:31 2024 Hora estándar central (México) elapsed time: 306.033695 seconds (0d 0h 5m 6s)

---------------  T H R E A D  ---------------

Current thread (0x1688f400):  JavaThread "JavaFX Application Thread" [_thread_in_native, id=33532, stack(0x19bc0000,0x19c10000)]

Stack: [0x19bc0000,0x19c10000],  sp=0x19c0e45c,  free space=313k
Native frames: (J=compiled Java code, A=aot compiled Java code, j=interpreted, Vv=VM code, C=native code)
C  [glass.dll+0x16c62]

Java frames: (J=compiled Java code, j=interpreted, Vv=VM code)
j  com.sun.glass.ui.win.WinWindow._close(J)Z+0 javafx.graphics
j  com.sun.glass.ui.Window.close()V+63 javafx.graphics
j  com.sun.glass.ui.win.WinWindow.close()V+8 javafx.graphics
j  com.sun.glass.ui.Application.terminate()V+75 javafx.graphics
j  com.sun.javafx.tk.quantum.QuantumToolkit.lambda$exit$13()Ljava/lang/Object;+5 javafx.graphics
j  com.sun.javafx.tk.quantum.QuantumToolkit$$Lambda$688.get()Ljava/lang/Object;+0 javafx.graphics
j  com.sun.javafx.tk.quantum.QuantumToolkit.runWithRenderLock(Ljava/util/function/Supplier;)Ljava/lang/Object;+7 javafx.graphics
j  com.sun.javafx.tk.quantum.QuantumToolkit.exit()V+26 javafx.graphics
j  com.sun.javafx.application.PlatformImpl.lambda$tkExit$16()V+3 javafx.graphics
j  com.sun.javafx.application.PlatformImpl$$Lambda$687.run()V+0 javafx.graphics
j  com.sun.javafx.application.PlatformImpl.lambda$runAndWait$12(Ljava/lang/Runnable;Ljava/util/concurrent/CountDownLatch;)V+1 javafx.graphics
j  com.sun.javafx.application.PlatformImpl$$Lambda$87.run()V+8 javafx.graphics
j  com.sun.javafx.application.PlatformImpl.lambda$runLater$10(Ljava/lang/Runnable;)Ljava/lang/Void;+1 javafx.graphics
j  com.sun.javafx.application.PlatformImpl$$Lambda$90.run()Ljava/lang/Object;+4 javafx.graphics
v  ~StubRoutines::call_stub
J 1298  java.security.AccessController.doPrivileged(Ljava/security/PrivilegedAction;Ljava/security/AccessControlContext;)Ljava/lang/Object; java.base@11.0.21 (0 bytes) @ 0x03815187 [0x03815120+0x00000067]
j  com.sun.javafx.application.PlatformImpl.lambda$runLater$11(Ljava/lang/Runnable;Ljava/security/AccessControlContext;)V+7 javafx.graphics
j  com.sun.javafx.application.PlatformImpl$$Lambda$89.run()V+8 javafx.graphics
J 1812 c1 com.sun.glass.ui.InvokeLaterDispatcher$Future.run()V javafx.graphics (91 bytes) @ 0x03893980 [0x03893950+0x00000030]
v  ~StubRoutines::call_stub
j  com.sun.glass.ui.win.WinApplication._runLoop(Ljava/lang/Runnable;)V+0 javafx.graphics
j  com.sun.glass.ui.win.WinApplication.lambda$runLoop$3(ILjava/lang/Runnable;)V+8 javafx.graphics
j  com.sun.glass.ui.win.WinApplication$$Lambda$78.run()V+12 javafx.graphics
j  java.lang.Thread.run()V+11 java.base@11.0.21
v  ~StubRoutines::call_stub

siginfo: EXCEPTION_ACCESS_VIOLATION (0xc0000005), reading address 0x000000b8


Register to memory mapping:

EIP=0x6b886c62 glass.dll
EAX=0x0 is NULL
EBX=0x19c0e690 is pointing into the stack for thread: 0x1688f400
ECX=0x0 is NULL
EDX=0x0 is NULL
ESP=0x19c0e45c is pointing into the stack for thread: 0x1688f400
EBP=0x19c0e488 is pointing into the stack for thread: 0x1688f400
ESI=0x00000401 is an unknown value
EDI=0x0 is NULL


Registers:
EAX=0x00000000, EBX=0x19c0e690, ECX=0x00000000, EDX=0x00000000
ESP=0x19c0e45c, EBP=0x19c0e488, ESI=0x00000401, EDI=0x00000000
EIP=0x6b886c62, EFLAGS=0x00010206

Top of Stack: (sp=0x19c0e45c)
0x19c0e45c:   19c0e690 00000401 19c0e690 6b878df8
0x19c0e46c:   6535160a 167c5748 005e073c 00000401
0x19c0e47c:   19c0e5bc 6b8902b0 ffffffff 00000000
0x19c0e48c:   6b871755 00000401 19c0e690 00000000
0x19c0e49c:   00000401 005e073c 19c0e4d4 6b8716f0
0x19c0e4ac:   76ab30b3 005e073c 00000401 19c0e690
0x19c0e4bc:   00000000 005e073c dcbaabcd 6b8716f0
0x19c0e4cc:   00000401 005e073c 19c0e5cc 76aa3ef6 

Instructions: (pc=0x6b886c62)
0x6b886b62:   21 56 e8 47 42 00 00 ff 35 e8 03 8a 6b 8b f0 ff
0x6b886b72:   77 68 56 e8 96 de fe ff 56 e8 a0 41 00 00 83 c4
0x6b886b82:   10 5e c7 05 a4 03 8a 6b 00 00 00 00 5f c3 83 ec
0x6b886b92:   24 a1 ec e0 89 6b 33 c4 89 44 24 20 8b 44 24 28
0x6b886ba2:   53 89 44 24 04 8b d9 8b 44 24 30 89 44 24 08 8b
0x6b886bb2:   44 24 38 55 89 44 24 10 8b 44 24 38 56 89 83 84
0x6b886bc2:   00 00 00 8b 44 24 0c 89 5c 24 18 bb 00 00 00 80
0x6b886bd2:   8b eb 8b f3 57 8b fb 85 c0 79 29 8d 44 24 20 50
0x6b886be2:   e8 29 aa fe ff 83 c4 04 85 c0 8b 44 24 10 74 14
0x6b886bf2:   8b 74 24 28 8b 5c 24 20 2b f3 8b 7c 24 2c 8b 6c
0x6b886c02:   24 24 2b fd 6a 00 50 ff 74 24 1c 68 d8 23 89 6b
0x6b886c12:   57 56 8b 74 24 34 8b ce 55 53 ff 74 24 38 e8 db
0x6b886c22:   a7 fe ff 8b f8 8d 4e 14 57 e8 40 64 00 00 57 8d
0x6b886c32:   4e 14 e8 c7 64 00 00 8b 4c 24 30 8b c7 5f 5e 5d
0x6b886c42:   5b 33 cc e8 ae 7a 00 00 83 c4 24 c2 10 00 53 8b
0x6b886c52:   d9 56 57 ff 73 08 e8 93 a9 fe ff 8b f8 83 c4 04
0x6b886c62:   8b 87 b8 00 00 00 85 c0 75 03 8b 47 04 3b 05 a4
0x6b886c72:   03 8a 6b 75 29 e8 34 41 00 00 ff 35 e8 03 8a 6b
0x6b886c82:   8b f0 ff 77 68 56 e8 83 dd fe ff 56 e8 8d 40 00
0x6b886c92:   00 83 c4 10 c7 05 a4 03 8a 6b 00 00 00 00 8d 4f
0x6b886ca2:   14 e8 b8 69 00 00 8d 4f 14 e8 e0 69 00 00 ff 73
0x6b886cb2:   08 ff 15 f8 fe 89 6b 85 c0 5f 0f 95 c0 5e 88 43
0x6b886cc2:   04 5b c3 cc cc cc cc cc cc cc cc cc cc cc 55 8b
0x6b886cd2:   ec 6a ff 68 f7 11 89 6b 64 a1 00 00 00 00 50 83
0x6b886ce2:   ec 08 53 56 57 a1 ec e0 89 6b 33 c5 50 8d 45 f4
0x6b886cf2:   64 a3 00 00 00 00 8b f9 ff 77 18 ff 15 60 ff 89
0x6b886d02:   6b 85 c0 75 13 0f 57 c0 66 0f 13 45 ec 8b 55 f0
0x6b886d12:   8b 45 ec e9 a7 00 00 00 68 dc 00 00 00 e8 96 79
0x6b886d22:   00 00 83 c4 04 89 45 f0 c7 45 fc 00 00 00 00 85
0x6b886d32:   c0 74 19 ff 77 18 8b c8 6a 01 6a 00 6a 00 6a 00
0x6b886d42:   ff 77 10 e8 a6 f9 ff ff 8b d8 eb 02 33 db ff 77
0x6b886d52:   18 8b cb c7 45 fc ff ff ff ff 6a 00 68 00 00 10 


Stack slot to memory mapping:
stack at sp + 0 slots: 0x19c0e690 is pointing into the stack for thread: 0x1688f400
stack at sp + 1 slots: 0x00000401 is an unknown value
stack at sp + 2 slots: 0x19c0e690 is pointing into the stack for thread: 0x1688f400
stack at sp + 3 slots: 0x6b878df8 glass.dll
stack at sp + 4 slots: 0x6535160a is an unknown value
stack at sp + 5 slots: 0x167c5748 points into unknown readable memory: 0x6b89319c | 9c 31 89 6b
stack at sp + 6 slots: 0x005e073c is an unknown value
stack at sp + 7 slots: 0x00000401 is an unknown value


---------------  P R O C E S S  ---------------

Threads class SMR info:
_java_thread_list=0x16d15e10, length=17, elements={
0x03530400, 0x03608400, 0x035f8c00, 0x1582f800,
0x15831400, 0x15832000, 0x15833800, 0x15837000,
0x035b6800, 0x15d62000, 0x1604a800, 0x1684c800,
0x1688f400, 0x169e1c00, 0x169bd800, 0x16a36800,
0x16d16000
}

Java Threads: ( => current thread )
  0x03530400 JavaThread "main" [_thread_blocked, id=28928, stack(0x01460000,0x014b0000)]
  0x03608400 JavaThread "Reference Handler" daemon [_thread_blocked, id=6232, stack(0x034a0000,0x034f0000)]
  0x035f8c00 JavaThread "Finalizer" daemon [_thread_blocked, id=21324, stack(0x05650000,0x056a0000)]
  0x1582f800 JavaThread "Signal Dispatcher" daemon [_thread_blocked, id=22832, stack(0x15a40000,0x15a90000)]
  0x15831400 JavaThread "Attach Listener" daemon [_thread_blocked, id=9400, stack(0x15ad0000,0x15b20000)]
  0x15832000 JavaThread "Service Thread" daemon [_thread_blocked, id=32584, stack(0x15b60000,0x15bb0000)]
  0x15833800 JavaThread "C1 CompilerThread0" daemon [_thread_blocked, id=25756, stack(0x15bf0000,0x15c40000)]
  0x15837000 JavaThread "Sweeper thread" daemon [_thread_blocked, id=22584, stack(0x15c80000,0x15cd0000)]
  0x035b6800 JavaThread "Common-Cleaner" daemon [_thread_blocked, id=22124, stack(0x15d10000,0x15d60000)]
  0x15d62000 JavaThread "Monitor Ctrl-Break" daemon [_thread_in_native, id=32288, stack(0x161a0000,0x161f0000)]
  0x1604a800 JavaThread "QuantumRenderer-0" daemon [_thread_blocked, id=7940, stack(0x164c0000,0x16510000)]
  0x1684c800 JavaThread "InvokeLaterDispatcher" daemon [_thread_blocked, id=28620, stack(0x19a30000,0x19a80000)]
=>0x1688f400 JavaThread "JavaFX Application Thread" [_thread_in_native, id=33532, stack(0x19bc0000,0x19c10000)]
  0x169e1c00 JavaThread "JavaFX-Launcher" [_thread_blocked, id=18736, stack(0x1e1e0000,0x1e230000)]
  0x169bd800 JavaThread "Thread-2" daemon [_thread_in_native, id=25712, stack(0x1e150000,0x1e1a0000)]
  0x16a36800 JavaThread "Prism Font Disposer" daemon [_thread_blocked, id=24376, stack(0x1f810000,0x1f860000)]
  0x16d16000 JavaThread "Cleaner-0" daemon [_thread_blocked, id=25724, stack(0x22b60000,0x22bb0000)]

Other Threads:
  0x035e4000 VMThread "VM Thread" [stack: 0x03410000,0x03460000] [id=26424]
  0x15d62400 WatcherThread [stack: 0x16230000,0x16280000] [id=17396]

Threads with active compile tasks:

VM state:not at safepoint (normal execution)

VM Mutex/Monitor currently owned by a thread: None

Heap:
 def new generation   total 20096K, used 10517K [0x05800000, 0x06dc0000, 0x0ad50000)
  eden space 17920K,  54% used [0x05800000, 0x06181648, 0x06980000)
  from space 2176K,  36% used [0x06980000, 0x06a43eb8, 0x06ba0000)
  to   space 2176K,   0% used [0x06ba0000, 0x06ba0000, 0x06dc0000)
 tenured generation   total 44456K, used 40298K [0x0ad50000, 0x0d8ba000, 0x15800000)
   the space 44456K,  90% used [0x0ad50000, 0x0d4aa8b8, 0x0d4aaa00, 0x0d8ba000)
 Metaspace       used 16410K, capacity 16827K, committed 17024K, reserved 17792K

Card table byte_map: [0x02e80000,0x02f10000] _byte_map_base: 0x02e54000

Polling page: 0x014b0000

Metaspace:

Usage:
   16.43 MB capacity,    16.03 MB ( 98%) used,   296.17 KB (  2%) free+waste,   120.86 KB ( <1%) overhead. 

Virtual space:
     17.38 MB reserved,      16.63 MB ( 96%) committed 

Chunk freelists:
164.50 KB

MaxMetaspaceSize: 4.00 GB
No class space
Initial GC threshold: 12.00 MB
Current GC threshold: 27.71 MB
CDS: off

CodeCache: size=32768Kb used=4634Kb max_used=4634Kb free=28133Kb
 bounds [0x03610000, 0x03a98000, 0x05610000]
 total_blobs=3829 nmethods=3388 adapters=373
 compilation: enabled
              stopped_count=0, restarted_count=0
 full_count=0

Compilation events (20 events):
Event: 305.817 Thread 0x15833800 3379             java.io.PrintStream::print (9 bytes)
Event: 305.817 Thread 0x15833800 nmethod 3379 0x03a91688 code [0x03a917a0, 0x03a9184c]
Event: 305.817 Thread 0x15833800 3380   !         java.io.PrintStream::write (83 bytes)
Event: 305.818 Thread 0x15833800 nmethod 3380 0x03a91908 code [0x03a91aa0, 0x03a91f00]
Event: 305.818 Thread 0x15833800 3381             java.lang.Throwable$WrappedPrintStream::println (9 bytes)
Event: 305.818 Thread 0x15833800 nmethod 3381 0x03a92348 code [0x03a92490, 0x03a92720]
Event: 305.818 Thread 0x15833800 3382   !         java.io.PrintStream::println (31 bytes)
Event: 305.818 Thread 0x15833800 nmethod 3382 0x03a928c8 code [0x03a92a10, 0x03a92c90]
Event: 305.818 Thread 0x15833800 3383   !         java.io.PrintStream::newLine (73 bytes)
Event: 305.818 Thread 0x15833800 nmethod 3383 0x03a92e08 code [0x03a92f90, 0x03a93368]
Event: 305.818 Thread 0x15833800 3384             java.io.BufferedWriter::newLine (8 bytes)
Event: 305.818 Thread 0x15833800 nmethod 3384 0x03a93748 code [0x03a93860, 0x03a9392c]
Event: 305.854 Thread 0x15833800 3385   !         java.lang.Throwable::printStackTrace (177 bytes)
Event: 305.855 Thread 0x15833800 nmethod 3385 0x03a93a08 code [0x03a93c10, 0x03a94330]
Event: 305.855 Thread 0x15833800 3386             java.lang.StackTraceElement::toString (322 bytes)
Event: 305.857 Thread 0x15833800 nmethod 3386 0x03a94a88 code [0x03a94e10, 0x03a95cc0]
Event: 305.857 Thread 0x15833800 3387             java.lang.StackTraceElement::dropClassLoaderName (16 bytes)
Event: 305.857 Thread 0x15833800 nmethod 3387 0x03a965c8 code [0x03a966d0, 0x03a96770]
Event: 305.857 Thread 0x15833800 3388             java.lang.StackTraceElement::isNativeMethod (15 bytes)
Event: 305.857 Thread 0x15833800 nmethod 3388 0x03a967c8 code [0x03a968d0, 0x03a96960]

GC Heap History (20 events):
Event: 90.772 GC heap before
{Heap before GC invocations=25 (full 2):
 def new generation   total 12672K, used 12671K [0x05800000, 0x065c0000, 0x0ad50000)
  eden space 11264K, 100% used [0x05800000, 0x06300000, 0x06300000)
  from space 1408K,  99% used [0x06460000, 0x065bfff8, 0x065c0000)
  to   space 1408K,   0% used [0x06300000, 0x06300000, 0x06460000)
 tenured generation   total 28056K, used 21656K [0x0ad50000, 0x0c8b6000, 0x15800000)
   the space 28056K,  77% used [0x0ad50000, 0x0c276230, 0x0c276400, 0x0c8b6000)
 Metaspace       used 16380K, capacity 16788K, committed 17024K, reserved 17792K
}
Event: 90.779 GC heap after
{Heap after GC invocations=26 (full 2):
 def new generation   total 12672K, used 1408K [0x05800000, 0x065c0000, 0x0ad50000)
  eden space 11264K,   0% used [0x05800000, 0x05800000, 0x06300000)
  from space 1408K, 100% used [0x06300000, 0x06460000, 0x06460000)
  to   space 1408K,   0% used [0x06460000, 0x06460000, 0x065c0000)
 tenured generation   total 28056K, used 24352K [0x0ad50000, 0x0c8b6000, 0x15800000)
   the space 28056K,  86% used [0x0ad50000, 0x0c5182b0, 0x0c518400, 0x0c8b6000)
 Metaspace       used 16380K, capacity 16788K, committed 17024K, reserved 17792K
}
Event: 94.835 GC heap before
{Heap before GC invocations=26 (full 2):
 def new generation   total 12672K, used 12672K [0x05800000, 0x065c0000, 0x0ad50000)
  eden space 11264K, 100% used [0x05800000, 0x06300000, 0x06300000)
  from space 1408K, 100% used [0x06300000, 0x06460000, 0x06460000)
  to   space 1408K,   0% used [0x06460000, 0x06460000, 0x065c0000)
 tenured generation   total 28056K, used 24352K [0x0ad50000, 0x0c8b6000, 0x15800000)
   the space 28056K,  86% used [0x0ad50000, 0x0c5182b0, 0x0c518400, 0x0c8b6000)
 Metaspace       used 16387K, capacity 16790K, committed 17024K, reserved 17792K
}
Event: 94.841 GC heap after
{Heap after GC invocations=27 (full 2):
 def new generation   total 12672K, used 1407K [0x05800000, 0x065c0000, 0x0ad50000)
  eden space 11264K,   0% used [0x05800000, 0x05800000, 0x06300000)
  from space 1408K,  99% used [0x06460000, 0x065bfff8, 0x065c0000)
  to   space 1408K,   0% used [0x06300000, 0x06300000, 0x06460000)
 tenured generation   total 28056K, used 26334K [0x0ad50000, 0x0c8b6000, 0x15800000)
   the space 28056K,  93% used [0x0ad50000, 0x0c7079d0, 0x0c707a00, 0x0c8b6000)
 Metaspace       used 16387K, capacity 16790K, committed 17024K, reserved 17792K
}
Event: 148.425 GC heap before
{Heap before GC invocations=27 (full 2):
 def new generation   total 12672K, used 12671K [0x05800000, 0x065c0000, 0x0ad50000)
  eden space 11264K, 100% used [0x05800000, 0x06300000, 0x06300000)
  from space 1408K,  99% used [0x06460000, 0x065bfff8, 0x065c0000)
  to   space 1408K,   0% used [0x06300000, 0x06300000, 0x06460000)
 tenured generation   total 28056K, used 26334K [0x0ad50000, 0x0c8b6000, 0x15800000)
   the space 28056K,  93% used [0x0ad50000, 0x0c7079d0, 0x0c707a00, 0x0c8b6000)
 Metaspace       used 16398K, capacity 16795K, committed 17024K, reserved 17792K
}
Event: 148.429 GC heap after
{Heap after GC invocations=28 (full 2):
 def new generation   total 12672K, used 769K [0x05800000, 0x065c0000, 0x0ad50000)
  eden space 11264K,   0% used [0x05800000, 0x05800000, 0x06300000)
  from space 1408K,  54% used [0x06300000, 0x063c0630, 0x06460000)
  to   space 1408K,   0% used [0x06460000, 0x06460000, 0x065c0000)
 tenured generation   total 28056K, used 27578K [0x0ad50000, 0x0c8b6000, 0x15800000)
   the space 28056K,  98% used [0x0ad50000, 0x0c83eb78, 0x0c83ec00, 0x0c8b6000)
 Metaspace       used 16398K, capacity 16795K, committed 17024K, reserved 17792K
}
Event: 161.053 GC heap before
{Heap before GC invocations=28 (full 2):
 def new generation   total 12672K, used 12033K [0x05800000, 0x065c0000, 0x0ad50000)
  eden space 11264K, 100% used [0x05800000, 0x06300000, 0x06300000)
  from space 1408K,  54% used [0x06300000, 0x063c0630, 0x06460000)
  to   space 1408K,   0% used [0x06460000, 0x06460000, 0x065c0000)
 tenured generation   total 28056K, used 27578K [0x0ad50000, 0x0c8b6000, 0x15800000)
   the space 28056K,  98% used [0x0ad50000, 0x0c83eb78, 0x0c83ec00, 0x0c8b6000)
 Metaspace       used 16407K, capacity 16831K, committed 17024K, reserved 17792K
}
Event: 161.086 GC heap after
{Heap after GC invocations=29 (full 3):
 def new generation   total 20096K, used 0K [0x05800000, 0x06dc0000, 0x0ad50000)
  eden space 17920K,   0% used [0x05800000, 0x05800000, 0x06980000)
  from space 2176K,   0% used [0x06980000, 0x06980000, 0x06ba0000)
  to   space 2176K,   0% used [0x06ba0000, 0x06ba0000, 0x06dc0000)
 tenured generation   total 44456K, used 26671K [0x0ad50000, 0x0d8ba000, 0x15800000)
   the space 44456K,  59% used [0x0ad50000, 0x0c75bea8, 0x0c75c000, 0x0d8ba000)
 Metaspace       used 16334K, capacity 16742K, committed 17024K, reserved 17792K
}
Event: 208.098 GC heap before
{Heap before GC invocations=29 (full 3):
 def new generation   total 20096K, used 17920K [0x05800000, 0x06dc0000, 0x0ad50000)
  eden space 17920K, 100% used [0x05800000, 0x06980000, 0x06980000)
  from space 2176K,   0% used [0x06980000, 0x06980000, 0x06ba0000)
  to   space 2176K,   0% used [0x06ba0000, 0x06ba0000, 0x06dc0000)
 tenured generation   total 44456K, used 26671K [0x0ad50000, 0x0d8ba000, 0x15800000)
   the space 44456K,  59% used [0x0ad50000, 0x0c75bea8, 0x0c75c000, 0x0d8ba000)
 Metaspace       used 16341K, capacity 16742K, committed 17024K, reserved 17792K
}
Event: 208.102 GC heap after
{Heap after GC invocations=30 (full 3):
 def new generation   total 20096K, used 2018K [0x05800000, 0x06dc0000, 0x0ad50000)
  eden space 17920K,   0% used [0x05800000, 0x05800000, 0x06980000)
  from space 2176K,  92% used [0x06ba0000, 0x06d98ba8, 0x06dc0000)
  to   space 2176K,   0% used [0x06980000, 0x06980000, 0x06ba0000)
 tenured generation   total 44456K, used 26671K [0x0ad50000, 0x0d8ba000, 0x15800000)
   the space 44456K,  59% used [0x0ad50000, 0x0c75bea8, 0x0c75c000, 0x0d8ba000)
 Metaspace       used 16341K, capacity 16742K, committed 17024K, reserved 17792K
}
Event: 226.934 GC heap before
{Heap before GC invocations=30 (full 3):
 def new generation   total 20096K, used 19938K [0x05800000, 0x06dc0000, 0x0ad50000)
  eden space 17920K, 100% used [0x05800000, 0x06980000, 0x06980000)
  from space 2176K,  92% used [0x06ba0000, 0x06d98ba8, 0x06dc0000)
  to   space 2176K,   0% used [0x06980000, 0x06980000, 0x06ba0000)
 tenured generation   total 44456K, used 26671K [0x0ad50000, 0x0d8ba000, 0x15800000)
   the space 44456K,  59% used [0x0ad50000, 0x0c75bea8, 0x0c75c000, 0x0d8ba000)
 Metaspace       used 16356K, capacity 16756K, committed 17024K, reserved 17792K
}
Event: 226.940 GC heap after
{Heap after GC invocations=31 (full 3):
 def new generation   total 20096K, used 2175K [0x05800000, 0x06dc0000, 0x0ad50000)
  eden space 17920K,   0% used [0x05800000, 0x05800000, 0x06980000)
  from space 2176K,  99% used [0x06980000, 0x06b9fff8, 0x06ba0000)
  to   space 2176K,   0% used [0x06ba0000, 0x06ba0000, 0x06dc0000)
 tenured generation   total 44456K, used 29154K [0x0ad50000, 0x0d8ba000, 0x15800000)
   the space 44456K,  65% used [0x0ad50000, 0x0c9c8a90, 0x0c9c8c00, 0x0d8ba000)
 Metaspace       used 16356K, capacity 16756K, committed 17024K, reserved 17792K
}
Event: 260.563 GC heap before
{Heap before GC invocations=31 (full 3):
 def new generation   total 20096K, used 20095K [0x05800000, 0x06dc0000, 0x0ad50000)
  eden space 17920K, 100% used [0x05800000, 0x06980000, 0x06980000)
  from space 2176K,  99% used [0x06980000, 0x06b9fff8, 0x06ba0000)
  to   space 2176K,   0% used [0x06ba0000, 0x06ba0000, 0x06dc0000)
 tenured generation   total 44456K, used 29154K [0x0ad50000, 0x0d8ba000, 0x15800000)
   the space 44456K,  65% used [0x0ad50000, 0x0c9c8a90, 0x0c9c8c00, 0x0d8ba000)
 Metaspace       used 16371K, capacity 16761K, committed 17024K, reserved 17792K
}
Event: 260.570 GC heap after
{Heap after GC invocations=32 (full 3):
 def new generation   total 20096K, used 2175K [0x05800000, 0x06dc0000, 0x0ad50000)
  eden space 17920K,   0% used [0x05800000, 0x05800000, 0x06980000)
  from space 2176K,  99% used [0x06ba0000, 0x06dbfff8, 0x06dc0000)
  to   space 2176K,   0% used [0x06980000, 0x06980000, 0x06ba0000)
 tenured generation   total 44456K, used 32208K [0x0ad50000, 0x0d8ba000, 0x15800000)
   the space 44456K,  72% used [0x0ad50000, 0x0ccc40f0, 0x0ccc4200, 0x0d8ba000)
 Metaspace       used 16371K, capacity 16761K, committed 17024K, reserved 17792K
}
Event: 267.337 GC heap before
{Heap before GC invocations=32 (full 3):
 def new generation   total 20096K, used 20095K [0x05800000, 0x06dc0000, 0x0ad50000)
  eden space 17920K, 100% used [0x05800000, 0x06980000, 0x06980000)
  from space 2176K,  99% used [0x06ba0000, 0x06dbfff8, 0x06dc0000)
  to   space 2176K,   0% used [0x06980000, 0x06980000, 0x06ba0000)
 tenured generation   total 44456K, used 32208K [0x0ad50000, 0x0d8ba000, 0x15800000)
   the space 44456K,  72% used [0x0ad50000, 0x0ccc40f0, 0x0ccc4200, 0x0d8ba000)
 Metaspace       used 16374K, capacity 16764K, committed 17024K, reserved 17792K
}
Event: 267.344 GC heap after
{Heap after GC invocations=33 (full 3):
 def new generation   total 20096K, used 2176K [0x05800000, 0x06dc0000, 0x0ad50000)
  eden space 17920K,   0% used [0x05800000, 0x05800000, 0x06980000)
  from space 2176K, 100% used [0x06980000, 0x06ba0000, 0x06ba0000)
  to   space 2176K,   0% used [0x06ba0000, 0x06ba0000, 0x06dc0000)
 tenured generation   total 44456K, used 35846K [0x0ad50000, 0x0d8ba000, 0x15800000)
   the space 44456K,  80% used [0x0ad50000, 0x0d051880, 0x0d051a00, 0x0d8ba000)
 Metaspace       used 16374K, capacity 16764K, committed 17024K, reserved 17792K
}
Event: 283.172 GC heap before
{Heap before GC invocations=33 (full 3):
 def new generation   total 20096K, used 20096K [0x05800000, 0x06dc0000, 0x0ad50000)
  eden space 17920K, 100% used [0x05800000, 0x06980000, 0x06980000)
  from space 2176K, 100% used [0x06980000, 0x06ba0000, 0x06ba0000)
  to   space 2176K,   0% used [0x06ba0000, 0x06ba0000, 0x06dc0000)
 tenured generation   total 44456K, used 35846K [0x0ad50000, 0x0d8ba000, 0x15800000)
   the space 44456K,  80% used [0x0ad50000, 0x0d051880, 0x0d051a00, 0x0d8ba000)
 Metaspace       used 16379K, capacity 16764K, committed 17024K, reserved 17792K
}
Event: 283.178 GC heap after
{Heap after GC invocations=34 (full 3):
 def new generation   total 20096K, used 2175K [0x05800000, 0x06dc0000, 0x0ad50000)
  eden space 17920K,   0% used [0x05800000, 0x05800000, 0x06980000)
  from space 2176K,  99% used [0x06ba0000, 0x06dbfff8, 0x06dc0000)
  to   space 2176K,   0% used [0x06980000, 0x06980000, 0x06ba0000)
 tenured generation   total 44456K, used 38300K [0x0ad50000, 0x0d8ba000, 0x15800000)
   the space 44456K,  86% used [0x0ad50000, 0x0d2b72f8, 0x0d2b7400, 0x0d8ba000)
 Metaspace       used 16379K, capacity 16764K, committed 17024K, reserved 17792K
}
Event: 303.774 GC heap before
{Heap before GC invocations=34 (full 3):
 def new generation   total 20096K, used 15489K [0x05800000, 0x06dc0000, 0x0ad50000)
  eden space 17920K,  74% used [0x05800000, 0x06500480, 0x06980000)
  from space 2176K,  99% used [0x06ba0000, 0x06dbfff8, 0x06dc0000)
  to   space 2176K,   0% used [0x06980000, 0x06980000, 0x06ba0000)
 tenured generation   total 44456K, used 38300K [0x0ad50000, 0x0d8ba000, 0x15800000)
   the space 44456K,  86% used [0x0ad50000, 0x0d2b72f8, 0x0d2b7400, 0x0d8ba000)
 Metaspace       used 16386K, capacity 16800K, committed 17024K, reserved 17792K
}
Event: 303.782 GC heap after
{Heap after GC invocations=35 (full 3):
 def new generation   total 20096K, used 783K [0x05800000, 0x06dc0000, 0x0ad50000)
  eden space 17920K,   0% used [0x05800000, 0x05800000, 0x06980000)
  from space 2176K,  36% used [0x06980000, 0x06a43eb8, 0x06ba0000)
  to   space 2176K,   0% used [0x06ba0000, 0x06ba0000, 0x06dc0000)
 tenured generation   total 44456K, used 40298K [0x0ad50000, 0x0d8ba000, 0x15800000)
   the space 44456K,  90% used [0x0ad50000, 0x0d4aa8b8, 0x0d4aaa00, 0x0d8ba000)
 Metaspace       used 16386K, capacity 16800K, committed 17024K, reserved 17792K
}

Deoptimization events (20 events):
Event: 1.058 Thread 0x1688f400 DEOPT PACKING pc=0x0373ea4f sp=0x19c0dd50
Event: 1.058 Thread 0x1688f400 DEOPT UNPACKING pc=0x0364c187 sp=0x19c0dc70 mode 3
Event: 1.060 Thread 0x1688f400 DEOPT PACKING pc=0x0376eb31 sp=0x19c0ded0
Event: 1.060 Thread 0x1688f400 DEOPT UNPACKING pc=0x0364c187 sp=0x19c0ddf4 mode 3
Event: 1.155 Thread 0x1688f400 DEOPT PACKING pc=0x037b1f8c sp=0x19c0dec0
Event: 1.155 Thread 0x1688f400 DEOPT UNPACKING pc=0x0364c187 sp=0x19c0dd70 mode 3
Event: 3.958 Thread 0x1604a800 DEOPT PACKING pc=0x038053bd sp=0x1650e800
Event: 3.958 Thread 0x1604a800 DEOPT UNPACKING pc=0x0364c187 sp=0x1650e72c mode 3
Event: 41.327 Thread 0x1688f400 DEOPT PACKING pc=0x038e0f79 sp=0x19c08b70
Event: 41.327 Thread 0x1688f400 DEOPT UNPACKING pc=0x0364c187 sp=0x19c08a14 mode 3
Event: 69.437 Thread 0x1688f400 DEOPT PACKING pc=0x0394a10d sp=0x19c07d80
Event: 69.437 Thread 0x1688f400 DEOPT UNPACKING pc=0x0364c187 sp=0x19c07c28 mode 3
Event: 305.818 Thread 0x1688f400 DEOPT PACKING pc=0x037e32e4 sp=0x19c0c590
Event: 305.818 Thread 0x1688f400 DEOPT UNPACKING pc=0x0364c187 sp=0x19c0c42c mode 0
Event: 305.818 Thread 0x1688f400 DEOPT PACKING pc=0x03823554 sp=0x19c0c750
Event: 305.818 Thread 0x1688f400 DEOPT UNPACKING pc=0x0364c187 sp=0x19c0c600 mode 0
Event: 305.818 Thread 0x1688f400 DEOPT PACKING pc=0x037e32e4 sp=0x19c0e140
Event: 305.818 Thread 0x1688f400 DEOPT UNPACKING pc=0x0364c187 sp=0x19c0dfdc mode 0
Event: 305.818 Thread 0x1688f400 DEOPT PACKING pc=0x038235ac sp=0x19c0e300
Event: 305.818 Thread 0x1688f400 DEOPT UNPACKING pc=0x0364c187 sp=0x19c0e1b0 mode 0

Classes redefined (0 events):
No events

Internal exceptions (20 events):
Event: 100.900 Thread 0x1688f400 Exception <a 'java/lang/reflect/InvocationTargetException'{0x05a3e668}> (0x05a3e668) thrown at [s\src\hotspot\share\runtime\reflection.cpp, line 1245]
Event: 100.900 Thread 0x1688f400 Exception <a 'java/lang/RuntimeException'{0x05a41138}> (0x05a41138) thrown at [s\src\hotspot\share\prims\jvm.cpp, line 1310]
Event: 187.950 Thread 0x1688f400 Exception <a 'sun/nio/fs/WindowsException'{0x05d636b0}> (0x05d636b0) thrown at [s\src\hotspot\share\prims\jni.cpp, line 617]
Event: 187.960 Thread 0x1688f400 Exception <a 'java/lang/ClassNotFoundException'{0x05da9a20}: com/sun/javafx/scene/control/skin/resources/controls> (0x05da9a20) thrown at [s\src\hotspot\share\prims\jni.cpp, line 638]
Event: 187.960 Thread 0x1688f400 Exception <a 'java/lang/ClassNotFoundException'{0x05dbde18}: com/sun/javafx/scene/control/skin/resources/controls_es> (0x05dbde18) thrown at [s\src\hotspot\share\prims\jni.cpp, line 638]
Event: 283.438 Thread 0x1688f400 Exception <a 'java/lang/reflect/InvocationTargetException'{0x058171e8}> (0x058171e8) thrown at [s\src\hotspot\share\runtime\reflection.cpp, line 1245]
Event: 283.438 Thread 0x1688f400 Exception <a 'java/lang/RuntimeException'{0x0581c958}> (0x0581c958) thrown at [s\src\hotspot\share\prims\jvm.cpp, line 1310]
Event: 301.548 Thread 0x1688f400 Exception <a 'java/lang/reflect/InvocationTargetException'{0x0629f0f0}> (0x0629f0f0) thrown at [s\src\hotspot\share\runtime\reflection.cpp, line 1245]
Event: 301.548 Thread 0x1688f400 Exception <a 'java/lang/RuntimeException'{0x062a3540}> (0x062a3540) thrown at [s\src\hotspot\share\prims\jvm.cpp, line 1310]
Event: 305.816 Thread 0x1688f400 Exception <a 'java/lang/reflect/InvocationTargetException'{0x0608fb00}> (0x0608fb00) thrown at [s\src\hotspot\share\runtime\reflection.cpp, line 1245]
Event: 305.816 Thread 0x1688f400 Exception <a 'java/lang/RuntimeException'{0x060914d0}> (0x060914d0) thrown at [s\src\hotspot\share\prims\jvm.cpp, line 1310]
Event: 305.854 Thread 0x1688f400 Exception <a 'java/lang/IllegalArgumentException'{0x060de7e8}> (0x060de7e8) thrown at [s\src\hotspot\share\prims\jvm.cpp, line 1310]
Event: 305.875 Thread 0x1688f400 Exception <a 'java/lang/IllegalArgumentException'{0x0611a0a0}> (0x0611a0a0) thrown at [s\src\hotspot\share\prims\jvm.cpp, line 1310]
Event: 305.908 Thread 0x1688f400 Exception <a 'java/lang/IllegalArgumentException'{0x06125a78}> (0x06125a78) thrown at [s\src\hotspot\share\prims\jvm.cpp, line 1310]
Event: 305.926 Thread 0x1688f400 Exception <a 'java/lang/IllegalArgumentException'{0x061314e0}> (0x061314e0) thrown at [s\src\hotspot\share\prims\jvm.cpp, line 1310]
Event: 305.942 Thread 0x1688f400 Exception <a 'java/lang/IllegalArgumentException'{0x0613ceb0}> (0x0613ceb0) thrown at [s\src\hotspot\share\prims\jvm.cpp, line 1310]
Event: 305.956 Thread 0x1688f400 Exception <a 'java/lang/IllegalArgumentException'{0x06148878}> (0x06148878) thrown at [s\src\hotspot\share\prims\jvm.cpp, line 1310]
Event: 305.969 Thread 0x1688f400 Exception <a 'java/lang/IllegalArgumentException'{0x06154240}> (0x06154240) thrown at [s\src\hotspot\share\prims\jvm.cpp, line 1310]
Event: 305.985 Thread 0x1688f400 Exception <a 'java/lang/IllegalArgumentException'{0x0615fc00}> (0x0615fc00) thrown at [s\src\hotspot\share\prims\jvm.cpp, line 1310]
Event: 306.004 Thread 0x1688f400 Exception <a 'java/lang/IllegalArgumentException'{0x0616b5b0}> (0x0616b5b0) thrown at [s\src\hotspot\share\prims\jvm.cpp, line 1310]

Events (20 events):
Event: 283.172 Executing VM operation: GenCollectForAllocation
Event: 283.178 Executing VM operation: GenCollectForAllocation done
Event: 285.818 Executing VM operation: RevokeBias
Event: 285.818 Executing VM operation: RevokeBias done
Event: 287.541 Executing VM operation: RevokeBias
Event: 287.542 Executing VM operation: RevokeBias done
Event: 297.928 Executing VM operation: BulkRevokeBias
Event: 297.928 Executing VM operation: BulkRevokeBias done
Event: 297.958 Executing VM operation: RevokeBias
Event: 297.958 Executing VM operation: RevokeBias done
Event: 303.131 Executing VM operation: RevokeBias
Event: 303.132 Executing VM operation: RevokeBias done
Event: 303.774 Executing VM operation: GenCollectForAllocation
Event: 303.782 Executing VM operation: GenCollectForAllocation done
Event: 303.814 Executing VM operation: RevokeBias
Event: 303.814 Executing VM operation: RevokeBias done
Event: 305.814 loading class javafx/application/Application
Event: 305.814 loading class javafx/application/Application done
Event: 305.815 loading class javafx/application/Application
Event: 305.815 loading class javafx/application/Application done


Dynamic libraries:
0x00b00000 - 0x00b0c000 	C:\Program Files (x86)\Eclipse Adoptium\jdk-11.0.21.9-hotspot\bin\java.exe
0x76f20000 - 0x770d1000 	C:\WINDOWS\SYSTEM32\ntdll.dll
0x75520000 - 0x75610000 	C:\WINDOWS\System32\KERNEL32.DLL
0x767d0000 - 0x76a45000 	C:\WINDOWS\System32\KERNELBASE.dll
0x73ee0000 - 0x73f86000 	C:\WINDOWS\SYSTEM32\apphelp.dll
0x756d0000 - 0x757e2000 	C:\WINDOWS\System32\ucrtbase.dll
0x6de10000 - 0x6de25000 	C:\Program Files (x86)\Eclipse Adoptium\jdk-11.0.21.9-hotspot\bin\jli.dll
0x727b0000 - 0x727c3000 	C:\Program Files (x86)\Eclipse Adoptium\jdk-11.0.21.9-hotspot\bin\VCRUNTIME140.dll
0x76a80000 - 0x76c29000 	C:\WINDOWS\System32\USER32.dll
0x74d10000 - 0x74d2a000 	C:\WINDOWS\System32\win32u.dll
0x6d210000 - 0x6d438000 	C:\WINDOWS\WinSxS\x86_microsoft.windows.common-controls_6595b64144ccf1df_6.0.22621.3235_none_6ebcabb88802389e\COMCTL32.dll
0x74da0000 - 0x74e64000 	C:\WINDOWS\System32\msvcrt.dll
0x76a50000 - 0x76a73000 	C:\WINDOWS\System32\GDI32.dll
0x75b80000 - 0x75c62000 	C:\WINDOWS\System32\gdi32full.dll
0x75c70000 - 0x75ce9000 	C:\WINDOWS\System32\msvcp_win.dll
0x74ce0000 - 0x74d05000 	C:\WINDOWS\System32\IMM32.DLL
0x6ce00000 - 0x6ce6f000 	C:\Program Files (x86)\Eclipse Adoptium\jdk-11.0.21.9-hotspot\bin\msvcp140.dll
0x6be60000 - 0x6c33b000 	C:\Program Files (x86)\Eclipse Adoptium\jdk-11.0.21.9-hotspot\bin\client\jvm.dll
0x76da0000 - 0x76e1f000 	C:\WINDOWS\System32\ADVAPI32.dll
0x76c50000 - 0x76cd5000 	C:\WINDOWS\System32\sechost.dll
0x76d80000 - 0x76d9a000 	C:\WINDOWS\System32\bcrypt.dll
0x75610000 - 0x756ca000 	C:\WINDOWS\System32\RPCRT4.dll
0x74d90000 - 0x74d96000 	C:\WINDOWS\System32\PSAPI.DLL
0x74a60000 - 0x74a68000 	C:\WINDOWS\SYSTEM32\VERSION.dll
0x70070000 - 0x70078000 	C:\WINDOWS\SYSTEM32\WSOCK32.dll
0x75050000 - 0x750af000 	C:\WINDOWS\System32\WS2_32.dll
0x72770000 - 0x727a1000 	C:\WINDOWS\SYSTEM32\WINMM.dll
0x74a70000 - 0x74a83000 	C:\WINDOWS\SYSTEM32\kernel.appcore.dll
0x6e900000 - 0x6e90d000 	C:\Program Files (x86)\Eclipse Adoptium\jdk-11.0.21.9-hotspot\bin\verify.dll
0x6d770000 - 0x6d946000 	C:\WINDOWS\SYSTEM32\DBGHELP.DLL
0x757f0000 - 0x75a6c000 	C:\WINDOWS\System32\combase.dll
0x76ce0000 - 0x76d7c000 	C:\WINDOWS\System32\OLEAUT32.dll
0x6cdd0000 - 0x6cdf9000 	C:\WINDOWS\SYSTEM32\dbgcore.DLL
0x753b0000 - 0x75412000 	C:\WINDOWS\System32\bcryptPrimitives.dll
0x6cda0000 - 0x6cdc2000 	C:\Program Files (x86)\Eclipse Adoptium\jdk-11.0.21.9-hotspot\bin\java.dll
0x6df30000 - 0x6df39000 	C:\Program Files (x86)\Eclipse Adoptium\jdk-11.0.21.9-hotspot\bin\jimage.dll
0x74190000 - 0x7419d000 	C:\Program Files (x86)\Eclipse Adoptium\jdk-11.0.21.9-hotspot\bin\instrument.dll
0x6cd40000 - 0x6cd56000 	C:\Program Files (x86)\Eclipse Adoptium\jdk-11.0.21.9-hotspot\bin\zip.dll
0x75cf0000 - 0x76389000 	C:\WINDOWS\System32\SHELL32.dll
0x71e70000 - 0x7255f000 	C:\WINDOWS\SYSTEM32\windows.storage.dll
0x716c0000 - 0x71787000 	C:\WINDOWS\SYSTEM32\wintypes.dll
0x75170000 - 0x75231000 	C:\WINDOWS\System32\SHCORE.dll
0x74d40000 - 0x74d8b000 	C:\WINDOWS\System32\shlwapi.dll
0x70050000 - 0x70069000 	C:\WINDOWS\SYSTEM32\profapi.dll
0x6c930000 - 0x6c944000 	C:\Program Files (x86)\Eclipse Adoptium\jdk-11.0.21.9-hotspot\bin\net.dll
0x73c80000 - 0x73d5c000 	C:\WINDOWS\SYSTEM32\WINHTTP.dll
0x6fae0000 - 0x6fb31000 	C:\WINDOWS\system32\mswsock.dll
0x6cd30000 - 0x6cd3f000 	C:\Program Files (x86)\Eclipse Adoptium\jdk-11.0.21.9-hotspot\bin\nio.dll
0x74170000 - 0x74186000 	C:\Users\luigu\AppData\Local\Programs\IntelliJ IDEA Ultimate\bin\breakgen.dll
0x74140000 - 0x74143000 	C:\Users\luigu\.openjfx\cache\17.0.6\api-ms-win-core-console-l1-1-0.dll
0x74130000 - 0x74133000 	C:\Users\luigu\.openjfx\cache\17.0.6\api-ms-win-core-console-l1-2-0.dll
0x74120000 - 0x74123000 	C:\Users\luigu\.openjfx\cache\17.0.6\api-ms-win-core-datetime-l1-1-0.dll
0x74110000 - 0x74113000 	C:\Users\luigu\.openjfx\cache\17.0.6\api-ms-win-core-debug-l1-1-0.dll
0x74100000 - 0x74103000 	C:\Users\luigu\.openjfx\cache\17.0.6\api-ms-win-core-errorhandling-l1-1-0.dll
0x740f0000 - 0x740f4000 	C:\Users\luigu\.openjfx\cache\17.0.6\api-ms-win-core-file-l1-1-0.dll
0x740e0000 - 0x740e3000 	C:\Users\luigu\.openjfx\cache\17.0.6\api-ms-win-core-file-l1-2-0.dll
0x740d0000 - 0x740d3000 	C:\Users\luigu\.openjfx\cache\17.0.6\api-ms-win-core-file-l2-1-0.dll
0x740c0000 - 0x740c3000 	C:\Users\luigu\.openjfx\cache\17.0.6\api-ms-win-core-handle-l1-1-0.dll
0x740b0000 - 0x740b3000 	C:\Users\luigu\.openjfx\cache\17.0.6\api-ms-win-core-heap-l1-1-0.dll
0x740a0000 - 0x740a3000 	C:\Users\luigu\.openjfx\cache\17.0.6\api-ms-win-core-interlocked-l1-1-0.dll
0x74090000 - 0x74093000 	C:\Users\luigu\.openjfx\cache\17.0.6\api-ms-win-core-libraryloader-l1-1-0.dll
0x74080000 - 0x74083000 	C:\Users\luigu\.openjfx\cache\17.0.6\api-ms-win-core-localization-l1-2-0.dll
0x74070000 - 0x74073000 	C:\Users\luigu\.openjfx\cache\17.0.6\api-ms-win-core-memory-l1-1-0.dll
0x74060000 - 0x74063000 	C:\Users\luigu\.openjfx\cache\17.0.6\api-ms-win-core-namedpipe-l1-1-0.dll
0x74040000 - 0x74043000 	C:\Users\luigu\.openjfx\cache\17.0.6\api-ms-win-core-processenvironment-l1-1-0.dll
0x6e310000 - 0x6e313000 	C:\Users\luigu\.openjfx\cache\17.0.6\api-ms-win-core-processthreads-l1-1-0.dll
0x6e300000 - 0x6e303000 	C:\Users\luigu\.openjfx\cache\17.0.6\api-ms-win-core-processthreads-l1-1-1.dll
0x6e2f0000 - 0x6e2f3000 	C:\Users\luigu\.openjfx\cache\17.0.6\api-ms-win-core-profile-l1-1-0.dll
0x6e2e0000 - 0x6e2e3000 	C:\Users\luigu\.openjfx\cache\17.0.6\api-ms-win-core-rtlsupport-l1-1-0.dll
0x6e2d0000 - 0x6e2d3000 	C:\Users\luigu\.openjfx\cache\17.0.6\api-ms-win-core-string-l1-1-0.dll
0x6e2c0000 - 0x6e2c3000 	C:\Users\luigu\.openjfx\cache\17.0.6\api-ms-win-core-synch-l1-1-0.dll
0x6e2b0000 - 0x6e2b3000 	C:\Users\luigu\.openjfx\cache\17.0.6\api-ms-win-core-synch-l1-2-0.dll
0x6e2a0000 - 0x6e2a3000 	C:\Users\luigu\.openjfx\cache\17.0.6\api-ms-win-core-sysinfo-l1-1-0.dll
0x6e290000 - 0x6e293000 	C:\Users\luigu\.openjfx\cache\17.0.6\api-ms-win-core-timezone-l1-1-0.dll
0x6e280000 - 0x6e283000 	C:\Users\luigu\.openjfx\cache\17.0.6\api-ms-win-core-util-l1-1-0.dll
0x6e270000 - 0x6e273000 	C:\Users\luigu\.openjfx\cache\17.0.6\api-ms-win-crt-conio-l1-1-0.dll
0x6e260000 - 0x6e264000 	C:\Users\luigu\.openjfx\cache\17.0.6\api-ms-win-crt-convert-l1-1-0.dll
0x6e250000 - 0x6e253000 	C:\Users\luigu\.openjfx\cache\17.0.6\api-ms-win-crt-environment-l1-1-0.dll
0x6e240000 - 0x6e243000 	C:\Users\luigu\.openjfx\cache\17.0.6\api-ms-win-crt-filesystem-l1-1-0.dll
0x6e230000 - 0x6e233000 	C:\Users\luigu\.openjfx\cache\17.0.6\api-ms-win-crt-heap-l1-1-0.dll
0x6e220000 - 0x6e223000 	C:\Users\luigu\.openjfx\cache\17.0.6\api-ms-win-crt-locale-l1-1-0.dll
0x6e210000 - 0x6e215000 	C:\Users\luigu\.openjfx\cache\17.0.6\api-ms-win-crt-math-l1-1-0.dll
0x6e200000 - 0x6e205000 	C:\Users\luigu\.openjfx\cache\17.0.6\api-ms-win-crt-multibyte-l1-1-0.dll
0x6e1f0000 - 0x6e200000 	C:\Users\luigu\.openjfx\cache\17.0.6\api-ms-win-crt-private-l1-1-0.dll
0x6e1e0000 - 0x6e1e3000 	C:\Users\luigu\.openjfx\cache\17.0.6\api-ms-win-crt-process-l1-1-0.dll
0x6e1d0000 - 0x6e1d4000 	C:\Users\luigu\.openjfx\cache\17.0.6\api-ms-win-crt-runtime-l1-1-0.dll
0x6e1c0000 - 0x6e1c4000 	C:\Users\luigu\.openjfx\cache\17.0.6\api-ms-win-crt-stdio-l1-1-0.dll
0x6e1b0000 - 0x6e1b4000 	C:\Users\luigu\.openjfx\cache\17.0.6\api-ms-win-crt-string-l1-1-0.dll
0x6e1a0000 - 0x6e1a3000 	C:\Users\luigu\.openjfx\cache\17.0.6\api-ms-win-crt-time-l1-1-0.dll
0x6e190000 - 0x6e193000 	C:\Users\luigu\.openjfx\cache\17.0.6\api-ms-win-crt-utility-l1-1-0.dll
0x6bd30000 - 0x6be53000 	C:\Users\luigu\.openjfx\cache\17.0.6\ucrtbase.dll
0x6e170000 - 0x6e184000 	C:\Users\luigu\.openjfx\cache\17.0.6\vcruntime140.dll
0x6e100000 - 0x6e16d000 	C:\Users\luigu\.openjfx\cache\17.0.6\msvcp140.dll
0x6e0f0000 - 0x6e0f7000 	C:\Users\luigu\.openjfx\cache\17.0.6\msvcp140_1.dll
0x6c890000 - 0x6c8b9000 	C:\Users\luigu\.openjfx\cache\17.0.6\msvcp140_2.dll
0x6c820000 - 0x6c846000 	C:\Users\luigu\.openjfx\cache\17.0.6\prism_d3d.dll
0x6b270000 - 0x6b3e1000 	C:\WINDOWS\system32\d3d9.dll
0x6d4e0000 - 0x6d504000 	C:\WINDOWS\SYSTEM32\dwmapi.dll
0x73d60000 - 0x73d8e000 	C:\WINDOWS\SYSTEM32\dxcore.dll
0x73fc0000 - 0x7403f000 	C:\WINDOWS\system32\uxtheme.dll
0x6b7a0000 - 0x6b830000 	C:\WINDOWS\SYSTEM32\d3d9on12.dll
0x6dcf0000 - 0x6ddba000 	C:\WINDOWS\SYSTEM32\dxgi.dll
0x6c870000 - 0x6c88d000 	C:\WINDOWS\SYSTEM32\d3d12.dll
0x72620000 - 0x7265d000 	C:\WINDOWS\SYSTEM32\cfgmgr32.dll
0x6b0c0000 - 0x6b270000 	C:\WINDOWS\SYSTEM32\D3D12Core.dll
0x6bd10000 - 0x6bd2d000 	C:\WINDOWS\System32\DriverStore\FileRepository\iigd_dch.inf_amd64_3c65364e14984512\igd12umd32.dll
0x63b00000 - 0x6472a000 	C:\WINDOWS\System32\DriverStore\FileRepository\iigd_dch.inf_amd64_3c65364e14984512\igd12um32xel.dll
0x75240000 - 0x75343000 	C:\WINDOWS\System32\CRYPT32.dll
0x74b80000 - 0x74cd5000 	C:\WINDOWS\System32\ole32.dll
0x6b920000 - 0x6b955000 	C:\WINDOWS\SYSTEM32\ControlLib32.dll
0x76390000 - 0x767cd000 	C:\WINDOWS\System32\SETUPAPI.dll
0x6e600000 - 0x6e624000 	C:\WINDOWS\SYSTEM32\DEVOBJ.dll
0x6b040000 - 0x6b0b2000 	C:\WINDOWS\System32\DriverStore\FileRepository\iigd_dch.inf_amd64_3c65364e14984512\IntelControlLib32.dll
0x76eb0000 - 0x76f07000 	C:\WINDOWS\System32\WINTRUST.dll
0x6e5f0000 - 0x6e5fe000 	C:\WINDOWS\SYSTEM32\MSASN1.dll
0x6cd60000 - 0x6cd9c000 	C:\WINDOWS\SYSTEM32\directxdatabasehelper.dll
0x6ad10000 - 0x6b03f000 	C:\WINDOWS\System32\DriverStore\FileRepository\iigd_dch.inf_amd64_3c65364e14984512\igdgmm32.dll
0x67160000 - 0x6a7e5000 	C:\WINDOWS\System32\DriverStore\FileRepository\iigd_dch.inf_amd64_3c65364e14984512\igc32.dll
0x6b8f0000 - 0x6b911000 	C:\WINDOWS\SYSTEM32\D3DSCache.dll
0x73f90000 - 0x73faf000 	C:\WINDOWS\SYSTEM32\USERENV.dll
0x62880000 - 0x63afb000 	C:\WINDOWS\System32\DriverStore\FileRepository\iigd_dch.inf_amd64_3c65364e14984512\igd12dxva32.dll
0x60b90000 - 0x62880000 	C:\WINDOWS\System32\DriverStore\FileRepository\iigd_dch.inf_amd64_3c65364e14984512\media_bin_32.dll
0x6b8b0000 - 0x6b8d0000 	C:\WINDOWS\System32\DriverStore\FileRepository\iigd_dch.inf_amd64_3c65364e14984512\igdinfo32.dll
0x716a0000 - 0x716b5000 	C:\WINDOWS\SYSTEM32\CRYPTSP.dll
0x71670000 - 0x716a0000 	C:\WINDOWS\system32\rsaenh.dll
0x71350000 - 0x7135b000 	C:\WINDOWS\SYSTEM32\CRYPTBASE.dll
0x55510000 - 0x556fc000 	C:\WINDOWS\SYSTEM32\twinapi.appcore.dll
0x6b870000 - 0x6b8a7000 	C:\Users\luigu\.openjfx\cache\17.0.6\glass.dll

dbghelp: loaded successfully - version: 4.0.5 - missing functions: none
symbol engine: initialized successfully - sym options: 0x614 - pdb path: .;C:\Program Files (x86)\Eclipse Adoptium\jdk-11.0.21.9-hotspot\bin;C:\WINDOWS\SYSTEM32;C:\WINDOWS\WinSxS\x86_microsoft.windows.common-controls_6595b64144ccf1df_6.0.22621.3235_none_6ebcabb88802389e;C:\Program Files (x86)\Eclipse Adoptium\jdk-11.0.21.9-hotspot\bin\client;C:\Users\luigu\AppData\Local\Programs\IntelliJ IDEA Ultimate\bin;C:\Users\luigu\.openjfx\cache\17.0.6;C:\WINDOWS\System32\DriverStore\FileRepository\iigd_dch.inf_amd64_3c65364e14984512;C:\ProgramData\A-Volute\A-Volute.Nahimic\Modules\Scheduled;C:\Program Files (x86)\Common Files\Microsoft Shared\Ink

VM Arguments:
jvm_args: -javaagent:C:\Users\luigu\AppData\Local\Programs\IntelliJ IDEA Ultimate\lib\idea_rt.jar=59959:C:\Users\luigu\AppData\Local\Programs\IntelliJ IDEA Ultimate\bin -Dfile.encoding=UTF-8 --module-path=C:\Users\luigu\.m2\repository\com\dlsc\formsfx\formsfx-core\11.6.0\formsfx-core-11.6.0.jar;C:\Users\luigu\.m2\repository\org\kordamp\bootstrapfx\bootstrapfx-core\0.4.0\bootstrapfx-core-0.4.0.jar;C:\Users\luigu\.m2\repository\org\openjfx\javafx-fxml\17.0.6\javafx-fxml-17.0.6-win-x86.jar;C:\Users\luigu\.m2\repository\org\openjfx\javafx-graphics\17.0.6\javafx-graphics-17.0.6-win-x86.jar;C:\Users\luigu\.m2\repository\org\controlsfx\controlsfx\11.1.2\controlsfx-11.1.2.jar;C:\Users\luigu\IdeaProjects\Joyeria_ProyectoMult\target\classes;C:\Users\luigu\.m2\repository\org\openjfx\javafx-controls\17.0.6\javafx-controls-17.0.6-win-x86.jar;C:\Users\luigu\.m2\repository\org\openjfx\javafx-base\17.0.6\javafx-base-17.0.6-win-x86.jar;C:\Users\luigu\.m2\repository\net\synedra\validatorfx\0.4.0\validatorfx-0.4.0.jar -Djdk.module.main=com.eduard034.joyeria_proyectomult 
java_command: com.eduard034.joyeria_proyectomult/com.eduard034.joyeria_proyectomult.JoyeriaApp
java_class_path (initial): C:\Users\luigu\.m2\repository\org\openjfx\javafx-controls\17.0.6\javafx-controls-17.0.6.jar;C:\Users\luigu\.m2\repository\org\openjfx\javafx-graphics\17.0.6\javafx-graphics-17.0.6.jar;C:\Users\luigu\.m2\repository\org\openjfx\javafx-base\17.0.6\javafx-base-17.0.6.jar;C:\Users\luigu\.m2\repository\org\openjfx\javafx-fxml\17.0.6\javafx-fxml-17.0.6.jar
Launcher Type: SUN_STANDARD

[Global flags]
   size_t InitialHeapSize                          = 16777216                                  {product} {ergonomic}
   size_t MaxHeapSize                              = 268435456                                 {product} {ergonomic}
   size_t MaxNewSize                               = 89456640                                  {product} {ergonomic}
   size_t MinHeapDeltaBytes                        = 131072                                    {product} {ergonomic}
   size_t NewSize                                  = 5570560                                   {product} {ergonomic}
    uintx NonProfiledCodeHeapSize                  = 0                                      {pd product} {ergonomic}
   size_t OldSize                                  = 11206656                                  {product} {ergonomic}
    uintx ProfiledCodeHeapSize                     = 0                                      {pd product} {ergonomic}
     bool ThreadLocalHandshakes                    = false                                  {pd product} {ergonomic}
     bool UseLargePagesIndividualAllocation        = false                                  {pd product} {ergonomic}
     bool UseSerialGC                              = true                                      {product} {ergonomic}

Logging:
Log output configuration:
 #0: stdout all=warning uptime,level,tags
 #1: stderr all=off uptime,level,tags

Environment Variables:
PATH=C:\Program Files (x86)\Eclipse Adoptium\jre-11.0.21.9-hotspot\bin;C:\Program Files (x86)\Eclipse Adoptium\jdk-11.0.21.9-hotspot\bin;C:\Program Files (x86)\VMware\VMware Player\bin\;C:\Windows\system32;C:\Windows;C:\Windows\System32\Wbem;C:\Windows\System32\WindowsPowerShell\v1.0\;C:\Windows\System32\OpenSSH\;C:\Program Files (x86)\NVIDIA Corporation\PhysX\Common;C:\Program Files\NVIDIA Corporation\NVIDIA NvDLISR;C:\WINDOWS\system32;C:\WINDOWS;C:\WINDOWS\System32\Wbem;C:\WINDOWS\System32\WindowsPowerShell\v1.0\;C:\WINDOWS\System32\OpenSSH\;C:\Program Files\Git\cmd;C:\Users\luigu\AppData\Local\Microsoft\WindowsApps;C:\Users\luigu\AppData\Local\Programs\Microsoft VS Code\bin;C:\Users\luigu\AppData\Local\JetBrains\Toolbox\scripts;C:\Users\luigu\AppData\Local\GitHubDesktop\bin
USERNAME=luigu
OS=Windows_NT
PROCESSOR_IDENTIFIER=Intel64 Family 6 Model 154 Stepping 3, GenuineIntel
TMP=C:\Users\luigu\AppData\Local\Temp
TEMP=C:\Users\luigu\AppData\Local\Temp



---------------  S Y S T E M  ---------------

OS: Windows 11 , 64 bit Build 22621 (10.0.22621.3374)
OS uptime: 5 days 15:45 hours

CPU:total 12 (initial active 12) (6 cores per cpu, 2 threads per core) family 6 model 154 stepping 3 microcode 0x419, cmov, cx8, fxsr, mmx, sse, sse2, sse3, ssse3, sse4.1, sse4.2, popcnt, avx, avx2, aes, clmul, erms, 3dnowpref, lzcnt, ht, tsc, tscinvbit, bmi1, bmi2, adx, sha, fma

Memory: 4k page, system-wide physical 7917M (717M free)
TotalPageFile size 19693M (AvailPageFile size 5856M), user-mode portion of virtual address-space 2047M (1229M free)
current process WorkingSet (physical memory assigned to process): 294M, peak: 303M
current process commit charge ("private bytes"): 288M, peak: 288M

vm_info: OpenJDK Client VM (11.0.21+9) for windows-x86 JRE (11.0.21+9), built on Oct 17 2023 17:27:10 by "" with MS VC++ 15.9 (VS2017)

END.
