#
# A fatal error has been detected by the Java Runtime Environment:
#
#  EXCEPTION_ACCESS_VIOLATION (0xc0000005) at pc=0x66186c62, pid=22732, tid=15912
#
# JRE version: OpenJDK Runtime Environment Temurin-11.0.21+9 (11.0.21+9) (build 11.0.21+9)
# Java VM: OpenJDK Client VM Temurin-11.0.21+9 (11.0.21+9, mixed mode, serial gc, windows-x86)
# Problematic frame:
# C  [glass.dll+0x16c62]
#
# No core dump will be written. Minidumps are not enabled by default on client versions of Windows
#
# If you would like to submit a bug report, please visit:
#   https://github.com/adoptium/adoptium-support/issues
# The crash happened outside the Java Virtual Machine in native code.
# See problematic frame for where to report the bug.
#

---------------  S U M M A R Y ------------

Command Line: -javaagent:C:\Users\luigu\AppData\Local\Programs\IntelliJ IDEA Ultimate\lib\idea_rt.jar=61759:C:\Users\luigu\AppData\Local\Programs\IntelliJ IDEA Ultimate\bin -Dfile.encoding=UTF-8 --module-path=C:\Users\luigu\.m2\repository\org\openjfx\javafx-base\17.0.6\javafx-base-17.0.6-win-x86.jar;C:\Users\luigu\.m2\repository\org\openjfx\javafx-fxml\17.0.6\javafx-fxml-17.0.6-win-x86.jar;C:\Users\luigu\.m2\repository\com\dlsc\formsfx\formsfx-core\11.6.0\formsfx-core-11.6.0.jar;C:\Users\luigu\.m2\repository\net\synedra\validatorfx\0.4.0\validatorfx-0.4.0.jar;C:\Users\luigu\IdeaProjects\Joyeria_ProyectoMult\target\classes;C:\Users\luigu\.m2\repository\org\controlsfx\controlsfx\11.1.2\controlsfx-11.1.2.jar;C:\Users\luigu\.m2\repository\org\kordamp\bootstrapfx\bootstrapfx-core\0.4.0\bootstrapfx-core-0.4.0.jar;C:\Users\luigu\.m2\repository\org\openjfx\javafx-graphics\17.0.6\javafx-graphics-17.0.6-win-x86.jar;C:\Users\luigu\.m2\repository\org\openjfx\javafx-controls\17.0.6\javafx-controls-17.0.6-win-x86.jar -Djdk.module.main=com.eduard034.joyeria_proyectomult com.eduard034.joyeria_proyectomult/com.eduard034.joyeria_proyectomult.JoyeriaApp

Host: 12th Gen Intel(R) Core(TM) i5-12450H, 12 cores, 7G,  Windows 11 , 64 bit Build 22621 (10.0.22621.3235)
Time: Mon Apr  8 07:33:30 2024 Hora estándar central (México) elapsed time: 17.150633 seconds (0d 0h 0m 17s)

---------------  T H R E A D  ---------------

Current thread (0x14e50800):  JavaThread "JavaFX Application Thread" [_thread_in_native, id=15912, stack(0x19b10000,0x19b60000)]

Stack: [0x19b10000,0x19b60000],  sp=0x19b5e93c,  free space=314k
Native frames: (J=compiled Java code, A=aot compiled Java code, j=interpreted, Vv=VM code, C=native code)
C  [glass.dll+0x16c62]

Java frames: (J=compiled Java code, j=interpreted, Vv=VM code)
j  com.sun.glass.ui.win.WinWindow._close(J)Z+0 javafx.graphics
j  com.sun.glass.ui.Window.close()V+63 javafx.graphics
j  com.sun.glass.ui.win.WinWindow.close()V+8 javafx.graphics
j  com.sun.glass.ui.Application.terminate()V+75 javafx.graphics
j  com.sun.javafx.tk.quantum.QuantumToolkit.lambda$exit$13()Ljava/lang/Object;+5 javafx.graphics
j  com.sun.javafx.tk.quantum.QuantumToolkit$$Lambda$439.get()Ljava/lang/Object;+0 javafx.graphics
j  com.sun.javafx.tk.quantum.QuantumToolkit.runWithRenderLock(Ljava/util/function/Supplier;)Ljava/lang/Object;+7 javafx.graphics
j  com.sun.javafx.tk.quantum.QuantumToolkit.exit()V+26 javafx.graphics
j  com.sun.javafx.application.PlatformImpl.lambda$tkExit$16()V+3 javafx.graphics
j  com.sun.javafx.application.PlatformImpl$$Lambda$438.run()V+0 javafx.graphics
j  com.sun.javafx.application.PlatformImpl.lambda$runAndWait$12(Ljava/lang/Runnable;Ljava/util/concurrent/CountDownLatch;)V+1 javafx.graphics
j  com.sun.javafx.application.PlatformImpl$$Lambda$87.run()V+8 javafx.graphics
j  com.sun.javafx.application.PlatformImpl.lambda$runLater$10(Ljava/lang/Runnable;)Ljava/lang/Void;+1 javafx.graphics
j  com.sun.javafx.application.PlatformImpl$$Lambda$90.run()Ljava/lang/Object;+4 javafx.graphics
v  ~StubRoutines::call_stub
J 1311  java.security.AccessController.doPrivileged(Ljava/security/PrivilegedAction;Ljava/security/AccessControlContext;)Ljava/lang/Object; java.base@11.0.21 (0 bytes) @ 0x02dc5c07 [0x02dc5ba0+0x00000067]
j  com.sun.javafx.application.PlatformImpl.lambda$runLater$11(Ljava/lang/Runnable;Ljava/security/AccessControlContext;)V+7 javafx.graphics
j  com.sun.javafx.application.PlatformImpl$$Lambda$89.run()V+8 javafx.graphics
j  com.sun.glass.ui.InvokeLaterDispatcher$Future.run()V+4 javafx.graphics
v  ~StubRoutines::call_stub
j  com.sun.glass.ui.win.WinApplication._runLoop(Ljava/lang/Runnable;)V+0 javafx.graphics
j  com.sun.glass.ui.win.WinApplication.lambda$runLoop$3(ILjava/lang/Runnable;)V+8 javafx.graphics
j  com.sun.glass.ui.win.WinApplication$$Lambda$78.run()V+12 javafx.graphics
j  java.lang.Thread.run()V+11 java.base@11.0.21
v  ~StubRoutines::call_stub

siginfo: EXCEPTION_ACCESS_VIOLATION (0xc0000005), reading address 0x000000b8


Register to memory mapping:

EIP=0x66186c62 glass.dll
EAX=0x0 is NULL
EBX=0x19b5eb70 is pointing into the stack for thread: 0x14e50800
ECX=0x0 is NULL
EDX=0x0 is NULL
ESP=0x19b5e93c is pointing into the stack for thread: 0x14e50800
EBP=0x19b5e968 is pointing into the stack for thread: 0x14e50800
ESI=0x00000401 is an unknown value
EDI=0x0 is NULL


Registers:
EAX=0x00000000, EBX=0x19b5eb70, ECX=0x00000000, EDX=0x00000000
ESP=0x19b5e93c, EBP=0x19b5e968, ESI=0x00000401, EDI=0x00000000
EIP=0x66186c62, EFLAGS=0x00010206

Top of Stack: (sp=0x19b5e93c)
0x19b5e93c:   19b5eb70 00000401 19b5eb70 66178df8
0x19b5e94c:   c76df422 15d87018 000406ca 00000401
0x19b5e95c:   19b5ea9c 661902b0 ffffffff 00000000
0x19b5e96c:   66171755 00000401 19b5eb70 00000000
0x19b5e97c:   00000401 000406ca 19b5e9b4 661716f0
0x19b5e98c:   76922f63 000406ca 00000401 19b5eb70
0x19b5e99c:   00000000 000406ca dcbaabcd 661716f0
0x19b5e9ac:   00000401 000406ca 19b5eaac 76913d46 

Instructions: (pc=0x66186c62)
0x66186b62:   21 56 e8 47 42 00 00 ff 35 e8 03 1a 66 8b f0 ff
0x66186b72:   77 68 56 e8 96 de fe ff 56 e8 a0 41 00 00 83 c4
0x66186b82:   10 5e c7 05 a4 03 1a 66 00 00 00 00 5f c3 83 ec
0x66186b92:   24 a1 ec e0 19 66 33 c4 89 44 24 20 8b 44 24 28
0x66186ba2:   53 89 44 24 04 8b d9 8b 44 24 30 89 44 24 08 8b
0x66186bb2:   44 24 38 55 89 44 24 10 8b 44 24 38 56 89 83 84
0x66186bc2:   00 00 00 8b 44 24 0c 89 5c 24 18 bb 00 00 00 80
0x66186bd2:   8b eb 8b f3 57 8b fb 85 c0 79 29 8d 44 24 20 50
0x66186be2:   e8 29 aa fe ff 83 c4 04 85 c0 8b 44 24 10 74 14
0x66186bf2:   8b 74 24 28 8b 5c 24 20 2b f3 8b 7c 24 2c 8b 6c
0x66186c02:   24 24 2b fd 6a 00 50 ff 74 24 1c 68 d8 23 19 66
0x66186c12:   57 56 8b 74 24 34 8b ce 55 53 ff 74 24 38 e8 db
0x66186c22:   a7 fe ff 8b f8 8d 4e 14 57 e8 40 64 00 00 57 8d
0x66186c32:   4e 14 e8 c7 64 00 00 8b 4c 24 30 8b c7 5f 5e 5d
0x66186c42:   5b 33 cc e8 ae 7a 00 00 83 c4 24 c2 10 00 53 8b
0x66186c52:   d9 56 57 ff 73 08 e8 93 a9 fe ff 8b f8 83 c4 04
0x66186c62:   8b 87 b8 00 00 00 85 c0 75 03 8b 47 04 3b 05 a4
0x66186c72:   03 1a 66 75 29 e8 34 41 00 00 ff 35 e8 03 1a 66
0x66186c82:   8b f0 ff 77 68 56 e8 83 dd fe ff 56 e8 8d 40 00
0x66186c92:   00 83 c4 10 c7 05 a4 03 1a 66 00 00 00 00 8d 4f
0x66186ca2:   14 e8 b8 69 00 00 8d 4f 14 e8 e0 69 00 00 ff 73
0x66186cb2:   08 ff 15 f8 fe 19 66 85 c0 5f 0f 95 c0 5e 88 43
0x66186cc2:   04 5b c3 cc cc cc cc cc cc cc cc cc cc cc 55 8b
0x66186cd2:   ec 6a ff 68 f7 11 19 66 64 a1 00 00 00 00 50 83
0x66186ce2:   ec 08 53 56 57 a1 ec e0 19 66 33 c5 50 8d 45 f4
0x66186cf2:   64 a3 00 00 00 00 8b f9 ff 77 18 ff 15 60 ff 19
0x66186d02:   66 85 c0 75 13 0f 57 c0 66 0f 13 45 ec 8b 55 f0
0x66186d12:   8b 45 ec e9 a7 00 00 00 68 dc 00 00 00 e8 96 79
0x66186d22:   00 00 83 c4 04 89 45 f0 c7 45 fc 00 00 00 00 85
0x66186d32:   c0 74 19 ff 77 18 8b c8 6a 01 6a 00 6a 00 6a 00
0x66186d42:   ff 77 10 e8 a6 f9 ff ff 8b d8 eb 02 33 db ff 77
0x66186d52:   18 8b cb c7 45 fc ff ff ff ff 6a 00 68 00 00 10 


Stack slot to memory mapping:
stack at sp + 0 slots: 0x19b5eb70 is pointing into the stack for thread: 0x14e50800
stack at sp + 1 slots: 0x00000401 is an unknown value
stack at sp + 2 slots: 0x19b5eb70 is pointing into the stack for thread: 0x14e50800
stack at sp + 3 slots: 0x66178df8 glass.dll
stack at sp + 4 slots: 0xc76df422 is an unknown value
stack at sp + 5 slots: 0x15d87018 points into unknown readable memory: 0x6619319c | 9c 31 19 66
stack at sp + 6 slots: 0x000406ca is an unknown value
stack at sp + 7 slots: 0x00000401 is an unknown value


---------------  P R O C E S S  ---------------

Threads class SMR info:
_java_thread_list=0x21010640, length=17, elements={
0x02adf800, 0x02bb8000, 0x02b95000, 0x14e51c00,
0x14e51000, 0x14e51400, 0x14e54000, 0x14e57c00,
0x14e52400, 0x14e4f800, 0x14e50000, 0x14e52c00,
0x14e50800, 0x15ecc000, 0x15ecec00, 0x15ed1800,
0x15ecc800
}

Java Threads: ( => current thread )
  0x02adf800 JavaThread "main" [_thread_blocked, id=35532, stack(0x00aa0000,0x00af0000)]
  0x02bb8000 JavaThread "Reference Handler" daemon [_thread_blocked, id=23916, stack(0x14c00000,0x14c50000)]
  0x02b95000 JavaThread "Finalizer" daemon [_thread_blocked, id=25336, stack(0x14c90000,0x14ce0000)]
  0x14e51c00 JavaThread "Signal Dispatcher" daemon [_thread_blocked, id=28960, stack(0x15060000,0x150b0000)]
  0x14e51000 JavaThread "Attach Listener" daemon [_thread_blocked, id=26572, stack(0x150f0000,0x15140000)]
  0x14e51400 JavaThread "Service Thread" daemon [_thread_blocked, id=33728, stack(0x15180000,0x151d0000)]
  0x14e54000 JavaThread "C1 CompilerThread0" daemon [_thread_blocked, id=20124, stack(0x15210000,0x15260000)]
  0x14e57c00 JavaThread "Sweeper thread" daemon [_thread_blocked, id=32080, stack(0x152a0000,0x152f0000)]
  0x14e52400 JavaThread "Common-Cleaner" daemon [_thread_blocked, id=33036, stack(0x15330000,0x15380000)]
  0x14e4f800 JavaThread "Monitor Ctrl-Break" daemon [_thread_in_native, id=16556, stack(0x157d0000,0x15820000)]
  0x14e50000 JavaThread "QuantumRenderer-0" daemon [_thread_blocked, id=24068, stack(0x15af0000,0x15b40000)]
  0x14e52c00 JavaThread "InvokeLaterDispatcher" daemon [_thread_blocked, id=35340, stack(0x19980000,0x199d0000)]
=>0x14e50800 JavaThread "JavaFX Application Thread" [_thread_in_native, id=15912, stack(0x19b10000,0x19b60000)]
  0x15ecc000 JavaThread "JavaFX-Launcher" [_thread_blocked, id=20568, stack(0x1e120000,0x1e170000)]
  0x15ecec00 JavaThread "Thread-2" daemon [_thread_in_native, id=17656, stack(0x1e090000,0x1e0e0000)]
  0x15ed1800 JavaThread "Prism Font Disposer" daemon [_thread_blocked, id=2444, stack(0x1f750000,0x1f7a0000)]
  0x15ecc800 JavaThread "Cleaner-0" daemon [_thread_blocked, id=35568, stack(0x229a0000,0x229f0000)]

Other Threads:
  0x02b92800 VMThread "VM Thread" [stack: 0x02a40000,0x02a90000] [id=35200]
  0x1501d000 WatcherThread [stack: 0x15860000,0x158b0000] [id=7648]

Threads with active compile tasks:

VM state:not at safepoint (normal execution)

VM Mutex/Monitor currently owned by a thread: None

Heap:
 def new generation   total 17024K, used 10879K [0x04c00000, 0x05e70000, 0x0a150000)
  eden space 15168K,  71% used [0x04c00000, 0x0569fc20, 0x05ad0000)
  from space 1856K,   0% used [0x05ad0000, 0x05ad0000, 0x05ca0000)
  to   space 1856K,   0% used [0x05ca0000, 0x05ca0000, 0x05e70000)
 tenured generation   total 37700K, used 22618K [0x0a150000, 0x0c621000, 0x14c00000)
   the space 37700K,  59% used [0x0a150000, 0x0b766a10, 0x0b766c00, 0x0c621000)
 Metaspace       used 14697K, capacity 14956K, committed 15232K, reserved 15744K

Card table byte_map: [0x024b0000,0x02540000] _byte_map_base: 0x0248a000

Polling page: 0x00af0000

Metaspace:

Usage:
   14.61 MB capacity,    14.35 MB ( 98%) used,   178.88 KB (  1%) free+waste,    79.77 KB ( <1%) overhead. 

Virtual space:
     15.38 MB reserved,      14.88 MB ( 97%) committed 

Chunk freelists:
246.00 KB

MaxMetaspaceSize: 4.00 GB
No class space
Initial GC threshold: 12.00 MB
Current GC threshold: 24.79 MB
CDS: off

CodeCache: size=32768Kb used=2423Kb max_used=2423Kb free=30344Kb
 bounds [0x02bc0000, 0x02e20000, 0x04bc0000]
 total_blobs=2028 nmethods=1603 adapters=358
 compilation: enabled
              stopped_count=0, restarted_count=0
 full_count=0

Compilation events (20 events):
Event: 16.961 Thread 0x14e54000 1594             jdk.internal.org.objectweb.asm.MethodWriter::noSuccessor (95 bytes)
Event: 16.961 Thread 0x14e54000 nmethod 1594 0x02e194c8 code [0x02e195f0, 0x02e197dc]
Event: 16.961 Thread 0x14e54000 1595             jdk.internal.org.objectweb.asm.MethodWriter::visitEnd (1 bytes)
Event: 16.961 Thread 0x14e54000 nmethod 1595 0x02e198c8 code [0x02e199d0, 0x02e19a50]
Event: 16.961 Thread 0x14e54000 1596             jdk.internal.org.objectweb.asm.MethodWriter::getSize (838 bytes)
Event: 16.963 Thread 0x14e54000 nmethod 1596 0x02e19a88 code [0x02e19d60, 0x02e1a7e4]
Event: 16.963 Thread 0x14e54000 1597             jdk.internal.org.objectweb.asm.Frame::pop (53 bytes)
Event: 16.964 Thread 0x14e54000 nmethod 1597 0x02e1b3c8 code [0x02e1b530, 0x02e1b738]
Event: 16.964 Thread 0x14e54000 1598             sun.nio.cs.UTF_8$Encoder::encodeArrayLoop (489 bytes)
Event: 16.965 Thread 0x14e54000 nmethod 1598 0x02e1b908 code [0x02e1bc90, 0x02e1ca44]
Event: 16.965 Thread 0x14e54000 1599             jdk.internal.misc.VM::initLevel (4 bytes)
Event: 16.965 Thread 0x14e54000 nmethod 1599 0x02e1d608 code [0x02e1d710, 0x02e1d790]
Event: 16.993 Thread 0x14e54000 1600             jdk.internal.misc.VM::isModuleSystemInited (13 bytes)
Event: 16.993 Thread 0x14e54000 nmethod 1600 0x02e1d7c8 code [0x02e1d8d0, 0x02e1d960]
Event: 16.993 Thread 0x14e54000 1601             java.nio.charset.CoderResult::isUnderflow (13 bytes)
Event: 16.993 Thread 0x14e54000 nmethod 1601 0x02e1d9c8 code [0x02e1dad0, 0x02e1db60]
Event: 17.092 Thread 0x14e54000 1602             java.nio.Buffer::limit (5 bytes)
Event: 17.092 Thread 0x14e54000 nmethod 1602 0x02e1dbc8 code [0x02e1dcd0, 0x02e1dd50]
Event: 17.126 Thread 0x14e54000 1603             java.util.HashMap::clear (50 bytes)
Event: 17.126 Thread 0x14e54000 nmethod 1603 0x02e1dd88 code [0x02e1de90, 0x02e1df60]

GC Heap History (20 events):
Event: 0.995 GC heap before
{Heap before GC invocations=4 (full 0):
 def new generation   total 4928K, used 4608K [0x04c00000, 0x05150000, 0x0a150000)
  eden space 4416K,  99% used [0x04c00000, 0x05047800, 0x05050000)
  from space 512K,  44% used [0x05050000, 0x05088a80, 0x050d0000)
  to   space 512K,   0% used [0x050d0000, 0x050d0000, 0x05150000)
 tenured generation   total 10944K, used 2048K [0x0a150000, 0x0ac00000, 0x14c00000)
   the space 10944K,  18% used [0x0a150000, 0x0a3501e0, 0x0a350200, 0x0ac00000)
 Metaspace       used 7652K, capacity 7745K, committed 7808K, reserved 8576K
}
Event: 0.996 GC heap after
{Heap after GC invocations=5 (full 0):
 def new generation   total 4928K, used 492K [0x04c00000, 0x05150000, 0x0a150000)
  eden space 4416K,   0% used [0x04c00000, 0x04c00000, 0x05050000)
  from space 512K,  96% used [0x050d0000, 0x0514b3c0, 0x05150000)
  to   space 512K,   0% used [0x05050000, 0x05050000, 0x050d0000)
 tenured generation   total 10944K, used 2496K [0x0a150000, 0x0ac00000, 0x14c00000)
   the space 10944K,  22% used [0x0a150000, 0x0a3c01f0, 0x0a3c0200, 0x0ac00000)
 Metaspace       used 7652K, capacity 7745K, committed 7808K, reserved 8576K
}
Event: 1.066 GC heap before
{Heap before GC invocations=5 (full 0):
 def new generation   total 4928K, used 4903K [0x04c00000, 0x05150000, 0x0a150000)
  eden space 4416K,  99% used [0x04c00000, 0x0504e970, 0x05050000)
  from space 512K,  96% used [0x050d0000, 0x0514b3c0, 0x05150000)
  to   space 512K,   0% used [0x05050000, 0x05050000, 0x050d0000)
 tenured generation   total 10944K, used 2496K [0x0a150000, 0x0ac00000, 0x14c00000)
   the space 10944K,  22% used [0x0a150000, 0x0a3c01f0, 0x0a3c0200, 0x0ac00000)
 Metaspace       used 8865K, capacity 8989K, committed 9088K, reserved 9600K
}
Event: 1.068 GC heap after
{Heap after GC invocations=6 (full 0):
 def new generation   total 4928K, used 512K [0x04c00000, 0x05150000, 0x0a150000)
  eden space 4416K,   0% used [0x04c00000, 0x04c00000, 0x05050000)
  from space 512K, 100% used [0x05050000, 0x050d0000, 0x050d0000)
  to   space 512K,   0% used [0x050d0000, 0x050d0000, 0x05150000)
 tenured generation   total 10944K, used 3033K [0x0a150000, 0x0ac00000, 0x14c00000)
   the space 10944K,  27% used [0x0a150000, 0x0a4466c0, 0x0a446800, 0x0ac00000)
 Metaspace       used 8865K, capacity 8989K, committed 9088K, reserved 9600K
}
Event: 1.163 GC heap before
{Heap before GC invocations=6 (full 0):
 def new generation   total 4928K, used 4928K [0x04c00000, 0x05150000, 0x0a150000)
  eden space 4416K, 100% used [0x04c00000, 0x05050000, 0x05050000)
  from space 512K, 100% used [0x05050000, 0x050d0000, 0x050d0000)
  to   space 512K,   0% used [0x050d0000, 0x050d0000, 0x05150000)
 tenured generation   total 10944K, used 3033K [0x0a150000, 0x0ac00000, 0x14c00000)
   the space 10944K,  27% used [0x0a150000, 0x0a4466c0, 0x0a446800, 0x0ac00000)
 Metaspace       used 10556K, capacity 10734K, committed 10752K, reserved 11648K
}
Event: 1.166 GC heap after
{Heap after GC invocations=7 (full 0):
 def new generation   total 4928K, used 512K [0x04c00000, 0x05150000, 0x0a150000)
  eden space 4416K,   0% used [0x04c00000, 0x04c00000, 0x05050000)
  from space 512K, 100% used [0x050d0000, 0x05150000, 0x05150000)
  to   space 512K,   0% used [0x05050000, 0x05050000, 0x050d0000)
 tenured generation   total 10944K, used 3923K [0x0a150000, 0x0ac00000, 0x14c00000)
   the space 10944K,  35% used [0x0a150000, 0x0a524dc0, 0x0a524e00, 0x0ac00000)
 Metaspace       used 10556K, capacity 10734K, committed 10752K, reserved 11648K
}
Event: 1.256 GC heap before
{Heap before GC invocations=7 (full 0):
 def new generation   total 4928K, used 4928K [0x04c00000, 0x05150000, 0x0a150000)
  eden space 4416K, 100% used [0x04c00000, 0x05050000, 0x05050000)
  from space 512K, 100% used [0x050d0000, 0x05150000, 0x05150000)
  to   space 512K,   0% used [0x05050000, 0x05050000, 0x050d0000)
 tenured generation   total 10944K, used 3923K [0x0a150000, 0x0ac00000, 0x14c00000)
   the space 10944K,  35% used [0x0a150000, 0x0a524dc0, 0x0a524e00, 0x0ac00000)
 Metaspace       used 11343K, capacity 11510K, committed 11520K, reserved 11648K
}
Event: 1.259 GC heap after
{Heap after GC invocations=8 (full 0):
 def new generation   total 4928K, used 510K [0x04c00000, 0x05150000, 0x0a150000)
  eden space 4416K,   0% used [0x04c00000, 0x04c00000, 0x05050000)
  from space 512K,  99% used [0x05050000, 0x050cfad0, 0x050d0000)
  to   space 512K,   0% used [0x050d0000, 0x050d0000, 0x05150000)
 tenured generation   total 10944K, used 4429K [0x0a150000, 0x0ac00000, 0x14c00000)
   the space 10944K,  40% used [0x0a150000, 0x0a5a3728, 0x0a5a3800, 0x0ac00000)
 Metaspace       used 11343K, capacity 11510K, committed 11520K, reserved 11648K
}
Event: 1.373 GC heap before
{Heap before GC invocations=8 (full 0):
 def new generation   total 4928K, used 4920K [0x04c00000, 0x05150000, 0x0a150000)
  eden space 4416K,  99% used [0x04c00000, 0x0504e7a8, 0x05050000)
  from space 512K,  99% used [0x05050000, 0x050cfad0, 0x050d0000)
  to   space 512K,   0% used [0x050d0000, 0x050d0000, 0x05150000)
 tenured generation   total 10944K, used 10660K [0x0a150000, 0x0ac00000, 0x14c00000)
   the space 10944K,  97% used [0x0a150000, 0x0abb9120, 0x0abb9200, 0x0ac00000)
 Metaspace       used 11790K, capacity 11976K, committed 12032K, reserved 12672K
}
Event: 1.385 GC heap after
{Heap after GC invocations=9 (full 1):
 def new generation   total 8768K, used 510K [0x04c00000, 0x05580000, 0x0a150000)
  eden space 7808K,   6% used [0x04c00000, 0x04c7fbb8, 0x053a0000)
  from space 960K,   0% used [0x053a0000, 0x053a0000, 0x05490000)
  to   space 960K,   0% used [0x05490000, 0x05490000, 0x05580000)
 tenured generation   total 19308K, used 11583K [0x0a150000, 0x0b42b000, 0x14c00000)
   the space 19308K,  59% used [0x0a150000, 0x0ac9ffc0, 0x0aca0000, 0x0b42b000)
 Metaspace       used 11790K, capacity 11976K, committed 12032K, reserved 12672K
}
Event: 1.597 GC heap before
{Heap before GC invocations=9 (full 1):
 def new generation   total 8768K, used 7808K [0x04c00000, 0x05580000, 0x0a150000)
  eden space 7808K, 100% used [0x04c00000, 0x053a0000, 0x053a0000)
  from space 960K,   0% used [0x053a0000, 0x053a0000, 0x05490000)
  to   space 960K,   0% used [0x05490000, 0x05490000, 0x05580000)
 tenured generation   total 19308K, used 11583K [0x0a150000, 0x0b42b000, 0x14c00000)
   the space 19308K,  59% used [0x0a150000, 0x0ac9ffc0, 0x0aca0000, 0x0b42b000)
 Metaspace       used 12714K, capacity 12899K, committed 12928K, reserved 13696K
}
Event: 1.602 GC heap after
{Heap after GC invocations=10 (full 1):
 def new generation   total 8768K, used 960K [0x04c00000, 0x05580000, 0x0a150000)
  eden space 7808K,   0% used [0x04c00000, 0x04c00000, 0x053a0000)
  from space 960K, 100% used [0x05490000, 0x05580000, 0x05580000)
  to   space 960K,   0% used [0x053a0000, 0x053a0000, 0x05490000)
 tenured generation   total 19308K, used 11946K [0x0a150000, 0x0b42b000, 0x14c00000)
   the space 19308K,  61% used [0x0a150000, 0x0acfaad0, 0x0acfac00, 0x0b42b000)
 Metaspace       used 12714K, capacity 12899K, committed 12928K, reserved 13696K
}
Event: 1.699 GC heap before
{Heap before GC invocations=10 (full 1):
 def new generation   total 8768K, used 8729K [0x04c00000, 0x05580000, 0x0a150000)
  eden space 7808K,  99% used [0x04c00000, 0x05396448, 0x053a0000)
  from space 960K, 100% used [0x05490000, 0x05580000, 0x05580000)
  to   space 960K,   0% used [0x053a0000, 0x053a0000, 0x05490000)
 tenured generation   total 19308K, used 11946K [0x0a150000, 0x0b42b000, 0x14c00000)
   the space 19308K,  61% used [0x0a150000, 0x0acfaad0, 0x0acfac00, 0x0b42b000)
 Metaspace       used 13958K, capacity 14253K, committed 14336K, reserved 14720K
}
Event: 1.703 GC heap after
{Heap after GC invocations=11 (full 1):
 def new generation   total 8768K, used 599K [0x04c00000, 0x05580000, 0x0a150000)
  eden space 7808K,   0% used [0x04c00000, 0x04c00000, 0x053a0000)
  from space 960K,  62% used [0x053a0000, 0x05435ec0, 0x05490000)
  to   space 960K,   0% used [0x05490000, 0x05490000, 0x05580000)
 tenured generation   total 19308K, used 12900K [0x0a150000, 0x0b42b000, 0x14c00000)
   the space 19308K,  66% used [0x0a150000, 0x0ade91e8, 0x0ade9200, 0x0b42b000)
 Metaspace       used 13958K, capacity 14253K, committed 14336K, reserved 14720K
}
Event: 3.792 GC heap before
{Heap before GC invocations=11 (full 1):
 def new generation   total 8768K, used 8407K [0x04c00000, 0x05580000, 0x0a150000)
  eden space 7808K, 100% used [0x04c00000, 0x053a0000, 0x053a0000)
  from space 960K,  62% used [0x053a0000, 0x05435ec0, 0x05490000)
  to   space 960K,   0% used [0x05490000, 0x05490000, 0x05580000)
 tenured generation   total 19308K, used 12900K [0x0a150000, 0x0b42b000, 0x14c00000)
   the space 19308K,  66% used [0x0a150000, 0x0ade91e8, 0x0ade9200, 0x0b42b000)
 Metaspace       used 14810K, capacity 15105K, committed 15232K, reserved 15744K
}
Event: 3.796 GC heap after
{Heap after GC invocations=12 (full 1):
 def new generation   total 8768K, used 960K [0x04c00000, 0x05580000, 0x0a150000)
  eden space 7808K,   0% used [0x04c00000, 0x04c00000, 0x053a0000)
  from space 960K, 100% used [0x05490000, 0x05580000, 0x05580000)
  to   space 960K,   0% used [0x053a0000, 0x053a0000, 0x05490000)
 tenured generation   total 19308K, used 14577K [0x0a150000, 0x0b42b000, 0x14c00000)
   the space 19308K,  75% used [0x0a150000, 0x0af8c498, 0x0af8c600, 0x0b42b000)
 Metaspace       used 14810K, capacity 15105K, committed 15232K, reserved 15744K
}
Event: 7.831 GC heap before
{Heap before GC invocations=12 (full 1):
 def new generation   total 8768K, used 3289K [0x04c00000, 0x05580000, 0x0a150000)
  eden space 7808K,  29% used [0x04c00000, 0x04e46580, 0x053a0000)
  from space 960K, 100% used [0x05490000, 0x05580000, 0x05580000)
  to   space 960K,   0% used [0x053a0000, 0x053a0000, 0x05490000)
 tenured generation   total 19308K, used 14577K [0x0a150000, 0x0b42b000, 0x14c00000)
   the space 19308K,  75% used [0x0a150000, 0x0af8c498, 0x0af8c600, 0x0b42b000)
 Metaspace       used 14886K, capacity 15201K, committed 15232K, reserved 15744K
}
Event: 7.833 GC heap after
{Heap after GC invocations=13 (full 1):
 def new generation   total 8768K, used 436K [0x04c00000, 0x05580000, 0x0a150000)
  eden space 7808K,   0% used [0x04c00000, 0x04c00000, 0x053a0000)
  from space 960K,  45% used [0x053a0000, 0x0540d168, 0x05490000)
  to   space 960K,   0% used [0x05490000, 0x05490000, 0x05580000)
 tenured generation   total 19308K, used 15530K [0x0a150000, 0x0b42b000, 0x14c00000)
   the space 19308K,  80% used [0x0a150000, 0x0b07a9d8, 0x0b07aa00, 0x0b42b000)
 Metaspace       used 14886K, capacity 15201K, committed 15232K, reserved 15744K
}
Event: 10.601 GC heap before
{Heap before GC invocations=13 (full 1):
 def new generation   total 8768K, used 8244K [0x04c00000, 0x05580000, 0x0a150000)
  eden space 7808K, 100% used [0x04c00000, 0x053a0000, 0x053a0000)
  from space 960K,  45% used [0x053a0000, 0x0540d168, 0x05490000)
  to   space 960K,   0% used [0x05490000, 0x05490000, 0x05580000)
 tenured generation   total 19308K, used 15530K [0x0a150000, 0x0b42b000, 0x14c00000)
   the space 19308K,  80% used [0x0a150000, 0x0b07a9d8, 0x0b07aa00, 0x0b42b000)
 Metaspace       used 14888K, capacity 15202K, committed 15232K, reserved 15744K
}
Event: 10.617 GC heap after
{Heap after GC invocations=14 (full 2):
 def new generation   total 17024K, used 0K [0x04c00000, 0x05e70000, 0x0a150000)
  eden space 15168K,   0% used [0x04c00000, 0x04c00000, 0x05ad0000)
  from space 1856K,   0% used [0x05ad0000, 0x05ad0000, 0x05ca0000)
  to   space 1856K,   0% used [0x05ca0000, 0x05ca0000, 0x05e70000)
 tenured generation   total 37700K, used 22618K [0x0a150000, 0x0c621000, 0x14c00000)
   the space 37700K,  59% used [0x0a150000, 0x0b766a10, 0x0b766c00, 0x0c621000)
 Metaspace       used 14659K, capacity 14921K, committed 15232K, reserved 15744K
}

Deoptimization events (6 events):
Event: 1.570 Thread 0x14e50800 DEOPT PACKING pc=0x02ceea0f sp=0x19b5e220
Event: 1.570 Thread 0x14e50800 DEOPT UNPACKING pc=0x02bfc187 sp=0x19b5e140 mode 3
Event: 1.573 Thread 0x14e50800 DEOPT PACKING pc=0x02d1e771 sp=0x19b5e3a0
Event: 1.573 Thread 0x14e50800 DEOPT UNPACKING pc=0x02bfc187 sp=0x19b5e2c4 mode 3
Event: 1.693 Thread 0x14e50800 DEOPT PACKING pc=0x02d61b8c sp=0x19b5e390
Event: 1.693 Thread 0x14e50800 DEOPT UNPACKING pc=0x02bfc187 sp=0x19b5e240 mode 3

Classes redefined (0 events):
No events

Internal exceptions (20 events):
Event: 1.627 Thread 0x14e50800 Exception <a 'java/lang/ClassNotFoundException'{0x04dc58e0}: com/sun/javafx/scene/control/skin/resources/controls> (0x04dc58e0) thrown at [s\src\hotspot\share\prims\jni.cpp, line 638]
Event: 1.628 Thread 0x14e50800 Exception <a 'java/lang/ClassNotFoundException'{0x04dd2d78}: com/sun/javafx/scene/control/skin/resources/controls_es> (0x04dd2d78) thrown at [s\src\hotspot\share\prims\jni.cpp, line 638]
Event: 1.628 Thread 0x14e50800 Exception <a 'java/lang/ClassNotFoundException'{0x04ddff78}: com/sun/javafx/scene/control/skin/resources/controls_es_MX> (0x04ddff78) thrown at [s\src\hotspot\share\prims\jni.cpp, line 638]
Event: 1.650 Thread 0x14e50800 Exception <a 'java/lang/NoSuchMethodError'{0x04f7f7b0}: 'void java.lang.invoke.DirectMethodHandle$Holder.invokeSpecial(java.lang.Object, java.lang.Object, java.lang.Object, java.lang.Object, java.lang.Object, java.lang.Object)'> (0x04f7f7b0) thrown at [s\src\hotspot\share\interpreter\linkResolver.cpp, line 773]
Event: 1.670 Thread 0x14e50800 Exception <a 'java/lang/NoSuchMethodError'{0x051dc230}: 'java.lang.Object java.lang.invoke.DirectMethodHandle$Holder.invokeInterface(java.lang.Object, java.lang.Object, java.lang.Object)'> (0x051dc230) thrown at [s\src\hotspot\share\interpreter\linkResolver.cpp, line 773]
Event: 1.670 Thread 0x14e50800 Exception <a 'java/lang/IncompatibleClassChangeError'{0x051df008}: Found class java.lang.Object, but interface was expected> (0x051df008) thrown at [s\src\hotspot\share\interpreter\linkResolver.cpp, line 839]
Event: 1.729 Thread 0x14e50000 Exception <a 'java/lang/NoSuchMethodError'{0x04cde558}: 'int java.lang.invoke.DirectMethodHandle$Holder.invokeStaticInit(java.lang.Object, java.lang.Object)'> (0x04cde558) thrown at [s\src\hotspot\share\interpreter\linkResolver.cpp, line 773]
Event: 1.741 Thread 0x14e50800 Exception <a 'java/lang/NoSuchMethodError'{0x04d57900}: 'long java.lang.invoke.DirectMethodHandle$Holder.invokeStaticInit(java.lang.Object, java.lang.Object, java.lang.Object)'> (0x04d57900) thrown at [s\src\hotspot\share\interpreter\linkResolver.cpp, line 773]
Event: 1.743 Thread 0x14e50800 Exception <a 'java/lang/NoSuchMethodError'{0x04d6e2a0}: 'java.lang.Object java.lang.invoke.DirectMethodHandle$Holder.invokeStatic(java.lang.Object, java.lang.Object, long)'> (0x04d6e2a0) thrown at [s\src\hotspot\share\interpreter\linkResolver.cpp, line 773]
Event: 1.743 Thread 0x14e50800 Exception <a 'java/lang/NoSuchMethodError'{0x04d73cf0}: 'java.lang.Object java.lang.invoke.Invokers$Holder.linkToTargetMethod(java.lang.Object, long, java.lang.Object)'> (0x04d73cf0) thrown at [s\src\hotspot\share\interpreter\linkResolver.cpp, line 773]
Event: 3.729 Thread 0x14e50800 Exception <a 'java/io/FileNotFoundException'{0x052363b8}> (0x052363b8) thrown at [s\src\hotspot\share\prims\jni.cpp, line 617]
Event: 3.752 Thread 0x14e50800 Exception <a 'java/io/FileNotFoundException'{0x05286be0}> (0x05286be0) thrown at [s\src\hotspot\share\prims\jni.cpp, line 617]
Event: 16.961 Thread 0x14e50800 Exception <a 'java/lang/IllegalArgumentException'{0x056025b0}> (0x056025b0) thrown at [s\src\hotspot\share\prims\jvm.cpp, line 1310]
Event: 16.992 Thread 0x14e50800 Exception <a 'java/lang/IllegalArgumentException'{0x0564b128}> (0x0564b128) thrown at [s\src\hotspot\share\prims\jvm.cpp, line 1310]
Event: 17.009 Thread 0x14e50800 Exception <a 'java/lang/IllegalArgumentException'{0x05656af8}> (0x05656af8) thrown at [s\src\hotspot\share\prims\jvm.cpp, line 1310]
Event: 17.026 Thread 0x14e50800 Exception <a 'java/lang/IllegalArgumentException'{0x056624e8}> (0x056624e8) thrown at [s\src\hotspot\share\prims\jvm.cpp, line 1310]
Event: 17.051 Thread 0x14e50800 Exception <a 'java/lang/IllegalArgumentException'{0x0566deb0}> (0x0566deb0) thrown at [s\src\hotspot\share\prims\jvm.cpp, line 1310]
Event: 17.072 Thread 0x14e50800 Exception <a 'java/lang/IllegalArgumentException'{0x05679878}> (0x05679878) thrown at [s\src\hotspot\share\prims\jvm.cpp, line 1310]
Event: 17.091 Thread 0x14e50800 Exception <a 'java/lang/IllegalArgumentException'{0x05685238}> (0x05685238) thrown at [s\src\hotspot\share\prims\jvm.cpp, line 1310]
Event: 17.114 Thread 0x14e50800 Exception <a 'java/lang/IllegalArgumentException'{0x05690be8}> (0x05690be8) thrown at [s\src\hotspot\share\prims\jvm.cpp, line 1310]

Events (20 events):
Event: 16.915 loading class javafx/application/Application
Event: 16.915 loading class javafx/application/Application done
Event: 16.915 loading class javafx/application/Application
Event: 16.915 loading class javafx/application/Application done
Event: 16.956 loading class com/sun/javafx/tk/quantum/GlassScene
Event: 16.956 loading class com/sun/javafx/tk/quantum/GlassScene done
Event: 16.956 loading class com/sun/javafx/tk/quantum/WindowStage
Event: 16.956 loading class com/sun/javafx/tk/quantum/WindowStage done
Event: 16.957 loading class com/sun/prism/GraphicsResource
Event: 16.957 loading class com/sun/prism/GraphicsResource done
Event: 16.957 loading class com/sun/prism/GraphicsResource
Event: 16.957 loading class com/sun/prism/GraphicsResource done
Event: 16.957 loading class com/sun/javafx/tk/quantum/ViewScene
Event: 16.957 loading class com/sun/javafx/tk/quantum/ViewScene done
Event: 16.957 loading class com/sun/javafx/tk/quantum/WindowStage
Event: 16.957 loading class com/sun/javafx/tk/quantum/WindowStage done
Event: 16.961 loading class java/lang/Throwable$WrappedPrintStream
Event: 16.961 loading class java/lang/Throwable$PrintStreamOrWriter
Event: 16.961 loading class java/lang/Throwable$PrintStreamOrWriter done
Event: 16.961 loading class java/lang/Throwable$WrappedPrintStream done


Dynamic libraries:
0x00650000 - 0x0065c000 	C:\Program Files (x86)\Eclipse Adoptium\jdk-11.0.21.9-hotspot\bin\java.exe
0x77570000 - 0x77721000 	C:\WINDOWS\SYSTEM32\ntdll.dll
0x751e0000 - 0x752d0000 	C:\WINDOWS\System32\KERNEL32.DLL
0x77080000 - 0x772f4000 	C:\WINDOWS\System32\KERNELBASE.dll
0x6df10000 - 0x6dfb6000 	C:\WINDOWS\SYSTEM32\apphelp.dll
0x76090000 - 0x761a2000 	C:\WINDOWS\System32\ucrtbase.dll
0x72f60000 - 0x72f75000 	C:\Program Files (x86)\Eclipse Adoptium\jdk-11.0.21.9-hotspot\bin\jli.dll
0x6ef00000 - 0x6ef13000 	C:\Program Files (x86)\Eclipse Adoptium\jdk-11.0.21.9-hotspot\bin\VCRUNTIME140.dll
0x768f0000 - 0x76a98000 	C:\WINDOWS\System32\USER32.dll
0x76b90000 - 0x76baa000 	C:\WINDOWS\System32\win32u.dll
0x6ce40000 - 0x6d068000 	C:\WINDOWS\WinSxS\x86_microsoft.windows.common-controls_6595b64144ccf1df_6.0.22621.3235_none_6ebcabb88802389e\COMCTL32.dll
0x75eb0000 - 0x75ed3000 	C:\WINDOWS\System32\GDI32.dll
0x77470000 - 0x77534000 	C:\WINDOWS\System32\msvcrt.dll
0x76aa0000 - 0x76b82000 	C:\WINDOWS\System32\gdi32full.dll
0x75390000 - 0x75409000 	C:\WINDOWS\System32\msvcp_win.dll
0x75760000 - 0x75785000 	C:\WINDOWS\System32\IMM32.DLL
0x6c0b0000 - 0x6c11f000 	C:\Program Files (x86)\Eclipse Adoptium\jdk-11.0.21.9-hotspot\bin\msvcp140.dll
0x6aae0000 - 0x6afbb000 	C:\Program Files (x86)\Eclipse Adoptium\jdk-11.0.21.9-hotspot\bin\client\jvm.dll
0x75790000 - 0x7580f000 	C:\WINDOWS\System32\ADVAPI32.dll
0x77300000 - 0x77385000 	C:\WINDOWS\System32\sechost.dll
0x752d0000 - 0x752ea000 	C:\WINDOWS\System32\bcrypt.dll
0x75fd0000 - 0x7608a000 	C:\WINDOWS\System32\RPCRT4.dll
0x761b0000 - 0x761b6000 	C:\WINDOWS\System32\PSAPI.DLL
0x750c0000 - 0x750c8000 	C:\WINDOWS\SYSTEM32\VERSION.dll
0x706a0000 - 0x706a8000 	C:\WINDOWS\SYSTEM32\WSOCK32.dll
0x72da0000 - 0x72dd1000 	C:\WINDOWS\SYSTEM32\WINMM.dll
0x76f60000 - 0x76fbf000 	C:\WINDOWS\System32\WS2_32.dll
0x750d0000 - 0x750e3000 	C:\WINDOWS\SYSTEM32\kernel.appcore.dll
0x73280000 - 0x7328d000 	C:\Program Files (x86)\Eclipse Adoptium\jdk-11.0.21.9-hotspot\bin\verify.dll
0x6b550000 - 0x6b726000 	C:\WINDOWS\SYSTEM32\DBGHELP.DLL
0x76600000 - 0x7687c000 	C:\WINDOWS\System32\combase.dll
0x75660000 - 0x756fc000 	C:\WINDOWS\System32\OLEAUT32.dll
0x6c080000 - 0x6c0a9000 	C:\WINDOWS\SYSTEM32\dbgcore.DLL
0x76ef0000 - 0x76f52000 	C:\WINDOWS\System32\bcryptPrimitives.dll
0x6c050000 - 0x6c072000 	C:\Program Files (x86)\Eclipse Adoptium\jdk-11.0.21.9-hotspot\bin\java.dll
0x72df0000 - 0x72df9000 	C:\Program Files (x86)\Eclipse Adoptium\jdk-11.0.21.9-hotspot\bin\jimage.dll
0x6c310000 - 0x6c31d000 	C:\Program Files (x86)\Eclipse Adoptium\jdk-11.0.21.9-hotspot\bin\instrument.dll
0x6c030000 - 0x6c046000 	C:\Program Files (x86)\Eclipse Adoptium\jdk-11.0.21.9-hotspot\bin\zip.dll
0x75810000 - 0x75eaa000 	C:\WINDOWS\System32\SHELL32.dll
0x72460000 - 0x72b4e000 	C:\WINDOWS\SYSTEM32\windows.storage.dll
0x72390000 - 0x72457000 	C:\WINDOWS\SYSTEM32\wintypes.dll
0x77390000 - 0x77451000 	C:\WINDOWS\System32\SHCORE.dll
0x76ea0000 - 0x76eeb000 	C:\WINDOWS\System32\shlwapi.dll
0x71920000 - 0x7193d000 	C:\WINDOWS\SYSTEM32\profapi.dll
0x6c010000 - 0x6c024000 	C:\Program Files (x86)\Eclipse Adoptium\jdk-11.0.21.9-hotspot\bin\net.dll
0x72e60000 - 0x72f3d000 	C:\WINDOWS\SYSTEM32\WINHTTP.dll
0x6f8d0000 - 0x6f921000 	C:\WINDOWS\system32\mswsock.dll
0x71880000 - 0x7188f000 	C:\Program Files (x86)\Eclipse Adoptium\jdk-11.0.21.9-hotspot\bin\nio.dll
0x6bfe0000 - 0x6bff6000 	C:\Users\luigu\AppData\Local\Programs\IntelliJ IDEA Ultimate\bin\breakgen.dll
0x6bfa0000 - 0x6bfa3000 	C:\Users\luigu\.openjfx\cache\17.0.6\api-ms-win-core-console-l1-1-0.dll
0x6bf90000 - 0x6bf93000 	C:\Users\luigu\.openjfx\cache\17.0.6\api-ms-win-core-console-l1-2-0.dll
0x6bf80000 - 0x6bf83000 	C:\Users\luigu\.openjfx\cache\17.0.6\api-ms-win-core-datetime-l1-1-0.dll
0x6b490000 - 0x6b493000 	C:\Users\luigu\.openjfx\cache\17.0.6\api-ms-win-core-debug-l1-1-0.dll
0x6b480000 - 0x6b483000 	C:\Users\luigu\.openjfx\cache\17.0.6\api-ms-win-core-errorhandling-l1-1-0.dll
0x6b470000 - 0x6b474000 	C:\Users\luigu\.openjfx\cache\17.0.6\api-ms-win-core-file-l1-1-0.dll
0x6b460000 - 0x6b463000 	C:\Users\luigu\.openjfx\cache\17.0.6\api-ms-win-core-file-l1-2-0.dll
0x6b450000 - 0x6b453000 	C:\Users\luigu\.openjfx\cache\17.0.6\api-ms-win-core-file-l2-1-0.dll
0x6b440000 - 0x6b443000 	C:\Users\luigu\.openjfx\cache\17.0.6\api-ms-win-core-handle-l1-1-0.dll
0x6b430000 - 0x6b433000 	C:\Users\luigu\.openjfx\cache\17.0.6\api-ms-win-core-heap-l1-1-0.dll
0x6b420000 - 0x6b423000 	C:\Users\luigu\.openjfx\cache\17.0.6\api-ms-win-core-interlocked-l1-1-0.dll
0x6b410000 - 0x6b413000 	C:\Users\luigu\.openjfx\cache\17.0.6\api-ms-win-core-libraryloader-l1-1-0.dll
0x6b400000 - 0x6b403000 	C:\Users\luigu\.openjfx\cache\17.0.6\api-ms-win-core-localization-l1-2-0.dll
0x6b3f0000 - 0x6b3f3000 	C:\Users\luigu\.openjfx\cache\17.0.6\api-ms-win-core-memory-l1-1-0.dll
0x6b3e0000 - 0x6b3e3000 	C:\Users\luigu\.openjfx\cache\17.0.6\api-ms-win-core-namedpipe-l1-1-0.dll
0x6b3d0000 - 0x6b3d3000 	C:\Users\luigu\.openjfx\cache\17.0.6\api-ms-win-core-processenvironment-l1-1-0.dll
0x6b3c0000 - 0x6b3c3000 	C:\Users\luigu\.openjfx\cache\17.0.6\api-ms-win-core-processthreads-l1-1-0.dll
0x6b3b0000 - 0x6b3b3000 	C:\Users\luigu\.openjfx\cache\17.0.6\api-ms-win-core-processthreads-l1-1-1.dll
0x6b3a0000 - 0x6b3a3000 	C:\Users\luigu\.openjfx\cache\17.0.6\api-ms-win-core-profile-l1-1-0.dll
0x6b390000 - 0x6b393000 	C:\Users\luigu\.openjfx\cache\17.0.6\api-ms-win-core-rtlsupport-l1-1-0.dll
0x6b380000 - 0x6b383000 	C:\Users\luigu\.openjfx\cache\17.0.6\api-ms-win-core-string-l1-1-0.dll
0x6b370000 - 0x6b373000 	C:\Users\luigu\.openjfx\cache\17.0.6\api-ms-win-core-synch-l1-1-0.dll
0x6b360000 - 0x6b363000 	C:\Users\luigu\.openjfx\cache\17.0.6\api-ms-win-core-synch-l1-2-0.dll
0x6b350000 - 0x6b353000 	C:\Users\luigu\.openjfx\cache\17.0.6\api-ms-win-core-sysinfo-l1-1-0.dll
0x6b340000 - 0x6b343000 	C:\Users\luigu\.openjfx\cache\17.0.6\api-ms-win-core-timezone-l1-1-0.dll
0x6b330000 - 0x6b333000 	C:\Users\luigu\.openjfx\cache\17.0.6\api-ms-win-core-util-l1-1-0.dll
0x6b320000 - 0x6b323000 	C:\Users\luigu\.openjfx\cache\17.0.6\api-ms-win-crt-conio-l1-1-0.dll
0x6b310000 - 0x6b314000 	C:\Users\luigu\.openjfx\cache\17.0.6\api-ms-win-crt-convert-l1-1-0.dll
0x6b300000 - 0x6b303000 	C:\Users\luigu\.openjfx\cache\17.0.6\api-ms-win-crt-environment-l1-1-0.dll
0x6b2f0000 - 0x6b2f3000 	C:\Users\luigu\.openjfx\cache\17.0.6\api-ms-win-crt-filesystem-l1-1-0.dll
0x6b2e0000 - 0x6b2e3000 	C:\Users\luigu\.openjfx\cache\17.0.6\api-ms-win-crt-heap-l1-1-0.dll
0x6b2d0000 - 0x6b2d3000 	C:\Users\luigu\.openjfx\cache\17.0.6\api-ms-win-crt-locale-l1-1-0.dll
0x6b2c0000 - 0x6b2c5000 	C:\Users\luigu\.openjfx\cache\17.0.6\api-ms-win-crt-math-l1-1-0.dll
0x6b2b0000 - 0x6b2b5000 	C:\Users\luigu\.openjfx\cache\17.0.6\api-ms-win-crt-multibyte-l1-1-0.dll
0x6b2a0000 - 0x6b2b0000 	C:\Users\luigu\.openjfx\cache\17.0.6\api-ms-win-crt-private-l1-1-0.dll
0x6b290000 - 0x6b293000 	C:\Users\luigu\.openjfx\cache\17.0.6\api-ms-win-crt-process-l1-1-0.dll
0x6b280000 - 0x6b284000 	C:\Users\luigu\.openjfx\cache\17.0.6\api-ms-win-crt-runtime-l1-1-0.dll
0x6b270000 - 0x6b274000 	C:\Users\luigu\.openjfx\cache\17.0.6\api-ms-win-crt-stdio-l1-1-0.dll
0x6b260000 - 0x6b264000 	C:\Users\luigu\.openjfx\cache\17.0.6\api-ms-win-crt-string-l1-1-0.dll
0x6b250000 - 0x6b253000 	C:\Users\luigu\.openjfx\cache\17.0.6\api-ms-win-crt-time-l1-1-0.dll
0x6b240000 - 0x6b243000 	C:\Users\luigu\.openjfx\cache\17.0.6\api-ms-win-crt-utility-l1-1-0.dll
0x6a9b0000 - 0x6aad3000 	C:\Users\luigu\.openjfx\cache\17.0.6\ucrtbase.dll
0x6b220000 - 0x6b234000 	C:\Users\luigu\.openjfx\cache\17.0.6\vcruntime140.dll
0x6b1b0000 - 0x6b21d000 	C:\Users\luigu\.openjfx\cache\17.0.6\msvcp140.dll
0x6b1a0000 - 0x6b1a7000 	C:\Users\luigu\.openjfx\cache\17.0.6\msvcp140_1.dll
0x6b170000 - 0x6b199000 	C:\Users\luigu\.openjfx\cache\17.0.6\msvcp140_2.dll
0x6a980000 - 0x6a9a6000 	C:\Users\luigu\.openjfx\cache\17.0.6\prism_d3d.dll
0x6a800000 - 0x6a971000 	C:\WINDOWS\system32\d3d9.dll
0x6e0f0000 - 0x6e114000 	C:\WINDOWS\SYSTEM32\dwmapi.dll
0x6e740000 - 0x6e76e000 	C:\WINDOWS\SYSTEM32\dxcore.dll
0x72fd0000 - 0x7304f000 	C:\WINDOWS\system32\uxtheme.dll
0x6a770000 - 0x6a800000 	C:\WINDOWS\SYSTEM32\d3d9on12.dll
0x6a750000 - 0x6a76d000 	C:\WINDOWS\SYSTEM32\d3d12.dll
0x6e840000 - 0x6e90a000 	C:\WINDOWS\SYSTEM32\dxgi.dll
0x72bb0000 - 0x72bed000 	C:\WINDOWS\SYSTEM32\cfgmgr32.dll
0x6a5a0000 - 0x6a750000 	C:\WINDOWS\SYSTEM32\D3D12Core.dll
0x6a580000 - 0x6a59d000 	C:\WINDOWS\System32\DriverStore\FileRepository\iigd_dch.inf_amd64_3c65364e14984512\igd12umd32.dll
0x63940000 - 0x6456a000 	C:\WINDOWS\System32\DriverStore\FileRepository\iigd_dch.inf_amd64_3c65364e14984512\igd12um32xel.dll
0x76c10000 - 0x76d13000 	C:\WINDOWS\System32\CRYPT32.dll
0x75410000 - 0x75560000 	C:\WINDOWS\System32\ole32.dll
0x6a540000 - 0x6a575000 	C:\WINDOWS\SYSTEM32\ControlLib32.dll
0x761c0000 - 0x765fd000 	C:\WINDOWS\System32\SETUPAPI.dll
0x6ef30000 - 0x6ef54000 	C:\WINDOWS\SYSTEM32\DEVOBJ.dll
0x66c80000 - 0x66cf2000 	C:\WINDOWS\System32\DriverStore\FileRepository\iigd_dch.inf_amd64_3c65364e14984512\IntelControlLib32.dll
0x76bb0000 - 0x76c08000 	C:\WINDOWS\System32\WINTRUST.dll
0x6ef20000 - 0x6ef2e000 	C:\WINDOWS\SYSTEM32\MSASN1.dll
0x6c2d0000 - 0x6c30c000 	C:\WINDOWS\SYSTEM32\directxdatabasehelper.dll
0x63610000 - 0x6393f000 	C:\WINDOWS\System32\DriverStore\FileRepository\iigd_dch.inf_amd64_3c65364e14984512\igdgmm32.dll
0x66d00000 - 0x6a385000 	C:\WINDOWS\System32\DriverStore\FileRepository\iigd_dch.inf_amd64_3c65364e14984512\igc32.dll
0x6a510000 - 0x6a531000 	C:\WINDOWS\SYSTEM32\D3DSCache.dll
0x73170000 - 0x73194000 	C:\WINDOWS\SYSTEM32\USERENV.dll
0x62390000 - 0x6360b000 	C:\WINDOWS\System32\DriverStore\FileRepository\iigd_dch.inf_amd64_3c65364e14984512\igd12dxva32.dll
0x606a0000 - 0x62390000 	C:\WINDOWS\System32\DriverStore\FileRepository\iigd_dch.inf_amd64_3c65364e14984512\media_bin_32.dll
0x6a4f0000 - 0x6a510000 	C:\WINDOWS\System32\DriverStore\FileRepository\iigd_dch.inf_amd64_3c65364e14984512\igdinfo32.dll
0x72b90000 - 0x72ba5000 	C:\WINDOWS\SYSTEM32\CRYPTSP.dll
0x72b60000 - 0x72b90000 	C:\WINDOWS\system32\rsaenh.dll
0x72b50000 - 0x72b5b000 	C:\WINDOWS\SYSTEM32\CRYPTBASE.dll
0x64570000 - 0x6475c000 	C:\WINDOWS\SYSTEM32\twinapi.appcore.dll
0x66170000 - 0x661a7000 	C:\Users\luigu\.openjfx\cache\17.0.6\glass.dll

dbghelp: loaded successfully - version: 4.0.5 - missing functions: none
symbol engine: initialized successfully - sym options: 0x614 - pdb path: .;C:\Program Files (x86)\Eclipse Adoptium\jdk-11.0.21.9-hotspot\bin;C:\WINDOWS\SYSTEM32;C:\WINDOWS\WinSxS\x86_microsoft.windows.common-controls_6595b64144ccf1df_6.0.22621.3235_none_6ebcabb88802389e;C:\Program Files (x86)\Eclipse Adoptium\jdk-11.0.21.9-hotspot\bin\client;C:\Users\luigu\AppData\Local\Programs\IntelliJ IDEA Ultimate\bin;C:\Users\luigu\.openjfx\cache\17.0.6;C:\WINDOWS\System32\DriverStore\FileRepository\iigd_dch.inf_amd64_3c65364e14984512;C:\ProgramData\A-Volute\A-Volute.Nahimic\Modules\Scheduled;C:\Program Files (x86)\Common Files\Microsoft Shared\Ink

VM Arguments:
jvm_args: -javaagent:C:\Users\luigu\AppData\Local\Programs\IntelliJ IDEA Ultimate\lib\idea_rt.jar=61759:C:\Users\luigu\AppData\Local\Programs\IntelliJ IDEA Ultimate\bin -Dfile.encoding=UTF-8 --module-path=C:\Users\luigu\.m2\repository\org\openjfx\javafx-base\17.0.6\javafx-base-17.0.6-win-x86.jar;C:\Users\luigu\.m2\repository\org\openjfx\javafx-fxml\17.0.6\javafx-fxml-17.0.6-win-x86.jar;C:\Users\luigu\.m2\repository\com\dlsc\formsfx\formsfx-core\11.6.0\formsfx-core-11.6.0.jar;C:\Users\luigu\.m2\repository\net\synedra\validatorfx\0.4.0\validatorfx-0.4.0.jar;C:\Users\luigu\IdeaProjects\Joyeria_ProyectoMult\target\classes;C:\Users\luigu\.m2\repository\org\controlsfx\controlsfx\11.1.2\controlsfx-11.1.2.jar;C:\Users\luigu\.m2\repository\org\kordamp\bootstrapfx\bootstrapfx-core\0.4.0\bootstrapfx-core-0.4.0.jar;C:\Users\luigu\.m2\repository\org\openjfx\javafx-graphics\17.0.6\javafx-graphics-17.0.6-win-x86.jar;C:\Users\luigu\.m2\repository\org\openjfx\javafx-controls\17.0.6\javafx-controls-17.0.6-win-x86.jar -Djdk.module.main=com.eduard034.joyeria_proyectomult 
java_command: com.eduard034.joyeria_proyectomult/com.eduard034.joyeria_proyectomult.JoyeriaApp
java_class_path (initial): C:\Users\luigu\.m2\repository\org\openjfx\javafx-controls\17.0.6\javafx-controls-17.0.6.jar;C:\Users\luigu\.m2\repository\org\openjfx\javafx-graphics\17.0.6\javafx-graphics-17.0.6.jar;C:\Users\luigu\.m2\repository\org\openjfx\javafx-base\17.0.6\javafx-base-17.0.6.jar;C:\Users\luigu\.m2\repository\org\openjfx\javafx-fxml\17.0.6\javafx-fxml-17.0.6.jar
Launcher Type: SUN_STANDARD

[Global flags]
   size_t InitialHeapSize                          = 16777216                                  {product} {ergonomic}
   size_t MaxHeapSize                              = 268435456                                 {product} {ergonomic}
   size_t MaxNewSize                               = 89456640                                  {product} {ergonomic}
   size_t MinHeapDeltaBytes                        = 131072                                    {product} {ergonomic}
   size_t NewSize                                  = 5570560                                   {product} {ergonomic}
    uintx NonProfiledCodeHeapSize                  = 0                                      {pd product} {ergonomic}
   size_t OldSize                                  = 11206656                                  {product} {ergonomic}
    uintx ProfiledCodeHeapSize                     = 0                                      {pd product} {ergonomic}
     bool ThreadLocalHandshakes                    = false                                  {pd product} {ergonomic}
     bool UseLargePagesIndividualAllocation        = false                                  {pd product} {ergonomic}
     bool UseSerialGC                              = true                                      {product} {ergonomic}

Logging:
Log output configuration:
 #0: stdout all=warning uptime,level,tags
 #1: stderr all=off uptime,level,tags

Environment Variables:
PATH=C:\Program Files (x86)\Eclipse Adoptium\jre-11.0.21.9-hotspot\bin;C:\Program Files (x86)\Eclipse Adoptium\jdk-11.0.21.9-hotspot\bin;C:\Program Files (x86)\VMware\VMware Player\bin\;C:\Windows\system32;C:\Windows;C:\Windows\System32\Wbem;C:\Windows\System32\WindowsPowerShell\v1.0\;C:\Windows\System32\OpenSSH\;C:\Program Files (x86)\NVIDIA Corporation\PhysX\Common;C:\Program Files\NVIDIA Corporation\NVIDIA NvDLISR;C:\WINDOWS\system32;C:\WINDOWS;C:\WINDOWS\System32\Wbem;C:\WINDOWS\System32\WindowsPowerShell\v1.0\;C:\WINDOWS\System32\OpenSSH\;C:\Program Files\Git\cmd;C:\Users\luigu\AppData\Local\Microsoft\WindowsApps;C:\Users\luigu\AppData\Local\Programs\Microsoft VS Code\bin;C:\Users\luigu\AppData\Local\JetBrains\Toolbox\scripts;C:\Users\luigu\AppData\Local\GitHubDesktop\bin
USERNAME=luigu
OS=Windows_NT
PROCESSOR_IDENTIFIER=Intel64 Family 6 Model 154 Stepping 3, GenuineIntel
TMP=C:\Users\luigu\AppData\Local\Temp
TEMP=C:\Users\luigu\AppData\Local\Temp



---------------  S Y S T E M  ---------------

OS: Windows 11 , 64 bit Build 22621 (10.0.22621.3235)
OS uptime: 25 days 10:15 hours

CPU:total 12 (initial active 12) (6 cores per cpu, 2 threads per core) family 6 model 154 stepping 3 microcode 0x419, cmov, cx8, fxsr, mmx, sse, sse2, sse3, ssse3, sse4.1, sse4.2, popcnt, avx, avx2, aes, clmul, erms, 3dnowpref, lzcnt, ht, tsc, tscinvbit, bmi1, bmi2, adx, sha, fma

Memory: 4k page, system-wide physical 7917M (76M free)
TotalPageFile size 18669M (AvailPageFile size 6563M), user-mode portion of virtual address-space 2047M (1221M free)
current process WorkingSet (physical memory assigned to process): 259M, peak: 273M
current process commit charge ("private bytes"): 271M, peak: 280M

vm_info: OpenJDK Client VM (11.0.21+9) for windows-x86 JRE (11.0.21+9), built on Oct 17 2023 17:27:10 by "" with MS VC++ 15.9 (VS2017)

END.
