#
# A fatal error has been detected by the Java Runtime Environment:
#
#  EXCEPTION_ACCESS_VIOLATION (0xc0000005) at pc=0x00007fff8d0dbdf6, pid=32252, tid=25388
#
# JRE version: OpenJDK Runtime Environment Corretto-11.0.22.7.1 (11.0.22+7) (build 11.0.22+7-LTS)
# Java VM: OpenJDK 64-Bit Server VM Corretto-11.0.22.7.1 (11.0.22+7-LTS, mixed mode, tiered, compressed oops, g1 gc, windows-amd64)
# Problematic frame:
# C  [glass.dll+0x1bdf6]
#
# No core dump will be written. Minidumps are not enabled by default on client versions of Windows
#
# If you would like to submit a bug report, please visit:
#   https://github.com/corretto/corretto-11/issues/
# The crash happened outside the Java Virtual Machine in native code.
# See problematic frame for where to report the bug.
#

---------------  S U M M A R Y ------------

Command Line: -javaagent:C:\Users\alonh\AppData\Local\Programs\IntelliJ IDEA Ultimate\lib\idea_rt.jar=58632:C:\Users\alonh\AppData\Local\Programs\IntelliJ IDEA Ultimate\bin -Dfile.encoding=UTF-8 --module-path=C:\Users\alonh\.m2\repository\org\kordamp\bootstrapfx\bootstrapfx-core\0.4.0\bootstrapfx-core-0.4.0.jar;C:\Users\alonh\.m2\repository\com\dlsc\formsfx\formsfx-core\11.6.0\formsfx-core-11.6.0.jar;C:\Users\alonh\.m2\repository\org\openjfx\javafx-base\17.0.6\javafx-base-17.0.6-win.jar;C:\Users\alonh\IdeaProjects\Joyeria_ProyectoMult\target\classes;C:\Users\alonh\.m2\repository\org\openjfx\javafx-controls\17.0.6\javafx-controls-17.0.6-win.jar;C:\Users\alonh\.m2\repository\net\synedra\validatorfx\0.4.0\validatorfx-0.4.0.jar;C:\Users\alonh\.m2\repository\org\openjfx\javafx-graphics\17.0.6\javafx-graphics-17.0.6-win.jar;C:\Users\alonh\.m2\repository\org\openjfx\javafx-fxml\17.0.6\javafx-fxml-17.0.6-win.jar;C:\Users\alonh\.m2\repository\org\controlsfx\controlsfx\11.1.2\controlsfx-11.1.2.jar -Djdk.module.main=com.eduard034.joyeria_proyectomult com.eduard034.joyeria_proyectomult/com.eduard034.joyeria_proyectomult.JoyeriaApp

Host: 12th Gen Intel(R) Core(TM) i5-12450H, 12 cores, 7G,  Windows 11 , 64 bit Build 22621 (10.0.22621.2506)
Time: Sat Mar 23 18:50:17 2024 Hora estándar central (México) elapsed time: 115.757989 seconds (0d 0h 1m 55s)

---------------  T H R E A D  ---------------

Current thread (0x00000295db84c800):  JavaThread "JavaFX Application Thread" [_thread_in_native, id=25388, stack(0x000000e319600000,0x000000e319700000)]

Stack: [0x000000e319600000,0x000000e319700000],  sp=0x000000e3196fc710,  free space=1009k
Native frames: (J=compiled Java code, j=interpreted, Vv=VM code, C=native code)
C  [glass.dll+0x1bdf6]

Java frames: (J=compiled Java code, j=interpreted, Vv=VM code)
j  com.sun.glass.ui.win.WinWindow._close(J)Z+0 javafx.graphics
j  com.sun.glass.ui.Window.close()V+63 javafx.graphics
j  com.sun.glass.ui.win.WinWindow.close()V+8 javafx.graphics
j  com.sun.glass.ui.Application.terminate()V+75 javafx.graphics
j  com.sun.javafx.tk.quantum.QuantumToolkit.lambda$exit$13()Ljava/lang/Object;+5 javafx.graphics
j  com.sun.javafx.tk.quantum.QuantumToolkit$$Lambda$439.get()Ljava/lang/Object;+0 javafx.graphics
j  com.sun.javafx.tk.quantum.QuantumToolkit.runWithRenderLock(Ljava/util/function/Supplier;)Ljava/lang/Object;+7 javafx.graphics
j  com.sun.javafx.tk.quantum.QuantumToolkit.exit()V+26 javafx.graphics
j  com.sun.javafx.application.PlatformImpl.lambda$tkExit$16()V+3 javafx.graphics
j  com.sun.javafx.application.PlatformImpl$$Lambda$438.run()V+0 javafx.graphics
j  com.sun.javafx.application.PlatformImpl.lambda$runAndWait$12(Ljava/lang/Runnable;Ljava/util/concurrent/CountDownLatch;)V+1 javafx.graphics
j  com.sun.javafx.application.PlatformImpl$$Lambda$87.run()V+8 javafx.graphics
j  com.sun.javafx.application.PlatformImpl.lambda$runLater$10(Ljava/lang/Runnable;)Ljava/lang/Void;+1 javafx.graphics
j  com.sun.javafx.application.PlatformImpl$$Lambda$90.run()Ljava/lang/Object;+4 javafx.graphics
v  ~StubRoutines::call_stub
J 1950  java.security.AccessController.doPrivileged(Ljava/security/PrivilegedAction;Ljava/security/AccessControlContext;)Ljava/lang/Object; java.base@11.0.22 (0 bytes) @ 0x00000295cabec226 [0x00000295cabec1c0+0x0000000000000066]
j  com.sun.javafx.application.PlatformImpl.lambda$runLater$11(Ljava/lang/Runnable;Ljava/security/AccessControlContext;)V+7 javafx.graphics
j  com.sun.javafx.application.PlatformImpl$$Lambda$89.run()V+8 javafx.graphics
J 2621 c2 com.sun.glass.ui.InvokeLaterDispatcher$Future.run()V javafx.graphics (91 bytes) @ 0x00000295cac39fe0 [0x00000295cac39ee0+0x0000000000000100]
v  ~StubRoutines::call_stub
j  com.sun.glass.ui.win.WinApplication._runLoop(Ljava/lang/Runnable;)V+0 javafx.graphics
j  com.sun.glass.ui.win.WinApplication.lambda$runLoop$3(ILjava/lang/Runnable;)V+8 javafx.graphics
j  com.sun.glass.ui.win.WinApplication$$Lambda$78.run()V+12 javafx.graphics
j  java.lang.Thread.run()V+11 java.base@11.0.22
v  ~StubRoutines::call_stub

siginfo: EXCEPTION_ACCESS_VIOLATION (0xc0000005), reading address 0x0000000000000130


Register to memory mapping:

RIP=0x00007fff8d0dbdf6 glass.dll
RAX=0x0 is NULL
RBX=0x0 is NULL
RCX=0x0 is NULL
RDX=0x0 is NULL
RSP=0x000000e3196fc710 is pointing into the stack for thread: 0x00000295db84c800
RBP=0x0 is NULL
RSI=0x0000000000000401 is an unknown value
RDI=0x000000e3196fca60 is pointing into the stack for thread: 0x00000295db84c800
R8 =0x000000e3196fca60 is pointing into the stack for thread: 0x00000295db84c800
R9 =0x0 is NULL
R10=0x0 is NULL
R11=0x0000000000000246 is an unknown value
R12=0x0 is NULL
R13=0x0 is NULL
R14=0x0 is NULL
R15=0x0 is NULL


Registers:
RAX=0x0000000000000000, RBX=0x0000000000000000, RCX=0x0000000000000000, RDX=0x0000000000000000
RSP=0x000000e3196fc710, RBP=0x0000000000000000, RSI=0x0000000000000401, RDI=0x000000e3196fca60
R8 =0x000000e3196fca60, R9 =0x0000000000000000, R10=0x0000000000000000, R11=0x0000000000000246
R12=0x0000000000000000, R13=0x0000000000000000, R14=0x0000000000000000, R15=0x0000000000000000
RIP=0x00007fff8d0dbdf6, EFLAGS=0x0000000000010202

Top of Stack: (sp=0x000000e3196fc710)
0x000000e3196fc710:   0000000000000578 000000e3196fc720
0x000000e3196fc720:   0000000000180016 00007fff8d0e75c0
0x000000e3196fc730:   000000e3196fca60 00007fff8d0da871
0x000000e3196fc740:   0000000000000000 000000e3196fca60
0x000000e3196fc750:   0000000000000401 00000295b8cf4c20
0x000000e3196fc760:   00000295db6975f0 00007fff8d0ca395
0x000000e3196fc770:   000000e3196fca60 00000295d9aa1901
0x000000e3196fc780:   000000000000c0c6 00000295e5370f00
0x000000e3196fc790:   0000000000000000 00007fff8d0c17bb
0x000000e3196fc7a0:   00000295db6975f0 000000e3196fca60
0x000000e3196fc7b0:   0000000000000401 0000000000f60922
0x000000e3196fc7c0:   0000000000000401 00007ff810738241
0x000000e3196fc7d0:   0000000000000000 000000e3196fc998
0x000000e3196fc7e0:   0000000080000022 0000000000000001
0x000000e3196fc7f0:   00000295da3d2d28 00000295db84c800
0x000000e3196fc800:   00000295db84c800 0000000000000001 

Instructions: (pc=0x00007fff8d0dbdf6)
0x00007fff8d0dbcf6:   85 c0 74 08 48 8b c8 e8 ee 00 00 00 48 c7 05 23
0x00007fff8d0dbd06:   e1 01 00 00 00 00 00 48 83 c4 28 c3 cc cc cc cc
0x00007fff8d0dbd16:   cc cc cc cc cc cc cc cc cc cc 48 89 5c 24 08 57
0x00007fff8d0dbd26:   48 83 ec 30 48 8b fa 48 8b d9 48 39 91 30 01 00
0x00007fff8d0dbd36:   00 0f 84 a5 00 00 00 e8 ae 00 00 00 48 8b 93 30
0x00007fff8d0dbd46:   01 00 00 48 85 d2 75 04 48 8b 53 08 48 89 54 24
0x00007fff8d0dbd56:   20 4c 8b c7 48 85 ff 75 04 4c 8b 43 08 48 8d 0d
0x00007fff8d0dbd66:   a6 e2 00 00 4c 89 44 24 28 e8 bc 78 fe ff 48 8b
0x00007fff8d0dbd76:   4c 24 20 4c 8d 44 24 20 48 8d 15 db f7 ff ff ff
0x00007fff8d0dbd86:   15 05 da 01 00 48 8b 05 6e dd 01 00 48 85 c0 75
0x00007fff8d0dbd96:   04 33 c9 eb 03 8b 48 40 4c 8d 44 24 20 48 8d 15
0x00007fff8d0dbda6:   f6 f7 ff ff ff 15 e8 d9 01 00 48 89 bb 30 01 00
0x00007fff8d0dbdb6:   00 e8 54 38 00 00 4c 8b 05 ed e0 01 00 48 8b c8
0x00007fff8d0dbdc6:   48 8b 93 c0 00 00 00 4c 8b cf e8 db 92 fe ff e8
0x00007fff8d0dbdd6:   36 38 00 00 48 8b c8 e8 4e 37 00 00 48 8b 5c 24
0x00007fff8d0dbde6:   40 48 83 c4 30 5f c3 cc cc cc 40 57 48 83 ec 20
0x00007fff8d0dbdf6:   48 8b 81 30 01 00 00 48 8b f9 48 85 c0 75 04 48
0x00007fff8d0dbe06:   8b 41 08 48 3b 05 20 e0 01 00 75 3b 48 89 5c 24
0x00007fff8d0dbe16:   30 e8 f4 37 00 00 4c 8b 05 7d e0 01 00 48 8b c8
0x00007fff8d0dbe26:   48 8b 97 c0 00 00 00 48 8b d8 e8 7b 92 fe ff 48
0x00007fff8d0dbe36:   8b cb e8 f3 36 00 00 48 8b 5c 24 30 48 c7 05 e3
0x00007fff8d0dbe46:   df 01 00 00 00 00 00 48 83 c4 20 5f c3 cc cc cc
0x00007fff8d0dbe56:   cc cc cc cc cc cc cc cc cc cc 40 53 48 83 ec 50
0x00007fff8d0dbe66:   48 8b 05 5b b3 01 00 48 33 c4 48 89 44 24 40 48
0x00007fff8d0dbe76:   8b d9 48 8b 49 08 ff 15 86 d8 01 00 85 c0 0f 85
0x00007fff8d0dbe86:   1b 01 00 00 48 8b 4b 08 48 8d 54 24 30 ff 15 af
0x00007fff8d0dbe96:   d6 01 00 48 8b 4b 08 48 8d 54 24 20 ff 15 08 d7
0x00007fff8d0dbea6:   01 00 48 8b 4b 08 4c 8d 44 24 20 41 b9 02 00 00
0x00007fff8d0dbeb6:   00 33 d2 ff 15 f9 d6 01 00 8b 44 24 24 2b 44 24
0x00007fff8d0dbec6:   34 44 8b 44 24 20 44 2b 44 24 30 8b 54 24 3c 2b
0x00007fff8d0dbed6:   54 24 2c 8b 4c 24 38 2b 4c 24 28 89 83 1c 01 00
0x00007fff8d0dbee6:   00 44 89 83 18 01 00 00 89 93 24 01 00 00 89 8b 


Stack slot to memory mapping:
stack at sp + 0 slots: 0x0000000000000578 is an unknown value
stack at sp + 1 slots: 0x000000e3196fc720 is pointing into the stack for thread: 0x00000295db84c800
stack at sp + 2 slots: 0x0000000000180016 is an unknown value
stack at sp + 3 slots: 0x00007fff8d0e75c0 glass.dll
stack at sp + 4 slots: 0x000000e3196fca60 is pointing into the stack for thread: 0x00000295db84c800
stack at sp + 5 slots: 0x00007fff8d0da871 glass.dll
stack at sp + 6 slots: 0x0 is NULL
stack at sp + 7 slots: 0x000000e3196fca60 is pointing into the stack for thread: 0x00000295db84c800


---------------  P R O C E S S  ---------------

Threads class SMR info:
_java_thread_list=0x00000295da730460, length=18, elements={
0x00000295ba8ec800, 0x00000295da3c4800, 0x00000295da3c6000, 0x00000295da41c800,
0x00000295da41d000, 0x00000295da41f000, 0x00000295da424000, 0x00000295da428800,
0x00000295da429800, 0x00000295da5ac800, 0x00000295daaf5800, 0x00000295daf75800,
0x00000295da6a0000, 0x00000295db84c800, 0x00000295dba19800, 0x00000295db976000,
0x00000295dba4d000, 0x00000295e5fc3000
}

Java Threads: ( => current thread )
  0x00000295ba8ec800 JavaThread "main" [_thread_blocked, id=31756, stack(0x000000e318500000,0x000000e318600000)]
  0x00000295da3c4800 JavaThread "Reference Handler" daemon [_thread_blocked, id=28696, stack(0x000000e318c00000,0x000000e318d00000)]
  0x00000295da3c6000 JavaThread "Finalizer" daemon [_thread_blocked, id=19732, stack(0x000000e318d00000,0x000000e318e00000)]
  0x00000295da41c800 JavaThread "Signal Dispatcher" daemon [_thread_blocked, id=5080, stack(0x000000e318e00000,0x000000e318f00000)]
  0x00000295da41d000 JavaThread "Attach Listener" daemon [_thread_blocked, id=24284, stack(0x000000e318f00000,0x000000e319000000)]
  0x00000295da41f000 JavaThread "Service Thread" daemon [_thread_blocked, id=25868, stack(0x000000e319000000,0x000000e319100000)]
  0x00000295da424000 JavaThread "C2 CompilerThread0" daemon [_thread_blocked, id=10672, stack(0x000000e319100000,0x000000e319200000)]
  0x00000295da428800 JavaThread "C1 CompilerThread0" daemon [_thread_blocked, id=30000, stack(0x000000e319200000,0x000000e319300000)]
  0x00000295da429800 JavaThread "Sweeper thread" daemon [_thread_blocked, id=25204, stack(0x000000e319300000,0x000000e319400000)]
  0x00000295da5ac800 JavaThread "Common-Cleaner" daemon [_thread_blocked, id=15428, stack(0x000000e319400000,0x000000e319500000)]
  0x00000295daaf5800 JavaThread "Monitor Ctrl-Break" daemon [_thread_in_native, id=3396, stack(0x000000e319700000,0x000000e319800000)]
  0x00000295daf75800 JavaThread "QuantumRenderer-0" daemon [_thread_blocked, id=28664, stack(0x000000e319900000,0x000000e319a00000)]
  0x00000295da6a0000 JavaThread "InvokeLaterDispatcher" daemon [_thread_blocked, id=15108, stack(0x000000e319500000,0x000000e319600000)]
=>0x00000295db84c800 JavaThread "JavaFX Application Thread" [_thread_in_native, id=25388, stack(0x000000e319600000,0x000000e319700000)]
  0x00000295dba19800 JavaThread "JavaFX-Launcher" [_thread_blocked, id=1364, stack(0x000000e31a000000,0x000000e31a100000)]
  0x00000295db976000 JavaThread "Thread-2" daemon [_thread_in_native, id=29760, stack(0x000000e319f00000,0x000000e31a000000)]
  0x00000295dba4d000 JavaThread "Prism Font Disposer" daemon [_thread_blocked, id=22880, stack(0x000000e31a600000,0x000000e31a700000)]
  0x00000295e5fc3000 JavaThread "Cleaner-0" daemon [_thread_blocked, id=27540, stack(0x000000e31af00000,0x000000e31b000000)]

Other Threads:
  0x00000295d9b95800 VMThread "VM Thread" [stack: 0x000000e318b00000,0x000000e318c00000] [id=24636]
  0x00000295daa65000 WatcherThread [stack: 0x000000e319800000,0x000000e319900000] [id=28552]
  0x00000295ba907800 GCTaskThread "GC Thread#0" [stack: 0x000000e318600000,0x000000e318700000] [id=30276]
  0x00000295dba4e000 GCTaskThread "GC Thread#1" [stack: 0x000000e31a100000,0x000000e31a200000] [id=5688]
  0x00000295dba4f000 GCTaskThread "GC Thread#2" [stack: 0x000000e31a200000,0x000000e31a300000] [id=16556]
  0x00000295dba17800 GCTaskThread "GC Thread#3" [stack: 0x000000e31a300000,0x000000e31a400000] [id=21380]
  0x00000295dba78000 GCTaskThread "GC Thread#4" [stack: 0x000000e31a400000,0x000000e31a500000] [id=26156]
  0x00000295dba79000 GCTaskThread "GC Thread#5" [stack: 0x000000e31a500000,0x000000e31a600000] [id=28772]
  0x00000295ba937000 ConcurrentGCThread "G1 Main Marker" [stack: 0x000000e318700000,0x000000e318800000] [id=9692]
  0x00000295ba938800 ConcurrentGCThread "G1 Conc#0" [stack: 0x000000e318800000,0x000000e318900000] [id=16448]
  0x00000295dbe02800 ConcurrentGCThread "G1 Conc#1" [stack: 0x000000e31ab00000,0x000000e31ac00000] [id=23016]
  0x00000295dbd94000 ConcurrentGCThread "G1 Conc#2" [stack: 0x000000e31ac00000,0x000000e31ad00000] [id=32352]
  0x00000295d99e6800 ConcurrentGCThread "G1 Refine#0" [stack: 0x000000e318900000,0x000000e318a00000] [id=25132]
  0x00000295d99e9000 ConcurrentGCThread "G1 Young RemSet Sampling" [stack: 0x000000e318a00000,0x000000e318b00000] [id=30012]

Threads with active compile tasks:

VM state:not at safepoint (normal execution)

VM Mutex/Monitor currently owned by a thread: None

Heap address: 0x0000000084800000, size: 1976 MB, Compressed Oops mode: 32-bit
Narrow klass base: 0x0000000000000000, Narrow klass shift: 3
Compressed class space size: 1073741824 Address: 0x0000000100000000

Heap:
 garbage-first heap   total 126976K, used 38121K [0x0000000084800000, 0x0000000100000000)
  region size 1024K, 31 young (31744K), 8 survivors (8192K)
 Metaspace       used 25054K, capacity 25929K, committed 25984K, reserved 1071104K
  class space    used 3068K, capacity 3435K, committed 3456K, reserved 1048576K
Heap Regions: E=young(eden), S=young(survivor), O=old, HS=humongous(starts), HC=humongous(continues), CS=collection set, F=free, A=archive, TAMS=top-at-mark-start (previous, next)
|   0|0x0000000084800000, 0x0000000084900000, 0x0000000084900000|100%|HS|  |TAMS 0x0000000084900000, 0x0000000084800000| Complete 
|   1|0x0000000084900000, 0x0000000084a00000, 0x0000000084a00000|100%|HC|  |TAMS 0x0000000084a00000, 0x0000000084900000| Complete 
|   2|0x0000000084a00000, 0x0000000084b00000, 0x0000000084b00000|100%|HC|  |TAMS 0x0000000084b00000, 0x0000000084a00000| Complete 
|   3|0x0000000084b00000, 0x0000000084c00000, 0x0000000084c00000|100%|HC|  |TAMS 0x0000000084c00000, 0x0000000084b00000| Complete 
|   4|0x0000000084c00000, 0x0000000084d00000, 0x0000000084d00000|100%|HC|  |TAMS 0x0000000084d00000, 0x0000000084c00000| Complete 
|   5|0x0000000084d00000, 0x0000000084e00000, 0x0000000084e00000|100%|HC|  |TAMS 0x0000000084e00000, 0x0000000084d00000| Complete 
|   6|0x0000000084e00000, 0x0000000084f00000, 0x0000000084f00000|100%|HC|  |TAMS 0x0000000084f00000, 0x0000000084e00000| Complete 
|   7|0x0000000084f00000, 0x0000000085000000, 0x0000000085000000|100%|HS|  |TAMS 0x0000000084f00000, 0x0000000084f00000| Complete 
|   8|0x0000000085000000, 0x0000000085100000, 0x0000000085100000|100%|HC|  |TAMS 0x0000000085000000, 0x0000000085000000| Complete 
|   9|0x0000000085100000, 0x0000000085100000, 0x0000000085200000|  0%| F|  |TAMS 0x0000000085100000, 0x0000000085100000| Untracked 
|  10|0x0000000085200000, 0x0000000085200000, 0x0000000085300000|  0%| F|  |TAMS 0x0000000085200000, 0x0000000085200000| Untracked 
|  11|0x0000000085300000, 0x0000000085300000, 0x0000000085400000|  0%| F|  |TAMS 0x0000000085300000, 0x0000000085300000| Untracked 
|  12|0x0000000085400000, 0x0000000085400000, 0x0000000085500000|  0%| F|  |TAMS 0x0000000085400000, 0x0000000085400000| Untracked 
|  13|0x0000000085500000, 0x0000000085500000, 0x0000000085600000|  0%| F|  |TAMS 0x0000000085500000, 0x0000000085500000| Untracked 
|  14|0x0000000085600000, 0x0000000085600000, 0x0000000085700000|  0%| F|  |TAMS 0x0000000085600000, 0x0000000085600000| Untracked 
|  15|0x0000000085700000, 0x0000000085700000, 0x0000000085800000|  0%| F|  |TAMS 0x0000000085700000, 0x0000000085700000| Untracked 
|  16|0x0000000085800000, 0x0000000085800000, 0x0000000085900000|  0%| F|  |TAMS 0x0000000085800000, 0x0000000085800000| Untracked 
|  17|0x0000000085900000, 0x0000000085900000, 0x0000000085a00000|  0%| F|  |TAMS 0x0000000085900000, 0x0000000085900000| Untracked 
|  18|0x0000000085a00000, 0x0000000085a00000, 0x0000000085b00000|  0%| F|  |TAMS 0x0000000085a00000, 0x0000000085a00000| Untracked 
|  19|0x0000000085b00000, 0x0000000085b00000, 0x0000000085c00000|  0%| F|  |TAMS 0x0000000085b00000, 0x0000000085b00000| Untracked 
|  20|0x0000000085c00000, 0x0000000085c00000, 0x0000000085d00000|  0%| F|  |TAMS 0x0000000085c00000, 0x0000000085c00000| Untracked 
|  21|0x0000000085d00000, 0x0000000085d00000, 0x0000000085e00000|  0%| F|  |TAMS 0x0000000085d00000, 0x0000000085d00000| Untracked 
|  22|0x0000000085e00000, 0x0000000085e00000, 0x0000000085f00000|  0%| F|  |TAMS 0x0000000085e00000, 0x0000000085e00000| Untracked 
|  23|0x0000000085f00000, 0x0000000085f00000, 0x0000000086000000|  0%| F|  |TAMS 0x0000000085f00000, 0x0000000085f00000| Untracked 
|  24|0x0000000086000000, 0x0000000086000000, 0x0000000086100000|  0%| F|  |TAMS 0x0000000086000000, 0x0000000086000000| Untracked 
|  25|0x0000000086100000, 0x0000000086100000, 0x0000000086200000|  0%| F|  |TAMS 0x0000000086100000, 0x0000000086100000| Untracked 
|  26|0x0000000086200000, 0x0000000086200000, 0x0000000086300000|  0%| F|  |TAMS 0x0000000086200000, 0x0000000086200000| Untracked 
|  27|0x0000000086300000, 0x0000000086300000, 0x0000000086400000|  0%| F|  |TAMS 0x0000000086300000, 0x0000000086300000| Untracked 
|  28|0x0000000086400000, 0x0000000086400000, 0x0000000086500000|  0%| F|  |TAMS 0x0000000086400000, 0x0000000086400000| Untracked 
|  29|0x0000000086500000, 0x0000000086500000, 0x0000000086600000|  0%| F|  |TAMS 0x0000000086500000, 0x0000000086500000| Untracked 
|  30|0x0000000086600000, 0x0000000086600000, 0x0000000086700000|  0%| F|  |TAMS 0x0000000086600000, 0x0000000086600000| Untracked 
|  31|0x0000000086700000, 0x0000000086700000, 0x0000000086800000|  0%| F|  |TAMS 0x0000000086700000, 0x0000000086700000| Untracked 
|  32|0x0000000086800000, 0x0000000086800000, 0x0000000086900000|  0%| F|  |TAMS 0x0000000086800000, 0x0000000086800000| Untracked 
|  33|0x0000000086900000, 0x0000000086900000, 0x0000000086a00000|  0%| F|  |TAMS 0x0000000086900000, 0x0000000086900000| Untracked 
|  34|0x0000000086a00000, 0x0000000086a00000, 0x0000000086b00000|  0%| F|  |TAMS 0x0000000086a00000, 0x0000000086a00000| Untracked 
|  35|0x0000000086b00000, 0x0000000086b00000, 0x0000000086c00000|  0%| F|  |TAMS 0x0000000086b00000, 0x0000000086b00000| Untracked 
|  36|0x0000000086c00000, 0x0000000086c00000, 0x0000000086d00000|  0%| F|  |TAMS 0x0000000086c00000, 0x0000000086c00000| Untracked 
|  37|0x0000000086d00000, 0x0000000086d00000, 0x0000000086e00000|  0%| F|  |TAMS 0x0000000086d00000, 0x0000000086d00000| Untracked 
|  38|0x0000000086e00000, 0x0000000086e00000, 0x0000000086f00000|  0%| F|  |TAMS 0x0000000086e00000, 0x0000000086e00000| Untracked 
|  39|0x0000000086f00000, 0x0000000086f00000, 0x0000000087000000|  0%| F|  |TAMS 0x0000000086f00000, 0x0000000086f00000| Untracked 
|  40|0x0000000087000000, 0x0000000087000000, 0x0000000087100000|  0%| F|  |TAMS 0x0000000087000000, 0x0000000087000000| Untracked 
|  41|0x0000000087100000, 0x0000000087100000, 0x0000000087200000|  0%| F|  |TAMS 0x0000000087100000, 0x0000000087100000| Untracked 
|  42|0x0000000087200000, 0x0000000087200000, 0x0000000087300000|  0%| F|  |TAMS 0x0000000087200000, 0x0000000087200000| Untracked 
|  43|0x0000000087300000, 0x0000000087300000, 0x0000000087400000|  0%| F|  |TAMS 0x0000000087300000, 0x0000000087300000| Untracked 
|  44|0x0000000087400000, 0x0000000087400000, 0x0000000087500000|  0%| F|  |TAMS 0x0000000087400000, 0x0000000087400000| Untracked 
|  45|0x0000000087500000, 0x0000000087500000, 0x0000000087600000|  0%| F|  |TAMS 0x0000000087500000, 0x0000000087500000| Untracked 
|  46|0x0000000087600000, 0x0000000087600000, 0x0000000087700000|  0%| F|  |TAMS 0x0000000087600000, 0x0000000087600000| Untracked 
|  47|0x0000000087700000, 0x0000000087700000, 0x0000000087800000|  0%| F|  |TAMS 0x0000000087700000, 0x0000000087700000| Untracked 
|  48|0x0000000087800000, 0x0000000087800000, 0x0000000087900000|  0%| F|  |TAMS 0x0000000087800000, 0x0000000087800000| Untracked 
|  49|0x0000000087900000, 0x0000000087900000, 0x0000000087a00000|  0%| F|  |TAMS 0x0000000087900000, 0x0000000087900000| Untracked 
|  50|0x0000000087a00000, 0x0000000087a00000, 0x0000000087b00000|  0%| F|  |TAMS 0x0000000087a00000, 0x0000000087a00000| Untracked 
|  51|0x0000000087b00000, 0x0000000087b00000, 0x0000000087c00000|  0%| F|  |TAMS 0x0000000087b00000, 0x0000000087b00000| Untracked 
|  52|0x0000000087c00000, 0x0000000087c00000, 0x0000000087d00000|  0%| F|  |TAMS 0x0000000087c00000, 0x0000000087c00000| Untracked 
|  53|0x0000000087d00000, 0x0000000087d00000, 0x0000000087e00000|  0%| F|  |TAMS 0x0000000087d00000, 0x0000000087d00000| Untracked 
|  54|0x0000000087e00000, 0x0000000087e00000, 0x0000000087f00000|  0%| F|  |TAMS 0x0000000087e00000, 0x0000000087e00000| Untracked 
|  55|0x0000000087f00000, 0x0000000087f00000, 0x0000000088000000|  0%| F|  |TAMS 0x0000000087f00000, 0x0000000087f00000| Untracked 
|  56|0x0000000088000000, 0x0000000088000000, 0x0000000088100000|  0%| F|  |TAMS 0x0000000088000000, 0x0000000088000000| Untracked 
|  57|0x0000000088100000, 0x0000000088100000, 0x0000000088200000|  0%| F|  |TAMS 0x0000000088100000, 0x0000000088100000| Untracked 
|  58|0x0000000088200000, 0x0000000088200000, 0x0000000088300000|  0%| F|  |TAMS 0x0000000088200000, 0x0000000088200000| Untracked 
|  59|0x0000000088300000, 0x0000000088300000, 0x0000000088400000|  0%| F|  |TAMS 0x0000000088300000, 0x0000000088300000| Untracked 
|  60|0x0000000088400000, 0x0000000088400000, 0x0000000088500000|  0%| F|  |TAMS 0x0000000088400000, 0x0000000088400000| Untracked 
|  61|0x0000000088500000, 0x0000000088500000, 0x0000000088600000|  0%| F|  |TAMS 0x0000000088500000, 0x0000000088500000| Untracked 
|  62|0x0000000088600000, 0x0000000088600000, 0x0000000088700000|  0%| F|  |TAMS 0x0000000088600000, 0x0000000088600000| Untracked 
|  63|0x0000000088700000, 0x0000000088700000, 0x0000000088800000|  0%| F|  |TAMS 0x0000000088700000, 0x0000000088700000| Untracked 
|  64|0x0000000088800000, 0x0000000088800000, 0x0000000088900000|  0%| F|  |TAMS 0x0000000088800000, 0x0000000088800000| Untracked 
|  65|0x0000000088900000, 0x0000000088900000, 0x0000000088a00000|  0%| F|  |TAMS 0x0000000088900000, 0x0000000088900000| Untracked 
|  66|0x0000000088a00000, 0x0000000088a00000, 0x0000000088b00000|  0%| F|  |TAMS 0x0000000088a00000, 0x0000000088a00000| Untracked 
|  67|0x0000000088b00000, 0x0000000088b00000, 0x0000000088c00000|  0%| F|  |TAMS 0x0000000088b00000, 0x0000000088b00000| Untracked 
|  68|0x0000000088c00000, 0x0000000088c00000, 0x0000000088d00000|  0%| F|  |TAMS 0x0000000088c00000, 0x0000000088c00000| Untracked 
|  69|0x0000000088d00000, 0x0000000088d00000, 0x0000000088e00000|  0%| F|  |TAMS 0x0000000088d00000, 0x0000000088d00000| Untracked 
|  70|0x0000000088e00000, 0x0000000088e00000, 0x0000000088f00000|  0%| F|  |TAMS 0x0000000088e00000, 0x0000000088e00000| Untracked 
|  71|0x0000000088f00000, 0x0000000088f00000, 0x0000000089000000|  0%| F|  |TAMS 0x0000000088f00000, 0x0000000088f00000| Untracked 
|  72|0x0000000089000000, 0x0000000089000000, 0x0000000089100000|  0%| F|  |TAMS 0x0000000089000000, 0x0000000089000000| Untracked 
|  73|0x0000000089100000, 0x0000000089100000, 0x0000000089200000|  0%| F|  |TAMS 0x0000000089100000, 0x0000000089100000| Untracked 
|  74|0x0000000089200000, 0x0000000089200000, 0x0000000089300000|  0%| F|  |TAMS 0x0000000089200000, 0x0000000089200000| Untracked 
|  75|0x0000000089300000, 0x0000000089300000, 0x0000000089400000|  0%| F|  |TAMS 0x0000000089300000, 0x0000000089300000| Untracked 
|  76|0x0000000089400000, 0x0000000089400000, 0x0000000089500000|  0%| F|  |TAMS 0x0000000089400000, 0x0000000089400000| Untracked 
|  77|0x0000000089500000, 0x0000000089500000, 0x0000000089600000|  0%| F|  |TAMS 0x0000000089500000, 0x0000000089500000| Untracked 
|  78|0x0000000089600000, 0x0000000089600000, 0x0000000089700000|  0%| F|  |TAMS 0x0000000089600000, 0x0000000089600000| Untracked 
|  79|0x0000000089700000, 0x0000000089700000, 0x0000000089800000|  0%| F|  |TAMS 0x0000000089700000, 0x0000000089700000| Untracked 
|  80|0x0000000089800000, 0x0000000089800000, 0x0000000089900000|  0%| F|  |TAMS 0x0000000089800000, 0x0000000089800000| Untracked 
|  81|0x0000000089900000, 0x0000000089900000, 0x0000000089a00000|  0%| F|  |TAMS 0x0000000089900000, 0x0000000089900000| Untracked 
|  82|0x0000000089a00000, 0x0000000089a00000, 0x0000000089b00000|  0%| F|  |TAMS 0x0000000089a00000, 0x0000000089a00000| Untracked 
|  83|0x0000000089b00000, 0x0000000089b00000, 0x0000000089c00000|  0%| F|  |TAMS 0x0000000089b00000, 0x0000000089b00000| Untracked 
|  84|0x0000000089c00000, 0x0000000089c3a640, 0x0000000089d00000| 22%| S|CS|TAMS 0x0000000089c00000, 0x0000000089c00000| Complete 
|  85|0x0000000089d00000, 0x0000000089e00000, 0x0000000089e00000|100%| S|CS|TAMS 0x0000000089d00000, 0x0000000089d00000| Complete 
|  86|0x0000000089e00000, 0x0000000089f00000, 0x0000000089f00000|100%| S|CS|TAMS 0x0000000089e00000, 0x0000000089e00000| Complete 
|  87|0x0000000089f00000, 0x000000008a000000, 0x000000008a000000|100%| S|CS|TAMS 0x0000000089f00000, 0x0000000089f00000| Complete 
|  88|0x000000008a000000, 0x000000008a100000, 0x000000008a100000|100%| S|CS|TAMS 0x000000008a000000, 0x000000008a000000| Complete 
|  89|0x000000008a100000, 0x000000008a200000, 0x000000008a200000|100%| S|CS|TAMS 0x000000008a100000, 0x000000008a100000| Complete 
|  90|0x000000008a200000, 0x000000008a300000, 0x000000008a300000|100%| S|CS|TAMS 0x000000008a200000, 0x000000008a200000| Complete 
|  91|0x000000008a300000, 0x000000008a400000, 0x000000008a400000|100%| S|CS|TAMS 0x000000008a300000, 0x000000008a300000| Complete 
|  92|0x000000008a400000, 0x000000008a400000, 0x000000008a500000|  0%| F|  |TAMS 0x000000008a400000, 0x000000008a400000| Untracked 
|  93|0x000000008a500000, 0x000000008a500000, 0x000000008a600000|  0%| F|  |TAMS 0x000000008a500000, 0x000000008a500000| Untracked 
|  94|0x000000008a600000, 0x000000008a600000, 0x000000008a700000|  0%| F|  |TAMS 0x000000008a600000, 0x000000008a600000| Untracked 
|  95|0x000000008a700000, 0x000000008a700000, 0x000000008a800000|  0%| F|  |TAMS 0x000000008a700000, 0x000000008a700000| Untracked 
|  96|0x000000008a800000, 0x000000008a800000, 0x000000008a900000|  0%| F|  |TAMS 0x000000008a800000, 0x000000008a800000| Untracked 
|  97|0x000000008a900000, 0x000000008a900000, 0x000000008aa00000|  0%| F|  |TAMS 0x000000008a900000, 0x000000008a900000| Untracked 
|  98|0x000000008aa00000, 0x000000008aa00000, 0x000000008ab00000|  0%| F|  |TAMS 0x000000008aa00000, 0x000000008aa00000| Untracked 
|  99|0x000000008ab00000, 0x000000008ab00000, 0x000000008ac00000|  0%| F|  |TAMS 0x000000008ab00000, 0x000000008ab00000| Untracked 
| 100|0x000000008ac00000, 0x000000008ac00000, 0x000000008ad00000|  0%| F|  |TAMS 0x000000008ac00000, 0x000000008ac00000| Untracked 
| 101|0x000000008ad00000, 0x000000008adf1250, 0x000000008ae00000| 94%| E|  |TAMS 0x000000008ad00000, 0x000000008ad00000| Complete 
| 102|0x000000008ae00000, 0x000000008af00000, 0x000000008af00000|100%| E|CS|TAMS 0x000000008ae00000, 0x000000008ae00000| Complete 
| 103|0x000000008af00000, 0x000000008b000000, 0x000000008b000000|100%| E|CS|TAMS 0x000000008af00000, 0x000000008af00000| Complete 
| 104|0x000000008b000000, 0x000000008b100000, 0x000000008b100000|100%| E|CS|TAMS 0x000000008b000000, 0x000000008b000000| Complete 
| 105|0x000000008b100000, 0x000000008b200000, 0x000000008b200000|100%| E|CS|TAMS 0x000000008b100000, 0x000000008b100000| Complete 
| 106|0x000000008b200000, 0x000000008b300000, 0x000000008b300000|100%| E|CS|TAMS 0x000000008b200000, 0x000000008b200000| Complete 
| 107|0x000000008b300000, 0x000000008b400000, 0x000000008b400000|100%| E|CS|TAMS 0x000000008b300000, 0x000000008b300000| Complete 
| 108|0x000000008b400000, 0x000000008b500000, 0x000000008b500000|100%| E|CS|TAMS 0x000000008b400000, 0x000000008b400000| Complete 
| 109|0x000000008b500000, 0x000000008b600000, 0x000000008b600000|100%| E|CS|TAMS 0x000000008b500000, 0x000000008b500000| Complete 
| 110|0x000000008b600000, 0x000000008b700000, 0x000000008b700000|100%| E|CS|TAMS 0x000000008b600000, 0x000000008b600000| Complete 
| 111|0x000000008b700000, 0x000000008b800000, 0x000000008b800000|100%| E|CS|TAMS 0x000000008b700000, 0x000000008b700000| Complete 
| 112|0x000000008b800000, 0x000000008b900000, 0x000000008b900000|100%| E|CS|TAMS 0x000000008b800000, 0x000000008b800000| Complete 
| 113|0x000000008b900000, 0x000000008ba00000, 0x000000008ba00000|100%| E|CS|TAMS 0x000000008b900000, 0x000000008b900000| Complete 
| 114|0x000000008ba00000, 0x000000008bb00000, 0x000000008bb00000|100%| E|  |TAMS 0x000000008ba00000, 0x000000008ba00000| Complete 
| 115|0x000000008bb00000, 0x000000008bc00000, 0x000000008bc00000|100%| E|CS|TAMS 0x000000008bb00000, 0x000000008bb00000| Complete 
| 116|0x000000008bc00000, 0x000000008bd00000, 0x000000008bd00000|100%| E|CS|TAMS 0x000000008bc00000, 0x000000008bc00000| Complete 
| 117|0x000000008bd00000, 0x000000008be00000, 0x000000008be00000|100%| E|CS|TAMS 0x000000008bd00000, 0x000000008bd00000| Complete 
| 118|0x000000008be00000, 0x000000008bf00000, 0x000000008bf00000|100%| E|CS|TAMS 0x000000008be00000, 0x000000008be00000| Complete 
| 119|0x000000008bf00000, 0x000000008c000000, 0x000000008c000000|100%| E|CS|TAMS 0x000000008bf00000, 0x000000008bf00000| Complete 
| 120|0x000000008c000000, 0x000000008c100000, 0x000000008c100000|100%| E|CS|TAMS 0x000000008c000000, 0x000000008c000000| Complete 
| 121|0x000000008c100000, 0x000000008c200000, 0x000000008c200000|100%| E|CS|TAMS 0x000000008c100000, 0x000000008c100000| Complete 
| 122|0x000000008c200000, 0x000000008c300000, 0x000000008c300000|100%| E|CS|TAMS 0x000000008c200000, 0x000000008c200000| Complete 
| 123|0x000000008c300000, 0x000000008c400000, 0x000000008c400000|100%| E|CS|TAMS 0x000000008c300000, 0x000000008c300000| Complete 

Card table byte_map: [0x00000295d2980000,0x00000295d2d60000] _byte_map_base: 0x00000295d255c000

Marking Bits (Prev, Next): (CMBitMap*) 0x00000295ba92e8f0, (CMBitMap*) 0x00000295ba92e8b8
 Prev Bits: [0x00000295d5020000, 0x00000295d6f00000)
 Next Bits: [0x00000295d3140000, 0x00000295d5020000)

Polling page: 0x00000295ba090000

Metaspace:

Usage:
  Non-class:     21.97 MB capacity,    21.47 MB ( 98%) used,   413.09 KB (  2%) free+waste,    95.44 KB ( <1%) overhead. 
      Class:      3.35 MB capacity,     3.00 MB ( 89%) used,   317.52 KB (  9%) free+waste,    48.56 KB (  1%) overhead. 
       Both:     25.32 MB capacity,    24.47 MB ( 97%) used,   730.61 KB (  3%) free+waste,   144.00 KB ( <1%) overhead. 

Virtual space:
  Non-class space:       22.00 MB reserved,      22.00 MB (100%) committed 
      Class space:        1.00 GB reserved,       3.38 MB ( <1%) committed 
             Both:        1.02 GB reserved,      25.38 MB (  2%) committed 

Chunk freelists:
   Non-Class:  34.00 KB
       Class:  0 bytes
        Both:  34.00 KB

MaxMetaspaceSize: 17179869184.00 GB
CompressedClassSpaceSize: 1.00 GB
Initial GC threshold: 20.80 MB
Current GC threshold: 35.08 MB
CDS: off

CodeHeap 'non-profiled nmethods': size=120000Kb used=1300Kb max_used=1300Kb free=118699Kb
 bounds [0x00000295cab20000, 0x00000295cad90000, 0x00000295d2050000]
CodeHeap 'profiled nmethods': size=120000Kb used=5716Kb max_used=5716Kb free=114284Kb
 bounds [0x00000295c35f0000, 0x00000295c3b90000, 0x00000295cab20000]
CodeHeap 'non-nmethods': size=5760Kb used=1444Kb max_used=1470Kb free=4315Kb
 bounds [0x00000295c3050000, 0x00000295c32c0000, 0x00000295c35f0000]
 total_blobs=3781 nmethods=2999 adapters=693
 compilation: enabled
              stopped_count=0, restarted_count=0
 full_count=0

Compilation events (20 events):
Event: 115.683 Thread 0x00000295da428800 2991       3       com.sun.javafx.application.PlatformImpl::isFxApplicationThread (7 bytes)
Event: 115.683 Thread 0x00000295da428800 nmethod 2991 0x00000295c3b82810 code [0x00000295c3b829e0, 0x00000295c3b82c48]
Event: 115.713 Thread 0x00000295da428800 2992       3       java.util.concurrent.ConcurrentHashMap::isEmpty (15 bytes)
Event: 115.713 Thread 0x00000295da428800 nmethod 2992 0x00000295c3b82d10 code [0x00000295c3b82ec0, 0x00000295c3b83048]
Event: 115.727 Thread 0x00000295da424000 2993       4       jdk.internal.org.objectweb.asm.ByteVector::putInt (74 bytes)
Event: 115.728 Thread 0x00000295da424000 nmethod 2993 0x00000295cac64590 code [0x00000295cac64720, 0x00000295cac64858]
Event: 115.728 Thread 0x00000295da424000 2994       4       java.lang.Object::equals (11 bytes)
Event: 115.729 Thread 0x00000295da424000 nmethod 2994 0x00000295cac64990 code [0x00000295cac64b20, 0x00000295cac64b98]
Event: 115.729 Thread 0x00000295da428800 2995       3       jdk.internal.org.objectweb.asm.ClassWriter::visitSource (36 bytes)
Event: 115.729 Thread 0x00000295da428800 nmethod 2995 0x00000295c3b83110 code [0x00000295c3b83300, 0x00000295c3b83798]
Event: 115.731 Thread 0x00000295da428800 2996   !   3       java.nio.CharBuffer::wrap (20 bytes)
Event: 115.731 Thread 0x00000295da424000 3000       4       java.lang.StringLatin1::inflate (34 bytes)
Event: 115.731 Thread 0x00000295da428800 nmethod 2996 0x00000295c3b83910 code [0x00000295c3b83b00, 0x00000295c3b83ed8]
Event: 115.731 Thread 0x00000295da428800 2997       3       java.nio.HeapCharBuffer::<init> (21 bytes)
Event: 115.731 Thread 0x00000295da428800 nmethod 2997 0x00000295c3b84110 code [0x00000295c3b842e0, 0x00000295c3b84508]
Event: 115.731 Thread 0x00000295da428800 2998       3       java.nio.CharBuffer::arrayOffset (35 bytes)
Event: 115.731 Thread 0x00000295da428800 nmethod 2998 0x00000295c3b84690 code [0x00000295c3b84860, 0x00000295c3b84b18]
Event: 115.731 Thread 0x00000295da428800 2999       3       java.nio.Buffer::clear (20 bytes)
Event: 115.731 Thread 0x00000295da428800 nmethod 2999 0x00000295c3b84c90 code [0x00000295c3b84e40, 0x00000295c3b84f58]
Event: 115.736 Thread 0x00000295da424000 nmethod 3000 0x00000295cac64c90 code [0x00000295cac64e20, 0x00000295cac650f8]

GC Heap History (4 events):
Event: 0.984 GC heap before
{Heap before GC invocations=0 (full 0):
 garbage-first heap   total 126976K, used 23552K [0x0000000084800000, 0x0000000100000000)
  region size 1024K, 24 young (24576K), 0 survivors (0K)
 Metaspace       used 12370K, capacity 12721K, committed 12800K, reserved 1060864K
  class space    used 1305K, capacity 1460K, committed 1536K, reserved 1048576K
}
Event: 0.986 GC heap after
{Heap after GC invocations=1 (full 0):
 garbage-first heap   total 126976K, used 2843K [0x0000000084800000, 0x0000000100000000)
  region size 1024K, 3 young (3072K), 3 survivors (3072K)
 Metaspace       used 12370K, capacity 12721K, committed 12800K, reserved 1060864K
  class space    used 1305K, capacity 1460K, committed 1536K, reserved 1048576K
}
Event: 1.757 GC heap before
{Heap before GC invocations=1 (full 0):
 garbage-first heap   total 126976K, used 38683K [0x0000000084800000, 0x0000000100000000)
  region size 1024K, 32 young (32768K), 3 survivors (3072K)
 Metaspace       used 20608K, capacity 21237K, committed 21296K, reserved 1069056K
  class space    used 2486K, capacity 2757K, committed 2816K, reserved 1048576K
}
Event: 1.763 GC heap after
{Heap after GC invocations=2 (full 0):
 garbage-first heap   total 126976K, used 14569K [0x0000000084800000, 0x0000000100000000)
  region size 1024K, 8 young (8192K), 8 survivors (8192K)
 Metaspace       used 20608K, capacity 21237K, committed 21296K, reserved 1069056K
  class space    used 2486K, capacity 2757K, committed 2816K, reserved 1048576K
}

Deoptimization events (20 events):
Event: 107.743 Thread 0x00000295db84c800 DEOPT PACKING pc=0x00000295cac2e6f4 sp=0x000000e3196fa640
Event: 107.744 Thread 0x00000295db84c800 DEOPT UNPACKING pc=0x00000295c309a1af sp=0x000000e3196fa410 mode 2
Event: 107.775 Thread 0x00000295db976000 Uncommon trap: trap_request=0xffffff4d fr.pc=0x00000295cac3362c relative=0x00000000000001ac
Event: 107.775 Thread 0x00000295db976000 Uncommon trap: reason=unstable_if action=reinterpret pc=0x00000295cac3362c method=com.sun.javafx.tk.quantum.QuantumToolkit.postPulse()V @ 17 c2
Event: 107.775 Thread 0x00000295db976000 DEOPT PACKING pc=0x00000295cac3362c sp=0x000000e319fff0a0
Event: 107.775 Thread 0x00000295db976000 DEOPT UNPACKING pc=0x00000295c309a1af sp=0x000000e319ffef98 mode 2
Event: 107.791 Thread 0x00000295db976000 Uncommon trap: trap_request=0xffffff4d fr.pc=0x00000295cac2622c relative=0x00000000000001ac
Event: 107.791 Thread 0x00000295db976000 Uncommon trap: reason=unstable_if action=reinterpret pc=0x00000295cac2622c method=com.sun.javafx.tk.quantum.QuantumToolkit.postPulse()V @ 17 c2
Event: 107.791 Thread 0x00000295db976000 DEOPT PACKING pc=0x00000295cac2622c sp=0x000000e319ffefe0
Event: 107.791 Thread 0x00000295db976000 DEOPT UNPACKING pc=0x00000295c309a1af sp=0x000000e319ffefa0 mode 2
Event: 115.729 Thread 0x00000295db84c800 Uncommon trap: trap_request=0xffffff76 fr.pc=0x00000295cac513bc relative=0x000000000000275c
Event: 115.729 Thread 0x00000295db84c800 Uncommon trap: reason=loop_limit_check action=maybe_recompile pc=0x00000295cac513bc method=java.lang.invoke.LambdaForm.useCount(Ljava/lang/invoke/LambdaForm$Name;)I @ 62 c2
Event: 115.729 Thread 0x00000295db84c800 DEOPT PACKING pc=0x00000295cac513bc sp=0x000000e3196f7f60
Event: 115.729 Thread 0x00000295db84c800 DEOPT UNPACKING pc=0x00000295c309a1af sp=0x000000e3196f7dd8 mode 2
Event: 115.729 Thread 0x00000295db84c800 Uncommon trap: trap_request=0xffffff76 fr.pc=0x00000295cac4ac7c relative=0x0000000000002e7c
Event: 115.729 Thread 0x00000295db84c800 Uncommon trap: reason=loop_limit_check action=maybe_recompile pc=0x00000295cac4ac7c method=java.lang.invoke.LambdaForm.useCount(Ljava/lang/invoke/LambdaForm$Name;)I @ 62 c2
Event: 115.729 Thread 0x00000295db84c800 DEOPT PACKING pc=0x00000295cac4ac7c sp=0x000000e3196f7ea0
Event: 115.729 Thread 0x00000295db84c800 DEOPT UNPACKING pc=0x00000295c309a1af sp=0x000000e3196f7dc8 mode 2
Event: 115.731 Thread 0x00000295db84c800 DEOPT PACKING pc=0x00000295c36cf75b sp=0x000000e3196fb6f0
Event: 115.731 Thread 0x00000295db84c800 DEOPT UNPACKING pc=0x00000295c309a95e sp=0x000000e3196fab68 mode 0

Classes redefined (0 events):
No events

Internal exceptions (20 events):
Event: 1.322 Thread 0x00000295db84c800 Exception <a 'sun/nio/fs/WindowsException'{0x000000008b256218}> (0x000000008b256218) thrown at [s\src\hotspot\share\prims\jni.cpp, line 617]
Event: 1.329 Thread 0x00000295db84c800 Implicit null exception at 0x00000295caba6895 to 0x00000295caba6c40
Event: 1.329 Thread 0x00000295db84c800 Implicit null exception at 0x00000295cab3db78 to 0x00000295cab3dc0a
Event: 1.331 Thread 0x00000295db84c800 Implicit null exception at 0x00000295cab3d82f to 0x00000295cab3d89d
Event: 1.738 Thread 0x00000295db84c800 Exception <a 'java/lang/ClassNotFoundException'{0x000000008a526358}: com/sun/javafx/scene/control/skin/resources/controls> (0x000000008a526358) thrown at [s\src\hotspot\share\prims\jni.cpp, line 638]
Event: 1.739 Thread 0x00000295db84c800 Exception <a 'java/lang/ClassNotFoundException'{0x000000008a534350}: com/sun/javafx/scene/control/skin/resources/controls_es> (0x000000008a534350) thrown at [s\src\hotspot\share\prims\jni.cpp, line 638]
Event: 1.739 Thread 0x00000295db84c800 Exception <a 'java/lang/ClassNotFoundException'{0x000000008a542008}: com/sun/javafx/scene/control/skin/resources/controls_es_MX> (0x000000008a542008) thrown at [s\src\hotspot\share\prims\jni.cpp, line 638]
Event: 1.777 Thread 0x00000295db84c800 Exception <a 'java/lang/NoSuchMethodError'{0x000000008c2524b8}: 'void java.lang.invoke.DirectMethodHandle$Holder.invokeSpecial(java.lang.Object, java.lang.Object, java.lang.Object, java.lang.Object, java.lang.Object, java.lang.Object)'> (0x000000008c2524b8) thrown at [s\src\hotspot\share\interpreter\linkResolver.cpp, line 773]
Event: 1.844 Thread 0x00000295db84c800 Exception <a 'java/lang/NoSuchMethodError'{0x000000008c0b9940}: 'java.lang.Object java.lang.invoke.DirectMethodHandle$Holder.invokeInterface(java.lang.Object, java.lang.Object, java.lang.Object)'> (0x000000008c0b9940) thrown at [s\src\hotspot\share\interpreter\linkResolver.cpp, line 773]
Event: 1.844 Thread 0x00000295db84c800 Exception <a 'java/lang/IncompatibleClassChangeError'{0x000000008c0bcaf8}: Found class java.lang.Object, but interface was expected> (0x000000008c0bcaf8) thrown at [s\src\hotspot\share\interpreter\linkResolver.cpp, line 839]
Event: 2.384 Thread 0x00000295db84c800 Exception <a 'java/lang/NoSuchMethodError'{0x000000008bd9ef00}: 'long java.lang.invoke.DirectMethodHandle$Holder.invokeStaticInit(java.lang.Object, java.lang.Object, java.lang.Object)'> (0x000000008bd9ef00) thrown at [s\src\hotspot\share\interpreter\linkResolver.cpp, line 773]
Event: 2.386 Thread 0x00000295db84c800 Exception <a 'java/lang/NoSuchMethodError'{0x000000008bdb7548}: 'java.lang.Object java.lang.invoke.DirectMethodHandle$Holder.invokeStatic(java.lang.Object, java.lang.Object, long)'> (0x000000008bdb7548) thrown at [s\src\hotspot\share\interpreter\linkResolver.cpp, line 773]
Event: 2.386 Thread 0x00000295db84c800 Exception <a 'java/lang/NoSuchMethodError'{0x000000008bdbd6c0}: 'java.lang.Object java.lang.invoke.Invokers$Holder.linkToTargetMethod(java.lang.Object, long, java.lang.Object)'> (0x000000008bdbd6c0) thrown at [s\src\hotspot\share\interpreter\linkResolver.cpp, line 773]
Event: 2.391 Thread 0x00000295daf75800 Exception <a 'java/lang/NoSuchMethodError'{0x000000008bc0ba30}: 'int java.lang.invoke.DirectMethodHandle$Holder.invokeStaticInit(java.lang.Object, java.lang.Object)'> (0x000000008bc0ba30) thrown at [s\src\hotspot\share\interpreter\linkResolver.cpp, line 773]
Event: 107.296 Thread 0x00000295db84c800 Exception <a 'java/lang/NoSuchMethodError'{0x000000008b169ea8}: 'java.lang.Object java.lang.invoke.DirectMethodHandle$Holder.invokeStatic(java.lang.Object, java.lang.Object, java.lang.Object, java.lang.Object, java.lang.Object, java.lang.Object, java.lang.Object, java.lang.Object, java.lang.Object, java.lang.Object, java.lang.Object, java.lang.Object, java.lang.Object, int)'> (0x000000008b169ea8) thrown at [s\src\hotspot\share\interpreter\linkResolver.cpp, line 773]
Event: 107.297 Thread 0x00000295db84c800 Exception <a 'java/lang/NoSuchMethodError'{0x000000008b176348}: 'java.lang.Object java.lang.invoke.DirectMethodHandle$Holder.invokeStatic(java.lang.Object, java.lang.Object, java.lang.Object, java.lang.Object, java.lang.Object, java.lang.Object, java.lang.Object, java.lang.Object, java.lang.Object, java.lang.Object, java.lang.Object, java.lang.Object, java.lang.Object, int, int)'> (0x000000008b176348) thrown at [s\src\hotspot\share\interpreter\linkResolver.cpp, line 773]
Event: 107.298 Thread 0x00000295db84c800 Exception <a 'java/lang/NoSuchMethodError'{0x000000008b182e20}: 'java.lang.Object java.lang.invoke.DirectMethodHandle$Holder.invokeStatic(java.lang.Object, java.lang.Object, java.lang.Object, java.lang.Object, java.lang.Object, java.lang.Object, java.lang.Object, java.lang.Object, java.lang.Object, java.lang.Object, java.lang.Object, java.lang.Object, java.lang.Object, int, int, java.lang.Object)'> (0x000000008b182e20) thrown at [s\src\hotspot\share\interpreter\linkResolver.cpp, line 773]
Event: 107.305 Thread 0x00000295db84c800 Exception <a 'sun/nio/fs/WindowsException'{0x000000008b1e0380}> (0x000000008b1e0380) thrown at [s\src\hotspot\share\prims\jni.cpp, line 617]
Event: 107.312 Thread 0x00000295db84c800 Exception <a 'java/lang/ClassNotFoundException'{0x000000008b1f7b30}: sun/util/logging/resources/spi/loggingProvider> (0x000000008b1f7b30) thrown at [s\src\hotspot\share\classfile\systemDictionary.cpp, line 230]
Event: 115.730 Thread 0x00000295db84c800 Exception <a 'java/lang/IllegalArgumentException'{0x000000008ad66608}> (0x000000008ad66608) thrown at [s\src\hotspot\share\prims\jvm.cpp, line 1310]

Events (20 events):
Event: 115.682 loading class javafx/application/Application
Event: 115.682 loading class javafx/application/Application done
Event: 115.683 loading class javafx/application/Application
Event: 115.683 loading class javafx/application/Application done
Event: 115.727 loading class com/sun/javafx/tk/quantum/GlassScene
Event: 115.727 loading class com/sun/javafx/tk/quantum/GlassScene done
Event: 115.727 loading class com/sun/javafx/tk/quantum/WindowStage
Event: 115.727 loading class com/sun/javafx/tk/quantum/WindowStage done
Event: 115.727 loading class com/sun/prism/GraphicsResource
Event: 115.727 loading class com/sun/prism/GraphicsResource done
Event: 115.728 loading class com/sun/prism/GraphicsResource
Event: 115.728 loading class com/sun/prism/GraphicsResource done
Event: 115.728 loading class com/sun/javafx/tk/quantum/ViewScene
Event: 115.728 loading class com/sun/javafx/tk/quantum/ViewScene done
Event: 115.729 loading class com/sun/javafx/tk/quantum/WindowStage
Event: 115.729 loading class com/sun/javafx/tk/quantum/WindowStage done
Event: 115.730 loading class java/lang/Throwable$WrappedPrintStream
Event: 115.730 loading class java/lang/Throwable$PrintStreamOrWriter
Event: 115.730 loading class java/lang/Throwable$PrintStreamOrWriter done
Event: 115.730 loading class java/lang/Throwable$WrappedPrintStream done


Dynamic libraries:
0x00007ff745d10000 - 0x00007ff745d1e000 	C:\Users\alonh\.jdks\corretto-11.0.22\bin\java.exe
0x00007ff810f50000 - 0x00007ff811167000 	C:\Windows\SYSTEM32\ntdll.dll
0x00007ff810330000 - 0x00007ff8103f4000 	C:\Windows\System32\KERNEL32.DLL
0x00007ff80e6c0000 - 0x00007ff80ea66000 	C:\Windows\System32\KERNELBASE.dll
0x0000000075900000 - 0x0000000075c32000 	C:\Program Files\Norton Security\NortonData\22.23.5.106\Definitions\IPSDefs\20231207.064\IPSEng64.dll
0x00007ff80eca0000 - 0x00007ff80ed53000 	C:\Windows\System32\ADVAPI32.dll
0x00007ff810510000 - 0x00007ff8105b7000 	C:\Windows\System32\msvcrt.dll
0x00007ff810400000 - 0x00007ff8104a8000 	C:\Windows\System32\sechost.dll
0x00007ff80e3e0000 - 0x00007ff80e408000 	C:\Windows\System32\bcrypt.dll
0x00007ff80ef70000 - 0x00007ff80f087000 	C:\Windows\System32\RPCRT4.dll
0x00007ff80edf0000 - 0x00007ff80edf8000 	C:\Windows\System32\PSAPI.DLL
0x00007ff80e2c0000 - 0x00007ff80e3d1000 	C:\Windows\System32\ucrtbase.dll
0x00007ff80acb0000 - 0x00007ff80acc7000 	C:\Users\alonh\.jdks\corretto-11.0.22\bin\jli.dll
0x00007fffde380000 - 0x00007fffde39b000 	C:\Users\alonh\.jdks\corretto-11.0.22\bin\VCRUNTIME140.dll
0x00007ff810720000 - 0x00007ff8108ce000 	C:\Windows\System32\USER32.dll
0x00007ff80e290000 - 0x00007ff80e2b6000 	C:\Windows\System32\win32u.dll
0x00007fffe7080000 - 0x00007fffe7313000 	C:\Windows\WinSxS\amd64_microsoft.windows.common-controls_6595b64144ccf1df_6.0.22621.2506_none_270c5ae97388e100\COMCTL32.dll
0x00007ff8108d0000 - 0x00007ff8108f9000 	C:\Windows\System32\GDI32.dll
0x00007ff80e520000 - 0x00007ff80e638000 	C:\Windows\System32\gdi32full.dll
0x00007ff80e480000 - 0x00007ff80e51a000 	C:\Windows\System32\msvcp_win.dll
0x00007ff810a30000 - 0x00007ff810a61000 	C:\Windows\System32\IMM32.DLL
0x00007fffe0860000 - 0x00007fffe086c000 	C:\Users\alonh\.jdks\corretto-11.0.22\bin\vcruntime140_1.dll
0x00007fffa96c0000 - 0x00007fffa974d000 	C:\Users\alonh\.jdks\corretto-11.0.22\bin\msvcp140.dll
0x00007fff5e330000 - 0x00007fff5eef3000 	C:\Users\alonh\.jdks\corretto-11.0.22\bin\server\jvm.dll
0x00007ff803670000 - 0x00007ff80367a000 	C:\Windows\SYSTEM32\VERSION.dll
0x00007fffd3c10000 - 0x00007fffd3c19000 	C:\Windows\SYSTEM32\WSOCK32.dll
0x00007ff8105c0000 - 0x00007ff810631000 	C:\Windows\System32\WS2_32.dll
0x00007ff8004c0000 - 0x00007ff8004f4000 	C:\Windows\SYSTEM32\WINMM.dll
0x00007ff80d390000 - 0x00007ff80d3a8000 	C:\Windows\SYSTEM32\kernel.appcore.dll
0x00007fffde370000 - 0x00007fffde380000 	C:\Users\alonh\.jdks\corretto-11.0.22\bin\verify.dll
0x00007ff80bc50000 - 0x00007ff80be83000 	C:\Windows\SYSTEM32\DBGHELP.DLL
0x00007ff80f2c0000 - 0x00007ff80f649000 	C:\Windows\System32\combase.dll
0x00007ff810640000 - 0x00007ff810717000 	C:\Windows\System32\OLEAUT32.dll
0x00007ff802030000 - 0x00007ff802062000 	C:\Windows\SYSTEM32\dbgcore.DLL
0x00007ff80e640000 - 0x00007ff80e6ba000 	C:\Windows\System32\bcryptPrimitives.dll
0x00007fffde340000 - 0x00007fffde368000 	C:\Users\alonh\.jdks\corretto-11.0.22\bin\java.dll
0x00007fffde290000 - 0x00007fffde29a000 	C:\Users\alonh\.jdks\corretto-11.0.22\bin\jimage.dll
0x00007fffca210000 - 0x00007fffca21e000 	C:\Users\alonh\.jdks\corretto-11.0.22\bin\instrument.dll
0x00007fffde270000 - 0x00007fffde288000 	C:\Users\alonh\.jdks\corretto-11.0.22\bin\zip.dll
0x00007ff80f950000 - 0x00007ff8101aa000 	C:\Windows\System32\SHELL32.dll
0x00007ff80c1a0000 - 0x00007ff80ca96000 	C:\Windows\SYSTEM32\windows.storage.dll
0x00007ff80c060000 - 0x00007ff80c19e000 	C:\Windows\SYSTEM32\wintypes.dll
0x00007ff80f840000 - 0x00007ff80f933000 	C:\Windows\System32\SHCORE.dll
0x00007ff810910000 - 0x00007ff81096e000 	C:\Windows\System32\shlwapi.dll
0x00007ff80e1c0000 - 0x00007ff80e1e6000 	C:\Windows\SYSTEM32\profapi.dll
0x00007fffde250000 - 0x00007fffde269000 	C:\Users\alonh\.jdks\corretto-11.0.22\bin\net.dll
0x00007ff807940000 - 0x00007ff807a77000 	C:\Windows\SYSTEM32\WINHTTP.dll
0x00007ff80d830000 - 0x00007ff80d899000 	C:\Windows\system32\mswsock.dll
0x00007fffb8e90000 - 0x00007fffb8ea2000 	C:\Users\alonh\.jdks\corretto-11.0.22\bin\nio.dll
0x00007fffb6a80000 - 0x00007fffb6a9a000 	C:\Users\alonh\AppData\Local\Programs\IntelliJ IDEA Ultimate\bin\breakgen64.dll
0x00000295dc0a0000 - 0x00000295dc0a3000 	C:\Users\alonh\.openjfx\cache\17.0.6\api-ms-win-core-console-l1-1-0.dll
0x00000295dc0b0000 - 0x00000295dc0b3000 	C:\Users\alonh\.openjfx\cache\17.0.6\api-ms-win-core-console-l1-2-0.dll
0x00000295dc0c0000 - 0x00000295dc0c3000 	C:\Users\alonh\.openjfx\cache\17.0.6\api-ms-win-core-datetime-l1-1-0.dll
0x00000295dc0d0000 - 0x00000295dc0d3000 	C:\Users\alonh\.openjfx\cache\17.0.6\api-ms-win-core-debug-l1-1-0.dll
0x00000295dc0e0000 - 0x00000295dc0e3000 	C:\Users\alonh\.openjfx\cache\17.0.6\api-ms-win-core-errorhandling-l1-1-0.dll
0x00000295dc0f0000 - 0x00000295dc0f4000 	C:\Users\alonh\.openjfx\cache\17.0.6\api-ms-win-core-file-l1-1-0.dll
0x00000295dc100000 - 0x00000295dc103000 	C:\Users\alonh\.openjfx\cache\17.0.6\api-ms-win-core-file-l1-2-0.dll
0x00000295dc310000 - 0x00000295dc313000 	C:\Users\alonh\.openjfx\cache\17.0.6\api-ms-win-core-file-l2-1-0.dll
0x00000295dc320000 - 0x00000295dc323000 	C:\Users\alonh\.openjfx\cache\17.0.6\api-ms-win-core-handle-l1-1-0.dll
0x00000295dc330000 - 0x00000295dc333000 	C:\Users\alonh\.openjfx\cache\17.0.6\api-ms-win-core-heap-l1-1-0.dll
0x00000295dc340000 - 0x00000295dc343000 	C:\Users\alonh\.openjfx\cache\17.0.6\api-ms-win-core-interlocked-l1-1-0.dll
0x00000295dc350000 - 0x00000295dc353000 	C:\Users\alonh\.openjfx\cache\17.0.6\api-ms-win-core-libraryloader-l1-1-0.dll
0x00000295dc360000 - 0x00000295dc363000 	C:\Users\alonh\.openjfx\cache\17.0.6\api-ms-win-core-localization-l1-2-0.dll
0x00000295dc370000 - 0x00000295dc373000 	C:\Users\alonh\.openjfx\cache\17.0.6\api-ms-win-core-memory-l1-1-0.dll
0x00000295dc380000 - 0x00000295dc383000 	C:\Users\alonh\.openjfx\cache\17.0.6\api-ms-win-core-namedpipe-l1-1-0.dll
0x00000295dc390000 - 0x00000295dc393000 	C:\Users\alonh\.openjfx\cache\17.0.6\api-ms-win-core-processenvironment-l1-1-0.dll
0x00000295dc3a0000 - 0x00000295dc3a3000 	C:\Users\alonh\.openjfx\cache\17.0.6\api-ms-win-core-processthreads-l1-1-0.dll
0x00000295dc3b0000 - 0x00000295dc3b3000 	C:\Users\alonh\.openjfx\cache\17.0.6\api-ms-win-core-processthreads-l1-1-1.dll
0x00000295dc3c0000 - 0x00000295dc3c3000 	C:\Users\alonh\.openjfx\cache\17.0.6\api-ms-win-core-profile-l1-1-0.dll
0x00000295dc3d0000 - 0x00000295dc3d3000 	C:\Users\alonh\.openjfx\cache\17.0.6\api-ms-win-core-rtlsupport-l1-1-0.dll
0x00000295dc3e0000 - 0x00000295dc3e3000 	C:\Users\alonh\.openjfx\cache\17.0.6\api-ms-win-core-string-l1-1-0.dll
0x00000295dc3f0000 - 0x00000295dc3f3000 	C:\Users\alonh\.openjfx\cache\17.0.6\api-ms-win-core-synch-l1-1-0.dll
0x00000295dc400000 - 0x00000295dc403000 	C:\Users\alonh\.openjfx\cache\17.0.6\api-ms-win-core-synch-l1-2-0.dll
0x00000295dc410000 - 0x00000295dc413000 	C:\Users\alonh\.openjfx\cache\17.0.6\api-ms-win-core-sysinfo-l1-1-0.dll
0x00000295dc420000 - 0x00000295dc423000 	C:\Users\alonh\.openjfx\cache\17.0.6\api-ms-win-core-timezone-l1-1-0.dll
0x00000295dc430000 - 0x00000295dc433000 	C:\Users\alonh\.openjfx\cache\17.0.6\api-ms-win-core-util-l1-1-0.dll
0x00000295dc440000 - 0x00000295dc443000 	C:\Users\alonh\.openjfx\cache\17.0.6\api-ms-win-crt-conio-l1-1-0.dll
0x00000295dc450000 - 0x00000295dc454000 	C:\Users\alonh\.openjfx\cache\17.0.6\api-ms-win-crt-convert-l1-1-0.dll
0x00000295dc460000 - 0x00000295dc463000 	C:\Users\alonh\.openjfx\cache\17.0.6\api-ms-win-crt-environment-l1-1-0.dll
0x00000295dc470000 - 0x00000295dc473000 	C:\Users\alonh\.openjfx\cache\17.0.6\api-ms-win-crt-filesystem-l1-1-0.dll
0x00000295dc480000 - 0x00000295dc483000 	C:\Users\alonh\.openjfx\cache\17.0.6\api-ms-win-crt-heap-l1-1-0.dll
0x00000295dc490000 - 0x00000295dc493000 	C:\Users\alonh\.openjfx\cache\17.0.6\api-ms-win-crt-locale-l1-1-0.dll
0x00000295dc4a0000 - 0x00000295dc4a5000 	C:\Users\alonh\.openjfx\cache\17.0.6\api-ms-win-crt-math-l1-1-0.dll
0x00000295dc4b0000 - 0x00000295dc4b5000 	C:\Users\alonh\.openjfx\cache\17.0.6\api-ms-win-crt-multibyte-l1-1-0.dll
0x00000295dc4c0000 - 0x00000295dc4d0000 	C:\Users\alonh\.openjfx\cache\17.0.6\api-ms-win-crt-private-l1-1-0.dll
0x00000295dc4d0000 - 0x00000295dc4d3000 	C:\Users\alonh\.openjfx\cache\17.0.6\api-ms-win-crt-process-l1-1-0.dll
0x00000295dc4e0000 - 0x00000295dc4e4000 	C:\Users\alonh\.openjfx\cache\17.0.6\api-ms-win-crt-runtime-l1-1-0.dll
0x00000295dc4f0000 - 0x00000295dc4f4000 	C:\Users\alonh\.openjfx\cache\17.0.6\api-ms-win-crt-stdio-l1-1-0.dll
0x00000295dc500000 - 0x00000295dc504000 	C:\Users\alonh\.openjfx\cache\17.0.6\api-ms-win-crt-string-l1-1-0.dll
0x00000295dc510000 - 0x00000295dc513000 	C:\Users\alonh\.openjfx\cache\17.0.6\api-ms-win-crt-time-l1-1-0.dll
0x00000295dc520000 - 0x00000295dc523000 	C:\Users\alonh\.openjfx\cache\17.0.6\api-ms-win-crt-utility-l1-1-0.dll
0x00007fff5dd70000 - 0x00007fff5de6c000 	C:\Users\alonh\.openjfx\cache\17.0.6\ucrtbase.dll
0x00007fffab280000 - 0x00007fffab29a000 	C:\Users\alonh\.openjfx\cache\17.0.6\vcruntime140.dll
0x00007fffbd750000 - 0x00007fffbd75c000 	C:\Users\alonh\.openjfx\cache\17.0.6\vcruntime140_1.dll
0x00007fff8ab60000 - 0x00007fff8abed000 	C:\Users\alonh\.openjfx\cache\17.0.6\msvcp140.dll
0x00007fffb9c60000 - 0x00007fffb9c69000 	C:\Users\alonh\.openjfx\cache\17.0.6\msvcp140_1.dll
0x00007fffab0d0000 - 0x00007fffab0ff000 	C:\Users\alonh\.openjfx\cache\17.0.6\msvcp140_2.dll
0x00007fffa7980000 - 0x00007fffa79aa000 	C:\Users\alonh\.openjfx\cache\17.0.6\prism_d3d.dll
0x00007fffe0620000 - 0x00007fffe07c9000 	C:\Windows\system32\d3d9.dll
0x00007ff80b540000 - 0x00007ff80b56b000 	C:\Windows\SYSTEM32\dwmapi.dll
0x00007ff80b3d0000 - 0x00007ff80b406000 	C:\Windows\SYSTEM32\dxcore.dll
0x00007ff80b220000 - 0x00007ff80b2cb000 	C:\Windows\system32\uxtheme.dll
0x00007ffff4630000 - 0x00007ffff46e0000 	C:\Windows\SYSTEM32\d3d9on12.dll
0x00007ff80b410000 - 0x00007ff80b508000 	C:\Windows\SYSTEM32\dxgi.dll
0x00007ffff4600000 - 0x00007ffff4629000 	C:\Windows\SYSTEM32\d3d12.dll
0x00007ff80dfb0000 - 0x00007ff80dffe000 	C:\Windows\SYSTEM32\cfgmgr32.dll
0x00007fffe4330000 - 0x00007fffe4533000 	C:\Windows\SYSTEM32\D3D12Core.dll
0x00007ffff45d0000 - 0x00007ffff45f7000 	C:\Windows\System32\DriverStore\FileRepository\iigd_dch.inf_amd64_ce2a84db4d20c228\igd12umd64.dll
0x00007fffb2110000 - 0x00007fffb305b000 	C:\Windows\System32\DriverStore\FileRepository\iigd_dch.inf_amd64_ce2a84db4d20c228\igd12um64xel.dll
0x00007ff80eb30000 - 0x00007ff80ec96000 	C:\Windows\System32\CRYPT32.dll
0x00007ff80f650000 - 0x00007ff80f7f0000 	C:\Windows\System32\ole32.dll
0x00007fffdd400000 - 0x00007fffdd444000 	C:\Windows\SYSTEM32\ControlLib.dll
0x00007ff810a70000 - 0x00007ff810ee4000 	C:\Windows\System32\SETUPAPI.dll
0x00007ff80df50000 - 0x00007ff80df7c000 	C:\Windows\SYSTEM32\DEVOBJ.dll
0x00007ff800060000 - 0x00007ff8000e8000 	C:\Windows\System32\DriverStore\FileRepository\iigd_dch.inf_amd64_ce2a84db4d20c228\IntelControlLib.dll
0x00007ff80e410000 - 0x00007ff80e47b000 	C:\Windows\System32\WINTRUST.dll
0x00007ff80df30000 - 0x00007ff80df42000 	C:\Windows\SYSTEM32\MSASN1.dll
0x00007ff807290000 - 0x00007ff8072da000 	C:\Windows\SYSTEM32\directxdatabasehelper.dll
0x00007ffffbde0000 - 0x00007ffffc1b4000 	C:\Windows\System32\DriverStore\FileRepository\iigd_dch.inf_amd64_ce2a84db4d20c228\igdgmm64.dll
0x00007ffff7fc0000 - 0x00007ffffbdd2000 	C:\Windows\System32\DriverStore\FileRepository\iigd_dch.inf_amd64_ce2a84db4d20c228\igc64.dll
0x00007fffc1120000 - 0x00007fffc114f000 	C:\Windows\SYSTEM32\D3DSCache.dll
0x00007ff80d920000 - 0x00007ff80d94c000 	C:\Windows\SYSTEM32\USERENV.dll
0x00007fffb0360000 - 0x00007fffb170d000 	C:\Windows\System32\DriverStore\FileRepository\iigd_dch.inf_amd64_ce2a84db4d20c228\igd12dxva64.dll
0x00007fffae640000 - 0x00007fffb0360000 	C:\Windows\System32\DriverStore\FileRepository\iigd_dch.inf_amd64_ce2a84db4d20c228\media_bin_64.dll
0x00007fffc0e20000 - 0x00007fffc0e47000 	C:\Windows\System32\DriverStore\FileRepository\iigd_dch.inf_amd64_ce2a84db4d20c228\igdinfo64.dll
0x00007ff801ab0000 - 0x00007ff801d35000 	C:\Windows\SYSTEM32\twinapi.appcore.dll
0x00007fff8d0c0000 - 0x00007fff8d102000 	C:\Users\alonh\.openjfx\cache\17.0.6\glass.dll
0x00007ff8101b0000 - 0x00007ff8102a9000 	C:\Windows\System32\COMDLG32.dll

dbghelp: loaded successfully - version: 4.0.5 - missing functions: none
symbol engine: initialized successfully - sym options: 0x614 - pdb path: .;C:\Users\alonh\.jdks\corretto-11.0.22\bin;C:\Windows\SYSTEM32;C:\Program Files\Norton Security\NortonData\22.23.5.106\Definitions\IPSDefs\20231207.064;C:\Windows\WinSxS\amd64_microsoft.windows.common-controls_6595b64144ccf1df_6.0.22621.2506_none_270c5ae97388e100;C:\Users\alonh\.jdks\corretto-11.0.22\bin\server;C:\Users\alonh\AppData\Local\Programs\IntelliJ IDEA Ultimate\bin;C:\Users\alonh\.openjfx\cache\17.0.6;C:\Windows\System32\DriverStore\FileRepository\iigd_dch.inf_amd64_ce2a84db4d20c228;C:\Program Files\Common Files\Microsoft Shared\Ink

VM Arguments:
jvm_args: -javaagent:C:\Users\alonh\AppData\Local\Programs\IntelliJ IDEA Ultimate\lib\idea_rt.jar=58632:C:\Users\alonh\AppData\Local\Programs\IntelliJ IDEA Ultimate\bin -Dfile.encoding=UTF-8 --module-path=C:\Users\alonh\.m2\repository\org\kordamp\bootstrapfx\bootstrapfx-core\0.4.0\bootstrapfx-core-0.4.0.jar;C:\Users\alonh\.m2\repository\com\dlsc\formsfx\formsfx-core\11.6.0\formsfx-core-11.6.0.jar;C:\Users\alonh\.m2\repository\org\openjfx\javafx-base\17.0.6\javafx-base-17.0.6-win.jar;C:\Users\alonh\IdeaProjects\Joyeria_ProyectoMult\target\classes;C:\Users\alonh\.m2\repository\org\openjfx\javafx-controls\17.0.6\javafx-controls-17.0.6-win.jar;C:\Users\alonh\.m2\repository\net\synedra\validatorfx\0.4.0\validatorfx-0.4.0.jar;C:\Users\alonh\.m2\repository\org\openjfx\javafx-graphics\17.0.6\javafx-graphics-17.0.6-win.jar;C:\Users\alonh\.m2\repository\org\openjfx\javafx-fxml\17.0.6\javafx-fxml-17.0.6-win.jar;C:\Users\alonh\.m2\repository\org\controlsfx\controlsfx\11.1.2\controlsfx-11.1.2.jar -Djdk.module.main=com.eduard034.joyeria_proyectomult 
java_command: com.eduard034.joyeria_proyectomult/com.eduard034.joyeria_proyectomult.JoyeriaApp
java_class_path (initial): C:\Users\alonh\.m2\repository\org\openjfx\javafx-controls\17.0.6\javafx-controls-17.0.6.jar;C:\Users\alonh\.m2\repository\org\openjfx\javafx-graphics\17.0.6\javafx-graphics-17.0.6.jar;C:\Users\alonh\.m2\repository\org\openjfx\javafx-base\17.0.6\javafx-base-17.0.6.jar;C:\Users\alonh\.m2\repository\org\openjfx\javafx-fxml\17.0.6\javafx-fxml-17.0.6.jar
Launcher Type: SUN_STANDARD

[Global flags]
     intx CICompilerCount                          = 4                                         {product} {ergonomic}
     uint ConcGCThreads                            = 3                                         {product} {ergonomic}
     uint G1ConcRefinementThreads                  = 10                                        {product} {ergonomic}
   size_t G1HeapRegionSize                         = 1048576                                   {product} {ergonomic}
    uintx GCDrainStackTargetSize                   = 64                                        {product} {ergonomic}
   size_t InitialHeapSize                          = 130023424                                 {product} {ergonomic}
   size_t MarkStackSize                            = 4194304                                   {product} {ergonomic}
   size_t MaxHeapSize                              = 2071986176                                {product} {ergonomic}
   size_t MaxNewSize                               = 1242562560                                {product} {ergonomic}
   size_t MinHeapDeltaBytes                        = 1048576                                   {product} {ergonomic}
    uintx NonNMethodCodeHeapSize                   = 5836300                                {pd product} {ergonomic}
    uintx NonProfiledCodeHeapSize                  = 122910970                              {pd product} {ergonomic}
    uintx ProfiledCodeHeapSize                     = 122910970                              {pd product} {ergonomic}
    uintx ReservedCodeCacheSize                    = 251658240                              {pd product} {ergonomic}
     bool SegmentedCodeCache                       = true                                      {product} {ergonomic}
     bool UseCompressedClassPointers               = true                                 {lp64_product} {ergonomic}
     bool UseCompressedOops                        = true                                 {lp64_product} {ergonomic}
     bool UseG1GC                                  = true                                      {product} {ergonomic}
     bool UseLargePagesIndividualAllocation        = false                                  {pd product} {ergonomic}

Logging:
Log output configuration:
 #0: stdout all=warning uptime,level,tags
 #1: stderr all=off uptime,level,tags

Environment Variables:
PATH=C:\Program Files\Eclipse Adoptium\jdk-21.0.1.12-hotspot\bin;"C:\Program Files\Common Files\Oracle\Java\javapath;C:\Program Files\Java\jdk-21\bin";C:\Windows\system32;C:\Windows;C:\Windows\System32\Wbem;C:\Windows\System32\WindowsPowerShell\v1.0\;C:\Windows\System32\OpenSSH\;C:\Program Files (x86)\NVIDIA Corporation\PhysX\Common;C:\Program Files\NVIDIA Corporation\NVIDIA NvDLISR;C:\Program Files\Git\cmd;C:\Program Files\dotnet\;C:\Users\alonh\AppData\Local\Microsoft\WindowsApps;C:\Users\alonh\AppData\Local\JetBrains\Toolbox\scripts;C:\Users\alonh\AppData\Local\Programs\Microsoft VS Code\bin;C:\Users\alonh\AppData\Local\GitHubDesktop\bin
USERNAME=alonh
OS=Windows_NT
PROCESSOR_IDENTIFIER=Intel64 Family 6 Model 154 Stepping 3, GenuineIntel
TMP=C:\Users\alonh\AppData\Local\Temp
TEMP=C:\Users\alonh\AppData\Local\Temp



---------------  S Y S T E M  ---------------

OS: Windows 11 , 64 bit Build 22621 (10.0.22621.2506)
OS uptime: 7 days 22:00 hours
Hyper-V role detected

CPU:total 12 (initial active 12) (6 cores per cpu, 2 threads per core) family 6 model 154 stepping 3 microcode 0x424, cmov, cx8, fxsr, mmx, sse, sse2, sse3, ssse3, sse4.1, sse4.2, popcnt, avx, avx2, aes, clmul, erms, 3dnowpref, lzcnt, ht, tsc, tscinvbit, bmi1, bmi2, adx, sha, fma

Memory: 4k page, system-wide physical 7896M (519M free)
TotalPageFile size 26595M (AvailPageFile size 3645M)
current process WorkingSet (physical memory assigned to process): 375M, peak: 390M
current process commit charge ("private bytes"): 508M, peak: 520M

vm_info: OpenJDK 64-Bit Server VM (11.0.22+7-LTS) for windows-amd64 JRE (11.0.22+7-LTS), built on Jan 10 2024 19:54:00 by "Administrator" with MS VC++ 16.10 / 16.11 (VS2019)

END.
