#
# A fatal error has been detected by the Java Runtime Environment:
#
#  EXCEPTION_ACCESS_VIOLATION (0xc0000005) at pc=0x60b26c62, pid=28468, tid=28200
#
# JRE version: OpenJDK Runtime Environment Temurin-11.0.21+9 (11.0.21+9) (build 11.0.21+9)
# Java VM: OpenJDK Client VM Temurin-11.0.21+9 (11.0.21+9, mixed mode, serial gc, windows-x86)
# Problematic frame:
# C  [glass.dll+0x16c62]
#
# No core dump will be written. Minidumps are not enabled by default on client versions of Windows
#
# If you would like to submit a bug report, please visit:
#   https://github.com/adoptium/adoptium-support/issues
# The crash happened outside the Java Virtual Machine in native code.
# See problematic frame for where to report the bug.
#

---------------  S U M M A R Y ------------

Command Line: -javaagent:C:\Users\luigu\AppData\Local\Programs\IntelliJ IDEA Ultimate\lib\idea_rt.jar=58846:C:\Users\luigu\AppData\Local\Programs\IntelliJ IDEA Ultimate\bin -Dfile.encoding=UTF-8 --module-path=C:\Users\luigu\.m2\repository\com\dlsc\formsfx\formsfx-core\11.6.0\formsfx-core-11.6.0.jar;C:\Users\luigu\.m2\repository\org\openjfx\javafx-fxml\17.0.6\javafx-fxml-17.0.6-win-x86.jar;C:\Users\luigu\.m2\repository\org\openjfx\javafx-graphics\17.0.6\javafx-graphics-17.0.6-win-x86.jar;C:\Users\luigu\.m2\repository\org\controlsfx\controlsfx\11.1.2\controlsfx-11.1.2.jar;C:\Users\luigu\.m2\repository\org\openjfx\javafx-base\17.0.6\javafx-base-17.0.6-win-x86.jar;C:\Users\luigu\.m2\repository\org\openjfx\javafx-controls\17.0.6\javafx-controls-17.0.6-win-x86.jar;C:\Users\luigu\IdeaProjects\Joyeria_ProyectoMult\target\classes;C:\Users\luigu\.m2\repository\net\synedra\validatorfx\0.4.0\validatorfx-0.4.0.jar;C:\Users\luigu\.m2\repository\org\kordamp\bootstrapfx\bootstrapfx-core\0.4.0\bootstrapfx-core-0.4.0.jar -Djdk.module.main=com.eduard034.joyeria_proyectomult com.eduard034.joyeria_proyectomult/com.eduard034.joyeria_proyectomult.JoyeriaApp

Host: 12th Gen Intel(R) Core(TM) i5-12450H, 12 cores, 7G,  Windows 11 , 64 bit Build 22621 (10.0.22621.3374)
Time: Thu Apr 11 11:18:08 2024 Hora estándar central (México) elapsed time: 23.622077 seconds (0d 0h 0m 23s)

---------------  T H R E A D  ---------------

Current thread (0x166ba800):  JavaThread "JavaFX Application Thread" [_thread_in_native, id=28200, stack(0x19950000,0x199a0000)]

Stack: [0x19950000,0x199a0000],  sp=0x1999e82c,  free space=314k
Native frames: (J=compiled Java code, A=aot compiled Java code, j=interpreted, Vv=VM code, C=native code)
C  [glass.dll+0x16c62]

Java frames: (J=compiled Java code, j=interpreted, Vv=VM code)
j  com.sun.glass.ui.win.WinWindow._close(J)Z+0 javafx.graphics
j  com.sun.glass.ui.Window.close()V+63 javafx.graphics
j  com.sun.glass.ui.win.WinWindow.close()V+8 javafx.graphics
j  com.sun.glass.ui.Application.terminate()V+75 javafx.graphics
j  com.sun.javafx.tk.quantum.QuantumToolkit.lambda$exit$13()Ljava/lang/Object;+5 javafx.graphics
j  com.sun.javafx.tk.quantum.QuantumToolkit$$Lambda$641.get()Ljava/lang/Object;+0 javafx.graphics
j  com.sun.javafx.tk.quantum.QuantumToolkit.runWithRenderLock(Ljava/util/function/Supplier;)Ljava/lang/Object;+7 javafx.graphics
j  com.sun.javafx.tk.quantum.QuantumToolkit.exit()V+26 javafx.graphics
j  com.sun.javafx.application.PlatformImpl.lambda$tkExit$16()V+3 javafx.graphics
j  com.sun.javafx.application.PlatformImpl$$Lambda$640.run()V+0 javafx.graphics
j  com.sun.javafx.application.PlatformImpl.lambda$runAndWait$12(Ljava/lang/Runnable;Ljava/util/concurrent/CountDownLatch;)V+1 javafx.graphics
j  com.sun.javafx.application.PlatformImpl$$Lambda$87.run()V+8 javafx.graphics
j  com.sun.javafx.application.PlatformImpl.lambda$runLater$10(Ljava/lang/Runnable;)Ljava/lang/Void;+1 javafx.graphics
j  com.sun.javafx.application.PlatformImpl$$Lambda$90.run()Ljava/lang/Object;+4 javafx.graphics
v  ~StubRoutines::call_stub
J 1439  java.security.AccessController.doPrivileged(Ljava/security/PrivilegedAction;Ljava/security/AccessControlContext;)Ljava/lang/Object; java.base@11.0.21 (0 bytes) @ 0x035aa5c7 [0x035aa560+0x00000067]
j  com.sun.javafx.application.PlatformImpl.lambda$runLater$11(Ljava/lang/Runnable;Ljava/security/AccessControlContext;)V+7 javafx.graphics
j  com.sun.javafx.application.PlatformImpl$$Lambda$89.run()V+8 javafx.graphics
j  com.sun.glass.ui.InvokeLaterDispatcher$Future.run()V+4 javafx.graphics
v  ~StubRoutines::call_stub
j  com.sun.glass.ui.win.WinApplication._runLoop(Ljava/lang/Runnable;)V+0 javafx.graphics
j  com.sun.glass.ui.win.WinApplication.lambda$runLoop$3(ILjava/lang/Runnable;)V+8 javafx.graphics
j  com.sun.glass.ui.win.WinApplication$$Lambda$78.run()V+12 javafx.graphics
j  java.lang.Thread.run()V+11 java.base@11.0.21
v  ~StubRoutines::call_stub

siginfo: EXCEPTION_ACCESS_VIOLATION (0xc0000005), reading address 0x000000b8


Register to memory mapping:

EIP=0x60b26c62 glass.dll
EAX=0x0 is NULL
EBX=0x1999ea60 is pointing into the stack for thread: 0x166ba800
ECX=0x0 is NULL
EDX=0x0 is NULL
ESP=0x1999e82c is pointing into the stack for thread: 0x166ba800
EBP=0x1999e858 is pointing into the stack for thread: 0x166ba800
ESI=0x00000401 is an unknown value
EDI=0x0 is NULL


Registers:
EAX=0x00000000, EBX=0x1999ea60, ECX=0x00000000, EDX=0x00000000
ESP=0x1999e82c, EBP=0x1999e858, ESI=0x00000401, EDI=0x00000000
EIP=0x60b26c62, EFLAGS=0x00010202

Top of Stack: (sp=0x1999e82c)
0x1999e82c:   1999ea60 00000401 1999ea60 60b18df8
0x1999e83c:   e43c37fb 16605e68 001a049a 00000401
0x1999e84c:   1999e98c 60b302b0 ffffffff 00000000
0x1999e85c:   60b11755 00000401 1999ea60 00000000
0x1999e86c:   00000401 001a049a 1999e8a4 60b116f0
0x1999e87c:   750d30b3 001a049a 00000401 1999ea60
0x1999e88c:   00000000 001a049a dcbaabcd 60b116f0
0x1999e89c:   00000401 001a049a 1999e99c 750c3ef6 

Instructions: (pc=0x60b26c62)
0x60b26b62:   21 56 e8 47 42 00 00 ff 35 e8 03 b4 60 8b f0 ff
0x60b26b72:   77 68 56 e8 96 de fe ff 56 e8 a0 41 00 00 83 c4
0x60b26b82:   10 5e c7 05 a4 03 b4 60 00 00 00 00 5f c3 83 ec
0x60b26b92:   24 a1 ec e0 b3 60 33 c4 89 44 24 20 8b 44 24 28
0x60b26ba2:   53 89 44 24 04 8b d9 8b 44 24 30 89 44 24 08 8b
0x60b26bb2:   44 24 38 55 89 44 24 10 8b 44 24 38 56 89 83 84
0x60b26bc2:   00 00 00 8b 44 24 0c 89 5c 24 18 bb 00 00 00 80
0x60b26bd2:   8b eb 8b f3 57 8b fb 85 c0 79 29 8d 44 24 20 50
0x60b26be2:   e8 29 aa fe ff 83 c4 04 85 c0 8b 44 24 10 74 14
0x60b26bf2:   8b 74 24 28 8b 5c 24 20 2b f3 8b 7c 24 2c 8b 6c
0x60b26c02:   24 24 2b fd 6a 00 50 ff 74 24 1c 68 d8 23 b3 60
0x60b26c12:   57 56 8b 74 24 34 8b ce 55 53 ff 74 24 38 e8 db
0x60b26c22:   a7 fe ff 8b f8 8d 4e 14 57 e8 40 64 00 00 57 8d
0x60b26c32:   4e 14 e8 c7 64 00 00 8b 4c 24 30 8b c7 5f 5e 5d
0x60b26c42:   5b 33 cc e8 ae 7a 00 00 83 c4 24 c2 10 00 53 8b
0x60b26c52:   d9 56 57 ff 73 08 e8 93 a9 fe ff 8b f8 83 c4 04
0x60b26c62:   8b 87 b8 00 00 00 85 c0 75 03 8b 47 04 3b 05 a4
0x60b26c72:   03 b4 60 75 29 e8 34 41 00 00 ff 35 e8 03 b4 60
0x60b26c82:   8b f0 ff 77 68 56 e8 83 dd fe ff 56 e8 8d 40 00
0x60b26c92:   00 83 c4 10 c7 05 a4 03 b4 60 00 00 00 00 8d 4f
0x60b26ca2:   14 e8 b8 69 00 00 8d 4f 14 e8 e0 69 00 00 ff 73
0x60b26cb2:   08 ff 15 f8 fe b3 60 85 c0 5f 0f 95 c0 5e 88 43
0x60b26cc2:   04 5b c3 cc cc cc cc cc cc cc cc cc cc cc 55 8b
0x60b26cd2:   ec 6a ff 68 f7 11 b3 60 64 a1 00 00 00 00 50 83
0x60b26ce2:   ec 08 53 56 57 a1 ec e0 b3 60 33 c5 50 8d 45 f4
0x60b26cf2:   64 a3 00 00 00 00 8b f9 ff 77 18 ff 15 60 ff b3
0x60b26d02:   60 85 c0 75 13 0f 57 c0 66 0f 13 45 ec 8b 55 f0
0x60b26d12:   8b 45 ec e9 a7 00 00 00 68 dc 00 00 00 e8 96 79
0x60b26d22:   00 00 83 c4 04 89 45 f0 c7 45 fc 00 00 00 00 85
0x60b26d32:   c0 74 19 ff 77 18 8b c8 6a 01 6a 00 6a 00 6a 00
0x60b26d42:   ff 77 10 e8 a6 f9 ff ff 8b d8 eb 02 33 db ff 77
0x60b26d52:   18 8b cb c7 45 fc ff ff ff ff 6a 00 68 00 00 10 


Stack slot to memory mapping:
stack at sp + 0 slots: 0x1999ea60 is pointing into the stack for thread: 0x166ba800
stack at sp + 1 slots: 0x00000401 is an unknown value
stack at sp + 2 slots: 0x1999ea60 is pointing into the stack for thread: 0x166ba800
stack at sp + 3 slots: 0x60b18df8 glass.dll
stack at sp + 4 slots: 0xe43c37fb is an unknown value
stack at sp + 5 slots: 0x16605e68 points into unknown readable memory: 0x60b3319c | 9c 31 b3 60
stack at sp + 6 slots: 0x001a049a is an unknown value
stack at sp + 7 slots: 0x00000401 is an unknown value


---------------  P R O C E S S  ---------------

Threads class SMR info:
_java_thread_list=0x1689ab78, length=17, elements={
0x032a2800, 0x03357800, 0x03368800, 0x0337a000,
0x0337bc00, 0x0337c800, 0x0337d400, 0x0337e000,
0x1558f000, 0x15772c00, 0x15eed000, 0x166ba000,
0x166ba800, 0x1682f400, 0x16890000, 0x16955400,
0x16c5e000
}

Java Threads: ( => current thread )
  0x032a2800 JavaThread "main" [_thread_blocked, id=21056, stack(0x01200000,0x01250000)]
  0x03357800 JavaThread "Reference Handler" daemon [_thread_blocked, id=28472, stack(0x03230000,0x03280000)]
  0x03368800 JavaThread "Finalizer" daemon [_thread_blocked, id=12468, stack(0x15400000,0x15450000)]
  0x0337a000 JavaThread "Signal Dispatcher" daemon [_thread_blocked, id=9496, stack(0x157c0000,0x15810000)]
  0x0337bc00 JavaThread "Attach Listener" daemon [_thread_blocked, id=26420, stack(0x15850000,0x158a0000)]
  0x0337c800 JavaThread "Service Thread" daemon [_thread_blocked, id=27316, stack(0x158e0000,0x15930000)]
  0x0337d400 JavaThread "C1 CompilerThread0" daemon [_thread_blocked, id=21420, stack(0x15970000,0x159c0000)]
  0x0337e000 JavaThread "Sweeper thread" daemon [_thread_blocked, id=18492, stack(0x15a00000,0x15a50000)]
  0x1558f000 JavaThread "Common-Cleaner" daemon [_thread_blocked, id=19744, stack(0x15a90000,0x15ae0000)]
  0x15772c00 JavaThread "Monitor Ctrl-Break" daemon [_thread_in_native, id=17692, stack(0x15b30000,0x15b80000)]
  0x15eed000 JavaThread "QuantumRenderer-0" daemon [_thread_blocked, id=10172, stack(0x16250000,0x162a0000)]
  0x166ba000 JavaThread "InvokeLaterDispatcher" daemon [_thread_blocked, id=18536, stack(0x197c0000,0x19810000)]
=>0x166ba800 JavaThread "JavaFX Application Thread" [_thread_in_native, id=28200, stack(0x19950000,0x199a0000)]
  0x1682f400 JavaThread "JavaFX-Launcher" [_thread_blocked, id=28604, stack(0x1df90000,0x1dfe0000)]
  0x16890000 JavaThread "Thread-2" daemon [_thread_in_native, id=19292, stack(0x1df00000,0x1df50000)]
  0x16955400 JavaThread "Prism Font Disposer" daemon [_thread_blocked, id=12284, stack(0x1f5b0000,0x1f600000)]
  0x16c5e000 JavaThread "Cleaner-0" daemon [_thread_blocked, id=4908, stack(0x22780000,0x227d0000)]

Other Threads:
  0x03354800 VMThread "VM Thread" [stack: 0x031a0000,0x031f0000] [id=27184]
  0x15775000 WatcherThread [stack: 0x15bc0000,0x15c10000] [id=5104]

Threads with active compile tasks:

VM state:not at safepoint (normal execution)

VM Mutex/Monitor currently owned by a thread: None

Heap:
 def new generation   total 8640K, used 8309K [0x05400000, 0x05d60000, 0x0a950000)
  eden space 7680K,  97% used [0x05400000, 0x05b4d1c0, 0x05b80000)
  from space 960K,  86% used [0x05c70000, 0x05d402a0, 0x05d60000)
  to   space 960K,   0% used [0x05b80000, 0x05b80000, 0x05c70000)
 tenured generation   total 19096K, used 17092K [0x0a950000, 0x0bbf6000, 0x15400000)
   the space 19096K,  89% used [0x0a950000, 0x0ba011f0, 0x0ba01200, 0x0bbf6000)
 Metaspace       used 16084K, capacity 16498K, committed 16512K, reserved 16768K

Card table byte_map: [0x02c70000,0x02d00000] _byte_map_base: 0x02c46000

Polling page: 0x01250000

Metaspace:

Usage:
   16.11 MB capacity,    15.71 MB ( 97%) used,   282.66 KB (  2%) free+waste,   131.21 KB ( <1%) overhead. 

Virtual space:
     16.38 MB reserved,      16.13 MB ( 98%) committed 

Chunk freelists:
0 bytes

MaxMetaspaceSize: 4.00 GB
No class space
Initial GC threshold: 12.00 MB
Current GC threshold: 19.59 MB
CDS: off

CodeCache: size=32768Kb used=2483Kb max_used=2483Kb free=30285Kb
 bounds [0x03380000, 0x035f0000, 0x05380000]
 total_blobs=2103 nmethods=1666 adapters=370
 compilation: enabled
              stopped_count=0, restarted_count=0
 full_count=0

Compilation events (20 events):
Event: 23.300 Thread 0x0337d400 1657             com.sun.javafx.sg.prism.NGNode::markCullRegions (204 bytes)
Event: 23.301 Thread 0x0337d400 nmethod 1657 0x035e93c8 code [0x035e9560, 0x035e98f0]
Event: 23.301 Thread 0x0337d400 1658             com.sun.javafx.geom.transform.AffineBase::getMxx (5 bytes)
Event: 23.301 Thread 0x0337d400 nmethod 1658 0x035e9b88 code [0x035e9c90, 0x035e9d10]
Event: 23.301 Thread 0x0337d400 1659             com.sun.javafx.geom.transform.AffineBase::getMyy (5 bytes)
Event: 23.301 Thread 0x0337d400 nmethod 1659 0x035e9d48 code [0x035e9e50, 0x035e9ed0]
Event: 23.518 Thread 0x0337d400 1660             java.lang.invoke.MethodHandles$Lookup::checkSecurityManager (104 bytes)
Event: 23.519 Thread 0x0337d400 nmethod 1660 0x035e9f08 code [0x035ea0a0, 0x035ea3ac]
Event: 23.561 Thread 0x0337d400 1661             java.lang.invoke.MethodHandleNatives::refKindIsMethod (19 bytes)
Event: 23.561 Thread 0x0337d400 nmethod 1661 0x035ea5c8 code [0x035ea6d0, 0x035ea780]
Event: 23.561 Thread 0x0337d400 1662             java.lang.module.ModuleDescriptor::isAutomatic (5 bytes)
Event: 23.562 Thread 0x0337d400 nmethod 1662 0x035ea7c8 code [0x035ea8d0, 0x035ea950]
Event: 23.562 Thread 0x0337d400 1663             jdk.internal.misc.VM::initLevel (4 bytes)
Event: 23.562 Thread 0x0337d400 nmethod 1663 0x035ea988 code [0x035eaa90, 0x035eab10]
Event: 23.562 Thread 0x0337d400 1664             sun.nio.cs.UTF_8$Encoder::encodeArrayLoop (489 bytes)
Event: 23.564 Thread 0x0337d400 nmethod 1664 0x035eab48 code [0x035eaed0, 0x035ebc84]
Event: 23.586 Thread 0x0337d400 1665             jdk.internal.misc.VM::isModuleSystemInited (13 bytes)
Event: 23.587 Thread 0x0337d400 nmethod 1665 0x035ec848 code [0x035ec950, 0x035ec9e0]
Event: 23.587 Thread 0x0337d400 1666             java.nio.charset.CoderResult::isUnderflow (13 bytes)
Event: 23.587 Thread 0x0337d400 nmethod 1666 0x035eca48 code [0x035ecb50, 0x035ecbe0]

GC Heap History (20 events):
Event: 0.739 GC heap before
{Heap before GC invocations=4 (full 0):
 def new generation   total 4928K, used 4578K [0x05400000, 0x05950000, 0x0a950000)
  eden space 4416K,  98% used [0x05400000, 0x0583fe18, 0x05850000)
  from space 512K,  44% used [0x05850000, 0x05888b38, 0x058d0000)
  to   space 512K,   0% used [0x058d0000, 0x058d0000, 0x05950000)
 tenured generation   total 10944K, used 1879K [0x0a950000, 0x0b400000, 0x15400000)
   the space 10944K,  17% used [0x0a950000, 0x0ab25ea0, 0x0ab26000, 0x0b400000)
 Metaspace       used 7650K, capacity 7745K, committed 7808K, reserved 8576K
}
Event: 0.740 GC heap after
{Heap after GC invocations=5 (full 0):
 def new generation   total 4928K, used 492K [0x05400000, 0x05950000, 0x0a950000)
  eden space 4416K,   0% used [0x05400000, 0x05400000, 0x05850000)
  from space 512K,  96% used [0x058d0000, 0x0594b398, 0x05950000)
  to   space 512K,   0% used [0x05850000, 0x05850000, 0x058d0000)
 tenured generation   total 10944K, used 2327K [0x0a950000, 0x0b400000, 0x15400000)
   the space 10944K,  21% used [0x0a950000, 0x0ab95eb0, 0x0ab96000, 0x0b400000)
 Metaspace       used 7650K, capacity 7745K, committed 7808K, reserved 8576K
}
Event: 0.795 GC heap before
{Heap before GC invocations=5 (full 0):
 def new generation   total 4928K, used 4903K [0x05400000, 0x05950000, 0x0a950000)
  eden space 4416K,  99% used [0x05400000, 0x0584ea78, 0x05850000)
  from space 512K,  96% used [0x058d0000, 0x0594b398, 0x05950000)
  to   space 512K,   0% used [0x05850000, 0x05850000, 0x058d0000)
 tenured generation   total 10944K, used 2327K [0x0a950000, 0x0b400000, 0x15400000)
   the space 10944K,  21% used [0x0a950000, 0x0ab95eb0, 0x0ab96000, 0x0b400000)
 Metaspace       used 8878K, capacity 8989K, committed 9088K, reserved 9600K
}
Event: 0.796 GC heap after
{Heap after GC invocations=6 (full 0):
 def new generation   total 4928K, used 512K [0x05400000, 0x05950000, 0x0a950000)
  eden space 4416K,   0% used [0x05400000, 0x05400000, 0x05850000)
  from space 512K, 100% used [0x05850000, 0x058d0000, 0x058d0000)
  to   space 512K,   0% used [0x058d0000, 0x058d0000, 0x05950000)
 tenured generation   total 10944K, used 2817K [0x0a950000, 0x0b400000, 0x15400000)
   the space 10944K,  25% used [0x0a950000, 0x0ac10560, 0x0ac10600, 0x0b400000)
 Metaspace       used 8878K, capacity 8989K, committed 9088K, reserved 9600K
}
Event: 0.857 GC heap before
{Heap before GC invocations=6 (full 0):
 def new generation   total 4928K, used 4920K [0x05400000, 0x05950000, 0x0a950000)
  eden space 4416K,  99% used [0x05400000, 0x0584e368, 0x05850000)
  from space 512K, 100% used [0x05850000, 0x058d0000, 0x058d0000)
  to   space 512K,   0% used [0x058d0000, 0x058d0000, 0x05950000)
 tenured generation   total 10944K, used 2817K [0x0a950000, 0x0b400000, 0x15400000)
   the space 10944K,  25% used [0x0a950000, 0x0ac10560, 0x0ac10600, 0x0b400000)
 Metaspace       used 10555K, capacity 10734K, committed 10752K, reserved 11648K
}
Event: 0.859 GC heap after
{Heap after GC invocations=7 (full 0):
 def new generation   total 4928K, used 512K [0x05400000, 0x05950000, 0x0a950000)
  eden space 4416K,   0% used [0x05400000, 0x05400000, 0x05850000)
  from space 512K, 100% used [0x058d0000, 0x05950000, 0x05950000)
  to   space 512K,   0% used [0x05850000, 0x05850000, 0x058d0000)
 tenured generation   total 10944K, used 3755K [0x0a950000, 0x0b400000, 0x15400000)
   the space 10944K,  34% used [0x0a950000, 0x0acfad78, 0x0acfae00, 0x0b400000)
 Metaspace       used 10555K, capacity 10734K, committed 10752K, reserved 11648K
}
Event: 0.916 GC heap before
{Heap before GC invocations=7 (full 0):
 def new generation   total 4928K, used 4928K [0x05400000, 0x05950000, 0x0a950000)
  eden space 4416K, 100% used [0x05400000, 0x05850000, 0x05850000)
  from space 512K, 100% used [0x058d0000, 0x05950000, 0x05950000)
  to   space 512K,   0% used [0x05850000, 0x05850000, 0x058d0000)
 tenured generation   total 10944K, used 3755K [0x0a950000, 0x0b400000, 0x15400000)
   the space 10944K,  34% used [0x0a950000, 0x0acfad78, 0x0acfae00, 0x0b400000)
 Metaspace       used 11343K, capacity 11510K, committed 11520K, reserved 11648K
}
Event: 0.918 GC heap after
{Heap after GC invocations=8 (full 0):
 def new generation   total 4928K, used 502K [0x05400000, 0x05950000, 0x0a950000)
  eden space 4416K,   0% used [0x05400000, 0x05400000, 0x05850000)
  from space 512K,  98% used [0x05850000, 0x058cd838, 0x058d0000)
  to   space 512K,   0% used [0x058d0000, 0x058d0000, 0x05950000)
 tenured generation   total 10944K, used 4260K [0x0a950000, 0x0b400000, 0x15400000)
   the space 10944K,  38% used [0x0a950000, 0x0ad792b0, 0x0ad79400, 0x0b400000)
 Metaspace       used 11343K, capacity 11510K, committed 11520K, reserved 11648K
}
Event: 0.984 GC heap before
{Heap before GC invocations=8 (full 0):
 def new generation   total 4928K, used 4916K [0x05400000, 0x05950000, 0x0a950000)
  eden space 4416K,  99% used [0x05400000, 0x0584f900, 0x05850000)
  from space 512K,  98% used [0x05850000, 0x058cd838, 0x058d0000)
  to   space 512K,   0% used [0x058d0000, 0x058d0000, 0x05950000)
 tenured generation   total 10944K, used 10491K [0x0a950000, 0x0b400000, 0x15400000)
   the space 10944K,  95% used [0x0a950000, 0x0b38eca8, 0x0b38ee00, 0x0b400000)
 Metaspace       used 11798K, capacity 11976K, committed 12032K, reserved 12672K
}
Event: 0.993 GC heap after
{Heap after GC invocations=9 (full 1):
 def new generation   total 8640K, used 469K [0x05400000, 0x05d60000, 0x0a950000)
  eden space 7680K,   6% used [0x05400000, 0x05475748, 0x05b80000)
  from space 960K,   0% used [0x05b80000, 0x05b80000, 0x05c70000)
  to   space 960K,   0% used [0x05c70000, 0x05c70000, 0x05d60000)
 tenured generation   total 19096K, used 11455K [0x0a950000, 0x0bbf6000, 0x15400000)
   the space 19096K,  59% used [0x0a950000, 0x0b47fea0, 0x0b480000, 0x0bbf6000)
 Metaspace       used 11798K, capacity 11976K, committed 12032K, reserved 12672K
}
Event: 1.149 GC heap before
{Heap before GC invocations=9 (full 1):
 def new generation   total 8640K, used 7680K [0x05400000, 0x05d60000, 0x0a950000)
  eden space 7680K, 100% used [0x05400000, 0x05b80000, 0x05b80000)
  from space 960K,   0% used [0x05b80000, 0x05b80000, 0x05c70000)
  to   space 960K,   0% used [0x05c70000, 0x05c70000, 0x05d60000)
 tenured generation   total 19096K, used 11455K [0x0a950000, 0x0bbf6000, 0x15400000)
   the space 19096K,  59% used [0x0a950000, 0x0b47fea0, 0x0b480000, 0x0bbf6000)
 Metaspace       used 12692K, capacity 12867K, committed 12928K, reserved 13696K
}
Event: 1.153 GC heap after
{Heap after GC invocations=10 (full 1):
 def new generation   total 8640K, used 960K [0x05400000, 0x05d60000, 0x0a950000)
  eden space 7680K,   0% used [0x05400000, 0x05400000, 0x05b80000)
  from space 960K, 100% used [0x05c70000, 0x05d60000, 0x05d60000)
  to   space 960K,   0% used [0x05b80000, 0x05b80000, 0x05c70000)
 tenured generation   total 19096K, used 11768K [0x0a950000, 0x0bbf6000, 0x15400000)
   the space 19096K,  61% used [0x0a950000, 0x0b4ce390, 0x0b4ce400, 0x0bbf6000)
 Metaspace       used 12692K, capacity 12867K, committed 12928K, reserved 13696K
}
Event: 1.232 GC heap before
{Heap before GC invocations=10 (full 1):
 def new generation   total 8640K, used 8640K [0x05400000, 0x05d60000, 0x0a950000)
  eden space 7680K, 100% used [0x05400000, 0x05b80000, 0x05b80000)
  from space 960K, 100% used [0x05c70000, 0x05d60000, 0x05d60000)
  to   space 960K,   0% used [0x05b80000, 0x05b80000, 0x05c70000)
 tenured generation   total 19096K, used 11768K [0x0a950000, 0x0bbf6000, 0x15400000)
   the space 19096K,  61% used [0x0a950000, 0x0b4ce390, 0x0b4ce400, 0x0bbf6000)
 Metaspace       used 13869K, capacity 14157K, committed 14208K, reserved 14720K
}
Event: 1.235 GC heap after
{Heap after GC invocations=11 (full 1):
 def new generation   total 8640K, used 544K [0x05400000, 0x05d60000, 0x0a950000)
  eden space 7680K,   0% used [0x05400000, 0x05400000, 0x05b80000)
  from space 960K,  56% used [0x05b80000, 0x05c08230, 0x05c70000)
  to   space 960K,   0% used [0x05c70000, 0x05c70000, 0x05d60000)
 tenured generation   total 19096K, used 12721K [0x0a950000, 0x0bbf6000, 0x15400000)
   the space 19096K,  66% used [0x0a950000, 0x0b5bc430, 0x0b5bc600, 0x0bbf6000)
 Metaspace       used 13869K, capacity 14157K, committed 14208K, reserved 14720K
}
Event: 2.972 GC heap before
{Heap before GC invocations=11 (full 1):
 def new generation   total 8640K, used 8224K [0x05400000, 0x05d60000, 0x0a950000)
  eden space 7680K, 100% used [0x05400000, 0x05b80000, 0x05b80000)
  from space 960K,  56% used [0x05b80000, 0x05c08230, 0x05c70000)
  to   space 960K,   0% used [0x05c70000, 0x05c70000, 0x05d60000)
 tenured generation   total 19096K, used 12721K [0x0a950000, 0x0bbf6000, 0x15400000)
   the space 19096K,  66% used [0x0a950000, 0x0b5bc430, 0x0b5bc600, 0x0bbf6000)
 Metaspace       used 14768K, capacity 15072K, committed 15104K, reserved 15744K
}
Event: 2.975 GC heap after
{Heap after GC invocations=12 (full 1):
 def new generation   total 8640K, used 960K [0x05400000, 0x05d60000, 0x0a950000)
  eden space 7680K,   0% used [0x05400000, 0x05400000, 0x05b80000)
  from space 960K, 100% used [0x05c70000, 0x05d60000, 0x05d60000)
  to   space 960K,   0% used [0x05b80000, 0x05b80000, 0x05c70000)
 tenured generation   total 19096K, used 14419K [0x0a950000, 0x0bbf6000, 0x15400000)
   the space 19096K,  75% used [0x0a950000, 0x0b764d50, 0x0b764e00, 0x0bbf6000)
 Metaspace       used 14768K, capacity 15072K, committed 15104K, reserved 15744K
}
Event: 4.336 GC heap before
{Heap before GC invocations=12 (full 1):
 def new generation   total 8640K, used 8640K [0x05400000, 0x05d60000, 0x0a950000)
  eden space 7680K, 100% used [0x05400000, 0x05b80000, 0x05b80000)
  from space 960K, 100% used [0x05c70000, 0x05d60000, 0x05d60000)
  to   space 960K,   0% used [0x05b80000, 0x05b80000, 0x05c70000)
 tenured generation   total 19096K, used 14419K [0x0a950000, 0x0bbf6000, 0x15400000)
   the space 19096K,  75% used [0x0a950000, 0x0b764d50, 0x0b764e00, 0x0bbf6000)
 Metaspace       used 15841K, capacity 16219K, committed 16256K, reserved 16768K
}
Event: 4.339 GC heap after
{Heap after GC invocations=13 (full 1):
 def new generation   total 8640K, used 710K [0x05400000, 0x05d60000, 0x0a950000)
  eden space 7680K,   0% used [0x05400000, 0x05400000, 0x05b80000)
  from space 960K,  73% used [0x05b80000, 0x05c31898, 0x05c70000)
  to   space 960K,   0% used [0x05c70000, 0x05c70000, 0x05d60000)
 tenured generation   total 19096K, used 15360K [0x0a950000, 0x0bbf6000, 0x15400000)
   the space 19096K,  80% used [0x0a950000, 0x0b850058, 0x0b850200, 0x0bbf6000)
 Metaspace       used 15841K, capacity 16219K, committed 16256K, reserved 16768K
}
Event: 22.172 GC heap before
{Heap before GC invocations=13 (full 1):
 def new generation   total 8640K, used 7721K [0x05400000, 0x05d60000, 0x0a950000)
  eden space 7680K,  91% used [0x05400000, 0x05ad8ca0, 0x05b80000)
  from space 960K,  73% used [0x05b80000, 0x05c31898, 0x05c70000)
  to   space 960K,   0% used [0x05c70000, 0x05c70000, 0x05d60000)
 tenured generation   total 19096K, used 15360K [0x0a950000, 0x0bbf6000, 0x15400000)
   the space 19096K,  80% used [0x0a950000, 0x0b850058, 0x0b850200, 0x0bbf6000)
 Metaspace       used 16072K, capacity 16490K, committed 16512K, reserved 16768K
}
Event: 22.175 GC heap after
{Heap after GC invocations=14 (full 1):
 def new generation   total 8640K, used 832K [0x05400000, 0x05d60000, 0x0a950000)
  eden space 7680K,   0% used [0x05400000, 0x05400000, 0x05b80000)
  from space 960K,  86% used [0x05c70000, 0x05d402a0, 0x05d60000)
  to   space 960K,   0% used [0x05b80000, 0x05b80000, 0x05c70000)
 tenured generation   total 19096K, used 17092K [0x0a950000, 0x0bbf6000, 0x15400000)
   the space 19096K,  89% used [0x0a950000, 0x0ba011f0, 0x0ba01200, 0x0bbf6000)
 Metaspace       used 16072K, capacity 16490K, committed 16512K, reserved 16768K
}

Deoptimization events (8 events):
Event: 1.130 Thread 0x166ba800 DEOPT PACKING pc=0x034aec8f sp=0x1999e110
Event: 1.130 Thread 0x166ba800 DEOPT UNPACKING pc=0x033bc187 sp=0x1999e030 mode 3
Event: 1.133 Thread 0x166ba800 DEOPT PACKING pc=0x034def31 sp=0x1999e290
Event: 1.133 Thread 0x166ba800 DEOPT UNPACKING pc=0x033bc187 sp=0x1999e1b4 mode 3
Event: 1.232 Thread 0x166ba800 DEOPT PACKING pc=0x03521fcc sp=0x1999e280
Event: 1.232 Thread 0x166ba800 DEOPT UNPACKING pc=0x033bc187 sp=0x1999e130 mode 3
Event: 8.101 Thread 0x15eed000 DEOPT PACKING pc=0x035ae0bd sp=0x1629e710
Event: 8.101 Thread 0x15eed000 DEOPT UNPACKING pc=0x033bc187 sp=0x1629e63c mode 3

Classes redefined (0 events):
No events

Internal exceptions (20 events):
Event: 0.933 Thread 0x166ba800 Exception <a 'java/lang/NoSuchMethodError'{0x056195d0}: 'void java.lang.invoke.DirectMethodHandle$Holder.invokeStaticInit(java.lang.Object, java.lang.Object)'> (0x056195d0) thrown at [s\src\hotspot\share\interpreter\linkResolver.cpp, line 773]
Event: 0.939 Thread 0x166ba800 Exception <a 'java/lang/NoSuchMethodError'{0x05699290}: 'void java.lang.invoke.DirectMethodHandle$Holder.invokeSpecial(java.lang.Object, java.lang.Object, java.lang.Object, java.lang.Object, java.lang.Object)'> (0x05699290) thrown at [s\src\hotspot\share\interpreter\linkResolver.cpp, line 773]
Event: 1.133 Thread 0x166ba800 Implicit null exception at 0x034ddc4c to 0x034def2c
Event: 1.176 Thread 0x166ba800 Exception <a 'java/lang/ClassNotFoundException'{0x055de110}: com/sun/javafx/scene/control/skin/resources/controls> (0x055de110) thrown at [s\src\hotspot\share\prims\jni.cpp, line 638]
Event: 1.176 Thread 0x166ba800 Exception <a 'java/lang/ClassNotFoundException'{0x055ed608}: com/sun/javafx/scene/control/skin/resources/controls_es> (0x055ed608) thrown at [s\src\hotspot\share\prims\jni.cpp, line 638]
Event: 1.177 Thread 0x166ba800 Exception <a 'java/lang/ClassNotFoundException'{0x055fa808}: com/sun/javafx/scene/control/skin/resources/controls_es_MX> (0x055fa808) thrown at [s\src\hotspot\share\prims\jni.cpp, line 638]
Event: 1.196 Thread 0x166ba800 Exception <a 'java/lang/NoSuchMethodError'{0x0579a6c0}: 'void java.lang.invoke.DirectMethodHandle$Holder.invokeSpecial(java.lang.Object, java.lang.Object, java.lang.Object, java.lang.Object, java.lang.Object, java.lang.Object)'> (0x0579a6c0) thrown at [s\src\hotspot\share\interpreter\linkResolver.cpp, line 773]
Event: 1.213 Thread 0x166ba800 Exception <a 'java/lang/NoSuchMethodError'{0x059f6360}: 'java.lang.Object java.lang.invoke.DirectMethodHandle$Holder.invokeInterface(java.lang.Object, java.lang.Object, java.lang.Object)'> (0x059f6360) thrown at [s\src\hotspot\share\interpreter\linkResolver.cpp, line 773]
Event: 1.213 Thread 0x166ba800 Exception <a 'java/lang/IncompatibleClassChangeError'{0x059f9120}: Found class java.lang.Object, but interface was expected> (0x059f9120) thrown at [s\src\hotspot\share\interpreter\linkResolver.cpp, line 839]
Event: 1.263 Thread 0x15eed000 Exception <a 'java/lang/NoSuchMethodError'{0x054fe698}: 'int java.lang.invoke.DirectMethodHandle$Holder.invokeStaticInit(java.lang.Object, java.lang.Object)'> (0x054fe698) thrown at [s\src\hotspot\share\interpreter\linkResolver.cpp, line 773]
Event: 1.269 Thread 0x166ba800 Exception <a 'java/lang/NoSuchMethodError'{0x0554ee58}: 'long java.lang.invoke.DirectMethodHandle$Holder.invokeStaticInit(java.lang.Object, java.lang.Object, java.lang.Object)'> (0x0554ee58) thrown at [s\src\hotspot\share\interpreter\linkResolver.cpp, line 773]
Event: 1.274 Thread 0x166ba800 Exception <a 'java/lang/NoSuchMethodError'{0x055657f8}: 'java.lang.Object java.lang.invoke.DirectMethodHandle$Holder.invokeStatic(java.lang.Object, java.lang.Object, long)'> (0x055657f8) thrown at [s\src\hotspot\share\interpreter\linkResolver.cpp, line 773]
Event: 1.274 Thread 0x166ba800 Exception <a 'java/lang/NoSuchMethodError'{0x0556b248}: 'java.lang.Object java.lang.invoke.Invokers$Holder.linkToTargetMethod(java.lang.Object, long, java.lang.Object)'> (0x0556b248) thrown at [s\src\hotspot\share\interpreter\linkResolver.cpp, line 773]
Event: 2.915 Thread 0x166ba800 Exception <a 'java/io/FileNotFoundException'{0x05a62ae8}> (0x05a62ae8) thrown at [s\src\hotspot\share\prims\jni.cpp, line 617]
Event: 2.936 Thread 0x166ba800 Exception <a 'java/io/FileNotFoundException'{0x05ab3450}> (0x05ab3450) thrown at [s\src\hotspot\share\prims\jni.cpp, line 617]
Event: 9.495 Thread 0x166ba800 Exception <a 'java/lang/NoSuchMethodError'{0x05757090}: 'java.lang.Object java.lang.invoke.DirectMethodHandle$Holder.invokeStatic(java.lang.Object, java.lang.Object, int, int, int, int, int, java.lang.Object)'> (0x05757090) thrown at [s\src\hotspot\share\interpreter\linkResolver.cpp, line 773]
Event: 9.496 Thread 0x166ba800 Exception <a 'java/lang/NoSuchMethodError'{0x057672f8}: 'java.lang.Object java.lang.invoke.DirectMethodHandle$Holder.invokeStatic(java.lang.Object, java.lang.Object, java.lang.Object, int, int, int, int, int)'> (0x057672f8) thrown at [s\src\hotspot\share\interpreter\linkResolver.cpp, line 773]
Event: 9.496 Thread 0x166ba800 Exception <a 'java/lang/NoSuchMethodError'{0x0576de88}: 'java.lang.Object java.lang.invoke.Invokers$Holder.linkToTargetMethod(java.lang.Object, java.lang.Object, int, int, int, int, int, java.lang.Object)'> (0x0576de88) thrown at [s\src\hotspot\share\interpreter\linkResolver.cpp, line 773]
Event: 23.562 Thread 0x166ba800 Exception <a 'java/lang/IllegalArgumentException'{0x05b13c98}> (0x05b13c98) thrown at [s\src\hotspot\share\prims\jvm.cpp, line 1310]
Event: 23.585 Thread 0x166ba800 Exception <a 'java/lang/IllegalArgumentException'{0x05b244c0}> (0x05b244c0) thrown at [s\src\hotspot\share\prims\jvm.cpp, line 1310]

Events (20 events):
Event: 15.353 loading class com/sun/prism/GraphicsResource
Event: 15.353 loading class com/sun/prism/GraphicsResource done
Event: 15.353 loading class com/sun/prism/GraphicsResource
Event: 15.353 loading class com/sun/prism/GraphicsResource done
Event: 15.353 loading class com/sun/javafx/tk/quantum/ViewScene
Event: 15.353 loading class com/sun/javafx/tk/quantum/ViewScene done
Event: 15.354 loading class com/sun/javafx/tk/quantum/WindowStage
Event: 15.354 loading class com/sun/javafx/tk/quantum/WindowStage done
Event: 22.172 Executing VM operation: GenCollectForAllocation
Event: 22.175 Executing VM operation: GenCollectForAllocation done
Event: 22.217 Executing VM operation: RevokeBias
Event: 22.217 Executing VM operation: RevokeBias done
Event: 23.518 loading class javafx/application/Application
Event: 23.518 loading class javafx/application/Application done
Event: 23.518 loading class javafx/application/Application
Event: 23.518 loading class javafx/application/Application done
Event: 23.562 loading class java/lang/Throwable$WrappedPrintStream
Event: 23.562 loading class java/lang/Throwable$PrintStreamOrWriter
Event: 23.562 loading class java/lang/Throwable$PrintStreamOrWriter done
Event: 23.562 loading class java/lang/Throwable$WrappedPrintStream done


Dynamic libraries:
0x00ab0000 - 0x00abc000 	C:\Program Files (x86)\Eclipse Adoptium\jdk-11.0.21.9-hotspot\bin\java.exe
0x77180000 - 0x77331000 	C:\WINDOWS\SYSTEM32\ntdll.dll
0x763f0000 - 0x764e0000 	C:\WINDOWS\System32\KERNEL32.DLL
0x76640000 - 0x768b5000 	C:\WINDOWS\System32\KERNELBASE.dll
0x74c40000 - 0x74ce6000 	C:\WINDOWS\SYSTEM32\apphelp.dll
0x768c0000 - 0x769d2000 	C:\WINDOWS\System32\ucrtbase.dll
0x6f2d0000 - 0x6f2e5000 	C:\Program Files (x86)\Eclipse Adoptium\jdk-11.0.21.9-hotspot\bin\jli.dll
0x6f2f0000 - 0x6f303000 	C:\Program Files (x86)\Eclipse Adoptium\jdk-11.0.21.9-hotspot\bin\VCRUNTIME140.dll
0x750a0000 - 0x75249000 	C:\WINDOWS\System32\USER32.dll
0x754e0000 - 0x754fa000 	C:\WINDOWS\System32\win32u.dll
0x76ce0000 - 0x76d03000 	C:\WINDOWS\System32\GDI32.dll
0x70cf0000 - 0x70f18000 	C:\WINDOWS\WinSxS\x86_microsoft.windows.common-controls_6595b64144ccf1df_6.0.22621.3235_none_6ebcabb88802389e\COMCTL32.dll
0x76570000 - 0x76634000 	C:\WINDOWS\System32\msvcrt.dll
0x75df0000 - 0x75ed2000 	C:\WINDOWS\System32\gdi32full.dll
0x74e00000 - 0x74e79000 	C:\WINDOWS\System32\msvcp_win.dll
0x75500000 - 0x75525000 	C:\WINDOWS\System32\IMM32.DLL
0x6d2c0000 - 0x6d32f000 	C:\Program Files (x86)\Eclipse Adoptium\jdk-11.0.21.9-hotspot\bin\msvcp140.dll
0x64f30000 - 0x6540b000 	C:\Program Files (x86)\Eclipse Adoptium\jdk-11.0.21.9-hotspot\bin\client\jvm.dll
0x75c70000 - 0x75cef000 	C:\WINDOWS\System32\ADVAPI32.dll
0x75530000 - 0x755b5000 	C:\WINDOWS\System32\sechost.dll
0x75080000 - 0x7509a000 	C:\WINDOWS\System32\bcrypt.dll
0x76d70000 - 0x76e2a000 	C:\WINDOWS\System32\RPCRT4.dll
0x77000000 - 0x77006000 	C:\WINDOWS\System32\PSAPI.DLL
0x74610000 - 0x74618000 	C:\WINDOWS\SYSTEM32\VERSION.dll
0x73ea0000 - 0x73ea8000 	C:\WINDOWS\SYSTEM32\WSOCK32.dll
0x76d10000 - 0x76d6f000 	C:\WINDOWS\System32\WS2_32.dll
0x74620000 - 0x74651000 	C:\WINDOWS\SYSTEM32\WINMM.dll
0x745c0000 - 0x745d3000 	C:\WINDOWS\SYSTEM32\kernel.appcore.dll
0x74a60000 - 0x74a6d000 	C:\Program Files (x86)\Eclipse Adoptium\jdk-11.0.21.9-hotspot\bin\verify.dll
0x6cfe0000 - 0x6d1b6000 	C:\WINDOWS\SYSTEM32\DBGHELP.DLL
0x76a60000 - 0x76cdc000 	C:\WINDOWS\System32\combase.dll
0x74fe0000 - 0x7507c000 	C:\WINDOWS\System32\OLEAUT32.dll
0x6d290000 - 0x6d2b9000 	C:\WINDOWS\SYSTEM32\dbgcore.DLL
0x75410000 - 0x75472000 	C:\WINDOWS\System32\bcryptPrimitives.dll
0x6d260000 - 0x6d282000 	C:\Program Files (x86)\Eclipse Adoptium\jdk-11.0.21.9-hotspot\bin\java.dll
0x74860000 - 0x74869000 	C:\Program Files (x86)\Eclipse Adoptium\jdk-11.0.21.9-hotspot\bin\jimage.dll
0x6cfb0000 - 0x6cfbd000 	C:\Program Files (x86)\Eclipse Adoptium\jdk-11.0.21.9-hotspot\bin\instrument.dll
0x6d240000 - 0x6d256000 	C:\Program Files (x86)\Eclipse Adoptium\jdk-11.0.21.9-hotspot\bin\zip.dll
0x755c0000 - 0x75c59000 	C:\WINDOWS\System32\SHELL32.dll
0x722c0000 - 0x729af000 	C:\WINDOWS\SYSTEM32\windows.storage.dll
0x721f0000 - 0x722b7000 	C:\WINDOWS\SYSTEM32\wintypes.dll
0x75ee0000 - 0x75fa1000 	C:\WINDOWS\System32\SHCORE.dll
0x77010000 - 0x7705b000 	C:\WINDOWS\System32\shlwapi.dll
0x73e40000 - 0x73e59000 	C:\WINDOWS\SYSTEM32\profapi.dll
0x6cfc0000 - 0x6cfd4000 	C:\Program Files (x86)\Eclipse Adoptium\jdk-11.0.21.9-hotspot\bin\net.dll
0x746e0000 - 0x747bc000 	C:\WINDOWS\SYSTEM32\WINHTTP.dll
0x720d0000 - 0x72121000 	C:\WINDOWS\system32\mswsock.dll
0x71700000 - 0x7170f000 	C:\Program Files (x86)\Eclipse Adoptium\jdk-11.0.21.9-hotspot\bin\nio.dll
0x6cf90000 - 0x6cfa6000 	C:\Users\luigu\AppData\Local\Programs\IntelliJ IDEA Ultimate\bin\breakgen.dll
0x691f0000 - 0x691f3000 	C:\Users\luigu\.openjfx\cache\17.0.6\api-ms-win-core-console-l1-1-0.dll
0x691e0000 - 0x691e3000 	C:\Users\luigu\.openjfx\cache\17.0.6\api-ms-win-core-console-l1-2-0.dll
0x691d0000 - 0x691d3000 	C:\Users\luigu\.openjfx\cache\17.0.6\api-ms-win-core-datetime-l1-1-0.dll
0x691c0000 - 0x691c3000 	C:\Users\luigu\.openjfx\cache\17.0.6\api-ms-win-core-debug-l1-1-0.dll
0x691b0000 - 0x691b3000 	C:\Users\luigu\.openjfx\cache\17.0.6\api-ms-win-core-errorhandling-l1-1-0.dll
0x691a0000 - 0x691a4000 	C:\Users\luigu\.openjfx\cache\17.0.6\api-ms-win-core-file-l1-1-0.dll
0x69190000 - 0x69193000 	C:\Users\luigu\.openjfx\cache\17.0.6\api-ms-win-core-file-l1-2-0.dll
0x69180000 - 0x69183000 	C:\Users\luigu\.openjfx\cache\17.0.6\api-ms-win-core-file-l2-1-0.dll
0x69170000 - 0x69173000 	C:\Users\luigu\.openjfx\cache\17.0.6\api-ms-win-core-handle-l1-1-0.dll
0x69160000 - 0x69163000 	C:\Users\luigu\.openjfx\cache\17.0.6\api-ms-win-core-heap-l1-1-0.dll
0x69150000 - 0x69153000 	C:\Users\luigu\.openjfx\cache\17.0.6\api-ms-win-core-interlocked-l1-1-0.dll
0x69140000 - 0x69143000 	C:\Users\luigu\.openjfx\cache\17.0.6\api-ms-win-core-libraryloader-l1-1-0.dll
0x69130000 - 0x69133000 	C:\Users\luigu\.openjfx\cache\17.0.6\api-ms-win-core-localization-l1-2-0.dll
0x69120000 - 0x69123000 	C:\Users\luigu\.openjfx\cache\17.0.6\api-ms-win-core-memory-l1-1-0.dll
0x69110000 - 0x69113000 	C:\Users\luigu\.openjfx\cache\17.0.6\api-ms-win-core-namedpipe-l1-1-0.dll
0x69100000 - 0x69103000 	C:\Users\luigu\.openjfx\cache\17.0.6\api-ms-win-core-processenvironment-l1-1-0.dll
0x690f0000 - 0x690f3000 	C:\Users\luigu\.openjfx\cache\17.0.6\api-ms-win-core-processthreads-l1-1-0.dll
0x690e0000 - 0x690e3000 	C:\Users\luigu\.openjfx\cache\17.0.6\api-ms-win-core-processthreads-l1-1-1.dll
0x690d0000 - 0x690d3000 	C:\Users\luigu\.openjfx\cache\17.0.6\api-ms-win-core-profile-l1-1-0.dll
0x690c0000 - 0x690c3000 	C:\Users\luigu\.openjfx\cache\17.0.6\api-ms-win-core-rtlsupport-l1-1-0.dll
0x690b0000 - 0x690b3000 	C:\Users\luigu\.openjfx\cache\17.0.6\api-ms-win-core-string-l1-1-0.dll
0x690a0000 - 0x690a3000 	C:\Users\luigu\.openjfx\cache\17.0.6\api-ms-win-core-synch-l1-1-0.dll
0x69090000 - 0x69093000 	C:\Users\luigu\.openjfx\cache\17.0.6\api-ms-win-core-synch-l1-2-0.dll
0x69080000 - 0x69083000 	C:\Users\luigu\.openjfx\cache\17.0.6\api-ms-win-core-sysinfo-l1-1-0.dll
0x69070000 - 0x69073000 	C:\Users\luigu\.openjfx\cache\17.0.6\api-ms-win-core-timezone-l1-1-0.dll
0x69060000 - 0x69063000 	C:\Users\luigu\.openjfx\cache\17.0.6\api-ms-win-core-util-l1-1-0.dll
0x69050000 - 0x69053000 	C:\Users\luigu\.openjfx\cache\17.0.6\api-ms-win-crt-conio-l1-1-0.dll
0x69040000 - 0x69044000 	C:\Users\luigu\.openjfx\cache\17.0.6\api-ms-win-crt-convert-l1-1-0.dll
0x69030000 - 0x69033000 	C:\Users\luigu\.openjfx\cache\17.0.6\api-ms-win-crt-environment-l1-1-0.dll
0x69020000 - 0x69023000 	C:\Users\luigu\.openjfx\cache\17.0.6\api-ms-win-crt-filesystem-l1-1-0.dll
0x69010000 - 0x69013000 	C:\Users\luigu\.openjfx\cache\17.0.6\api-ms-win-crt-heap-l1-1-0.dll
0x69000000 - 0x69003000 	C:\Users\luigu\.openjfx\cache\17.0.6\api-ms-win-crt-locale-l1-1-0.dll
0x68ff0000 - 0x68ff5000 	C:\Users\luigu\.openjfx\cache\17.0.6\api-ms-win-crt-math-l1-1-0.dll
0x68fe0000 - 0x68fe5000 	C:\Users\luigu\.openjfx\cache\17.0.6\api-ms-win-crt-multibyte-l1-1-0.dll
0x68fd0000 - 0x68fe0000 	C:\Users\luigu\.openjfx\cache\17.0.6\api-ms-win-crt-private-l1-1-0.dll
0x68fc0000 - 0x68fc3000 	C:\Users\luigu\.openjfx\cache\17.0.6\api-ms-win-crt-process-l1-1-0.dll
0x68fb0000 - 0x68fb4000 	C:\Users\luigu\.openjfx\cache\17.0.6\api-ms-win-crt-runtime-l1-1-0.dll
0x68fa0000 - 0x68fa4000 	C:\Users\luigu\.openjfx\cache\17.0.6\api-ms-win-crt-stdio-l1-1-0.dll
0x68f90000 - 0x68f94000 	C:\Users\luigu\.openjfx\cache\17.0.6\api-ms-win-crt-string-l1-1-0.dll
0x68f80000 - 0x68f83000 	C:\Users\luigu\.openjfx\cache\17.0.6\api-ms-win-crt-time-l1-1-0.dll
0x68f50000 - 0x68f53000 	C:\Users\luigu\.openjfx\cache\17.0.6\api-ms-win-crt-utility-l1-1-0.dll
0x682f0000 - 0x68413000 	C:\Users\luigu\.openjfx\cache\17.0.6\ucrtbase.dll
0x68f30000 - 0x68f44000 	C:\Users\luigu\.openjfx\cache\17.0.6\vcruntime140.dll
0x68280000 - 0x682ed000 	C:\Users\luigu\.openjfx\cache\17.0.6\msvcp140.dll
0x68270000 - 0x68277000 	C:\Users\luigu\.openjfx\cache\17.0.6\msvcp140_1.dll
0x68240000 - 0x68269000 	C:\Users\luigu\.openjfx\cache\17.0.6\msvcp140_2.dll
0x68210000 - 0x68236000 	C:\Users\luigu\.openjfx\cache\17.0.6\prism_d3d.dll
0x64db0000 - 0x64f21000 	C:\WINDOWS\system32\d3d9.dll
0x70690000 - 0x706b4000 	C:\WINDOWS\SYSTEM32\dwmapi.dll
0x704e0000 - 0x7050e000 	C:\WINDOWS\SYSTEM32\dxcore.dll
0x74bb0000 - 0x74c2f000 	C:\WINDOWS\system32\uxtheme.dll
0x64d20000 - 0x64db0000 	C:\WINDOWS\SYSTEM32\d3d9on12.dll
0x64d00000 - 0x64d1d000 	C:\WINDOWS\SYSTEM32\d3d12.dll
0x717e0000 - 0x718aa000 	C:\WINDOWS\SYSTEM32\dxgi.dll
0x736e0000 - 0x7371d000 	C:\WINDOWS\SYSTEM32\cfgmgr32.dll
0x64b50000 - 0x64d00000 	C:\WINDOWS\SYSTEM32\D3D12Core.dll
0x64b30000 - 0x64b4d000 	C:\WINDOWS\System32\DriverStore\FileRepository\iigd_dch.inf_amd64_3c65364e14984512\igd12umd32.dll
0x63f00000 - 0x64b2a000 	C:\WINDOWS\System32\DriverStore\FileRepository\iigd_dch.inf_amd64_3c65364e14984512\igd12um32xel.dll
0x77060000 - 0x77163000 	C:\WINDOWS\System32\CRYPT32.dll
0x74e80000 - 0x74fd5000 	C:\WINDOWS\System32\ole32.dll
0x63ec0000 - 0x63ef5000 	C:\WINDOWS\SYSTEM32\ControlLib32.dll
0x75fb0000 - 0x763ed000 	C:\WINDOWS\System32\SETUPAPI.dll
0x71770000 - 0x71794000 	C:\WINDOWS\SYSTEM32\DEVOBJ.dll
0x63e40000 - 0x63eb2000 	C:\WINDOWS\System32\DriverStore\FileRepository\iigd_dch.inf_amd64_3c65364e14984512\IntelControlLib32.dll
0x75480000 - 0x754d7000 	C:\WINDOWS\System32\WINTRUST.dll
0x71760000 - 0x7176e000 	C:\WINDOWS\SYSTEM32\MSASN1.dll
0x6f290000 - 0x6f2cc000 	C:\WINDOWS\SYSTEM32\directxdatabasehelper.dll
0x63b10000 - 0x63e3f000 	C:\WINDOWS\System32\DriverStore\FileRepository\iigd_dch.inf_amd64_3c65364e14984512\igdgmm32.dll
0x69870000 - 0x6cef5000 	C:\WINDOWS\System32\DriverStore\FileRepository\iigd_dch.inf_amd64_3c65364e14984512\igc32.dll
0x63ae0000 - 0x63b01000 	C:\WINDOWS\SYSTEM32\D3DSCache.dll
0x749f0000 - 0x74a0f000 	C:\WINDOWS\SYSTEM32\USERENV.dll
0x62860000 - 0x63adb000 	C:\WINDOWS\System32\DriverStore\FileRepository\iigd_dch.inf_amd64_3c65364e14984512\igd12dxva32.dll
0x60b70000 - 0x62860000 	C:\WINDOWS\System32\DriverStore\FileRepository\iigd_dch.inf_amd64_3c65364e14984512\media_bin_32.dll
0x60b50000 - 0x60b70000 	C:\WINDOWS\System32\DriverStore\FileRepository\iigd_dch.inf_amd64_3c65364e14984512\igdinfo32.dll
0x71bb0000 - 0x71bc5000 	C:\WINDOWS\SYSTEM32\CRYPTSP.dll
0x71b80000 - 0x71bb0000 	C:\WINDOWS\system32\rsaenh.dll
0x71b70000 - 0x71b7b000 	C:\WINDOWS\SYSTEM32\CRYPTBASE.dll
0x6d3e0000 - 0x6d5cc000 	C:\WINDOWS\SYSTEM32\twinapi.appcore.dll
0x60b10000 - 0x60b47000 	C:\Users\luigu\.openjfx\cache\17.0.6\glass.dll

dbghelp: loaded successfully - version: 4.0.5 - missing functions: none
symbol engine: initialized successfully - sym options: 0x614 - pdb path: .;C:\Program Files (x86)\Eclipse Adoptium\jdk-11.0.21.9-hotspot\bin;C:\WINDOWS\SYSTEM32;C:\WINDOWS\WinSxS\x86_microsoft.windows.common-controls_6595b64144ccf1df_6.0.22621.3235_none_6ebcabb88802389e;C:\Program Files (x86)\Eclipse Adoptium\jdk-11.0.21.9-hotspot\bin\client;C:\Users\luigu\AppData\Local\Programs\IntelliJ IDEA Ultimate\bin;C:\Users\luigu\.openjfx\cache\17.0.6;C:\WINDOWS\System32\DriverStore\FileRepository\iigd_dch.inf_amd64_3c65364e14984512;C:\ProgramData\A-Volute\A-Volute.Nahimic\Modules\Scheduled;C:\Program Files (x86)\Common Files\Microsoft Shared\Ink

VM Arguments:
jvm_args: -javaagent:C:\Users\luigu\AppData\Local\Programs\IntelliJ IDEA Ultimate\lib\idea_rt.jar=58846:C:\Users\luigu\AppData\Local\Programs\IntelliJ IDEA Ultimate\bin -Dfile.encoding=UTF-8 --module-path=C:\Users\luigu\.m2\repository\com\dlsc\formsfx\formsfx-core\11.6.0\formsfx-core-11.6.0.jar;C:\Users\luigu\.m2\repository\org\openjfx\javafx-fxml\17.0.6\javafx-fxml-17.0.6-win-x86.jar;C:\Users\luigu\.m2\repository\org\openjfx\javafx-graphics\17.0.6\javafx-graphics-17.0.6-win-x86.jar;C:\Users\luigu\.m2\repository\org\controlsfx\controlsfx\11.1.2\controlsfx-11.1.2.jar;C:\Users\luigu\.m2\repository\org\openjfx\javafx-base\17.0.6\javafx-base-17.0.6-win-x86.jar;C:\Users\luigu\.m2\repository\org\openjfx\javafx-controls\17.0.6\javafx-controls-17.0.6-win-x86.jar;C:\Users\luigu\IdeaProjects\Joyeria_ProyectoMult\target\classes;C:\Users\luigu\.m2\repository\net\synedra\validatorfx\0.4.0\validatorfx-0.4.0.jar;C:\Users\luigu\.m2\repository\org\kordamp\bootstrapfx\bootstrapfx-core\0.4.0\bootstrapfx-core-0.4.0.jar -Djdk.module.main=com.eduard034.joyeria_proyectomult 
java_command: com.eduard034.joyeria_proyectomult/com.eduard034.joyeria_proyectomult.JoyeriaApp
java_class_path (initial): C:\Users\luigu\.m2\repository\org\openjfx\javafx-controls\17.0.6\javafx-controls-17.0.6.jar;C:\Users\luigu\.m2\repository\org\openjfx\javafx-graphics\17.0.6\javafx-graphics-17.0.6.jar;C:\Users\luigu\.m2\repository\org\openjfx\javafx-base\17.0.6\javafx-base-17.0.6.jar;C:\Users\luigu\.m2\repository\org\openjfx\javafx-fxml\17.0.6\javafx-fxml-17.0.6.jar
Launcher Type: SUN_STANDARD

[Global flags]
   size_t InitialHeapSize                          = 16777216                                  {product} {ergonomic}
   size_t MaxHeapSize                              = 268435456                                 {product} {ergonomic}
   size_t MaxNewSize                               = 89456640                                  {product} {ergonomic}
   size_t MinHeapDeltaBytes                        = 131072                                    {product} {ergonomic}
   size_t NewSize                                  = 5570560                                   {product} {ergonomic}
    uintx NonProfiledCodeHeapSize                  = 0                                      {pd product} {ergonomic}
   size_t OldSize                                  = 11206656                                  {product} {ergonomic}
    uintx ProfiledCodeHeapSize                     = 0                                      {pd product} {ergonomic}
     bool ThreadLocalHandshakes                    = false                                  {pd product} {ergonomic}
     bool UseLargePagesIndividualAllocation        = false                                  {pd product} {ergonomic}
     bool UseSerialGC                              = true                                      {product} {ergonomic}

Logging:
Log output configuration:
 #0: stdout all=warning uptime,level,tags
 #1: stderr all=off uptime,level,tags

Environment Variables:
PATH=C:\Program Files (x86)\Eclipse Adoptium\jre-11.0.21.9-hotspot\bin;C:\Program Files (x86)\Eclipse Adoptium\jdk-11.0.21.9-hotspot\bin;C:\Program Files (x86)\VMware\VMware Player\bin\;C:\Windows\system32;C:\Windows;C:\Windows\System32\Wbem;C:\Windows\System32\WindowsPowerShell\v1.0\;C:\Windows\System32\OpenSSH\;C:\Program Files (x86)\NVIDIA Corporation\PhysX\Common;C:\Program Files\NVIDIA Corporation\NVIDIA NvDLISR;C:\WINDOWS\system32;C:\WINDOWS;C:\WINDOWS\System32\Wbem;C:\WINDOWS\System32\WindowsPowerShell\v1.0\;C:\WINDOWS\System32\OpenSSH\;C:\Program Files\Git\cmd;C:\Users\luigu\AppData\Local\Microsoft\WindowsApps;C:\Users\luigu\AppData\Local\Programs\Microsoft VS Code\bin;C:\Users\luigu\AppData\Local\JetBrains\Toolbox\scripts;C:\Users\luigu\AppData\Local\GitHubDesktop\bin
USERNAME=luigu
OS=Windows_NT
PROCESSOR_IDENTIFIER=Intel64 Family 6 Model 154 Stepping 3, GenuineIntel
TMP=C:\Users\luigu\AppData\Local\Temp
TEMP=C:\Users\luigu\AppData\Local\Temp



---------------  S Y S T E M  ---------------

OS: Windows 11 , 64 bit Build 22621 (10.0.22621.3374)
OS uptime: 1 days 6:46 hours

CPU:total 12 (initial active 12) (6 cores per cpu, 2 threads per core) family 6 model 154 stepping 3 microcode 0x419, cmov, cx8, fxsr, mmx, sse, sse2, sse3, ssse3, sse4.1, sse4.2, popcnt, avx, avx2, aes, clmul, erms, 3dnowpref, lzcnt, ht, tsc, tscinvbit, bmi1, bmi2, adx, sha, fma

Memory: 4k page, system-wide physical 7917M (431M free)
TotalPageFile size 19847M (AvailPageFile size 4194M), user-mode portion of virtual address-space 2047M (1234M free)
current process WorkingSet (physical memory assigned to process): 255M, peak: 263M
current process commit charge ("private bytes"): 246M, peak: 246M

vm_info: OpenJDK Client VM (11.0.21+9) for windows-x86 JRE (11.0.21+9), built on Oct 17 2023 17:27:10 by "" with MS VC++ 15.9 (VS2017)

END.
