#
# A fatal error has been detected by the Java Runtime Environment:
#
#  EXCEPTION_ACCESS_VIOLATION (0xc0000005) at pc=0x611e6c62, pid=17628, tid=2160
#
# JRE version: OpenJDK Runtime Environment Temurin-11.0.21+9 (11.0.21+9) (build 11.0.21+9)
# Java VM: OpenJDK Client VM Temurin-11.0.21+9 (11.0.21+9, mixed mode, serial gc, windows-x86)
# Problematic frame:
# C  [glass.dll+0x16c62]
#
# No core dump will be written. Minidumps are not enabled by default on client versions of Windows
#
# If you would like to submit a bug report, please visit:
#   https://github.com/adoptium/adoptium-support/issues
# The crash happened outside the Java Virtual Machine in native code.
# See problematic frame for where to report the bug.
#

---------------  S U M M A R Y ------------

Command Line: -javaagent:C:\Users\luigu\AppData\Local\Programs\IntelliJ IDEA Ultimate\lib\idea_rt.jar=62919:C:\Users\luigu\AppData\Local\Programs\IntelliJ IDEA Ultimate\bin -Dfile.encoding=UTF-8 --module-path=C:\Users\luigu\IdeaProjects\Joyeria_ProyectoMult\target\classes;C:\Users\luigu\.m2\repository\org\kordamp\bootstrapfx\bootstrapfx-core\0.4.0\bootstrapfx-core-0.4.0.jar;C:\Users\luigu\.m2\repository\org\openjfx\javafx-graphics\17.0.6\javafx-graphics-17.0.6-win-x86.jar;C:\Users\luigu\.m2\repository\org\controlsfx\controlsfx\11.1.2\controlsfx-11.1.2.jar;C:\Users\luigu\.m2\repository\net\synedra\validatorfx\0.4.0\validatorfx-0.4.0.jar;C:\Users\luigu\.m2\repository\org\openjfx\javafx-fxml\17.0.6\javafx-fxml-17.0.6-win-x86.jar;C:\Users\luigu\.m2\repository\org\openjfx\javafx-base\17.0.6\javafx-base-17.0.6-win-x86.jar;C:\Users\luigu\.m2\repository\com\dlsc\formsfx\formsfx-core\11.6.0\formsfx-core-11.6.0.jar;C:\Users\luigu\.m2\repository\org\openjfx\javafx-controls\17.0.6\javafx-controls-17.0.6-win-x86.jar -Djdk.module.main=com.eduard034.joyeria_proyectomult com.eduard034.joyeria_proyectomult/com.eduard034.joyeria_proyectomult.JoyeriaApp

Host: 12th Gen Intel(R) Core(TM) i5-12450H, 12 cores, 7G,  Windows 11 , 64 bit Build 22621 (10.0.22621.3374)
Time: Wed Apr 10 04:06:48 2024 Hora estándar central (México) elapsed time: 15.424529 seconds (0d 0h 0m 15s)

---------------  T H R E A D  ---------------

Current thread (0x16a11c00):  JavaThread "JavaFX Application Thread" [_thread_in_native, id=2160, stack(0x19c30000,0x19c80000)]

Stack: [0x19c30000,0x19c80000],  sp=0x19c7e6bc,  free space=313k
Native frames: (J=compiled Java code, A=aot compiled Java code, j=interpreted, Vv=VM code, C=native code)
C  [glass.dll+0x16c62]

Java frames: (J=compiled Java code, j=interpreted, Vv=VM code)
j  com.sun.glass.ui.win.WinWindow._close(J)Z+0 javafx.graphics
j  com.sun.glass.ui.Window.close()V+63 javafx.graphics
j  com.sun.glass.ui.win.WinWindow.close()V+8 javafx.graphics
j  com.sun.glass.ui.Application.terminate()V+75 javafx.graphics
j  com.sun.javafx.tk.quantum.QuantumToolkit.lambda$exit$13()Ljava/lang/Object;+5 javafx.graphics
j  com.sun.javafx.tk.quantum.QuantumToolkit$$Lambda$448.get()Ljava/lang/Object;+0 javafx.graphics
j  com.sun.javafx.tk.quantum.QuantumToolkit.runWithRenderLock(Ljava/util/function/Supplier;)Ljava/lang/Object;+7 javafx.graphics
j  com.sun.javafx.tk.quantum.QuantumToolkit.exit()V+26 javafx.graphics
j  com.sun.javafx.application.PlatformImpl.lambda$tkExit$16()V+3 javafx.graphics
j  com.sun.javafx.application.PlatformImpl$$Lambda$447.run()V+0 javafx.graphics
j  com.sun.javafx.application.PlatformImpl.lambda$runAndWait$12(Ljava/lang/Runnable;Ljava/util/concurrent/CountDownLatch;)V+1 javafx.graphics
j  com.sun.javafx.application.PlatformImpl$$Lambda$87.run()V+8 javafx.graphics
j  com.sun.javafx.application.PlatformImpl.lambda$runLater$10(Ljava/lang/Runnable;)Ljava/lang/Void;+1 javafx.graphics
j  com.sun.javafx.application.PlatformImpl$$Lambda$90.run()Ljava/lang/Object;+4 javafx.graphics
v  ~StubRoutines::call_stub
J 1329  java.security.AccessController.doPrivileged(Ljava/security/PrivilegedAction;Ljava/security/AccessControlContext;)Ljava/lang/Object; java.base@11.0.21 (0 bytes) @ 0x037f7ac7 [0x037f7a60+0x00000067]
j  com.sun.javafx.application.PlatformImpl.lambda$runLater$11(Ljava/lang/Runnable;Ljava/security/AccessControlContext;)V+7 javafx.graphics
j  com.sun.javafx.application.PlatformImpl$$Lambda$89.run()V+8 javafx.graphics
j  com.sun.glass.ui.InvokeLaterDispatcher$Future.run()V+4 javafx.graphics
v  ~StubRoutines::call_stub
j  com.sun.glass.ui.win.WinApplication._runLoop(Ljava/lang/Runnable;)V+0 javafx.graphics
j  com.sun.glass.ui.win.WinApplication.lambda$runLoop$3(ILjava/lang/Runnable;)V+8 javafx.graphics
j  com.sun.glass.ui.win.WinApplication$$Lambda$78.run()V+12 javafx.graphics
j  java.lang.Thread.run()V+11 java.base@11.0.21
v  ~StubRoutines::call_stub

siginfo: EXCEPTION_ACCESS_VIOLATION (0xc0000005), reading address 0x000000b8


Register to memory mapping:

EIP=0x611e6c62 glass.dll
EAX=0x0 is NULL
EBX=0x19c7e8f0 is pointing into the stack for thread: 0x16a11c00
ECX=0x0 is NULL
EDX=0x0 is NULL
ESP=0x19c7e6bc is pointing into the stack for thread: 0x16a11c00
EBP=0x19c7e6e8 is pointing into the stack for thread: 0x16a11c00
ESI=0x00000401 is an unknown value
EDI=0x0 is NULL


Registers:
EAX=0x00000000, EBX=0x19c7e8f0, ECX=0x00000000, EDX=0x00000000
ESP=0x19c7e6bc, EBP=0x19c7e6e8, ESI=0x00000401, EDI=0x00000000
EIP=0x611e6c62, EFLAGS=0x00010202

Top of Stack: (sp=0x19c7e6bc)
0x19c7e6bc:   19c7e8f0 00000401 19c7e8f0 611d8df8
0x19c7e6cc:   7608cfb0 16944980 007106bc 00000401
0x19c7e6dc:   19c7e81c 611f02b0 ffffffff 00000000
0x19c7e6ec:   611d1755 00000401 19c7e8f0 00000000
0x19c7e6fc:   00000401 007106bc 19c7e734 611d16f0
0x19c7e70c:   762a3083 007106bc 00000401 19c7e8f0
0x19c7e71c:   00000000 007106bc dcbaabcd 611d16f0
0x19c7e72c:   00000401 007106bc 19c7e82c 76293ec6 

Instructions: (pc=0x611e6c62)
0x611e6b62:   21 56 e8 47 42 00 00 ff 35 e8 03 20 61 8b f0 ff
0x611e6b72:   77 68 56 e8 96 de fe ff 56 e8 a0 41 00 00 83 c4
0x611e6b82:   10 5e c7 05 a4 03 20 61 00 00 00 00 5f c3 83 ec
0x611e6b92:   24 a1 ec e0 1f 61 33 c4 89 44 24 20 8b 44 24 28
0x611e6ba2:   53 89 44 24 04 8b d9 8b 44 24 30 89 44 24 08 8b
0x611e6bb2:   44 24 38 55 89 44 24 10 8b 44 24 38 56 89 83 84
0x611e6bc2:   00 00 00 8b 44 24 0c 89 5c 24 18 bb 00 00 00 80
0x611e6bd2:   8b eb 8b f3 57 8b fb 85 c0 79 29 8d 44 24 20 50
0x611e6be2:   e8 29 aa fe ff 83 c4 04 85 c0 8b 44 24 10 74 14
0x611e6bf2:   8b 74 24 28 8b 5c 24 20 2b f3 8b 7c 24 2c 8b 6c
0x611e6c02:   24 24 2b fd 6a 00 50 ff 74 24 1c 68 d8 23 1f 61
0x611e6c12:   57 56 8b 74 24 34 8b ce 55 53 ff 74 24 38 e8 db
0x611e6c22:   a7 fe ff 8b f8 8d 4e 14 57 e8 40 64 00 00 57 8d
0x611e6c32:   4e 14 e8 c7 64 00 00 8b 4c 24 30 8b c7 5f 5e 5d
0x611e6c42:   5b 33 cc e8 ae 7a 00 00 83 c4 24 c2 10 00 53 8b
0x611e6c52:   d9 56 57 ff 73 08 e8 93 a9 fe ff 8b f8 83 c4 04
0x611e6c62:   8b 87 b8 00 00 00 85 c0 75 03 8b 47 04 3b 05 a4
0x611e6c72:   03 20 61 75 29 e8 34 41 00 00 ff 35 e8 03 20 61
0x611e6c82:   8b f0 ff 77 68 56 e8 83 dd fe ff 56 e8 8d 40 00
0x611e6c92:   00 83 c4 10 c7 05 a4 03 20 61 00 00 00 00 8d 4f
0x611e6ca2:   14 e8 b8 69 00 00 8d 4f 14 e8 e0 69 00 00 ff 73
0x611e6cb2:   08 ff 15 f8 fe 1f 61 85 c0 5f 0f 95 c0 5e 88 43
0x611e6cc2:   04 5b c3 cc cc cc cc cc cc cc cc cc cc cc 55 8b
0x611e6cd2:   ec 6a ff 68 f7 11 1f 61 64 a1 00 00 00 00 50 83
0x611e6ce2:   ec 08 53 56 57 a1 ec e0 1f 61 33 c5 50 8d 45 f4
0x611e6cf2:   64 a3 00 00 00 00 8b f9 ff 77 18 ff 15 60 ff 1f
0x611e6d02:   61 85 c0 75 13 0f 57 c0 66 0f 13 45 ec 8b 55 f0
0x611e6d12:   8b 45 ec e9 a7 00 00 00 68 dc 00 00 00 e8 96 79
0x611e6d22:   00 00 83 c4 04 89 45 f0 c7 45 fc 00 00 00 00 85
0x611e6d32:   c0 74 19 ff 77 18 8b c8 6a 01 6a 00 6a 00 6a 00
0x611e6d42:   ff 77 10 e8 a6 f9 ff ff 8b d8 eb 02 33 db ff 77
0x611e6d52:   18 8b cb c7 45 fc ff ff ff ff 6a 00 68 00 00 10 


Stack slot to memory mapping:
stack at sp + 0 slots: 0x19c7e8f0 is pointing into the stack for thread: 0x16a11c00
stack at sp + 1 slots: 0x00000401 is an unknown value
stack at sp + 2 slots: 0x19c7e8f0 is pointing into the stack for thread: 0x16a11c00
stack at sp + 3 slots: 0x611d8df8 glass.dll
stack at sp + 4 slots: 0x7608cfb0 is an unknown value
stack at sp + 5 slots: 0x16944980 points into unknown readable memory: 0x611f319c | 9c 31 1f 61
stack at sp + 6 slots: 0x007106bc is an unknown value
stack at sp + 7 slots: 0x00000401 is an unknown value


---------------  P R O C E S S  ---------------

Threads class SMR info:
_java_thread_list=0x16ee2c68, length=17, elements={
0x03510800, 0x035c3c00, 0x035c5800, 0x035e4400,
0x035e6000, 0x035e7000, 0x15880400, 0x15883c00,
0x158f3c00, 0x15a4c000, 0x160aa400, 0x169d3400,
0x16a11c00, 0x16b16800, 0x16b79c00, 0x16bf4800,
0x21121800
}

Java Threads: ( => current thread )
  0x03510800 JavaThread "main" [_thread_blocked, id=8748, stack(0x02ca0000,0x02cf0000)]
  0x035c3c00 JavaThread "Reference Handler" daemon [_thread_blocked, id=8092, stack(0x15640000,0x15690000)]
  0x035c5800 JavaThread "Finalizer" daemon [_thread_blocked, id=12308, stack(0x156d0000,0x15720000)]
  0x035e4400 JavaThread "Signal Dispatcher" daemon [_thread_blocked, id=1864, stack(0x15a90000,0x15ae0000)]
  0x035e6000 JavaThread "Attach Listener" daemon [_thread_blocked, id=12384, stack(0x15b20000,0x15b70000)]
  0x035e7000 JavaThread "Service Thread" daemon [_thread_blocked, id=9796, stack(0x15bb0000,0x15c00000)]
  0x15880400 JavaThread "C1 CompilerThread0" daemon [_thread_blocked, id=19844, stack(0x15c40000,0x15c90000)]
  0x15883c00 JavaThread "Sweeper thread" daemon [_thread_blocked, id=23948, stack(0x15cd0000,0x15d20000)]
  0x158f3c00 JavaThread "Common-Cleaner" daemon [_thread_blocked, id=21720, stack(0x15d60000,0x15db0000)]
  0x15a4c000 JavaThread "Monitor Ctrl-Break" daemon [_thread_in_native, id=16300, stack(0x16200000,0x16250000)]
  0x160aa400 JavaThread "QuantumRenderer-0" daemon [_thread_blocked, id=19752, stack(0x16520000,0x16570000)]
  0x169d3400 JavaThread "InvokeLaterDispatcher" daemon [_thread_blocked, id=15504, stack(0x19aa0000,0x19af0000)]
=>0x16a11c00 JavaThread "JavaFX Application Thread" [_thread_in_native, id=2160, stack(0x19c30000,0x19c80000)]
  0x16b16800 JavaThread "JavaFX-Launcher" [_thread_blocked, id=23716, stack(0x1e240000,0x1e290000)]
  0x16b79c00 JavaThread "Thread-2" daemon [_thread_in_native, id=24820, stack(0x1e1b0000,0x1e200000)]
  0x16bf4800 JavaThread "Prism Font Disposer" daemon [_thread_blocked, id=21588, stack(0x1f870000,0x1f8c0000)]
  0x21121800 JavaThread "Cleaner-0" daemon [_thread_blocked, id=24428, stack(0x22aa0000,0x22af0000)]

Other Threads:
  0x035c1800 VMThread "VM Thread" [stack: 0x03470000,0x034c0000] [id=352]
  0x15a4c800 WatcherThread [stack: 0x16290000,0x162e0000] [id=9924]

Threads with active compile tasks:

VM state:not at safepoint (normal execution)

VM Mutex/Monitor currently owned by a thread: None

Heap:
 def new generation   total 16768K, used 1159K [0x05600000, 0x06830000, 0x0ab50000)
  eden space 14912K,   7% used [0x05600000, 0x05721c20, 0x06490000)
  from space 1856K,   0% used [0x06490000, 0x06490000, 0x06660000)
  to   space 1856K,   0% used [0x06660000, 0x06660000, 0x06830000)
 tenured generation   total 37140K, used 22282K [0x0ab50000, 0x0cf95000, 0x15600000)
   the space 37140K,  59% used [0x0ab50000, 0x0c112b28, 0x0c112c00, 0x0cf95000)
 Metaspace       used 14783K, capacity 15041K, committed 15360K, reserved 15744K

Card table byte_map: [0x02ee0000,0x02f70000] _byte_map_base: 0x02eb5000

Polling page: 0x01490000

Metaspace:

Usage:
   14.69 MB capacity,    14.44 MB ( 98%) used,   176.09 KB (  1%) free+waste,    81.52 KB ( <1%) overhead. 

Virtual space:
     15.38 MB reserved,      15.00 MB ( 98%) committed 

Chunk freelists:
254.50 KB

MaxMetaspaceSize: 4.00 GB
No class space
Initial GC threshold: 12.00 MB
Current GC threshold: 25.00 MB
CDS: off

CodeCache: size=32768Kb used=2540Kb max_used=2540Kb free=30227Kb
 bounds [0x035f0000, 0x03870000, 0x055f0000]
 total_blobs=2185 nmethods=1759 adapters=359
 compilation: enabled
              stopped_count=0, restarted_count=0
 full_count=0

Compilation events (20 events):
Event: 15.283 Thread 0x15880400 1750             jdk.internal.org.objectweb.asm.MethodWriter::noSuccessor (95 bytes)
Event: 15.283 Thread 0x15880400 nmethod 1750 0x03866808 code [0x03866930, 0x03866b1c]
Event: 15.283 Thread 0x15880400 1751             jdk.internal.org.objectweb.asm.MethodWriter::visitEnd (1 bytes)
Event: 15.283 Thread 0x15880400 nmethod 1751 0x03866c08 code [0x03866d10, 0x03866d90]
Event: 15.283 Thread 0x15880400 1752             jdk.internal.org.objectweb.asm.MethodWriter::getSize (838 bytes)
Event: 15.284 Thread 0x15880400 nmethod 1752 0x03866dc8 code [0x038670a0, 0x03867b24]
Event: 15.332 Thread 0x15880400 1753             java.lang.invoke.LambdaForm$Name::withConstraint (20 bytes)
Event: 15.332 Thread 0x15880400 nmethod 1753 0x03868708 code [0x03868820, 0x0386892c]
Event: 15.333 Thread 0x15880400 1754             jdk.internal.org.objectweb.asm.Frame::pop (53 bytes)
Event: 15.333 Thread 0x15880400 nmethod 1754 0x038689c8 code [0x03868b30, 0x03868d38]
Event: 15.333 Thread 0x15880400 1755             jdk.internal.misc.VM::initLevel (4 bytes)
Event: 15.333 Thread 0x15880400 nmethod 1755 0x03868f08 code [0x03869010, 0x03869090]
Event: 15.333 Thread 0x15880400 1756             sun.nio.cs.UTF_8$Encoder::encodeArrayLoop (489 bytes)
Event: 15.334 Thread 0x15880400 nmethod 1756 0x038690c8 code [0x03869450, 0x0386a204]
Event: 15.352 Thread 0x15880400 1757             jdk.internal.misc.VM::isModuleSystemInited (13 bytes)
Event: 15.352 Thread 0x15880400 nmethod 1757 0x0386adc8 code [0x0386aed0, 0x0386af60]
Event: 15.352 Thread 0x15880400 1758             java.util.HashSet::contains (9 bytes)
Event: 15.352 Thread 0x15880400 nmethod 1758 0x0386afc8 code [0x0386b0e0, 0x0386b17c]
Event: 15.352 Thread 0x15880400 1759             java.nio.charset.CoderResult::isUnderflow (13 bytes)
Event: 15.353 Thread 0x15880400 nmethod 1759 0x0386b1c8 code [0x0386b2d0, 0x0386b360]

GC Heap History (20 events):
Event: 0.714 GC heap before
{Heap before GC invocations=4 (full 0):
 def new generation   total 4928K, used 4666K [0x05600000, 0x05b50000, 0x0ab50000)
  eden space 4416K, 100% used [0x05600000, 0x05a50000, 0x05a50000)
  from space 512K,  48% used [0x05a50000, 0x05a8eb60, 0x05ad0000)
  to   space 512K,   0% used [0x05ad0000, 0x05ad0000, 0x05b50000)
 tenured generation   total 10944K, used 1743K [0x0ab50000, 0x0b600000, 0x15600000)
   the space 10944K,  15% used [0x0ab50000, 0x0ad03ec8, 0x0ad04000, 0x0b600000)
 Metaspace       used 7711K, capacity 7809K, committed 7936K, reserved 8576K
}
Event: 0.715 GC heap after
{Heap after GC invocations=5 (full 0):
 def new generation   total 4928K, used 427K [0x05600000, 0x05b50000, 0x0ab50000)
  eden space 4416K,   0% used [0x05600000, 0x05600000, 0x05a50000)
  from space 512K,  83% used [0x05ad0000, 0x05b3ad70, 0x05b50000)
  to   space 512K,   0% used [0x05a50000, 0x05a50000, 0x05ad0000)
 tenured generation   total 10944K, used 2191K [0x0ab50000, 0x0b600000, 0x15600000)
   the space 10944K,  20% used [0x0ab50000, 0x0ad73ed8, 0x0ad74000, 0x0b600000)
 Metaspace       used 7711K, capacity 7809K, committed 7936K, reserved 8576K
}
Event: 0.767 GC heap before
{Heap before GC invocations=5 (full 0):
 def new generation   total 4928K, used 4842K [0x05600000, 0x05b50000, 0x0ab50000)
  eden space 4416K,  99% used [0x05600000, 0x05a4fd00, 0x05a50000)
  from space 512K,  83% used [0x05ad0000, 0x05b3ad70, 0x05b50000)
  to   space 512K,   0% used [0x05a50000, 0x05a50000, 0x05ad0000)
 tenured generation   total 10944K, used 2191K [0x0ab50000, 0x0b600000, 0x15600000)
   the space 10944K,  20% used [0x0ab50000, 0x0ad73ed8, 0x0ad74000, 0x0b600000)
 Metaspace       used 8931K, capacity 9053K, committed 9088K, reserved 9600K
}
Event: 0.768 GC heap after
{Heap after GC invocations=6 (full 0):
 def new generation   total 4928K, used 512K [0x05600000, 0x05b50000, 0x0ab50000)
  eden space 4416K,   0% used [0x05600000, 0x05600000, 0x05a50000)
  from space 512K, 100% used [0x05a50000, 0x05ad0000, 0x05ad0000)
  to   space 512K,   0% used [0x05ad0000, 0x05ad0000, 0x05b50000)
 tenured generation   total 10944K, used 2629K [0x0ab50000, 0x0b600000, 0x15600000)
   the space 10944K,  24% used [0x0ab50000, 0x0ade16d8, 0x0ade1800, 0x0b600000)
 Metaspace       used 8931K, capacity 9053K, committed 9088K, reserved 9600K
}
Event: 0.828 GC heap before
{Heap before GC invocations=6 (full 0):
 def new generation   total 4928K, used 4904K [0x05600000, 0x05b50000, 0x0ab50000)
  eden space 4416K,  99% used [0x05600000, 0x05a4a108, 0x05a50000)
  from space 512K, 100% used [0x05a50000, 0x05ad0000, 0x05ad0000)
  to   space 512K,   0% used [0x05ad0000, 0x05ad0000, 0x05b50000)
 tenured generation   total 10944K, used 2629K [0x0ab50000, 0x0b600000, 0x15600000)
   the space 10944K,  24% used [0x0ab50000, 0x0ade16d8, 0x0ade1800, 0x0b600000)
 Metaspace       used 10559K, capacity 10734K, committed 10752K, reserved 11648K
}
Event: 0.830 GC heap after
{Heap after GC invocations=7 (full 0):
 def new generation   total 4928K, used 512K [0x05600000, 0x05b50000, 0x0ab50000)
  eden space 4416K,   0% used [0x05600000, 0x05600000, 0x05a50000)
  from space 512K, 100% used [0x05ad0000, 0x05b50000, 0x05b50000)
  to   space 512K,   0% used [0x05a50000, 0x05a50000, 0x05ad0000)
 tenured generation   total 10944K, used 3685K [0x0ab50000, 0x0b600000, 0x15600000)
   the space 10944K,  33% used [0x0ab50000, 0x0aee9400, 0x0aee9400, 0x0b600000)
 Metaspace       used 10559K, capacity 10734K, committed 10752K, reserved 11648K
}
Event: 0.887 GC heap before
{Heap before GC invocations=7 (full 0):
 def new generation   total 4928K, used 4928K [0x05600000, 0x05b50000, 0x0ab50000)
  eden space 4416K, 100% used [0x05600000, 0x05a50000, 0x05a50000)
  from space 512K, 100% used [0x05ad0000, 0x05b50000, 0x05b50000)
  to   space 512K,   0% used [0x05a50000, 0x05a50000, 0x05ad0000)
 tenured generation   total 10944K, used 3685K [0x0ab50000, 0x0b600000, 0x15600000)
   the space 10944K,  33% used [0x0ab50000, 0x0aee9400, 0x0aee9400, 0x0b600000)
 Metaspace       used 11343K, capacity 11510K, committed 11520K, reserved 11648K
}
Event: 0.889 GC heap after
{Heap after GC invocations=8 (full 0):
 def new generation   total 4928K, used 512K [0x05600000, 0x05b50000, 0x0ab50000)
  eden space 4416K,   0% used [0x05600000, 0x05600000, 0x05a50000)
  from space 512K, 100% used [0x05a50000, 0x05ad0000, 0x05ad0000)
  to   space 512K,   0% used [0x05ad0000, 0x05ad0000, 0x05b50000)
 tenured generation   total 10944K, used 4178K [0x0ab50000, 0x0b600000, 0x15600000)
   the space 10944K,  38% used [0x0ab50000, 0x0af64930, 0x0af64a00, 0x0b600000)
 Metaspace       used 11343K, capacity 11510K, committed 11520K, reserved 11648K
}
Event: 0.956 GC heap before
{Heap before GC invocations=8 (full 0):
 def new generation   total 4928K, used 4928K [0x05600000, 0x05b50000, 0x0ab50000)
  eden space 4416K, 100% used [0x05600000, 0x05a50000, 0x05a50000)
  from space 512K, 100% used [0x05a50000, 0x05ad0000, 0x05ad0000)
  to   space 512K,   0% used [0x05ad0000, 0x05ad0000, 0x05b50000)
 tenured generation   total 10944K, used 10408K [0x0ab50000, 0x0b600000, 0x15600000)
   the space 10944K,  95% used [0x0ab50000, 0x0b57a328, 0x0b57a400, 0x0b600000)
 Metaspace       used 11812K, capacity 12008K, committed 12032K, reserved 12672K
}
Event: 0.964 GC heap after
{Heap after GC invocations=9 (full 1):
 def new generation   total 8576K, used 464K [0x05600000, 0x05f40000, 0x0ab50000)
  eden space 7680K,   6% used [0x05600000, 0x05674038, 0x05d80000)
  from space 896K,   0% used [0x05d80000, 0x05d80000, 0x05e60000)
  to   space 896K,   0% used [0x05e60000, 0x05e60000, 0x05f40000)
 tenured generation   total 18880K, used 11327K [0x0ab50000, 0x0bdc0000, 0x15600000)
   the space 18880K,  59% used [0x0ab50000, 0x0b65fff8, 0x0b660000, 0x0bdc0000)
 Metaspace       used 11812K, capacity 12008K, committed 12032K, reserved 12672K
}
Event: 1.104 GC heap before
{Heap before GC invocations=9 (full 1):
 def new generation   total 8576K, used 7680K [0x05600000, 0x05f40000, 0x0ab50000)
  eden space 7680K, 100% used [0x05600000, 0x05d80000, 0x05d80000)
  from space 896K,   0% used [0x05d80000, 0x05d80000, 0x05e60000)
  to   space 896K,   0% used [0x05e60000, 0x05e60000, 0x05f40000)
 tenured generation   total 18880K, used 11327K [0x0ab50000, 0x0bdc0000, 0x15600000)
   the space 18880K,  59% used [0x0ab50000, 0x0b65fff8, 0x0b660000, 0x0bdc0000)
 Metaspace       used 12717K, capacity 12899K, committed 12928K, reserved 13696K
}
Event: 1.108 GC heap after
{Heap after GC invocations=10 (full 1):
 def new generation   total 8576K, used 895K [0x05600000, 0x05f40000, 0x0ab50000)
  eden space 7680K,   0% used [0x05600000, 0x05600000, 0x05d80000)
  from space 896K,  99% used [0x05e60000, 0x05f3fff8, 0x05f40000)
  to   space 896K,   0% used [0x05d80000, 0x05d80000, 0x05e60000)
 tenured generation   total 18880K, used 11714K [0x0ab50000, 0x0bdc0000, 0x15600000)
   the space 18880K,  62% used [0x0ab50000, 0x0b6c0a10, 0x0b6c0c00, 0x0bdc0000)
 Metaspace       used 12717K, capacity 12899K, committed 12928K, reserved 13696K
}
Event: 1.182 GC heap before
{Heap before GC invocations=10 (full 1):
 def new generation   total 8576K, used 8574K [0x05600000, 0x05f40000, 0x0ab50000)
  eden space 7680K,  99% used [0x05600000, 0x05d7fb10, 0x05d80000)
  from space 896K,  99% used [0x05e60000, 0x05f3fff8, 0x05f40000)
  to   space 896K,   0% used [0x05d80000, 0x05d80000, 0x05e60000)
 tenured generation   total 18880K, used 11714K [0x0ab50000, 0x0bdc0000, 0x15600000)
   the space 18880K,  62% used [0x0ab50000, 0x0b6c0a10, 0x0b6c0c00, 0x0bdc0000)
 Metaspace       used 13881K, capacity 14157K, committed 14208K, reserved 14720K
}
Event: 1.184 GC heap after
{Heap after GC invocations=11 (full 1):
 def new generation   total 8576K, used 565K [0x05600000, 0x05f40000, 0x0ab50000)
  eden space 7680K,   0% used [0x05600000, 0x05600000, 0x05d80000)
  from space 896K,  63% used [0x05d80000, 0x05e0d598, 0x05e60000)
  to   space 896K,   0% used [0x05e60000, 0x05e60000, 0x05f40000)
 tenured generation   total 18880K, used 12603K [0x0ab50000, 0x0bdc0000, 0x15600000)
   the space 18880K,  66% used [0x0ab50000, 0x0b79eee8, 0x0b79f000, 0x0bdc0000)
 Metaspace       used 13881K, capacity 14157K, committed 14208K, reserved 14720K
}
Event: 2.788 GC heap before
{Heap before GC invocations=11 (full 1):
 def new generation   total 8576K, used 8245K [0x05600000, 0x05f40000, 0x0ab50000)
  eden space 7680K, 100% used [0x05600000, 0x05d80000, 0x05d80000)
  from space 896K,  63% used [0x05d80000, 0x05e0d598, 0x05e60000)
  to   space 896K,   0% used [0x05e60000, 0x05e60000, 0x05f40000)
 tenured generation   total 18880K, used 12603K [0x0ab50000, 0x0bdc0000, 0x15600000)
   the space 18880K,  66% used [0x0ab50000, 0x0b79eee8, 0x0b79f000, 0x0bdc0000)
 Metaspace       used 14726K, capacity 15037K, committed 15104K, reserved 15744K
}
Event: 2.793 GC heap after
{Heap after GC invocations=12 (full 1):
 def new generation   total 8576K, used 896K [0x05600000, 0x05f40000, 0x0ab50000)
  eden space 7680K,   0% used [0x05600000, 0x05600000, 0x05d80000)
  from space 896K, 100% used [0x05e60000, 0x05f40000, 0x05f40000)
  to   space 896K,   0% used [0x05d80000, 0x05d80000, 0x05e60000)
 tenured generation   total 18880K, used 14321K [0x0ab50000, 0x0bdc0000, 0x15600000)
   the space 18880K,  75% used [0x0ab50000, 0x0b94c768, 0x0b94c800, 0x0bdc0000)
 Metaspace       used 14726K, capacity 15037K, committed 15104K, reserved 15744K
}
Event: 13.130 GC heap before
{Heap before GC invocations=12 (full 1):
 def new generation   total 8576K, used 8576K [0x05600000, 0x05f40000, 0x0ab50000)
  eden space 7680K, 100% used [0x05600000, 0x05d80000, 0x05d80000)
  from space 896K, 100% used [0x05e60000, 0x05f40000, 0x05f40000)
  to   space 896K,   0% used [0x05d80000, 0x05d80000, 0x05e60000)
 tenured generation   total 18880K, used 14321K [0x0ab50000, 0x0bdc0000, 0x15600000)
   the space 18880K,  75% used [0x0ab50000, 0x0b94c768, 0x0b94c800, 0x0bdc0000)
 Metaspace       used 14984K, capacity 15295K, committed 15360K, reserved 15744K
}
Event: 13.132 GC heap after
{Heap after GC invocations=13 (full 1):
 def new generation   total 8576K, used 570K [0x05600000, 0x05f40000, 0x0ab50000)
  eden space 7680K,   0% used [0x05600000, 0x05600000, 0x05d80000)
  from space 896K,  63% used [0x05d80000, 0x05e0ea18, 0x05e60000)
  to   space 896K,   0% used [0x05e60000, 0x05e60000, 0x05f40000)
 tenured generation   total 18880K, used 15211K [0x0ab50000, 0x0bdc0000, 0x15600000)
   the space 18880K,  80% used [0x0ab50000, 0x0ba2af90, 0x0ba2b000, 0x0bdc0000)
 Metaspace       used 14984K, capacity 15295K, committed 15360K, reserved 15744K
}
Event: 14.131 GC heap before
{Heap before GC invocations=13 (full 1):
 def new generation   total 8576K, used 8250K [0x05600000, 0x05f40000, 0x0ab50000)
  eden space 7680K, 100% used [0x05600000, 0x05d80000, 0x05d80000)
  from space 896K,  63% used [0x05d80000, 0x05e0ea18, 0x05e60000)
  to   space 896K,   0% used [0x05e60000, 0x05e60000, 0x05f40000)
 tenured generation   total 18880K, used 15211K [0x0ab50000, 0x0bdc0000, 0x15600000)
   the space 18880K,  80% used [0x0ab50000, 0x0ba2af90, 0x0ba2b000, 0x0bdc0000)
 Metaspace       used 14985K, capacity 15295K, committed 15360K, reserved 15744K
}
Event: 14.149 GC heap after
{Heap after GC invocations=14 (full 2):
 def new generation   total 16768K, used 0K [0x05600000, 0x06830000, 0x0ab50000)
  eden space 14912K,   0% used [0x05600000, 0x05600000, 0x06490000)
  from space 1856K,   0% used [0x06490000, 0x06490000, 0x06660000)
  to   space 1856K,   0% used [0x06660000, 0x06660000, 0x06830000)
 tenured generation   total 37140K, used 22282K [0x0ab50000, 0x0cf95000, 0x15600000)
   the space 37140K,  59% used [0x0ab50000, 0x0c112b28, 0x0c112c00, 0x0cf95000)
 Metaspace       used 14756K, capacity 15014K, committed 15360K, reserved 15744K
}

Deoptimization events (8 events):
Event: 1.084 Thread 0x16a11c00 DEOPT PACKING pc=0x0371e98f sp=0x19c7dfa0
Event: 1.084 Thread 0x16a11c00 DEOPT UNPACKING pc=0x0362c187 sp=0x19c7dec0 mode 3
Event: 1.087 Thread 0x16a11c00 DEOPT PACKING pc=0x0374e8b1 sp=0x19c7e120
Event: 1.087 Thread 0x16a11c00 DEOPT UNPACKING pc=0x0362c187 sp=0x19c7e044 mode 3
Event: 1.180 Thread 0x16a11c00 DEOPT PACKING pc=0x03791ccc sp=0x19c7e110
Event: 1.180 Thread 0x16a11c00 DEOPT UNPACKING pc=0x0362c187 sp=0x19c7dfc0 mode 3
Event: 6.860 Thread 0x160aa400 DEOPT PACKING pc=0x03826cbd sp=0x1656e7f0
Event: 6.860 Thread 0x160aa400 DEOPT UNPACKING pc=0x0362c187 sp=0x1656e71c mode 3

Classes redefined (0 events):
No events

Internal exceptions (20 events):
Event: 1.087 Thread 0x16a11c00 Implicit null exception at 0x0374d5cc to 0x0374e8ac
Event: 1.128 Thread 0x16a11c00 Exception <a 'java/lang/ClassNotFoundException'{0x057c4168}: com/sun/javafx/scene/control/skin/resources/controls> (0x057c4168) thrown at [s\src\hotspot\share\prims\jni.cpp, line 638]
Event: 1.128 Thread 0x16a11c00 Exception <a 'java/lang/ClassNotFoundException'{0x057d1600}: com/sun/javafx/scene/control/skin/resources/controls_es> (0x057d1600) thrown at [s\src\hotspot\share\prims\jni.cpp, line 638]
Event: 1.128 Thread 0x16a11c00 Exception <a 'java/lang/ClassNotFoundException'{0x057de800}: com/sun/javafx/scene/control/skin/resources/controls_es_MX> (0x057de800) thrown at [s\src\hotspot\share\prims\jni.cpp, line 638]
Event: 1.146 Thread 0x16a11c00 Exception <a 'java/lang/NoSuchMethodError'{0x0597e1f0}: 'void java.lang.invoke.DirectMethodHandle$Holder.invokeSpecial(java.lang.Object, java.lang.Object, java.lang.Object, java.lang.Object, java.lang.Object, java.lang.Object)'> (0x0597e1f0) thrown at [s\src\hotspot\share\interpreter\linkResolver.cpp, line 773]
Event: 1.161 Thread 0x16a11c00 Exception <a 'java/lang/NoSuchMethodError'{0x05bd9b70}: 'java.lang.Object java.lang.invoke.DirectMethodHandle$Holder.invokeInterface(java.lang.Object, java.lang.Object, java.lang.Object)'> (0x05bd9b70) thrown at [s\src\hotspot\share\interpreter\linkResolver.cpp, line 773]
Event: 1.161 Thread 0x16a11c00 Exception <a 'java/lang/IncompatibleClassChangeError'{0x05bdc930}: Found class java.lang.Object, but interface was expected> (0x05bdc930) thrown at [s\src\hotspot\share\interpreter\linkResolver.cpp, line 839]
Event: 1.218 Thread 0x160aa400 Exception <a 'java/lang/NoSuchMethodError'{0x056fef90}: 'int java.lang.invoke.DirectMethodHandle$Holder.invokeStaticInit(java.lang.Object, java.lang.Object)'> (0x056fef90) thrown at [s\src\hotspot\share\interpreter\linkResolver.cpp, line 773]
Event: 1.229 Thread 0x16a11c00 Exception <a 'java/lang/NoSuchMethodError'{0x056ef2a8}: 'long java.lang.invoke.DirectMethodHandle$Holder.invokeStaticInit(java.lang.Object, java.lang.Object, java.lang.Object)'> (0x056ef2a8) thrown at [s\src\hotspot\share\interpreter\linkResolver.cpp, line 773]
Event: 1.230 Thread 0x16a11c00 Exception <a 'java/lang/NoSuchMethodError'{0x05766530}: 'java.lang.Object java.lang.invoke.DirectMethodHandle$Holder.invokeStatic(java.lang.Object, java.lang.Object, long)'> (0x05766530) thrown at [s\src\hotspot\share\interpreter\linkResolver.cpp, line 773]
Event: 1.230 Thread 0x16a11c00 Exception <a 'java/lang/NoSuchMethodError'{0x0576bf80}: 'java.lang.Object java.lang.invoke.Invokers$Holder.linkToTargetMethod(java.lang.Object, long, java.lang.Object)'> (0x0576bf80) thrown at [s\src\hotspot\share\interpreter\linkResolver.cpp, line 773]
Event: 2.741 Thread 0x16a11c00 Exception <a 'java/io/FileNotFoundException'{0x05ca49e0}> (0x05ca49e0) thrown at [s\src\hotspot\share\prims\jni.cpp, line 617]
Event: 2.762 Thread 0x16a11c00 Exception <a 'java/io/FileNotFoundException'{0x05cf53c8}> (0x05cf53c8) thrown at [s\src\hotspot\share\prims\jni.cpp, line 617]
Event: 10.945 Thread 0x16a11c00 Exception <a 'java/lang/NoSuchMethodError'{0x05c0e820}: 'java.lang.Object java.lang.invoke.DirectMethodHandle$Holder.invokeStatic(java.lang.Object, java.lang.Object, int, int, int, int, int, java.lang.Object)'> (0x05c0e820) thrown at [s\src\hotspot\share\interpreter\linkResolver.cpp, line 773]
Event: 10.946 Thread 0x16a11c00 Exception <a 'java/lang/NoSuchMethodError'{0x05c1ea88}: 'java.lang.Object java.lang.invoke.DirectMethodHandle$Holder.invokeStatic(java.lang.Object, java.lang.Object, java.lang.Object, int, int, int, int, int)'> (0x05c1ea88) thrown at [s\src\hotspot\share\interpreter\linkResolver.cpp, line 773]
Event: 10.946 Thread 0x16a11c00 Exception <a 'java/lang/NoSuchMethodError'{0x05c25618}: 'java.lang.Object java.lang.invoke.Invokers$Holder.linkToTargetMethod(java.lang.Object, java.lang.Object, int, int, int, int, int, java.lang.Object)'> (0x05c25618) thrown at [s\src\hotspot\share\interpreter\linkResolver.cpp, line 773]
Event: 15.333 Thread 0x16a11c00 Exception <a 'java/lang/IllegalArgumentException'{0x0568e060}> (0x0568e060) thrown at [s\src\hotspot\share\prims\jvm.cpp, line 1310]
Event: 15.352 Thread 0x16a11c00 Exception <a 'java/lang/IllegalArgumentException'{0x056d7368}> (0x056d7368) thrown at [s\src\hotspot\share\prims\jvm.cpp, line 1310]
Event: 15.368 Thread 0x16a11c00 Exception <a 'java/lang/IllegalArgumentException'{0x056e2d58}> (0x056e2d58) thrown at [s\src\hotspot\share\prims\jvm.cpp, line 1310]
Event: 15.394 Thread 0x16a11c00 Exception <a 'java/lang/IllegalArgumentException'{0x056ee708}> (0x056ee708) thrown at [s\src\hotspot\share\prims\jvm.cpp, line 1310]

Events (20 events):
Event: 11.062 loading class com/sun/javafx/tk/quantum/ViewScene
Event: 11.062 loading class com/sun/javafx/tk/quantum/ViewScene done
Event: 11.063 loading class com/sun/javafx/tk/quantum/WindowStage
Event: 11.063 loading class com/sun/javafx/tk/quantum/WindowStage done
Event: 12.528 Executing VM operation: RevokeBias
Event: 12.528 Executing VM operation: RevokeBias done
Event: 13.130 Executing VM operation: GenCollectForAllocation
Event: 13.132 Executing VM operation: GenCollectForAllocation done
Event: 13.172 Executing VM operation: RevokeBias
Event: 13.172 Executing VM operation: RevokeBias done
Event: 14.131 Executing VM operation: GenCollectForAllocation
Event: 14.149 Executing VM operation: GenCollectForAllocation done
Event: 15.282 loading class javafx/application/Application
Event: 15.282 loading class javafx/application/Application done
Event: 15.282 loading class javafx/application/Application
Event: 15.282 loading class javafx/application/Application done
Event: 15.333 loading class java/lang/Throwable$WrappedPrintStream
Event: 15.333 loading class java/lang/Throwable$PrintStreamOrWriter
Event: 15.333 loading class java/lang/Throwable$PrintStreamOrWriter done
Event: 15.333 loading class java/lang/Throwable$WrappedPrintStream done


Dynamic libraries:
0x00ca0000 - 0x00cac000 	C:\Program Files (x86)\Eclipse Adoptium\jdk-11.0.21.9-hotspot\bin\java.exe
0x77910000 - 0x77ac1000 	C:\WINDOWS\SYSTEM32\ntdll.dll
0x76580000 - 0x76670000 	C:\WINDOWS\System32\KERNEL32.DLL
0x75b20000 - 0x75d94000 	C:\WINDOWS\System32\KERNELBASE.dll
0x6dbe0000 - 0x6dc86000 	C:\WINDOWS\SYSTEM32\apphelp.dll
0x75f00000 - 0x76012000 	C:\WINDOWS\System32\ucrtbase.dll
0x6bb40000 - 0x6bb55000 	C:\Program Files (x86)\Eclipse Adoptium\jdk-11.0.21.9-hotspot\bin\jli.dll
0x76270000 - 0x76419000 	C:\WINDOWS\System32\USER32.dll
0x75ee0000 - 0x75efa000 	C:\WINDOWS\System32\win32u.dll
0x6bb20000 - 0x6bb33000 	C:\Program Files (x86)\Eclipse Adoptium\jdk-11.0.21.9-hotspot\bin\VCRUNTIME140.dll
0x772d0000 - 0x772f3000 	C:\WINDOWS\System32\GDI32.dll
0x6d6b0000 - 0x6d8d8000 	C:\WINDOWS\WinSxS\x86_microsoft.windows.common-controls_6595b64144ccf1df_6.0.22621.3235_none_6ebcabb88802389e\COMCTL32.dll
0x75a30000 - 0x75b12000 	C:\WINDOWS\System32\gdi32full.dll
0x776a0000 - 0x77764000 	C:\WINDOWS\System32\msvcrt.dll
0x761c0000 - 0x76239000 	C:\WINDOWS\System32\msvcp_win.dll
0x76240000 - 0x76265000 	C:\WINDOWS\System32\IMM32.DLL
0x6bab0000 - 0x6bb1f000 	C:\Program Files (x86)\Eclipse Adoptium\jdk-11.0.21.9-hotspot\bin\msvcp140.dll
0x656e0000 - 0x65bbb000 	C:\Program Files (x86)\Eclipse Adoptium\jdk-11.0.21.9-hotspot\bin\client\jvm.dll
0x75da0000 - 0x75e1f000 	C:\WINDOWS\System32\ADVAPI32.dll
0x77870000 - 0x778f5000 	C:\WINDOWS\System32\sechost.dll
0x75ec0000 - 0x75eda000 	C:\WINDOWS\System32\bcrypt.dll
0x76100000 - 0x761ba000 	C:\WINDOWS\System32\RPCRT4.dll
0x77260000 - 0x77266000 	C:\WINDOWS\System32\PSAPI.DLL
0x74690000 - 0x746c1000 	C:\WINDOWS\SYSTEM32\WINMM.dll
0x73250000 - 0x73258000 	C:\WINDOWS\SYSTEM32\WSOCK32.dll
0x75450000 - 0x75458000 	C:\WINDOWS\SYSTEM32\VERSION.dll
0x77540000 - 0x7759f000 	C:\WINDOWS\System32\WS2_32.dll
0x75460000 - 0x75473000 	C:\WINDOWS\SYSTEM32\kernel.appcore.dll
0x746d0000 - 0x746dd000 	C:\Program Files (x86)\Eclipse Adoptium\jdk-11.0.21.9-hotspot\bin\verify.dll
0x65c30000 - 0x65e06000 	C:\WINDOWS\SYSTEM32\DBGHELP.DLL
0x75640000 - 0x758bc000 	C:\WINDOWS\System32\combase.dll
0x75e20000 - 0x75ebc000 	C:\WINDOWS\System32\OLEAUT32.dll
0x6ba80000 - 0x6baa9000 	C:\WINDOWS\SYSTEM32\dbgcore.DLL
0x755d0000 - 0x75632000 	C:\WINDOWS\System32\bcryptPrimitives.dll
0x6ba50000 - 0x6ba72000 	C:\Program Files (x86)\Eclipse Adoptium\jdk-11.0.21.9-hotspot\bin\java.dll
0x6dc90000 - 0x6dc99000 	C:\Program Files (x86)\Eclipse Adoptium\jdk-11.0.21.9-hotspot\bin\jimage.dll
0x753a0000 - 0x753ad000 	C:\Program Files (x86)\Eclipse Adoptium\jdk-11.0.21.9-hotspot\bin\instrument.dll
0x6ba30000 - 0x6ba46000 	C:\Program Files (x86)\Eclipse Adoptium\jdk-11.0.21.9-hotspot\bin\zip.dll
0x76670000 - 0x76d09000 	C:\WINDOWS\System32\SHELL32.dll
0x71630000 - 0x71d1f000 	C:\WINDOWS\SYSTEM32\windows.storage.dll
0x70b40000 - 0x70c07000 	C:\WINDOWS\SYSTEM32\wintypes.dll
0x77300000 - 0x773c1000 	C:\WINDOWS\System32\SHCORE.dll
0x76020000 - 0x7606b000 	C:\WINDOWS\System32\shlwapi.dll
0x70b20000 - 0x70b39000 	C:\WINDOWS\SYSTEM32\profapi.dll
0x6ba10000 - 0x6ba24000 	C:\Program Files (x86)\Eclipse Adoptium\jdk-11.0.21.9-hotspot\bin\net.dll
0x74900000 - 0x749dc000 	C:\WINDOWS\SYSTEM32\WINHTTP.dll
0x6f900000 - 0x6f951000 	C:\WINDOWS\system32\mswsock.dll
0x6d970000 - 0x6d97f000 	C:\Program Files (x86)\Eclipse Adoptium\jdk-11.0.21.9-hotspot\bin\nio.dll
0x6b9f0000 - 0x6ba06000 	C:\Users\luigu\AppData\Local\Programs\IntelliJ IDEA Ultimate\bin\breakgen.dll
0x6c4c0000 - 0x6c4c3000 	C:\Users\luigu\.openjfx\cache\17.0.6\api-ms-win-core-console-l1-1-0.dll
0x6bbf0000 - 0x6bbf3000 	C:\Users\luigu\.openjfx\cache\17.0.6\api-ms-win-core-console-l1-2-0.dll
0x6b9c0000 - 0x6b9c3000 	C:\Users\luigu\.openjfx\cache\17.0.6\api-ms-win-core-datetime-l1-1-0.dll
0x6b9b0000 - 0x6b9b3000 	C:\Users\luigu\.openjfx\cache\17.0.6\api-ms-win-core-debug-l1-1-0.dll
0x6b9a0000 - 0x6b9a3000 	C:\Users\luigu\.openjfx\cache\17.0.6\api-ms-win-core-errorhandling-l1-1-0.dll
0x6b880000 - 0x6b884000 	C:\Users\luigu\.openjfx\cache\17.0.6\api-ms-win-core-file-l1-1-0.dll
0x66680000 - 0x66683000 	C:\Users\luigu\.openjfx\cache\17.0.6\api-ms-win-core-file-l1-2-0.dll
0x66670000 - 0x66673000 	C:\Users\luigu\.openjfx\cache\17.0.6\api-ms-win-core-file-l2-1-0.dll
0x66300000 - 0x66303000 	C:\Users\luigu\.openjfx\cache\17.0.6\api-ms-win-core-handle-l1-1-0.dll
0x662f0000 - 0x662f3000 	C:\Users\luigu\.openjfx\cache\17.0.6\api-ms-win-core-heap-l1-1-0.dll
0x662e0000 - 0x662e3000 	C:\Users\luigu\.openjfx\cache\17.0.6\api-ms-win-core-interlocked-l1-1-0.dll
0x662d0000 - 0x662d3000 	C:\Users\luigu\.openjfx\cache\17.0.6\api-ms-win-core-libraryloader-l1-1-0.dll
0x662c0000 - 0x662c3000 	C:\Users\luigu\.openjfx\cache\17.0.6\api-ms-win-core-localization-l1-2-0.dll
0x662b0000 - 0x662b3000 	C:\Users\luigu\.openjfx\cache\17.0.6\api-ms-win-core-memory-l1-1-0.dll
0x662a0000 - 0x662a3000 	C:\Users\luigu\.openjfx\cache\17.0.6\api-ms-win-core-namedpipe-l1-1-0.dll
0x66290000 - 0x66293000 	C:\Users\luigu\.openjfx\cache\17.0.6\api-ms-win-core-processenvironment-l1-1-0.dll
0x66280000 - 0x66283000 	C:\Users\luigu\.openjfx\cache\17.0.6\api-ms-win-core-processthreads-l1-1-0.dll
0x66270000 - 0x66273000 	C:\Users\luigu\.openjfx\cache\17.0.6\api-ms-win-core-processthreads-l1-1-1.dll
0x66260000 - 0x66263000 	C:\Users\luigu\.openjfx\cache\17.0.6\api-ms-win-core-profile-l1-1-0.dll
0x66070000 - 0x66073000 	C:\Users\luigu\.openjfx\cache\17.0.6\api-ms-win-core-rtlsupport-l1-1-0.dll
0x66060000 - 0x66063000 	C:\Users\luigu\.openjfx\cache\17.0.6\api-ms-win-core-string-l1-1-0.dll
0x66050000 - 0x66053000 	C:\Users\luigu\.openjfx\cache\17.0.6\api-ms-win-core-synch-l1-1-0.dll
0x66040000 - 0x66043000 	C:\Users\luigu\.openjfx\cache\17.0.6\api-ms-win-core-synch-l1-2-0.dll
0x66030000 - 0x66033000 	C:\Users\luigu\.openjfx\cache\17.0.6\api-ms-win-core-sysinfo-l1-1-0.dll
0x66020000 - 0x66023000 	C:\Users\luigu\.openjfx\cache\17.0.6\api-ms-win-core-timezone-l1-1-0.dll
0x66010000 - 0x66013000 	C:\Users\luigu\.openjfx\cache\17.0.6\api-ms-win-core-util-l1-1-0.dll
0x66000000 - 0x66003000 	C:\Users\luigu\.openjfx\cache\17.0.6\api-ms-win-crt-conio-l1-1-0.dll
0x65ff0000 - 0x65ff4000 	C:\Users\luigu\.openjfx\cache\17.0.6\api-ms-win-crt-convert-l1-1-0.dll
0x65fe0000 - 0x65fe3000 	C:\Users\luigu\.openjfx\cache\17.0.6\api-ms-win-crt-environment-l1-1-0.dll
0x65fd0000 - 0x65fd3000 	C:\Users\luigu\.openjfx\cache\17.0.6\api-ms-win-crt-filesystem-l1-1-0.dll
0x65fc0000 - 0x65fc3000 	C:\Users\luigu\.openjfx\cache\17.0.6\api-ms-win-crt-heap-l1-1-0.dll
0x65fb0000 - 0x65fb3000 	C:\Users\luigu\.openjfx\cache\17.0.6\api-ms-win-crt-locale-l1-1-0.dll
0x65fa0000 - 0x65fa5000 	C:\Users\luigu\.openjfx\cache\17.0.6\api-ms-win-crt-math-l1-1-0.dll
0x65f90000 - 0x65f95000 	C:\Users\luigu\.openjfx\cache\17.0.6\api-ms-win-crt-multibyte-l1-1-0.dll
0x65f80000 - 0x65f90000 	C:\Users\luigu\.openjfx\cache\17.0.6\api-ms-win-crt-private-l1-1-0.dll
0x65f70000 - 0x65f73000 	C:\Users\luigu\.openjfx\cache\17.0.6\api-ms-win-crt-process-l1-1-0.dll
0x65f60000 - 0x65f64000 	C:\Users\luigu\.openjfx\cache\17.0.6\api-ms-win-crt-runtime-l1-1-0.dll
0x65f50000 - 0x65f54000 	C:\Users\luigu\.openjfx\cache\17.0.6\api-ms-win-crt-stdio-l1-1-0.dll
0x65f40000 - 0x65f44000 	C:\Users\luigu\.openjfx\cache\17.0.6\api-ms-win-crt-string-l1-1-0.dll
0x65f30000 - 0x65f33000 	C:\Users\luigu\.openjfx\cache\17.0.6\api-ms-win-crt-time-l1-1-0.dll
0x65f20000 - 0x65f23000 	C:\Users\luigu\.openjfx\cache\17.0.6\api-ms-win-crt-utility-l1-1-0.dll
0x655b0000 - 0x656d3000 	C:\Users\luigu\.openjfx\cache\17.0.6\ucrtbase.dll
0x65f00000 - 0x65f14000 	C:\Users\luigu\.openjfx\cache\17.0.6\vcruntime140.dll
0x65e90000 - 0x65efd000 	C:\Users\luigu\.openjfx\cache\17.0.6\msvcp140.dll
0x65e80000 - 0x65e87000 	C:\Users\luigu\.openjfx\cache\17.0.6\msvcp140_1.dll
0x65e50000 - 0x65e79000 	C:\Users\luigu\.openjfx\cache\17.0.6\msvcp140_2.dll
0x65e20000 - 0x65e46000 	C:\Users\luigu\.openjfx\cache\17.0.6\prism_d3d.dll
0x65430000 - 0x655a1000 	C:\WINDOWS\system32\d3d9.dll
0x6cca0000 - 0x6ccc4000 	C:\WINDOWS\SYSTEM32\dwmapi.dll
0x6dcd0000 - 0x6dcfe000 	C:\WINDOWS\SYSTEM32\dxcore.dll
0x6edb0000 - 0x6ee2f000 	C:\WINDOWS\system32\uxtheme.dll
0x653a0000 - 0x65430000 	C:\WINDOWS\SYSTEM32\d3d9on12.dll
0x65c10000 - 0x65c2d000 	C:\WINDOWS\SYSTEM32\d3d12.dll
0x6d280000 - 0x6d34a000 	C:\WINDOWS\SYSTEM32\dxgi.dll
0x73b20000 - 0x73b5d000 	C:\WINDOWS\SYSTEM32\cfgmgr32.dll
0x651f0000 - 0x653a0000 	C:\WINDOWS\SYSTEM32\D3D12Core.dll
0x65bf0000 - 0x65c0d000 	C:\WINDOWS\System32\DriverStore\FileRepository\iigd_dch.inf_amd64_3c65364e14984512\igd12umd32.dll
0x645c0000 - 0x651ea000 	C:\WINDOWS\System32\DriverStore\FileRepository\iigd_dch.inf_amd64_3c65364e14984512\igd12um32xel.dll
0x76d10000 - 0x76e13000 	C:\WINDOWS\System32\CRYPT32.dll
0x76420000 - 0x76575000 	C:\WINDOWS\System32\ole32.dll
0x64580000 - 0x645b5000 	C:\WINDOWS\SYSTEM32\ControlLib32.dll
0x76e20000 - 0x7725d000 	C:\WINDOWS\System32\SETUPAPI.dll
0x6f2b0000 - 0x6f2d4000 	C:\WINDOWS\SYSTEM32\DEVOBJ.dll
0x64500000 - 0x64572000 	C:\WINDOWS\System32\DriverStore\FileRepository\iigd_dch.inf_amd64_3c65364e14984512\IntelControlLib32.dll
0x75570000 - 0x755c7000 	C:\WINDOWS\System32\WINTRUST.dll
0x6f2a0000 - 0x6f2ae000 	C:\WINDOWS\SYSTEM32\MSASN1.dll
0x6bbb0000 - 0x6bbec000 	C:\WINDOWS\SYSTEM32\directxdatabasehelper.dll
0x641a0000 - 0x644cf000 	C:\WINDOWS\System32\DriverStore\FileRepository\iigd_dch.inf_amd64_3c65364e14984512\igdgmm32.dll
0x681f0000 - 0x6b875000 	C:\WINDOWS\System32\DriverStore\FileRepository\iigd_dch.inf_amd64_3c65364e14984512\igc32.dll
0x644d0000 - 0x644f1000 	C:\WINDOWS\SYSTEM32\D3DSCache.dll
0x74a60000 - 0x74a7f000 	C:\WINDOWS\SYSTEM32\USERENV.dll
0x62f20000 - 0x6419b000 	C:\WINDOWS\System32\DriverStore\FileRepository\iigd_dch.inf_amd64_3c65364e14984512\igd12dxva32.dll
0x61230000 - 0x62f20000 	C:\WINDOWS\System32\DriverStore\FileRepository\iigd_dch.inf_amd64_3c65364e14984512\media_bin_32.dll
0x61210000 - 0x61230000 	C:\WINDOWS\System32\DriverStore\FileRepository\iigd_dch.inf_amd64_3c65364e14984512\igdinfo32.dll
0x71d60000 - 0x71d75000 	C:\WINDOWS\SYSTEM32\CRYPTSP.dll
0x71d30000 - 0x71d60000 	C:\WINDOWS\system32\rsaenh.dll
0x71d20000 - 0x71d2b000 	C:\WINDOWS\SYSTEM32\CRYPTBASE.dll
0x6c5b0000 - 0x6c79c000 	C:\WINDOWS\SYSTEM32\twinapi.appcore.dll
0x611d0000 - 0x61207000 	C:\Users\luigu\.openjfx\cache\17.0.6\glass.dll

dbghelp: loaded successfully - version: 4.0.5 - missing functions: none
symbol engine: initialized successfully - sym options: 0x614 - pdb path: .;C:\Program Files (x86)\Eclipse Adoptium\jdk-11.0.21.9-hotspot\bin;C:\WINDOWS\SYSTEM32;C:\WINDOWS\WinSxS\x86_microsoft.windows.common-controls_6595b64144ccf1df_6.0.22621.3235_none_6ebcabb88802389e;C:\Program Files (x86)\Eclipse Adoptium\jdk-11.0.21.9-hotspot\bin\client;C:\Users\luigu\AppData\Local\Programs\IntelliJ IDEA Ultimate\bin;C:\Users\luigu\.openjfx\cache\17.0.6;C:\WINDOWS\System32\DriverStore\FileRepository\iigd_dch.inf_amd64_3c65364e14984512;C:\ProgramData\A-Volute\A-Volute.Nahimic\Modules\Scheduled;C:\Program Files (x86)\Common Files\Microsoft Shared\Ink

VM Arguments:
jvm_args: -javaagent:C:\Users\luigu\AppData\Local\Programs\IntelliJ IDEA Ultimate\lib\idea_rt.jar=62919:C:\Users\luigu\AppData\Local\Programs\IntelliJ IDEA Ultimate\bin -Dfile.encoding=UTF-8 --module-path=C:\Users\luigu\IdeaProjects\Joyeria_ProyectoMult\target\classes;C:\Users\luigu\.m2\repository\org\kordamp\bootstrapfx\bootstrapfx-core\0.4.0\bootstrapfx-core-0.4.0.jar;C:\Users\luigu\.m2\repository\org\openjfx\javafx-graphics\17.0.6\javafx-graphics-17.0.6-win-x86.jar;C:\Users\luigu\.m2\repository\org\controlsfx\controlsfx\11.1.2\controlsfx-11.1.2.jar;C:\Users\luigu\.m2\repository\net\synedra\validatorfx\0.4.0\validatorfx-0.4.0.jar;C:\Users\luigu\.m2\repository\org\openjfx\javafx-fxml\17.0.6\javafx-fxml-17.0.6-win-x86.jar;C:\Users\luigu\.m2\repository\org\openjfx\javafx-base\17.0.6\javafx-base-17.0.6-win-x86.jar;C:\Users\luigu\.m2\repository\com\dlsc\formsfx\formsfx-core\11.6.0\formsfx-core-11.6.0.jar;C:\Users\luigu\.m2\repository\org\openjfx\javafx-controls\17.0.6\javafx-controls-17.0.6-win-x86.jar -Djdk.module.main=com.eduard034.joyeria_proyectomult 
java_command: com.eduard034.joyeria_proyectomult/com.eduard034.joyeria_proyectomult.JoyeriaApp
java_class_path (initial): C:\Users\luigu\.m2\repository\org\openjfx\javafx-controls\17.0.6\javafx-controls-17.0.6.jar;C:\Users\luigu\.m2\repository\org\openjfx\javafx-graphics\17.0.6\javafx-graphics-17.0.6.jar;C:\Users\luigu\.m2\repository\org\openjfx\javafx-base\17.0.6\javafx-base-17.0.6.jar;C:\Users\luigu\.m2\repository\org\openjfx\javafx-fxml\17.0.6\javafx-fxml-17.0.6.jar
Launcher Type: SUN_STANDARD

[Global flags]
   size_t InitialHeapSize                          = 16777216                                  {product} {ergonomic}
   size_t MaxHeapSize                              = 268435456                                 {product} {ergonomic}
   size_t MaxNewSize                               = 89456640                                  {product} {ergonomic}
   size_t MinHeapDeltaBytes                        = 131072                                    {product} {ergonomic}
   size_t NewSize                                  = 5570560                                   {product} {ergonomic}
    uintx NonProfiledCodeHeapSize                  = 0                                      {pd product} {ergonomic}
   size_t OldSize                                  = 11206656                                  {product} {ergonomic}
    uintx ProfiledCodeHeapSize                     = 0                                      {pd product} {ergonomic}
     bool ThreadLocalHandshakes                    = false                                  {pd product} {ergonomic}
     bool UseLargePagesIndividualAllocation        = false                                  {pd product} {ergonomic}
     bool UseSerialGC                              = true                                      {product} {ergonomic}

Logging:
Log output configuration:
 #0: stdout all=warning uptime,level,tags
 #1: stderr all=off uptime,level,tags

Environment Variables:
PATH=C:\Program Files (x86)\Eclipse Adoptium\jre-11.0.21.9-hotspot\bin;C:\Program Files (x86)\Eclipse Adoptium\jdk-11.0.21.9-hotspot\bin;C:\Program Files (x86)\VMware\VMware Player\bin\;C:\Windows\system32;C:\Windows;C:\Windows\System32\Wbem;C:\Windows\System32\WindowsPowerShell\v1.0\;C:\Windows\System32\OpenSSH\;C:\Program Files (x86)\NVIDIA Corporation\PhysX\Common;C:\Program Files\NVIDIA Corporation\NVIDIA NvDLISR;C:\WINDOWS\system32;C:\WINDOWS;C:\WINDOWS\System32\Wbem;C:\WINDOWS\System32\WindowsPowerShell\v1.0\;C:\WINDOWS\System32\OpenSSH\;C:\Program Files\Git\cmd;C:\Users\luigu\AppData\Local\Microsoft\WindowsApps;C:\Users\luigu\AppData\Local\Programs\Microsoft VS Code\bin;C:\Users\luigu\AppData\Local\JetBrains\Toolbox\scripts;C:\Users\luigu\AppData\Local\GitHubDesktop\bin
USERNAME=luigu
OS=Windows_NT
PROCESSOR_IDENTIFIER=Intel64 Family 6 Model 154 Stepping 3, GenuineIntel
TMP=C:\Users\luigu\AppData\Local\Temp
TEMP=C:\Users\luigu\AppData\Local\Temp



---------------  S Y S T E M  ---------------

OS: Windows 11 , 64 bit Build 22621 (10.0.22621.3374)
OS uptime: 0 days 23:03 hours

CPU:total 12 (initial active 12) (6 cores per cpu, 2 threads per core) family 6 model 154 stepping 3 microcode 0x419, cmov, cx8, fxsr, mmx, sse, sse2, sse3, ssse3, sse4.1, sse4.2, popcnt, avx, avx2, aes, clmul, erms, 3dnowpref, lzcnt, ht, tsc, tscinvbit, bmi1, bmi2, adx, sha, fma

Memory: 4k page, system-wide physical 7917M (565M free)
TotalPageFile size 19693M (AvailPageFile size 4189M), user-mode portion of virtual address-space 2047M (1236M free)
current process WorkingSet (physical memory assigned to process): 256M, peak: 265M
current process commit charge ("private bytes"): 270M, peak: 270M

vm_info: OpenJDK Client VM (11.0.21+9) for windows-x86 JRE (11.0.21+9), built on Oct 17 2023 17:27:10 by "" with MS VC++ 15.9 (VS2017)

END.
