#
# A fatal error has been detected by the Java Runtime Environment:
#
#  EXCEPTION_ACCESS_VIOLATION (0xc0000005) at pc=0x6ad06c62, pid=27916, tid=1140
#
# JRE version: OpenJDK Runtime Environment Temurin-11.0.21+9 (11.0.21+9) (build 11.0.21+9)
# Java VM: OpenJDK Client VM Temurin-11.0.21+9 (11.0.21+9, mixed mode, serial gc, windows-x86)
# Problematic frame:
# C  [glass.dll+0x16c62]
#
# No core dump will be written. Minidumps are not enabled by default on client versions of Windows
#
# If you would like to submit a bug report, please visit:
#   https://github.com/adoptium/adoptium-support/issues
# The crash happened outside the Java Virtual Machine in native code.
# See problematic frame for where to report the bug.
#

---------------  S U M M A R Y ------------

Command Line: -javaagent:C:\Users\luigu\AppData\Local\Programs\IntelliJ IDEA Ultimate\lib\idea_rt.jar=54675:C:\Users\luigu\AppData\Local\Programs\IntelliJ IDEA Ultimate\bin -Dfile.encoding=UTF-8 --module-path=C:\Users\luigu\.m2\repository\org\openjfx\javafx-graphics\17.0.6\javafx-graphics-17.0.6-win-x86.jar;C:\Users\luigu\.m2\repository\org\kordamp\bootstrapfx\bootstrapfx-core\0.4.0\bootstrapfx-core-0.4.0.jar;C:\Users\luigu\.m2\repository\org\openjfx\javafx-base\17.0.6\javafx-base-17.0.6-win-x86.jar;C:\Users\luigu\.m2\repository\org\openjfx\javafx-controls\17.0.6\javafx-controls-17.0.6-win-x86.jar;C:\Users\luigu\.m2\repository\org\openjfx\javafx-fxml\17.0.6\javafx-fxml-17.0.6-win-x86.jar;C:\Users\luigu\.m2\repository\com\dlsc\formsfx\formsfx-core\11.6.0\formsfx-core-11.6.0.jar;C:\Users\luigu\.m2\repository\net\synedra\validatorfx\0.4.0\validatorfx-0.4.0.jar;C:\Users\luigu\.m2\repository\org\controlsfx\controlsfx\11.1.2\controlsfx-11.1.2.jar;C:\Users\luigu\IdeaProjects\Joyeria_ProyectoMult\target\classes -Djdk.module.main=com.eduard034.joyeria_proyectomult com.eduard034.joyeria_proyectomult/com.eduard034.joyeria_proyectomult.JoyeriaApp

Host: 12th Gen Intel(R) Core(TM) i5-12450H, 12 cores, 7G,  Windows 11 , 64 bit Build 22621 (10.0.22621.3374)
Time: Thu Apr 18 11:04:48 2024 Hora estándar central (México) elapsed time: 4.280894 seconds (0d 0h 0m 4s)

---------------  T H R E A D  ---------------

Current thread (0x1654a400):  JavaThread "JavaFX Application Thread" [_thread_in_native, id=1140, stack(0x1a1a0000,0x1a1f0000)]

Stack: [0x1a1a0000,0x1a1f0000],  sp=0x1a1ee92c,  free space=314k
Native frames: (J=compiled Java code, A=aot compiled Java code, j=interpreted, Vv=VM code, C=native code)
C  [glass.dll+0x16c62]

Java frames: (J=compiled Java code, j=interpreted, Vv=VM code)
j  com.sun.glass.ui.win.WinWindow._close(J)Z+0 javafx.graphics
j  com.sun.glass.ui.Window.close()V+63 javafx.graphics
j  com.sun.glass.ui.win.WinWindow.close()V+8 javafx.graphics
j  com.sun.glass.ui.Application.terminate()V+75 javafx.graphics
j  com.sun.javafx.tk.quantum.QuantumToolkit.lambda$exit$13()Ljava/lang/Object;+5 javafx.graphics
j  com.sun.javafx.tk.quantum.QuantumToolkit$$Lambda$439.get()Ljava/lang/Object;+0 javafx.graphics
j  com.sun.javafx.tk.quantum.QuantumToolkit.runWithRenderLock(Ljava/util/function/Supplier;)Ljava/lang/Object;+7 javafx.graphics
j  com.sun.javafx.tk.quantum.QuantumToolkit.exit()V+26 javafx.graphics
j  com.sun.javafx.application.PlatformImpl.lambda$tkExit$16()V+3 javafx.graphics
j  com.sun.javafx.application.PlatformImpl$$Lambda$438.run()V+0 javafx.graphics
j  com.sun.javafx.application.PlatformImpl.lambda$runAndWait$12(Ljava/lang/Runnable;Ljava/util/concurrent/CountDownLatch;)V+1 javafx.graphics
j  com.sun.javafx.application.PlatformImpl$$Lambda$88.run()V+8 javafx.graphics
j  com.sun.javafx.application.PlatformImpl.lambda$runLater$10(Ljava/lang/Runnable;)Ljava/lang/Void;+1 javafx.graphics
j  com.sun.javafx.application.PlatformImpl$$Lambda$90.run()Ljava/lang/Object;+4 javafx.graphics
v  ~StubRoutines::call_stub
J 1341  java.security.AccessController.doPrivileged(Ljava/security/PrivilegedAction;Ljava/security/AccessControlContext;)Ljava/lang/Object; java.base@11.0.21 (0 bytes) @ 0x0350b107 [0x0350b0a0+0x00000067]
j  com.sun.javafx.application.PlatformImpl.lambda$runLater$11(Ljava/lang/Runnable;Ljava/security/AccessControlContext;)V+7 javafx.graphics
j  com.sun.javafx.application.PlatformImpl$$Lambda$89.run()V+8 javafx.graphics
j  com.sun.glass.ui.InvokeLaterDispatcher$Future.run()V+4 javafx.graphics
v  ~StubRoutines::call_stub
j  com.sun.glass.ui.win.WinApplication._runLoop(Ljava/lang/Runnable;)V+0 javafx.graphics
j  com.sun.glass.ui.win.WinApplication.lambda$runLoop$3(ILjava/lang/Runnable;)V+8 javafx.graphics
j  com.sun.glass.ui.win.WinApplication$$Lambda$78.run()V+12 javafx.graphics
j  java.lang.Thread.run()V+11 java.base@11.0.21
v  ~StubRoutines::call_stub

siginfo: EXCEPTION_ACCESS_VIOLATION (0xc0000005), reading address 0x000000b8


Register to memory mapping:

EIP=0x6ad06c62 glass.dll
EAX=0x0 is NULL
EBX=0x1a1eeb60 is pointing into the stack for thread: 0x1654a400
ECX=0x0 is NULL
EDX=0x0 is NULL
ESP=0x1a1ee92c is pointing into the stack for thread: 0x1654a400
EBP=0x1a1ee958 is pointing into the stack for thread: 0x1654a400
ESI=0x00000401 is an unknown value
EDI=0x0 is NULL


Registers:
EAX=0x00000000, EBX=0x1a1eeb60, ECX=0x00000000, EDX=0x00000000
ESP=0x1a1ee92c, EBP=0x1a1ee958, ESI=0x00000401, EDI=0x00000000
EIP=0x6ad06c62, EFLAGS=0x00010202

Top of Stack: (sp=0x1a1ee92c)
0x1a1ee92c:   1a1eeb60 00000401 1a1eeb60 6acf8df8
0x1a1ee93c:   b61437f2 16459f10 00db0584 00000401
0x1a1ee94c:   1a1eea8c 6ad102b0 ffffffff 00000000
0x1a1ee95c:   6acf1755 00000401 1a1eeb60 00000000
0x1a1ee96c:   00000401 00db0584 1a1ee9a4 6acf16f0
0x1a1ee97c:   76ab30b3 00db0584 00000401 1a1eeb60
0x1a1ee98c:   00000000 00db0584 dcbaabcd 6acf16f0
0x1a1ee99c:   00000401 00db0584 1a1eea9c 76aa3ef6 

Instructions: (pc=0x6ad06c62)
0x6ad06b62:   21 56 e8 47 42 00 00 ff 35 e8 03 d2 6a 8b f0 ff
0x6ad06b72:   77 68 56 e8 96 de fe ff 56 e8 a0 41 00 00 83 c4
0x6ad06b82:   10 5e c7 05 a4 03 d2 6a 00 00 00 00 5f c3 83 ec
0x6ad06b92:   24 a1 ec e0 d1 6a 33 c4 89 44 24 20 8b 44 24 28
0x6ad06ba2:   53 89 44 24 04 8b d9 8b 44 24 30 89 44 24 08 8b
0x6ad06bb2:   44 24 38 55 89 44 24 10 8b 44 24 38 56 89 83 84
0x6ad06bc2:   00 00 00 8b 44 24 0c 89 5c 24 18 bb 00 00 00 80
0x6ad06bd2:   8b eb 8b f3 57 8b fb 85 c0 79 29 8d 44 24 20 50
0x6ad06be2:   e8 29 aa fe ff 83 c4 04 85 c0 8b 44 24 10 74 14
0x6ad06bf2:   8b 74 24 28 8b 5c 24 20 2b f3 8b 7c 24 2c 8b 6c
0x6ad06c02:   24 24 2b fd 6a 00 50 ff 74 24 1c 68 d8 23 d1 6a
0x6ad06c12:   57 56 8b 74 24 34 8b ce 55 53 ff 74 24 38 e8 db
0x6ad06c22:   a7 fe ff 8b f8 8d 4e 14 57 e8 40 64 00 00 57 8d
0x6ad06c32:   4e 14 e8 c7 64 00 00 8b 4c 24 30 8b c7 5f 5e 5d
0x6ad06c42:   5b 33 cc e8 ae 7a 00 00 83 c4 24 c2 10 00 53 8b
0x6ad06c52:   d9 56 57 ff 73 08 e8 93 a9 fe ff 8b f8 83 c4 04
0x6ad06c62:   8b 87 b8 00 00 00 85 c0 75 03 8b 47 04 3b 05 a4
0x6ad06c72:   03 d2 6a 75 29 e8 34 41 00 00 ff 35 e8 03 d2 6a
0x6ad06c82:   8b f0 ff 77 68 56 e8 83 dd fe ff 56 e8 8d 40 00
0x6ad06c92:   00 83 c4 10 c7 05 a4 03 d2 6a 00 00 00 00 8d 4f
0x6ad06ca2:   14 e8 b8 69 00 00 8d 4f 14 e8 e0 69 00 00 ff 73
0x6ad06cb2:   08 ff 15 f8 fe d1 6a 85 c0 5f 0f 95 c0 5e 88 43
0x6ad06cc2:   04 5b c3 cc cc cc cc cc cc cc cc cc cc cc 55 8b
0x6ad06cd2:   ec 6a ff 68 f7 11 d1 6a 64 a1 00 00 00 00 50 83
0x6ad06ce2:   ec 08 53 56 57 a1 ec e0 d1 6a 33 c5 50 8d 45 f4
0x6ad06cf2:   64 a3 00 00 00 00 8b f9 ff 77 18 ff 15 60 ff d1
0x6ad06d02:   6a 85 c0 75 13 0f 57 c0 66 0f 13 45 ec 8b 55 f0
0x6ad06d12:   8b 45 ec e9 a7 00 00 00 68 dc 00 00 00 e8 96 79
0x6ad06d22:   00 00 83 c4 04 89 45 f0 c7 45 fc 00 00 00 00 85
0x6ad06d32:   c0 74 19 ff 77 18 8b c8 6a 01 6a 00 6a 00 6a 00
0x6ad06d42:   ff 77 10 e8 a6 f9 ff ff 8b d8 eb 02 33 db ff 77
0x6ad06d52:   18 8b cb c7 45 fc ff ff ff ff 6a 00 68 00 00 10 


Stack slot to memory mapping:
stack at sp + 0 slots: 0x1a1eeb60 is pointing into the stack for thread: 0x1654a400
stack at sp + 1 slots: 0x00000401 is an unknown value
stack at sp + 2 slots: 0x1a1eeb60 is pointing into the stack for thread: 0x1654a400
stack at sp + 3 slots: 0x6acf8df8 glass.dll
stack at sp + 4 slots: 0xb61437f2 is an unknown value
stack at sp + 5 slots: 0x16459f10 points into unknown readable memory: 0x6ad1319c | 9c 31 d1 6a
stack at sp + 6 slots: 0x00db0584 points into unknown readable memory: 0x00000000 | 00 00 00 00
stack at sp + 7 slots: 0x00000401 is an unknown value


---------------  P R O C E S S  ---------------

Threads class SMR info:
_java_thread_list=0x16866200, length=17, elements={
0x03220000, 0x032f7c00, 0x032d7000, 0x032f4800,
0x032f6400, 0x032f7400, 0x1555fc00, 0x15563000,
0x032fd000, 0x15722800, 0x15e52800, 0x16506c00,
0x1654a400, 0x1664fc00, 0x16651c00, 0x1672c000,
0x216bcc00
}

Java Threads: ( => current thread )
  0x03220000 JavaThread "main" [_thread_blocked, id=28912, stack(0x01130000,0x01180000)]
  0x032f7c00 JavaThread "Reference Handler" daemon [_thread_blocked, id=30388, stack(0x03190000,0x031e0000)]
  0x032d7000 JavaThread "Finalizer" daemon [_thread_blocked, id=22700, stack(0x05340000,0x05390000)]
  0x032f4800 JavaThread "Signal Dispatcher" daemon [_thread_blocked, id=5332, stack(0x15730000,0x15780000)]
  0x032f6400 JavaThread "Attach Listener" daemon [_thread_blocked, id=11784, stack(0x157c0000,0x15810000)]
  0x032f7400 JavaThread "Service Thread" daemon [_thread_blocked, id=22996, stack(0x15850000,0x158a0000)]
  0x1555fc00 JavaThread "C1 CompilerThread0" daemon [_thread_blocked, id=4464, stack(0x158e0000,0x15930000)]
  0x15563000 JavaThread "Sweeper thread" daemon [_thread_blocked, id=26284, stack(0x15970000,0x159c0000)]
  0x032fd000 JavaThread "Common-Cleaner" daemon [_thread_blocked, id=26080, stack(0x15a00000,0x15a50000)]
  0x15722800 JavaThread "Monitor Ctrl-Break" daemon [_thread_in_native, id=16784, stack(0x15a90000,0x15ae0000)]
  0x15e52800 JavaThread "QuantumRenderer-0" daemon [_thread_blocked, id=2340, stack(0x161b0000,0x16200000)]
  0x16506c00 JavaThread "InvokeLaterDispatcher" daemon [_thread_blocked, id=14024, stack(0x1a010000,0x1a060000)]
=>0x1654a400 JavaThread "JavaFX Application Thread" [_thread_in_native, id=1140, stack(0x1a1a0000,0x1a1f0000)]
  0x1664fc00 JavaThread "JavaFX-Launcher" [_thread_blocked, id=26380, stack(0x1e7e0000,0x1e830000)]
  0x16651c00 JavaThread "Thread-2" daemon [_thread_in_native, id=28148, stack(0x1e750000,0x1e7a0000)]
  0x1672c000 JavaThread "Prism Font Disposer" daemon [_thread_blocked, id=29664, stack(0x1fe00000,0x1fe50000)]
  0x216bcc00 JavaThread "Cleaner-0" daemon [_thread_blocked, id=14312, stack(0x23090000,0x230e0000)]

Other Threads:
  0x032d3c00 VMThread "VM Thread" [stack: 0x03100000,0x03150000] [id=6720]
  0x15724c00 WatcherThread [stack: 0x15b20000,0x15b70000] [id=11524]

Threads with active compile tasks:

VM state:not at safepoint (normal execution)

VM Mutex/Monitor currently owned by a thread: None

Heap:
 def new generation   total 8576K, used 7756K [0x05400000, 0x05d40000, 0x0a950000)
  eden space 7680K,  99% used [0x05400000, 0x05b6f818, 0x05b80000)
  from space 896K,  15% used [0x05b80000, 0x05ba39c0, 0x05c60000)
  to   space 896K,   0% used [0x05c60000, 0x05c60000, 0x05d40000)
 tenured generation   total 18880K, used 15235K [0x0a950000, 0x0bbc0000, 0x15400000)
   the space 18880K,  80% used [0x0a950000, 0x0b830fb8, 0x0b831000, 0x0bbc0000)
 Metaspace       used 14888K, capacity 15180K, committed 15232K, reserved 15744K

Card table byte_map: [0x02b70000,0x02c00000] _byte_map_base: 0x02b46000

Polling page: 0x01180000

Metaspace:

Usage:
   14.82 MB capacity,    14.54 MB ( 98%) used,   191.17 KB (  1%) free+waste,   100.31 KB ( <1%) overhead. 

Virtual space:
     15.38 MB reserved,      14.88 MB ( 97%) committed 

Chunk freelists:
0 bytes

MaxMetaspaceSize: 4.00 GB
No class space
Initial GC threshold: 12.00 MB
Current GC threshold: 19.59 MB
CDS: off

CodeCache: size=32768Kb used=2101Kb max_used=2101Kb free=30666Kb
 bounds [0x03300000, 0x03510000, 0x05300000]
 total_blobs=1770 nmethods=1345 adapters=358
 compilation: enabled
              stopped_count=0, restarted_count=0
 full_count=0

Compilation events (20 events):
Event: 3.711 Thread 0x1555fc00 1335             com.sun.javafx.scene.NodeHelper::pickNodeLocalImpl (12 bytes)
Event: 3.711 Thread 0x1555fc00 nmethod 1335 0x0350a088 code [0x0350a1b0, 0x0350a28c]
Event: 3.711 Thread 0x1555fc00 1336             javafx.scene.Node$1::doPickNodeLocal (7 bytes)
Event: 3.711 Thread 0x1555fc00 nmethod 1336 0x0350a388 code [0x0350a4a0, 0x0350a53c]
Event: 3.711 Thread 0x1555fc00 1337             javafx.scene.Node::doPickNodeLocal (8 bytes)
Event: 3.711 Thread 0x1555fc00 nmethod 1337 0x0350a5c8 code [0x0350a6e0, 0x0350a77c]
Event: 3.847 Thread 0x1555fc00 1338             java.util.RegularEnumSet::isEmpty (15 bytes)
Event: 3.847 Thread 0x1555fc00 nmethod 1338 0x0350a808 code [0x0350a910, 0x0350a9c0]
Event: 3.905 Thread 0x1555fc00 1339             com.sun.javafx.event.BasicEventDispatcher::dispatchEvent (44 bytes)
Event: 3.905 Thread 0x1555fc00 nmethod 1339 0x0350aa08 code [0x0350ab50, 0x0350aca4]
Event: 4.099 Thread 0x1555fc00 1340             javafx.scene.control.SkinBase::getSkinnable (5 bytes)
Event: 4.099 Thread 0x1555fc00 nmethod 1340 0x0350adc8 code [0x0350aed0, 0x0350af50]
Event: 4.102 Thread 0x1555fc00 1342             javafx.scene.layout.Region::isSnapToPixel (5 bytes)
Event: 4.102 Thread 0x1555fc00 nmethod 1342 0x0350b288 code [0x0350b390, 0x0350b410]
Event: 4.227 Thread 0x1555fc00 1343             jdk.internal.misc.VM::initLevel (4 bytes)
Event: 4.228 Thread 0x1555fc00 nmethod 1343 0x0350b448 code [0x0350b550, 0x0350b5d0]
Event: 4.228 Thread 0x1555fc00 1344             sun.nio.cs.UTF_8$Encoder::encodeArrayLoop (489 bytes)
Event: 4.229 Thread 0x1555fc00 nmethod 1344 0x0350b608 code [0x0350b990, 0x0350c744]
Event: 4.253 Thread 0x1555fc00 1345             jdk.internal.misc.VM::isModuleSystemInited (13 bytes)
Event: 4.253 Thread 0x1555fc00 nmethod 1345 0x0350d308 code [0x0350d410, 0x0350d4a0]

GC Heap History (20 events):
Event: 0.439 GC heap before
{Heap before GC invocations=3 (full 0):
 def new generation   total 4928K, used 4793K [0x05400000, 0x05950000, 0x0a950000)
  eden space 4416K, 100% used [0x05400000, 0x05850000, 0x05850000)
  from space 512K,  73% used [0x058d0000, 0x0592e5f8, 0x05950000)
  to   space 512K,   0% used [0x05850000, 0x05850000, 0x058d0000)
 tenured generation   total 10944K, used 1405K [0x0a950000, 0x0b400000, 0x15400000)
   the space 10944K,  12% used [0x0a950000, 0x0aaaf6d8, 0x0aaaf800, 0x0b400000)
 Metaspace       used 6595K, capacity 6670K, committed 6784K, reserved 7552K
}
Event: 0.440 GC heap after
{Heap after GC invocations=4 (full 0):
 def new generation   total 4928K, used 218K [0x05400000, 0x05950000, 0x0a950000)
  eden space 4416K,   0% used [0x05400000, 0x05400000, 0x05850000)
  from space 512K,  42% used [0x05850000, 0x05886b10, 0x058d0000)
  to   space 512K,   0% used [0x058d0000, 0x058d0000, 0x05950000)
 tenured generation   total 10944K, used 1765K [0x0a950000, 0x0b400000, 0x15400000)
   the space 10944K,  16% used [0x0a950000, 0x0ab09408, 0x0ab09600, 0x0b400000)
 Metaspace       used 6595K, capacity 6670K, committed 6784K, reserved 7552K
}
Event: 0.484 GC heap before
{Heap before GC invocations=4 (full 0):
 def new generation   total 4928K, used 4576K [0x05400000, 0x05950000, 0x0a950000)
  eden space 4416K,  98% used [0x05400000, 0x05841598, 0x05850000)
  from space 512K,  42% used [0x05850000, 0x05886b10, 0x058d0000)
  to   space 512K,   0% used [0x058d0000, 0x058d0000, 0x05950000)
 tenured generation   total 10944K, used 1765K [0x0a950000, 0x0b400000, 0x15400000)
   the space 10944K,  16% used [0x0a950000, 0x0ab09408, 0x0ab09600, 0x0b400000)
 Metaspace       used 7648K, capacity 7777K, committed 7808K, reserved 8576K
}
Event: 0.485 GC heap after
{Heap after GC invocations=5 (full 0):
 def new generation   total 4928K, used 494K [0x05400000, 0x05950000, 0x0a950000)
  eden space 4416K,   0% used [0x05400000, 0x05400000, 0x05850000)
  from space 512K,  96% used [0x058d0000, 0x0594b860, 0x05950000)
  to   space 512K,   0% used [0x05850000, 0x05850000, 0x058d0000)
 tenured generation   total 10944K, used 2213K [0x0a950000, 0x0b400000, 0x15400000)
   the space 10944K,  20% used [0x0a950000, 0x0ab79418, 0x0ab79600, 0x0b400000)
 Metaspace       used 7648K, capacity 7777K, committed 7808K, reserved 8576K
}
Event: 0.527 GC heap before
{Heap before GC invocations=5 (full 0):
 def new generation   total 4928K, used 4906K [0x05400000, 0x05950000, 0x0a950000)
  eden space 4416K,  99% used [0x05400000, 0x0584f080, 0x05850000)
  from space 512K,  96% used [0x058d0000, 0x0594b860, 0x05950000)
  to   space 512K,   0% used [0x05850000, 0x05850000, 0x058d0000)
 tenured generation   total 10944K, used 2213K [0x0a950000, 0x0b400000, 0x15400000)
   the space 10944K,  20% used [0x0a950000, 0x0ab79418, 0x0ab79600, 0x0b400000)
 Metaspace       used 8869K, capacity 8989K, committed 9088K, reserved 9600K
}
Event: 0.528 GC heap after
{Heap after GC invocations=6 (full 0):
 def new generation   total 4928K, used 512K [0x05400000, 0x05950000, 0x0a950000)
  eden space 4416K,   0% used [0x05400000, 0x05400000, 0x05850000)
  from space 512K, 100% used [0x05850000, 0x058d0000, 0x058d0000)
  to   space 512K,   0% used [0x058d0000, 0x058d0000, 0x05950000)
 tenured generation   total 10944K, used 2751K [0x0a950000, 0x0b400000, 0x15400000)
   the space 10944K,  25% used [0x0a950000, 0x0abffd38, 0x0abffe00, 0x0b400000)
 Metaspace       used 8869K, capacity 8989K, committed 9088K, reserved 9600K
}
Event: 0.600 GC heap before
{Heap before GC invocations=6 (full 0):
 def new generation   total 4928K, used 4928K [0x05400000, 0x05950000, 0x0a950000)
  eden space 4416K, 100% used [0x05400000, 0x05850000, 0x05850000)
  from space 512K, 100% used [0x05850000, 0x058d0000, 0x058d0000)
  to   space 512K,   0% used [0x058d0000, 0x058d0000, 0x05950000)
 tenured generation   total 10944K, used 2751K [0x0a950000, 0x0b400000, 0x15400000)
   the space 10944K,  25% used [0x0a950000, 0x0abffd38, 0x0abffe00, 0x0b400000)
 Metaspace       used 10559K, capacity 10734K, committed 10752K, reserved 11648K
}
Event: 0.602 GC heap after
{Heap after GC invocations=7 (full 0):
 def new generation   total 4928K, used 512K [0x05400000, 0x05950000, 0x0a950000)
  eden space 4416K,   0% used [0x05400000, 0x05400000, 0x05850000)
  from space 512K, 100% used [0x058d0000, 0x05950000, 0x05950000)
  to   space 512K,   0% used [0x05850000, 0x05850000, 0x058d0000)
 tenured generation   total 10944K, used 3642K [0x0a950000, 0x0b400000, 0x15400000)
   the space 10944K,  33% used [0x0a950000, 0x0acde838, 0x0acdea00, 0x0b400000)
 Metaspace       used 10559K, capacity 10734K, committed 10752K, reserved 11648K
}
Event: 0.652 GC heap before
{Heap before GC invocations=7 (full 0):
 def new generation   total 4928K, used 4928K [0x05400000, 0x05950000, 0x0a950000)
  eden space 4416K, 100% used [0x05400000, 0x05850000, 0x05850000)
  from space 512K, 100% used [0x058d0000, 0x05950000, 0x05950000)
  to   space 512K,   0% used [0x05850000, 0x05850000, 0x058d0000)
 tenured generation   total 10944K, used 3642K [0x0a950000, 0x0b400000, 0x15400000)
   the space 10944K,  33% used [0x0a950000, 0x0acde838, 0x0acdea00, 0x0b400000)
 Metaspace       used 11345K, capacity 11510K, committed 11520K, reserved 11648K
}
Event: 0.654 GC heap after
{Heap after GC invocations=8 (full 0):
 def new generation   total 4928K, used 510K [0x05400000, 0x05950000, 0x0a950000)
  eden space 4416K,   0% used [0x05400000, 0x05400000, 0x05850000)
  from space 512K,  99% used [0x05850000, 0x058cfa60, 0x058d0000)
  to   space 512K,   0% used [0x058d0000, 0x058d0000, 0x05950000)
 tenured generation   total 10944K, used 4147K [0x0a950000, 0x0b400000, 0x15400000)
   the space 10944K,  37% used [0x0a950000, 0x0ad5cdc0, 0x0ad5ce00, 0x0b400000)
 Metaspace       used 11345K, capacity 11510K, committed 11520K, reserved 11648K
}
Event: 0.722 GC heap before
{Heap before GC invocations=8 (full 0):
 def new generation   total 4928K, used 4926K [0x05400000, 0x05950000, 0x0a950000)
  eden space 4416K, 100% used [0x05400000, 0x05850000, 0x05850000)
  from space 512K,  99% used [0x05850000, 0x058cfa60, 0x058d0000)
  to   space 512K,   0% used [0x058d0000, 0x058d0000, 0x05950000)
 tenured generation   total 10944K, used 10377K [0x0a950000, 0x0b400000, 0x15400000)
   the space 10944K,  94% used [0x0a950000, 0x0b3727b8, 0x0b372800, 0x0b400000)
 Metaspace       used 11802K, capacity 11976K, committed 12032K, reserved 12672K
}
Event: 0.730 GC heap after
{Heap after GC invocations=9 (full 1):
 def new generation   total 8576K, used 492K [0x05400000, 0x05d40000, 0x0a950000)
  eden space 7680K,   6% used [0x05400000, 0x0547b370, 0x05b80000)
  from space 896K,   0% used [0x05b80000, 0x05b80000, 0x05c60000)
  to   space 896K,   0% used [0x05c60000, 0x05c60000, 0x05d40000)
 tenured generation   total 18880K, used 11327K [0x0a950000, 0x0bbc0000, 0x15400000)
   the space 18880K,  59% used [0x0a950000, 0x0b45ffb0, 0x0b460000, 0x0bbc0000)
 Metaspace       used 11802K, capacity 11976K, committed 12032K, reserved 12672K
}
Event: 0.830 GC heap before
{Heap before GC invocations=9 (full 1):
 def new generation   total 8576K, used 7680K [0x05400000, 0x05d40000, 0x0a950000)
  eden space 7680K, 100% used [0x05400000, 0x05b80000, 0x05b80000)
  from space 896K,   0% used [0x05b80000, 0x05b80000, 0x05c60000)
  to   space 896K,   0% used [0x05c60000, 0x05c60000, 0x05d40000)
 tenured generation   total 18880K, used 11327K [0x0a950000, 0x0bbc0000, 0x15400000)
   the space 18880K,  59% used [0x0a950000, 0x0b45ffb0, 0x0b460000, 0x0bbc0000)
 Metaspace       used 12695K, capacity 12867K, committed 12928K, reserved 13696K
}
Event: 0.834 GC heap after
{Heap after GC invocations=10 (full 1):
 def new generation   total 8576K, used 896K [0x05400000, 0x05d40000, 0x0a950000)
  eden space 7680K,   0% used [0x05400000, 0x05400000, 0x05b80000)
  from space 896K, 100% used [0x05c60000, 0x05d40000, 0x05d40000)
  to   space 896K,   0% used [0x05b80000, 0x05b80000, 0x05c60000)
 tenured generation   total 18880K, used 11716K [0x0a950000, 0x0bbc0000, 0x15400000)
   the space 18880K,  62% used [0x0a950000, 0x0b4c1160, 0x0b4c1200, 0x0bbc0000)
 Metaspace       used 12695K, capacity 12867K, committed 12928K, reserved 13696K
}
Event: 0.906 GC heap before
{Heap before GC invocations=10 (full 1):
 def new generation   total 8576K, used 8576K [0x05400000, 0x05d40000, 0x0a950000)
  eden space 7680K, 100% used [0x05400000, 0x05b80000, 0x05b80000)
  from space 896K, 100% used [0x05c60000, 0x05d40000, 0x05d40000)
  to   space 896K,   0% used [0x05b80000, 0x05b80000, 0x05c60000)
 tenured generation   total 18880K, used 11716K [0x0a950000, 0x0bbc0000, 0x15400000)
   the space 18880K,  62% used [0x0a950000, 0x0b4c1160, 0x0b4c1200, 0x0bbc0000)
 Metaspace       used 13873K, capacity 14157K, committed 14208K, reserved 14720K
}
Event: 0.909 GC heap after
{Heap after GC invocations=11 (full 1):
 def new generation   total 8576K, used 545K [0x05400000, 0x05d40000, 0x0a950000)
  eden space 7680K,   0% used [0x05400000, 0x05400000, 0x05b80000)
  from space 896K,  60% used [0x05b80000, 0x05c084b8, 0x05c60000)
  to   space 896K,   0% used [0x05c60000, 0x05c60000, 0x05d40000)
 tenured generation   total 18880K, used 12604K [0x0a950000, 0x0bbc0000, 0x15400000)
   the space 18880K,  66% used [0x0a950000, 0x0b59f078, 0x0b59f200, 0x0bbc0000)
 Metaspace       used 13873K, capacity 14157K, committed 14208K, reserved 14720K
}
Event: 1.737 GC heap before
{Heap before GC invocations=11 (full 1):
 def new generation   total 8576K, used 8225K [0x05400000, 0x05d40000, 0x0a950000)
  eden space 7680K, 100% used [0x05400000, 0x05b80000, 0x05b80000)
  from space 896K,  60% used [0x05b80000, 0x05c084b8, 0x05c60000)
  to   space 896K,   0% used [0x05c60000, 0x05c60000, 0x05d40000)
 tenured generation   total 18880K, used 12604K [0x0a950000, 0x0bbc0000, 0x15400000)
   the space 18880K,  66% used [0x0a950000, 0x0b59f078, 0x0b59f200, 0x0bbc0000)
 Metaspace       used 14759K, capacity 15070K, committed 15104K, reserved 15744K
}
Event: 1.744 GC heap after
{Heap after GC invocations=12 (full 1):
 def new generation   total 8576K, used 896K [0x05400000, 0x05d40000, 0x0a950000)
  eden space 7680K,   0% used [0x05400000, 0x05400000, 0x05b80000)
  from space 896K, 100% used [0x05c60000, 0x05d40000, 0x05d40000)
  to   space 896K,   0% used [0x05b80000, 0x05b80000, 0x05c60000)
 tenured generation   total 18880K, used 14348K [0x0a950000, 0x0bbc0000, 0x15400000)
   the space 18880K,  76% used [0x0a950000, 0x0b7533f0, 0x0b753400, 0x0bbc0000)
 Metaspace       used 14759K, capacity 15070K, committed 15104K, reserved 15744K
}
Event: 3.313 GC heap before
{Heap before GC invocations=12 (full 1):
 def new generation   total 8576K, used 2413K [0x05400000, 0x05d40000, 0x0a950000)
  eden space 7680K,  19% used [0x05400000, 0x0557b4e0, 0x05b80000)
  from space 896K, 100% used [0x05c60000, 0x05d40000, 0x05d40000)
  to   space 896K,   0% used [0x05b80000, 0x05b80000, 0x05c60000)
 tenured generation   total 18880K, used 14348K [0x0a950000, 0x0bbc0000, 0x15400000)
   the space 18880K,  76% used [0x0a950000, 0x0b7533f0, 0x0b753400, 0x0bbc0000)
 Metaspace       used 14868K, capacity 15164K, committed 15232K, reserved 15744K
}
Event: 3.315 GC heap after
{Heap after GC invocations=13 (full 1):
 def new generation   total 8576K, used 142K [0x05400000, 0x05d40000, 0x0a950000)
  eden space 7680K,   0% used [0x05400000, 0x05400000, 0x05b80000)
  from space 896K,  15% used [0x05b80000, 0x05ba39c0, 0x05c60000)
  to   space 896K,   0% used [0x05c60000, 0x05c60000, 0x05d40000)
 tenured generation   total 18880K, used 15235K [0x0a950000, 0x0bbc0000, 0x15400000)
   the space 18880K,  80% used [0x0a950000, 0x0b830fb8, 0x0b831000, 0x0bbc0000)
 Metaspace       used 14868K, capacity 15164K, committed 15232K, reserved 15744K
}

Deoptimization events (6 events):
Event: 0.813 Thread 0x1654a400 DEOPT PACKING pc=0x0342ea4f sp=0x1a1ee210
Event: 0.813 Thread 0x1654a400 DEOPT UNPACKING pc=0x0333c187 sp=0x1a1ee130 mode 3
Event: 0.816 Thread 0x1654a400 DEOPT PACKING pc=0x0345e971 sp=0x1a1ee390
Event: 0.816 Thread 0x1654a400 DEOPT UNPACKING pc=0x0333c187 sp=0x1a1ee2b4 mode 3
Event: 0.906 Thread 0x1654a400 DEOPT PACKING pc=0x034a1b8c sp=0x1a1ee380
Event: 0.906 Thread 0x1654a400 DEOPT UNPACKING pc=0x0333c187 sp=0x1a1ee230 mode 3

Classes redefined (0 events):
No events

Internal exceptions (20 events):
Event: 0.669 Thread 0x1654a400 Exception <a 'java/lang/NoSuchMethodError'{0x05615cd8}: 'void java.lang.invoke.DirectMethodHandle$Holder.invokeStaticInit(java.lang.Object, java.lang.Object)'> (0x05615cd8) thrown at [s\src\hotspot\share\interpreter\linkResolver.cpp, line 773]
Event: 0.673 Thread 0x1654a400 Exception <a 'java/lang/NoSuchMethodError'{0x056951b8}: 'void java.lang.invoke.DirectMethodHandle$Holder.invokeSpecial(java.lang.Object, java.lang.Object, java.lang.Object, java.lang.Object, java.lang.Object)'> (0x056951b8) thrown at [s\src\hotspot\share\interpreter\linkResolver.cpp, line 773]
Event: 0.816 Thread 0x1654a400 Implicit null exception at 0x0345d68c to 0x0345e96c
Event: 0.852 Thread 0x1654a400 Exception <a 'java/lang/ClassNotFoundException'{0x055dfa78}: com/sun/javafx/scene/control/skin/resources/controls> (0x055dfa78) thrown at [s\src\hotspot\share\prims\jni.cpp, line 638]
Event: 0.852 Thread 0x1654a400 Exception <a 'java/lang/ClassNotFoundException'{0x055ed668}: com/sun/javafx/scene/control/skin/resources/controls_es> (0x055ed668) thrown at [s\src\hotspot\share\prims\jni.cpp, line 638]
Event: 0.852 Thread 0x1654a400 Exception <a 'java/lang/ClassNotFoundException'{0x055fa868}: com/sun/javafx/scene/control/skin/resources/controls_es_MX> (0x055fa868) thrown at [s\src\hotspot\share\prims\jni.cpp, line 638]
Event: 0.872 Thread 0x1654a400 Exception <a 'java/lang/NoSuchMethodError'{0x05799d38}: 'void java.lang.invoke.DirectMethodHandle$Holder.invokeSpecial(java.lang.Object, java.lang.Object, java.lang.Object, java.lang.Object, java.lang.Object, java.lang.Object)'> (0x05799d38) thrown at [s\src\hotspot\share\interpreter\linkResolver.cpp, line 773]
Event: 0.887 Thread 0x1654a400 Exception <a 'java/lang/NoSuchMethodError'{0x059f5cf0}: 'java.lang.Object java.lang.invoke.DirectMethodHandle$Holder.invokeInterface(java.lang.Object, java.lang.Object, java.lang.Object)'> (0x059f5cf0) thrown at [s\src\hotspot\share\interpreter\linkResolver.cpp, line 773]
Event: 0.887 Thread 0x1654a400 Exception <a 'java/lang/IncompatibleClassChangeError'{0x059f8ab0}: Found class java.lang.Object, but interface was expected> (0x059f8ab0) thrown at [s\src\hotspot\share\interpreter\linkResolver.cpp, line 839]
Event: 0.935 Thread 0x15e52800 Exception <a 'java/lang/NoSuchMethodError'{0x05501298}: 'int java.lang.invoke.DirectMethodHandle$Holder.invokeStaticInit(java.lang.Object, java.lang.Object)'> (0x05501298) thrown at [s\src\hotspot\share\interpreter\linkResolver.cpp, line 773]
Event: 0.938 Thread 0x1654a400 Exception <a 'java/lang/NoSuchMethodError'{0x0553b1d0}: 'long java.lang.invoke.DirectMethodHandle$Holder.invokeStaticInit(java.lang.Object, java.lang.Object, java.lang.Object)'> (0x0553b1d0) thrown at [s\src\hotspot\share\interpreter\linkResolver.cpp, line 773]
Event: 0.940 Thread 0x1654a400 Exception <a 'java/lang/NoSuchMethodError'{0x055818d0}: 'java.lang.Object java.lang.invoke.DirectMethodHandle$Holder.invokeStatic(java.lang.Object, java.lang.Object, long)'> (0x055818d0) thrown at [s\src\hotspot\share\interpreter\linkResolver.cpp, line 773]
Event: 0.940 Thread 0x1654a400 Exception <a 'java/lang/NoSuchMethodError'{0x05587320}: 'java.lang.Object java.lang.invoke.Invokers$Holder.linkToTargetMethod(java.lang.Object, long, java.lang.Object)'> (0x05587320) thrown at [s\src\hotspot\share\interpreter\linkResolver.cpp, line 773]
Event: 1.707 Thread 0x1654a400 Exception <a 'java/io/FileNotFoundException'{0x05a72798}> (0x05a72798) thrown at [s\src\hotspot\share\prims\jni.cpp, line 617]
Event: 1.712 Thread 0x1654a400 Exception <a 'java/io/FileNotFoundException'{0x05ac35f0}> (0x05ac35f0) thrown at [s\src\hotspot\share\prims\jni.cpp, line 617]
Event: 3.222 Thread 0x1654a400 Exception <a 'java/lang/NoSuchMethodError'{0x0550cd00}: 'java.lang.Object java.lang.invoke.DirectMethodHandle$Holder.invokeStatic(java.lang.Object, java.lang.Object, int, int, int, int, int, java.lang.Object)'> (0x0550cd00) thrown at [s\src\hotspot\share\interpreter\linkResolver.cpp, line 773]
Event: 3.223 Thread 0x1654a400 Exception <a 'java/lang/NoSuchMethodError'{0x0551c908}: 'java.lang.Object java.lang.invoke.DirectMethodHandle$Holder.invokeStatic(java.lang.Object, java.lang.Object, java.lang.Object, int, int, int, int, int)'> (0x0551c908) thrown at [s\src\hotspot\share\interpreter\linkResolver.cpp, line 773]
Event: 3.223 Thread 0x1654a400 Exception <a 'java/lang/NoSuchMethodError'{0x05522e38}: 'java.lang.Object java.lang.invoke.Invokers$Holder.linkToTargetMethod(java.lang.Object, java.lang.Object, int, int, int, int, int, java.lang.Object)'> (0x05522e38) thrown at [s\src\hotspot\share\interpreter\linkResolver.cpp, line 773]
Event: 4.227 Thread 0x1654a400 Exception <a 'java/lang/IllegalArgumentException'{0x05b3feb8}> (0x05b3feb8) thrown at [s\src\hotspot\share\prims\jvm.cpp, line 1310]
Event: 4.252 Thread 0x1654a400 Exception <a 'java/lang/IllegalArgumentException'{0x05b50538}> (0x05b50538) thrown at [s\src\hotspot\share\prims\jvm.cpp, line 1310]

Events (20 events):
Event: 4.194 loading class javafx/application/Application
Event: 4.194 loading class javafx/application/Application done
Event: 4.194 loading class javafx/application/Application
Event: 4.194 loading class javafx/application/Application done
Event: 4.224 loading class com/sun/javafx/tk/quantum/GlassScene
Event: 4.224 loading class com/sun/javafx/tk/quantum/GlassScene done
Event: 4.224 loading class com/sun/javafx/tk/quantum/WindowStage
Event: 4.224 loading class com/sun/javafx/tk/quantum/WindowStage done
Event: 4.225 loading class com/sun/prism/GraphicsResource
Event: 4.225 loading class com/sun/prism/GraphicsResource done
Event: 4.225 loading class com/sun/prism/GraphicsResource
Event: 4.225 loading class com/sun/prism/GraphicsResource done
Event: 4.225 loading class com/sun/javafx/tk/quantum/ViewScene
Event: 4.225 loading class com/sun/javafx/tk/quantum/ViewScene done
Event: 4.226 loading class com/sun/javafx/tk/quantum/WindowStage
Event: 4.226 loading class com/sun/javafx/tk/quantum/WindowStage done
Event: 4.227 loading class java/lang/Throwable$WrappedPrintStream
Event: 4.227 loading class java/lang/Throwable$PrintStreamOrWriter
Event: 4.227 loading class java/lang/Throwable$PrintStreamOrWriter done
Event: 4.227 loading class java/lang/Throwable$WrappedPrintStream done


Dynamic libraries:
0x002b0000 - 0x002bc000 	C:\Program Files (x86)\Eclipse Adoptium\jdk-11.0.21.9-hotspot\bin\java.exe
0x76f20000 - 0x770d1000 	C:\WINDOWS\SYSTEM32\ntdll.dll
0x75520000 - 0x75610000 	C:\WINDOWS\System32\KERNEL32.DLL
0x767d0000 - 0x76a45000 	C:\WINDOWS\System32\KERNELBASE.dll
0x73ee0000 - 0x73f86000 	C:\WINDOWS\SYSTEM32\apphelp.dll
0x756d0000 - 0x757e2000 	C:\WINDOWS\System32\ucrtbase.dll
0x6e280000 - 0x6e293000 	C:\Program Files (x86)\Eclipse Adoptium\jdk-11.0.21.9-hotspot\bin\VCRUNTIME140.dll
0x6e2a0000 - 0x6e2b5000 	C:\Program Files (x86)\Eclipse Adoptium\jdk-11.0.21.9-hotspot\bin\jli.dll
0x76a80000 - 0x76c29000 	C:\WINDOWS\System32\USER32.dll
0x74d10000 - 0x74d2a000 	C:\WINDOWS\System32\win32u.dll
0x6db90000 - 0x6ddb8000 	C:\WINDOWS\WinSxS\x86_microsoft.windows.common-controls_6595b64144ccf1df_6.0.22621.3235_none_6ebcabb88802389e\COMCTL32.dll
0x76a50000 - 0x76a73000 	C:\WINDOWS\System32\GDI32.dll
0x74da0000 - 0x74e64000 	C:\WINDOWS\System32\msvcrt.dll
0x75b80000 - 0x75c62000 	C:\WINDOWS\System32\gdi32full.dll
0x75c70000 - 0x75ce9000 	C:\WINDOWS\System32\msvcp_win.dll
0x74ce0000 - 0x74d05000 	C:\WINDOWS\System32\IMM32.DLL
0x6cfd0000 - 0x6d03f000 	C:\Program Files (x86)\Eclipse Adoptium\jdk-11.0.21.9-hotspot\bin\msvcp140.dll
0x6b270000 - 0x6b74b000 	C:\Program Files (x86)\Eclipse Adoptium\jdk-11.0.21.9-hotspot\bin\client\jvm.dll
0x76da0000 - 0x76e1f000 	C:\WINDOWS\System32\ADVAPI32.dll
0x76c50000 - 0x76cd5000 	C:\WINDOWS\System32\sechost.dll
0x76d80000 - 0x76d9a000 	C:\WINDOWS\System32\bcrypt.dll
0x75610000 - 0x756ca000 	C:\WINDOWS\System32\RPCRT4.dll
0x74d90000 - 0x74d96000 	C:\WINDOWS\System32\PSAPI.DLL
0x74a60000 - 0x74a68000 	C:\WINDOWS\SYSTEM32\VERSION.dll
0x70070000 - 0x70078000 	C:\WINDOWS\SYSTEM32\WSOCK32.dll
0x75050000 - 0x750af000 	C:\WINDOWS\System32\WS2_32.dll
0x72770000 - 0x727a1000 	C:\WINDOWS\SYSTEM32\WINMM.dll
0x74a70000 - 0x74a83000 	C:\WINDOWS\SYSTEM32\kernel.appcore.dll
0x6e900000 - 0x6e90d000 	C:\Program Files (x86)\Eclipse Adoptium\jdk-11.0.21.9-hotspot\bin\verify.dll
0x6bfb0000 - 0x6c186000 	C:\WINDOWS\SYSTEM32\DBGHELP.DLL
0x757f0000 - 0x75a6c000 	C:\WINDOWS\System32\combase.dll
0x76ce0000 - 0x76d7c000 	C:\WINDOWS\System32\OLEAUT32.dll
0x6cfa0000 - 0x6cfc9000 	C:\WINDOWS\SYSTEM32\dbgcore.DLL
0x753b0000 - 0x75412000 	C:\WINDOWS\System32\bcryptPrimitives.dll
0x6cf70000 - 0x6cf92000 	C:\Program Files (x86)\Eclipse Adoptium\jdk-11.0.21.9-hotspot\bin\java.dll
0x6e270000 - 0x6e279000 	C:\Program Files (x86)\Eclipse Adoptium\jdk-11.0.21.9-hotspot\bin\jimage.dll
0x6cf10000 - 0x6cf1d000 	C:\Program Files (x86)\Eclipse Adoptium\jdk-11.0.21.9-hotspot\bin\instrument.dll
0x6df30000 - 0x6df46000 	C:\Program Files (x86)\Eclipse Adoptium\jdk-11.0.21.9-hotspot\bin\zip.dll
0x75cf0000 - 0x76389000 	C:\WINDOWS\System32\SHELL32.dll
0x71e70000 - 0x7255f000 	C:\WINDOWS\SYSTEM32\windows.storage.dll
0x716c0000 - 0x71787000 	C:\WINDOWS\SYSTEM32\wintypes.dll
0x75170000 - 0x75231000 	C:\WINDOWS\System32\SHCORE.dll
0x74d40000 - 0x74d8b000 	C:\WINDOWS\System32\shlwapi.dll
0x70050000 - 0x70069000 	C:\WINDOWS\SYSTEM32\profapi.dll
0x6de10000 - 0x6de24000 	C:\Program Files (x86)\Eclipse Adoptium\jdk-11.0.21.9-hotspot\bin\net.dll
0x73c80000 - 0x73d5c000 	C:\WINDOWS\SYSTEM32\WINHTTP.dll
0x6fae0000 - 0x6fb31000 	C:\WINDOWS\system32\mswsock.dll
0x6e260000 - 0x6e26f000 	C:\Program Files (x86)\Eclipse Adoptium\jdk-11.0.21.9-hotspot\bin\nio.dll
0x6cef0000 - 0x6cf06000 	C:\Users\luigu\AppData\Local\Programs\IntelliJ IDEA Ultimate\bin\breakgen.dll
0x6c640000 - 0x6c643000 	C:\Users\luigu\.openjfx\cache\17.0.6\api-ms-win-core-console-l1-1-0.dll
0x6c630000 - 0x6c633000 	C:\Users\luigu\.openjfx\cache\17.0.6\api-ms-win-core-console-l1-2-0.dll
0x6c620000 - 0x6c623000 	C:\Users\luigu\.openjfx\cache\17.0.6\api-ms-win-core-datetime-l1-1-0.dll
0x6c610000 - 0x6c613000 	C:\Users\luigu\.openjfx\cache\17.0.6\api-ms-win-core-debug-l1-1-0.dll
0x6c600000 - 0x6c603000 	C:\Users\luigu\.openjfx\cache\17.0.6\api-ms-win-core-errorhandling-l1-1-0.dll
0x6c5f0000 - 0x6c5f4000 	C:\Users\luigu\.openjfx\cache\17.0.6\api-ms-win-core-file-l1-1-0.dll
0x6c5e0000 - 0x6c5e3000 	C:\Users\luigu\.openjfx\cache\17.0.6\api-ms-win-core-file-l1-2-0.dll
0x6be50000 - 0x6be53000 	C:\Users\luigu\.openjfx\cache\17.0.6\api-ms-win-core-file-l2-1-0.dll
0x6be40000 - 0x6be43000 	C:\Users\luigu\.openjfx\cache\17.0.6\api-ms-win-core-handle-l1-1-0.dll
0x6be30000 - 0x6be33000 	C:\Users\luigu\.openjfx\cache\17.0.6\api-ms-win-core-heap-l1-1-0.dll
0x6be20000 - 0x6be23000 	C:\Users\luigu\.openjfx\cache\17.0.6\api-ms-win-core-interlocked-l1-1-0.dll
0x6be10000 - 0x6be13000 	C:\Users\luigu\.openjfx\cache\17.0.6\api-ms-win-core-libraryloader-l1-1-0.dll
0x6be00000 - 0x6be03000 	C:\Users\luigu\.openjfx\cache\17.0.6\api-ms-win-core-localization-l1-2-0.dll
0x6bdf0000 - 0x6bdf3000 	C:\Users\luigu\.openjfx\cache\17.0.6\api-ms-win-core-memory-l1-1-0.dll
0x6bdd0000 - 0x6bdd3000 	C:\Users\luigu\.openjfx\cache\17.0.6\api-ms-win-core-namedpipe-l1-1-0.dll
0x6bdb0000 - 0x6bdb3000 	C:\Users\luigu\.openjfx\cache\17.0.6\api-ms-win-core-processenvironment-l1-1-0.dll
0x6bda0000 - 0x6bda3000 	C:\Users\luigu\.openjfx\cache\17.0.6\api-ms-win-core-processthreads-l1-1-0.dll
0x6bd90000 - 0x6bd93000 	C:\Users\luigu\.openjfx\cache\17.0.6\api-ms-win-core-processthreads-l1-1-1.dll
0x6bd80000 - 0x6bd83000 	C:\Users\luigu\.openjfx\cache\17.0.6\api-ms-win-core-profile-l1-1-0.dll
0x6bd70000 - 0x6bd73000 	C:\Users\luigu\.openjfx\cache\17.0.6\api-ms-win-core-rtlsupport-l1-1-0.dll
0x6bd60000 - 0x6bd63000 	C:\Users\luigu\.openjfx\cache\17.0.6\api-ms-win-core-string-l1-1-0.dll
0x6bd50000 - 0x6bd53000 	C:\Users\luigu\.openjfx\cache\17.0.6\api-ms-win-core-synch-l1-1-0.dll
0x6bd40000 - 0x6bd43000 	C:\Users\luigu\.openjfx\cache\17.0.6\api-ms-win-core-synch-l1-2-0.dll
0x6bd30000 - 0x6bd33000 	C:\Users\luigu\.openjfx\cache\17.0.6\api-ms-win-core-sysinfo-l1-1-0.dll
0x6bd20000 - 0x6bd23000 	C:\Users\luigu\.openjfx\cache\17.0.6\api-ms-win-core-timezone-l1-1-0.dll
0x6bd10000 - 0x6bd13000 	C:\Users\luigu\.openjfx\cache\17.0.6\api-ms-win-core-util-l1-1-0.dll
0x6bd00000 - 0x6bd03000 	C:\Users\luigu\.openjfx\cache\17.0.6\api-ms-win-crt-conio-l1-1-0.dll
0x6bcf0000 - 0x6bcf4000 	C:\Users\luigu\.openjfx\cache\17.0.6\api-ms-win-crt-convert-l1-1-0.dll
0x6bce0000 - 0x6bce3000 	C:\Users\luigu\.openjfx\cache\17.0.6\api-ms-win-crt-environment-l1-1-0.dll
0x6ba50000 - 0x6ba53000 	C:\Users\luigu\.openjfx\cache\17.0.6\api-ms-win-crt-filesystem-l1-1-0.dll
0x6ba40000 - 0x6ba43000 	C:\Users\luigu\.openjfx\cache\17.0.6\api-ms-win-crt-heap-l1-1-0.dll
0x6ba30000 - 0x6ba33000 	C:\Users\luigu\.openjfx\cache\17.0.6\api-ms-win-crt-locale-l1-1-0.dll
0x6ba20000 - 0x6ba25000 	C:\Users\luigu\.openjfx\cache\17.0.6\api-ms-win-crt-math-l1-1-0.dll
0x6ba10000 - 0x6ba15000 	C:\Users\luigu\.openjfx\cache\17.0.6\api-ms-win-crt-multibyte-l1-1-0.dll
0x6ba00000 - 0x6ba10000 	C:\Users\luigu\.openjfx\cache\17.0.6\api-ms-win-crt-private-l1-1-0.dll
0x6b9f0000 - 0x6b9f3000 	C:\Users\luigu\.openjfx\cache\17.0.6\api-ms-win-crt-process-l1-1-0.dll
0x6b9e0000 - 0x6b9e4000 	C:\Users\luigu\.openjfx\cache\17.0.6\api-ms-win-crt-runtime-l1-1-0.dll
0x6b9d0000 - 0x6b9d4000 	C:\Users\luigu\.openjfx\cache\17.0.6\api-ms-win-crt-stdio-l1-1-0.dll
0x6b9c0000 - 0x6b9c4000 	C:\Users\luigu\.openjfx\cache\17.0.6\api-ms-win-crt-string-l1-1-0.dll
0x6b9b0000 - 0x6b9b3000 	C:\Users\luigu\.openjfx\cache\17.0.6\api-ms-win-crt-time-l1-1-0.dll
0x6b9a0000 - 0x6b9a3000 	C:\Users\luigu\.openjfx\cache\17.0.6\api-ms-win-crt-utility-l1-1-0.dll
0x6b870000 - 0x6b993000 	C:\Users\luigu\.openjfx\cache\17.0.6\ucrtbase.dll
0x6b810000 - 0x6b824000 	C:\Users\luigu\.openjfx\cache\17.0.6\vcruntime140.dll
0x6b7a0000 - 0x6b80d000 	C:\Users\luigu\.openjfx\cache\17.0.6\msvcp140.dll
0x6b790000 - 0x6b797000 	C:\Users\luigu\.openjfx\cache\17.0.6\msvcp140_1.dll
0x6b760000 - 0x6b789000 	C:\Users\luigu\.openjfx\cache\17.0.6\msvcp140_2.dll
0x6b240000 - 0x6b266000 	C:\Users\luigu\.openjfx\cache\17.0.6\prism_d3d.dll
0x6b0c0000 - 0x6b231000 	C:\WINDOWS\system32\d3d9.dll
0x6e110000 - 0x6e134000 	C:\WINDOWS\SYSTEM32\dwmapi.dll
0x74080000 - 0x740ae000 	C:\WINDOWS\SYSTEM32\dxcore.dll
0x73fc0000 - 0x7403f000 	C:\WINDOWS\system32\uxtheme.dll
0x6b030000 - 0x6b0c0000 	C:\WINDOWS\SYSTEM32\d3d9on12.dll
0x73e10000 - 0x73eda000 	C:\WINDOWS\SYSTEM32\dxgi.dll
0x6b010000 - 0x6b02d000 	C:\WINDOWS\SYSTEM32\d3d12.dll
0x72620000 - 0x7265d000 	C:\WINDOWS\SYSTEM32\cfgmgr32.dll
0x6ae60000 - 0x6b010000 	C:\WINDOWS\SYSTEM32\D3D12Core.dll
0x6ae40000 - 0x6ae5d000 	C:\WINDOWS\System32\DriverStore\FileRepository\iigd_dch.inf_amd64_3c65364e14984512\igd12umd32.dll
0x63b00000 - 0x6472a000 	C:\WINDOWS\System32\DriverStore\FileRepository\iigd_dch.inf_amd64_3c65364e14984512\igd12um32xel.dll
0x75240000 - 0x75343000 	C:\WINDOWS\System32\CRYPT32.dll
0x74b80000 - 0x74cd5000 	C:\WINDOWS\System32\ole32.dll
0x6ae00000 - 0x6ae35000 	C:\WINDOWS\SYSTEM32\ControlLib32.dll
0x76390000 - 0x767cd000 	C:\WINDOWS\System32\SETUPAPI.dll
0x6e600000 - 0x6e624000 	C:\WINDOWS\SYSTEM32\DEVOBJ.dll
0x6ad80000 - 0x6adf2000 	C:\WINDOWS\System32\DriverStore\FileRepository\iigd_dch.inf_amd64_3c65364e14984512\IntelControlLib32.dll
0x76eb0000 - 0x76f07000 	C:\WINDOWS\System32\WINTRUST.dll
0x6e5f0000 - 0x6e5fe000 	C:\WINDOWS\SYSTEM32\MSASN1.dll
0x6d5f0000 - 0x6d62c000 	C:\WINDOWS\SYSTEM32\directxdatabasehelper.dll
0x67160000 - 0x6748f000 	C:\WINDOWS\System32\DriverStore\FileRepository\iigd_dch.inf_amd64_3c65364e14984512\igdgmm32.dll
0x67490000 - 0x6ab15000 	C:\WINDOWS\System32\DriverStore\FileRepository\iigd_dch.inf_amd64_3c65364e14984512\igc32.dll
0x6ad50000 - 0x6ad71000 	C:\WINDOWS\SYSTEM32\D3DSCache.dll
0x73f90000 - 0x73faf000 	C:\WINDOWS\SYSTEM32\USERENV.dll
0x62880000 - 0x63afb000 	C:\WINDOWS\System32\DriverStore\FileRepository\iigd_dch.inf_amd64_3c65364e14984512\igd12dxva32.dll
0x60b90000 - 0x62880000 	C:\WINDOWS\System32\DriverStore\FileRepository\iigd_dch.inf_amd64_3c65364e14984512\media_bin_32.dll
0x6ad30000 - 0x6ad50000 	C:\WINDOWS\System32\DriverStore\FileRepository\iigd_dch.inf_amd64_3c65364e14984512\igdinfo32.dll
0x716a0000 - 0x716b5000 	C:\WINDOWS\SYSTEM32\CRYPTSP.dll
0x71670000 - 0x716a0000 	C:\WINDOWS\system32\rsaenh.dll
0x71350000 - 0x7135b000 	C:\WINDOWS\SYSTEM32\CRYPTBASE.dll
0x56ef0000 - 0x570dc000 	C:\WINDOWS\SYSTEM32\twinapi.appcore.dll
0x6acf0000 - 0x6ad27000 	C:\Users\luigu\.openjfx\cache\17.0.6\glass.dll

dbghelp: loaded successfully - version: 4.0.5 - missing functions: none
symbol engine: initialized successfully - sym options: 0x614 - pdb path: .;C:\Program Files (x86)\Eclipse Adoptium\jdk-11.0.21.9-hotspot\bin;C:\WINDOWS\SYSTEM32;C:\WINDOWS\WinSxS\x86_microsoft.windows.common-controls_6595b64144ccf1df_6.0.22621.3235_none_6ebcabb88802389e;C:\Program Files (x86)\Eclipse Adoptium\jdk-11.0.21.9-hotspot\bin\client;C:\Users\luigu\AppData\Local\Programs\IntelliJ IDEA Ultimate\bin;C:\Users\luigu\.openjfx\cache\17.0.6;C:\WINDOWS\System32\DriverStore\FileRepository\iigd_dch.inf_amd64_3c65364e14984512;C:\ProgramData\A-Volute\A-Volute.Nahimic\Modules\Scheduled;C:\Program Files (x86)\Common Files\Microsoft Shared\Ink

VM Arguments:
jvm_args: -javaagent:C:\Users\luigu\AppData\Local\Programs\IntelliJ IDEA Ultimate\lib\idea_rt.jar=54675:C:\Users\luigu\AppData\Local\Programs\IntelliJ IDEA Ultimate\bin -Dfile.encoding=UTF-8 --module-path=C:\Users\luigu\.m2\repository\org\openjfx\javafx-graphics\17.0.6\javafx-graphics-17.0.6-win-x86.jar;C:\Users\luigu\.m2\repository\org\kordamp\bootstrapfx\bootstrapfx-core\0.4.0\bootstrapfx-core-0.4.0.jar;C:\Users\luigu\.m2\repository\org\openjfx\javafx-base\17.0.6\javafx-base-17.0.6-win-x86.jar;C:\Users\luigu\.m2\repository\org\openjfx\javafx-controls\17.0.6\javafx-controls-17.0.6-win-x86.jar;C:\Users\luigu\.m2\repository\org\openjfx\javafx-fxml\17.0.6\javafx-fxml-17.0.6-win-x86.jar;C:\Users\luigu\.m2\repository\com\dlsc\formsfx\formsfx-core\11.6.0\formsfx-core-11.6.0.jar;C:\Users\luigu\.m2\repository\net\synedra\validatorfx\0.4.0\validatorfx-0.4.0.jar;C:\Users\luigu\.m2\repository\org\controlsfx\controlsfx\11.1.2\controlsfx-11.1.2.jar;C:\Users\luigu\IdeaProjects\Joyeria_ProyectoMult\target\classes -Djdk.module.main=com.eduard034.joyeria_proyectomult 
java_command: com.eduard034.joyeria_proyectomult/com.eduard034.joyeria_proyectomult.JoyeriaApp
java_class_path (initial): C:\Users\luigu\.m2\repository\org\openjfx\javafx-controls\17.0.6\javafx-controls-17.0.6.jar;C:\Users\luigu\.m2\repository\org\openjfx\javafx-graphics\17.0.6\javafx-graphics-17.0.6.jar;C:\Users\luigu\.m2\repository\org\openjfx\javafx-base\17.0.6\javafx-base-17.0.6.jar;C:\Users\luigu\.m2\repository\org\openjfx\javafx-fxml\17.0.6\javafx-fxml-17.0.6.jar
Launcher Type: SUN_STANDARD

[Global flags]
   size_t InitialHeapSize                          = 16777216                                  {product} {ergonomic}
   size_t MaxHeapSize                              = 268435456                                 {product} {ergonomic}
   size_t MaxNewSize                               = 89456640                                  {product} {ergonomic}
   size_t MinHeapDeltaBytes                        = 131072                                    {product} {ergonomic}
   size_t NewSize                                  = 5570560                                   {product} {ergonomic}
    uintx NonProfiledCodeHeapSize                  = 0                                      {pd product} {ergonomic}
   size_t OldSize                                  = 11206656                                  {product} {ergonomic}
    uintx ProfiledCodeHeapSize                     = 0                                      {pd product} {ergonomic}
     bool ThreadLocalHandshakes                    = false                                  {pd product} {ergonomic}
     bool UseLargePagesIndividualAllocation        = false                                  {pd product} {ergonomic}
     bool UseSerialGC                              = true                                      {product} {ergonomic}

Logging:
Log output configuration:
 #0: stdout all=warning uptime,level,tags
 #1: stderr all=off uptime,level,tags

Environment Variables:
PATH=C:\Program Files (x86)\Eclipse Adoptium\jre-11.0.21.9-hotspot\bin;C:\Program Files (x86)\Eclipse Adoptium\jdk-11.0.21.9-hotspot\bin;C:\Program Files (x86)\VMware\VMware Player\bin\;C:\Windows\system32;C:\Windows;C:\Windows\System32\Wbem;C:\Windows\System32\WindowsPowerShell\v1.0\;C:\Windows\System32\OpenSSH\;C:\Program Files (x86)\NVIDIA Corporation\PhysX\Common;C:\Program Files\NVIDIA Corporation\NVIDIA NvDLISR;C:\WINDOWS\system32;C:\WINDOWS;C:\WINDOWS\System32\Wbem;C:\WINDOWS\System32\WindowsPowerShell\v1.0\;C:\WINDOWS\System32\OpenSSH\;C:\Program Files\Git\cmd;C:\Users\luigu\AppData\Local\Microsoft\WindowsApps;C:\Users\luigu\AppData\Local\Programs\Microsoft VS Code\bin;C:\Users\luigu\AppData\Local\JetBrains\Toolbox\scripts;C:\Users\luigu\AppData\Local\GitHubDesktop\bin
USERNAME=luigu
OS=Windows_NT
PROCESSOR_IDENTIFIER=Intel64 Family 6 Model 154 Stepping 3, GenuineIntel
TMP=C:\Users\luigu\AppData\Local\Temp
TEMP=C:\Users\luigu\AppData\Local\Temp



---------------  S Y S T E M  ---------------

OS: Windows 11 , 64 bit Build 22621 (10.0.22621.3374)
OS uptime: 4 days 16:59 hours

CPU:total 12 (initial active 12) (6 cores per cpu, 2 threads per core) family 6 model 154 stepping 3 microcode 0x419, cmov, cx8, fxsr, mmx, sse, sse2, sse3, ssse3, sse4.1, sse4.2, popcnt, avx, avx2, aes, clmul, erms, 3dnowpref, lzcnt, ht, tsc, tscinvbit, bmi1, bmi2, adx, sha, fma

Memory: 4k page, system-wide physical 7917M (794M free)
TotalPageFile size 19693M (AvailPageFile size 4398M), user-mode portion of virtual address-space 2047M (1226M free)
current process WorkingSet (physical memory assigned to process): 250M, peak: 258M
current process commit charge ("private bytes"): 243M, peak: 243M

vm_info: OpenJDK Client VM (11.0.21+9) for windows-x86 JRE (11.0.21+9), built on Oct 17 2023 17:27:10 by "" with MS VC++ 15.9 (VS2017)

END.
