#
# A fatal error has been detected by the Java Runtime Environment:
#
#  EXCEPTION_ACCESS_VIOLATION (0xc0000005) at pc=0x64616c62, pid=25484, tid=23612
#
# JRE version: OpenJDK Runtime Environment Temurin-11.0.21+9 (11.0.21+9) (build 11.0.21+9)
# Java VM: OpenJDK Client VM Temurin-11.0.21+9 (11.0.21+9, mixed mode, serial gc, windows-x86)
# Problematic frame:
# C  [glass.dll+0x16c62]
#
# No core dump will be written. Minidumps are not enabled by default on client versions of Windows
#
# If you would like to submit a bug report, please visit:
#   https://github.com/adoptium/adoptium-support/issues
# The crash happened outside the Java Virtual Machine in native code.
# See problematic frame for where to report the bug.
#

---------------  S U M M A R Y ------------

Command Line: -javaagent:C:\Users\luigu\AppData\Local\Programs\IntelliJ IDEA Ultimate\lib\idea_rt.jar=60322:C:\Users\luigu\AppData\Local\Programs\IntelliJ IDEA Ultimate\bin -Dfile.encoding=UTF-8 --module-path=C:\Users\luigu\.m2\repository\com\dlsc\formsfx\formsfx-core\11.6.0\formsfx-core-11.6.0.jar;C:\Users\luigu\.m2\repository\org\openjfx\javafx-base\17.0.6\javafx-base-17.0.6-win-x86.jar;C:\Users\luigu\.m2\repository\org\kordamp\bootstrapfx\bootstrapfx-core\0.4.0\bootstrapfx-core-0.4.0.jar;C:\Users\luigu\.m2\repository\net\synedra\validatorfx\0.4.0\validatorfx-0.4.0.jar;C:\Users\luigu\.m2\repository\org\openjfx\javafx-controls\17.0.6\javafx-controls-17.0.6-win-x86.jar;C:\Users\luigu\IdeaProjects\Joyeria_ProyectoMult\target\classes;C:\Users\luigu\.m2\repository\org\controlsfx\controlsfx\11.1.2\controlsfx-11.1.2.jar;C:\Users\luigu\.m2\repository\org\openjfx\javafx-fxml\17.0.6\javafx-fxml-17.0.6-win-x86.jar;C:\Users\luigu\.m2\repository\org\openjfx\javafx-graphics\17.0.6\javafx-graphics-17.0.6-win-x86.jar -Djdk.module.main=com.eduard034.joyeria_proyectomult com.eduard034.joyeria_proyectomult/com.eduard034.joyeria_proyectomult.JoyeriaApp

Host: 12th Gen Intel(R) Core(TM) i5-12450H, 12 cores, 7G,  Windows 11 , 64 bit Build 22621 (10.0.22621.3374)
Time: Wed Apr 10 12:11:13 2024 Hora estándar central (México) elapsed time: 12.893628 seconds (0d 0h 0m 12s)

---------------  T H R E A D  ---------------

Current thread (0x166e1000):  JavaThread "JavaFX Application Thread" [_thread_in_native, id=23612, stack(0x19900000,0x19950000)]

Stack: [0x19900000,0x19950000],  sp=0x1994e55c,  free space=313k
Native frames: (J=compiled Java code, A=aot compiled Java code, j=interpreted, Vv=VM code, C=native code)
C  [glass.dll+0x16c62]

Java frames: (J=compiled Java code, j=interpreted, Vv=VM code)
j  com.sun.glass.ui.win.WinWindow._close(J)Z+0 javafx.graphics
j  com.sun.glass.ui.Window.close()V+63 javafx.graphics
j  com.sun.glass.ui.win.WinWindow.close()V+8 javafx.graphics
j  com.sun.glass.ui.Application.terminate()V+75 javafx.graphics
j  com.sun.javafx.tk.quantum.QuantumToolkit.lambda$exit$13()Ljava/lang/Object;+5 javafx.graphics
j  com.sun.javafx.tk.quantum.QuantumToolkit$$Lambda$642.get()Ljava/lang/Object;+0 javafx.graphics
j  com.sun.javafx.tk.quantum.QuantumToolkit.runWithRenderLock(Ljava/util/function/Supplier;)Ljava/lang/Object;+7 javafx.graphics
j  com.sun.javafx.tk.quantum.QuantumToolkit.exit()V+26 javafx.graphics
j  com.sun.javafx.application.PlatformImpl.lambda$tkExit$16()V+3 javafx.graphics
j  com.sun.javafx.application.PlatformImpl$$Lambda$641.run()V+0 javafx.graphics
j  com.sun.javafx.application.PlatformImpl.lambda$runAndWait$12(Ljava/lang/Runnable;Ljava/util/concurrent/CountDownLatch;)V+1 javafx.graphics
j  com.sun.javafx.application.PlatformImpl$$Lambda$87.run()V+8 javafx.graphics
j  com.sun.javafx.application.PlatformImpl.lambda$runLater$10(Ljava/lang/Runnable;)Ljava/lang/Void;+1 javafx.graphics
j  com.sun.javafx.application.PlatformImpl$$Lambda$90.run()Ljava/lang/Object;+4 javafx.graphics
v  ~StubRoutines::call_stub
J 1450  java.security.AccessController.doPrivileged(Ljava/security/PrivilegedAction;Ljava/security/AccessControlContext;)Ljava/lang/Object; java.base@11.0.21 (0 bytes) @ 0x034cd907 [0x034cd8a0+0x00000067]
j  com.sun.javafx.application.PlatformImpl.lambda$runLater$11(Ljava/lang/Runnable;Ljava/security/AccessControlContext;)V+7 javafx.graphics
j  com.sun.javafx.application.PlatformImpl$$Lambda$89.run()V+8 javafx.graphics
j  com.sun.glass.ui.InvokeLaterDispatcher$Future.run()V+4 javafx.graphics
v  ~StubRoutines::call_stub
j  com.sun.glass.ui.win.WinApplication._runLoop(Ljava/lang/Runnable;)V+0 javafx.graphics
j  com.sun.glass.ui.win.WinApplication.lambda$runLoop$3(ILjava/lang/Runnable;)V+8 javafx.graphics
j  com.sun.glass.ui.win.WinApplication$$Lambda$78.run()V+12 javafx.graphics
j  java.lang.Thread.run()V+11 java.base@11.0.21
v  ~StubRoutines::call_stub

siginfo: EXCEPTION_ACCESS_VIOLATION (0xc0000005), reading address 0x000000b8


Register to memory mapping:

EIP=0x64616c62 glass.dll
EAX=0x0 is NULL
EBX=0x1994e790 is pointing into the stack for thread: 0x166e1000
ECX=0x0 is NULL
EDX=0x0 is NULL
ESP=0x1994e55c is pointing into the stack for thread: 0x166e1000
EBP=0x1994e588 is pointing into the stack for thread: 0x166e1000
ESI=0x00000401 is an unknown value
EDI=0x0 is NULL


Registers:
EAX=0x00000000, EBX=0x1994e790, ECX=0x00000000, EDX=0x00000000
ESP=0x1994e55c, EBP=0x1994e588, ESI=0x00000401, EDI=0x00000000
EIP=0x64616c62, EFLAGS=0x00010206

Top of Stack: (sp=0x1994e55c)
0x1994e55c:   1994e790 00000401 1994e790 64608df8
0x1994e56c:   082f3432 1659e440 00170bc8 00000401
0x1994e57c:   1994e6bc 646202b0 ffffffff 00000000
0x1994e58c:   64601755 00000401 1994e790 00000000
0x1994e59c:   00000401 00170bc8 1994e5d4 646016f0
0x1994e5ac:   750d30b3 00170bc8 00000401 1994e790
0x1994e5bc:   00000000 00170bc8 dcbaabcd 646016f0
0x1994e5cc:   00000401 00170bc8 1994e6cc 750c3ef6 

Instructions: (pc=0x64616c62)
0x64616b62:   21 56 e8 47 42 00 00 ff 35 e8 03 63 64 8b f0 ff
0x64616b72:   77 68 56 e8 96 de fe ff 56 e8 a0 41 00 00 83 c4
0x64616b82:   10 5e c7 05 a4 03 63 64 00 00 00 00 5f c3 83 ec
0x64616b92:   24 a1 ec e0 62 64 33 c4 89 44 24 20 8b 44 24 28
0x64616ba2:   53 89 44 24 04 8b d9 8b 44 24 30 89 44 24 08 8b
0x64616bb2:   44 24 38 55 89 44 24 10 8b 44 24 38 56 89 83 84
0x64616bc2:   00 00 00 8b 44 24 0c 89 5c 24 18 bb 00 00 00 80
0x64616bd2:   8b eb 8b f3 57 8b fb 85 c0 79 29 8d 44 24 20 50
0x64616be2:   e8 29 aa fe ff 83 c4 04 85 c0 8b 44 24 10 74 14
0x64616bf2:   8b 74 24 28 8b 5c 24 20 2b f3 8b 7c 24 2c 8b 6c
0x64616c02:   24 24 2b fd 6a 00 50 ff 74 24 1c 68 d8 23 62 64
0x64616c12:   57 56 8b 74 24 34 8b ce 55 53 ff 74 24 38 e8 db
0x64616c22:   a7 fe ff 8b f8 8d 4e 14 57 e8 40 64 00 00 57 8d
0x64616c32:   4e 14 e8 c7 64 00 00 8b 4c 24 30 8b c7 5f 5e 5d
0x64616c42:   5b 33 cc e8 ae 7a 00 00 83 c4 24 c2 10 00 53 8b
0x64616c52:   d9 56 57 ff 73 08 e8 93 a9 fe ff 8b f8 83 c4 04
0x64616c62:   8b 87 b8 00 00 00 85 c0 75 03 8b 47 04 3b 05 a4
0x64616c72:   03 63 64 75 29 e8 34 41 00 00 ff 35 e8 03 63 64
0x64616c82:   8b f0 ff 77 68 56 e8 83 dd fe ff 56 e8 8d 40 00
0x64616c92:   00 83 c4 10 c7 05 a4 03 63 64 00 00 00 00 8d 4f
0x64616ca2:   14 e8 b8 69 00 00 8d 4f 14 e8 e0 69 00 00 ff 73
0x64616cb2:   08 ff 15 f8 fe 62 64 85 c0 5f 0f 95 c0 5e 88 43
0x64616cc2:   04 5b c3 cc cc cc cc cc cc cc cc cc cc cc 55 8b
0x64616cd2:   ec 6a ff 68 f7 11 62 64 64 a1 00 00 00 00 50 83
0x64616ce2:   ec 08 53 56 57 a1 ec e0 62 64 33 c5 50 8d 45 f4
0x64616cf2:   64 a3 00 00 00 00 8b f9 ff 77 18 ff 15 60 ff 62
0x64616d02:   64 85 c0 75 13 0f 57 c0 66 0f 13 45 ec 8b 55 f0
0x64616d12:   8b 45 ec e9 a7 00 00 00 68 dc 00 00 00 e8 96 79
0x64616d22:   00 00 83 c4 04 89 45 f0 c7 45 fc 00 00 00 00 85
0x64616d32:   c0 74 19 ff 77 18 8b c8 6a 01 6a 00 6a 00 6a 00
0x64616d42:   ff 77 10 e8 a6 f9 ff ff 8b d8 eb 02 33 db ff 77
0x64616d52:   18 8b cb c7 45 fc ff ff ff ff 6a 00 68 00 00 10 


Stack slot to memory mapping:
stack at sp + 0 slots: 0x1994e790 is pointing into the stack for thread: 0x166e1000
stack at sp + 1 slots: 0x00000401 is an unknown value
stack at sp + 2 slots: 0x1994e790 is pointing into the stack for thread: 0x166e1000
stack at sp + 3 slots: 0x64608df8 glass.dll
stack at sp + 4 slots: 0x082f3432 is an unallocated location in the heap
stack at sp + 5 slots: 0x1659e440 points into unknown readable memory: 0x6462319c | 9c 31 62 64
stack at sp + 6 slots: 0x00170bc8 is an unknown value
stack at sp + 7 slots: 0x00000401 is an unknown value


---------------  P R O C E S S  ---------------

Threads class SMR info:
_java_thread_list=0x16c33a48, length=17, elements={
0x031bf800, 0x03298000, 0x03275000, 0x03295000,
0x03296c00, 0x1555f800, 0x15560c00, 0x15564400,
0x155a6800, 0x15a90400, 0x15d73000, 0x16693800,
0x166e1000, 0x16812c00, 0x1680d400, 0x16932800,
0x16c34000
}

Java Threads: ( => current thread )
  0x031bf800 JavaThread "main" [_thread_blocked, id=23836, stack(0x02950000,0x029a0000)]
  0x03298000 JavaThread "Reference Handler" daemon [_thread_blocked, id=16596, stack(0x052e0000,0x05330000)]
  0x03275000 JavaThread "Finalizer" daemon [_thread_blocked, id=23592, stack(0x05370000,0x053c0000)]
  0x03295000 JavaThread "Signal Dispatcher" daemon [_thread_blocked, id=18788, stack(0x15770000,0x157c0000)]
  0x03296c00 JavaThread "Attach Listener" daemon [_thread_blocked, id=25552, stack(0x15800000,0x15850000)]
  0x1555f800 JavaThread "Service Thread" daemon [_thread_blocked, id=25044, stack(0x15890000,0x158e0000)]
  0x15560c00 JavaThread "C1 CompilerThread0" daemon [_thread_blocked, id=25212, stack(0x15920000,0x15970000)]
  0x15564400 JavaThread "Sweeper thread" daemon [_thread_blocked, id=1116, stack(0x159b0000,0x15a00000)]
  0x155a6800 JavaThread "Common-Cleaner" daemon [_thread_blocked, id=10396, stack(0x15a40000,0x15a90000)]
  0x15a90400 JavaThread "Monitor Ctrl-Break" daemon [_thread_in_native, id=20084, stack(0x15ed0000,0x15f20000)]
  0x15d73000 JavaThread "QuantumRenderer-0" daemon [_thread_blocked, id=24660, stack(0x161f0000,0x16240000)]
  0x16693800 JavaThread "InvokeLaterDispatcher" daemon [_thread_blocked, id=1176, stack(0x19770000,0x197c0000)]
=>0x166e1000 JavaThread "JavaFX Application Thread" [_thread_in_native, id=23612, stack(0x19900000,0x19950000)]
  0x16812c00 JavaThread "JavaFX-Launcher" [_thread_blocked, id=21784, stack(0x1df10000,0x1df60000)]
  0x1680d400 JavaThread "Thread-2" daemon [_thread_in_native, id=23764, stack(0x1de80000,0x1ded0000)]
  0x16932800 JavaThread "Prism Font Disposer" daemon [_thread_blocked, id=19144, stack(0x1f540000,0x1f590000)]
  0x16c34000 JavaThread "Cleaner-0" daemon [_thread_blocked, id=20448, stack(0x22890000,0x228e0000)]

Other Threads:
  0x03272c00 VMThread "VM Thread" [stack: 0x03140000,0x03190000] [id=25072]
  0x15a91400 WatcherThread [stack: 0x15f60000,0x15fb0000] [id=6780]

Threads with active compile tasks:

VM state:not at safepoint (normal execution)

VM Mutex/Monitor currently owned by a thread: None

Heap:
 def new generation   total 8640K, used 7913K [0x05400000, 0x05d60000, 0x0a950000)
  eden space 7680K,  99% used [0x05400000, 0x05b7ef10, 0x05b80000)
  from space 960K,  24% used [0x05b80000, 0x05bbb6a8, 0x05c70000)
  to   space 960K,   0% used [0x05c70000, 0x05c70000, 0x05d60000)
 tenured generation   total 19096K, used 17930K [0x0a950000, 0x0bbf6000, 0x15400000)
   the space 19096K,  93% used [0x0a950000, 0x0bad2848, 0x0bad2a00, 0x0bbf6000)
 Metaspace       used 16087K, capacity 16499K, committed 16512K, reserved 16768K

Card table byte_map: [0x02bb0000,0x02c40000] _byte_map_base: 0x02b86000

Polling page: 0x02b10000

Metaspace:

Usage:
   16.11 MB capacity,    15.71 MB ( 98%) used,   280.11 KB (  2%) free+waste,   131.29 KB ( <1%) overhead. 

Virtual space:
     16.38 MB reserved,      16.13 MB ( 98%) committed 

Chunk freelists:
0 bytes

MaxMetaspaceSize: 4.00 GB
No class space
Initial GC threshold: 12.00 MB
Current GC threshold: 19.59 MB
CDS: off

CodeCache: size=32768Kb used=2610Kb max_used=2610Kb free=30157Kb
 bounds [0x032a0000, 0x03530000, 0x052a0000]
 total_blobs=2242 nmethods=1805 adapters=370
 compilation: enabled
              stopped_count=0, restarted_count=0
 full_count=0

Compilation events (20 events):
Event: 12.480 Thread 0x15560c00 1795             java.lang.Double::<init> (10 bytes)
Event: 12.480 Thread 0x15560c00 nmethod 1795 0x0352a648 code [0x0352a750, 0x0352a7d0]
Event: 12.480 Thread 0x15560c00 1796             com.sun.javafx.sg.prism.NGRegion::roundUp (20 bytes)
Event: 12.480 Thread 0x15560c00 nmethod 1796 0x0352a808 code [0x0352a930, 0x0352aa20]
Event: 12.481 Thread 0x15560c00 1797             javafx.scene.layout.Region::snapSizeX (10 bytes)
Event: 12.481 Thread 0x15560c00 nmethod 1797 0x0352aa88 code [0x0352ac10, 0x0352ae00]
Event: 12.481 Thread 0x15560c00 1798             javafx.scene.layout.Region::snapSizeX (17 bytes)
Event: 12.482 Thread 0x15560c00 nmethod 1798 0x0352b008 code [0x0352b190, 0x0352b360]
Event: 12.591 Thread 0x15560c00 1800             java.lang.Thread::interrupted (8 bytes)
Event: 12.591 Thread 0x15560c00 nmethod 1800 0x0352b808 code [0x0352b920, 0x0352b9bc]
Event: 12.673 Thread 0x15560c00 1801             javafx.geometry.Bounds::getMinX (5 bytes)
Event: 12.673 Thread 0x15560c00 nmethod 1801 0x0352ba48 code [0x0352bb50, 0x0352bbd0]
Event: 12.757 Thread 0x15560c00 1802             javafx.scene.control.SkinBase$$Lambda$226/0x1fa57838::handle (8 bytes)
Event: 12.757 Thread 0x15560c00 nmethod 1802 0x0352bc08 code [0x0352bd20, 0x0352bdd0]
Event: 12.759 Thread 0x15560c00 1803             java.lang.invoke.MethodHandles$Lookup::checkSecurityManager (104 bytes)
Event: 12.759 Thread 0x15560c00 nmethod 1803 0x0352be88 code [0x0352c020, 0x0352c32c]
Event: 12.759 Thread 0x15560c00 1804             java.lang.invoke.MethodHandleNatives::refKindIsMethod (19 bytes)
Event: 12.759 Thread 0x15560c00 nmethod 1804 0x0352c548 code [0x0352c650, 0x0352c700]
Event: 12.782 Thread 0x15560c00 1805             java.util.ArrayList::indexOf (11 bytes)
Event: 12.782 Thread 0x15560c00 nmethod 1805 0x0352c748 code [0x0352c860, 0x0352c8fc]

GC Heap History (20 events):
Event: 0.763 GC heap before
{Heap before GC invocations=5 (full 0):
 def new generation   total 4928K, used 4901K [0x05400000, 0x05950000, 0x0a950000)
  eden space 4416K,  99% used [0x05400000, 0x0584e280, 0x05850000)
  from space 512K,  96% used [0x058d0000, 0x0594b3c0, 0x05950000)
  to   space 512K,   0% used [0x05850000, 0x05850000, 0x058d0000)
 tenured generation   total 10944K, used 2273K [0x0a950000, 0x0b400000, 0x15400000)
   the space 10944K,  20% used [0x0a950000, 0x0ab88510, 0x0ab88600, 0x0b400000)
 Metaspace       used 8869K, capacity 8989K, committed 9088K, reserved 9600K
}
Event: 0.764 GC heap after
{Heap after GC invocations=6 (full 0):
 def new generation   total 4928K, used 512K [0x05400000, 0x05950000, 0x0a950000)
  eden space 4416K,   0% used [0x05400000, 0x05400000, 0x05850000)
  from space 512K, 100% used [0x05850000, 0x058d0000, 0x058d0000)
  to   space 512K,   0% used [0x058d0000, 0x058d0000, 0x05950000)
 tenured generation   total 10944K, used 2794K [0x0a950000, 0x0b400000, 0x15400000)
   the space 10944K,  25% used [0x0a950000, 0x0ac0aa68, 0x0ac0ac00, 0x0b400000)
 Metaspace       used 8869K, capacity 8989K, committed 9088K, reserved 9600K
}
Event: 0.830 GC heap before
{Heap before GC invocations=6 (full 0):
 def new generation   total 4928K, used 4928K [0x05400000, 0x05950000, 0x0a950000)
  eden space 4416K, 100% used [0x05400000, 0x05850000, 0x05850000)
  from space 512K, 100% used [0x05850000, 0x058d0000, 0x058d0000)
  to   space 512K,   0% used [0x058d0000, 0x058d0000, 0x05950000)
 tenured generation   total 10944K, used 2794K [0x0a950000, 0x0b400000, 0x15400000)
   the space 10944K,  25% used [0x0a950000, 0x0ac0aa68, 0x0ac0ac00, 0x0b400000)
 Metaspace       used 10558K, capacity 10734K, committed 10752K, reserved 11648K
}
Event: 0.832 GC heap after
{Heap after GC invocations=7 (full 0):
 def new generation   total 4928K, used 512K [0x05400000, 0x05950000, 0x0a950000)
  eden space 4416K,   0% used [0x05400000, 0x05400000, 0x05850000)
  from space 512K, 100% used [0x058d0000, 0x05950000, 0x05950000)
  to   space 512K,   0% used [0x05850000, 0x05850000, 0x058d0000)
 tenured generation   total 10944K, used 3700K [0x0a950000, 0x0b400000, 0x15400000)
   the space 10944K,  33% used [0x0a950000, 0x0aced0a8, 0x0aced200, 0x0b400000)
 Metaspace       used 10558K, capacity 10734K, committed 10752K, reserved 11648K
}
Event: 0.894 GC heap before
{Heap before GC invocations=7 (full 0):
 def new generation   total 4928K, used 4928K [0x05400000, 0x05950000, 0x0a950000)
  eden space 4416K, 100% used [0x05400000, 0x05850000, 0x05850000)
  from space 512K, 100% used [0x058d0000, 0x05950000, 0x05950000)
  to   space 512K,   0% used [0x05850000, 0x05850000, 0x058d0000)
 tenured generation   total 10944K, used 3700K [0x0a950000, 0x0b400000, 0x15400000)
   the space 10944K,  33% used [0x0a950000, 0x0aced0a8, 0x0aced200, 0x0b400000)
 Metaspace       used 11344K, capacity 11510K, committed 11520K, reserved 11648K
}
Event: 0.895 GC heap after
{Heap after GC invocations=8 (full 0):
 def new generation   total 4928K, used 510K [0x05400000, 0x05950000, 0x0a950000)
  eden space 4416K,   0% used [0x05400000, 0x05400000, 0x05850000)
  from space 512K,  99% used [0x05850000, 0x058cf9a0, 0x058d0000)
  to   space 512K,   0% used [0x058d0000, 0x058d0000, 0x05950000)
 tenured generation   total 10944K, used 4205K [0x0a950000, 0x0b400000, 0x15400000)
   the space 10944K,  38% used [0x0a950000, 0x0ad6b620, 0x0ad6b800, 0x0b400000)
 Metaspace       used 11344K, capacity 11510K, committed 11520K, reserved 11648K
}
Event: 0.962 GC heap before
{Heap before GC invocations=8 (full 0):
 def new generation   total 4928K, used 4926K [0x05400000, 0x05950000, 0x0a950000)
  eden space 4416K,  99% used [0x05400000, 0x0584ffa8, 0x05850000)
  from space 512K,  99% used [0x05850000, 0x058cf9a0, 0x058d0000)
  to   space 512K,   0% used [0x058d0000, 0x058d0000, 0x05950000)
 tenured generation   total 10944K, used 10436K [0x0a950000, 0x0b400000, 0x15400000)
   the space 10944K,  95% used [0x0a950000, 0x0b381018, 0x0b381200, 0x0b400000)
 Metaspace       used 11800K, capacity 11976K, committed 12032K, reserved 12672K
}
Event: 0.972 GC heap after
{Heap after GC invocations=9 (full 1):
 def new generation   total 8640K, used 414K [0x05400000, 0x05d60000, 0x0a950000)
  eden space 7680K,   5% used [0x05400000, 0x05467970, 0x05b80000)
  from space 960K,   0% used [0x05b80000, 0x05b80000, 0x05c70000)
  to   space 960K,   0% used [0x05c70000, 0x05c70000, 0x05d60000)
 tenured generation   total 19096K, used 11455K [0x0a950000, 0x0bbf6000, 0x15400000)
   the space 19096K,  59% used [0x0a950000, 0x0b47ffd8, 0x0b480000, 0x0bbf6000)
 Metaspace       used 11800K, capacity 11976K, committed 12032K, reserved 12672K
}
Event: 1.122 GC heap before
{Heap before GC invocations=9 (full 1):
 def new generation   total 8640K, used 7680K [0x05400000, 0x05d60000, 0x0a950000)
  eden space 7680K, 100% used [0x05400000, 0x05b80000, 0x05b80000)
  from space 960K,   0% used [0x05b80000, 0x05b80000, 0x05c70000)
  to   space 960K,   0% used [0x05c70000, 0x05c70000, 0x05d60000)
 tenured generation   total 19096K, used 11455K [0x0a950000, 0x0bbf6000, 0x15400000)
   the space 19096K,  59% used [0x0a950000, 0x0b47ffd8, 0x0b480000, 0x0bbf6000)
 Metaspace       used 12706K, capacity 12899K, committed 12928K, reserved 13696K
}
Event: 1.127 GC heap after
{Heap after GC invocations=10 (full 1):
 def new generation   total 8640K, used 960K [0x05400000, 0x05d60000, 0x0a950000)
  eden space 7680K,   0% used [0x05400000, 0x05400000, 0x05b80000)
  from space 960K, 100% used [0x05c70000, 0x05d60000, 0x05d60000)
  to   space 960K,   0% used [0x05b80000, 0x05b80000, 0x05c70000)
 tenured generation   total 19096K, used 11724K [0x0a950000, 0x0bbf6000, 0x15400000)
   the space 19096K,  61% used [0x0a950000, 0x0b4c3318, 0x0b4c3400, 0x0bbf6000)
 Metaspace       used 12706K, capacity 12899K, committed 12928K, reserved 13696K
}
Event: 1.203 GC heap before
{Heap before GC invocations=10 (full 1):
 def new generation   total 8640K, used 8640K [0x05400000, 0x05d60000, 0x0a950000)
  eden space 7680K, 100% used [0x05400000, 0x05b80000, 0x05b80000)
  from space 960K, 100% used [0x05c70000, 0x05d60000, 0x05d60000)
  to   space 960K,   0% used [0x05b80000, 0x05b80000, 0x05c70000)
 tenured generation   total 19096K, used 11724K [0x0a950000, 0x0bbf6000, 0x15400000)
   the space 19096K,  61% used [0x0a950000, 0x0b4c3318, 0x0b4c3400, 0x0bbf6000)
 Metaspace       used 13877K, capacity 14157K, committed 14208K, reserved 14720K
}
Event: 1.206 GC heap after
{Heap after GC invocations=11 (full 1):
 def new generation   total 8640K, used 561K [0x05400000, 0x05d60000, 0x0a950000)
  eden space 7680K,   0% used [0x05400000, 0x05400000, 0x05b80000)
  from space 960K,  58% used [0x05b80000, 0x05c0c628, 0x05c70000)
  to   space 960K,   0% used [0x05c70000, 0x05c70000, 0x05d60000)
 tenured generation   total 19096K, used 12676K [0x0a950000, 0x0bbf6000, 0x15400000)
   the space 19096K,  66% used [0x0a950000, 0x0b5b1138, 0x0b5b1200, 0x0bbf6000)
 Metaspace       used 13877K, capacity 14157K, committed 14208K, reserved 14720K
}
Event: 2.356 GC heap before
{Heap before GC invocations=11 (full 1):
 def new generation   total 8640K, used 8241K [0x05400000, 0x05d60000, 0x0a950000)
  eden space 7680K, 100% used [0x05400000, 0x05b80000, 0x05b80000)
  from space 960K,  58% used [0x05b80000, 0x05c0c628, 0x05c70000)
  to   space 960K,   0% used [0x05c70000, 0x05c70000, 0x05d60000)
 tenured generation   total 19096K, used 12676K [0x0a950000, 0x0bbf6000, 0x15400000)
   the space 19096K,  66% used [0x0a950000, 0x0b5b1138, 0x0b5b1200, 0x0bbf6000)
 Metaspace       used 14738K, capacity 15037K, committed 15104K, reserved 15744K
}
Event: 2.362 GC heap after
{Heap after GC invocations=12 (full 1):
 def new generation   total 8640K, used 960K [0x05400000, 0x05d60000, 0x0a950000)
  eden space 7680K,   0% used [0x05400000, 0x05400000, 0x05b80000)
  from space 960K, 100% used [0x05c70000, 0x05d60000, 0x05d60000)
  to   space 960K,   0% used [0x05b80000, 0x05b80000, 0x05c70000)
 tenured generation   total 19096K, used 14339K [0x0a950000, 0x0bbf6000, 0x15400000)
   the space 19096K,  75% used [0x0a950000, 0x0b750d60, 0x0b750e00, 0x0bbf6000)
 Metaspace       used 14738K, capacity 15037K, committed 15104K, reserved 15744K
}
Event: 3.178 GC heap before
{Heap before GC invocations=12 (full 1):
 def new generation   total 8640K, used 8640K [0x05400000, 0x05d60000, 0x0a950000)
  eden space 7680K, 100% used [0x05400000, 0x05b80000, 0x05b80000)
  from space 960K, 100% used [0x05c70000, 0x05d60000, 0x05d60000)
  to   space 960K,   0% used [0x05b80000, 0x05b80000, 0x05c70000)
 tenured generation   total 19096K, used 14339K [0x0a950000, 0x0bbf6000, 0x15400000)
   the space 19096K,  75% used [0x0a950000, 0x0b750d60, 0x0b750e00, 0x0bbf6000)
 Metaspace       used 15843K, capacity 16219K, committed 16256K, reserved 16768K
}
Event: 3.181 GC heap after
{Heap after GC invocations=13 (full 1):
 def new generation   total 8640K, used 709K [0x05400000, 0x05d60000, 0x0a950000)
  eden space 7680K,   0% used [0x05400000, 0x05400000, 0x05b80000)
  from space 960K,  73% used [0x05b80000, 0x05c31768, 0x05c70000)
  to   space 960K,   0% used [0x05c70000, 0x05c70000, 0x05d60000)
 tenured generation   total 19096K, used 15292K [0x0a950000, 0x0bbf6000, 0x15400000)
   the space 19096K,  80% used [0x0a950000, 0x0b83f018, 0x0b83f200, 0x0bbf6000)
 Metaspace       used 15843K, capacity 16219K, committed 16256K, reserved 16768K
}
Event: 9.751 GC heap before
{Heap before GC invocations=13 (full 1):
 def new generation   total 8640K, used 7515K [0x05400000, 0x05d60000, 0x0a950000)
  eden space 7680K,  88% used [0x05400000, 0x05aa55b8, 0x05b80000)
  from space 960K,  73% used [0x05b80000, 0x05c31768, 0x05c70000)
  to   space 960K,   0% used [0x05c70000, 0x05c70000, 0x05d60000)
 tenured generation   total 19096K, used 15292K [0x0a950000, 0x0bbf6000, 0x15400000)
   the space 19096K,  80% used [0x0a950000, 0x0b83f018, 0x0b83f200, 0x0bbf6000)
 Metaspace       used 16064K, capacity 16475K, committed 16512K, reserved 16768K
}
Event: 9.754 GC heap after
{Heap after GC invocations=14 (full 1):
 def new generation   total 8640K, used 960K [0x05400000, 0x05d60000, 0x0a950000)
  eden space 7680K,   0% used [0x05400000, 0x05400000, 0x05b80000)
  from space 960K, 100% used [0x05c70000, 0x05d60000, 0x05d60000)
  to   space 960K,   0% used [0x05b80000, 0x05b80000, 0x05c70000)
 tenured generation   total 19096K, used 16111K [0x0a950000, 0x0bbf6000, 0x15400000)
   the space 19096K,  84% used [0x0a950000, 0x0b90bf20, 0x0b90c000, 0x0bbf6000)
 Metaspace       used 16064K, capacity 16475K, committed 16512K, reserved 16768K
}
Event: 11.754 GC heap before
{Heap before GC invocations=14 (full 1):
 def new generation   total 8640K, used 3740K [0x05400000, 0x05d60000, 0x0a950000)
  eden space 7680K,  36% used [0x05400000, 0x056b71a8, 0x05b80000)
  from space 960K, 100% used [0x05c70000, 0x05d60000, 0x05d60000)
  to   space 960K,   0% used [0x05b80000, 0x05b80000, 0x05c70000)
 tenured generation   total 19096K, used 16111K [0x0a950000, 0x0bbf6000, 0x15400000)
   the space 19096K,  84% used [0x0a950000, 0x0b90bf20, 0x0b90c000, 0x0bbf6000)
 Metaspace       used 16077K, capacity 16490K, committed 16512K, reserved 16768K
}
Event: 11.756 GC heap after
{Heap after GC invocations=15 (full 1):
 def new generation   total 8640K, used 237K [0x05400000, 0x05d60000, 0x0a950000)
  eden space 7680K,   0% used [0x05400000, 0x05400000, 0x05b80000)
  from space 960K,  24% used [0x05b80000, 0x05bbb6a8, 0x05c70000)
  to   space 960K,   0% used [0x05c70000, 0x05c70000, 0x05d60000)
 tenured generation   total 19096K, used 17930K [0x0a950000, 0x0bbf6000, 0x15400000)
   the space 19096K,  93% used [0x0a950000, 0x0bad2848, 0x0bad2a00, 0x0bbf6000)
 Metaspace       used 16077K, capacity 16490K, committed 16512K, reserved 16768K
}

Deoptimization events (12 events):
Event: 1.105 Thread 0x166e1000 DEOPT PACKING pc=0x033cec8f sp=0x1994de40
Event: 1.105 Thread 0x166e1000 DEOPT UNPACKING pc=0x032dc187 sp=0x1994dd60 mode 3
Event: 1.107 Thread 0x166e1000 DEOPT PACKING pc=0x033febb1 sp=0x1994dfc0
Event: 1.107 Thread 0x166e1000 DEOPT UNPACKING pc=0x032dc187 sp=0x1994dee4 mode 3
Event: 1.201 Thread 0x166e1000 DEOPT PACKING pc=0x03441dcc sp=0x1994dfb0
Event: 1.201 Thread 0x166e1000 DEOPT UNPACKING pc=0x032dc187 sp=0x1994de60 mode 3
Event: 5.345 Thread 0x15d73000 DEOPT PACKING pc=0x034d603d sp=0x1623e5a0
Event: 5.345 Thread 0x15d73000 DEOPT UNPACKING pc=0x032dc187 sp=0x1623e4cc mode 3
Event: 12.759 Thread 0x166e1000 DEOPT PACKING pc=0x03472424 sp=0x1994c9e0
Event: 12.759 Thread 0x166e1000 DEOPT UNPACKING pc=0x032dc187 sp=0x1994c87c mode 0
Event: 12.759 Thread 0x166e1000 DEOPT PACKING pc=0x03472424 sp=0x1994e3e0
Event: 12.759 Thread 0x166e1000 DEOPT UNPACKING pc=0x032dc187 sp=0x1994e27c mode 0

Classes redefined (0 events):
No events

Internal exceptions (20 events):
Event: 1.148 Thread 0x166e1000 Exception <a 'java/lang/ClassNotFoundException'{0x055db120}: com/sun/javafx/scene/control/skin/resources/controls_es> (0x055db120) thrown at [s\src\hotspot\share\prims\jni.cpp, line 638]
Event: 1.148 Thread 0x166e1000 Exception <a 'java/lang/ClassNotFoundException'{0x055e8320}: com/sun/javafx/scene/control/skin/resources/controls_es_MX> (0x055e8320) thrown at [s\src\hotspot\share\prims\jni.cpp, line 638]
Event: 1.166 Thread 0x166e1000 Exception <a 'java/lang/NoSuchMethodError'{0x05787960}: 'void java.lang.invoke.DirectMethodHandle$Holder.invokeSpecial(java.lang.Object, java.lang.Object, java.lang.Object, java.lang.Object, java.lang.Object, java.lang.Object)'> (0x05787960) thrown at [s\src\hotspot\share\interpreter\linkResolver.cpp, line 773]
Event: 1.182 Thread 0x166e1000 Exception <a 'java/lang/NoSuchMethodError'{0x059e2890}: 'java.lang.Object java.lang.invoke.DirectMethodHandle$Holder.invokeInterface(java.lang.Object, java.lang.Object, java.lang.Object)'> (0x059e2890) thrown at [s\src\hotspot\share\interpreter\linkResolver.cpp, line 773]
Event: 1.182 Thread 0x166e1000 Exception <a 'java/lang/IncompatibleClassChangeError'{0x059e5650}: Found class java.lang.Object, but interface was expected> (0x059e5650) thrown at [s\src\hotspot\share\interpreter\linkResolver.cpp, line 839]
Event: 1.233 Thread 0x15d73000 Exception <a 'java/lang/NoSuchMethodError'{0x054e29e0}: 'int java.lang.invoke.DirectMethodHandle$Holder.invokeStaticInit(java.lang.Object, java.lang.Object)'> (0x054e29e0) thrown at [s\src\hotspot\share\interpreter\linkResolver.cpp, line 773]
Event: 1.237 Thread 0x166e1000 Exception <a 'java/lang/NoSuchMethodError'{0x05506428}: 'long java.lang.invoke.DirectMethodHandle$Holder.invokeStaticInit(java.lang.Object, java.lang.Object, java.lang.Object)'> (0x05506428) thrown at [s\src\hotspot\share\interpreter\linkResolver.cpp, line 773]
Event: 1.240 Thread 0x166e1000 Exception <a 'java/lang/NoSuchMethodError'{0x0553a868}: 'java.lang.Object java.lang.invoke.DirectMethodHandle$Holder.invokeStatic(java.lang.Object, java.lang.Object, long)'> (0x0553a868) thrown at [s\src\hotspot\share\interpreter\linkResolver.cpp, line 773]
Event: 1.240 Thread 0x166e1000 Exception <a 'java/lang/NoSuchMethodError'{0x055402b8}: 'java.lang.Object java.lang.invoke.Invokers$Holder.linkToTargetMethod(java.lang.Object, long, java.lang.Object)'> (0x055402b8) thrown at [s\src\hotspot\share\interpreter\linkResolver.cpp, line 773]
Event: 2.304 Thread 0x166e1000 Exception <a 'java/io/FileNotFoundException'{0x05a8fb78}> (0x05a8fb78) thrown at [s\src\hotspot\share\prims\jni.cpp, line 617]
Event: 2.329 Thread 0x166e1000 Exception <a 'java/io/FileNotFoundException'{0x05ae0940}> (0x05ae0940) thrown at [s\src\hotspot\share\prims\jni.cpp, line 617]
Event: 6.750 Thread 0x166e1000 Exception <a 'java/lang/NoSuchMethodError'{0x0584f588}: 'java.lang.Object java.lang.invoke.DirectMethodHandle$Holder.invokeStatic(java.lang.Object, java.lang.Object, int, int, int, int, int, java.lang.Object)'> (0x0584f588) thrown at [s\src\hotspot\share\interpreter\linkResolver.cpp, line 773]
Event: 6.750 Thread 0x166e1000 Exception <a 'java/lang/NoSuchMethodError'{0x0585f7f0}: 'java.lang.Object java.lang.invoke.DirectMethodHandle$Holder.invokeStatic(java.lang.Object, java.lang.Object, java.lang.Object, int, int, int, int, int)'> (0x0585f7f0) thrown at [s\src\hotspot\share\interpreter\linkResolver.cpp, line 773]
Event: 6.750 Thread 0x166e1000 Exception <a 'java/lang/NoSuchMethodError'{0x05866380}: 'java.lang.Object java.lang.invoke.Invokers$Holder.linkToTargetMethod(java.lang.Object, java.lang.Object, int, int, int, int, int, java.lang.Object)'> (0x05866380) thrown at [s\src\hotspot\share\interpreter\linkResolver.cpp, line 773]
Event: 7.987 Thread 0x166e1000 Exception <a 'java/lang/reflect/InvocationTargetException'{0x058d9548}> (0x058d9548) thrown at [s\src\hotspot\share\runtime\reflection.cpp, line 1245]
Event: 7.987 Thread 0x166e1000 Exception <a 'java/lang/RuntimeException'{0x058daf18}> (0x058daf18) thrown at [s\src\hotspot\share\prims\jvm.cpp, line 1310]
Event: 12.798 Thread 0x166e1000 Exception <a 'java/lang/IllegalArgumentException'{0x05b32e58}> (0x05b32e58) thrown at [s\src\hotspot\share\prims\jvm.cpp, line 1310]
Event: 12.819 Thread 0x166e1000 Exception <a 'java/lang/IllegalArgumentException'{0x05b4ce80}> (0x05b4ce80) thrown at [s\src\hotspot\share\prims\jvm.cpp, line 1310]
Event: 12.834 Thread 0x166e1000 Exception <a 'java/lang/IllegalArgumentException'{0x05b58840}> (0x05b58840) thrown at [s\src\hotspot\share\prims\jvm.cpp, line 1310]
Event: 12.863 Thread 0x166e1000 Exception <a 'java/lang/IllegalArgumentException'{0x05b64208}> (0x05b64208) thrown at [s\src\hotspot\share\prims\jvm.cpp, line 1310]

Events (20 events):
Event: 9.240 loading class com/sun/javafx/tk/quantum/ViewScene
Event: 9.240 loading class com/sun/javafx/tk/quantum/ViewScene done
Event: 9.241 loading class com/sun/javafx/tk/quantum/WindowStage
Event: 9.241 loading class com/sun/javafx/tk/quantum/WindowStage done
Event: 9.751 Executing VM operation: GenCollectForAllocation
Event: 9.754 Executing VM operation: GenCollectForAllocation done
Event: 11.220 Executing VM operation: RevokeBias
Event: 11.220 Executing VM operation: RevokeBias done
Event: 11.754 Executing VM operation: GenCollectForAllocation
Event: 11.756 Executing VM operation: GenCollectForAllocation done
Event: 11.789 loading class com/sun/prism/impl/ManagedResource
Event: 11.789 loading class com/sun/prism/impl/ManagedResource done
Event: 11.789 loading class com/sun/prism/impl/BaseResourcePool$Predicate
Event: 11.789 loading class com/sun/prism/impl/BaseResourcePool$Predicate done
Event: 11.797 Executing VM operation: RevokeBias
Event: 11.797 Executing VM operation: RevokeBias done
Event: 12.757 loading class javafx/application/Application
Event: 12.757 loading class javafx/application/Application done
Event: 12.757 loading class javafx/application/Application
Event: 12.757 loading class javafx/application/Application done


Dynamic libraries:
0x003d0000 - 0x003dc000 	C:\Program Files (x86)\Eclipse Adoptium\jdk-11.0.21.9-hotspot\bin\java.exe
0x77180000 - 0x77331000 	C:\WINDOWS\SYSTEM32\ntdll.dll
0x763f0000 - 0x764e0000 	C:\WINDOWS\System32\KERNEL32.DLL
0x76640000 - 0x768b5000 	C:\WINDOWS\System32\KERNELBASE.dll
0x74c40000 - 0x74ce6000 	C:\WINDOWS\SYSTEM32\apphelp.dll
0x768c0000 - 0x769d2000 	C:\WINDOWS\System32\ucrtbase.dll
0x748b0000 - 0x748c5000 	C:\Program Files (x86)\Eclipse Adoptium\jdk-11.0.21.9-hotspot\bin\jli.dll
0x74890000 - 0x748a3000 	C:\Program Files (x86)\Eclipse Adoptium\jdk-11.0.21.9-hotspot\bin\VCRUNTIME140.dll
0x750a0000 - 0x75249000 	C:\WINDOWS\System32\USER32.dll
0x754e0000 - 0x754fa000 	C:\WINDOWS\System32\win32u.dll
0x70f60000 - 0x71188000 	C:\WINDOWS\WinSxS\x86_microsoft.windows.common-controls_6595b64144ccf1df_6.0.22621.3235_none_6ebcabb88802389e\COMCTL32.dll
0x76ce0000 - 0x76d03000 	C:\WINDOWS\System32\GDI32.dll
0x75df0000 - 0x75ed2000 	C:\WINDOWS\System32\gdi32full.dll
0x76570000 - 0x76634000 	C:\WINDOWS\System32\msvcrt.dll
0x74e00000 - 0x74e79000 	C:\WINDOWS\System32\msvcp_win.dll
0x75500000 - 0x75525000 	C:\WINDOWS\System32\IMM32.DLL
0x6def0000 - 0x6df5f000 	C:\Program Files (x86)\Eclipse Adoptium\jdk-11.0.21.9-hotspot\bin\msvcp140.dll
0x67ab0000 - 0x67f8b000 	C:\Program Files (x86)\Eclipse Adoptium\jdk-11.0.21.9-hotspot\bin\client\jvm.dll
0x75c70000 - 0x75cef000 	C:\WINDOWS\System32\ADVAPI32.dll
0x75530000 - 0x755b5000 	C:\WINDOWS\System32\sechost.dll
0x75080000 - 0x7509a000 	C:\WINDOWS\System32\bcrypt.dll
0x76d70000 - 0x76e2a000 	C:\WINDOWS\System32\RPCRT4.dll
0x77000000 - 0x77006000 	C:\WINDOWS\System32\PSAPI.DLL
0x74620000 - 0x74651000 	C:\WINDOWS\SYSTEM32\WINMM.dll
0x73ea0000 - 0x73ea8000 	C:\WINDOWS\SYSTEM32\WSOCK32.dll
0x76d10000 - 0x76d6f000 	C:\WINDOWS\System32\WS2_32.dll
0x74610000 - 0x74618000 	C:\WINDOWS\SYSTEM32\VERSION.dll
0x745c0000 - 0x745d3000 	C:\WINDOWS\SYSTEM32\kernel.appcore.dll
0x74c30000 - 0x74c3d000 	C:\Program Files (x86)\Eclipse Adoptium\jdk-11.0.21.9-hotspot\bin\verify.dll
0x68240000 - 0x68416000 	C:\WINDOWS\SYSTEM32\DBGHELP.DLL
0x76a60000 - 0x76cdc000 	C:\WINDOWS\System32\combase.dll
0x74fe0000 - 0x7507c000 	C:\WINDOWS\System32\OLEAUT32.dll
0x74860000 - 0x74889000 	C:\WINDOWS\SYSTEM32\dbgcore.DLL
0x75410000 - 0x75472000 	C:\WINDOWS\System32\bcryptPrimitives.dll
0x6dbc0000 - 0x6dbe2000 	C:\Program Files (x86)\Eclipse Adoptium\jdk-11.0.21.9-hotspot\bin\java.dll
0x74a30000 - 0x74a39000 	C:\Program Files (x86)\Eclipse Adoptium\jdk-11.0.21.9-hotspot\bin\jimage.dll
0x71830000 - 0x7183d000 	C:\Program Files (x86)\Eclipse Adoptium\jdk-11.0.21.9-hotspot\bin\instrument.dll
0x6dba0000 - 0x6dbb6000 	C:\Program Files (x86)\Eclipse Adoptium\jdk-11.0.21.9-hotspot\bin\zip.dll
0x755c0000 - 0x75c59000 	C:\WINDOWS\System32\SHELL32.dll
0x722c0000 - 0x729af000 	C:\WINDOWS\SYSTEM32\windows.storage.dll
0x721f0000 - 0x722b7000 	C:\WINDOWS\SYSTEM32\wintypes.dll
0x75ee0000 - 0x75fa1000 	C:\WINDOWS\System32\SHCORE.dll
0x77010000 - 0x7705b000 	C:\WINDOWS\System32\shlwapi.dll
0x73e40000 - 0x73e59000 	C:\WINDOWS\SYSTEM32\profapi.dll
0x6db80000 - 0x6db94000 	C:\Program Files (x86)\Eclipse Adoptium\jdk-11.0.21.9-hotspot\bin\net.dll
0x746e0000 - 0x747bc000 	C:\WINDOWS\SYSTEM32\WINHTTP.dll
0x720d0000 - 0x72121000 	C:\WINDOWS\system32\mswsock.dll
0x747f0000 - 0x747ff000 	C:\Program Files (x86)\Eclipse Adoptium\jdk-11.0.21.9-hotspot\bin\nio.dll
0x6da60000 - 0x6da76000 	C:\Users\luigu\AppData\Local\Programs\IntelliJ IDEA Ultimate\bin\breakgen.dll
0x70eb0000 - 0x70eb3000 	C:\Users\luigu\.openjfx\cache\17.0.6\api-ms-win-core-console-l1-1-0.dll
0x6dee0000 - 0x6dee3000 	C:\Users\luigu\.openjfx\cache\17.0.6\api-ms-win-core-console-l1-2-0.dll
0x6da50000 - 0x6da53000 	C:\Users\luigu\.openjfx\cache\17.0.6\api-ms-win-core-datetime-l1-1-0.dll
0x6da40000 - 0x6da43000 	C:\Users\luigu\.openjfx\cache\17.0.6\api-ms-win-core-debug-l1-1-0.dll
0x6d1b0000 - 0x6d1b3000 	C:\Users\luigu\.openjfx\cache\17.0.6\api-ms-win-core-errorhandling-l1-1-0.dll
0x6ced0000 - 0x6ced4000 	C:\Users\luigu\.openjfx\cache\17.0.6\api-ms-win-core-file-l1-1-0.dll
0x6ceb0000 - 0x6ceb3000 	C:\Users\luigu\.openjfx\cache\17.0.6\api-ms-win-core-file-l1-2-0.dll
0x6cea0000 - 0x6cea3000 	C:\Users\luigu\.openjfx\cache\17.0.6\api-ms-win-core-file-l2-1-0.dll
0x6ce80000 - 0x6ce83000 	C:\Users\luigu\.openjfx\cache\17.0.6\api-ms-win-core-handle-l1-1-0.dll
0x6ce70000 - 0x6ce73000 	C:\Users\luigu\.openjfx\cache\17.0.6\api-ms-win-core-heap-l1-1-0.dll
0x6ce40000 - 0x6ce43000 	C:\Users\luigu\.openjfx\cache\17.0.6\api-ms-win-core-interlocked-l1-1-0.dll
0x697a0000 - 0x697a3000 	C:\Users\luigu\.openjfx\cache\17.0.6\api-ms-win-core-libraryloader-l1-1-0.dll
0x69790000 - 0x69793000 	C:\Users\luigu\.openjfx\cache\17.0.6\api-ms-win-core-localization-l1-2-0.dll
0x69780000 - 0x69783000 	C:\Users\luigu\.openjfx\cache\17.0.6\api-ms-win-core-memory-l1-1-0.dll
0x68f30000 - 0x68f33000 	C:\Users\luigu\.openjfx\cache\17.0.6\api-ms-win-core-namedpipe-l1-1-0.dll
0x68230000 - 0x68233000 	C:\Users\luigu\.openjfx\cache\17.0.6\api-ms-win-core-processenvironment-l1-1-0.dll
0x68220000 - 0x68223000 	C:\Users\luigu\.openjfx\cache\17.0.6\api-ms-win-core-processthreads-l1-1-0.dll
0x68210000 - 0x68213000 	C:\Users\luigu\.openjfx\cache\17.0.6\api-ms-win-core-processthreads-l1-1-1.dll
0x67400000 - 0x67403000 	C:\Users\luigu\.openjfx\cache\17.0.6\api-ms-win-core-profile-l1-1-0.dll
0x673f0000 - 0x673f3000 	C:\Users\luigu\.openjfx\cache\17.0.6\api-ms-win-core-rtlsupport-l1-1-0.dll
0x673e0000 - 0x673e3000 	C:\Users\luigu\.openjfx\cache\17.0.6\api-ms-win-core-string-l1-1-0.dll
0x673d0000 - 0x673d3000 	C:\Users\luigu\.openjfx\cache\17.0.6\api-ms-win-core-synch-l1-1-0.dll
0x673c0000 - 0x673c3000 	C:\Users\luigu\.openjfx\cache\17.0.6\api-ms-win-core-synch-l1-2-0.dll
0x673b0000 - 0x673b3000 	C:\Users\luigu\.openjfx\cache\17.0.6\api-ms-win-core-sysinfo-l1-1-0.dll
0x673a0000 - 0x673a3000 	C:\Users\luigu\.openjfx\cache\17.0.6\api-ms-win-core-timezone-l1-1-0.dll
0x67390000 - 0x67393000 	C:\Users\luigu\.openjfx\cache\17.0.6\api-ms-win-core-util-l1-1-0.dll
0x67380000 - 0x67383000 	C:\Users\luigu\.openjfx\cache\17.0.6\api-ms-win-crt-conio-l1-1-0.dll
0x67370000 - 0x67374000 	C:\Users\luigu\.openjfx\cache\17.0.6\api-ms-win-crt-convert-l1-1-0.dll
0x67360000 - 0x67363000 	C:\Users\luigu\.openjfx\cache\17.0.6\api-ms-win-crt-environment-l1-1-0.dll
0x67350000 - 0x67353000 	C:\Users\luigu\.openjfx\cache\17.0.6\api-ms-win-crt-filesystem-l1-1-0.dll
0x67340000 - 0x67343000 	C:\Users\luigu\.openjfx\cache\17.0.6\api-ms-win-crt-heap-l1-1-0.dll
0x67330000 - 0x67333000 	C:\Users\luigu\.openjfx\cache\17.0.6\api-ms-win-crt-locale-l1-1-0.dll
0x67320000 - 0x67325000 	C:\Users\luigu\.openjfx\cache\17.0.6\api-ms-win-crt-math-l1-1-0.dll
0x67310000 - 0x67315000 	C:\Users\luigu\.openjfx\cache\17.0.6\api-ms-win-crt-multibyte-l1-1-0.dll
0x67300000 - 0x67310000 	C:\Users\luigu\.openjfx\cache\17.0.6\api-ms-win-crt-private-l1-1-0.dll
0x672f0000 - 0x672f3000 	C:\Users\luigu\.openjfx\cache\17.0.6\api-ms-win-crt-process-l1-1-0.dll
0x672e0000 - 0x672e4000 	C:\Users\luigu\.openjfx\cache\17.0.6\api-ms-win-crt-runtime-l1-1-0.dll
0x672d0000 - 0x672d4000 	C:\Users\luigu\.openjfx\cache\17.0.6\api-ms-win-crt-stdio-l1-1-0.dll
0x672c0000 - 0x672c4000 	C:\Users\luigu\.openjfx\cache\17.0.6\api-ms-win-crt-string-l1-1-0.dll
0x672b0000 - 0x672b3000 	C:\Users\luigu\.openjfx\cache\17.0.6\api-ms-win-crt-time-l1-1-0.dll
0x672a0000 - 0x672a3000 	C:\Users\luigu\.openjfx\cache\17.0.6\api-ms-win-crt-utility-l1-1-0.dll
0x65010000 - 0x65133000 	C:\Users\luigu\.openjfx\cache\17.0.6\ucrtbase.dll
0x67280000 - 0x67294000 	C:\Users\luigu\.openjfx\cache\17.0.6\vcruntime140.dll
0x67210000 - 0x6727d000 	C:\Users\luigu\.openjfx\cache\17.0.6\msvcp140.dll
0x67200000 - 0x67207000 	C:\Users\luigu\.openjfx\cache\17.0.6\msvcp140_1.dll
0x671d0000 - 0x671f9000 	C:\Users\luigu\.openjfx\cache\17.0.6\msvcp140_2.dll
0x671a0000 - 0x671c6000 	C:\Users\luigu\.openjfx\cache\17.0.6\prism_d3d.dll
0x64e90000 - 0x65001000 	C:\WINDOWS\system32\d3d9.dll
0x6e260000 - 0x6e284000 	C:\WINDOWS\SYSTEM32\dwmapi.dll
0x711f0000 - 0x7121e000 	C:\WINDOWS\SYSTEM32\dxcore.dll
0x74bb0000 - 0x74c2f000 	C:\WINDOWS\system32\uxtheme.dll
0x64e00000 - 0x64e90000 	C:\WINDOWS\SYSTEM32\d3d9on12.dll
0x64de0000 - 0x64dfd000 	C:\WINDOWS\SYSTEM32\d3d12.dll
0x6e8a0000 - 0x6e96a000 	C:\WINDOWS\SYSTEM32\dxgi.dll
0x736e0000 - 0x7371d000 	C:\WINDOWS\SYSTEM32\cfgmgr32.dll
0x64c30000 - 0x64de0000 	C:\WINDOWS\SYSTEM32\D3D12Core.dll
0x64c10000 - 0x64c2d000 	C:\WINDOWS\System32\DriverStore\FileRepository\iigd_dch.inf_amd64_3c65364e14984512\igd12umd32.dll
0x634a0000 - 0x640ca000 	C:\WINDOWS\System32\DriverStore\FileRepository\iigd_dch.inf_amd64_3c65364e14984512\igd12um32xel.dll
0x77060000 - 0x77163000 	C:\WINDOWS\System32\CRYPT32.dll
0x74e80000 - 0x74fd5000 	C:\WINDOWS\System32\ole32.dll
0x64bd0000 - 0x64c05000 	C:\WINDOWS\SYSTEM32\ControlLib32.dll
0x75fb0000 - 0x763ed000 	C:\WINDOWS\System32\SETUPAPI.dll
0x71770000 - 0x71794000 	C:\WINDOWS\SYSTEM32\DEVOBJ.dll
0x64640000 - 0x646b2000 	C:\WINDOWS\System32\DriverStore\FileRepository\iigd_dch.inf_amd64_3c65364e14984512\IntelControlLib32.dll
0x75480000 - 0x754d7000 	C:\WINDOWS\System32\WINTRUST.dll
0x71760000 - 0x7176e000 	C:\WINDOWS\SYSTEM32\MSASN1.dll
0x6d170000 - 0x6d1ac000 	C:\WINDOWS\SYSTEM32\directxdatabasehelper.dll
0x63170000 - 0x6349f000 	C:\WINDOWS\System32\DriverStore\FileRepository\iigd_dch.inf_amd64_3c65364e14984512\igdgmm32.dll
0x697b0000 - 0x6ce35000 	C:\WINDOWS\System32\DriverStore\FileRepository\iigd_dch.inf_amd64_3c65364e14984512\igc32.dll
0x64ba0000 - 0x64bc1000 	C:\WINDOWS\SYSTEM32\D3DSCache.dll
0x749f0000 - 0x74a0f000 	C:\WINDOWS\SYSTEM32\USERENV.dll
0x61ef0000 - 0x6316b000 	C:\WINDOWS\System32\DriverStore\FileRepository\iigd_dch.inf_amd64_3c65364e14984512\igd12dxva32.dll
0x60200000 - 0x61ef0000 	C:\WINDOWS\System32\DriverStore\FileRepository\iigd_dch.inf_amd64_3c65364e14984512\media_bin_32.dll
0x64b80000 - 0x64ba0000 	C:\WINDOWS\System32\DriverStore\FileRepository\iigd_dch.inf_amd64_3c65364e14984512\igdinfo32.dll
0x71bb0000 - 0x71bc5000 	C:\WINDOWS\SYSTEM32\CRYPTSP.dll
0x71b80000 - 0x71bb0000 	C:\WINDOWS\system32\rsaenh.dll
0x71b70000 - 0x71b7b000 	C:\WINDOWS\SYSTEM32\CRYPTBASE.dll
0x6cf80000 - 0x6d16c000 	C:\WINDOWS\SYSTEM32\twinapi.appcore.dll
0x64600000 - 0x64637000 	C:\Users\luigu\.openjfx\cache\17.0.6\glass.dll

dbghelp: loaded successfully - version: 4.0.5 - missing functions: none
symbol engine: initialized successfully - sym options: 0x614 - pdb path: .;C:\Program Files (x86)\Eclipse Adoptium\jdk-11.0.21.9-hotspot\bin;C:\WINDOWS\SYSTEM32;C:\WINDOWS\WinSxS\x86_microsoft.windows.common-controls_6595b64144ccf1df_6.0.22621.3235_none_6ebcabb88802389e;C:\Program Files (x86)\Eclipse Adoptium\jdk-11.0.21.9-hotspot\bin\client;C:\Users\luigu\AppData\Local\Programs\IntelliJ IDEA Ultimate\bin;C:\Users\luigu\.openjfx\cache\17.0.6;C:\WINDOWS\System32\DriverStore\FileRepository\iigd_dch.inf_amd64_3c65364e14984512;C:\ProgramData\A-Volute\A-Volute.Nahimic\Modules\Scheduled;C:\Program Files (x86)\Common Files\Microsoft Shared\Ink

VM Arguments:
jvm_args: -javaagent:C:\Users\luigu\AppData\Local\Programs\IntelliJ IDEA Ultimate\lib\idea_rt.jar=60322:C:\Users\luigu\AppData\Local\Programs\IntelliJ IDEA Ultimate\bin -Dfile.encoding=UTF-8 --module-path=C:\Users\luigu\.m2\repository\com\dlsc\formsfx\formsfx-core\11.6.0\formsfx-core-11.6.0.jar;C:\Users\luigu\.m2\repository\org\openjfx\javafx-base\17.0.6\javafx-base-17.0.6-win-x86.jar;C:\Users\luigu\.m2\repository\org\kordamp\bootstrapfx\bootstrapfx-core\0.4.0\bootstrapfx-core-0.4.0.jar;C:\Users\luigu\.m2\repository\net\synedra\validatorfx\0.4.0\validatorfx-0.4.0.jar;C:\Users\luigu\.m2\repository\org\openjfx\javafx-controls\17.0.6\javafx-controls-17.0.6-win-x86.jar;C:\Users\luigu\IdeaProjects\Joyeria_ProyectoMult\target\classes;C:\Users\luigu\.m2\repository\org\controlsfx\controlsfx\11.1.2\controlsfx-11.1.2.jar;C:\Users\luigu\.m2\repository\org\openjfx\javafx-fxml\17.0.6\javafx-fxml-17.0.6-win-x86.jar;C:\Users\luigu\.m2\repository\org\openjfx\javafx-graphics\17.0.6\javafx-graphics-17.0.6-win-x86.jar -Djdk.module.main=com.eduard034.joyeria_proyectomult 
java_command: com.eduard034.joyeria_proyectomult/com.eduard034.joyeria_proyectomult.JoyeriaApp
java_class_path (initial): C:\Users\luigu\.m2\repository\org\openjfx\javafx-controls\17.0.6\javafx-controls-17.0.6.jar;C:\Users\luigu\.m2\repository\org\openjfx\javafx-graphics\17.0.6\javafx-graphics-17.0.6.jar;C:\Users\luigu\.m2\repository\org\openjfx\javafx-base\17.0.6\javafx-base-17.0.6.jar;C:\Users\luigu\.m2\repository\org\openjfx\javafx-fxml\17.0.6\javafx-fxml-17.0.6.jar
Launcher Type: SUN_STANDARD

[Global flags]
   size_t InitialHeapSize                          = 16777216                                  {product} {ergonomic}
   size_t MaxHeapSize                              = 268435456                                 {product} {ergonomic}
   size_t MaxNewSize                               = 89456640                                  {product} {ergonomic}
   size_t MinHeapDeltaBytes                        = 131072                                    {product} {ergonomic}
   size_t NewSize                                  = 5570560                                   {product} {ergonomic}
    uintx NonProfiledCodeHeapSize                  = 0                                      {pd product} {ergonomic}
   size_t OldSize                                  = 11206656                                  {product} {ergonomic}
    uintx ProfiledCodeHeapSize                     = 0                                      {pd product} {ergonomic}
     bool ThreadLocalHandshakes                    = false                                  {pd product} {ergonomic}
     bool UseLargePagesIndividualAllocation        = false                                  {pd product} {ergonomic}
     bool UseSerialGC                              = true                                      {product} {ergonomic}

Logging:
Log output configuration:
 #0: stdout all=warning uptime,level,tags
 #1: stderr all=off uptime,level,tags

Environment Variables:
PATH=C:\Program Files (x86)\Eclipse Adoptium\jre-11.0.21.9-hotspot\bin;C:\Program Files (x86)\Eclipse Adoptium\jdk-11.0.21.9-hotspot\bin;C:\Program Files (x86)\VMware\VMware Player\bin\;C:\Windows\system32;C:\Windows;C:\Windows\System32\Wbem;C:\Windows\System32\WindowsPowerShell\v1.0\;C:\Windows\System32\OpenSSH\;C:\Program Files (x86)\NVIDIA Corporation\PhysX\Common;C:\Program Files\NVIDIA Corporation\NVIDIA NvDLISR;C:\WINDOWS\system32;C:\WINDOWS;C:\WINDOWS\System32\Wbem;C:\WINDOWS\System32\WindowsPowerShell\v1.0\;C:\WINDOWS\System32\OpenSSH\;C:\Program Files\Git\cmd;C:\Users\luigu\AppData\Local\Microsoft\WindowsApps;C:\Users\luigu\AppData\Local\Programs\Microsoft VS Code\bin;C:\Users\luigu\AppData\Local\JetBrains\Toolbox\scripts;C:\Users\luigu\AppData\Local\GitHubDesktop\bin
USERNAME=luigu
OS=Windows_NT
PROCESSOR_IDENTIFIER=Intel64 Family 6 Model 154 Stepping 3, GenuineIntel
TMP=C:\Users\luigu\AppData\Local\Temp
TEMP=C:\Users\luigu\AppData\Local\Temp



---------------  S Y S T E M  ---------------

OS: Windows 11 , 64 bit Build 22621 (10.0.22621.3374)
OS uptime: 0 days 7:39 hours

CPU:total 12 (initial active 12) (6 cores per cpu, 2 threads per core) family 6 model 154 stepping 3 microcode 0x419, cmov, cx8, fxsr, mmx, sse, sse2, sse3, ssse3, sse4.1, sse4.2, popcnt, avx, avx2, aes, clmul, erms, 3dnowpref, lzcnt, ht, tsc, tscinvbit, bmi1, bmi2, adx, sha, fma

Memory: 4k page, system-wide physical 7917M (376M free)
TotalPageFile size 19693M (AvailPageFile size 2699M), user-mode portion of virtual address-space 2047M (1233M free)
current process WorkingSet (physical memory assigned to process): 256M, peak: 271M
current process commit charge ("private bytes"): 247M, peak: 254M

vm_info: OpenJDK Client VM (11.0.21+9) for windows-x86 JRE (11.0.21+9), built on Oct 17 2023 17:27:10 by "" with MS VC++ 15.9 (VS2017)

END.
