#
# A fatal error has been detected by the Java Runtime Environment:
#
#  EXCEPTION_ACCESS_VIOLATION (0xc0000005) at pc=0x00007fffa60abdf6, pid=31292, tid=6964
#
# JRE version: OpenJDK Runtime Environment Corretto-11.0.22.7.1 (11.0.22+7) (build 11.0.22+7-LTS)
# Java VM: OpenJDK 64-Bit Server VM Corretto-11.0.22.7.1 (11.0.22+7-LTS, mixed mode, tiered, compressed oops, g1 gc, windows-amd64)
# Problematic frame:
# C  [glass.dll+0x1bdf6]
#
# No core dump will be written. Minidumps are not enabled by default on client versions of Windows
#
# If you would like to submit a bug report, please visit:
#   https://github.com/corretto/corretto-11/issues/
# The crash happened outside the Java Virtual Machine in native code.
# See problematic frame for where to report the bug.
#

---------------  S U M M A R Y ------------

Command Line: -javaagent:C:\Users\alonh\AppData\Local\Programs\IntelliJ IDEA Ultimate\lib\idea_rt.jar=58370:C:\Users\alonh\AppData\Local\Programs\IntelliJ IDEA Ultimate\bin -Dfile.encoding=UTF-8 --module-path=C:\Users\alonh\.m2\repository\org\kordamp\bootstrapfx\bootstrapfx-core\0.4.0\bootstrapfx-core-0.4.0.jar;C:\Users\alonh\.m2\repository\com\dlsc\formsfx\formsfx-core\11.6.0\formsfx-core-11.6.0.jar;C:\Users\alonh\.m2\repository\org\openjfx\javafx-base\17.0.6\javafx-base-17.0.6-win.jar;C:\Users\alonh\IdeaProjects\Joyeria_ProyectoMult\target\classes;C:\Users\alonh\.m2\repository\org\openjfx\javafx-controls\17.0.6\javafx-controls-17.0.6-win.jar;C:\Users\alonh\.m2\repository\net\synedra\validatorfx\0.4.0\validatorfx-0.4.0.jar;C:\Users\alonh\.m2\repository\org\openjfx\javafx-graphics\17.0.6\javafx-graphics-17.0.6-win.jar;C:\Users\alonh\.m2\repository\org\openjfx\javafx-fxml\17.0.6\javafx-fxml-17.0.6-win.jar;C:\Users\alonh\.m2\repository\org\controlsfx\controlsfx\11.1.2\controlsfx-11.1.2.jar -Djdk.module.main=com.eduard034.joyeria_proyectomult com.eduard034.joyeria_proyectomult/com.eduard034.joyeria_proyectomult.JoyeriaApp

Host: 12th Gen Intel(R) Core(TM) i5-12450H, 12 cores, 7G,  Windows 11 , 64 bit Build 22621 (10.0.22621.2506)
Time: Sat Mar 23 18:46:07 2024 Hora estándar central (México) elapsed time: 14.279136 seconds (0d 0h 0m 14s)

---------------  T H R E A D  ---------------

Current thread (0x000002ab9d165800):  JavaThread "JavaFX Application Thread" [_thread_in_native, id=6964, stack(0x000000f18a400000,0x000000f18a500000)]

Stack: [0x000000f18a400000,0x000000f18a500000],  sp=0x000000f18a4fc490,  free space=1009k
Native frames: (J=compiled Java code, j=interpreted, Vv=VM code, C=native code)
C  [glass.dll+0x1bdf6]

Java frames: (J=compiled Java code, j=interpreted, Vv=VM code)
j  com.sun.glass.ui.win.WinWindow._close(J)Z+0 javafx.graphics
j  com.sun.glass.ui.Window.close()V+63 javafx.graphics
j  com.sun.glass.ui.win.WinWindow.close()V+8 javafx.graphics
j  com.sun.glass.ui.Application.terminate()V+75 javafx.graphics
j  com.sun.javafx.tk.quantum.QuantumToolkit.lambda$exit$13()Ljava/lang/Object;+5 javafx.graphics
j  com.sun.javafx.tk.quantum.QuantumToolkit$$Lambda$443.get()Ljava/lang/Object;+0 javafx.graphics
j  com.sun.javafx.tk.quantum.QuantumToolkit.runWithRenderLock(Ljava/util/function/Supplier;)Ljava/lang/Object;+7 javafx.graphics
j  com.sun.javafx.tk.quantum.QuantumToolkit.exit()V+26 javafx.graphics
j  com.sun.javafx.application.PlatformImpl.lambda$tkExit$16()V+3 javafx.graphics
j  com.sun.javafx.application.PlatformImpl$$Lambda$442.run()V+0 javafx.graphics
j  com.sun.javafx.application.PlatformImpl.lambda$runAndWait$12(Ljava/lang/Runnable;Ljava/util/concurrent/CountDownLatch;)V+1 javafx.graphics
j  com.sun.javafx.application.PlatformImpl$$Lambda$87.run()V+8 javafx.graphics
j  com.sun.javafx.application.PlatformImpl.lambda$runLater$10(Ljava/lang/Runnable;)Ljava/lang/Void;+1 javafx.graphics
j  com.sun.javafx.application.PlatformImpl$$Lambda$90.run()Ljava/lang/Object;+4 javafx.graphics
v  ~StubRoutines::call_stub
J 1930  java.security.AccessController.doPrivileged(Ljava/security/PrivilegedAction;Ljava/security/AccessControlContext;)Ljava/lang/Object; java.base@11.0.22 (0 bytes) @ 0x000002ab9024dd26 [0x000002ab9024dcc0+0x0000000000000066]
j  com.sun.javafx.application.PlatformImpl.lambda$runLater$11(Ljava/lang/Runnable;Ljava/security/AccessControlContext;)V+7 javafx.graphics
j  com.sun.javafx.application.PlatformImpl$$Lambda$88.run()V+8 javafx.graphics
J 2434 c1 com.sun.glass.ui.InvokeLaterDispatcher$Future.run()V javafx.graphics (91 bytes) @ 0x000002ab890b8b84 [0x000002ab890b8a80+0x0000000000000104]
v  ~StubRoutines::call_stub
j  com.sun.glass.ui.win.WinApplication._runLoop(Ljava/lang/Runnable;)V+0 javafx.graphics
j  com.sun.glass.ui.win.WinApplication.lambda$runLoop$3(ILjava/lang/Runnable;)V+8 javafx.graphics
j  com.sun.glass.ui.win.WinApplication$$Lambda$78.run()V+12 javafx.graphics
j  java.lang.Thread.run()V+11 java.base@11.0.22
v  ~StubRoutines::call_stub

siginfo: EXCEPTION_ACCESS_VIOLATION (0xc0000005), reading address 0x0000000000000130


Register to memory mapping:

RIP=0x00007fffa60abdf6 glass.dll
RAX=0x0 is NULL
RBX=0x0 is NULL
RCX=0x0 is NULL
RDX=0x0 is NULL
RSP=0x000000f18a4fc490 is pointing into the stack for thread: 0x000002ab9d165800
RBP=0x0 is NULL
RSI=0x0000000000000401 is an unknown value
RDI=0x000000f18a4fc7e0 is pointing into the stack for thread: 0x000002ab9d165800
R8 =0x000000f18a4fc7e0 is pointing into the stack for thread: 0x000002ab9d165800
R9 =0x0 is NULL
R10=0x0 is NULL
R11=0x0000000000000246 is an unknown value
R12=0x0 is NULL
R13=0x0 is NULL
R14=0x0 is NULL
R15=0x0 is NULL


Registers:
RAX=0x0000000000000000, RBX=0x0000000000000000, RCX=0x0000000000000000, RDX=0x0000000000000000
RSP=0x000000f18a4fc490, RBP=0x0000000000000000, RSI=0x0000000000000401, RDI=0x000000f18a4fc7e0
R8 =0x000000f18a4fc7e0, R9 =0x0000000000000000, R10=0x0000000000000000, R11=0x0000000000000246
R12=0x0000000000000000, R13=0x0000000000000000, R14=0x0000000000000000, R15=0x0000000000000000
RIP=0x00007fffa60abdf6, EFLAGS=0x0000000000010206

Top of Stack: (sp=0x000000f18a4fc490)
0x000000f18a4fc490:   0000000000000578 000000f18a4fc4a0
0x000000f18a4fc4a0:   0000000000180016 00007fffa60b75c0
0x000000f18a4fc4b0:   000000f18a4fc7e0 00007fffa60aa871
0x000000f18a4fc4c0:   0000000000000000 000000f18a4fc7e0
0x000000f18a4fc4d0:   0000000000000401 000002abf7e65c60
0x000000f18a4fc4e0:   000002ab9d121fc0 00007fffa609a395
0x000000f18a4fc4f0:   000000f18a4fc7e0 000002abff252d01
0x000000f18a4fc500:   000000000000c0c6 000002aba4540d00
0x000000f18a4fc510:   0000000000000000 00007fffa60917bb
0x000000f18a4fc520:   000002ab9d121fc0 000000f18a4fc7e0
0x000000f18a4fc530:   0000000000000401 0000000001cc0cc2
0x000000f18a4fc540:   0000000000000401 00007ff810738241
0x000000f18a4fc550:   0000000000000000 000000f18a4fc718
0x000000f18a4fc560:   0000000080000022 0000000000000001
0x000000f18a4fc570:   000002ab99786c08 000002ab9d165800
0x000000f18a4fc580:   000002ab9d165800 0000000000000001 

Instructions: (pc=0x00007fffa60abdf6)
0x00007fffa60abcf6:   85 c0 74 08 48 8b c8 e8 ee 00 00 00 48 c7 05 23
0x00007fffa60abd06:   e1 01 00 00 00 00 00 48 83 c4 28 c3 cc cc cc cc
0x00007fffa60abd16:   cc cc cc cc cc cc cc cc cc cc 48 89 5c 24 08 57
0x00007fffa60abd26:   48 83 ec 30 48 8b fa 48 8b d9 48 39 91 30 01 00
0x00007fffa60abd36:   00 0f 84 a5 00 00 00 e8 ae 00 00 00 48 8b 93 30
0x00007fffa60abd46:   01 00 00 48 85 d2 75 04 48 8b 53 08 48 89 54 24
0x00007fffa60abd56:   20 4c 8b c7 48 85 ff 75 04 4c 8b 43 08 48 8d 0d
0x00007fffa60abd66:   a6 e2 00 00 4c 89 44 24 28 e8 bc 78 fe ff 48 8b
0x00007fffa60abd76:   4c 24 20 4c 8d 44 24 20 48 8d 15 db f7 ff ff ff
0x00007fffa60abd86:   15 05 da 01 00 48 8b 05 6e dd 01 00 48 85 c0 75
0x00007fffa60abd96:   04 33 c9 eb 03 8b 48 40 4c 8d 44 24 20 48 8d 15
0x00007fffa60abda6:   f6 f7 ff ff ff 15 e8 d9 01 00 48 89 bb 30 01 00
0x00007fffa60abdb6:   00 e8 54 38 00 00 4c 8b 05 ed e0 01 00 48 8b c8
0x00007fffa60abdc6:   48 8b 93 c0 00 00 00 4c 8b cf e8 db 92 fe ff e8
0x00007fffa60abdd6:   36 38 00 00 48 8b c8 e8 4e 37 00 00 48 8b 5c 24
0x00007fffa60abde6:   40 48 83 c4 30 5f c3 cc cc cc 40 57 48 83 ec 20
0x00007fffa60abdf6:   48 8b 81 30 01 00 00 48 8b f9 48 85 c0 75 04 48
0x00007fffa60abe06:   8b 41 08 48 3b 05 20 e0 01 00 75 3b 48 89 5c 24
0x00007fffa60abe16:   30 e8 f4 37 00 00 4c 8b 05 7d e0 01 00 48 8b c8
0x00007fffa60abe26:   48 8b 97 c0 00 00 00 48 8b d8 e8 7b 92 fe ff 48
0x00007fffa60abe36:   8b cb e8 f3 36 00 00 48 8b 5c 24 30 48 c7 05 e3
0x00007fffa60abe46:   df 01 00 00 00 00 00 48 83 c4 20 5f c3 cc cc cc
0x00007fffa60abe56:   cc cc cc cc cc cc cc cc cc cc 40 53 48 83 ec 50
0x00007fffa60abe66:   48 8b 05 5b b3 01 00 48 33 c4 48 89 44 24 40 48
0x00007fffa60abe76:   8b d9 48 8b 49 08 ff 15 86 d8 01 00 85 c0 0f 85
0x00007fffa60abe86:   1b 01 00 00 48 8b 4b 08 48 8d 54 24 30 ff 15 af
0x00007fffa60abe96:   d6 01 00 48 8b 4b 08 48 8d 54 24 20 ff 15 08 d7
0x00007fffa60abea6:   01 00 48 8b 4b 08 4c 8d 44 24 20 41 b9 02 00 00
0x00007fffa60abeb6:   00 33 d2 ff 15 f9 d6 01 00 8b 44 24 24 2b 44 24
0x00007fffa60abec6:   34 44 8b 44 24 20 44 2b 44 24 30 8b 54 24 3c 2b
0x00007fffa60abed6:   54 24 2c 8b 4c 24 38 2b 4c 24 28 89 83 1c 01 00
0x00007fffa60abee6:   00 44 89 83 18 01 00 00 89 93 24 01 00 00 89 8b 


Stack slot to memory mapping:
stack at sp + 0 slots: 0x0000000000000578 is an unknown value
stack at sp + 1 slots: 0x000000f18a4fc4a0 is pointing into the stack for thread: 0x000002ab9d165800
stack at sp + 2 slots: 0x0000000000180016 is an unknown value
stack at sp + 3 slots: 0x00007fffa60b75c0 glass.dll
stack at sp + 4 slots: 0x000000f18a4fc7e0 is pointing into the stack for thread: 0x000002ab9d165800
stack at sp + 5 slots: 0x00007fffa60aa871 glass.dll
stack at sp + 6 slots: 0x0 is NULL
stack at sp + 7 slots: 0x000000f18a4fc7e0 is pointing into the stack for thread: 0x000002ab9d165800


---------------  P R O C E S S  ---------------

Threads class SMR info:
_java_thread_list=0x000002ab9de64630, length=18, elements={
0x000002abf9a5f800, 0x000002ab9971e000, 0x000002ab99714000, 0x000002ab99765800,
0x000002ab99766800, 0x000002ab9976c800, 0x000002ab99773800, 0x000002ab99785000,
0x000002ab99799000, 0x000002abff300000, 0x000002ab99acb000, 0x000002ab99f2d800,
0x000002ab9d105000, 0x000002ab9d165800, 0x000002ab9d2ee800, 0x000002ab9d2b8000,
0x000002ab9d667000, 0x000002ab9de72000
}

Java Threads: ( => current thread )
  0x000002abf9a5f800 JavaThread "main" [_thread_blocked, id=7608, stack(0x000000f188c00000,0x000000f188d00000)]
  0x000002ab9971e000 JavaThread "Reference Handler" daemon [_thread_blocked, id=31348, stack(0x000000f189300000,0x000000f189400000)]
  0x000002ab99714000 JavaThread "Finalizer" daemon [_thread_blocked, id=12180, stack(0x000000f189400000,0x000000f189500000)]
  0x000002ab99765800 JavaThread "Signal Dispatcher" daemon [_thread_blocked, id=12596, stack(0x000000f189500000,0x000000f189600000)]
  0x000002ab99766800 JavaThread "Attach Listener" daemon [_thread_blocked, id=12556, stack(0x000000f189600000,0x000000f189700000)]
  0x000002ab9976c800 JavaThread "Service Thread" daemon [_thread_blocked, id=6744, stack(0x000000f189700000,0x000000f189800000)]
  0x000002ab99773800 JavaThread "C2 CompilerThread0" daemon [_thread_blocked, id=1428, stack(0x000000f189800000,0x000000f189900000)]
  0x000002ab99785000 JavaThread "C1 CompilerThread0" daemon [_thread_blocked, id=13680, stack(0x000000f189900000,0x000000f189a00000)]
  0x000002ab99799000 JavaThread "Sweeper thread" daemon [_thread_blocked, id=12228, stack(0x000000f189a00000,0x000000f189b00000)]
  0x000002abff300000 JavaThread "Common-Cleaner" daemon [_thread_blocked, id=19816, stack(0x000000f189b00000,0x000000f189c00000)]
  0x000002ab99acb000 JavaThread "Monitor Ctrl-Break" daemon [_thread_in_native, id=20348, stack(0x000000f189c00000,0x000000f189d00000)]
  0x000002ab99f2d800 JavaThread "QuantumRenderer-0" daemon [_thread_blocked, id=19100, stack(0x000000f189e00000,0x000000f189f00000)]
  0x000002ab9d105000 JavaThread "InvokeLaterDispatcher" daemon [_thread_blocked, id=19628, stack(0x000000f18a300000,0x000000f18a400000)]
=>0x000002ab9d165800 JavaThread "JavaFX Application Thread" [_thread_in_native, id=6964, stack(0x000000f18a400000,0x000000f18a500000)]
  0x000002ab9d2ee800 JavaThread "JavaFX-Launcher" [_thread_blocked, id=31672, stack(0x000000f18a700000,0x000000f18a800000)]
  0x000002ab9d2b8000 JavaThread "Thread-2" daemon [_thread_in_native, id=7476, stack(0x000000f18a600000,0x000000f18a700000)]
  0x000002ab9d667000 JavaThread "Prism Font Disposer" daemon [_thread_blocked, id=14376, stack(0x000000f18ad00000,0x000000f18ae00000)]
  0x000002ab9de72000 JavaThread "Cleaner-0" daemon [_thread_blocked, id=27500, stack(0x000000f18b500000,0x000000f18b600000)]

Other Threads:
  0x000002ab996e4800 VMThread "VM Thread" [stack: 0x000000f189200000,0x000000f189300000] [id=22496]
  0x000002ab99abc800 WatcherThread [stack: 0x000000f189d00000,0x000000f189e00000] [id=29476]
  0x000002abf9a78000 GCTaskThread "GC Thread#0" [stack: 0x000000f188d00000,0x000000f188e00000] [id=15052]
  0x000002ab9d359800 GCTaskThread "GC Thread#1" [stack: 0x000000f18a800000,0x000000f18a900000] [id=12044]
  0x000002ab9d35a000 GCTaskThread "GC Thread#2" [stack: 0x000000f18a900000,0x000000f18aa00000] [id=24356]
  0x000002ab9d35e800 GCTaskThread "GC Thread#3" [stack: 0x000000f18aa00000,0x000000f18ab00000] [id=15764]
  0x000002ab9d35f800 GCTaskThread "GC Thread#4" [stack: 0x000000f18ab00000,0x000000f18ac00000] [id=29972]
  0x000002ab9d4ed800 GCTaskThread "GC Thread#5" [stack: 0x000000f18ac00000,0x000000f18ad00000] [id=32456]
  0x000002abf9aa8800 ConcurrentGCThread "G1 Main Marker" [stack: 0x000000f188e00000,0x000000f188f00000] [id=4904]
  0x000002abf9aaa000 ConcurrentGCThread "G1 Conc#0" [stack: 0x000000f188f00000,0x000000f189000000] [id=12824]
  0x000002ab9d7d3800 ConcurrentGCThread "G1 Conc#1" [stack: 0x000000f18b100000,0x000000f18b200000] [id=11640]
  0x000002ab9d7d4000 ConcurrentGCThread "G1 Conc#2" [stack: 0x000000f18b200000,0x000000f18b300000] [id=1456]
  0x000002abff1a0800 ConcurrentGCThread "G1 Refine#0" [stack: 0x000000f189000000,0x000000f189100000] [id=12140]
  0x000002abff1a1000 ConcurrentGCThread "G1 Young RemSet Sampling" [stack: 0x000000f189100000,0x000000f189200000] [id=21208]

Threads with active compile tasks:

VM state:not at safepoint (normal execution)

VM Mutex/Monitor currently owned by a thread: None

Heap address: 0x0000000084800000, size: 1976 MB, Compressed Oops mode: 32-bit
Narrow klass base: 0x0000000000000000, Narrow klass shift: 3
Compressed class space size: 1073741824 Address: 0x0000000100000000

Heap:
 garbage-first heap   total 126976K, used 35203K [0x0000000084800000, 0x0000000100000000)
  region size 1024K, 28 young (28672K), 8 survivors (8192K)
 Metaspace       used 24983K, capacity 25869K, committed 25984K, reserved 1071104K
  class space    used 3070K, capacity 3419K, committed 3456K, reserved 1048576K
Heap Regions: E=young(eden), S=young(survivor), O=old, HS=humongous(starts), HC=humongous(continues), CS=collection set, F=free, A=archive, TAMS=top-at-mark-start (previous, next)
|   0|0x0000000084800000, 0x000000008481f200, 0x0000000084900000| 12%| O|  |TAMS 0x000000008481f200, 0x0000000084800000| Untracked 
|   1|0x0000000084900000, 0x0000000084a00000, 0x0000000084a00000|100%|HS|  |TAMS 0x0000000084a00000, 0x0000000084900000| Complete 
|   2|0x0000000084a00000, 0x0000000084b00000, 0x0000000084b00000|100%|HC|  |TAMS 0x0000000084b00000, 0x0000000084a00000| Complete 
|   3|0x0000000084b00000, 0x0000000084c00000, 0x0000000084c00000|100%|HC|  |TAMS 0x0000000084c00000, 0x0000000084b00000| Complete 
|   4|0x0000000084c00000, 0x0000000084d00000, 0x0000000084d00000|100%|HC|  |TAMS 0x0000000084d00000, 0x0000000084c00000| Complete 
|   5|0x0000000084d00000, 0x0000000084e00000, 0x0000000084e00000|100%|HC|  |TAMS 0x0000000084e00000, 0x0000000084d00000| Complete 
|   6|0x0000000084e00000, 0x0000000084f00000, 0x0000000084f00000|100%|HC|  |TAMS 0x0000000084f00000, 0x0000000084e00000| Complete 
|   7|0x0000000084f00000, 0x0000000085000000, 0x0000000085000000|100%|HC|  |TAMS 0x0000000085000000, 0x0000000084f00000| Complete 
|   8|0x0000000085000000, 0x0000000085100000, 0x0000000085100000|100%|HS|  |TAMS 0x0000000085000000, 0x0000000085000000| Complete 
|   9|0x0000000085100000, 0x0000000085200000, 0x0000000085200000|100%|HC|  |TAMS 0x0000000085100000, 0x0000000085100000| Complete 
|  10|0x0000000085200000, 0x0000000085200000, 0x0000000085300000|  0%| F|  |TAMS 0x0000000085200000, 0x0000000085200000| Untracked 
|  11|0x0000000085300000, 0x0000000085300000, 0x0000000085400000|  0%| F|  |TAMS 0x0000000085300000, 0x0000000085300000| Untracked 
|  12|0x0000000085400000, 0x0000000085400000, 0x0000000085500000|  0%| F|  |TAMS 0x0000000085400000, 0x0000000085400000| Untracked 
|  13|0x0000000085500000, 0x0000000085500000, 0x0000000085600000|  0%| F|  |TAMS 0x0000000085500000, 0x0000000085500000| Untracked 
|  14|0x0000000085600000, 0x0000000085600000, 0x0000000085700000|  0%| F|  |TAMS 0x0000000085600000, 0x0000000085600000| Untracked 
|  15|0x0000000085700000, 0x0000000085700000, 0x0000000085800000|  0%| F|  |TAMS 0x0000000085700000, 0x0000000085700000| Untracked 
|  16|0x0000000085800000, 0x0000000085800000, 0x0000000085900000|  0%| F|  |TAMS 0x0000000085800000, 0x0000000085800000| Untracked 
|  17|0x0000000085900000, 0x0000000085900000, 0x0000000085a00000|  0%| F|  |TAMS 0x0000000085900000, 0x0000000085900000| Untracked 
|  18|0x0000000085a00000, 0x0000000085a00000, 0x0000000085b00000|  0%| F|  |TAMS 0x0000000085a00000, 0x0000000085a00000| Untracked 
|  19|0x0000000085b00000, 0x0000000085b00000, 0x0000000085c00000|  0%| F|  |TAMS 0x0000000085b00000, 0x0000000085b00000| Untracked 
|  20|0x0000000085c00000, 0x0000000085c00000, 0x0000000085d00000|  0%| F|  |TAMS 0x0000000085c00000, 0x0000000085c00000| Untracked 
|  21|0x0000000085d00000, 0x0000000085d00000, 0x0000000085e00000|  0%| F|  |TAMS 0x0000000085d00000, 0x0000000085d00000| Untracked 
|  22|0x0000000085e00000, 0x0000000085e00000, 0x0000000085f00000|  0%| F|  |TAMS 0x0000000085e00000, 0x0000000085e00000| Untracked 
|  23|0x0000000085f00000, 0x0000000085f00000, 0x0000000086000000|  0%| F|  |TAMS 0x0000000085f00000, 0x0000000085f00000| Untracked 
|  24|0x0000000086000000, 0x0000000086000000, 0x0000000086100000|  0%| F|  |TAMS 0x0000000086000000, 0x0000000086000000| Untracked 
|  25|0x0000000086100000, 0x0000000086100000, 0x0000000086200000|  0%| F|  |TAMS 0x0000000086100000, 0x0000000086100000| Untracked 
|  26|0x0000000086200000, 0x0000000086200000, 0x0000000086300000|  0%| F|  |TAMS 0x0000000086200000, 0x0000000086200000| Untracked 
|  27|0x0000000086300000, 0x0000000086300000, 0x0000000086400000|  0%| F|  |TAMS 0x0000000086300000, 0x0000000086300000| Untracked 
|  28|0x0000000086400000, 0x0000000086400000, 0x0000000086500000|  0%| F|  |TAMS 0x0000000086400000, 0x0000000086400000| Untracked 
|  29|0x0000000086500000, 0x0000000086500000, 0x0000000086600000|  0%| F|  |TAMS 0x0000000086500000, 0x0000000086500000| Untracked 
|  30|0x0000000086600000, 0x0000000086600000, 0x0000000086700000|  0%| F|  |TAMS 0x0000000086600000, 0x0000000086600000| Untracked 
|  31|0x0000000086700000, 0x0000000086700000, 0x0000000086800000|  0%| F|  |TAMS 0x0000000086700000, 0x0000000086700000| Untracked 
|  32|0x0000000086800000, 0x0000000086800000, 0x0000000086900000|  0%| F|  |TAMS 0x0000000086800000, 0x0000000086800000| Untracked 
|  33|0x0000000086900000, 0x0000000086900000, 0x0000000086a00000|  0%| F|  |TAMS 0x0000000086900000, 0x0000000086900000| Untracked 
|  34|0x0000000086a00000, 0x0000000086a00000, 0x0000000086b00000|  0%| F|  |TAMS 0x0000000086a00000, 0x0000000086a00000| Untracked 
|  35|0x0000000086b00000, 0x0000000086b00000, 0x0000000086c00000|  0%| F|  |TAMS 0x0000000086b00000, 0x0000000086b00000| Untracked 
|  36|0x0000000086c00000, 0x0000000086c00000, 0x0000000086d00000|  0%| F|  |TAMS 0x0000000086c00000, 0x0000000086c00000| Untracked 
|  37|0x0000000086d00000, 0x0000000086d00000, 0x0000000086e00000|  0%| F|  |TAMS 0x0000000086d00000, 0x0000000086d00000| Untracked 
|  38|0x0000000086e00000, 0x0000000086e00000, 0x0000000086f00000|  0%| F|  |TAMS 0x0000000086e00000, 0x0000000086e00000| Untracked 
|  39|0x0000000086f00000, 0x0000000086f00000, 0x0000000087000000|  0%| F|  |TAMS 0x0000000086f00000, 0x0000000086f00000| Untracked 
|  40|0x0000000087000000, 0x0000000087000000, 0x0000000087100000|  0%| F|  |TAMS 0x0000000087000000, 0x0000000087000000| Untracked 
|  41|0x0000000087100000, 0x0000000087100000, 0x0000000087200000|  0%| F|  |TAMS 0x0000000087100000, 0x0000000087100000| Untracked 
|  42|0x0000000087200000, 0x0000000087200000, 0x0000000087300000|  0%| F|  |TAMS 0x0000000087200000, 0x0000000087200000| Untracked 
|  43|0x0000000087300000, 0x0000000087300000, 0x0000000087400000|  0%| F|  |TAMS 0x0000000087300000, 0x0000000087300000| Untracked 
|  44|0x0000000087400000, 0x0000000087400000, 0x0000000087500000|  0%| F|  |TAMS 0x0000000087400000, 0x0000000087400000| Untracked 
|  45|0x0000000087500000, 0x0000000087500000, 0x0000000087600000|  0%| F|  |TAMS 0x0000000087500000, 0x0000000087500000| Untracked 
|  46|0x0000000087600000, 0x0000000087600000, 0x0000000087700000|  0%| F|  |TAMS 0x0000000087600000, 0x0000000087600000| Untracked 
|  47|0x0000000087700000, 0x0000000087700000, 0x0000000087800000|  0%| F|  |TAMS 0x0000000087700000, 0x0000000087700000| Untracked 
|  48|0x0000000087800000, 0x0000000087800000, 0x0000000087900000|  0%| F|  |TAMS 0x0000000087800000, 0x0000000087800000| Untracked 
|  49|0x0000000087900000, 0x0000000087900000, 0x0000000087a00000|  0%| F|  |TAMS 0x0000000087900000, 0x0000000087900000| Untracked 
|  50|0x0000000087a00000, 0x0000000087a00000, 0x0000000087b00000|  0%| F|  |TAMS 0x0000000087a00000, 0x0000000087a00000| Untracked 
|  51|0x0000000087b00000, 0x0000000087b00000, 0x0000000087c00000|  0%| F|  |TAMS 0x0000000087b00000, 0x0000000087b00000| Untracked 
|  52|0x0000000087c00000, 0x0000000087c00000, 0x0000000087d00000|  0%| F|  |TAMS 0x0000000087c00000, 0x0000000087c00000| Untracked 
|  53|0x0000000087d00000, 0x0000000087d00000, 0x0000000087e00000|  0%| F|  |TAMS 0x0000000087d00000, 0x0000000087d00000| Untracked 
|  54|0x0000000087e00000, 0x0000000087e00000, 0x0000000087f00000|  0%| F|  |TAMS 0x0000000087e00000, 0x0000000087e00000| Untracked 
|  55|0x0000000087f00000, 0x0000000087f00000, 0x0000000088000000|  0%| F|  |TAMS 0x0000000087f00000, 0x0000000087f00000| Untracked 
|  56|0x0000000088000000, 0x0000000088000000, 0x0000000088100000|  0%| F|  |TAMS 0x0000000088000000, 0x0000000088000000| Untracked 
|  57|0x0000000088100000, 0x0000000088100000, 0x0000000088200000|  0%| F|  |TAMS 0x0000000088100000, 0x0000000088100000| Untracked 
|  58|0x0000000088200000, 0x0000000088200000, 0x0000000088300000|  0%| F|  |TAMS 0x0000000088200000, 0x0000000088200000| Untracked 
|  59|0x0000000088300000, 0x0000000088300000, 0x0000000088400000|  0%| F|  |TAMS 0x0000000088300000, 0x0000000088300000| Untracked 
|  60|0x0000000088400000, 0x0000000088400000, 0x0000000088500000|  0%| F|  |TAMS 0x0000000088400000, 0x0000000088400000| Untracked 
|  61|0x0000000088500000, 0x0000000088500000, 0x0000000088600000|  0%| F|  |TAMS 0x0000000088500000, 0x0000000088500000| Untracked 
|  62|0x0000000088600000, 0x0000000088600000, 0x0000000088700000|  0%| F|  |TAMS 0x0000000088600000, 0x0000000088600000| Untracked 
|  63|0x0000000088700000, 0x0000000088700000, 0x0000000088800000|  0%| F|  |TAMS 0x0000000088700000, 0x0000000088700000| Untracked 
|  64|0x0000000088800000, 0x0000000088800000, 0x0000000088900000|  0%| F|  |TAMS 0x0000000088800000, 0x0000000088800000| Untracked 
|  65|0x0000000088900000, 0x0000000088900000, 0x0000000088a00000|  0%| F|  |TAMS 0x0000000088900000, 0x0000000088900000| Untracked 
|  66|0x0000000088a00000, 0x0000000088a00000, 0x0000000088b00000|  0%| F|  |TAMS 0x0000000088a00000, 0x0000000088a00000| Untracked 
|  67|0x0000000088b00000, 0x0000000088b00000, 0x0000000088c00000|  0%| F|  |TAMS 0x0000000088b00000, 0x0000000088b00000| Untracked 
|  68|0x0000000088c00000, 0x0000000088c00000, 0x0000000088d00000|  0%| F|  |TAMS 0x0000000088c00000, 0x0000000088c00000| Untracked 
|  69|0x0000000088d00000, 0x0000000088d00000, 0x0000000088e00000|  0%| F|  |TAMS 0x0000000088d00000, 0x0000000088d00000| Untracked 
|  70|0x0000000088e00000, 0x0000000088e00000, 0x0000000088f00000|  0%| F|  |TAMS 0x0000000088e00000, 0x0000000088e00000| Untracked 
|  71|0x0000000088f00000, 0x0000000088f00000, 0x0000000089000000|  0%| F|  |TAMS 0x0000000088f00000, 0x0000000088f00000| Untracked 
|  72|0x0000000089000000, 0x0000000089000000, 0x0000000089100000|  0%| F|  |TAMS 0x0000000089000000, 0x0000000089000000| Untracked 
|  73|0x0000000089100000, 0x0000000089100000, 0x0000000089200000|  0%| F|  |TAMS 0x0000000089100000, 0x0000000089100000| Untracked 
|  74|0x0000000089200000, 0x0000000089200000, 0x0000000089300000|  0%| F|  |TAMS 0x0000000089200000, 0x0000000089200000| Untracked 
|  75|0x0000000089300000, 0x0000000089300000, 0x0000000089400000|  0%| F|  |TAMS 0x0000000089300000, 0x0000000089300000| Untracked 
|  76|0x0000000089400000, 0x0000000089400000, 0x0000000089500000|  0%| F|  |TAMS 0x0000000089400000, 0x0000000089400000| Untracked 
|  77|0x0000000089500000, 0x0000000089500000, 0x0000000089600000|  0%| F|  |TAMS 0x0000000089500000, 0x0000000089500000| Untracked 
|  78|0x0000000089600000, 0x0000000089600000, 0x0000000089700000|  0%| F|  |TAMS 0x0000000089600000, 0x0000000089600000| Untracked 
|  79|0x0000000089700000, 0x0000000089700000, 0x0000000089800000|  0%| F|  |TAMS 0x0000000089700000, 0x0000000089700000| Untracked 
|  80|0x0000000089800000, 0x0000000089800000, 0x0000000089900000|  0%| F|  |TAMS 0x0000000089800000, 0x0000000089800000| Untracked 
|  81|0x0000000089900000, 0x0000000089900000, 0x0000000089a00000|  0%| F|  |TAMS 0x0000000089900000, 0x0000000089900000| Untracked 
|  82|0x0000000089a00000, 0x0000000089a00000, 0x0000000089b00000|  0%| F|  |TAMS 0x0000000089a00000, 0x0000000089a00000| Untracked 
|  83|0x0000000089b00000, 0x0000000089b00000, 0x0000000089c00000|  0%| F|  |TAMS 0x0000000089b00000, 0x0000000089b00000| Untracked 
|  84|0x0000000089c00000, 0x0000000089c41a40, 0x0000000089d00000| 25%| S|CS|TAMS 0x0000000089c00000, 0x0000000089c00000| Complete 
|  85|0x0000000089d00000, 0x0000000089e00000, 0x0000000089e00000|100%| S|CS|TAMS 0x0000000089d00000, 0x0000000089d00000| Complete 
|  86|0x0000000089e00000, 0x0000000089f00000, 0x0000000089f00000|100%| S|CS|TAMS 0x0000000089e00000, 0x0000000089e00000| Complete 
|  87|0x0000000089f00000, 0x000000008a000000, 0x000000008a000000|100%| S|CS|TAMS 0x0000000089f00000, 0x0000000089f00000| Complete 
|  88|0x000000008a000000, 0x000000008a100000, 0x000000008a100000|100%| S|CS|TAMS 0x000000008a000000, 0x000000008a000000| Complete 
|  89|0x000000008a100000, 0x000000008a200000, 0x000000008a200000|100%| S|CS|TAMS 0x000000008a100000, 0x000000008a100000| Complete 
|  90|0x000000008a200000, 0x000000008a300000, 0x000000008a300000|100%| S|CS|TAMS 0x000000008a200000, 0x000000008a200000| Complete 
|  91|0x000000008a300000, 0x000000008a400000, 0x000000008a400000|100%| S|CS|TAMS 0x000000008a300000, 0x000000008a300000| Complete 
|  92|0x000000008a400000, 0x000000008a400000, 0x000000008a500000|  0%| F|  |TAMS 0x000000008a400000, 0x000000008a400000| Untracked 
|  93|0x000000008a500000, 0x000000008a500000, 0x000000008a600000|  0%| F|  |TAMS 0x000000008a500000, 0x000000008a500000| Untracked 
|  94|0x000000008a600000, 0x000000008a600000, 0x000000008a700000|  0%| F|  |TAMS 0x000000008a600000, 0x000000008a600000| Untracked 
|  95|0x000000008a700000, 0x000000008a700000, 0x000000008a800000|  0%| F|  |TAMS 0x000000008a700000, 0x000000008a700000| Untracked 
|  96|0x000000008a800000, 0x000000008a800000, 0x000000008a900000|  0%| F|  |TAMS 0x000000008a800000, 0x000000008a800000| Untracked 
|  97|0x000000008a900000, 0x000000008a900000, 0x000000008aa00000|  0%| F|  |TAMS 0x000000008a900000, 0x000000008a900000| Untracked 
|  98|0x000000008aa00000, 0x000000008aa00000, 0x000000008ab00000|  0%| F|  |TAMS 0x000000008aa00000, 0x000000008aa00000| Untracked 
|  99|0x000000008ab00000, 0x000000008ab00000, 0x000000008ac00000|  0%| F|  |TAMS 0x000000008ab00000, 0x000000008ab00000| Untracked 
| 100|0x000000008ac00000, 0x000000008ac00000, 0x000000008ad00000|  0%| F|  |TAMS 0x000000008ac00000, 0x000000008ac00000| Untracked 
| 101|0x000000008ad00000, 0x000000008ad00000, 0x000000008ae00000|  0%| F|  |TAMS 0x000000008ad00000, 0x000000008ad00000| Untracked 
| 102|0x000000008ae00000, 0x000000008ae00000, 0x000000008af00000|  0%| F|  |TAMS 0x000000008ae00000, 0x000000008ae00000| Untracked 
| 103|0x000000008af00000, 0x000000008af00000, 0x000000008b000000|  0%| F|  |TAMS 0x000000008af00000, 0x000000008af00000| Untracked 
| 104|0x000000008b000000, 0x000000008b0fa708, 0x000000008b100000| 97%| E|  |TAMS 0x000000008b000000, 0x000000008b000000| Complete 
| 105|0x000000008b100000, 0x000000008b200000, 0x000000008b200000|100%| E|CS|TAMS 0x000000008b100000, 0x000000008b100000| Complete 
| 106|0x000000008b200000, 0x000000008b300000, 0x000000008b300000|100%| E|CS|TAMS 0x000000008b200000, 0x000000008b200000| Complete 
| 107|0x000000008b300000, 0x000000008b400000, 0x000000008b400000|100%| E|CS|TAMS 0x000000008b300000, 0x000000008b300000| Complete 
| 108|0x000000008b400000, 0x000000008b500000, 0x000000008b500000|100%| E|CS|TAMS 0x000000008b400000, 0x000000008b400000| Complete 
| 109|0x000000008b500000, 0x000000008b600000, 0x000000008b600000|100%| E|CS|TAMS 0x000000008b500000, 0x000000008b500000| Complete 
| 110|0x000000008b600000, 0x000000008b700000, 0x000000008b700000|100%| E|CS|TAMS 0x000000008b600000, 0x000000008b600000| Complete 
| 111|0x000000008b700000, 0x000000008b800000, 0x000000008b800000|100%| E|CS|TAMS 0x000000008b700000, 0x000000008b700000| Complete 
| 112|0x000000008b800000, 0x000000008b900000, 0x000000008b900000|100%| E|CS|TAMS 0x000000008b800000, 0x000000008b800000| Complete 
| 113|0x000000008b900000, 0x000000008ba00000, 0x000000008ba00000|100%| E|CS|TAMS 0x000000008b900000, 0x000000008b900000| Complete 
| 114|0x000000008ba00000, 0x000000008bb00000, 0x000000008bb00000|100%| E|CS|TAMS 0x000000008ba00000, 0x000000008ba00000| Complete 
| 115|0x000000008bb00000, 0x000000008bc00000, 0x000000008bc00000|100%| E|CS|TAMS 0x000000008bb00000, 0x000000008bb00000| Complete 
| 116|0x000000008bc00000, 0x000000008bd00000, 0x000000008bd00000|100%| E|CS|TAMS 0x000000008bc00000, 0x000000008bc00000| Complete 
| 117|0x000000008bd00000, 0x000000008be00000, 0x000000008be00000|100%| E|CS|TAMS 0x000000008bd00000, 0x000000008bd00000| Complete 
| 118|0x000000008be00000, 0x000000008bf00000, 0x000000008bf00000|100%| E|CS|TAMS 0x000000008be00000, 0x000000008be00000| Complete 
| 119|0x000000008bf00000, 0x000000008c000000, 0x000000008c000000|100%| E|CS|TAMS 0x000000008bf00000, 0x000000008bf00000| Complete 
| 120|0x000000008c000000, 0x000000008c100000, 0x000000008c100000|100%| E|CS|TAMS 0x000000008c000000, 0x000000008c000000| Complete 
| 121|0x000000008c100000, 0x000000008c200000, 0x000000008c200000|100%| E|  |TAMS 0x000000008c100000, 0x000000008c100000| Complete 
| 122|0x000000008c200000, 0x000000008c300000, 0x000000008c300000|100%| E|CS|TAMS 0x000000008c200000, 0x000000008c200000| Complete 
| 123|0x000000008c300000, 0x000000008c400000, 0x000000008c400000|100%| E|CS|TAMS 0x000000008c300000, 0x000000008c300000| Complete 

Card table byte_map: [0x000002abfa430000,0x000002abfa810000] _byte_map_base: 0x000002abfa00c000

Marking Bits (Prev, Next): (CMBitMap*) 0x000002abf9a9ffb0, (CMBitMap*) 0x000002abf9a9ff78
 Prev Bits: [0x000002abfcad0000, 0x000002abfe9b0000)
 Next Bits: [0x000002abfabf0000, 0x000002abfcad0000)

Polling page: 0x000002abf9200000

Metaspace:

Usage:
  Non-class:     21.92 MB capacity,    21.40 MB ( 98%) used,   439.72 KB (  2%) free+waste,    96.81 KB ( <1%) overhead. 
      Class:      3.34 MB capacity,     3.00 MB ( 90%) used,   299.23 KB (  9%) free+waste,    49.50 KB (  1%) overhead. 
       Both:     25.26 MB capacity,    24.40 MB ( 97%) used,   738.95 KB (  3%) free+waste,   146.31 KB ( <1%) overhead. 

Virtual space:
  Non-class space:       22.00 MB reserved,      22.00 MB (100%) committed 
      Class space:        1.00 GB reserved,       3.38 MB ( <1%) committed 
             Both:        1.02 GB reserved,      25.38 MB (  2%) committed 

Chunk freelists:
   Non-Class:  14.00 KB
       Class:  5.00 KB
        Both:  19.00 KB

MaxMetaspaceSize: 17179869184.00 GB
CompressedClassSpaceSize: 1.00 GB
Initial GC threshold: 20.80 MB
Current GC threshold: 35.08 MB
CDS: off

CodeHeap 'non-profiled nmethods': size=120000Kb used=1166Kb max_used=1166Kb free=118833Kb
 bounds [0x000002ab90190000, 0x000002ab90400000, 0x000002ab976c0000]
CodeHeap 'profiled nmethods': size=120000Kb used=5385Kb max_used=5385Kb free=114614Kb
 bounds [0x000002ab88c60000, 0x000002ab891b0000, 0x000002ab90190000]
CodeHeap 'non-nmethods': size=5760Kb used=1455Kb max_used=1484Kb free=4304Kb
 bounds [0x000002ab886c0000, 0x000002ab88930000, 0x000002ab88c60000]
 total_blobs=3669 nmethods=2872 adapters=709
 compilation: enabled
              stopped_count=0, restarted_count=0
 full_count=0

Compilation events (20 events):
Event: 14.172 Thread 0x000002ab99785000 2863       3       java.util.concurrent.ConcurrentHashMap::isEmpty (15 bytes)
Event: 14.172 Thread 0x000002ab99785000 nmethod 2863 0x000002ab8919f790 code [0x000002ab8919f940, 0x000002ab8919fac8]
Event: 14.234 Thread 0x000002ab99785000 2864       3       java.lang.invoke.DirectMethodHandle$Holder::invokeStatic (15 bytes)
Event: 14.235 Thread 0x000002ab99773800 2865   !   4       java.lang.invoke.MemberName::getMethodType (203 bytes)
Event: 14.235 Thread 0x000002ab99785000 nmethod 2864 0x000002ab8919fb90 code [0x000002ab8919fd60, 0x000002ab891a0298]
Event: 14.236 Thread 0x000002ab99773800 nmethod 2865 0x000002ab902b3410 code [0x000002ab902b35a0, 0x000002ab902b3658]
Event: 14.236 Thread 0x000002ab99785000 2866       3       jdk.internal.org.objectweb.asm.ClassWriter::newConst (9 bytes)
Event: 14.236 Thread 0x000002ab99785000 nmethod 2866 0x000002ab891a0390 code [0x000002ab891a0540, 0x000002ab891a0688]
Event: 14.236 Thread 0x000002ab99785000 2867       3       java.lang.invoke.InvokerBytecodeGenerator$CpPatch::<init> (20 bytes)
Event: 14.236 Thread 0x000002ab99785000 nmethod 2867 0x000002ab891a0790 code [0x000002ab891a0940, 0x000002ab891a0b58]
Event: 14.238 Thread 0x000002ab99785000 2868       3       java.lang.String::getChars (54 bytes)
Event: 14.238 Thread 0x000002ab99785000 nmethod 2868 0x000002ab891a0c10 code [0x000002ab891a0e20, 0x000002ab891a12d8]
Event: 14.238 Thread 0x000002ab99785000 2870   !   3       java.nio.CharBuffer::wrap (20 bytes)
Event: 14.238 Thread 0x000002ab99785000 nmethod 2870 0x000002ab891a1510 code [0x000002ab891a1700, 0x000002ab891a1ad8]
Event: 14.238 Thread 0x000002ab99785000 2871       3       java.nio.HeapCharBuffer::<init> (21 bytes)
Event: 14.238 Thread 0x000002ab99773800 2872       4       java.lang.StringBuilder::<init> (7 bytes)
Event: 14.238 Thread 0x000002ab99785000 nmethod 2871 0x000002ab891a1d10 code [0x000002ab891a1ee0, 0x000002ab891a2108]
Event: 14.238 Thread 0x000002ab99785000 2869       3       java.lang.StringLatin1::getChars (12 bytes)
Event: 14.238 Thread 0x000002ab99785000 nmethod 2869 0x000002ab891a2290 code [0x000002ab891a2440, 0x000002ab891a2548]
Event: 14.239 Thread 0x000002ab99773800 nmethod 2872 0x000002ab902b3790 code [0x000002ab902b3920, 0x000002ab902b3ad8]

GC Heap History (4 events):
Event: 1.404 GC heap before
{Heap before GC invocations=0 (full 0):
 garbage-first heap   total 126976K, used 23552K [0x0000000084800000, 0x0000000100000000)
  region size 1024K, 24 young (24576K), 0 survivors (0K)
 Metaspace       used 12840K, capacity 13189K, committed 13312K, reserved 1060864K
  class space    used 1324K, capacity 1464K, committed 1536K, reserved 1048576K
}
Event: 1.407 GC heap after
{Heap after GC invocations=1 (full 0):
 garbage-first heap   total 126976K, used 3196K [0x0000000084800000, 0x0000000100000000)
  region size 1024K, 3 young (3072K), 3 survivors (3072K)
 Metaspace       used 12840K, capacity 13189K, committed 13312K, reserved 1060864K
  class space    used 1324K, capacity 1464K, committed 1536K, reserved 1048576K
}
Event: 2.248 GC heap before
{Heap before GC invocations=1 (full 0):
 garbage-first heap   total 126976K, used 39036K [0x0000000084800000, 0x0000000100000000)
  region size 1024K, 32 young (32768K), 3 survivors (3072K)
 Metaspace       used 20590K, capacity 21205K, committed 21296K, reserved 1069056K
  class space    used 2478K, capacity 2725K, committed 2816K, reserved 1048576K
}
Event: 2.253 GC heap after
{Heap after GC invocations=2 (full 0):
 garbage-first heap   total 126976K, used 14723K [0x0000000084800000, 0x0000000100000000)
  region size 1024K, 8 young (8192K), 8 survivors (8192K)
 Metaspace       used 20590K, capacity 21205K, committed 21296K, reserved 1069056K
  class space    used 2478K, capacity 2725K, committed 2816K, reserved 1048576K
}

Deoptimization events (20 events):
Event: 13.516 Thread 0x000002ab9d165800 Uncommon trap: trap_request=0xffffffde fr.pc=0x000002ab90261390 relative=0x0000000000000fd0
Event: 13.516 Thread 0x000002ab9d165800 Uncommon trap: reason=class_check action=maybe_recompile pc=0x000002ab90261390 method=javafx.scene.Node.updateLocalToParentTransform()V @ 11 c2
Event: 13.516 Thread 0x000002ab9d165800 DEOPT PACKING pc=0x000002ab90261390 sp=0x000000f18a4f8760
Event: 13.516 Thread 0x000002ab9d165800 DEOPT UNPACKING pc=0x000002ab8870a1af sp=0x000000f18a4f8720 mode 2
Event: 13.516 Thread 0x000002ab9d165800 Uncommon trap: trap_request=0xffffffde fr.pc=0x000002ab90261390 relative=0x0000000000000fd0
Event: 13.516 Thread 0x000002ab9d165800 Uncommon trap: reason=class_check action=maybe_recompile pc=0x000002ab90261390 method=javafx.scene.Node.updateLocalToParentTransform()V @ 11 c2
Event: 13.516 Thread 0x000002ab9d165800 DEOPT PACKING pc=0x000002ab90261390 sp=0x000000f18a4f8760
Event: 13.516 Thread 0x000002ab9d165800 DEOPT UNPACKING pc=0x000002ab8870a1af sp=0x000000f18a4f8720 mode 2
Event: 13.516 Thread 0x000002ab9d165800 Uncommon trap: trap_request=0xffffffde fr.pc=0x000002ab90261390 relative=0x0000000000000fd0
Event: 13.516 Thread 0x000002ab9d165800 Uncommon trap: reason=class_check action=maybe_recompile pc=0x000002ab90261390 method=javafx.scene.Node.updateLocalToParentTransform()V @ 11 c2
Event: 13.516 Thread 0x000002ab9d165800 DEOPT PACKING pc=0x000002ab90261390 sp=0x000000f18a4f8760
Event: 13.516 Thread 0x000002ab9d165800 DEOPT UNPACKING pc=0x000002ab8870a1af sp=0x000000f18a4f8720 mode 2
Event: 14.236 Thread 0x000002ab9d165800 Uncommon trap: trap_request=0xffffff76 fr.pc=0x000002ab9029c84c relative=0x00000000000027cc
Event: 14.236 Thread 0x000002ab9d165800 Uncommon trap: reason=loop_limit_check action=maybe_recompile pc=0x000002ab9029c84c method=java.lang.invoke.LambdaForm.useCount(Ljava/lang/invoke/LambdaForm$Name;)I @ 62 c2
Event: 14.236 Thread 0x000002ab9d165800 DEOPT PACKING pc=0x000002ab9029c84c sp=0x000000f18a4f7cf0
Event: 14.236 Thread 0x000002ab9d165800 DEOPT UNPACKING pc=0x000002ab8870a1af sp=0x000000f18a4f7b68 mode 2
Event: 14.236 Thread 0x000002ab9d165800 Uncommon trap: trap_request=0xffffff76 fr.pc=0x000002ab902951b8 relative=0x0000000000002e38
Event: 14.236 Thread 0x000002ab9d165800 Uncommon trap: reason=loop_limit_check action=maybe_recompile pc=0x000002ab902951b8 method=java.lang.invoke.LambdaForm.useCount(Ljava/lang/invoke/LambdaForm$Name;)I @ 62 c2
Event: 14.236 Thread 0x000002ab9d165800 DEOPT PACKING pc=0x000002ab902951b8 sp=0x000000f18a4f7c30
Event: 14.236 Thread 0x000002ab9d165800 DEOPT UNPACKING pc=0x000002ab8870a1af sp=0x000000f18a4f7b58 mode 2

Classes redefined (0 events):
No events

Internal exceptions (20 events):
Event: 2.266 Thread 0x000002ab9d165800 Exception <a 'java/lang/NoSuchMethodError'{0x000000008c3e12b0}: 'void java.lang.invoke.DirectMethodHandle$Holder.invokeSpecial(java.lang.Object, java.lang.Object, java.lang.Object, java.lang.Object, java.lang.Object, java.lang.Object)'> (0x000000008c3e12b0) thrown at [s\src\hotspot\share\interpreter\linkResolver.cpp, line 773]
Event: 2.284 Thread 0x000002ab9d165800 Exception <a 'java/lang/NoSuchMethodError'{0x000000008c04a678}: 'java.lang.Object java.lang.invoke.DirectMethodHandle$Holder.invokeInterface(java.lang.Object, java.lang.Object, java.lang.Object)'> (0x000000008c04a678) thrown at [s\src\hotspot\share\interpreter\linkResolver.cpp, line 773]
Event: 2.285 Thread 0x000002ab9d165800 Exception <a 'java/lang/IncompatibleClassChangeError'{0x000000008c04d830}: Found class java.lang.Object, but interface was expected> (0x000000008c04d830) thrown at [s\src\hotspot\share\interpreter\linkResolver.cpp, line 839]
Event: 2.364 Thread 0x000002ab9d165800 Exception <a 'java/lang/NoSuchMethodError'{0x000000008bd3c490}: 'long java.lang.invoke.DirectMethodHandle$Holder.invokeStaticInit(java.lang.Object, java.lang.Object, java.lang.Object)'> (0x000000008bd3c490) thrown at [s\src\hotspot\share\interpreter\linkResolver.cpp, line 773]
Event: 2.364 Thread 0x000002ab99f2d800 Exception <a 'java/lang/NoSuchMethodError'{0x000000008bd98bd0}: 'int java.lang.invoke.DirectMethodHandle$Holder.invokeStaticInit(java.lang.Object, java.lang.Object)'> (0x000000008bd98bd0) thrown at [s\src\hotspot\share\interpreter\linkResolver.cpp, line 773]
Event: 2.366 Thread 0x000002ab9d165800 Exception <a 'java/lang/NoSuchMethodError'{0x000000008bd54ad8}: 'java.lang.Object java.lang.invoke.DirectMethodHandle$Holder.invokeStatic(java.lang.Object, java.lang.Object, long)'> (0x000000008bd54ad8) thrown at [s\src\hotspot\share\interpreter\linkResolver.cpp, line 773]
Event: 2.367 Thread 0x000002ab9d165800 Exception <a 'java/lang/NoSuchMethodError'{0x000000008bd5ac50}: 'java.lang.Object java.lang.invoke.Invokers$Holder.linkToTargetMethod(java.lang.Object, long, java.lang.Object)'> (0x000000008bd5ac50) thrown at [s\src\hotspot\share\interpreter\linkResolver.cpp, line 773]
Event: 4.792 Thread 0x000002ab9d165800 Exception <a 'java/lang/NoSuchMethodError'{0x000000008b83b708}: 'java.lang.Object java.lang.invoke.DirectMethodHandle$Holder.invokeStatic(java.lang.Object, java.lang.Object, java.lang.Object, double, double, double, double, int, int, int, int, int, int, int, int, int)'> (0x000000008b83b708) thrown at [s\src\hotspot\share\interpreter\linkResolver.cpp, line 773]
Event: 13.247 Thread 0x000002ab9d165800 Exception <a 'java/lang/NoSuchMethodError'{0x000000008b488318}: 'java.lang.Object java.lang.invoke.DirectMethodHandle$Holder.invokeStatic(java.lang.Object, java.lang.Object, int, int, int, int, int, java.lang.Object)'> (0x000000008b488318) thrown at [s\src\hotspot\share\interpreter\linkResolver.cpp, line 773]
Event: 13.248 Thread 0x000002ab9d165800 Exception <a 'java/lang/NoSuchMethodError'{0x000000008b498ce0}: 'java.lang.Object java.lang.invoke.DirectMethodHandle$Holder.invokeStatic(java.lang.Object, java.lang.Object, java.lang.Object, int, int, int, int, int)'> (0x000000008b498ce0) thrown at [s\src\hotspot\share\interpreter\linkResolver.cpp, line 773]
Event: 13.248 Thread 0x000002ab9d165800 Exception <a 'java/lang/NoSuchMethodError'{0x000000008b49fa78}: 'java.lang.Object java.lang.invoke.Invokers$Holder.linkToTargetMethod(java.lang.Object, java.lang.Object, int, int, int, int, int, java.lang.Object)'> (0x000000008b49fa78) thrown at [s\src\hotspot\share\interpreter\linkResolver.cpp, line 773]
Event: 13.284 Thread 0x000002ab9d165800 Implicit null exception at 0x000002ab90279c0b to 0x000002ab90279fd4
Event: 13.287 Thread 0x000002ab9d165800 Implicit null exception at 0x000002ab9028ac05 to 0x000002ab9028ac50
Event: 13.290 Thread 0x000002ab9d165800 Exception <a 'java/lang/NoSuchMethodError'{0x000000008b4d6310}: 'java.lang.Object java.lang.invoke.DirectMethodHandle$Holder.invokeStatic(java.lang.Object, java.lang.Object, java.lang.Object, java.lang.Object, java.lang.Object, java.lang.Object, java.lang.Object, java.lang.Object, java.lang.Object, java.lang.Object, java.lang.Object, java.lang.Object, java.lang.Object, int)'> (0x000000008b4d6310) thrown at [s\src\hotspot\share\interpreter\linkResolver.cpp, line 773]
Event: 13.291 Thread 0x000002ab9d165800 Exception <a 'java/lang/NoSuchMethodError'{0x000000008b4e27b0}: 'java.lang.Object java.lang.invoke.DirectMethodHandle$Holder.invokeStatic(java.lang.Object, java.lang.Object, java.lang.Object, java.lang.Object, java.lang.Object, java.lang.Object, java.lang.Object, java.lang.Object, java.lang.Object, java.lang.Object, java.lang.Object, java.lang.Object, java.lang.Object, int, int)'> (0x000000008b4e27b0) thrown at [s\src\hotspot\share\interpreter\linkResolver.cpp, line 773]
Event: 13.291 Thread 0x000002ab9d165800 Exception <a 'java/lang/NoSuchMethodError'{0x000000008b4ef030}: 'java.lang.Object java.lang.invoke.DirectMethodHandle$Holder.invokeStatic(java.lang.Object, java.lang.Object, java.lang.Object, java.lang.Object, java.lang.Object, java.lang.Object, java.lang.Object, java.lang.Object, java.lang.Object, java.lang.Object, java.lang.Object, java.lang.Object, java.lang.Object, int, int, java.lang.Object)'> (0x000000008b4ef030) thrown at [s\src\hotspot\share\interpreter\linkResolver.cpp, line 773]
Event: 13.300 Thread 0x000002ab9d165800 Exception <a 'sun/nio/fs/WindowsException'{0x000000008b34cf18}> (0x000000008b34cf18) thrown at [s\src\hotspot\share\prims\jni.cpp, line 617]
Event: 13.306 Thread 0x000002ab9d165800 Exception <a 'java/lang/ClassNotFoundException'{0x000000008b3646c8}: sun/util/logging/resources/spi/loggingProvider> (0x000000008b3646c8) thrown at [s\src\hotspot\share\classfile\systemDictionary.cpp, line 230]
Event: 13.484 Thread 0x000002ab9d165800 Implicit null exception at 0x000002ab9027a45d to 0x000002ab9027a49c
Event: 14.237 Thread 0x000002ab9d165800 Exception <a 'java/lang/IllegalArgumentException'{0x000000008b0b9538}> (0x000000008b0b9538) thrown at [s\src\hotspot\share\prims\jvm.cpp, line 1310]

Events (20 events):
Event: 14.171 loading class javafx/application/Application
Event: 14.171 loading class javafx/application/Application done
Event: 14.171 loading class javafx/application/Application
Event: 14.171 loading class javafx/application/Application done
Event: 14.234 loading class com/sun/javafx/tk/quantum/GlassScene
Event: 14.234 loading class com/sun/javafx/tk/quantum/GlassScene done
Event: 14.234 loading class com/sun/javafx/tk/quantum/WindowStage
Event: 14.234 loading class com/sun/javafx/tk/quantum/WindowStage done
Event: 14.234 loading class com/sun/prism/GraphicsResource
Event: 14.234 loading class com/sun/prism/GraphicsResource done
Event: 14.234 loading class com/sun/prism/GraphicsResource
Event: 14.234 loading class com/sun/prism/GraphicsResource done
Event: 14.235 loading class com/sun/javafx/tk/quantum/ViewScene
Event: 14.235 loading class com/sun/javafx/tk/quantum/ViewScene done
Event: 14.235 loading class com/sun/javafx/tk/quantum/WindowStage
Event: 14.235 loading class com/sun/javafx/tk/quantum/WindowStage done
Event: 14.237 loading class java/lang/Throwable$WrappedPrintStream
Event: 14.237 loading class java/lang/Throwable$PrintStreamOrWriter
Event: 14.237 loading class java/lang/Throwable$PrintStreamOrWriter done
Event: 14.237 loading class java/lang/Throwable$WrappedPrintStream done


Dynamic libraries:
0x00007ff745d10000 - 0x00007ff745d1e000 	C:\Users\alonh\.jdks\corretto-11.0.22\bin\java.exe
0x00007ff810f50000 - 0x00007ff811167000 	C:\Windows\SYSTEM32\ntdll.dll
0x00007ff810330000 - 0x00007ff8103f4000 	C:\Windows\System32\KERNEL32.DLL
0x00007ff80e6c0000 - 0x00007ff80ea66000 	C:\Windows\System32\KERNELBASE.dll
0x0000000075900000 - 0x0000000075c32000 	C:\Program Files\Norton Security\NortonData\22.23.5.106\Definitions\IPSDefs\20231207.064\IPSEng64.dll
0x00007ff80eca0000 - 0x00007ff80ed53000 	C:\Windows\System32\ADVAPI32.dll
0x00007ff810510000 - 0x00007ff8105b7000 	C:\Windows\System32\msvcrt.dll
0x00007ff810400000 - 0x00007ff8104a8000 	C:\Windows\System32\sechost.dll
0x00007ff80e3e0000 - 0x00007ff80e408000 	C:\Windows\System32\bcrypt.dll
0x00007ff80ef70000 - 0x00007ff80f087000 	C:\Windows\System32\RPCRT4.dll
0x00007ff80edf0000 - 0x00007ff80edf8000 	C:\Windows\System32\PSAPI.DLL
0x00007ff80e2c0000 - 0x00007ff80e3d1000 	C:\Windows\System32\ucrtbase.dll
0x00007ff80acb0000 - 0x00007ff80acc7000 	C:\Users\alonh\.jdks\corretto-11.0.22\bin\jli.dll
0x00007fffde380000 - 0x00007fffde39b000 	C:\Users\alonh\.jdks\corretto-11.0.22\bin\VCRUNTIME140.dll
0x00007ff810720000 - 0x00007ff8108ce000 	C:\Windows\System32\USER32.dll
0x00007fffe7080000 - 0x00007fffe7313000 	C:\Windows\WinSxS\amd64_microsoft.windows.common-controls_6595b64144ccf1df_6.0.22621.2506_none_270c5ae97388e100\COMCTL32.dll
0x00007ff80e290000 - 0x00007ff80e2b6000 	C:\Windows\System32\win32u.dll
0x00007ff8108d0000 - 0x00007ff8108f9000 	C:\Windows\System32\GDI32.dll
0x00007ff80e520000 - 0x00007ff80e638000 	C:\Windows\System32\gdi32full.dll
0x00007ff80e480000 - 0x00007ff80e51a000 	C:\Windows\System32\msvcp_win.dll
0x00007ff810a30000 - 0x00007ff810a61000 	C:\Windows\System32\IMM32.DLL
0x00007fffe0860000 - 0x00007fffe086c000 	C:\Users\alonh\.jdks\corretto-11.0.22\bin\vcruntime140_1.dll
0x00007fffa96c0000 - 0x00007fffa974d000 	C:\Users\alonh\.jdks\corretto-11.0.22\bin\msvcp140.dll
0x00007fff5e330000 - 0x00007fff5eef3000 	C:\Users\alonh\.jdks\corretto-11.0.22\bin\server\jvm.dll
0x00007ff8004c0000 - 0x00007ff8004f4000 	C:\Windows\SYSTEM32\WINMM.dll
0x00007fffd3c10000 - 0x00007fffd3c19000 	C:\Windows\SYSTEM32\WSOCK32.dll
0x00007ff803670000 - 0x00007ff80367a000 	C:\Windows\SYSTEM32\VERSION.dll
0x00007ff8105c0000 - 0x00007ff810631000 	C:\Windows\System32\WS2_32.dll
0x00007ff80d390000 - 0x00007ff80d3a8000 	C:\Windows\SYSTEM32\kernel.appcore.dll
0x00007fffde370000 - 0x00007fffde380000 	C:\Users\alonh\.jdks\corretto-11.0.22\bin\verify.dll
0x00007ff80bc50000 - 0x00007ff80be83000 	C:\Windows\SYSTEM32\DBGHELP.DLL
0x00007ff80f2c0000 - 0x00007ff80f649000 	C:\Windows\System32\combase.dll
0x00007ff810640000 - 0x00007ff810717000 	C:\Windows\System32\OLEAUT32.dll
0x00007ff802030000 - 0x00007ff802062000 	C:\Windows\SYSTEM32\dbgcore.DLL
0x00007ff80e640000 - 0x00007ff80e6ba000 	C:\Windows\System32\bcryptPrimitives.dll
0x00007fffde340000 - 0x00007fffde368000 	C:\Users\alonh\.jdks\corretto-11.0.22\bin\java.dll
0x00007fffde290000 - 0x00007fffde29a000 	C:\Users\alonh\.jdks\corretto-11.0.22\bin\jimage.dll
0x00007fffde280000 - 0x00007fffde28e000 	C:\Users\alonh\.jdks\corretto-11.0.22\bin\instrument.dll
0x00007fffde260000 - 0x00007fffde278000 	C:\Users\alonh\.jdks\corretto-11.0.22\bin\zip.dll
0x00007ff80f950000 - 0x00007ff8101aa000 	C:\Windows\System32\SHELL32.dll
0x00007ff80c1a0000 - 0x00007ff80ca96000 	C:\Windows\SYSTEM32\windows.storage.dll
0x00007ff80c060000 - 0x00007ff80c19e000 	C:\Windows\SYSTEM32\wintypes.dll
0x00007ff80f840000 - 0x00007ff80f933000 	C:\Windows\System32\SHCORE.dll
0x00007ff810910000 - 0x00007ff81096e000 	C:\Windows\System32\shlwapi.dll
0x00007ff80e1c0000 - 0x00007ff80e1e6000 	C:\Windows\SYSTEM32\profapi.dll
0x00007fffb8e90000 - 0x00007fffb8ea9000 	C:\Users\alonh\.jdks\corretto-11.0.22\bin\net.dll
0x00007ff807940000 - 0x00007ff807a77000 	C:\Windows\SYSTEM32\WINHTTP.dll
0x00007ff80d830000 - 0x00007ff80d899000 	C:\Windows\system32\mswsock.dll
0x00007fffb6a80000 - 0x00007fffb6a92000 	C:\Users\alonh\.jdks\corretto-11.0.22\bin\nio.dll
0x00007fffab280000 - 0x00007fffab29a000 	C:\Users\alonh\AppData\Local\Programs\IntelliJ IDEA Ultimate\bin\breakgen64.dll
0x000002abfff80000 - 0x000002abfff83000 	C:\Users\alonh\.openjfx\cache\17.0.6\api-ms-win-core-console-l1-1-0.dll
0x000002abfff90000 - 0x000002abfff93000 	C:\Users\alonh\.openjfx\cache\17.0.6\api-ms-win-core-console-l1-2-0.dll
0x000002abfffa0000 - 0x000002abfffa3000 	C:\Users\alonh\.openjfx\cache\17.0.6\api-ms-win-core-datetime-l1-1-0.dll
0x000002abfffb0000 - 0x000002abfffb3000 	C:\Users\alonh\.openjfx\cache\17.0.6\api-ms-win-core-debug-l1-1-0.dll
0x000002abfffc0000 - 0x000002abfffc3000 	C:\Users\alonh\.openjfx\cache\17.0.6\api-ms-win-core-errorhandling-l1-1-0.dll
0x000002abfffd0000 - 0x000002abfffd4000 	C:\Users\alonh\.openjfx\cache\17.0.6\api-ms-win-core-file-l1-1-0.dll
0x000002abfffe0000 - 0x000002abfffe3000 	C:\Users\alonh\.openjfx\cache\17.0.6\api-ms-win-core-file-l1-2-0.dll
0x000002abffff0000 - 0x000002abffff3000 	C:\Users\alonh\.openjfx\cache\17.0.6\api-ms-win-core-file-l2-1-0.dll
0x000002ab9a4c0000 - 0x000002ab9a4c3000 	C:\Users\alonh\.openjfx\cache\17.0.6\api-ms-win-core-handle-l1-1-0.dll
0x000002ab9a4d0000 - 0x000002ab9a4d3000 	C:\Users\alonh\.openjfx\cache\17.0.6\api-ms-win-core-heap-l1-1-0.dll
0x000002ab9a4e0000 - 0x000002ab9a4e3000 	C:\Users\alonh\.openjfx\cache\17.0.6\api-ms-win-core-interlocked-l1-1-0.dll
0x000002ab9a4f0000 - 0x000002ab9a4f3000 	C:\Users\alonh\.openjfx\cache\17.0.6\api-ms-win-core-libraryloader-l1-1-0.dll
0x000002ab9a500000 - 0x000002ab9a503000 	C:\Users\alonh\.openjfx\cache\17.0.6\api-ms-win-core-localization-l1-2-0.dll
0x000002ab9a510000 - 0x000002ab9a513000 	C:\Users\alonh\.openjfx\cache\17.0.6\api-ms-win-core-memory-l1-1-0.dll
0x000002ab9a520000 - 0x000002ab9a523000 	C:\Users\alonh\.openjfx\cache\17.0.6\api-ms-win-core-namedpipe-l1-1-0.dll
0x000002ab9a530000 - 0x000002ab9a533000 	C:\Users\alonh\.openjfx\cache\17.0.6\api-ms-win-core-processenvironment-l1-1-0.dll
0x000002ab9a540000 - 0x000002ab9a543000 	C:\Users\alonh\.openjfx\cache\17.0.6\api-ms-win-core-processthreads-l1-1-0.dll
0x000002ab9a550000 - 0x000002ab9a553000 	C:\Users\alonh\.openjfx\cache\17.0.6\api-ms-win-core-processthreads-l1-1-1.dll
0x000002ab9a560000 - 0x000002ab9a563000 	C:\Users\alonh\.openjfx\cache\17.0.6\api-ms-win-core-profile-l1-1-0.dll
0x000002ab9a570000 - 0x000002ab9a573000 	C:\Users\alonh\.openjfx\cache\17.0.6\api-ms-win-core-rtlsupport-l1-1-0.dll
0x000002ab9a580000 - 0x000002ab9a583000 	C:\Users\alonh\.openjfx\cache\17.0.6\api-ms-win-core-string-l1-1-0.dll
0x000002ab9a590000 - 0x000002ab9a593000 	C:\Users\alonh\.openjfx\cache\17.0.6\api-ms-win-core-synch-l1-1-0.dll
0x000002ab9a5a0000 - 0x000002ab9a5a3000 	C:\Users\alonh\.openjfx\cache\17.0.6\api-ms-win-core-synch-l1-2-0.dll
0x000002ab9a5b0000 - 0x000002ab9a5b3000 	C:\Users\alonh\.openjfx\cache\17.0.6\api-ms-win-core-sysinfo-l1-1-0.dll
0x000002ab9a5c0000 - 0x000002ab9a5c3000 	C:\Users\alonh\.openjfx\cache\17.0.6\api-ms-win-core-timezone-l1-1-0.dll
0x000002ab9a5d0000 - 0x000002ab9a5d3000 	C:\Users\alonh\.openjfx\cache\17.0.6\api-ms-win-core-util-l1-1-0.dll
0x000002ab9a5e0000 - 0x000002ab9a5e3000 	C:\Users\alonh\.openjfx\cache\17.0.6\api-ms-win-crt-conio-l1-1-0.dll
0x000002ab9a5f0000 - 0x000002ab9a5f4000 	C:\Users\alonh\.openjfx\cache\17.0.6\api-ms-win-crt-convert-l1-1-0.dll
0x000002ab9a600000 - 0x000002ab9a603000 	C:\Users\alonh\.openjfx\cache\17.0.6\api-ms-win-crt-environment-l1-1-0.dll
0x000002ab9a610000 - 0x000002ab9a613000 	C:\Users\alonh\.openjfx\cache\17.0.6\api-ms-win-crt-filesystem-l1-1-0.dll
0x000002ab9a620000 - 0x000002ab9a623000 	C:\Users\alonh\.openjfx\cache\17.0.6\api-ms-win-crt-heap-l1-1-0.dll
0x000002ab9a630000 - 0x000002ab9a633000 	C:\Users\alonh\.openjfx\cache\17.0.6\api-ms-win-crt-locale-l1-1-0.dll
0x000002ab9a640000 - 0x000002ab9a645000 	C:\Users\alonh\.openjfx\cache\17.0.6\api-ms-win-crt-math-l1-1-0.dll
0x000002ab9a650000 - 0x000002ab9a655000 	C:\Users\alonh\.openjfx\cache\17.0.6\api-ms-win-crt-multibyte-l1-1-0.dll
0x000002ab9a660000 - 0x000002ab9a670000 	C:\Users\alonh\.openjfx\cache\17.0.6\api-ms-win-crt-private-l1-1-0.dll
0x000002ab9a670000 - 0x000002ab9a673000 	C:\Users\alonh\.openjfx\cache\17.0.6\api-ms-win-crt-process-l1-1-0.dll
0x000002ab9a680000 - 0x000002ab9a684000 	C:\Users\alonh\.openjfx\cache\17.0.6\api-ms-win-crt-runtime-l1-1-0.dll
0x000002ab9a690000 - 0x000002ab9a694000 	C:\Users\alonh\.openjfx\cache\17.0.6\api-ms-win-crt-stdio-l1-1-0.dll
0x000002ab9a6a0000 - 0x000002ab9a6a4000 	C:\Users\alonh\.openjfx\cache\17.0.6\api-ms-win-crt-string-l1-1-0.dll
0x000002ab9a6b0000 - 0x000002ab9a6b3000 	C:\Users\alonh\.openjfx\cache\17.0.6\api-ms-win-crt-time-l1-1-0.dll
0x000002ab9a6c0000 - 0x000002ab9a6c3000 	C:\Users\alonh\.openjfx\cache\17.0.6\api-ms-win-crt-utility-l1-1-0.dll
0x00007fff5dd70000 - 0x00007fff5de6c000 	C:\Users\alonh\.openjfx\cache\17.0.6\ucrtbase.dll
0x00007fffab0e0000 - 0x00007fffab0fa000 	C:\Users\alonh\.openjfx\cache\17.0.6\vcruntime140.dll
0x00007fffc0560000 - 0x00007fffc056c000 	C:\Users\alonh\.openjfx\cache\17.0.6\vcruntime140_1.dll
0x00007fffa9630000 - 0x00007fffa96bd000 	C:\Users\alonh\.openjfx\cache\17.0.6\msvcp140.dll
0x00007fffbf530000 - 0x00007fffbf539000 	C:\Users\alonh\.openjfx\cache\17.0.6\msvcp140_1.dll
0x00007fffa9600000 - 0x00007fffa962f000 	C:\Users\alonh\.openjfx\cache\17.0.6\msvcp140_2.dll
0x00007fffa7980000 - 0x00007fffa79aa000 	C:\Users\alonh\.openjfx\cache\17.0.6\prism_d3d.dll
0x00007fffe0620000 - 0x00007fffe07c9000 	C:\Windows\system32\d3d9.dll
0x00007ff80b540000 - 0x00007ff80b56b000 	C:\Windows\SYSTEM32\dwmapi.dll
0x00007ff80b3d0000 - 0x00007ff80b406000 	C:\Windows\SYSTEM32\dxcore.dll
0x00007ff80b220000 - 0x00007ff80b2cb000 	C:\Windows\system32\uxtheme.dll
0x00007ffff4630000 - 0x00007ffff46e0000 	C:\Windows\SYSTEM32\d3d9on12.dll
0x00007ffff4600000 - 0x00007ffff4629000 	C:\Windows\SYSTEM32\d3d12.dll
0x00007ff80b410000 - 0x00007ff80b508000 	C:\Windows\SYSTEM32\dxgi.dll
0x00007ff80dfb0000 - 0x00007ff80dffe000 	C:\Windows\SYSTEM32\cfgmgr32.dll
0x00007fffe4330000 - 0x00007fffe4533000 	C:\Windows\SYSTEM32\D3D12Core.dll
0x00007ffff45d0000 - 0x00007ffff45f7000 	C:\Windows\System32\DriverStore\FileRepository\iigd_dch.inf_amd64_ce2a84db4d20c228\igd12umd64.dll
0x00007fffb2110000 - 0x00007fffb305b000 	C:\Windows\System32\DriverStore\FileRepository\iigd_dch.inf_amd64_ce2a84db4d20c228\igd12um64xel.dll
0x00007ff80eb30000 - 0x00007ff80ec96000 	C:\Windows\System32\CRYPT32.dll
0x00007ff80f650000 - 0x00007ff80f7f0000 	C:\Windows\System32\ole32.dll
0x00007fffdd400000 - 0x00007fffdd444000 	C:\Windows\SYSTEM32\ControlLib.dll
0x00007ff810a70000 - 0x00007ff810ee4000 	C:\Windows\System32\SETUPAPI.dll
0x00007ff80df50000 - 0x00007ff80df7c000 	C:\Windows\SYSTEM32\DEVOBJ.dll
0x00007ff800060000 - 0x00007ff8000e8000 	C:\Windows\System32\DriverStore\FileRepository\iigd_dch.inf_amd64_ce2a84db4d20c228\IntelControlLib.dll
0x00007ff80e410000 - 0x00007ff80e47b000 	C:\Windows\System32\WINTRUST.dll
0x00007ff80df30000 - 0x00007ff80df42000 	C:\Windows\SYSTEM32\MSASN1.dll
0x00007ff807290000 - 0x00007ff8072da000 	C:\Windows\SYSTEM32\directxdatabasehelper.dll
0x00007ffffbde0000 - 0x00007ffffc1b4000 	C:\Windows\System32\DriverStore\FileRepository\iigd_dch.inf_amd64_ce2a84db4d20c228\igdgmm64.dll
0x00007ffff7fc0000 - 0x00007ffffbdd2000 	C:\Windows\System32\DriverStore\FileRepository\iigd_dch.inf_amd64_ce2a84db4d20c228\igc64.dll
0x00007fffc1120000 - 0x00007fffc114f000 	C:\Windows\SYSTEM32\D3DSCache.dll
0x00007ff80d920000 - 0x00007ff80d94c000 	C:\Windows\SYSTEM32\USERENV.dll
0x00007fffb0360000 - 0x00007fffb170d000 	C:\Windows\System32\DriverStore\FileRepository\iigd_dch.inf_amd64_ce2a84db4d20c228\igd12dxva64.dll
0x00007fffae640000 - 0x00007fffb0360000 	C:\Windows\System32\DriverStore\FileRepository\iigd_dch.inf_amd64_ce2a84db4d20c228\media_bin_64.dll
0x00007fffc0e20000 - 0x00007fffc0e47000 	C:\Windows\System32\DriverStore\FileRepository\iigd_dch.inf_amd64_ce2a84db4d20c228\igdinfo64.dll
0x00007ff801ab0000 - 0x00007ff801d35000 	C:\Windows\SYSTEM32\twinapi.appcore.dll
0x00007fffa6090000 - 0x00007fffa60d2000 	C:\Users\alonh\.openjfx\cache\17.0.6\glass.dll
0x00007ff8101b0000 - 0x00007ff8102a9000 	C:\Windows\System32\COMDLG32.dll

dbghelp: loaded successfully - version: 4.0.5 - missing functions: none
symbol engine: initialized successfully - sym options: 0x614 - pdb path: .;C:\Users\alonh\.jdks\corretto-11.0.22\bin;C:\Windows\SYSTEM32;C:\Program Files\Norton Security\NortonData\22.23.5.106\Definitions\IPSDefs\20231207.064;C:\Windows\WinSxS\amd64_microsoft.windows.common-controls_6595b64144ccf1df_6.0.22621.2506_none_270c5ae97388e100;C:\Users\alonh\.jdks\corretto-11.0.22\bin\server;C:\Users\alonh\AppData\Local\Programs\IntelliJ IDEA Ultimate\bin;C:\Users\alonh\.openjfx\cache\17.0.6;C:\Windows\System32\DriverStore\FileRepository\iigd_dch.inf_amd64_ce2a84db4d20c228;C:\Program Files\Common Files\Microsoft Shared\Ink

VM Arguments:
jvm_args: -javaagent:C:\Users\alonh\AppData\Local\Programs\IntelliJ IDEA Ultimate\lib\idea_rt.jar=58370:C:\Users\alonh\AppData\Local\Programs\IntelliJ IDEA Ultimate\bin -Dfile.encoding=UTF-8 --module-path=C:\Users\alonh\.m2\repository\org\kordamp\bootstrapfx\bootstrapfx-core\0.4.0\bootstrapfx-core-0.4.0.jar;C:\Users\alonh\.m2\repository\com\dlsc\formsfx\formsfx-core\11.6.0\formsfx-core-11.6.0.jar;C:\Users\alonh\.m2\repository\org\openjfx\javafx-base\17.0.6\javafx-base-17.0.6-win.jar;C:\Users\alonh\IdeaProjects\Joyeria_ProyectoMult\target\classes;C:\Users\alonh\.m2\repository\org\openjfx\javafx-controls\17.0.6\javafx-controls-17.0.6-win.jar;C:\Users\alonh\.m2\repository\net\synedra\validatorfx\0.4.0\validatorfx-0.4.0.jar;C:\Users\alonh\.m2\repository\org\openjfx\javafx-graphics\17.0.6\javafx-graphics-17.0.6-win.jar;C:\Users\alonh\.m2\repository\org\openjfx\javafx-fxml\17.0.6\javafx-fxml-17.0.6-win.jar;C:\Users\alonh\.m2\repository\org\controlsfx\controlsfx\11.1.2\controlsfx-11.1.2.jar -Djdk.module.main=com.eduard034.joyeria_proyectomult 
java_command: com.eduard034.joyeria_proyectomult/com.eduard034.joyeria_proyectomult.JoyeriaApp
java_class_path (initial): C:\Users\alonh\.m2\repository\org\openjfx\javafx-controls\17.0.6\javafx-controls-17.0.6.jar;C:\Users\alonh\.m2\repository\org\openjfx\javafx-graphics\17.0.6\javafx-graphics-17.0.6.jar;C:\Users\alonh\.m2\repository\org\openjfx\javafx-base\17.0.6\javafx-base-17.0.6.jar;C:\Users\alonh\.m2\repository\org\openjfx\javafx-fxml\17.0.6\javafx-fxml-17.0.6.jar
Launcher Type: SUN_STANDARD

[Global flags]
     intx CICompilerCount                          = 4                                         {product} {ergonomic}
     uint ConcGCThreads                            = 3                                         {product} {ergonomic}
     uint G1ConcRefinementThreads                  = 10                                        {product} {ergonomic}
   size_t G1HeapRegionSize                         = 1048576                                   {product} {ergonomic}
    uintx GCDrainStackTargetSize                   = 64                                        {product} {ergonomic}
   size_t InitialHeapSize                          = 130023424                                 {product} {ergonomic}
   size_t MarkStackSize                            = 4194304                                   {product} {ergonomic}
   size_t MaxHeapSize                              = 2071986176                                {product} {ergonomic}
   size_t MaxNewSize                               = 1242562560                                {product} {ergonomic}
   size_t MinHeapDeltaBytes                        = 1048576                                   {product} {ergonomic}
    uintx NonNMethodCodeHeapSize                   = 5836300                                {pd product} {ergonomic}
    uintx NonProfiledCodeHeapSize                  = 122910970                              {pd product} {ergonomic}
    uintx ProfiledCodeHeapSize                     = 122910970                              {pd product} {ergonomic}
    uintx ReservedCodeCacheSize                    = 251658240                              {pd product} {ergonomic}
     bool SegmentedCodeCache                       = true                                      {product} {ergonomic}
     bool UseCompressedClassPointers               = true                                 {lp64_product} {ergonomic}
     bool UseCompressedOops                        = true                                 {lp64_product} {ergonomic}
     bool UseG1GC                                  = true                                      {product} {ergonomic}
     bool UseLargePagesIndividualAllocation        = false                                  {pd product} {ergonomic}

Logging:
Log output configuration:
 #0: stdout all=warning uptime,level,tags
 #1: stderr all=off uptime,level,tags

Environment Variables:
PATH=C:\Program Files\Eclipse Adoptium\jdk-21.0.1.12-hotspot\bin;"C:\Program Files\Common Files\Oracle\Java\javapath;C:\Program Files\Java\jdk-21\bin";C:\Windows\system32;C:\Windows;C:\Windows\System32\Wbem;C:\Windows\System32\WindowsPowerShell\v1.0\;C:\Windows\System32\OpenSSH\;C:\Program Files (x86)\NVIDIA Corporation\PhysX\Common;C:\Program Files\NVIDIA Corporation\NVIDIA NvDLISR;C:\Program Files\Git\cmd;C:\Program Files\dotnet\;C:\Users\alonh\AppData\Local\Microsoft\WindowsApps;C:\Users\alonh\AppData\Local\JetBrains\Toolbox\scripts;C:\Users\alonh\AppData\Local\Programs\Microsoft VS Code\bin;C:\Users\alonh\AppData\Local\GitHubDesktop\bin
USERNAME=alonh
OS=Windows_NT
PROCESSOR_IDENTIFIER=Intel64 Family 6 Model 154 Stepping 3, GenuineIntel
TMP=C:\Users\alonh\AppData\Local\Temp
TEMP=C:\Users\alonh\AppData\Local\Temp



---------------  S Y S T E M  ---------------

OS: Windows 11 , 64 bit Build 22621 (10.0.22621.2506)
OS uptime: 7 days 21:56 hours
Hyper-V role detected

CPU:total 12 (initial active 12) (6 cores per cpu, 2 threads per core) family 6 model 154 stepping 3 microcode 0x424, cmov, cx8, fxsr, mmx, sse, sse2, sse3, ssse3, sse4.1, sse4.2, popcnt, avx, avx2, aes, clmul, erms, 3dnowpref, lzcnt, ht, tsc, tscinvbit, bmi1, bmi2, adx, sha, fma

Memory: 4k page, system-wide physical 7896M (446M free)
TotalPageFile size 26595M (AvailPageFile size 3683M)
current process WorkingSet (physical memory assigned to process): 386M, peak: 399M
current process commit charge ("private bytes"): 514M, peak: 515M

vm_info: OpenJDK 64-Bit Server VM (11.0.22+7-LTS) for windows-amd64 JRE (11.0.22+7-LTS), built on Jan 10 2024 19:54:00 by "Administrator" with MS VC++ 16.10 / 16.11 (VS2019)

END.
