#
# A fatal error has been detected by the Java Runtime Environment:
#
#  EXCEPTION_ACCESS_VIOLATION (0xc0000005) at pc=0x00007fffa60abdf6, pid=19740, tid=11380
#
# JRE version: OpenJDK Runtime Environment Corretto-11.0.22.7.1 (11.0.22+7) (build 11.0.22+7-LTS)
# Java VM: OpenJDK 64-Bit Server VM Corretto-11.0.22.7.1 (11.0.22+7-LTS, mixed mode, tiered, compressed oops, g1 gc, windows-amd64)
# Problematic frame:
# C  [glass.dll+0x1bdf6]
#
# No core dump will be written. Minidumps are not enabled by default on client versions of Windows
#
# If you would like to submit a bug report, please visit:
#   https://github.com/corretto/corretto-11/issues/
# The crash happened outside the Java Virtual Machine in native code.
# See problematic frame for where to report the bug.
#

---------------  S U M M A R Y ------------

Command Line: -javaagent:C:\Users\alonh\AppData\Local\Programs\IntelliJ IDEA Ultimate\lib\idea_rt.jar=58911:C:\Users\alonh\AppData\Local\Programs\IntelliJ IDEA Ultimate\bin -Dfile.encoding=UTF-8 --module-path=C:\Users\alonh\.m2\repository\org\kordamp\bootstrapfx\bootstrapfx-core\0.4.0\bootstrapfx-core-0.4.0.jar;C:\Users\alonh\.m2\repository\com\dlsc\formsfx\formsfx-core\11.6.0\formsfx-core-11.6.0.jar;C:\Users\alonh\.m2\repository\org\openjfx\javafx-base\17.0.6\javafx-base-17.0.6-win.jar;C:\Users\alonh\IdeaProjects\Joyeria_ProyectoMult\target\classes;C:\Users\alonh\.m2\repository\org\openjfx\javafx-controls\17.0.6\javafx-controls-17.0.6-win.jar;C:\Users\alonh\.m2\repository\net\synedra\validatorfx\0.4.0\validatorfx-0.4.0.jar;C:\Users\alonh\.m2\repository\org\openjfx\javafx-graphics\17.0.6\javafx-graphics-17.0.6-win.jar;C:\Users\alonh\.m2\repository\org\openjfx\javafx-fxml\17.0.6\javafx-fxml-17.0.6-win.jar;C:\Users\alonh\.m2\repository\org\controlsfx\controlsfx\11.1.2\controlsfx-11.1.2.jar -Djdk.module.main=com.eduard034.joyeria_proyectomult com.eduard034.joyeria_proyectomult/com.eduard034.joyeria_proyectomult.JoyeriaApp

Host: 12th Gen Intel(R) Core(TM) i5-12450H, 12 cores, 7G,  Windows 11 , 64 bit Build 22621 (10.0.22621.2506)
Time: Sat Mar 23 18:52:51 2024 Hora estándar central (México) elapsed time: 8.834451 seconds (0d 0h 0m 8s)

---------------  T H R E A D  ---------------

Current thread (0x000002044a5df800):  JavaThread "JavaFX Application Thread" [_thread_in_native, id=11380, stack(0x0000001305600000,0x0000001305700000)]

Stack: [0x0000001305600000,0x0000001305700000],  sp=0x00000013056fc220,  free space=1008k
Native frames: (J=compiled Java code, j=interpreted, Vv=VM code, C=native code)
C  [glass.dll+0x1bdf6]

Java frames: (J=compiled Java code, j=interpreted, Vv=VM code)
j  com.sun.glass.ui.win.WinWindow._close(J)Z+0 javafx.graphics
j  com.sun.glass.ui.Window.close()V+63 javafx.graphics
j  com.sun.glass.ui.win.WinWindow.close()V+8 javafx.graphics
j  com.sun.glass.ui.Application.terminate()V+75 javafx.graphics
j  com.sun.javafx.tk.quantum.QuantumToolkit.lambda$exit$13()Ljava/lang/Object;+5 javafx.graphics
j  com.sun.javafx.tk.quantum.QuantumToolkit$$Lambda$446.get()Ljava/lang/Object;+0 javafx.graphics
j  com.sun.javafx.tk.quantum.QuantumToolkit.runWithRenderLock(Ljava/util/function/Supplier;)Ljava/lang/Object;+7 javafx.graphics
j  com.sun.javafx.tk.quantum.QuantumToolkit.exit()V+26 javafx.graphics
j  com.sun.javafx.application.PlatformImpl.lambda$tkExit$16()V+3 javafx.graphics
j  com.sun.javafx.application.PlatformImpl$$Lambda$445.run()V+0 javafx.graphics
j  com.sun.javafx.application.PlatformImpl.lambda$runAndWait$12(Ljava/lang/Runnable;Ljava/util/concurrent/CountDownLatch;)V+1 javafx.graphics
j  com.sun.javafx.application.PlatformImpl$$Lambda$87.run()V+8 javafx.graphics
j  com.sun.javafx.application.PlatformImpl.lambda$runLater$10(Ljava/lang/Runnable;)Ljava/lang/Void;+1 javafx.graphics
j  com.sun.javafx.application.PlatformImpl$$Lambda$90.run()Ljava/lang/Object;+4 javafx.graphics
v  ~StubRoutines::call_stub
J 2064  java.security.AccessController.doPrivileged(Ljava/security/PrivilegedAction;Ljava/security/AccessControlContext;)Ljava/lang/Object; java.base@11.0.22 (0 bytes) @ 0x0000020439b413a6 [0x0000020439b41340+0x0000000000000066]
j  com.sun.javafx.application.PlatformImpl.lambda$runLater$11(Ljava/lang/Runnable;Ljava/security/AccessControlContext;)V+7 javafx.graphics
j  com.sun.javafx.application.PlatformImpl$$Lambda$89.run()V+8 javafx.graphics
j  com.sun.glass.ui.InvokeLaterDispatcher$Future.run()V+4 javafx.graphics
v  ~StubRoutines::call_stub
j  com.sun.glass.ui.win.WinApplication._runLoop(Ljava/lang/Runnable;)V+0 javafx.graphics
j  com.sun.glass.ui.win.WinApplication.lambda$runLoop$3(ILjava/lang/Runnable;)V+8 javafx.graphics
j  com.sun.glass.ui.win.WinApplication$$Lambda$78.run()V+12 javafx.graphics
j  java.lang.Thread.run()V+11 java.base@11.0.22
v  ~StubRoutines::call_stub

siginfo: EXCEPTION_ACCESS_VIOLATION (0xc0000005), reading address 0x0000000000000130


Register to memory mapping:

RIP=0x00007fffa60abdf6 glass.dll
RAX=0x0 is NULL
RBX=0x0 is NULL
RCX=0x0 is NULL
RDX=0x0 is NULL
RSP=0x00000013056fc220 is pointing into the stack for thread: 0x000002044a5df800
RBP=0x0 is NULL
RSI=0x0000000000000401 is an unknown value
RDI=0x00000013056fc570 is pointing into the stack for thread: 0x000002044a5df800
R8 =0x00000013056fc570 is pointing into the stack for thread: 0x000002044a5df800
R9 =0x0 is NULL
R10=0x0 is NULL
R11=0x0000000000000246 is an unknown value
R12=0x0 is NULL
R13=0x0 is NULL
R14=0x0 is NULL
R15=0x0 is NULL


Registers:
RAX=0x0000000000000000, RBX=0x0000000000000000, RCX=0x0000000000000000, RDX=0x0000000000000000
RSP=0x00000013056fc220, RBP=0x0000000000000000, RSI=0x0000000000000401, RDI=0x00000013056fc570
R8 =0x00000013056fc570, R9 =0x0000000000000000, R10=0x0000000000000000, R11=0x0000000000000246
R12=0x0000000000000000, R13=0x0000000000000000, R14=0x0000000000000000, R15=0x0000000000000000
RIP=0x00007fffa60abdf6, EFLAGS=0x0000000000010202

Top of Stack: (sp=0x00000013056fc220)
0x00000013056fc220:   0000000000000578 00000013056fc230
0x00000013056fc230:   0000000000180016 00007fffa60b75c0
0x00000013056fc240:   00000013056fc570 00007fffa60aa871
0x00000013056fc250:   0000000000000000 00000013056fc570
0x00000013056fc260:   0000000000000401 0000020427c36e30
0x00000013056fc270:   000002044a2b9b90 00007fffa609a395
0x00000013056fc280:   00000013056fc570 0000000000000001
0x00000013056fc290:   000000008000c0c6 0000000000000001
0x00000013056fc2a0:   0000000000000000 00007fffa60917bb
0x00000013056fc2b0:   000002044a2b9b90 00000013056fc570
0x00000013056fc2c0:   0000000000000401 00000000003c095c
0x00000013056fc2d0:   0000000000000401 00007ff810738241
0x00000013056fc2e0:   0000000000000000 00000013056fc4a8
0x00000013056fc2f0:   0000000080000022 0000000000000001
0x00000013056fc300:   00000000000000b6 000002044a5df800
0x00000013056fc310:   000002044b1585e8 000002044a5df800 

Instructions: (pc=0x00007fffa60abdf6)
0x00007fffa60abcf6:   85 c0 74 08 48 8b c8 e8 ee 00 00 00 48 c7 05 23
0x00007fffa60abd06:   e1 01 00 00 00 00 00 48 83 c4 28 c3 cc cc cc cc
0x00007fffa60abd16:   cc cc cc cc cc cc cc cc cc cc 48 89 5c 24 08 57
0x00007fffa60abd26:   48 83 ec 30 48 8b fa 48 8b d9 48 39 91 30 01 00
0x00007fffa60abd36:   00 0f 84 a5 00 00 00 e8 ae 00 00 00 48 8b 93 30
0x00007fffa60abd46:   01 00 00 48 85 d2 75 04 48 8b 53 08 48 89 54 24
0x00007fffa60abd56:   20 4c 8b c7 48 85 ff 75 04 4c 8b 43 08 48 8d 0d
0x00007fffa60abd66:   a6 e2 00 00 4c 89 44 24 28 e8 bc 78 fe ff 48 8b
0x00007fffa60abd76:   4c 24 20 4c 8d 44 24 20 48 8d 15 db f7 ff ff ff
0x00007fffa60abd86:   15 05 da 01 00 48 8b 05 6e dd 01 00 48 85 c0 75
0x00007fffa60abd96:   04 33 c9 eb 03 8b 48 40 4c 8d 44 24 20 48 8d 15
0x00007fffa60abda6:   f6 f7 ff ff ff 15 e8 d9 01 00 48 89 bb 30 01 00
0x00007fffa60abdb6:   00 e8 54 38 00 00 4c 8b 05 ed e0 01 00 48 8b c8
0x00007fffa60abdc6:   48 8b 93 c0 00 00 00 4c 8b cf e8 db 92 fe ff e8
0x00007fffa60abdd6:   36 38 00 00 48 8b c8 e8 4e 37 00 00 48 8b 5c 24
0x00007fffa60abde6:   40 48 83 c4 30 5f c3 cc cc cc 40 57 48 83 ec 20
0x00007fffa60abdf6:   48 8b 81 30 01 00 00 48 8b f9 48 85 c0 75 04 48
0x00007fffa60abe06:   8b 41 08 48 3b 05 20 e0 01 00 75 3b 48 89 5c 24
0x00007fffa60abe16:   30 e8 f4 37 00 00 4c 8b 05 7d e0 01 00 48 8b c8
0x00007fffa60abe26:   48 8b 97 c0 00 00 00 48 8b d8 e8 7b 92 fe ff 48
0x00007fffa60abe36:   8b cb e8 f3 36 00 00 48 8b 5c 24 30 48 c7 05 e3
0x00007fffa60abe46:   df 01 00 00 00 00 00 48 83 c4 20 5f c3 cc cc cc
0x00007fffa60abe56:   cc cc cc cc cc cc cc cc cc cc 40 53 48 83 ec 50
0x00007fffa60abe66:   48 8b 05 5b b3 01 00 48 33 c4 48 89 44 24 40 48
0x00007fffa60abe76:   8b d9 48 8b 49 08 ff 15 86 d8 01 00 85 c0 0f 85
0x00007fffa60abe86:   1b 01 00 00 48 8b 4b 08 48 8d 54 24 30 ff 15 af
0x00007fffa60abe96:   d6 01 00 48 8b 4b 08 48 8d 54 24 20 ff 15 08 d7
0x00007fffa60abea6:   01 00 48 8b 4b 08 4c 8d 44 24 20 41 b9 02 00 00
0x00007fffa60abeb6:   00 33 d2 ff 15 f9 d6 01 00 8b 44 24 24 2b 44 24
0x00007fffa60abec6:   34 44 8b 44 24 20 44 2b 44 24 30 8b 54 24 3c 2b
0x00007fffa60abed6:   54 24 2c 8b 4c 24 38 2b 4c 24 28 89 83 1c 01 00
0x00007fffa60abee6:   00 44 89 83 18 01 00 00 89 93 24 01 00 00 89 8b 


Stack slot to memory mapping:
stack at sp + 0 slots: 0x0000000000000578 is an unknown value
stack at sp + 1 slots: 0x00000013056fc230 is pointing into the stack for thread: 0x000002044a5df800
stack at sp + 2 slots: 0x0000000000180016 is an unknown value
stack at sp + 3 slots: 0x00007fffa60b75c0 glass.dll
stack at sp + 4 slots: 0x00000013056fc570 is pointing into the stack for thread: 0x000002044a5df800
stack at sp + 5 slots: 0x00007fffa60aa871 glass.dll
stack at sp + 6 slots: 0x0 is NULL
stack at sp + 7 slots: 0x00000013056fc570 is pointing into the stack for thread: 0x000002044a5df800


---------------  P R O C E S S  ---------------

Threads class SMR info:
_java_thread_list=0x000002044ad9f0e0, length=18, elements={
0x000002042983d000, 0x0000020448af7800, 0x0000020448afb000, 0x0000020449374800,
0x0000020449376800, 0x000002044937a000, 0x000002044937f000, 0x0000020449384000,
0x0000020449386000, 0x0000020448aaf800, 0x0000020449b55000, 0x0000020449ce7800,
0x000002044a5de800, 0x000002044a5df800, 0x000002044a762000, 0x0000020449c45800,
0x000002044a946000, 0x000002044ad87000
}

Java Threads: ( => current thread )
  0x000002042983d000 JavaThread "main" [_thread_blocked, id=22548, stack(0x0000001303e00000,0x0000001303f00000)]
  0x0000020448af7800 JavaThread "Reference Handler" daemon [_thread_blocked, id=3632, stack(0x0000001304500000,0x0000001304600000)]
  0x0000020448afb000 JavaThread "Finalizer" daemon [_thread_blocked, id=29888, stack(0x0000001304600000,0x0000001304700000)]
  0x0000020449374800 JavaThread "Signal Dispatcher" daemon [_thread_blocked, id=652, stack(0x0000001304700000,0x0000001304800000)]
  0x0000020449376800 JavaThread "Attach Listener" daemon [_thread_blocked, id=21004, stack(0x0000001304800000,0x0000001304900000)]
  0x000002044937a000 JavaThread "Service Thread" daemon [_thread_blocked, id=16976, stack(0x0000001304900000,0x0000001304a00000)]
  0x000002044937f000 JavaThread "C2 CompilerThread0" daemon [_thread_blocked, id=25892, stack(0x0000001304a00000,0x0000001304b00000)]
  0x0000020449384000 JavaThread "C1 CompilerThread0" daemon [_thread_blocked, id=24860, stack(0x0000001304b00000,0x0000001304c00000)]
  0x0000020449386000 JavaThread "Sweeper thread" daemon [_thread_blocked, id=21876, stack(0x0000001304c00000,0x0000001304d00000)]
  0x0000020448aaf800 JavaThread "Common-Cleaner" daemon [_thread_blocked, id=16416, stack(0x0000001304d00000,0x0000001304e00000)]
  0x0000020449b55000 JavaThread "Monitor Ctrl-Break" daemon [_thread_in_native, id=25248, stack(0x0000001304f00000,0x0000001305000000)]
  0x0000020449ce7800 JavaThread "QuantumRenderer-0" daemon [_thread_blocked, id=20852, stack(0x0000001305100000,0x0000001305200000)]
  0x000002044a5de800 JavaThread "InvokeLaterDispatcher" daemon [_thread_blocked, id=19228, stack(0x0000001304e00000,0x0000001304f00000)]
=>0x000002044a5df800 JavaThread "JavaFX Application Thread" [_thread_in_native, id=11380, stack(0x0000001305600000,0x0000001305700000)]
  0x000002044a762000 JavaThread "JavaFX-Launcher" [_thread_blocked, id=22172, stack(0x0000001305900000,0x0000001305a00000)]
  0x0000020449c45800 JavaThread "Thread-2" daemon [_thread_in_native, id=17976, stack(0x0000001305800000,0x0000001305900000)]
  0x000002044a946000 JavaThread "Prism Font Disposer" daemon [_thread_blocked, id=1992, stack(0x0000001305f00000,0x0000001306000000)]
  0x000002044ad87000 JavaThread "Cleaner-0" daemon [_thread_blocked, id=27640, stack(0x0000001306800000,0x0000001306900000)]

Other Threads:
  0x0000020448af2800 VMThread "VM Thread" [stack: 0x0000001304400000,0x0000001304500000] [id=13284]
  0x0000020449ddb800 WatcherThread [stack: 0x0000001305000000,0x0000001305100000] [id=1904]
  0x0000020429856000 GCTaskThread "GC Thread#0" [stack: 0x0000001303f00000,0x0000001304000000] [id=31564]
  0x000002044a7e8800 GCTaskThread "GC Thread#1" [stack: 0x0000001305a00000,0x0000001305b00000] [id=27568]
  0x000002044a7ed800 GCTaskThread "GC Thread#2" [stack: 0x0000001305b00000,0x0000001305c00000] [id=18040]
  0x000002044a7ce000 GCTaskThread "GC Thread#3" [stack: 0x0000001305c00000,0x0000001305d00000] [id=19408]
  0x000002044a7df000 GCTaskThread "GC Thread#4" [stack: 0x0000001305d00000,0x0000001305e00000] [id=32732]
  0x000002044a7e3800 GCTaskThread "GC Thread#5" [stack: 0x0000001305e00000,0x0000001305f00000] [id=23500]
  0x0000020429885000 ConcurrentGCThread "G1 Main Marker" [stack: 0x0000001304000000,0x0000001304100000] [id=19892]
  0x0000020429886800 ConcurrentGCThread "G1 Conc#0" [stack: 0x0000001304100000,0x0000001304200000] [id=20920]
  0x000002044ae34800 ConcurrentGCThread "G1 Conc#1" [stack: 0x0000001306400000,0x0000001306500000] [id=20084]
  0x000002044ab3e800 ConcurrentGCThread "G1 Conc#2" [stack: 0x0000001306500000,0x0000001306600000] [id=22252]
  0x0000020448945800 ConcurrentGCThread "G1 Refine#0" [stack: 0x0000001304200000,0x0000001304300000] [id=17048]
  0x0000020448946800 ConcurrentGCThread "G1 Young RemSet Sampling" [stack: 0x0000001304300000,0x0000001304400000] [id=31940]

Threads with active compile tasks:

VM state:not at safepoint (normal execution)

VM Mutex/Monitor currently owned by a thread: None

Heap address: 0x0000000084800000, size: 1976 MB, Compressed Oops mode: 32-bit
Narrow klass base: 0x0000000000000000, Narrow klass shift: 3
Compressed class space size: 1073741824 Address: 0x0000000100000000

Heap:
 garbage-first heap   total 126976K, used 33756K [0x0000000084800000, 0x0000000100000000)
  region size 1024K, 26 young (26624K), 7 survivors (7168K)
 Metaspace       used 25041K, capacity 25919K, committed 25984K, reserved 1071104K
  class space    used 3084K, capacity 3452K, committed 3456K, reserved 1048576K
Heap Regions: E=young(eden), S=young(survivor), O=old, HS=humongous(starts), HC=humongous(continues), CS=collection set, F=free, A=archive, TAMS=top-at-mark-start (previous, next)
|   0|0x0000000084800000, 0x0000000084900000, 0x0000000084900000|100%|HS|  |TAMS 0x0000000084900000, 0x0000000084800000| Complete 
|   1|0x0000000084900000, 0x0000000084a00000, 0x0000000084a00000|100%|HC|  |TAMS 0x0000000084a00000, 0x0000000084900000| Complete 
|   2|0x0000000084a00000, 0x0000000084b00000, 0x0000000084b00000|100%|HC|  |TAMS 0x0000000084b00000, 0x0000000084a00000| Complete 
|   3|0x0000000084b00000, 0x0000000084c00000, 0x0000000084c00000|100%|HC|  |TAMS 0x0000000084c00000, 0x0000000084b00000| Complete 
|   4|0x0000000084c00000, 0x0000000084d00000, 0x0000000084d00000|100%|HC|  |TAMS 0x0000000084d00000, 0x0000000084c00000| Complete 
|   5|0x0000000084d00000, 0x0000000084e00000, 0x0000000084e00000|100%|HC|  |TAMS 0x0000000084e00000, 0x0000000084d00000| Complete 
|   6|0x0000000084e00000, 0x0000000084f00000, 0x0000000084f00000|100%|HC|  |TAMS 0x0000000084f00000, 0x0000000084e00000| Complete 
|   7|0x0000000084f00000, 0x0000000085000000, 0x0000000085000000|100%|HS|  |TAMS 0x0000000084f00000, 0x0000000084f00000| Complete 
|   8|0x0000000085000000, 0x0000000085100000, 0x0000000085100000|100%|HC|  |TAMS 0x0000000085000000, 0x0000000085000000| Complete 
|   9|0x0000000085100000, 0x0000000085100000, 0x0000000085200000|  0%| F|  |TAMS 0x0000000085100000, 0x0000000085100000| Untracked 
|  10|0x0000000085200000, 0x0000000085200000, 0x0000000085300000|  0%| F|  |TAMS 0x0000000085200000, 0x0000000085200000| Untracked 
|  11|0x0000000085300000, 0x0000000085300000, 0x0000000085400000|  0%| F|  |TAMS 0x0000000085300000, 0x0000000085300000| Untracked 
|  12|0x0000000085400000, 0x0000000085400000, 0x0000000085500000|  0%| F|  |TAMS 0x0000000085400000, 0x0000000085400000| Untracked 
|  13|0x0000000085500000, 0x0000000085500000, 0x0000000085600000|  0%| F|  |TAMS 0x0000000085500000, 0x0000000085500000| Untracked 
|  14|0x0000000085600000, 0x0000000085600000, 0x0000000085700000|  0%| F|  |TAMS 0x0000000085600000, 0x0000000085600000| Untracked 
|  15|0x0000000085700000, 0x0000000085700000, 0x0000000085800000|  0%| F|  |TAMS 0x0000000085700000, 0x0000000085700000| Untracked 
|  16|0x0000000085800000, 0x0000000085800000, 0x0000000085900000|  0%| F|  |TAMS 0x0000000085800000, 0x0000000085800000| Untracked 
|  17|0x0000000085900000, 0x0000000085900000, 0x0000000085a00000|  0%| F|  |TAMS 0x0000000085900000, 0x0000000085900000| Untracked 
|  18|0x0000000085a00000, 0x0000000085a00000, 0x0000000085b00000|  0%| F|  |TAMS 0x0000000085a00000, 0x0000000085a00000| Untracked 
|  19|0x0000000085b00000, 0x0000000085b00000, 0x0000000085c00000|  0%| F|  |TAMS 0x0000000085b00000, 0x0000000085b00000| Untracked 
|  20|0x0000000085c00000, 0x0000000085c00000, 0x0000000085d00000|  0%| F|  |TAMS 0x0000000085c00000, 0x0000000085c00000| Untracked 
|  21|0x0000000085d00000, 0x0000000085d00000, 0x0000000085e00000|  0%| F|  |TAMS 0x0000000085d00000, 0x0000000085d00000| Untracked 
|  22|0x0000000085e00000, 0x0000000085e00000, 0x0000000085f00000|  0%| F|  |TAMS 0x0000000085e00000, 0x0000000085e00000| Untracked 
|  23|0x0000000085f00000, 0x0000000085f00000, 0x0000000086000000|  0%| F|  |TAMS 0x0000000085f00000, 0x0000000085f00000| Untracked 
|  24|0x0000000086000000, 0x0000000086000000, 0x0000000086100000|  0%| F|  |TAMS 0x0000000086000000, 0x0000000086000000| Untracked 
|  25|0x0000000086100000, 0x0000000086100000, 0x0000000086200000|  0%| F|  |TAMS 0x0000000086100000, 0x0000000086100000| Untracked 
|  26|0x0000000086200000, 0x0000000086200000, 0x0000000086300000|  0%| F|  |TAMS 0x0000000086200000, 0x0000000086200000| Untracked 
|  27|0x0000000086300000, 0x0000000086300000, 0x0000000086400000|  0%| F|  |TAMS 0x0000000086300000, 0x0000000086300000| Untracked 
|  28|0x0000000086400000, 0x0000000086400000, 0x0000000086500000|  0%| F|  |TAMS 0x0000000086400000, 0x0000000086400000| Untracked 
|  29|0x0000000086500000, 0x0000000086500000, 0x0000000086600000|  0%| F|  |TAMS 0x0000000086500000, 0x0000000086500000| Untracked 
|  30|0x0000000086600000, 0x0000000086600000, 0x0000000086700000|  0%| F|  |TAMS 0x0000000086600000, 0x0000000086600000| Untracked 
|  31|0x0000000086700000, 0x0000000086700000, 0x0000000086800000|  0%| F|  |TAMS 0x0000000086700000, 0x0000000086700000| Untracked 
|  32|0x0000000086800000, 0x0000000086800000, 0x0000000086900000|  0%| F|  |TAMS 0x0000000086800000, 0x0000000086800000| Untracked 
|  33|0x0000000086900000, 0x0000000086900000, 0x0000000086a00000|  0%| F|  |TAMS 0x0000000086900000, 0x0000000086900000| Untracked 
|  34|0x0000000086a00000, 0x0000000086a00000, 0x0000000086b00000|  0%| F|  |TAMS 0x0000000086a00000, 0x0000000086a00000| Untracked 
|  35|0x0000000086b00000, 0x0000000086b00000, 0x0000000086c00000|  0%| F|  |TAMS 0x0000000086b00000, 0x0000000086b00000| Untracked 
|  36|0x0000000086c00000, 0x0000000086c00000, 0x0000000086d00000|  0%| F|  |TAMS 0x0000000086c00000, 0x0000000086c00000| Untracked 
|  37|0x0000000086d00000, 0x0000000086d00000, 0x0000000086e00000|  0%| F|  |TAMS 0x0000000086d00000, 0x0000000086d00000| Untracked 
|  38|0x0000000086e00000, 0x0000000086e00000, 0x0000000086f00000|  0%| F|  |TAMS 0x0000000086e00000, 0x0000000086e00000| Untracked 
|  39|0x0000000086f00000, 0x0000000086f00000, 0x0000000087000000|  0%| F|  |TAMS 0x0000000086f00000, 0x0000000086f00000| Untracked 
|  40|0x0000000087000000, 0x0000000087000000, 0x0000000087100000|  0%| F|  |TAMS 0x0000000087000000, 0x0000000087000000| Untracked 
|  41|0x0000000087100000, 0x0000000087100000, 0x0000000087200000|  0%| F|  |TAMS 0x0000000087100000, 0x0000000087100000| Untracked 
|  42|0x0000000087200000, 0x0000000087200000, 0x0000000087300000|  0%| F|  |TAMS 0x0000000087200000, 0x0000000087200000| Untracked 
|  43|0x0000000087300000, 0x0000000087300000, 0x0000000087400000|  0%| F|  |TAMS 0x0000000087300000, 0x0000000087300000| Untracked 
|  44|0x0000000087400000, 0x0000000087400000, 0x0000000087500000|  0%| F|  |TAMS 0x0000000087400000, 0x0000000087400000| Untracked 
|  45|0x0000000087500000, 0x0000000087500000, 0x0000000087600000|  0%| F|  |TAMS 0x0000000087500000, 0x0000000087500000| Untracked 
|  46|0x0000000087600000, 0x0000000087600000, 0x0000000087700000|  0%| F|  |TAMS 0x0000000087600000, 0x0000000087600000| Untracked 
|  47|0x0000000087700000, 0x0000000087700000, 0x0000000087800000|  0%| F|  |TAMS 0x0000000087700000, 0x0000000087700000| Untracked 
|  48|0x0000000087800000, 0x0000000087800000, 0x0000000087900000|  0%| F|  |TAMS 0x0000000087800000, 0x0000000087800000| Untracked 
|  49|0x0000000087900000, 0x0000000087900000, 0x0000000087a00000|  0%| F|  |TAMS 0x0000000087900000, 0x0000000087900000| Untracked 
|  50|0x0000000087a00000, 0x0000000087a00000, 0x0000000087b00000|  0%| F|  |TAMS 0x0000000087a00000, 0x0000000087a00000| Untracked 
|  51|0x0000000087b00000, 0x0000000087b00000, 0x0000000087c00000|  0%| F|  |TAMS 0x0000000087b00000, 0x0000000087b00000| Untracked 
|  52|0x0000000087c00000, 0x0000000087c00000, 0x0000000087d00000|  0%| F|  |TAMS 0x0000000087c00000, 0x0000000087c00000| Untracked 
|  53|0x0000000087d00000, 0x0000000087d00000, 0x0000000087e00000|  0%| F|  |TAMS 0x0000000087d00000, 0x0000000087d00000| Untracked 
|  54|0x0000000087e00000, 0x0000000087e00000, 0x0000000087f00000|  0%| F|  |TAMS 0x0000000087e00000, 0x0000000087e00000| Untracked 
|  55|0x0000000087f00000, 0x0000000087f00000, 0x0000000088000000|  0%| F|  |TAMS 0x0000000087f00000, 0x0000000087f00000| Untracked 
|  56|0x0000000088000000, 0x0000000088000000, 0x0000000088100000|  0%| F|  |TAMS 0x0000000088000000, 0x0000000088000000| Untracked 
|  57|0x0000000088100000, 0x0000000088100000, 0x0000000088200000|  0%| F|  |TAMS 0x0000000088100000, 0x0000000088100000| Untracked 
|  58|0x0000000088200000, 0x0000000088200000, 0x0000000088300000|  0%| F|  |TAMS 0x0000000088200000, 0x0000000088200000| Untracked 
|  59|0x0000000088300000, 0x0000000088300000, 0x0000000088400000|  0%| F|  |TAMS 0x0000000088300000, 0x0000000088300000| Untracked 
|  60|0x0000000088400000, 0x0000000088400000, 0x0000000088500000|  0%| F|  |TAMS 0x0000000088400000, 0x0000000088400000| Untracked 
|  61|0x0000000088500000, 0x0000000088500000, 0x0000000088600000|  0%| F|  |TAMS 0x0000000088500000, 0x0000000088500000| Untracked 
|  62|0x0000000088600000, 0x0000000088600000, 0x0000000088700000|  0%| F|  |TAMS 0x0000000088600000, 0x0000000088600000| Untracked 
|  63|0x0000000088700000, 0x0000000088700000, 0x0000000088800000|  0%| F|  |TAMS 0x0000000088700000, 0x0000000088700000| Untracked 
|  64|0x0000000088800000, 0x0000000088800000, 0x0000000088900000|  0%| F|  |TAMS 0x0000000088800000, 0x0000000088800000| Untracked 
|  65|0x0000000088900000, 0x0000000088900000, 0x0000000088a00000|  0%| F|  |TAMS 0x0000000088900000, 0x0000000088900000| Untracked 
|  66|0x0000000088a00000, 0x0000000088a00000, 0x0000000088b00000|  0%| F|  |TAMS 0x0000000088a00000, 0x0000000088a00000| Untracked 
|  67|0x0000000088b00000, 0x0000000088b00000, 0x0000000088c00000|  0%| F|  |TAMS 0x0000000088b00000, 0x0000000088b00000| Untracked 
|  68|0x0000000088c00000, 0x0000000088c00000, 0x0000000088d00000|  0%| F|  |TAMS 0x0000000088c00000, 0x0000000088c00000| Untracked 
|  69|0x0000000088d00000, 0x0000000088d00000, 0x0000000088e00000|  0%| F|  |TAMS 0x0000000088d00000, 0x0000000088d00000| Untracked 
|  70|0x0000000088e00000, 0x0000000088e00000, 0x0000000088f00000|  0%| F|  |TAMS 0x0000000088e00000, 0x0000000088e00000| Untracked 
|  71|0x0000000088f00000, 0x0000000088f00000, 0x0000000089000000|  0%| F|  |TAMS 0x0000000088f00000, 0x0000000088f00000| Untracked 
|  72|0x0000000089000000, 0x0000000089000000, 0x0000000089100000|  0%| F|  |TAMS 0x0000000089000000, 0x0000000089000000| Untracked 
|  73|0x0000000089100000, 0x0000000089100000, 0x0000000089200000|  0%| F|  |TAMS 0x0000000089100000, 0x0000000089100000| Untracked 
|  74|0x0000000089200000, 0x0000000089200000, 0x0000000089300000|  0%| F|  |TAMS 0x0000000089200000, 0x0000000089200000| Untracked 
|  75|0x0000000089300000, 0x0000000089300000, 0x0000000089400000|  0%| F|  |TAMS 0x0000000089300000, 0x0000000089300000| Untracked 
|  76|0x0000000089400000, 0x0000000089400000, 0x0000000089500000|  0%| F|  |TAMS 0x0000000089400000, 0x0000000089400000| Untracked 
|  77|0x0000000089500000, 0x0000000089500000, 0x0000000089600000|  0%| F|  |TAMS 0x0000000089500000, 0x0000000089500000| Untracked 
|  78|0x0000000089600000, 0x0000000089600000, 0x0000000089700000|  0%| F|  |TAMS 0x0000000089600000, 0x0000000089600000| Untracked 
|  79|0x0000000089700000, 0x0000000089700000, 0x0000000089800000|  0%| F|  |TAMS 0x0000000089700000, 0x0000000089700000| Untracked 
|  80|0x0000000089800000, 0x0000000089800000, 0x0000000089900000|  0%| F|  |TAMS 0x0000000089800000, 0x0000000089800000| Untracked 
|  81|0x0000000089900000, 0x0000000089900000, 0x0000000089a00000|  0%| F|  |TAMS 0x0000000089900000, 0x0000000089900000| Untracked 
|  82|0x0000000089a00000, 0x0000000089a00000, 0x0000000089b00000|  0%| F|  |TAMS 0x0000000089a00000, 0x0000000089a00000| Untracked 
|  83|0x0000000089b00000, 0x0000000089b00000, 0x0000000089c00000|  0%| F|  |TAMS 0x0000000089b00000, 0x0000000089b00000| Untracked 
|  84|0x0000000089c00000, 0x0000000089cf72a0, 0x0000000089d00000| 96%| S|CS|TAMS 0x0000000089c00000, 0x0000000089c00000| Complete 
|  85|0x0000000089d00000, 0x0000000089e00000, 0x0000000089e00000|100%| S|CS|TAMS 0x0000000089d00000, 0x0000000089d00000| Complete 
|  86|0x0000000089e00000, 0x0000000089f00000, 0x0000000089f00000|100%| S|CS|TAMS 0x0000000089e00000, 0x0000000089e00000| Complete 
|  87|0x0000000089f00000, 0x000000008a000000, 0x000000008a000000|100%| S|CS|TAMS 0x0000000089f00000, 0x0000000089f00000| Complete 
|  88|0x000000008a000000, 0x000000008a100000, 0x000000008a100000|100%| S|CS|TAMS 0x000000008a000000, 0x000000008a000000| Complete 
|  89|0x000000008a100000, 0x000000008a200000, 0x000000008a200000|100%| S|CS|TAMS 0x000000008a100000, 0x000000008a100000| Complete 
|  90|0x000000008a200000, 0x000000008a300000, 0x000000008a300000|100%| S|CS|TAMS 0x000000008a200000, 0x000000008a200000| Complete 
|  91|0x000000008a300000, 0x000000008a300000, 0x000000008a400000|  0%| F|  |TAMS 0x000000008a300000, 0x000000008a300000| Untracked 
|  92|0x000000008a400000, 0x000000008a400000, 0x000000008a500000|  0%| F|  |TAMS 0x000000008a400000, 0x000000008a400000| Untracked 
|  93|0x000000008a500000, 0x000000008a500000, 0x000000008a600000|  0%| F|  |TAMS 0x000000008a500000, 0x000000008a500000| Untracked 
|  94|0x000000008a600000, 0x000000008a600000, 0x000000008a700000|  0%| F|  |TAMS 0x000000008a600000, 0x000000008a600000| Untracked 
|  95|0x000000008a700000, 0x000000008a700000, 0x000000008a800000|  0%| F|  |TAMS 0x000000008a700000, 0x000000008a700000| Untracked 
|  96|0x000000008a800000, 0x000000008a800000, 0x000000008a900000|  0%| F|  |TAMS 0x000000008a800000, 0x000000008a800000| Untracked 
|  97|0x000000008a900000, 0x000000008a900000, 0x000000008aa00000|  0%| F|  |TAMS 0x000000008a900000, 0x000000008a900000| Untracked 
|  98|0x000000008aa00000, 0x000000008aa00000, 0x000000008ab00000|  0%| F|  |TAMS 0x000000008aa00000, 0x000000008aa00000| Untracked 
|  99|0x000000008ab00000, 0x000000008ab00000, 0x000000008ac00000|  0%| F|  |TAMS 0x000000008ab00000, 0x000000008ab00000| Untracked 
| 100|0x000000008ac00000, 0x000000008ac00000, 0x000000008ad00000|  0%| F|  |TAMS 0x000000008ac00000, 0x000000008ac00000| Untracked 
| 101|0x000000008ad00000, 0x000000008ad00000, 0x000000008ae00000|  0%| F|  |TAMS 0x000000008ad00000, 0x000000008ad00000| Untracked 
| 102|0x000000008ae00000, 0x000000008ae00000, 0x000000008af00000|  0%| F|  |TAMS 0x000000008ae00000, 0x000000008ae00000| Untracked 
| 103|0x000000008af00000, 0x000000008af00000, 0x000000008b000000|  0%| F|  |TAMS 0x000000008af00000, 0x000000008af00000| Untracked 
| 104|0x000000008b000000, 0x000000008b000000, 0x000000008b100000|  0%| F|  |TAMS 0x000000008b000000, 0x000000008b000000| Untracked 
| 105|0x000000008b100000, 0x000000008b1f1250, 0x000000008b200000| 94%| E|  |TAMS 0x000000008b100000, 0x000000008b100000| Complete 
| 106|0x000000008b200000, 0x000000008b300000, 0x000000008b300000|100%| E|CS|TAMS 0x000000008b200000, 0x000000008b200000| Complete 
| 107|0x000000008b300000, 0x000000008b400000, 0x000000008b400000|100%| E|CS|TAMS 0x000000008b300000, 0x000000008b300000| Complete 
| 108|0x000000008b400000, 0x000000008b500000, 0x000000008b500000|100%| E|CS|TAMS 0x000000008b400000, 0x000000008b400000| Complete 
| 109|0x000000008b500000, 0x000000008b600000, 0x000000008b600000|100%| E|CS|TAMS 0x000000008b500000, 0x000000008b500000| Complete 
| 110|0x000000008b600000, 0x000000008b700000, 0x000000008b700000|100%| E|CS|TAMS 0x000000008b600000, 0x000000008b600000| Complete 
| 111|0x000000008b700000, 0x000000008b800000, 0x000000008b800000|100%| E|CS|TAMS 0x000000008b700000, 0x000000008b700000| Complete 
| 112|0x000000008b800000, 0x000000008b900000, 0x000000008b900000|100%| E|CS|TAMS 0x000000008b800000, 0x000000008b800000| Complete 
| 113|0x000000008b900000, 0x000000008ba00000, 0x000000008ba00000|100%| E|CS|TAMS 0x000000008b900000, 0x000000008b900000| Complete 
| 114|0x000000008ba00000, 0x000000008bb00000, 0x000000008bb00000|100%| E|  |TAMS 0x000000008ba00000, 0x000000008ba00000| Complete 
| 115|0x000000008bb00000, 0x000000008bc00000, 0x000000008bc00000|100%| E|CS|TAMS 0x000000008bb00000, 0x000000008bb00000| Complete 
| 116|0x000000008bc00000, 0x000000008bd00000, 0x000000008bd00000|100%| E|CS|TAMS 0x000000008bc00000, 0x000000008bc00000| Complete 
| 117|0x000000008bd00000, 0x000000008be00000, 0x000000008be00000|100%| E|CS|TAMS 0x000000008bd00000, 0x000000008bd00000| Complete 
| 118|0x000000008be00000, 0x000000008bf00000, 0x000000008bf00000|100%| E|CS|TAMS 0x000000008be00000, 0x000000008be00000| Complete 
| 119|0x000000008bf00000, 0x000000008c000000, 0x000000008c000000|100%| E|CS|TAMS 0x000000008bf00000, 0x000000008bf00000| Complete 
| 120|0x000000008c000000, 0x000000008c100000, 0x000000008c100000|100%| E|CS|TAMS 0x000000008c000000, 0x000000008c000000| Complete 
| 121|0x000000008c100000, 0x000000008c200000, 0x000000008c200000|100%| E|CS|TAMS 0x000000008c100000, 0x000000008c100000| Complete 
| 122|0x000000008c200000, 0x000000008c300000, 0x000000008c300000|100%| E|CS|TAMS 0x000000008c200000, 0x000000008c200000| Complete 
| 123|0x000000008c300000, 0x000000008c400000, 0x000000008c400000|100%| E|CS|TAMS 0x000000008c300000, 0x000000008c300000| Complete 

Card table byte_map: [0x00000204418d0000,0x0000020441cb0000] _byte_map_base: 0x00000204414ac000

Marking Bits (Prev, Next): (CMBitMap*) 0x000002042987c670, (CMBitMap*) 0x000002042987c638
 Prev Bits: [0x0000020443f70000, 0x0000020445e50000)
 Next Bits: [0x0000020442090000, 0x0000020443f70000)

Polling page: 0x0000020428fe0000

Metaspace:

Usage:
  Non-class:     21.94 MB capacity,    21.44 MB ( 98%) used,   413.03 KB (  2%) free+waste,    96.94 KB ( <1%) overhead. 
      Class:      3.37 MB capacity,     3.01 MB ( 89%) used,   318.23 KB (  9%) free+waste,    49.62 KB (  1%) overhead. 
       Both:     25.31 MB capacity,    24.45 MB ( 97%) used,   731.26 KB (  3%) free+waste,   146.56 KB ( <1%) overhead. 

Virtual space:
  Non-class space:       22.00 MB reserved,      22.00 MB (100%) committed 
      Class space:        1.00 GB reserved,       3.38 MB ( <1%) committed 
             Both:        1.02 GB reserved,      25.38 MB (  2%) committed 

Chunk freelists:
   Non-Class:  0 bytes
       Class:  4.00 KB
        Both:  4.00 KB

MaxMetaspaceSize: 17179869184.00 GB
CompressedClassSpaceSize: 1.00 GB
Initial GC threshold: 20.80 MB
Current GC threshold: 35.08 MB
CDS: off

CodeHeap 'non-profiled nmethods': size=120000Kb used=1139Kb max_used=1139Kb free=118860Kb
 bounds [0x0000020439a70000, 0x0000020439ce0000, 0x0000020440fa0000]
CodeHeap 'profiled nmethods': size=120000Kb used=5530Kb max_used=5530Kb free=114469Kb
 bounds [0x0000020432540000, 0x0000020432ab0000, 0x0000020439a70000]
CodeHeap 'non-nmethods': size=5760Kb used=1441Kb max_used=1457Kb free=4318Kb
 bounds [0x0000020431fa0000, 0x0000020432210000, 0x0000020432540000]
 total_blobs=3642 nmethods=2856 adapters=697
 compilation: enabled
              stopped_count=0, restarted_count=0
 full_count=0

Compilation events (20 events):
Event: 8.685 Thread 0x0000020449384000 nmethod 2847 0x0000020432aa0010 code [0x0000020432aa03e0, 0x0000020432aa2248]
Event: 8.685 Thread 0x0000020449384000 2848       3       com.sun.javafx.geom.transform.GeneralTransform3D::transform (249 bytes)
Event: 8.685 Thread 0x0000020449384000 nmethod 2848 0x0000020432aa2d10 code [0x0000020432aa2ee0, 0x0000020432aa3338]
Event: 8.686 Thread 0x0000020449384000 2849       3       com.sun.javafx.geom.RectBounds::setBounds (33 bytes)
Event: 8.686 Thread 0x0000020449384000 nmethod 2849 0x0000020432aa3510 code [0x0000020432aa36c0, 0x0000020432aa3858]
Event: 8.691 Thread 0x000002044937f000 nmethod 2842 0x0000020439b8a310 code [0x0000020439b8a540, 0x0000020439b8b310]
Event: 8.745 Thread 0x0000020449384000 2850       3       java.lang.ClassLoader::definePackage (84 bytes)
Event: 8.746 Thread 0x0000020449384000 nmethod 2850 0x0000020432aa3910 code [0x0000020432aa3c60, 0x0000020432aa5368]
Event: 8.794 Thread 0x000002044937f000 2851   !   4       java.lang.invoke.MemberName::getMethodType (203 bytes)
Event: 8.795 Thread 0x000002044937f000 nmethod 2851 0x0000020439b8bc90 code [0x0000020439b8be20, 0x0000020439b8bed8]
Event: 8.796 Thread 0x000002044937f000 2852       4       java.util.HashMap::containsKey (18 bytes)
Event: 8.796 Thread 0x0000020449384000 2854       3       java.nio.CharBuffer::arrayOffset (35 bytes)
Event: 8.797 Thread 0x0000020449384000 nmethod 2854 0x0000020432aa5990 code [0x0000020432aa5b60, 0x0000020432aa5e18]
Event: 8.797 Thread 0x0000020449384000 2855       3       java.io.BufferedWriter::ensureOpen (18 bytes)
Event: 8.797 Thread 0x0000020449384000 nmethod 2855 0x0000020432aa5f90 code [0x0000020432aa6160, 0x0000020432aa6368]
Event: 8.800 Thread 0x000002044937f000 nmethod 2852 0x0000020439b8c010 code [0x0000020439b8c1e0, 0x0000020439b8c678]
Event: 8.800 Thread 0x000002044937f000 2853       4       java.nio.Buffer::remaining (20 bytes)
Event: 8.801 Thread 0x000002044937f000 nmethod 2853 0x0000020439b8c990 code [0x0000020439b8cb20, 0x0000020439b8cb98]
Event: 8.815 Thread 0x0000020449384000 2856       3       java.util.concurrent.locks.AbstractQueuedSynchronizer$Node::predecessor (19 bytes)
Event: 8.815 Thread 0x0000020449384000 nmethod 2856 0x0000020432aa6410 code [0x0000020432aa65e0, 0x0000020432aa67c8]

GC Heap History (4 events):
Event: 1.160 GC heap before
{Heap before GC invocations=0 (full 0):
 garbage-first heap   total 126976K, used 23552K [0x0000000084800000, 0x0000000100000000)
  region size 1024K, 24 young (24576K), 0 survivors (0K)
 Metaspace       used 12336K, capacity 12657K, committed 12800K, reserved 1060864K
  class space    used 1309K, capacity 1460K, committed 1536K, reserved 1048576K
}
Event: 1.164 GC heap after
{Heap after GC invocations=1 (full 0):
 garbage-first heap   total 126976K, used 2848K [0x0000000084800000, 0x0000000100000000)
  region size 1024K, 3 young (3072K), 3 survivors (3072K)
 Metaspace       used 12336K, capacity 12657K, committed 12800K, reserved 1060864K
  class space    used 1309K, capacity 1460K, committed 1536K, reserved 1048576K
}
Event: 1.750 GC heap before
{Heap before GC invocations=1 (full 0):
 garbage-first heap   total 126976K, used 39712K [0x0000000084800000, 0x0000000100000000)
  region size 1024K, 33 young (33792K), 3 survivors (3072K)
 Metaspace       used 20612K, capacity 21237K, committed 21296K, reserved 1069056K
  class space    used 2483K, capacity 2757K, committed 2816K, reserved 1048576K
}
Event: 1.756 GC heap after
{Heap after GC invocations=2 (full 0):
 garbage-first heap   total 126976K, used 14300K [0x0000000084800000, 0x0000000100000000)
  region size 1024K, 7 young (7168K), 7 survivors (7168K)
 Metaspace       used 20612K, capacity 21237K, committed 21296K, reserved 1069056K
  class space    used 2483K, capacity 2757K, committed 2816K, reserved 1048576K
}

Deoptimization events (20 events):
Event: 5.384 Thread 0x000002044a5df800 DEOPT PACKING pc=0x0000020439aea114 sp=0x00000013056f9f10
Event: 5.384 Thread 0x000002044a5df800 DEOPT UNPACKING pc=0x0000020431fea1af sp=0x00000013056f9e90 mode 2
Event: 5.486 Thread 0x000002044a5df800 Uncommon trap: trap_request=0xffffff45 fr.pc=0x0000020439b12d7c relative=0x000000000000361c
Event: 5.486 Thread 0x000002044a5df800 Uncommon trap: reason=unstable_fused_if action=reinterpret pc=0x0000020439b12d7c method=javafx.css.CssLexer.getToken()Lcom/sun/javafx/css/parser/Token; @ 205 c2
Event: 5.486 Thread 0x000002044a5df800 DEOPT PACKING pc=0x0000020439b12d7c sp=0x00000013056fa230
Event: 5.486 Thread 0x000002044a5df800 DEOPT UNPACKING pc=0x0000020431fea1af sp=0x00000013056fa218 mode 2
Event: 6.253 Thread 0x000002044a5df800 DEOPT PACKING pc=0x000002043261005b sp=0x00000013056f6020
Event: 6.253 Thread 0x000002044a5df800 DEOPT UNPACKING pc=0x0000020431fea95e sp=0x00000013056f5498 mode 0
Event: 6.949 Thread 0x000002044a5df800 Uncommon trap: trap_request=0xffffff76 fr.pc=0x0000020439b7c690 relative=0x00000000000001f0
Event: 6.949 Thread 0x000002044a5df800 Uncommon trap: reason=loop_limit_check action=maybe_recompile pc=0x0000020439b7c690 method=javafx.scene.Parent.pickChildrenNode(Lcom/sun/javafx/geom/PickRay;Lcom/sun/javafx/scene/input/PickResultChooser;)Z @ 17 c2
Event: 6.949 Thread 0x000002044a5df800 DEOPT PACKING pc=0x0000020439b7c690 sp=0x00000013056f38d0
Event: 6.949 Thread 0x000002044a5df800 DEOPT UNPACKING pc=0x0000020431fea1af sp=0x00000013056f3680 mode 2
Event: 7.133 Thread 0x000002044a5df800 Uncommon trap: trap_request=0xffffff76 fr.pc=0x0000020439b569f8 relative=0x0000000000002798
Event: 7.133 Thread 0x000002044a5df800 Uncommon trap: reason=loop_limit_check action=maybe_recompile pc=0x0000020439b569f8 method=java.lang.invoke.LambdaForm.useCount(Ljava/lang/invoke/LambdaForm$Name;)I @ 62 c2
Event: 7.133 Thread 0x000002044a5df800 DEOPT PACKING pc=0x0000020439b569f8 sp=0x00000013056f43a0
Event: 7.133 Thread 0x000002044a5df800 DEOPT UNPACKING pc=0x0000020431fea1af sp=0x00000013056f4218 mode 2
Event: 7.134 Thread 0x000002044a5df800 Uncommon trap: trap_request=0xffffff76 fr.pc=0x0000020439b4b518 relative=0x0000000000001fb8
Event: 7.134 Thread 0x000002044a5df800 Uncommon trap: reason=loop_limit_check action=maybe_recompile pc=0x0000020439b4b518 method=java.lang.invoke.LambdaForm.useCount(Ljava/lang/invoke/LambdaForm$Name;)I @ 62 c2
Event: 7.134 Thread 0x000002044a5df800 DEOPT PACKING pc=0x0000020439b4b518 sp=0x00000013056f4160
Event: 7.134 Thread 0x000002044a5df800 DEOPT UNPACKING pc=0x0000020431fea1af sp=0x00000013056f4068 mode 2

Classes redefined (0 events):
No events

Internal exceptions (20 events):
Event: 1.436 Thread 0x000002044a5df800 Implicit null exception at 0x0000020439a8e92f to 0x0000020439a8e99d
Event: 1.733 Thread 0x000002044a5df800 Exception <a 'java/lang/ClassNotFoundException'{0x000000008a419968}: com/sun/javafx/scene/control/skin/resources/controls> (0x000000008a419968) thrown at [s\src\hotspot\share\prims\jni.cpp, line 638]
Event: 1.734 Thread 0x000002044a5df800 Exception <a 'java/lang/ClassNotFoundException'{0x000000008a427960}: com/sun/javafx/scene/control/skin/resources/controls_es> (0x000000008a427960) thrown at [s\src\hotspot\share\prims\jni.cpp, line 638]
Event: 1.735 Thread 0x000002044a5df800 Exception <a 'java/lang/ClassNotFoundException'{0x000000008a435618}: com/sun/javafx/scene/control/skin/resources/controls_es_MX> (0x000000008a435618) thrown at [s\src\hotspot\share\prims\jni.cpp, line 638]
Event: 1.775 Thread 0x000002044a5df800 Exception <a 'java/lang/NoSuchMethodError'{0x000000008c2524b8}: 'void java.lang.invoke.DirectMethodHandle$Holder.invokeSpecial(java.lang.Object, java.lang.Object, java.lang.Object, java.lang.Object, java.lang.Object, java.lang.Object)'> (0x000000008c2524b8) thrown at [s\src\hotspot\share\interpreter\linkResolver.cpp, line 773]
Event: 2.098 Thread 0x000002044a5df800 Exception <a 'java/lang/NoSuchMethodError'{0x000000008c0b9960}: 'java.lang.Object java.lang.invoke.DirectMethodHandle$Holder.invokeInterface(java.lang.Object, java.lang.Object, java.lang.Object)'> (0x000000008c0b9960) thrown at [s\src\hotspot\share\interpreter\linkResolver.cpp, line 773]
Event: 2.098 Thread 0x000002044a5df800 Exception <a 'java/lang/IncompatibleClassChangeError'{0x000000008c0bcb18}: Found class java.lang.Object, but interface was expected> (0x000000008c0bcb18) thrown at [s\src\hotspot\share\interpreter\linkResolver.cpp, line 839]
Event: 2.215 Thread 0x0000020449ce7800 Exception <a 'java/lang/NoSuchMethodError'{0x000000008bc0bad0}: 'int java.lang.invoke.DirectMethodHandle$Holder.invokeStaticInit(java.lang.Object, java.lang.Object)'> (0x000000008bc0bad0) thrown at [s\src\hotspot\share\interpreter\linkResolver.cpp, line 773]
Event: 4.584 Thread 0x000002044a5df800 Exception <a 'java/lang/NoSuchMethodError'{0x000000008bdb28b8}: 'long java.lang.invoke.DirectMethodHandle$Holder.invokeStaticInit(java.lang.Object, java.lang.Object, java.lang.Object)'> (0x000000008bdb28b8) thrown at [s\src\hotspot\share\interpreter\linkResolver.cpp, line 773]
Event: 4.586 Thread 0x000002044a5df800 Exception <a 'java/lang/NoSuchMethodError'{0x000000008bdcaf00}: 'java.lang.Object java.lang.invoke.DirectMethodHandle$Holder.invokeStatic(java.lang.Object, java.lang.Object, long)'> (0x000000008bdcaf00) thrown at [s\src\hotspot\share\interpreter\linkResolver.cpp, line 773]
Event: 4.586 Thread 0x000002044a5df800 Exception <a 'java/lang/NoSuchMethodError'{0x000000008bdd1078}: 'java.lang.Object java.lang.invoke.Invokers$Holder.linkToTargetMethod(java.lang.Object, long, java.lang.Object)'> (0x000000008bdd1078) thrown at [s\src\hotspot\share\interpreter\linkResolver.cpp, line 773]
Event: 5.337 Thread 0x000002044a5df800 Exception <a 'java/lang/NoSuchMethodError'{0x000000008b83f860}: 'java.lang.Object java.lang.invoke.DirectMethodHandle$Holder.invokeStatic(java.lang.Object, java.lang.Object, java.lang.Object, java.lang.Object, java.lang.Object, java.lang.Object, java.lang.Object, java.lang.Object, java.lang.Object, java.lang.Object, java.lang.Object, java.lang.Object, java.lang.Object, int)'> (0x000000008b83f860) thrown at [s\src\hotspot\share\interpreter\linkResolver.cpp, line 773]
Event: 5.338 Thread 0x000002044a5df800 Exception <a 'java/lang/NoSuchMethodError'{0x000000008b84bd00}: 'java.lang.Object java.lang.invoke.DirectMethodHandle$Holder.invokeStatic(java.lang.Object, java.lang.Object, java.lang.Object, java.lang.Object, java.lang.Object, java.lang.Object, java.lang.Object, java.lang.Object, java.lang.Object, java.lang.Object, java.lang.Object, java.lang.Object, java.lang.Object, int, int)'> (0x000000008b84bd00) thrown at [s\src\hotspot\share\interpreter\linkResolver.cpp, line 773]
Event: 5.339 Thread 0x000002044a5df800 Exception <a 'java/lang/NoSuchMethodError'{0x000000008b858580}: 'java.lang.Object java.lang.invoke.DirectMethodHandle$Holder.invokeStatic(java.lang.Object, java.lang.Object, java.lang.Object, java.lang.Object, java.lang.Object, java.lang.Object, java.lang.Object, java.lang.Object, java.lang.Object, java.lang.Object, java.lang.Object, java.lang.Object, java.lang.Object, int, int, java.lang.Object)'> (0x000000008b858580) thrown at [s\src\hotspot\share\interpreter\linkResolver.cpp, line 773]
Event: 5.347 Thread 0x000002044a5df800 Exception <a 'sun/nio/fs/WindowsException'{0x000000008b8b5d30}> (0x000000008b8b5d30) thrown at [s\src\hotspot\share\prims\jni.cpp, line 617]
Event: 5.353 Thread 0x000002044a5df800 Exception <a 'java/lang/ClassNotFoundException'{0x000000008b8cd4e0}: sun/util/logging/resources/spi/loggingProvider> (0x000000008b8cd4e0) thrown at [s\src\hotspot\share\classfile\systemDictionary.cpp, line 230]
Event: 7.134 Thread 0x000002044a5df800 Exception <a 'java/lang/NoSuchMethodError'{0x000000008b2549d0}: 'java.lang.Object java.lang.invoke.DirectMethodHandle$Holder.invokeStatic(java.lang.Object, java.lang.Object, int, int, int, int, int, java.lang.Object)'> (0x000000008b2549d0) thrown at [s\src\hotspot\share\interpreter\linkResolver.cpp, line 773]
Event: 7.135 Thread 0x000002044a5df800 Exception <a 'java/lang/NoSuchMethodError'{0x000000008b265d00}: 'java.lang.Object java.lang.invoke.DirectMethodHandle$Holder.invokeStatic(java.lang.Object, java.lang.Object, java.lang.Object, int, int, int, int, int)'> (0x000000008b265d00) thrown at [s\src\hotspot\share\interpreter\linkResolver.cpp, line 773]
Event: 7.135 Thread 0x000002044a5df800 Exception <a 'java/lang/NoSuchMethodError'{0x000000008b26cd68}: 'java.lang.Object java.lang.invoke.Invokers$Holder.linkToTargetMethod(java.lang.Object, java.lang.Object, int, int, int, int, int, java.lang.Object)'> (0x000000008b26cd68) thrown at [s\src\hotspot\share\interpreter\linkResolver.cpp, line 773]
Event: 8.795 Thread 0x000002044a5df800 Exception <a 'java/lang/IllegalArgumentException'{0x000000008b141a68}> (0x000000008b141a68) thrown at [s\src\hotspot\share\prims\jvm.cpp, line 1310]

Events (20 events):
Event: 7.230 loading class com/sun/javafx/tk/quantum/WindowStage
Event: 7.230 loading class com/sun/javafx/tk/quantum/WindowStage done
Event: 7.230 loading class com/sun/prism/GraphicsResource
Event: 7.230 loading class com/sun/prism/GraphicsResource done
Event: 7.230 loading class com/sun/prism/GraphicsResource
Event: 7.230 loading class com/sun/prism/GraphicsResource done
Event: 7.230 loading class com/sun/javafx/tk/quantum/ViewScene
Event: 7.230 loading class com/sun/javafx/tk/quantum/ViewScene done
Event: 7.231 loading class com/sun/javafx/tk/quantum/WindowStage
Event: 7.231 loading class com/sun/javafx/tk/quantum/WindowStage done
Event: 7.944 Loaded shared library C:\Users\alonh\.openjfx\cache\17.0.6\prism_d3d.dll
Event: 7.947 Loaded shared library C:\Users\alonh\.openjfx\cache\17.0.6\prism_d3d.dll
Event: 8.746 loading class javafx/application/Application
Event: 8.746 loading class javafx/application/Application done
Event: 8.746 loading class javafx/application/Application
Event: 8.746 loading class javafx/application/Application done
Event: 8.795 loading class java/lang/Throwable$WrappedPrintStream
Event: 8.795 loading class java/lang/Throwable$PrintStreamOrWriter
Event: 8.796 loading class java/lang/Throwable$PrintStreamOrWriter done
Event: 8.796 loading class java/lang/Throwable$WrappedPrintStream done


Dynamic libraries:
0x00007ff745d10000 - 0x00007ff745d1e000 	C:\Users\alonh\.jdks\corretto-11.0.22\bin\java.exe
0x00007ff810f50000 - 0x00007ff811167000 	C:\Windows\SYSTEM32\ntdll.dll
0x00007ff810330000 - 0x00007ff8103f4000 	C:\Windows\System32\KERNEL32.DLL
0x00007ff80e6c0000 - 0x00007ff80ea66000 	C:\Windows\System32\KERNELBASE.dll
0x0000000075900000 - 0x0000000075c32000 	C:\Program Files\Norton Security\NortonData\22.23.5.106\Definitions\IPSDefs\20231207.064\IPSEng64.dll
0x00007ff80eca0000 - 0x00007ff80ed53000 	C:\Windows\System32\ADVAPI32.dll
0x00007ff810510000 - 0x00007ff8105b7000 	C:\Windows\System32\msvcrt.dll
0x00007ff810400000 - 0x00007ff8104a8000 	C:\Windows\System32\sechost.dll
0x00007ff80e3e0000 - 0x00007ff80e408000 	C:\Windows\System32\bcrypt.dll
0x00007ff80ef70000 - 0x00007ff80f087000 	C:\Windows\System32\RPCRT4.dll
0x00007ff80edf0000 - 0x00007ff80edf8000 	C:\Windows\System32\PSAPI.DLL
0x00007ff80e2c0000 - 0x00007ff80e3d1000 	C:\Windows\System32\ucrtbase.dll
0x00007ff80acb0000 - 0x00007ff80acc7000 	C:\Users\alonh\.jdks\corretto-11.0.22\bin\jli.dll
0x00007fffde380000 - 0x00007fffde39b000 	C:\Users\alonh\.jdks\corretto-11.0.22\bin\VCRUNTIME140.dll
0x00007ff810720000 - 0x00007ff8108ce000 	C:\Windows\System32\USER32.dll
0x00007ff80e290000 - 0x00007ff80e2b6000 	C:\Windows\System32\win32u.dll
0x00007fffe7080000 - 0x00007fffe7313000 	C:\Windows\WinSxS\amd64_microsoft.windows.common-controls_6595b64144ccf1df_6.0.22621.2506_none_270c5ae97388e100\COMCTL32.dll
0x00007ff8108d0000 - 0x00007ff8108f9000 	C:\Windows\System32\GDI32.dll
0x00007ff80e520000 - 0x00007ff80e638000 	C:\Windows\System32\gdi32full.dll
0x00007ff80e480000 - 0x00007ff80e51a000 	C:\Windows\System32\msvcp_win.dll
0x00007ff810a30000 - 0x00007ff810a61000 	C:\Windows\System32\IMM32.DLL
0x00007fffe0860000 - 0x00007fffe086c000 	C:\Users\alonh\.jdks\corretto-11.0.22\bin\vcruntime140_1.dll
0x00007fffa96c0000 - 0x00007fffa974d000 	C:\Users\alonh\.jdks\corretto-11.0.22\bin\msvcp140.dll
0x00007fff5e330000 - 0x00007fff5eef3000 	C:\Users\alonh\.jdks\corretto-11.0.22\bin\server\jvm.dll
0x00007ff8004c0000 - 0x00007ff8004f4000 	C:\Windows\SYSTEM32\WINMM.dll
0x00007fffd3c10000 - 0x00007fffd3c19000 	C:\Windows\SYSTEM32\WSOCK32.dll
0x00007ff803670000 - 0x00007ff80367a000 	C:\Windows\SYSTEM32\VERSION.dll
0x00007ff8105c0000 - 0x00007ff810631000 	C:\Windows\System32\WS2_32.dll
0x00007ff80d390000 - 0x00007ff80d3a8000 	C:\Windows\SYSTEM32\kernel.appcore.dll
0x00007fffde370000 - 0x00007fffde380000 	C:\Users\alonh\.jdks\corretto-11.0.22\bin\verify.dll
0x00007ff80bc50000 - 0x00007ff80be83000 	C:\Windows\SYSTEM32\DBGHELP.DLL
0x00007ff80f2c0000 - 0x00007ff80f649000 	C:\Windows\System32\combase.dll
0x00007ff810640000 - 0x00007ff810717000 	C:\Windows\System32\OLEAUT32.dll
0x00007ff802030000 - 0x00007ff802062000 	C:\Windows\SYSTEM32\dbgcore.DLL
0x00007ff80e640000 - 0x00007ff80e6ba000 	C:\Windows\System32\bcryptPrimitives.dll
0x00007fffde340000 - 0x00007fffde368000 	C:\Users\alonh\.jdks\corretto-11.0.22\bin\java.dll
0x00007fffde290000 - 0x00007fffde29a000 	C:\Users\alonh\.jdks\corretto-11.0.22\bin\jimage.dll
0x00007fffca210000 - 0x00007fffca21e000 	C:\Users\alonh\.jdks\corretto-11.0.22\bin\instrument.dll
0x00007fffde270000 - 0x00007fffde288000 	C:\Users\alonh\.jdks\corretto-11.0.22\bin\zip.dll
0x00007ff80f950000 - 0x00007ff8101aa000 	C:\Windows\System32\SHELL32.dll
0x00007ff80c1a0000 - 0x00007ff80ca96000 	C:\Windows\SYSTEM32\windows.storage.dll
0x00007ff80c060000 - 0x00007ff80c19e000 	C:\Windows\SYSTEM32\wintypes.dll
0x00007ff80f840000 - 0x00007ff80f933000 	C:\Windows\System32\SHCORE.dll
0x00007ff810910000 - 0x00007ff81096e000 	C:\Windows\System32\shlwapi.dll
0x00007ff80e1c0000 - 0x00007ff80e1e6000 	C:\Windows\SYSTEM32\profapi.dll
0x00007fffde250000 - 0x00007fffde269000 	C:\Users\alonh\.jdks\corretto-11.0.22\bin\net.dll
0x00007ff807940000 - 0x00007ff807a77000 	C:\Windows\SYSTEM32\WINHTTP.dll
0x00007ff80d830000 - 0x00007ff80d899000 	C:\Windows\system32\mswsock.dll
0x00007fffb8e90000 - 0x00007fffb8ea2000 	C:\Users\alonh\.jdks\corretto-11.0.22\bin\nio.dll
0x00007fffab280000 - 0x00007fffab29a000 	C:\Users\alonh\AppData\Local\Programs\IntelliJ IDEA Ultimate\bin\breakgen64.dll
0x000002044b000000 - 0x000002044b003000 	C:\Users\alonh\.openjfx\cache\17.0.6\api-ms-win-core-console-l1-1-0.dll
0x000002044b010000 - 0x000002044b013000 	C:\Users\alonh\.openjfx\cache\17.0.6\api-ms-win-core-console-l1-2-0.dll
0x000002044b020000 - 0x000002044b023000 	C:\Users\alonh\.openjfx\cache\17.0.6\api-ms-win-core-datetime-l1-1-0.dll
0x000002044b030000 - 0x000002044b033000 	C:\Users\alonh\.openjfx\cache\17.0.6\api-ms-win-core-debug-l1-1-0.dll
0x000002044b040000 - 0x000002044b043000 	C:\Users\alonh\.openjfx\cache\17.0.6\api-ms-win-core-errorhandling-l1-1-0.dll
0x000002044b050000 - 0x000002044b054000 	C:\Users\alonh\.openjfx\cache\17.0.6\api-ms-win-core-file-l1-1-0.dll
0x000002044b060000 - 0x000002044b063000 	C:\Users\alonh\.openjfx\cache\17.0.6\api-ms-win-core-file-l1-2-0.dll
0x000002044b270000 - 0x000002044b273000 	C:\Users\alonh\.openjfx\cache\17.0.6\api-ms-win-core-file-l2-1-0.dll
0x000002044b280000 - 0x000002044b283000 	C:\Users\alonh\.openjfx\cache\17.0.6\api-ms-win-core-handle-l1-1-0.dll
0x000002044b290000 - 0x000002044b293000 	C:\Users\alonh\.openjfx\cache\17.0.6\api-ms-win-core-heap-l1-1-0.dll
0x000002044b2a0000 - 0x000002044b2a3000 	C:\Users\alonh\.openjfx\cache\17.0.6\api-ms-win-core-interlocked-l1-1-0.dll
0x000002044b2b0000 - 0x000002044b2b3000 	C:\Users\alonh\.openjfx\cache\17.0.6\api-ms-win-core-libraryloader-l1-1-0.dll
0x000002044b2c0000 - 0x000002044b2c3000 	C:\Users\alonh\.openjfx\cache\17.0.6\api-ms-win-core-localization-l1-2-0.dll
0x000002044b2d0000 - 0x000002044b2d3000 	C:\Users\alonh\.openjfx\cache\17.0.6\api-ms-win-core-memory-l1-1-0.dll
0x000002044b2e0000 - 0x000002044b2e3000 	C:\Users\alonh\.openjfx\cache\17.0.6\api-ms-win-core-namedpipe-l1-1-0.dll
0x000002044b2f0000 - 0x000002044b2f3000 	C:\Users\alonh\.openjfx\cache\17.0.6\api-ms-win-core-processenvironment-l1-1-0.dll
0x000002044b300000 - 0x000002044b303000 	C:\Users\alonh\.openjfx\cache\17.0.6\api-ms-win-core-processthreads-l1-1-0.dll
0x000002044b310000 - 0x000002044b313000 	C:\Users\alonh\.openjfx\cache\17.0.6\api-ms-win-core-processthreads-l1-1-1.dll
0x000002044b320000 - 0x000002044b323000 	C:\Users\alonh\.openjfx\cache\17.0.6\api-ms-win-core-profile-l1-1-0.dll
0x000002044b330000 - 0x000002044b333000 	C:\Users\alonh\.openjfx\cache\17.0.6\api-ms-win-core-rtlsupport-l1-1-0.dll
0x000002044b340000 - 0x000002044b343000 	C:\Users\alonh\.openjfx\cache\17.0.6\api-ms-win-core-string-l1-1-0.dll
0x000002044b350000 - 0x000002044b353000 	C:\Users\alonh\.openjfx\cache\17.0.6\api-ms-win-core-synch-l1-1-0.dll
0x000002044b360000 - 0x000002044b363000 	C:\Users\alonh\.openjfx\cache\17.0.6\api-ms-win-core-synch-l1-2-0.dll
0x000002044b370000 - 0x000002044b373000 	C:\Users\alonh\.openjfx\cache\17.0.6\api-ms-win-core-sysinfo-l1-1-0.dll
0x000002044b380000 - 0x000002044b383000 	C:\Users\alonh\.openjfx\cache\17.0.6\api-ms-win-core-timezone-l1-1-0.dll
0x000002044b390000 - 0x000002044b393000 	C:\Users\alonh\.openjfx\cache\17.0.6\api-ms-win-core-util-l1-1-0.dll
0x000002044b3a0000 - 0x000002044b3a3000 	C:\Users\alonh\.openjfx\cache\17.0.6\api-ms-win-crt-conio-l1-1-0.dll
0x000002044b3b0000 - 0x000002044b3b4000 	C:\Users\alonh\.openjfx\cache\17.0.6\api-ms-win-crt-convert-l1-1-0.dll
0x000002044b3c0000 - 0x000002044b3c3000 	C:\Users\alonh\.openjfx\cache\17.0.6\api-ms-win-crt-environment-l1-1-0.dll
0x000002044b3d0000 - 0x000002044b3d3000 	C:\Users\alonh\.openjfx\cache\17.0.6\api-ms-win-crt-filesystem-l1-1-0.dll
0x000002044b3e0000 - 0x000002044b3e3000 	C:\Users\alonh\.openjfx\cache\17.0.6\api-ms-win-crt-heap-l1-1-0.dll
0x000002044b3f0000 - 0x000002044b3f3000 	C:\Users\alonh\.openjfx\cache\17.0.6\api-ms-win-crt-locale-l1-1-0.dll
0x000002044b400000 - 0x000002044b405000 	C:\Users\alonh\.openjfx\cache\17.0.6\api-ms-win-crt-math-l1-1-0.dll
0x000002044b410000 - 0x000002044b415000 	C:\Users\alonh\.openjfx\cache\17.0.6\api-ms-win-crt-multibyte-l1-1-0.dll
0x000002044b420000 - 0x000002044b430000 	C:\Users\alonh\.openjfx\cache\17.0.6\api-ms-win-crt-private-l1-1-0.dll
0x000002044b430000 - 0x000002044b433000 	C:\Users\alonh\.openjfx\cache\17.0.6\api-ms-win-crt-process-l1-1-0.dll
0x000002044b440000 - 0x000002044b444000 	C:\Users\alonh\.openjfx\cache\17.0.6\api-ms-win-crt-runtime-l1-1-0.dll
0x000002044b450000 - 0x000002044b454000 	C:\Users\alonh\.openjfx\cache\17.0.6\api-ms-win-crt-stdio-l1-1-0.dll
0x000002044b460000 - 0x000002044b464000 	C:\Users\alonh\.openjfx\cache\17.0.6\api-ms-win-crt-string-l1-1-0.dll
0x000002044b470000 - 0x000002044b473000 	C:\Users\alonh\.openjfx\cache\17.0.6\api-ms-win-crt-time-l1-1-0.dll
0x000002044b480000 - 0x000002044b483000 	C:\Users\alonh\.openjfx\cache\17.0.6\api-ms-win-crt-utility-l1-1-0.dll
0x00007fff5e0b0000 - 0x00007fff5e1ac000 	C:\Users\alonh\.openjfx\cache\17.0.6\ucrtbase.dll
0x00007fffab0e0000 - 0x00007fffab0fa000 	C:\Users\alonh\.openjfx\cache\17.0.6\vcruntime140.dll
0x00007fffbd750000 - 0x00007fffbd75c000 	C:\Users\alonh\.openjfx\cache\17.0.6\vcruntime140_1.dll
0x00007fffa9630000 - 0x00007fffa96bd000 	C:\Users\alonh\.openjfx\cache\17.0.6\msvcp140.dll
0x00007fffb9c60000 - 0x00007fffb9c69000 	C:\Users\alonh\.openjfx\cache\17.0.6\msvcp140_1.dll
0x00007fffa9600000 - 0x00007fffa962f000 	C:\Users\alonh\.openjfx\cache\17.0.6\msvcp140_2.dll
0x00007fffa95d0000 - 0x00007fffa95fa000 	C:\Users\alonh\.openjfx\cache\17.0.6\prism_d3d.dll
0x00007fffe0620000 - 0x00007fffe07c9000 	C:\Windows\system32\d3d9.dll
0x00007ff80b540000 - 0x00007ff80b56b000 	C:\Windows\SYSTEM32\dwmapi.dll
0x00007ff80b3d0000 - 0x00007ff80b406000 	C:\Windows\SYSTEM32\dxcore.dll
0x00007ff80b220000 - 0x00007ff80b2cb000 	C:\Windows\system32\uxtheme.dll
0x00007ffff4630000 - 0x00007ffff46e0000 	C:\Windows\SYSTEM32\d3d9on12.dll
0x00007ffff4600000 - 0x00007ffff4629000 	C:\Windows\SYSTEM32\d3d12.dll
0x00007ff80b410000 - 0x00007ff80b508000 	C:\Windows\SYSTEM32\dxgi.dll
0x00007ff80dfb0000 - 0x00007ff80dffe000 	C:\Windows\SYSTEM32\cfgmgr32.dll
0x00007fffe4330000 - 0x00007fffe4533000 	C:\Windows\SYSTEM32\D3D12Core.dll
0x00007ffff45d0000 - 0x00007ffff45f7000 	C:\Windows\System32\DriverStore\FileRepository\iigd_dch.inf_amd64_ce2a84db4d20c228\igd12umd64.dll
0x00007fffb2110000 - 0x00007fffb305b000 	C:\Windows\System32\DriverStore\FileRepository\iigd_dch.inf_amd64_ce2a84db4d20c228\igd12um64xel.dll
0x00007ff80eb30000 - 0x00007ff80ec96000 	C:\Windows\System32\CRYPT32.dll
0x00007ff80f650000 - 0x00007ff80f7f0000 	C:\Windows\System32\ole32.dll
0x00007fffdd400000 - 0x00007fffdd444000 	C:\Windows\SYSTEM32\ControlLib.dll
0x00007ff810a70000 - 0x00007ff810ee4000 	C:\Windows\System32\SETUPAPI.dll
0x00007ff80df50000 - 0x00007ff80df7c000 	C:\Windows\SYSTEM32\DEVOBJ.dll
0x00007ff800060000 - 0x00007ff8000e8000 	C:\Windows\System32\DriverStore\FileRepository\iigd_dch.inf_amd64_ce2a84db4d20c228\IntelControlLib.dll
0x00007ff80e410000 - 0x00007ff80e47b000 	C:\Windows\System32\WINTRUST.dll
0x00007ff80df30000 - 0x00007ff80df42000 	C:\Windows\SYSTEM32\MSASN1.dll
0x00007ff807290000 - 0x00007ff8072da000 	C:\Windows\SYSTEM32\directxdatabasehelper.dll
0x00007ffffbde0000 - 0x00007ffffc1b4000 	C:\Windows\System32\DriverStore\FileRepository\iigd_dch.inf_amd64_ce2a84db4d20c228\igdgmm64.dll
0x00007ffff7fc0000 - 0x00007ffffbdd2000 	C:\Windows\System32\DriverStore\FileRepository\iigd_dch.inf_amd64_ce2a84db4d20c228\igc64.dll
0x00007fffc1120000 - 0x00007fffc114f000 	C:\Windows\SYSTEM32\D3DSCache.dll
0x00007ff80d920000 - 0x00007ff80d94c000 	C:\Windows\SYSTEM32\USERENV.dll
0x00007fffb0360000 - 0x00007fffb170d000 	C:\Windows\System32\DriverStore\FileRepository\iigd_dch.inf_amd64_ce2a84db4d20c228\igd12dxva64.dll
0x00007fffae640000 - 0x00007fffb0360000 	C:\Windows\System32\DriverStore\FileRepository\iigd_dch.inf_amd64_ce2a84db4d20c228\media_bin_64.dll
0x00007fffc0e20000 - 0x00007fffc0e47000 	C:\Windows\System32\DriverStore\FileRepository\iigd_dch.inf_amd64_ce2a84db4d20c228\igdinfo64.dll
0x00007ff801ab0000 - 0x00007ff801d35000 	C:\Windows\SYSTEM32\twinapi.appcore.dll
0x00007fffa6090000 - 0x00007fffa60d2000 	C:\Users\alonh\.openjfx\cache\17.0.6\glass.dll
0x00007ff8101b0000 - 0x00007ff8102a9000 	C:\Windows\System32\COMDLG32.dll

dbghelp: loaded successfully - version: 4.0.5 - missing functions: none
symbol engine: initialized successfully - sym options: 0x614 - pdb path: .;C:\Users\alonh\.jdks\corretto-11.0.22\bin;C:\Windows\SYSTEM32;C:\Program Files\Norton Security\NortonData\22.23.5.106\Definitions\IPSDefs\20231207.064;C:\Windows\WinSxS\amd64_microsoft.windows.common-controls_6595b64144ccf1df_6.0.22621.2506_none_270c5ae97388e100;C:\Users\alonh\.jdks\corretto-11.0.22\bin\server;C:\Users\alonh\AppData\Local\Programs\IntelliJ IDEA Ultimate\bin;C:\Users\alonh\.openjfx\cache\17.0.6;C:\Windows\System32\DriverStore\FileRepository\iigd_dch.inf_amd64_ce2a84db4d20c228;C:\Program Files\Common Files\Microsoft Shared\Ink

VM Arguments:
jvm_args: -javaagent:C:\Users\alonh\AppData\Local\Programs\IntelliJ IDEA Ultimate\lib\idea_rt.jar=58911:C:\Users\alonh\AppData\Local\Programs\IntelliJ IDEA Ultimate\bin -Dfile.encoding=UTF-8 --module-path=C:\Users\alonh\.m2\repository\org\kordamp\bootstrapfx\bootstrapfx-core\0.4.0\bootstrapfx-core-0.4.0.jar;C:\Users\alonh\.m2\repository\com\dlsc\formsfx\formsfx-core\11.6.0\formsfx-core-11.6.0.jar;C:\Users\alonh\.m2\repository\org\openjfx\javafx-base\17.0.6\javafx-base-17.0.6-win.jar;C:\Users\alonh\IdeaProjects\Joyeria_ProyectoMult\target\classes;C:\Users\alonh\.m2\repository\org\openjfx\javafx-controls\17.0.6\javafx-controls-17.0.6-win.jar;C:\Users\alonh\.m2\repository\net\synedra\validatorfx\0.4.0\validatorfx-0.4.0.jar;C:\Users\alonh\.m2\repository\org\openjfx\javafx-graphics\17.0.6\javafx-graphics-17.0.6-win.jar;C:\Users\alonh\.m2\repository\org\openjfx\javafx-fxml\17.0.6\javafx-fxml-17.0.6-win.jar;C:\Users\alonh\.m2\repository\org\controlsfx\controlsfx\11.1.2\controlsfx-11.1.2.jar -Djdk.module.main=com.eduard034.joyeria_proyectomult 
java_command: com.eduard034.joyeria_proyectomult/com.eduard034.joyeria_proyectomult.JoyeriaApp
java_class_path (initial): C:\Users\alonh\.m2\repository\org\openjfx\javafx-controls\17.0.6\javafx-controls-17.0.6.jar;C:\Users\alonh\.m2\repository\org\openjfx\javafx-graphics\17.0.6\javafx-graphics-17.0.6.jar;C:\Users\alonh\.m2\repository\org\openjfx\javafx-base\17.0.6\javafx-base-17.0.6.jar;C:\Users\alonh\.m2\repository\org\openjfx\javafx-fxml\17.0.6\javafx-fxml-17.0.6.jar
Launcher Type: SUN_STANDARD

[Global flags]
     intx CICompilerCount                          = 4                                         {product} {ergonomic}
     uint ConcGCThreads                            = 3                                         {product} {ergonomic}
     uint G1ConcRefinementThreads                  = 10                                        {product} {ergonomic}
   size_t G1HeapRegionSize                         = 1048576                                   {product} {ergonomic}
    uintx GCDrainStackTargetSize                   = 64                                        {product} {ergonomic}
   size_t InitialHeapSize                          = 130023424                                 {product} {ergonomic}
   size_t MarkStackSize                            = 4194304                                   {product} {ergonomic}
   size_t MaxHeapSize                              = 2071986176                                {product} {ergonomic}
   size_t MaxNewSize                               = 1242562560                                {product} {ergonomic}
   size_t MinHeapDeltaBytes                        = 1048576                                   {product} {ergonomic}
    uintx NonNMethodCodeHeapSize                   = 5836300                                {pd product} {ergonomic}
    uintx NonProfiledCodeHeapSize                  = 122910970                              {pd product} {ergonomic}
    uintx ProfiledCodeHeapSize                     = 122910970                              {pd product} {ergonomic}
    uintx ReservedCodeCacheSize                    = 251658240                              {pd product} {ergonomic}
     bool SegmentedCodeCache                       = true                                      {product} {ergonomic}
     bool UseCompressedClassPointers               = true                                 {lp64_product} {ergonomic}
     bool UseCompressedOops                        = true                                 {lp64_product} {ergonomic}
     bool UseG1GC                                  = true                                      {product} {ergonomic}
     bool UseLargePagesIndividualAllocation        = false                                  {pd product} {ergonomic}

Logging:
Log output configuration:
 #0: stdout all=warning uptime,level,tags
 #1: stderr all=off uptime,level,tags

Environment Variables:
PATH=C:\Program Files\Eclipse Adoptium\jdk-21.0.1.12-hotspot\bin;"C:\Program Files\Common Files\Oracle\Java\javapath;C:\Program Files\Java\jdk-21\bin";C:\Windows\system32;C:\Windows;C:\Windows\System32\Wbem;C:\Windows\System32\WindowsPowerShell\v1.0\;C:\Windows\System32\OpenSSH\;C:\Program Files (x86)\NVIDIA Corporation\PhysX\Common;C:\Program Files\NVIDIA Corporation\NVIDIA NvDLISR;C:\Program Files\Git\cmd;C:\Program Files\dotnet\;C:\Users\alonh\AppData\Local\Microsoft\WindowsApps;C:\Users\alonh\AppData\Local\JetBrains\Toolbox\scripts;C:\Users\alonh\AppData\Local\Programs\Microsoft VS Code\bin;C:\Users\alonh\AppData\Local\GitHubDesktop\bin
USERNAME=alonh
OS=Windows_NT
PROCESSOR_IDENTIFIER=Intel64 Family 6 Model 154 Stepping 3, GenuineIntel
TMP=C:\Users\alonh\AppData\Local\Temp
TEMP=C:\Users\alonh\AppData\Local\Temp



---------------  S Y S T E M  ---------------

OS: Windows 11 , 64 bit Build 22621 (10.0.22621.2506)
OS uptime: 7 days 22:03 hours
Hyper-V role detected

CPU:total 12 (initial active 12) (6 cores per cpu, 2 threads per core) family 6 model 154 stepping 3 microcode 0x424, cmov, cx8, fxsr, mmx, sse, sse2, sse3, ssse3, sse4.1, sse4.2, popcnt, avx, avx2, aes, clmul, erms, 3dnowpref, lzcnt, ht, tsc, tscinvbit, bmi1, bmi2, adx, sha, fma

Memory: 4k page, system-wide physical 7896M (358M free)
TotalPageFile size 26595M (AvailPageFile size 3573M)
current process WorkingSet (physical memory assigned to process): 421M, peak: 433M
current process commit charge ("private bytes"): 549M, peak: 549M

vm_info: OpenJDK 64-Bit Server VM (11.0.22+7-LTS) for windows-amd64 JRE (11.0.22+7-LTS), built on Jan 10 2024 19:54:00 by "Administrator" with MS VC++ 16.10 / 16.11 (VS2019)

END.
