#
# A fatal error has been detected by the Java Runtime Environment:
#
#  EXCEPTION_ACCESS_VIOLATION (0xc0000005) at pc=0x67466c62, pid=8052, tid=26488
#
# JRE version: OpenJDK Runtime Environment Temurin-11.0.21+9 (11.0.21+9) (build 11.0.21+9)
# Java VM: OpenJDK Client VM Temurin-11.0.21+9 (11.0.21+9, mixed mode, serial gc, windows-x86)
# Problematic frame:
# C  [glass.dll+0x16c62]
#
# No core dump will be written. Minidumps are not enabled by default on client versions of Windows
#
# If you would like to submit a bug report, please visit:
#   https://github.com/adoptium/adoptium-support/issues
# The crash happened outside the Java Virtual Machine in native code.
# See problematic frame for where to report the bug.
#

---------------  S U M M A R Y ------------

Command Line: -javaagent:C:\Users\luigu\AppData\Local\Programs\IntelliJ IDEA Ultimate\lib\idea_rt.jar=49698:C:\Users\luigu\AppData\Local\Programs\IntelliJ IDEA Ultimate\bin -Dfile.encoding=UTF-8 --module-path=C:\Users\luigu\.m2\repository\com\dlsc\formsfx\formsfx-core\11.6.0\formsfx-core-11.6.0.jar;C:\Users\luigu\.m2\repository\org\openjfx\javafx-controls\17.0.6\javafx-controls-17.0.6-win-x86.jar;C:\Users\luigu\IdeaProjects\Joyeria_ProyectoMult\target\classes;C:\Users\luigu\.m2\repository\org\openjfx\javafx-fxml\17.0.6\javafx-fxml-17.0.6-win-x86.jar;C:\Users\luigu\.m2\repository\org\kordamp\bootstrapfx\bootstrapfx-core\0.4.0\bootstrapfx-core-0.4.0.jar;C:\Users\luigu\.m2\repository\org\openjfx\javafx-base\17.0.6\javafx-base-17.0.6-win-x86.jar;C:\Users\luigu\.m2\repository\org\controlsfx\controlsfx\11.1.2\controlsfx-11.1.2.jar;C:\Users\luigu\.m2\repository\net\synedra\validatorfx\0.4.0\validatorfx-0.4.0.jar;C:\Users\luigu\.m2\repository\org\openjfx\javafx-graphics\17.0.6\javafx-graphics-17.0.6-win-x86.jar -Djdk.module.main=com.eduard034.joyeria_proyectomult com.eduard034.joyeria_proyectomult/com.eduard034.joyeria_proyectomult.JoyeriaApp

Host: 12th Gen Intel(R) Core(TM) i5-12450H, 12 cores, 7G,  Windows 11 , 64 bit Build 22621 (10.0.22621.3374)
Time: Thu Apr 18 07:06:33 2024 Hora estándar central (México) elapsed time: 18.581247 seconds (0d 0h 0m 18s)

---------------  T H R E A D  ---------------

Current thread (0x15c64400):  JavaThread "JavaFX Application Thread" [_thread_in_native, id=26488, stack(0x19010000,0x19060000)]

Stack: [0x19010000,0x19060000],  sp=0x1905e3ec,  free space=312k
Native frames: (J=compiled Java code, A=aot compiled Java code, j=interpreted, Vv=VM code, C=native code)
C  [glass.dll+0x16c62]

Java frames: (J=compiled Java code, j=interpreted, Vv=VM code)
j  com.sun.glass.ui.win.WinWindow._close(J)Z+0 javafx.graphics
j  com.sun.glass.ui.Window.close()V+63 javafx.graphics
j  com.sun.glass.ui.win.WinWindow.close()V+8 javafx.graphics
j  com.sun.glass.ui.Application.terminate()V+75 javafx.graphics
j  com.sun.javafx.tk.quantum.QuantumToolkit.lambda$exit$13()Ljava/lang/Object;+5 javafx.graphics
j  com.sun.javafx.tk.quantum.QuantumToolkit$$Lambda$674.get()Ljava/lang/Object;+0 javafx.graphics
j  com.sun.javafx.tk.quantum.QuantumToolkit.runWithRenderLock(Ljava/util/function/Supplier;)Ljava/lang/Object;+7 javafx.graphics
j  com.sun.javafx.tk.quantum.QuantumToolkit.exit()V+26 javafx.graphics
j  com.sun.javafx.application.PlatformImpl.lambda$tkExit$16()V+3 javafx.graphics
j  com.sun.javafx.application.PlatformImpl$$Lambda$673.run()V+0 javafx.graphics
j  com.sun.javafx.application.PlatformImpl.lambda$runAndWait$12(Ljava/lang/Runnable;Ljava/util/concurrent/CountDownLatch;)V+1 javafx.graphics
j  com.sun.javafx.application.PlatformImpl$$Lambda$88.run()V+8 javafx.graphics
j  com.sun.javafx.application.PlatformImpl.lambda$runLater$10(Ljava/lang/Runnable;)Ljava/lang/Void;+1 javafx.graphics
j  com.sun.javafx.application.PlatformImpl$$Lambda$90.run()Ljava/lang/Object;+4 javafx.graphics
v  ~StubRoutines::call_stub
J 1300  java.security.AccessController.doPrivileged(Ljava/security/PrivilegedAction;Ljava/security/AccessControlContext;)Ljava/lang/Object; java.base@11.0.21 (0 bytes) @ 0x02bfbe87 [0x02bfbe20+0x00000067]
j  com.sun.javafx.application.PlatformImpl.lambda$runLater$11(Ljava/lang/Runnable;Ljava/security/AccessControlContext;)V+7 javafx.graphics
j  com.sun.javafx.application.PlatformImpl$$Lambda$89.run()V+8 javafx.graphics
j  com.sun.glass.ui.InvokeLaterDispatcher$Future.run()V+4 javafx.graphics
v  ~StubRoutines::call_stub
j  com.sun.glass.ui.win.WinApplication._runLoop(Ljava/lang/Runnable;)V+0 javafx.graphics
j  com.sun.glass.ui.win.WinApplication.lambda$runLoop$3(ILjava/lang/Runnable;)V+8 javafx.graphics
j  com.sun.glass.ui.win.WinApplication$$Lambda$78.run()V+12 javafx.graphics
j  java.lang.Thread.run()V+11 java.base@11.0.21
v  ~StubRoutines::call_stub

siginfo: EXCEPTION_ACCESS_VIOLATION (0xc0000005), reading address 0x000000b8


Register to memory mapping:

EIP=0x67466c62 glass.dll
EAX=0x0 is NULL
EBX=0x1905e620 is pointing into the stack for thread: 0x15c64400
ECX=0x0 is NULL
EDX=0x0 is NULL
ESP=0x1905e3ec is pointing into the stack for thread: 0x15c64400
EBP=0x1905e418 is pointing into the stack for thread: 0x15c64400
ESI=0x00000401 is an unknown value
EDI=0x0 is NULL


Registers:
EAX=0x00000000, EBX=0x1905e620, ECX=0x00000000, EDX=0x00000000
ESP=0x1905e3ec, EBP=0x1905e418, ESI=0x00000401, EDI=0x00000000
EIP=0x67466c62, EFLAGS=0x00010202

Top of Stack: (sp=0x1905e3ec)
0x1905e3ec:   1905e620 00000401 1905e620 67458df8
0x1905e3fc:   270666e6 15b7b3d8 006b0302 00000401
0x1905e40c:   1905e54c 674702b0 ffffffff 00000000
0x1905e41c:   67451755 00000401 1905e620 00000000
0x1905e42c:   00000401 006b0302 1905e464 674516f0
0x1905e43c:   76ab30b3 006b0302 00000401 1905e620
0x1905e44c:   00000000 006b0302 dcbaabcd 674516f0
0x1905e45c:   00000401 006b0302 1905e55c 76aa3ef6 

Instructions: (pc=0x67466c62)
0x67466b62:   21 56 e8 47 42 00 00 ff 35 e8 03 48 67 8b f0 ff
0x67466b72:   77 68 56 e8 96 de fe ff 56 e8 a0 41 00 00 83 c4
0x67466b82:   10 5e c7 05 a4 03 48 67 00 00 00 00 5f c3 83 ec
0x67466b92:   24 a1 ec e0 47 67 33 c4 89 44 24 20 8b 44 24 28
0x67466ba2:   53 89 44 24 04 8b d9 8b 44 24 30 89 44 24 08 8b
0x67466bb2:   44 24 38 55 89 44 24 10 8b 44 24 38 56 89 83 84
0x67466bc2:   00 00 00 8b 44 24 0c 89 5c 24 18 bb 00 00 00 80
0x67466bd2:   8b eb 8b f3 57 8b fb 85 c0 79 29 8d 44 24 20 50
0x67466be2:   e8 29 aa fe ff 83 c4 04 85 c0 8b 44 24 10 74 14
0x67466bf2:   8b 74 24 28 8b 5c 24 20 2b f3 8b 7c 24 2c 8b 6c
0x67466c02:   24 24 2b fd 6a 00 50 ff 74 24 1c 68 d8 23 47 67
0x67466c12:   57 56 8b 74 24 34 8b ce 55 53 ff 74 24 38 e8 db
0x67466c22:   a7 fe ff 8b f8 8d 4e 14 57 e8 40 64 00 00 57 8d
0x67466c32:   4e 14 e8 c7 64 00 00 8b 4c 24 30 8b c7 5f 5e 5d
0x67466c42:   5b 33 cc e8 ae 7a 00 00 83 c4 24 c2 10 00 53 8b
0x67466c52:   d9 56 57 ff 73 08 e8 93 a9 fe ff 8b f8 83 c4 04
0x67466c62:   8b 87 b8 00 00 00 85 c0 75 03 8b 47 04 3b 05 a4
0x67466c72:   03 48 67 75 29 e8 34 41 00 00 ff 35 e8 03 48 67
0x67466c82:   8b f0 ff 77 68 56 e8 83 dd fe ff 56 e8 8d 40 00
0x67466c92:   00 83 c4 10 c7 05 a4 03 48 67 00 00 00 00 8d 4f
0x67466ca2:   14 e8 b8 69 00 00 8d 4f 14 e8 e0 69 00 00 ff 73
0x67466cb2:   08 ff 15 f8 fe 47 67 85 c0 5f 0f 95 c0 5e 88 43
0x67466cc2:   04 5b c3 cc cc cc cc cc cc cc cc cc cc cc 55 8b
0x67466cd2:   ec 6a ff 68 f7 11 47 67 64 a1 00 00 00 00 50 83
0x67466ce2:   ec 08 53 56 57 a1 ec e0 47 67 33 c5 50 8d 45 f4
0x67466cf2:   64 a3 00 00 00 00 8b f9 ff 77 18 ff 15 60 ff 47
0x67466d02:   67 85 c0 75 13 0f 57 c0 66 0f 13 45 ec 8b 55 f0
0x67466d12:   8b 45 ec e9 a7 00 00 00 68 dc 00 00 00 e8 96 79
0x67466d22:   00 00 83 c4 04 89 45 f0 c7 45 fc 00 00 00 00 85
0x67466d32:   c0 74 19 ff 77 18 8b c8 6a 01 6a 00 6a 00 6a 00
0x67466d42:   ff 77 10 e8 a6 f9 ff ff 8b d8 eb 02 33 db ff 77
0x67466d52:   18 8b cb c7 45 fc ff ff ff ff 6a 00 68 00 00 10 


Stack slot to memory mapping:
stack at sp + 0 slots: 0x1905e620 is pointing into the stack for thread: 0x15c64400
stack at sp + 1 slots: 0x00000401 is an unknown value
stack at sp + 2 slots: 0x1905e620 is pointing into the stack for thread: 0x15c64400
stack at sp + 3 slots: 0x67458df8 glass.dll
stack at sp + 4 slots: 0x270666e6 is an unknown value
stack at sp + 5 slots: 0x15b7b3d8 points into unknown readable memory: 0x6747319c | 9c 31 47 67
stack at sp + 6 slots: 0x006b0302 is an unknown value
stack at sp + 7 slots: 0x00000401 is an unknown value


---------------  P R O C E S S  ---------------

Threads class SMR info:
_java_thread_list=0x15f89c18, length=17, elements={
0x02920400, 0x029f7c00, 0x029d7000, 0x029f6c00,
0x14c80800, 0x14c81400, 0x14c82400, 0x14c85000,
0x029fd000, 0x151b0400, 0x15485400, 0x15c29c00,
0x15c64400, 0x15d70800, 0x15da2800, 0x15e99c00,
0x2045d000
}

Java Threads: ( => current thread )
  0x02920400 JavaThread "main" [_thread_blocked, id=27672, stack(0x008e0000,0x00930000)]
  0x029f7c00 JavaThread "Reference Handler" daemon [_thread_blocked, id=24364, stack(0x14a40000,0x14a90000)]
  0x029d7000 JavaThread "Finalizer" daemon [_thread_blocked, id=23908, stack(0x14ad0000,0x14b20000)]
  0x029f6c00 JavaThread "Signal Dispatcher" daemon [_thread_blocked, id=24132, stack(0x14e90000,0x14ee0000)]
  0x14c80800 JavaThread "Attach Listener" daemon [_thread_blocked, id=27392, stack(0x14f20000,0x14f70000)]
  0x14c81400 JavaThread "Service Thread" daemon [_thread_blocked, id=27696, stack(0x14fb0000,0x15000000)]
  0x14c82400 JavaThread "C1 CompilerThread0" daemon [_thread_blocked, id=28704, stack(0x15040000,0x15090000)]
  0x14c85000 JavaThread "Sweeper thread" daemon [_thread_blocked, id=26996, stack(0x150d0000,0x15120000)]
  0x029fd000 JavaThread "Common-Cleaner" daemon [_thread_blocked, id=24068, stack(0x15160000,0x151b0000)]
  0x151b0400 JavaThread "Monitor Ctrl-Break" daemon [_thread_in_native, id=15436, stack(0x155f0000,0x15640000)]
  0x15485400 JavaThread "QuantumRenderer-0" daemon [_thread_blocked, id=8168, stack(0x15910000,0x15960000)]
  0x15c29c00 JavaThread "InvokeLaterDispatcher" daemon [_thread_blocked, id=9240, stack(0x18e80000,0x18ed0000)]
=>0x15c64400 JavaThread "JavaFX Application Thread" [_thread_in_native, id=26488, stack(0x19010000,0x19060000)]
  0x15d70800 JavaThread "JavaFX-Launcher" [_thread_blocked, id=7920, stack(0x1d630000,0x1d680000)]
  0x15da2800 JavaThread "Thread-2" daemon [_thread_in_native, id=7012, stack(0x1d5a0000,0x1d5f0000)]
  0x15e99c00 JavaThread "Prism Font Disposer" daemon [_thread_blocked, id=28880, stack(0x1ec50000,0x1eca0000)]
  0x2045d000 JavaThread "Cleaner-0" daemon [_thread_blocked, id=15484, stack(0x21ea0000,0x21ef0000)]

Other Threads:
  0x029d3c00 VMThread "VM Thread" [stack: 0x02880000,0x028d0000] [id=1280]
  0x151b0c00 WatcherThread [stack: 0x15680000,0x156d0000] [id=7536]

Threads with active compile tasks:

VM state:not at safepoint (normal execution)

VM Mutex/Monitor currently owned by a thread: None

Heap:
 def new generation   total 13824K, used 9337K [0x04a00000, 0x058f0000, 0x09f50000)
  eden space 12352K,  75% used [0x04a00000, 0x0531e558, 0x05610000)
  from space 1472K,   0% used [0x05610000, 0x05610000, 0x05780000)
  to   space 1472K,   0% used [0x05780000, 0x05780000, 0x058f0000)
 tenured generation   total 30556K, used 18332K [0x09f50000, 0x0bd27000, 0x14a00000)
   the space 30556K,  59% used [0x09f50000, 0x0b137060, 0x0b137200, 0x0bd27000)
 Metaspace       used 16123K, capacity 16489K, committed 16896K, reserved 17792K

Card table byte_map: [0x022f0000,0x02380000] _byte_map_base: 0x022cb000

Polling page: 0x00770000

Metaspace:

Usage:
   16.10 MB capacity,    15.75 MB ( 98%) used,   250.28 KB (  2%) free+waste,   116.02 KB ( <1%) overhead. 

Virtual space:
     17.38 MB reserved,      16.50 MB ( 95%) committed 

Chunk freelists:
310.50 KB

MaxMetaspaceSize: 4.00 GB
No class space
Initial GC threshold: 12.00 MB
Current GC threshold: 27.50 MB
CDS: off

CodeCache: size=32768Kb used=3047Kb max_used=3047Kb free=29720Kb
 bounds [0x02a00000, 0x02d00000, 0x04a00000]
 total_blobs=2614 nmethods=2175 adapters=371
 compilation: enabled
              stopped_count=0, restarted_count=0
 full_count=0

Compilation events (20 events):
Event: 18.465 Thread 0x14c82400 2166             com.sun.prism.impl.GlyphCache::addDataToQuad (305 bytes)
Event: 18.465 Thread 0x14c82400 nmethod 2166 0x02cf65c8 code [0x02cf6770, 0x02cf6bcc]
Event: 18.465 Thread 0x14c82400 2167             com.sun.prism.impl.GlyphCache$GlyphData::getRect (5 bytes)
Event: 18.465 Thread 0x14c82400 nmethod 2167 0x02cf6f48 code [0x02cf7050, 0x02cf70d0]
Event: 18.465 Thread 0x14c82400 2168             com.sun.prism.impl.GlyphCache$GlyphData::getBlankBoundary (5 bytes)
Event: 18.465 Thread 0x14c82400 nmethod 2168 0x02cf7108 code [0x02cf7210, 0x02cf7290]
Event: 18.465 Thread 0x14c82400 2169             com.sun.prism.impl.GlyphCache$GlyphData::getOriginX (5 bytes)
Event: 18.465 Thread 0x14c82400 nmethod 2169 0x02cf72c8 code [0x02cf73d0, 0x02cf7450]
Event: 18.465 Thread 0x14c82400 2170             com.sun.prism.impl.GlyphCache$GlyphData::getOriginY (5 bytes)
Event: 18.465 Thread 0x14c82400 nmethod 2170 0x02cf7488 code [0x02cf7590, 0x02cf7610]
Event: 18.465 Thread 0x14c82400 2171             com.sun.prism.impl.VertexBuffer::addQuad (63 bytes)
Event: 18.465 Thread 0x14c82400 nmethod 2171 0x02cf7648 code [0x02cf7790, 0x02cf796c]
Event: 18.498 Thread 0x14c82400 2172             jdk.internal.misc.VM::initLevel (4 bytes)
Event: 18.498 Thread 0x14c82400 nmethod 2172 0x02cf7ac8 code [0x02cf7bd0, 0x02cf7c50]
Event: 18.498 Thread 0x14c82400 2173             sun.nio.cs.UTF_8$Encoder::encodeArrayLoop (489 bytes)
Event: 18.499 Thread 0x14c82400 nmethod 2173 0x02cf7c88 code [0x02cf8010, 0x02cf8dc4]
Event: 18.514 Thread 0x14c82400 2174             jdk.internal.misc.VM::isModuleSystemInited (13 bytes)
Event: 18.515 Thread 0x14c82400 nmethod 2174 0x02cf9988 code [0x02cf9a90, 0x02cf9b20]
Event: 18.515 Thread 0x14c82400 2175             java.nio.charset.CoderResult::isUnderflow (13 bytes)
Event: 18.515 Thread 0x14c82400 nmethod 2175 0x02cf9b88 code [0x02cf9c90, 0x02cf9d20]

GC Heap History (20 events):
Event: 0.608 GC heap before
{Heap before GC invocations=6 (full 0):
 def new generation   total 4928K, used 4914K [0x04a00000, 0x04f50000, 0x09f50000)
  eden space 4416K,  99% used [0x04a00000, 0x04e4ca60, 0x04e50000)
  from space 512K, 100% used [0x04e50000, 0x04ed0000, 0x04ed0000)
  to   space 512K,   0% used [0x04ed0000, 0x04ed0000, 0x04f50000)
 tenured generation   total 10944K, used 2951K [0x09f50000, 0x0aa00000, 0x14a00000)
   the space 10944K,  26% used [0x09f50000, 0x0a231ec0, 0x0a232000, 0x0aa00000)
 Metaspace       used 10561K, capacity 10734K, committed 10752K, reserved 11648K
}
Event: 0.609 GC heap after
{Heap after GC invocations=7 (full 0):
 def new generation   total 4928K, used 512K [0x04a00000, 0x04f50000, 0x09f50000)
  eden space 4416K,   0% used [0x04a00000, 0x04a00000, 0x04e50000)
  from space 512K, 100% used [0x04ed0000, 0x04f50000, 0x04f50000)
  to   space 512K,   0% used [0x04e50000, 0x04e50000, 0x04ed0000)
 tenured generation   total 10944K, used 3989K [0x09f50000, 0x0aa00000, 0x14a00000)
   the space 10944K,  36% used [0x09f50000, 0x0a3355d0, 0x0a335600, 0x0aa00000)
 Metaspace       used 10561K, capacity 10734K, committed 10752K, reserved 11648K
}
Event: 0.653 GC heap before
{Heap before GC invocations=7 (full 0):
 def new generation   total 4928K, used 4927K [0x04a00000, 0x04f50000, 0x09f50000)
  eden space 4416K,  99% used [0x04a00000, 0x04e4fff8, 0x04e50000)
  from space 512K, 100% used [0x04ed0000, 0x04f50000, 0x04f50000)
  to   space 512K,   0% used [0x04e50000, 0x04e50000, 0x04ed0000)
 tenured generation   total 10944K, used 3989K [0x09f50000, 0x0aa00000, 0x14a00000)
   the space 10944K,  36% used [0x09f50000, 0x0a3355d0, 0x0a335600, 0x0aa00000)
 Metaspace       used 11343K, capacity 11510K, committed 11520K, reserved 11648K
}
Event: 0.654 GC heap after
{Heap after GC invocations=8 (full 0):
 def new generation   total 4928K, used 512K [0x04a00000, 0x04f50000, 0x09f50000)
  eden space 4416K,   0% used [0x04a00000, 0x04a00000, 0x04e50000)
  from space 512K, 100% used [0x04e50000, 0x04ed0000, 0x04ed0000)
  to   space 512K,   0% used [0x04ed0000, 0x04ed0000, 0x04f50000)
 tenured generation   total 10944K, used 4484K [0x09f50000, 0x0aa00000, 0x14a00000)
   the space 10944K,  40% used [0x09f50000, 0x0a3b11d0, 0x0a3b1200, 0x0aa00000)
 Metaspace       used 11343K, capacity 11510K, committed 11520K, reserved 11648K
}
Event: 0.720 GC heap before
{Heap before GC invocations=8 (full 0):
 def new generation   total 4928K, used 4928K [0x04a00000, 0x04f50000, 0x09f50000)
  eden space 4416K, 100% used [0x04a00000, 0x04e50000, 0x04e50000)
  from space 512K, 100% used [0x04e50000, 0x04ed0000, 0x04ed0000)
  to   space 512K,   0% used [0x04ed0000, 0x04ed0000, 0x04f50000)
 tenured generation   total 10944K, used 10714K [0x09f50000, 0x0aa00000, 0x14a00000)
   the space 10944K,  97% used [0x09f50000, 0x0a9c6bc8, 0x0a9c6c00, 0x0aa00000)
 Metaspace       used 11814K, capacity 12008K, committed 12032K, reserved 12672K
}
Event: 0.729 GC heap after
{Heap after GC invocations=9 (full 1):
 def new generation   total 8832K, used 385K [0x04a00000, 0x05390000, 0x09f50000)
  eden space 7872K,   4% used [0x04a00000, 0x04a60528, 0x051b0000)
  from space 960K,   0% used [0x051b0000, 0x051b0000, 0x052a0000)
  to   space 960K,   0% used [0x052a0000, 0x052a0000, 0x05390000)
 tenured generation   total 19520K, used 11711K [0x09f50000, 0x0b260000, 0x14a00000)
   the space 19520K,  59% used [0x09f50000, 0x0aabffb0, 0x0aac0000, 0x0b260000)
 Metaspace       used 11814K, capacity 12008K, committed 12032K, reserved 12672K
}
Event: 0.829 GC heap before
{Heap before GC invocations=9 (full 1):
 def new generation   total 8832K, used 7872K [0x04a00000, 0x05390000, 0x09f50000)
  eden space 7872K, 100% used [0x04a00000, 0x051b0000, 0x051b0000)
  from space 960K,   0% used [0x051b0000, 0x051b0000, 0x052a0000)
  to   space 960K,   0% used [0x052a0000, 0x052a0000, 0x05390000)
 tenured generation   total 19520K, used 11711K [0x09f50000, 0x0b260000, 0x14a00000)
   the space 19520K,  59% used [0x09f50000, 0x0aabffb0, 0x0aac0000, 0x0b260000)
 Metaspace       used 12750K, capacity 12931K, committed 13056K, reserved 13696K
}
Event: 0.832 GC heap after
{Heap after GC invocations=10 (full 1):
 def new generation   total 8832K, used 959K [0x04a00000, 0x05390000, 0x09f50000)
  eden space 7872K,   0% used [0x04a00000, 0x04a00000, 0x051b0000)
  from space 960K,  99% used [0x052a0000, 0x0538fff8, 0x05390000)
  to   space 960K,   0% used [0x051b0000, 0x051b0000, 0x052a0000)
 tenured generation   total 19520K, used 12006K [0x09f50000, 0x0b260000, 0x14a00000)
   the space 19520K,  61% used [0x09f50000, 0x0ab09a88, 0x0ab09c00, 0x0b260000)
 Metaspace       used 12750K, capacity 12931K, committed 13056K, reserved 13696K
}
Event: 0.913 GC heap before
{Heap before GC invocations=10 (full 1):
 def new generation   total 8832K, used 8831K [0x04a00000, 0x05390000, 0x09f50000)
  eden space 7872K, 100% used [0x04a00000, 0x051b0000, 0x051b0000)
  from space 960K,  99% used [0x052a0000, 0x0538fff8, 0x05390000)
  to   space 960K,   0% used [0x051b0000, 0x051b0000, 0x052a0000)
 tenured generation   total 19520K, used 12006K [0x09f50000, 0x0b260000, 0x14a00000)
   the space 19520K,  61% used [0x09f50000, 0x0ab09a88, 0x0ab09c00, 0x0b260000)
 Metaspace       used 14018K, capacity 14325K, committed 14336K, reserved 14720K
}
Event: 0.917 GC heap after
{Heap after GC invocations=11 (full 1):
 def new generation   total 8832K, used 630K [0x04a00000, 0x05390000, 0x09f50000)
  eden space 7872K,   0% used [0x04a00000, 0x04a00000, 0x051b0000)
  from space 960K,  65% used [0x051b0000, 0x0524dbf0, 0x052a0000)
  to   space 960K,   0% used [0x052a0000, 0x052a0000, 0x05390000)
 tenured generation   total 19520K, used 12915K [0x09f50000, 0x0b260000, 0x14a00000)
   the space 19520K,  66% used [0x09f50000, 0x0abeccc8, 0x0abece00, 0x0b260000)
 Metaspace       used 14018K, capacity 14325K, committed 14336K, reserved 14720K
}
Event: 2.084 GC heap before
{Heap before GC invocations=11 (full 1):
 def new generation   total 8832K, used 8502K [0x04a00000, 0x05390000, 0x09f50000)
  eden space 7872K, 100% used [0x04a00000, 0x051b0000, 0x051b0000)
  from space 960K,  65% used [0x051b0000, 0x0524dbf0, 0x052a0000)
  to   space 960K,   0% used [0x052a0000, 0x052a0000, 0x05390000)
 tenured generation   total 19520K, used 12915K [0x09f50000, 0x0b260000, 0x14a00000)
   the space 19520K,  66% used [0x09f50000, 0x0abeccc8, 0x0abece00, 0x0b260000)
 Metaspace       used 14842K, capacity 15138K, committed 15232K, reserved 15744K
}
Event: 2.088 GC heap after
{Heap after GC invocations=12 (full 1):
 def new generation   total 8832K, used 960K [0x04a00000, 0x05390000, 0x09f50000)
  eden space 7872K,   0% used [0x04a00000, 0x04a00000, 0x051b0000)
  from space 960K, 100% used [0x052a0000, 0x05390000, 0x05390000)
  to   space 960K,   0% used [0x051b0000, 0x051b0000, 0x052a0000)
 tenured generation   total 19520K, used 14591K [0x09f50000, 0x0b260000, 0x14a00000)
   the space 19520K,  74% used [0x09f50000, 0x0ad8ffd0, 0x0ad90000, 0x0b260000)
 Metaspace       used 14842K, capacity 15138K, committed 15232K, reserved 15744K
}
Event: 4.165 GC heap before
{Heap before GC invocations=12 (full 1):
 def new generation   total 8832K, used 8832K [0x04a00000, 0x05390000, 0x09f50000)
  eden space 7872K, 100% used [0x04a00000, 0x051b0000, 0x051b0000)
  from space 960K, 100% used [0x052a0000, 0x05390000, 0x05390000)
  to   space 960K,   0% used [0x051b0000, 0x051b0000, 0x052a0000)
 tenured generation   total 19520K, used 14591K [0x09f50000, 0x0b260000, 0x14a00000)
   the space 19520K,  74% used [0x09f50000, 0x0ad8ffd0, 0x0ad90000, 0x0b260000)
 Metaspace       used 15824K, capacity 16246K, committed 16256K, reserved 16768K
}
Event: 4.167 GC heap after
{Heap after GC invocations=13 (full 1):
 def new generation   total 8832K, used 591K [0x04a00000, 0x05390000, 0x09f50000)
  eden space 7872K,   0% used [0x04a00000, 0x04a00000, 0x051b0000)
  from space 960K,  61% used [0x051b0000, 0x05243fc8, 0x052a0000)
  to   space 960K,   0% used [0x052a0000, 0x052a0000, 0x05390000)
 tenured generation   total 19520K, used 15539K [0x09f50000, 0x0b260000, 0x14a00000)
   the space 19520K,  79% used [0x09f50000, 0x0ae7ce10, 0x0ae7d000, 0x0b260000)
 Metaspace       used 15824K, capacity 16246K, committed 16256K, reserved 16768K
}
Event: 10.201 GC heap before
{Heap before GC invocations=13 (full 1):
 def new generation   total 8832K, used 8463K [0x04a00000, 0x05390000, 0x09f50000)
  eden space 7872K, 100% used [0x04a00000, 0x051b0000, 0x051b0000)
  from space 960K,  61% used [0x051b0000, 0x05243fc8, 0x052a0000)
  to   space 960K,   0% used [0x052a0000, 0x052a0000, 0x05390000)
 tenured generation   total 19520K, used 15539K [0x09f50000, 0x0b260000, 0x14a00000)
   the space 19520K,  79% used [0x09f50000, 0x0ae7ce10, 0x0ae7d000, 0x0b260000)
 Metaspace       used 16074K, capacity 16489K, committed 16512K, reserved 16768K
}
Event: 10.203 GC heap after
{Heap after GC invocations=14 (full 1):
 def new generation   total 8832K, used 741K [0x04a00000, 0x05390000, 0x09f50000)
  eden space 7872K,   0% used [0x04a00000, 0x04a00000, 0x051b0000)
  from space 960K,  77% used [0x052a0000, 0x05359558, 0x05390000)
  to   space 960K,   0% used [0x051b0000, 0x051b0000, 0x052a0000)
 tenured generation   total 19520K, used 16110K [0x09f50000, 0x0b260000, 0x14a00000)
   the space 19520K,  82% used [0x09f50000, 0x0af0b918, 0x0af0ba00, 0x0b260000)
 Metaspace       used 16074K, capacity 16489K, committed 16512K, reserved 16768K
}
Event: 11.301 GC heap before
{Heap before GC invocations=14 (full 1):
 def new generation   total 8832K, used 8613K [0x04a00000, 0x05390000, 0x09f50000)
  eden space 7872K, 100% used [0x04a00000, 0x051b0000, 0x051b0000)
  from space 960K,  77% used [0x052a0000, 0x05359558, 0x05390000)
  to   space 960K,   0% used [0x051b0000, 0x051b0000, 0x052a0000)
 tenured generation   total 19520K, used 16110K [0x09f50000, 0x0b260000, 0x14a00000)
   the space 19520K,  82% used [0x09f50000, 0x0af0b918, 0x0af0ba00, 0x0b260000)
 Metaspace       used 16229K, capacity 16658K, committed 16768K, reserved 16768K
}
Event: 11.305 GC heap after
{Heap after GC invocations=15 (full 1):
 def new generation   total 8832K, used 960K [0x04a00000, 0x05390000, 0x09f50000)
  eden space 7872K,   0% used [0x04a00000, 0x04a00000, 0x051b0000)
  from space 960K, 100% used [0x051b0000, 0x052a0000, 0x052a0000)
  to   space 960K,   0% used [0x052a0000, 0x052a0000, 0x05390000)
 tenured generation   total 19520K, used 17591K [0x09f50000, 0x0b260000, 0x14a00000)
   the space 19520K,  90% used [0x09f50000, 0x0b07dc18, 0x0b07de00, 0x0b260000)
 Metaspace       used 16229K, capacity 16658K, committed 16768K, reserved 16768K
}
Event: 17.309 GC heap before
{Heap before GC invocations=15 (full 1):
 def new generation   total 8832K, used 8407K [0x04a00000, 0x05390000, 0x09f50000)
  eden space 7872K,  94% used [0x04a00000, 0x05145f48, 0x051b0000)
  from space 960K, 100% used [0x051b0000, 0x052a0000, 0x052a0000)
  to   space 960K,   0% used [0x052a0000, 0x052a0000, 0x05390000)
 tenured generation   total 19520K, used 17591K [0x09f50000, 0x0b260000, 0x14a00000)
   the space 19520K,  90% used [0x09f50000, 0x0b07dc18, 0x0b07de00, 0x0b260000)
 Metaspace       used 16364K, capacity 16790K, committed 16896K, reserved 17792K
}
Event: 17.330 GC heap after
{Heap after GC invocations=16 (full 2):
 def new generation   total 13824K, used 0K [0x04a00000, 0x058f0000, 0x09f50000)
  eden space 12352K,   0% used [0x04a00000, 0x04a00000, 0x05610000)
  from space 1472K,   0% used [0x05610000, 0x05610000, 0x05780000)
  to   space 1472K,   0% used [0x05780000, 0x05780000, 0x058f0000)
 tenured generation   total 30556K, used 18332K [0x09f50000, 0x0bd27000, 0x14a00000)
   the space 30556K,  59% used [0x09f50000, 0x0b137060, 0x0b137200, 0x0bd27000)
 Metaspace       used 16095K, capacity 16461K, committed 16896K, reserved 17792K
}

Deoptimization events (14 events):
Event: 0.808 Thread 0x15c64400 DEOPT PACKING pc=0x02b2ea4f sp=0x1905dcd0
Event: 0.808 Thread 0x15c64400 DEOPT UNPACKING pc=0x02a3c187 sp=0x1905dbf0 mode 3
Event: 0.810 Thread 0x15c64400 DEOPT PACKING pc=0x02b5e971 sp=0x1905de50
Event: 0.810 Thread 0x15c64400 DEOPT UNPACKING pc=0x02a3c187 sp=0x1905dd74 mode 3
Event: 0.900 Thread 0x15c64400 DEOPT PACKING pc=0x02ba1f8c sp=0x1905de40
Event: 0.900 Thread 0x15c64400 DEOPT UNPACKING pc=0x02a3c187 sp=0x1905dcf0 mode 3
Event: 4.954 Thread 0x15485400 DEOPT PACKING pc=0x02c2d0fd sp=0x1595eac0
Event: 4.954 Thread 0x15485400 DEOPT UNPACKING pc=0x02a3c187 sp=0x1595e9ec mode 3
Event: 18.384 Thread 0x15c64400 DEOPT PACKING pc=0x02ceeeb9 sp=0x19057350
Event: 18.384 Thread 0x15c64400 DEOPT UNPACKING pc=0x02a3c187 sp=0x190571f4 mode 3
Event: 18.463 Thread 0x15c64400 DEOPT PACKING pc=0x02bd2ae4 sp=0x1905c8e0
Event: 18.463 Thread 0x15c64400 DEOPT UNPACKING pc=0x02a3c187 sp=0x1905c77c mode 0
Event: 18.463 Thread 0x15c64400 DEOPT PACKING pc=0x02bd2ae4 sp=0x1905e270
Event: 18.463 Thread 0x15c64400 DEOPT UNPACKING pc=0x02a3c187 sp=0x1905e10c mode 0

Classes redefined (0 events):
No events

Internal exceptions (20 events):
Event: 0.882 Thread 0x15c64400 Exception <a 'java/lang/IncompatibleClassChangeError'{0x04f98dc0}: Found class java.lang.Object, but interface was expected> (0x04f98dc0) thrown at [s\src\hotspot\share\interpreter\linkResolver.cpp, line 839]
Event: 0.929 Thread 0x15485400 Exception <a 'java/lang/NoSuchMethodError'{0x04a74878}: 'int java.lang.invoke.DirectMethodHandle$Holder.invokeStaticInit(java.lang.Object, java.lang.Object)'> (0x04a74878) thrown at [s\src\hotspot\share\interpreter\linkResolver.cpp, line 773]
Event: 0.932 Thread 0x15c64400 Exception <a 'java/lang/NoSuchMethodError'{0x04ab5188}: 'long java.lang.invoke.DirectMethodHandle$Holder.invokeStaticInit(java.lang.Object, java.lang.Object, java.lang.Object)'> (0x04ab5188) thrown at [s\src\hotspot\share\interpreter\linkResolver.cpp, line 773]
Event: 0.933 Thread 0x15c64400 Exception <a 'java/lang/NoSuchMethodError'{0x04af15d0}: 'java.lang.Object java.lang.invoke.DirectMethodHandle$Holder.invokeStatic(java.lang.Object, java.lang.Object, long)'> (0x04af15d0) thrown at [s\src\hotspot\share\interpreter\linkResolver.cpp, line 773]
Event: 0.933 Thread 0x15c64400 Exception <a 'java/lang/NoSuchMethodError'{0x04af7020}: 'java.lang.Object java.lang.invoke.Invokers$Holder.linkToTargetMethod(java.lang.Object, long, java.lang.Object)'> (0x04af7020) thrown at [s\src\hotspot\share\interpreter\linkResolver.cpp, line 773]
Event: 2.050 Thread 0x15c64400 Exception <a 'java/io/FileNotFoundException'{0x0501a5c0}> (0x0501a5c0) thrown at [s\src\hotspot\share\prims\jni.cpp, line 617]
Event: 2.055 Thread 0x15c64400 Exception <a 'java/io/FileNotFoundException'{0x0506b3a0}> (0x0506b3a0) thrown at [s\src\hotspot\share\prims\jni.cpp, line 617]
Event: 4.085 Thread 0x15c64400 Exception <a 'java/lang/NoSuchMethodError'{0x04b835e0}: 'java.lang.Object java.lang.invoke.DirectMethodHandle$Holder.invokeStatic(java.lang.Object, java.lang.Object, int, int, int, int, int, java.lang.Object)'> (0x04b835e0) thrown at [s\src\hotspot\share\interpreter\linkResolver.cpp, line 773]
Event: 4.085 Thread 0x15c64400 Exception <a 'java/lang/NoSuchMethodError'{0x04b931e8}: 'java.lang.Object java.lang.invoke.DirectMethodHandle$Holder.invokeStatic(java.lang.Object, java.lang.Object, java.lang.Object, int, int, int, int, int)'> (0x04b931e8) thrown at [s\src\hotspot\share\interpreter\linkResolver.cpp, line 773]
Event: 4.085 Thread 0x15c64400 Exception <a 'java/lang/NoSuchMethodError'{0x04b99718}: 'java.lang.Object java.lang.invoke.Invokers$Holder.linkToTargetMethod(java.lang.Object, java.lang.Object, int, int, int, int, int, java.lang.Object)'> (0x04b99718) thrown at [s\src\hotspot\share\interpreter\linkResolver.cpp, line 773]
Event: 11.299 Thread 0x15485400 Exception <a 'java/lang/NoSuchMethodError'{0x0519c178}: 'java.lang.Object java.lang.invoke.DirectMethodHandle$Holder.invokeStaticInit(java.lang.Object, int)'> (0x0519c178) thrown at [s\src\hotspot\share\interpreter\linkResolver.cpp, line 773]
Event: 13.710 Thread 0x15c64400 Exception <a 'java/lang/NoSuchMethodError'{0x04c6a5c8}: 'int java.lang.invoke.DirectMethodHandle$Holder.invokeVirtual(java.lang.Object, java.lang.Object)'> (0x04c6a5c8) thrown at [s\src\hotspot\share\interpreter\linkResolver.cpp, line 773]
Event: 13.711 Thread 0x15c64400 Exception <a 'java/lang/NoSuchMethodError'{0x04c74830}: 'void java.lang.invoke.DirectMethodHandle$Holder.invokeVirtual(java.lang.Object, java.lang.Object, int)'> (0x04c74830) thrown at [s\src\hotspot\share\interpreter\linkResolver.cpp, line 773]
Event: 17.347 Thread 0x15c64400 Exception <a 'java/lang/ClassNotFoundException'{0x05045548}: com/sun/javafx/scene/control/skin/resources/controls> (0x05045548) thrown at [s\src\hotspot\share\prims\jni.cpp, line 638]
Event: 17.347 Thread 0x15c64400 Exception <a 'java/lang/ClassNotFoundException'{0x05053600}: com/sun/javafx/scene/control/skin/resources/controls_es> (0x05053600) thrown at [s\src\hotspot\share\prims\jni.cpp, line 638]
Event: 18.384 Thread 0x15c64400 Implicit null exception at 0x02ceec3f to 0x02ceeeb4
Event: 18.497 Thread 0x15c64400 Exception <a 'java/lang/IllegalArgumentException'{0x052a1d30}> (0x052a1d30) thrown at [s\src\hotspot\share\prims\jvm.cpp, line 1310]
Event: 18.514 Thread 0x15c64400 Exception <a 'java/lang/IllegalArgumentException'{0x052e80f0}> (0x052e80f0) thrown at [s\src\hotspot\share\prims\jvm.cpp, line 1310]
Event: 18.538 Thread 0x15c64400 Exception <a 'java/lang/IllegalArgumentException'{0x052f3b20}> (0x052f3b20) thrown at [s\src\hotspot\share\prims\jvm.cpp, line 1310]
Event: 18.553 Thread 0x15c64400 Exception <a 'java/lang/IllegalArgumentException'{0x052ff4d0}> (0x052ff4d0) thrown at [s\src\hotspot\share\prims\jvm.cpp, line 1310]

Events (20 events):
Event: 13.712 loading class java/lang/Long$LongCache done
Event: 16.786 Loaded shared library C:\Users\luigu\.openjfx\cache\17.0.6\prism_d3d.dll
Event: 16.786 Executing VM operation: RevokeBias
Event: 16.786 Executing VM operation: RevokeBias done
Event: 17.309 Executing VM operation: GenCollectForAllocation
Event: 17.330 Executing VM operation: GenCollectForAllocation done
Event: 17.360 loading class com/sun/prism/impl/ManagedResource
Event: 17.360 loading class com/sun/prism/impl/ManagedResource done
Event: 17.360 loading class com/sun/prism/impl/BaseResourcePool$Predicate
Event: 17.360 loading class com/sun/prism/impl/BaseResourcePool$Predicate done
Event: 17.370 Executing VM operation: RevokeBias
Event: 17.370 Executing VM operation: RevokeBias done
Event: 18.462 loading class javafx/application/Application
Event: 18.462 loading class javafx/application/Application done
Event: 18.462 loading class javafx/application/Application
Event: 18.462 loading class javafx/application/Application done
Event: 18.497 loading class java/lang/Throwable$WrappedPrintStream
Event: 18.497 loading class java/lang/Throwable$PrintStreamOrWriter
Event: 18.497 loading class java/lang/Throwable$PrintStreamOrWriter done
Event: 18.497 loading class java/lang/Throwable$WrappedPrintStream done


Dynamic libraries:
0x002b0000 - 0x002bc000 	C:\Program Files (x86)\Eclipse Adoptium\jdk-11.0.21.9-hotspot\bin\java.exe
0x76f20000 - 0x770d1000 	C:\WINDOWS\SYSTEM32\ntdll.dll
0x75520000 - 0x75610000 	C:\WINDOWS\System32\KERNEL32.DLL
0x767d0000 - 0x76a45000 	C:\WINDOWS\System32\KERNELBASE.dll
0x73ee0000 - 0x73f86000 	C:\WINDOWS\SYSTEM32\apphelp.dll
0x756d0000 - 0x757e2000 	C:\WINDOWS\System32\ucrtbase.dll
0x6e2a0000 - 0x6e2b5000 	C:\Program Files (x86)\Eclipse Adoptium\jdk-11.0.21.9-hotspot\bin\jli.dll
0x6e280000 - 0x6e293000 	C:\Program Files (x86)\Eclipse Adoptium\jdk-11.0.21.9-hotspot\bin\VCRUNTIME140.dll
0x76a80000 - 0x76c29000 	C:\WINDOWS\System32\USER32.dll
0x74d10000 - 0x74d2a000 	C:\WINDOWS\System32\win32u.dll
0x6db90000 - 0x6ddb8000 	C:\WINDOWS\WinSxS\x86_microsoft.windows.common-controls_6595b64144ccf1df_6.0.22621.3235_none_6ebcabb88802389e\COMCTL32.dll
0x76a50000 - 0x76a73000 	C:\WINDOWS\System32\GDI32.dll
0x74da0000 - 0x74e64000 	C:\WINDOWS\System32\msvcrt.dll
0x75b80000 - 0x75c62000 	C:\WINDOWS\System32\gdi32full.dll
0x75c70000 - 0x75ce9000 	C:\WINDOWS\System32\msvcp_win.dll
0x74ce0000 - 0x74d05000 	C:\WINDOWS\System32\IMM32.DLL
0x6cfd0000 - 0x6d03f000 	C:\Program Files (x86)\Eclipse Adoptium\jdk-11.0.21.9-hotspot\bin\msvcp140.dll
0x6b270000 - 0x6b74b000 	C:\Program Files (x86)\Eclipse Adoptium\jdk-11.0.21.9-hotspot\bin\client\jvm.dll
0x76da0000 - 0x76e1f000 	C:\WINDOWS\System32\ADVAPI32.dll
0x76c50000 - 0x76cd5000 	C:\WINDOWS\System32\sechost.dll
0x76d80000 - 0x76d9a000 	C:\WINDOWS\System32\bcrypt.dll
0x75610000 - 0x756ca000 	C:\WINDOWS\System32\RPCRT4.dll
0x74d90000 - 0x74d96000 	C:\WINDOWS\System32\PSAPI.DLL
0x70070000 - 0x70078000 	C:\WINDOWS\SYSTEM32\WSOCK32.dll
0x75050000 - 0x750af000 	C:\WINDOWS\System32\WS2_32.dll
0x72770000 - 0x727a1000 	C:\WINDOWS\SYSTEM32\WINMM.dll
0x74a60000 - 0x74a68000 	C:\WINDOWS\SYSTEM32\VERSION.dll
0x74a70000 - 0x74a83000 	C:\WINDOWS\SYSTEM32\kernel.appcore.dll
0x6e900000 - 0x6e90d000 	C:\Program Files (x86)\Eclipse Adoptium\jdk-11.0.21.9-hotspot\bin\verify.dll
0x6bfb0000 - 0x6c186000 	C:\WINDOWS\SYSTEM32\DBGHELP.DLL
0x757f0000 - 0x75a6c000 	C:\WINDOWS\System32\combase.dll
0x76ce0000 - 0x76d7c000 	C:\WINDOWS\System32\OLEAUT32.dll
0x6cfa0000 - 0x6cfc9000 	C:\WINDOWS\SYSTEM32\dbgcore.DLL
0x753b0000 - 0x75412000 	C:\WINDOWS\System32\bcryptPrimitives.dll
0x6cf70000 - 0x6cf92000 	C:\Program Files (x86)\Eclipse Adoptium\jdk-11.0.21.9-hotspot\bin\java.dll
0x6e270000 - 0x6e279000 	C:\Program Files (x86)\Eclipse Adoptium\jdk-11.0.21.9-hotspot\bin\jimage.dll
0x6cf60000 - 0x6cf6d000 	C:\Program Files (x86)\Eclipse Adoptium\jdk-11.0.21.9-hotspot\bin\instrument.dll
0x6df30000 - 0x6df46000 	C:\Program Files (x86)\Eclipse Adoptium\jdk-11.0.21.9-hotspot\bin\zip.dll
0x75cf0000 - 0x76389000 	C:\WINDOWS\System32\SHELL32.dll
0x71e70000 - 0x7255f000 	C:\WINDOWS\SYSTEM32\windows.storage.dll
0x716c0000 - 0x71787000 	C:\WINDOWS\SYSTEM32\wintypes.dll
0x75170000 - 0x75231000 	C:\WINDOWS\System32\SHCORE.dll
0x74d40000 - 0x74d8b000 	C:\WINDOWS\System32\shlwapi.dll
0x70050000 - 0x70069000 	C:\WINDOWS\SYSTEM32\profapi.dll
0x6de10000 - 0x6de24000 	C:\Program Files (x86)\Eclipse Adoptium\jdk-11.0.21.9-hotspot\bin\net.dll
0x73c80000 - 0x73d5c000 	C:\WINDOWS\SYSTEM32\WINHTTP.dll
0x6fae0000 - 0x6fb31000 	C:\WINDOWS\system32\mswsock.dll
0x6e260000 - 0x6e26f000 	C:\Program Files (x86)\Eclipse Adoptium\jdk-11.0.21.9-hotspot\bin\nio.dll
0x6cf40000 - 0x6cf56000 	C:\Users\luigu\AppData\Local\Programs\IntelliJ IDEA Ultimate\bin\breakgen.dll
0x6cf30000 - 0x6cf33000 	C:\Users\luigu\.openjfx\cache\17.0.6\api-ms-win-core-console-l1-1-0.dll
0x6cf20000 - 0x6cf23000 	C:\Users\luigu\.openjfx\cache\17.0.6\api-ms-win-core-console-l1-2-0.dll
0x6cf10000 - 0x6cf13000 	C:\Users\luigu\.openjfx\cache\17.0.6\api-ms-win-core-datetime-l1-1-0.dll
0x6cf00000 - 0x6cf03000 	C:\Users\luigu\.openjfx\cache\17.0.6\api-ms-win-core-debug-l1-1-0.dll
0x6cef0000 - 0x6cef3000 	C:\Users\luigu\.openjfx\cache\17.0.6\api-ms-win-core-errorhandling-l1-1-0.dll
0x6c640000 - 0x6c644000 	C:\Users\luigu\.openjfx\cache\17.0.6\api-ms-win-core-file-l1-1-0.dll
0x6c630000 - 0x6c633000 	C:\Users\luigu\.openjfx\cache\17.0.6\api-ms-win-core-file-l1-2-0.dll
0x6c620000 - 0x6c623000 	C:\Users\luigu\.openjfx\cache\17.0.6\api-ms-win-core-file-l2-1-0.dll
0x6c610000 - 0x6c613000 	C:\Users\luigu\.openjfx\cache\17.0.6\api-ms-win-core-handle-l1-1-0.dll
0x6c600000 - 0x6c603000 	C:\Users\luigu\.openjfx\cache\17.0.6\api-ms-win-core-heap-l1-1-0.dll
0x6c5f0000 - 0x6c5f3000 	C:\Users\luigu\.openjfx\cache\17.0.6\api-ms-win-core-interlocked-l1-1-0.dll
0x6c5e0000 - 0x6c5e3000 	C:\Users\luigu\.openjfx\cache\17.0.6\api-ms-win-core-libraryloader-l1-1-0.dll
0x6bfa0000 - 0x6bfa3000 	C:\Users\luigu\.openjfx\cache\17.0.6\api-ms-win-core-localization-l1-2-0.dll
0x6bf90000 - 0x6bf93000 	C:\Users\luigu\.openjfx\cache\17.0.6\api-ms-win-core-memory-l1-1-0.dll
0x6bf80000 - 0x6bf83000 	C:\Users\luigu\.openjfx\cache\17.0.6\api-ms-win-core-namedpipe-l1-1-0.dll
0x6bf70000 - 0x6bf73000 	C:\Users\luigu\.openjfx\cache\17.0.6\api-ms-win-core-processenvironment-l1-1-0.dll
0x6bf60000 - 0x6bf63000 	C:\Users\luigu\.openjfx\cache\17.0.6\api-ms-win-core-processthreads-l1-1-0.dll
0x6bf50000 - 0x6bf53000 	C:\Users\luigu\.openjfx\cache\17.0.6\api-ms-win-core-processthreads-l1-1-1.dll
0x6bf40000 - 0x6bf43000 	C:\Users\luigu\.openjfx\cache\17.0.6\api-ms-win-core-profile-l1-1-0.dll
0x6bf20000 - 0x6bf23000 	C:\Users\luigu\.openjfx\cache\17.0.6\api-ms-win-core-rtlsupport-l1-1-0.dll
0x6bf00000 - 0x6bf03000 	C:\Users\luigu\.openjfx\cache\17.0.6\api-ms-win-core-string-l1-1-0.dll
0x6bef0000 - 0x6bef3000 	C:\Users\luigu\.openjfx\cache\17.0.6\api-ms-win-core-synch-l1-1-0.dll
0x6bee0000 - 0x6bee3000 	C:\Users\luigu\.openjfx\cache\17.0.6\api-ms-win-core-synch-l1-2-0.dll
0x6bed0000 - 0x6bed3000 	C:\Users\luigu\.openjfx\cache\17.0.6\api-ms-win-core-sysinfo-l1-1-0.dll
0x6bec0000 - 0x6bec3000 	C:\Users\luigu\.openjfx\cache\17.0.6\api-ms-win-core-timezone-l1-1-0.dll
0x6beb0000 - 0x6beb3000 	C:\Users\luigu\.openjfx\cache\17.0.6\api-ms-win-core-util-l1-1-0.dll
0x6bea0000 - 0x6bea3000 	C:\Users\luigu\.openjfx\cache\17.0.6\api-ms-win-crt-conio-l1-1-0.dll
0x6be90000 - 0x6be94000 	C:\Users\luigu\.openjfx\cache\17.0.6\api-ms-win-crt-convert-l1-1-0.dll
0x6be80000 - 0x6be83000 	C:\Users\luigu\.openjfx\cache\17.0.6\api-ms-win-crt-environment-l1-1-0.dll
0x6be70000 - 0x6be73000 	C:\Users\luigu\.openjfx\cache\17.0.6\api-ms-win-crt-filesystem-l1-1-0.dll
0x6be60000 - 0x6be63000 	C:\Users\luigu\.openjfx\cache\17.0.6\api-ms-win-crt-heap-l1-1-0.dll
0x6be50000 - 0x6be53000 	C:\Users\luigu\.openjfx\cache\17.0.6\api-ms-win-crt-locale-l1-1-0.dll
0x6be40000 - 0x6be45000 	C:\Users\luigu\.openjfx\cache\17.0.6\api-ms-win-crt-math-l1-1-0.dll
0x6be30000 - 0x6be35000 	C:\Users\luigu\.openjfx\cache\17.0.6\api-ms-win-crt-multibyte-l1-1-0.dll
0x6be20000 - 0x6be30000 	C:\Users\luigu\.openjfx\cache\17.0.6\api-ms-win-crt-private-l1-1-0.dll
0x6be10000 - 0x6be13000 	C:\Users\luigu\.openjfx\cache\17.0.6\api-ms-win-crt-process-l1-1-0.dll
0x6be00000 - 0x6be04000 	C:\Users\luigu\.openjfx\cache\17.0.6\api-ms-win-crt-runtime-l1-1-0.dll
0x6bdf0000 - 0x6bdf4000 	C:\Users\luigu\.openjfx\cache\17.0.6\api-ms-win-crt-stdio-l1-1-0.dll
0x6bde0000 - 0x6bde4000 	C:\Users\luigu\.openjfx\cache\17.0.6\api-ms-win-crt-string-l1-1-0.dll
0x6bdd0000 - 0x6bdd3000 	C:\Users\luigu\.openjfx\cache\17.0.6\api-ms-win-crt-time-l1-1-0.dll
0x6bdc0000 - 0x6bdc3000 	C:\Users\luigu\.openjfx\cache\17.0.6\api-ms-win-crt-utility-l1-1-0.dll
0x6b930000 - 0x6ba53000 	C:\Users\luigu\.openjfx\cache\17.0.6\ucrtbase.dll
0x6bda0000 - 0x6bdb4000 	C:\Users\luigu\.openjfx\cache\17.0.6\vcruntime140.dll
0x6bd30000 - 0x6bd9d000 	C:\Users\luigu\.openjfx\cache\17.0.6\msvcp140.dll
0x6bd20000 - 0x6bd27000 	C:\Users\luigu\.openjfx\cache\17.0.6\msvcp140_1.dll
0x6bcf0000 - 0x6bd19000 	C:\Users\luigu\.openjfx\cache\17.0.6\msvcp140_2.dll
0x6b900000 - 0x6b926000 	C:\Users\luigu\.openjfx\cache\17.0.6\prism_d3d.dll
0x6b0f0000 - 0x6b261000 	C:\WINDOWS\system32\d3d9.dll
0x6e110000 - 0x6e134000 	C:\WINDOWS\SYSTEM32\dwmapi.dll
0x74080000 - 0x740ae000 	C:\WINDOWS\SYSTEM32\dxcore.dll
0x73fc0000 - 0x7403f000 	C:\WINDOWS\system32\uxtheme.dll
0x6b870000 - 0x6b900000 	C:\WINDOWS\SYSTEM32\d3d9on12.dll
0x73e10000 - 0x73eda000 	C:\WINDOWS\SYSTEM32\dxgi.dll
0x6b810000 - 0x6b82d000 	C:\WINDOWS\SYSTEM32\d3d12.dll
0x72620000 - 0x7265d000 	C:\WINDOWS\SYSTEM32\cfgmgr32.dll
0x6af40000 - 0x6b0f0000 	C:\WINDOWS\SYSTEM32\D3D12Core.dll
0x6b7f0000 - 0x6b80d000 	C:\WINDOWS\System32\DriverStore\FileRepository\iigd_dch.inf_amd64_3c65364e14984512\igd12umd32.dll
0x63b00000 - 0x6472a000 	C:\WINDOWS\System32\DriverStore\FileRepository\iigd_dch.inf_amd64_3c65364e14984512\igd12um32xel.dll
0x75240000 - 0x75343000 	C:\WINDOWS\System32\CRYPT32.dll
0x74b80000 - 0x74cd5000 	C:\WINDOWS\System32\ole32.dll
0x6b7b0000 - 0x6b7e5000 	C:\WINDOWS\SYSTEM32\ControlLib32.dll
0x76390000 - 0x767cd000 	C:\WINDOWS\System32\SETUPAPI.dll
0x6e600000 - 0x6e624000 	C:\WINDOWS\SYSTEM32\DEVOBJ.dll
0x6aec0000 - 0x6af32000 	C:\WINDOWS\System32\DriverStore\FileRepository\iigd_dch.inf_amd64_3c65364e14984512\IntelControlLib32.dll
0x76eb0000 - 0x76f07000 	C:\WINDOWS\System32\WINTRUST.dll
0x6e5f0000 - 0x6e5fe000 	C:\WINDOWS\SYSTEM32\MSASN1.dll
0x6d5f0000 - 0x6d62c000 	C:\WINDOWS\SYSTEM32\directxdatabasehelper.dll
0x6ab90000 - 0x6aebf000 	C:\WINDOWS\System32\DriverStore\FileRepository\iigd_dch.inf_amd64_3c65364e14984512\igdgmm32.dll
0x67490000 - 0x6ab15000 	C:\WINDOWS\System32\DriverStore\FileRepository\iigd_dch.inf_amd64_3c65364e14984512\igc32.dll
0x6b780000 - 0x6b7a1000 	C:\WINDOWS\SYSTEM32\D3DSCache.dll
0x73f90000 - 0x73faf000 	C:\WINDOWS\SYSTEM32\USERENV.dll
0x62880000 - 0x63afb000 	C:\WINDOWS\System32\DriverStore\FileRepository\iigd_dch.inf_amd64_3c65364e14984512\igd12dxva32.dll
0x60b90000 - 0x62880000 	C:\WINDOWS\System32\DriverStore\FileRepository\iigd_dch.inf_amd64_3c65364e14984512\media_bin_32.dll
0x6b760000 - 0x6b780000 	C:\WINDOWS\System32\DriverStore\FileRepository\iigd_dch.inf_amd64_3c65364e14984512\igdinfo32.dll
0x716a0000 - 0x716b5000 	C:\WINDOWS\SYSTEM32\CRYPTSP.dll
0x71670000 - 0x716a0000 	C:\WINDOWS\system32\rsaenh.dll
0x71350000 - 0x7135b000 	C:\WINDOWS\SYSTEM32\CRYPTBASE.dll
0x56ef0000 - 0x570dc000 	C:\WINDOWS\SYSTEM32\twinapi.appcore.dll
0x67450000 - 0x67487000 	C:\Users\luigu\.openjfx\cache\17.0.6\glass.dll

dbghelp: loaded successfully - version: 4.0.5 - missing functions: none
symbol engine: initialized successfully - sym options: 0x614 - pdb path: .;C:\Program Files (x86)\Eclipse Adoptium\jdk-11.0.21.9-hotspot\bin;C:\WINDOWS\SYSTEM32;C:\WINDOWS\WinSxS\x86_microsoft.windows.common-controls_6595b64144ccf1df_6.0.22621.3235_none_6ebcabb88802389e;C:\Program Files (x86)\Eclipse Adoptium\jdk-11.0.21.9-hotspot\bin\client;C:\Users\luigu\AppData\Local\Programs\IntelliJ IDEA Ultimate\bin;C:\Users\luigu\.openjfx\cache\17.0.6;C:\WINDOWS\System32\DriverStore\FileRepository\iigd_dch.inf_amd64_3c65364e14984512;C:\ProgramData\A-Volute\A-Volute.Nahimic\Modules\Scheduled;C:\Program Files (x86)\Common Files\Microsoft Shared\Ink

VM Arguments:
jvm_args: -javaagent:C:\Users\luigu\AppData\Local\Programs\IntelliJ IDEA Ultimate\lib\idea_rt.jar=49698:C:\Users\luigu\AppData\Local\Programs\IntelliJ IDEA Ultimate\bin -Dfile.encoding=UTF-8 --module-path=C:\Users\luigu\.m2\repository\com\dlsc\formsfx\formsfx-core\11.6.0\formsfx-core-11.6.0.jar;C:\Users\luigu\.m2\repository\org\openjfx\javafx-controls\17.0.6\javafx-controls-17.0.6-win-x86.jar;C:\Users\luigu\IdeaProjects\Joyeria_ProyectoMult\target\classes;C:\Users\luigu\.m2\repository\org\openjfx\javafx-fxml\17.0.6\javafx-fxml-17.0.6-win-x86.jar;C:\Users\luigu\.m2\repository\org\kordamp\bootstrapfx\bootstrapfx-core\0.4.0\bootstrapfx-core-0.4.0.jar;C:\Users\luigu\.m2\repository\org\openjfx\javafx-base\17.0.6\javafx-base-17.0.6-win-x86.jar;C:\Users\luigu\.m2\repository\org\controlsfx\controlsfx\11.1.2\controlsfx-11.1.2.jar;C:\Users\luigu\.m2\repository\net\synedra\validatorfx\0.4.0\validatorfx-0.4.0.jar;C:\Users\luigu\.m2\repository\org\openjfx\javafx-graphics\17.0.6\javafx-graphics-17.0.6-win-x86.jar -Djdk.module.main=com.eduard034.joyeria_proyectomult 
java_command: com.eduard034.joyeria_proyectomult/com.eduard034.joyeria_proyectomult.JoyeriaApp
java_class_path (initial): C:\Users\luigu\.m2\repository\org\openjfx\javafx-controls\17.0.6\javafx-controls-17.0.6.jar;C:\Users\luigu\.m2\repository\org\openjfx\javafx-graphics\17.0.6\javafx-graphics-17.0.6.jar;C:\Users\luigu\.m2\repository\org\openjfx\javafx-base\17.0.6\javafx-base-17.0.6.jar;C:\Users\luigu\.m2\repository\org\openjfx\javafx-fxml\17.0.6\javafx-fxml-17.0.6.jar
Launcher Type: SUN_STANDARD

[Global flags]
   size_t InitialHeapSize                          = 16777216                                  {product} {ergonomic}
   size_t MaxHeapSize                              = 268435456                                 {product} {ergonomic}
   size_t MaxNewSize                               = 89456640                                  {product} {ergonomic}
   size_t MinHeapDeltaBytes                        = 131072                                    {product} {ergonomic}
   size_t NewSize                                  = 5570560                                   {product} {ergonomic}
    uintx NonProfiledCodeHeapSize                  = 0                                      {pd product} {ergonomic}
   size_t OldSize                                  = 11206656                                  {product} {ergonomic}
    uintx ProfiledCodeHeapSize                     = 0                                      {pd product} {ergonomic}
     bool ThreadLocalHandshakes                    = false                                  {pd product} {ergonomic}
     bool UseLargePagesIndividualAllocation        = false                                  {pd product} {ergonomic}
     bool UseSerialGC                              = true                                      {product} {ergonomic}

Logging:
Log output configuration:
 #0: stdout all=warning uptime,level,tags
 #1: stderr all=off uptime,level,tags

Environment Variables:
PATH=C:\Program Files (x86)\Eclipse Adoptium\jre-11.0.21.9-hotspot\bin;C:\Program Files (x86)\Eclipse Adoptium\jdk-11.0.21.9-hotspot\bin;C:\Program Files (x86)\VMware\VMware Player\bin\;C:\Windows\system32;C:\Windows;C:\Windows\System32\Wbem;C:\Windows\System32\WindowsPowerShell\v1.0\;C:\Windows\System32\OpenSSH\;C:\Program Files (x86)\NVIDIA Corporation\PhysX\Common;C:\Program Files\NVIDIA Corporation\NVIDIA NvDLISR;C:\WINDOWS\system32;C:\WINDOWS;C:\WINDOWS\System32\Wbem;C:\WINDOWS\System32\WindowsPowerShell\v1.0\;C:\WINDOWS\System32\OpenSSH\;C:\Program Files\Git\cmd;C:\Users\luigu\AppData\Local\Microsoft\WindowsApps;C:\Users\luigu\AppData\Local\Programs\Microsoft VS Code\bin;C:\Users\luigu\AppData\Local\JetBrains\Toolbox\scripts;C:\Users\luigu\AppData\Local\GitHubDesktop\bin
USERNAME=luigu
OS=Windows_NT
PROCESSOR_IDENTIFIER=Intel64 Family 6 Model 154 Stepping 3, GenuineIntel
TMP=C:\Users\luigu\AppData\Local\Temp
TEMP=C:\Users\luigu\AppData\Local\Temp



---------------  S Y S T E M  ---------------

OS: Windows 11 , 64 bit Build 22621 (10.0.22621.3374)
OS uptime: 4 days 13:00 hours

CPU:total 12 (initial active 12) (6 cores per cpu, 2 threads per core) family 6 model 154 stepping 3 microcode 0x419, cmov, cx8, fxsr, mmx, sse, sse2, sse3, ssse3, sse4.1, sse4.2, popcnt, avx, avx2, aes, clmul, erms, 3dnowpref, lzcnt, ht, tsc, tscinvbit, bmi1, bmi2, adx, sha, fma

Memory: 4k page, system-wide physical 7917M (836M free)
TotalPageFile size 19693M (AvailPageFile size 6561M), user-mode portion of virtual address-space 2047M (1233M free)
current process WorkingSet (physical memory assigned to process): 260M, peak: 269M
current process commit charge ("private bytes"): 265M, peak: 265M

vm_info: OpenJDK Client VM (11.0.21+9) for windows-x86 JRE (11.0.21+9), built on Oct 17 2023 17:27:10 by "" with MS VC++ 15.9 (VS2017)

END.
