#
# A fatal error has been detected by the Java Runtime Environment:
#
#  EXCEPTION_ACCESS_VIOLATION (0xc0000005) at pc=0x60e86c62, pid=23496, tid=22700
#
# JRE version: OpenJDK Runtime Environment Temurin-11.0.21+9 (11.0.21+9) (build 11.0.21+9)
# Java VM: OpenJDK Client VM Temurin-11.0.21+9 (11.0.21+9, mixed mode, serial gc, windows-x86)
# Problematic frame:
# C  [glass.dll+0x16c62]
#
# No core dump will be written. Minidumps are not enabled by default on client versions of Windows
#
# If you would like to submit a bug report, please visit:
#   https://github.com/adoptium/adoptium-support/issues
# The crash happened outside the Java Virtual Machine in native code.
# See problematic frame for where to report the bug.
#

---------------  S U M M A R Y ------------

Command Line: -javaagent:C:\Users\luigu\AppData\Local\Programs\IntelliJ IDEA Ultimate\lib\idea_rt.jar=58050:C:\Users\luigu\AppData\Local\Programs\IntelliJ IDEA Ultimate\bin -Dfile.encoding=UTF-8 --module-path=C:\Users\luigu\.m2\repository\org\controlsfx\controlsfx\11.1.2\controlsfx-11.1.2.jar;C:\Users\luigu\.m2\repository\org\kordamp\bootstrapfx\bootstrapfx-core\0.4.0\bootstrapfx-core-0.4.0.jar;C:\Users\luigu\IdeaProjects\Joyeria_ProyectoMult\target\classes;C:\Users\luigu\.m2\repository\org\openjfx\javafx-fxml\17.0.6\javafx-fxml-17.0.6-win-x86.jar;C:\Users\luigu\.m2\repository\org\openjfx\javafx-base\17.0.6\javafx-base-17.0.6-win-x86.jar;C:\Users\luigu\.m2\repository\com\dlsc\formsfx\formsfx-core\11.6.0\formsfx-core-11.6.0.jar;C:\Users\luigu\.m2\repository\org\openjfx\javafx-graphics\17.0.6\javafx-graphics-17.0.6-win-x86.jar;C:\Users\luigu\.m2\repository\net\synedra\validatorfx\0.4.0\validatorfx-0.4.0.jar;C:\Users\luigu\.m2\repository\org\openjfx\javafx-controls\17.0.6\javafx-controls-17.0.6-win-x86.jar -Djdk.module.main=com.eduard034.joyeria_proyectomult com.eduard034.joyeria_proyectomult/com.eduard034.joyeria_proyectomult.JoyeriaApp

Host: 12th Gen Intel(R) Core(TM) i5-12450H, 12 cores, 7G,  Windows 11 , 64 bit Build 22621 (10.0.22621.3374)
Time: Tue Apr  9 21:12:55 2024 Hora estándar central (México) elapsed time: 160.893216 seconds (0d 0h 2m 40s)

---------------  T H R E A D  ---------------

Current thread (0x169be000):  JavaThread "JavaFX Application Thread" [_thread_in_native, id=22700, stack(0x19d60000,0x19db0000)]

Stack: [0x19d60000,0x19db0000],  sp=0x19dae3cc,  free space=312k
Native frames: (J=compiled Java code, A=aot compiled Java code, j=interpreted, Vv=VM code, C=native code)
C  [glass.dll+0x16c62]

Java frames: (J=compiled Java code, j=interpreted, Vv=VM code)
j  com.sun.glass.ui.win.WinWindow._close(J)Z+0 javafx.graphics
j  com.sun.glass.ui.Window.close()V+63 javafx.graphics
j  com.sun.glass.ui.win.WinWindow.close()V+8 javafx.graphics
j  com.sun.glass.ui.Application.terminate()V+75 javafx.graphics
j  com.sun.javafx.tk.quantum.QuantumToolkit.lambda$exit$13()Ljava/lang/Object;+5 javafx.graphics
j  com.sun.javafx.tk.quantum.QuantumToolkit$$Lambda$444.get()Ljava/lang/Object;+0 javafx.graphics
j  com.sun.javafx.tk.quantum.QuantumToolkit.runWithRenderLock(Ljava/util/function/Supplier;)Ljava/lang/Object;+7 javafx.graphics
j  com.sun.javafx.tk.quantum.QuantumToolkit.exit()V+26 javafx.graphics
j  com.sun.javafx.application.PlatformImpl.lambda$tkExit$16()V+3 javafx.graphics
j  com.sun.javafx.application.PlatformImpl$$Lambda$443.run()V+0 javafx.graphics
j  com.sun.javafx.application.PlatformImpl.lambda$runAndWait$12(Ljava/lang/Runnable;Ljava/util/concurrent/CountDownLatch;)V+1 javafx.graphics
j  com.sun.javafx.application.PlatformImpl$$Lambda$88.run()V+8 javafx.graphics
j  com.sun.javafx.application.PlatformImpl.lambda$runLater$10(Ljava/lang/Runnable;)Ljava/lang/Void;+1 javafx.graphics
j  com.sun.javafx.application.PlatformImpl$$Lambda$90.run()Ljava/lang/Object;+4 javafx.graphics
v  ~StubRoutines::call_stub
J 1216  java.security.AccessController.doPrivileged(Ljava/security/PrivilegedAction;Ljava/security/AccessControlContext;)Ljava/lang/Object; java.base@11.0.21 (0 bytes) @ 0x038f2287 [0x038f2220+0x00000067]
j  com.sun.javafx.application.PlatformImpl.lambda$runLater$11(Ljava/lang/Runnable;Ljava/security/AccessControlContext;)V+7 javafx.graphics
j  com.sun.javafx.application.PlatformImpl$$Lambda$89.run()V+8 javafx.graphics
J 1547 c1 com.sun.glass.ui.InvokeLaterDispatcher$Future.run()V javafx.graphics (91 bytes) @ 0x0394dd00 [0x0394dcd0+0x00000030]
v  ~StubRoutines::call_stub
j  com.sun.glass.ui.win.WinApplication._runLoop(Ljava/lang/Runnable;)V+0 javafx.graphics
j  com.sun.glass.ui.win.WinApplication.lambda$runLoop$3(ILjava/lang/Runnable;)V+8 javafx.graphics
j  com.sun.glass.ui.win.WinApplication$$Lambda$78.run()V+12 javafx.graphics
j  java.lang.Thread.run()V+11 java.base@11.0.21
v  ~StubRoutines::call_stub

siginfo: EXCEPTION_ACCESS_VIOLATION (0xc0000005), reading address 0x000000b8


Register to memory mapping:

EIP=0x60e86c62 glass.dll
EAX=0x0 is NULL
EBX=0x19dae600 is pointing into the stack for thread: 0x169be000
ECX=0x0 is NULL
EDX=0x0 is NULL
ESP=0x19dae3cc is pointing into the stack for thread: 0x169be000
EBP=0x19dae3f8 is pointing into the stack for thread: 0x169be000
ESI=0x00000401 is an unknown value
EDI=0x0 is NULL


Registers:
EAX=0x00000000, EBX=0x19dae600, ECX=0x00000000, EDX=0x00000000
ESP=0x19dae3cc, EBP=0x19dae3f8, ESI=0x00000401, EDI=0x00000000
EIP=0x60e86c62, EFLAGS=0x00010206

Top of Stack: (sp=0x19dae3cc)
0x19dae3cc:   19dae600 00000401 19dae600 60e78df8
0x19dae3dc:   66c7332a 1691d640 003f00ec 00000401
0x19dae3ec:   19dae52c 60e902b0 ffffffff 00000000
0x19dae3fc:   60e71755 00000401 19dae600 00000000
0x19dae40c:   00000401 003f00ec 19dae444 60e716f0
0x19dae41c:   762a3083 003f00ec 00000401 19dae600
0x19dae42c:   00000000 003f00ec dcbaabcd 60e716f0
0x19dae43c:   00000401 003f00ec 19dae53c 76293ec6 

Instructions: (pc=0x60e86c62)
0x60e86b62:   21 56 e8 47 42 00 00 ff 35 e8 03 ea 60 8b f0 ff
0x60e86b72:   77 68 56 e8 96 de fe ff 56 e8 a0 41 00 00 83 c4
0x60e86b82:   10 5e c7 05 a4 03 ea 60 00 00 00 00 5f c3 83 ec
0x60e86b92:   24 a1 ec e0 e9 60 33 c4 89 44 24 20 8b 44 24 28
0x60e86ba2:   53 89 44 24 04 8b d9 8b 44 24 30 89 44 24 08 8b
0x60e86bb2:   44 24 38 55 89 44 24 10 8b 44 24 38 56 89 83 84
0x60e86bc2:   00 00 00 8b 44 24 0c 89 5c 24 18 bb 00 00 00 80
0x60e86bd2:   8b eb 8b f3 57 8b fb 85 c0 79 29 8d 44 24 20 50
0x60e86be2:   e8 29 aa fe ff 83 c4 04 85 c0 8b 44 24 10 74 14
0x60e86bf2:   8b 74 24 28 8b 5c 24 20 2b f3 8b 7c 24 2c 8b 6c
0x60e86c02:   24 24 2b fd 6a 00 50 ff 74 24 1c 68 d8 23 e9 60
0x60e86c12:   57 56 8b 74 24 34 8b ce 55 53 ff 74 24 38 e8 db
0x60e86c22:   a7 fe ff 8b f8 8d 4e 14 57 e8 40 64 00 00 57 8d
0x60e86c32:   4e 14 e8 c7 64 00 00 8b 4c 24 30 8b c7 5f 5e 5d
0x60e86c42:   5b 33 cc e8 ae 7a 00 00 83 c4 24 c2 10 00 53 8b
0x60e86c52:   d9 56 57 ff 73 08 e8 93 a9 fe ff 8b f8 83 c4 04
0x60e86c62:   8b 87 b8 00 00 00 85 c0 75 03 8b 47 04 3b 05 a4
0x60e86c72:   03 ea 60 75 29 e8 34 41 00 00 ff 35 e8 03 ea 60
0x60e86c82:   8b f0 ff 77 68 56 e8 83 dd fe ff 56 e8 8d 40 00
0x60e86c92:   00 83 c4 10 c7 05 a4 03 ea 60 00 00 00 00 8d 4f
0x60e86ca2:   14 e8 b8 69 00 00 8d 4f 14 e8 e0 69 00 00 ff 73
0x60e86cb2:   08 ff 15 f8 fe e9 60 85 c0 5f 0f 95 c0 5e 88 43
0x60e86cc2:   04 5b c3 cc cc cc cc cc cc cc cc cc cc cc 55 8b
0x60e86cd2:   ec 6a ff 68 f7 11 e9 60 64 a1 00 00 00 00 50 83
0x60e86ce2:   ec 08 53 56 57 a1 ec e0 e9 60 33 c5 50 8d 45 f4
0x60e86cf2:   64 a3 00 00 00 00 8b f9 ff 77 18 ff 15 60 ff e9
0x60e86d02:   60 85 c0 75 13 0f 57 c0 66 0f 13 45 ec 8b 55 f0
0x60e86d12:   8b 45 ec e9 a7 00 00 00 68 dc 00 00 00 e8 96 79
0x60e86d22:   00 00 83 c4 04 89 45 f0 c7 45 fc 00 00 00 00 85
0x60e86d32:   c0 74 19 ff 77 18 8b c8 6a 01 6a 00 6a 00 6a 00
0x60e86d42:   ff 77 10 e8 a6 f9 ff ff 8b d8 eb 02 33 db ff 77
0x60e86d52:   18 8b cb c7 45 fc ff ff ff ff 6a 00 68 00 00 10 


Stack slot to memory mapping:
stack at sp + 0 slots: 0x19dae600 is pointing into the stack for thread: 0x169be000
stack at sp + 1 slots: 0x00000401 is an unknown value
stack at sp + 2 slots: 0x19dae600 is pointing into the stack for thread: 0x169be000
stack at sp + 3 slots: 0x60e78df8 glass.dll
stack at sp + 4 slots: 0x66c7332a is an unknown value
stack at sp + 5 slots: 0x1691d640 points into unknown readable memory: 0x60e9319c | 9c 31 e9 60
stack at sp + 6 slots: 0x003f00ec is an unknown value
stack at sp + 7 slots: 0x00000401 is an unknown value


---------------  P R O C E S S  ---------------

Threads class SMR info:
_java_thread_list=0x16f38b08, length=17, elements={
0x03631000, 0x036e5400, 0x036e6800, 0x03703800,
0x03705400, 0x03706000, 0x03708000, 0x159afc00,
0x15a36000, 0x15b7a800, 0x161d4c00, 0x169b3800,
0x169be000, 0x16b10000, 0x16afec00, 0x16b71c00,
0x16f38c00
}

Java Threads: ( => current thread )
  0x03631000 JavaThread "main" [_thread_blocked, id=18128, stack(0x02dc0000,0x02e10000)]
  0x036e5400 JavaThread "Reference Handler" daemon [_thread_blocked, id=21904, stack(0x05750000,0x057a0000)]
  0x036e6800 JavaThread "Finalizer" daemon [_thread_blocked, id=16548, stack(0x15800000,0x15850000)]
  0x03703800 JavaThread "Signal Dispatcher" daemon [_thread_blocked, id=10876, stack(0x15bc0000,0x15c10000)]
  0x03705400 JavaThread "Attach Listener" daemon [_thread_blocked, id=15284, stack(0x15c50000,0x15ca0000)]
  0x03706000 JavaThread "Service Thread" daemon [_thread_blocked, id=4116, stack(0x15ce0000,0x15d30000)]
  0x03708000 JavaThread "C1 CompilerThread0" daemon [_thread_blocked, id=17228, stack(0x15d70000,0x15dc0000)]
  0x159afc00 JavaThread "Sweeper thread" daemon [_thread_blocked, id=21012, stack(0x15e00000,0x15e50000)]
  0x15a36000 JavaThread "Common-Cleaner" daemon [_thread_blocked, id=17908, stack(0x15e90000,0x15ee0000)]
  0x15b7a800 JavaThread "Monitor Ctrl-Break" daemon [_thread_in_native, id=8320, stack(0x16330000,0x16380000)]
  0x161d4c00 JavaThread "QuantumRenderer-0" daemon [_thread_blocked, id=6708, stack(0x16650000,0x166a0000)]
  0x169b3800 JavaThread "InvokeLaterDispatcher" daemon [_thread_blocked, id=19656, stack(0x19bd0000,0x19c20000)]
=>0x169be000 JavaThread "JavaFX Application Thread" [_thread_in_native, id=22700, stack(0x19d60000,0x19db0000)]
  0x16b10000 JavaThread "JavaFX-Launcher" [_thread_blocked, id=18772, stack(0x1e370000,0x1e3c0000)]
  0x16afec00 JavaThread "Thread-2" daemon [_thread_in_native, id=24820, stack(0x1e2e0000,0x1e330000)]
  0x16b71c00 JavaThread "Prism Font Disposer" daemon [_thread_blocked, id=20308, stack(0x1f9a0000,0x1f9f0000)]
  0x16f38c00 JavaThread "Cleaner-0" daemon [_thread_blocked, id=17628, stack(0x22c50000,0x22ca0000)]

Other Threads:
  0x036e3800 VMThread "VM Thread" [stack: 0x035a0000,0x035f0000] [id=18440]
  0x15b7c800 WatcherThread [stack: 0x163c0000,0x16410000] [id=21292]

Threads with active compile tasks:

VM state:not at safepoint (normal execution)

VM Mutex/Monitor currently owned by a thread: None

Heap:
 def new generation   total 16640K, used 9951K [0x05800000, 0x06a00000, 0x0ad50000)
  eden space 14848K,  54% used [0x05800000, 0x05ff7d70, 0x06680000)
  from space 1792K, 100% used [0x06840000, 0x06a00000, 0x06a00000)
  to   space 1792K,   0% used [0x06680000, 0x06680000, 0x06840000)
 tenured generation   total 36728K, used 28276K [0x0ad50000, 0x0d12e000, 0x15800000)
   the space 36728K,  76% used [0x0ad50000, 0x0c8ed028, 0x0c8ed200, 0x0d12e000)
 Metaspace       used 14761K, capacity 15021K, committed 15360K, reserved 15744K

Card table byte_map: [0x03010000,0x030a0000] _byte_map_base: 0x02fe4000

Polling page: 0x01790000

Metaspace:

Usage:
   14.67 MB capacity,    14.42 MB ( 98%) used,   177.63 KB (  1%) free+waste,    81.80 KB ( <1%) overhead. 

Virtual space:
     15.38 MB reserved,      15.00 MB ( 98%) committed 

Chunk freelists:
219.00 KB

MaxMetaspaceSize: 4.00 GB
No class space
Initial GC threshold: 12.00 MB
Current GC threshold: 25.00 MB
CDS: off

CodeCache: size=32768Kb used=2892Kb max_used=2892Kb free=29875Kb
 bounds [0x03710000, 0x039e8000, 0x05710000]
 total_blobs=2481 nmethods=2055 adapters=358
 compilation: enabled
              stopped_count=0, restarted_count=0
 full_count=0

Compilation events (20 events):
Event: 160.762 Thread 0x03708000 2046             jdk.internal.org.objectweb.asm.MethodWriter::visitEnd (1 bytes)
Event: 160.762 Thread 0x03708000 nmethod 2046 0x039de808 code [0x039de910, 0x039de990]
Event: 160.762 Thread 0x03708000 2047             jdk.internal.org.objectweb.asm.MethodWriter::getSize (838 bytes)
Event: 160.764 Thread 0x03708000 nmethod 2047 0x039de9c8 code [0x039deca0, 0x039df724]
Event: 160.765 Thread 0x03708000 2048             java.lang.invoke.LambdaForm$Name::withConstraint (20 bytes)
Event: 160.765 Thread 0x03708000 nmethod 2048 0x039e0308 code [0x039e0420, 0x039e052c]
Event: 160.766 Thread 0x03708000 2049             jdk.internal.org.objectweb.asm.Frame::pop (53 bytes)
Event: 160.766 Thread 0x03708000 nmethod 2049 0x039e05c8 code [0x039e0730, 0x039e0938]
Event: 160.769 Thread 0x03708000 2050             jdk.internal.misc.VM::initLevel (4 bytes)
Event: 160.769 Thread 0x03708000 nmethod 2050 0x039e0b08 code [0x039e0c10, 0x039e0c90]
Event: 160.769 Thread 0x03708000 2051             jdk.internal.misc.VM::isModuleSystemInited (13 bytes)
Event: 160.769 Thread 0x03708000 nmethod 2051 0x039e0cc8 code [0x039e0dd0, 0x039e0e60]
Event: 160.770 Thread 0x03708000 2052             sun.nio.cs.UTF_8$Encoder::encodeArrayLoop (489 bytes)
Event: 160.771 Thread 0x03708000 nmethod 2052 0x039e0ec8 code [0x039e1250, 0x039e2004]
Event: 160.795 Thread 0x03708000 2053             java.nio.charset.CoderResult::isUnderflow (13 bytes)
Event: 160.795 Thread 0x03708000 nmethod 2053 0x039e2bc8 code [0x039e2cd0, 0x039e2d60]
Event: 160.822 Thread 0x03708000 2054             java.util.HashMap::clear (50 bytes)
Event: 160.822 Thread 0x03708000 nmethod 2054 0x039e2dc8 code [0x039e2ed0, 0x039e2fa0]
Event: 160.823 Thread 0x03708000 2055             java.nio.Buffer::limit (5 bytes)
Event: 160.823 Thread 0x03708000 nmethod 2055 0x039e3048 code [0x039e3150, 0x039e31d0]

GC Heap History (20 events):
Event: 0.593 GC heap before
{Heap before GC invocations=6 (full 0):
 def new generation   total 4928K, used 4928K [0x05800000, 0x05d50000, 0x0ad50000)
  eden space 4416K, 100% used [0x05800000, 0x05c50000, 0x05c50000)
  from space 512K, 100% used [0x05c50000, 0x05cd0000, 0x05cd0000)
  to   space 512K,   0% used [0x05cd0000, 0x05cd0000, 0x05d50000)
 tenured generation   total 10944K, used 2818K [0x0ad50000, 0x0b800000, 0x15800000)
   the space 10944K,  25% used [0x0ad50000, 0x0b0108a0, 0x0b010a00, 0x0b800000)
 Metaspace       used 10559K, capacity 10734K, committed 10752K, reserved 11648K
}
Event: 0.595 GC heap after
{Heap after GC invocations=7 (full 0):
 def new generation   total 4928K, used 512K [0x05800000, 0x05d50000, 0x0ad50000)
  eden space 4416K,   0% used [0x05800000, 0x05800000, 0x05c50000)
  from space 512K, 100% used [0x05cd0000, 0x05d50000, 0x05d50000)
  to   space 512K,   0% used [0x05c50000, 0x05c50000, 0x05cd0000)
 tenured generation   total 10944K, used 3743K [0x0ad50000, 0x0b800000, 0x15800000)
   the space 10944K,  34% used [0x0ad50000, 0x0b0f7c50, 0x0b0f7e00, 0x0b800000)
 Metaspace       used 10559K, capacity 10734K, committed 10752K, reserved 11648K
}
Event: 0.641 GC heap before
{Heap before GC invocations=7 (full 0):
 def new generation   total 4928K, used 4928K [0x05800000, 0x05d50000, 0x0ad50000)
  eden space 4416K, 100% used [0x05800000, 0x05c50000, 0x05c50000)
  from space 512K, 100% used [0x05cd0000, 0x05d50000, 0x05d50000)
  to   space 512K,   0% used [0x05c50000, 0x05c50000, 0x05cd0000)
 tenured generation   total 10944K, used 3743K [0x0ad50000, 0x0b800000, 0x15800000)
   the space 10944K,  34% used [0x0ad50000, 0x0b0f7c50, 0x0b0f7e00, 0x0b800000)
 Metaspace       used 11343K, capacity 11510K, committed 11520K, reserved 11648K
}
Event: 0.643 GC heap after
{Heap after GC invocations=8 (full 0):
 def new generation   total 4928K, used 512K [0x05800000, 0x05d50000, 0x0ad50000)
  eden space 4416K,   0% used [0x05800000, 0x05800000, 0x05c50000)
  from space 512K, 100% used [0x05c50000, 0x05cd0000, 0x05cd0000)
  to   space 512K,   0% used [0x05cd0000, 0x05cd0000, 0x05d50000)
 tenured generation   total 10944K, used 4245K [0x0ad50000, 0x0b800000, 0x15800000)
   the space 10944K,  38% used [0x0ad50000, 0x0b175608, 0x0b175800, 0x0b800000)
 Metaspace       used 11343K, capacity 11510K, committed 11520K, reserved 11648K
}
Event: 0.712 GC heap before
{Heap before GC invocations=8 (full 0):
 def new generation   total 4928K, used 4928K [0x05800000, 0x05d50000, 0x0ad50000)
  eden space 4416K, 100% used [0x05800000, 0x05c50000, 0x05c50000)
  from space 512K, 100% used [0x05c50000, 0x05cd0000, 0x05cd0000)
  to   space 512K,   0% used [0x05cd0000, 0x05cd0000, 0x05d50000)
 tenured generation   total 10944K, used 10476K [0x0ad50000, 0x0b800000, 0x15800000)
   the space 10944K,  95% used [0x0ad50000, 0x0b78b000, 0x0b78b000, 0x0b800000)
 Metaspace       used 11806K, capacity 12008K, committed 12032K, reserved 12672K
}
Event: 0.722 GC heap after
{Heap after GC invocations=9 (full 1):
 def new generation   total 8640K, used 421K [0x05800000, 0x06160000, 0x0ad50000)
  eden space 7680K,   5% used [0x05800000, 0x05869570, 0x05f80000)
  from space 960K,   0% used [0x05f80000, 0x05f80000, 0x06070000)
  to   space 960K,   0% used [0x06070000, 0x06070000, 0x06160000)
 tenured generation   total 19096K, used 11455K [0x0ad50000, 0x0bff6000, 0x15800000)
   the space 19096K,  59% used [0x0ad50000, 0x0b87fff0, 0x0b880000, 0x0bff6000)
 Metaspace       used 11806K, capacity 12008K, committed 12032K, reserved 12672K
}
Event: 0.829 GC heap before
{Heap before GC invocations=9 (full 1):
 def new generation   total 8640K, used 7680K [0x05800000, 0x06160000, 0x0ad50000)
  eden space 7680K, 100% used [0x05800000, 0x05f80000, 0x05f80000)
  from space 960K,   0% used [0x05f80000, 0x05f80000, 0x06070000)
  to   space 960K,   0% used [0x06070000, 0x06070000, 0x06160000)
 tenured generation   total 19096K, used 11455K [0x0ad50000, 0x0bff6000, 0x15800000)
   the space 19096K,  59% used [0x0ad50000, 0x0b87fff0, 0x0b880000, 0x0bff6000)
 Metaspace       used 12718K, capacity 12899K, committed 12928K, reserved 13696K
}
Event: 0.834 GC heap after
{Heap after GC invocations=10 (full 1):
 def new generation   total 8640K, used 960K [0x05800000, 0x06160000, 0x0ad50000)
  eden space 7680K,   0% used [0x05800000, 0x05800000, 0x05f80000)
  from space 960K, 100% used [0x06070000, 0x06160000, 0x06160000)
  to   space 960K,   0% used [0x05f80000, 0x05f80000, 0x06070000)
 tenured generation   total 19096K, used 11736K [0x0ad50000, 0x0bff6000, 0x15800000)
   the space 19096K,  61% used [0x0ad50000, 0x0b8c6040, 0x0b8c6200, 0x0bff6000)
 Metaspace       used 12718K, capacity 12899K, committed 12928K, reserved 13696K
}
Event: 0.907 GC heap before
{Heap before GC invocations=10 (full 1):
 def new generation   total 8640K, used 8640K [0x05800000, 0x06160000, 0x0ad50000)
  eden space 7680K, 100% used [0x05800000, 0x05f80000, 0x05f80000)
  from space 960K, 100% used [0x06070000, 0x06160000, 0x06160000)
  to   space 960K,   0% used [0x05f80000, 0x05f80000, 0x06070000)
 tenured generation   total 19096K, used 11736K [0x0ad50000, 0x0bff6000, 0x15800000)
   the space 19096K,  61% used [0x0ad50000, 0x0b8c6040, 0x0b8c6200, 0x0bff6000)
 Metaspace       used 13890K, capacity 14189K, committed 14208K, reserved 14720K
}
Event: 0.912 GC heap after
{Heap after GC invocations=11 (full 1):
 def new generation   total 8640K, used 557K [0x05800000, 0x06160000, 0x0ad50000)
  eden space 7680K,   0% used [0x05800000, 0x05800000, 0x05f80000)
  from space 960K,  58% used [0x05f80000, 0x0600b6c8, 0x06070000)
  to   space 960K,   0% used [0x06070000, 0x06070000, 0x06160000)
 tenured generation   total 19096K, used 12688K [0x0ad50000, 0x0bff6000, 0x15800000)
   the space 19096K,  66% used [0x0ad50000, 0x0b9b42f0, 0x0b9b4400, 0x0bff6000)
 Metaspace       used 13890K, capacity 14189K, committed 14208K, reserved 14720K
}
Event: 10.053 GC heap before
{Heap before GC invocations=11 (full 1):
 def new generation   total 8640K, used 8237K [0x05800000, 0x06160000, 0x0ad50000)
  eden space 7680K, 100% used [0x05800000, 0x05f80000, 0x05f80000)
  from space 960K,  58% used [0x05f80000, 0x0600b6c8, 0x06070000)
  to   space 960K,   0% used [0x06070000, 0x06070000, 0x06160000)
 tenured generation   total 19096K, used 12688K [0x0ad50000, 0x0bff6000, 0x15800000)
   the space 19096K,  66% used [0x0ad50000, 0x0b9b42f0, 0x0b9b4400, 0x0bff6000)
 Metaspace       used 14762K, capacity 15070K, committed 15104K, reserved 15744K
}
Event: 10.056 GC heap after
{Heap after GC invocations=12 (full 1):
 def new generation   total 8640K, used 699K [0x05800000, 0x06160000, 0x0ad50000)
  eden space 7680K,   0% used [0x05800000, 0x05800000, 0x05f80000)
  from space 960K,  72% used [0x06070000, 0x0611ecd0, 0x06160000)
  to   space 960K,   0% used [0x05f80000, 0x05f80000, 0x06070000)
 tenured generation   total 19096K, used 14256K [0x0ad50000, 0x0bff6000, 0x15800000)
   the space 19096K,  74% used [0x0ad50000, 0x0bb3c088, 0x0bb3c200, 0x0bff6000)
 Metaspace       used 14762K, capacity 15070K, committed 15104K, reserved 15744K
}
Event: 106.597 GC heap before
{Heap before GC invocations=12 (full 1):
 def new generation   total 8640K, used 8379K [0x05800000, 0x06160000, 0x0ad50000)
  eden space 7680K, 100% used [0x05800000, 0x05f80000, 0x05f80000)
  from space 960K,  72% used [0x06070000, 0x0611ecd0, 0x06160000)
  to   space 960K,   0% used [0x05f80000, 0x05f80000, 0x06070000)
 tenured generation   total 19096K, used 14256K [0x0ad50000, 0x0bff6000, 0x15800000)
   the space 19096K,  74% used [0x0ad50000, 0x0bb3c088, 0x0bb3c200, 0x0bff6000)
 Metaspace       used 14765K, capacity 15070K, committed 15104K, reserved 15744K
}
Event: 106.598 GC heap after
{Heap after GC invocations=13 (full 1):
 def new generation   total 8640K, used 38K [0x05800000, 0x06160000, 0x0ad50000)
  eden space 7680K,   0% used [0x05800000, 0x05800000, 0x05f80000)
  from space 960K,   3% used [0x05f80000, 0x05f89848, 0x06070000)
  to   space 960K,   0% used [0x06070000, 0x06070000, 0x06160000)
 tenured generation   total 19096K, used 14947K [0x0ad50000, 0x0bff6000, 0x15800000)
   the space 19096K,  78% used [0x0ad50000, 0x0bbe8c08, 0x0bbe8e00, 0x0bff6000)
 Metaspace       used 14765K, capacity 15070K, committed 15104K, reserved 15744K
}
Event: 152.345 GC heap before
{Heap before GC invocations=13 (full 1):
 def new generation   total 8640K, used 6436K [0x05800000, 0x06160000, 0x0ad50000)
  eden space 7680K,  83% used [0x05800000, 0x05e3fa60, 0x05f80000)
  from space 960K,   3% used [0x05f80000, 0x05f89848, 0x06070000)
  to   space 960K,   0% used [0x06070000, 0x06070000, 0x06160000)
 tenured generation   total 19096K, used 14947K [0x0ad50000, 0x0bff6000, 0x15800000)
   the space 19096K,  78% used [0x0ad50000, 0x0bbe8c08, 0x0bbe8e00, 0x0bff6000)
 Metaspace       used 14929K, capacity 15238K, committed 15360K, reserved 15744K
}
Event: 152.346 GC heap after
{Heap after GC invocations=14 (full 1):
 def new generation   total 8640K, used 573K [0x05800000, 0x06160000, 0x0ad50000)
  eden space 7680K,   0% used [0x05800000, 0x05800000, 0x05f80000)
  from space 960K,  59% used [0x06070000, 0x060ff718, 0x06160000)
  to   space 960K,   0% used [0x05f80000, 0x05f80000, 0x06070000)
 tenured generation   total 19096K, used 14947K [0x0ad50000, 0x0bff6000, 0x15800000)
   the space 19096K,  78% used [0x0ad50000, 0x0bbe8c08, 0x0bbe8e00, 0x0bff6000)
 Metaspace       used 14929K, capacity 15238K, committed 15360K, reserved 15744K
}
Event: 153.569 GC heap before
{Heap before GC invocations=14 (full 1):
 def new generation   total 8640K, used 8253K [0x05800000, 0x06160000, 0x0ad50000)
  eden space 7680K, 100% used [0x05800000, 0x05f80000, 0x05f80000)
  from space 960K,  59% used [0x06070000, 0x060ff718, 0x06160000)
  to   space 960K,   0% used [0x05f80000, 0x05f80000, 0x06070000)
 tenured generation   total 19096K, used 14947K [0x0ad50000, 0x0bff6000, 0x15800000)
   the space 19096K,  78% used [0x0ad50000, 0x0bbe8c08, 0x0bbe8e00, 0x0bff6000)
 Metaspace       used 14929K, capacity 15238K, committed 15360K, reserved 15744K
}
Event: 153.585 GC heap after
{Heap after GC invocations=15 (full 2):
 def new generation   total 16640K, used 0K [0x05800000, 0x06a00000, 0x0ad50000)
  eden space 14848K,   0% used [0x05800000, 0x05800000, 0x06680000)
  from space 1792K,   0% used [0x06680000, 0x06680000, 0x06840000)
  to   space 1792K,   0% used [0x06840000, 0x06840000, 0x06a00000)
 tenured generation   total 36728K, used 22035K [0x0ad50000, 0x0d12e000, 0x15800000)
   the space 36728K,  59% used [0x0ad50000, 0x0c2d4d10, 0x0c2d4e00, 0x0d12e000)
 Metaspace       used 14700K, capacity 14957K, committed 15360K, reserved 15744K
}
Event: 159.866 GC heap before
{Heap before GC invocations=15 (full 2):
 def new generation   total 16640K, used 11562K [0x05800000, 0x06a00000, 0x0ad50000)
  eden space 14848K,  77% used [0x05800000, 0x0634a8c0, 0x06680000)
  from space 1792K,   0% used [0x06680000, 0x06680000, 0x06840000)
  to   space 1792K,   0% used [0x06840000, 0x06840000, 0x06a00000)
 tenured generation   total 36728K, used 22035K [0x0ad50000, 0x0d12e000, 0x15800000)
   the space 36728K,  59% used [0x0ad50000, 0x0c2d4d10, 0x0c2d4e00, 0x0d12e000)
 Metaspace       used 14726K, capacity 14986K, committed 15360K, reserved 15744K
}
Event: 159.870 GC heap after
{Heap after GC invocations=16 (full 2):
 def new generation   total 16640K, used 1792K [0x05800000, 0x06a00000, 0x0ad50000)
  eden space 14848K,   0% used [0x05800000, 0x05800000, 0x06680000)
  from space 1792K, 100% used [0x06840000, 0x06a00000, 0x06a00000)
  to   space 1792K,   0% used [0x06680000, 0x06680000, 0x06840000)
 tenured generation   total 36728K, used 28276K [0x0ad50000, 0x0d12e000, 0x15800000)
   the space 36728K,  76% used [0x0ad50000, 0x0c8ed028, 0x0c8ed200, 0x0d12e000)
 Metaspace       used 14726K, capacity 14986K, committed 15360K, reserved 15744K
}

Deoptimization events (10 events):
Event: 0.806 Thread 0x169be000 DEOPT PACKING pc=0x0383ea0f sp=0x19dadcc0
Event: 0.806 Thread 0x169be000 DEOPT UNPACKING pc=0x0374c187 sp=0x19dadbe0 mode 3
Event: 0.809 Thread 0x169be000 DEOPT PACKING pc=0x0386e931 sp=0x19dade40
Event: 0.809 Thread 0x169be000 DEOPT UNPACKING pc=0x0374c187 sp=0x19dadd64 mode 3
Event: 0.905 Thread 0x169be000 DEOPT PACKING pc=0x038b1f4c sp=0x19dade30
Event: 0.905 Thread 0x169be000 DEOPT UNPACKING pc=0x0374c187 sp=0x19dadce0 mode 3
Event: 9.461 Thread 0x161d4c00 DEOPT PACKING pc=0x038fe43d sp=0x1669ea30
Event: 9.461 Thread 0x161d4c00 DEOPT UNPACKING pc=0x0374c187 sp=0x1669e95c mode 3
Event: 158.917 Thread 0x169be000 DEOPT PACKING pc=0x039c1ab9 sp=0x19da6f80
Event: 158.917 Thread 0x169be000 DEOPT UNPACKING pc=0x0374c187 sp=0x19da6e24 mode 3

Classes redefined (0 events):
No events

Internal exceptions (20 events):
Event: 0.870 Thread 0x169be000 Exception <a 'java/lang/NoSuchMethodError'{0x05b7a9b8}: 'void java.lang.invoke.DirectMethodHandle$Holder.invokeSpecial(java.lang.Object, java.lang.Object, java.lang.Object, java.lang.Object, java.lang.Object, java.lang.Object)'> (0x05b7a9b8) thrown at [s\src\hotspot\share\interpreter\linkResolver.cpp, line 773]
Event: 0.886 Thread 0x169be000 Exception <a 'java/lang/NoSuchMethodError'{0x05dd5cc0}: 'java.lang.Object java.lang.invoke.DirectMethodHandle$Holder.invokeInterface(java.lang.Object, java.lang.Object, java.lang.Object)'> (0x05dd5cc0) thrown at [s\src\hotspot\share\interpreter\linkResolver.cpp, line 773]
Event: 0.886 Thread 0x169be000 Exception <a 'java/lang/IncompatibleClassChangeError'{0x05dd8a80}: Found class java.lang.Object, but interface was expected> (0x05dd8a80) thrown at [s\src\hotspot\share\interpreter\linkResolver.cpp, line 839]
Event: 0.934 Thread 0x161d4c00 Exception <a 'java/lang/NoSuchMethodError'{0x058df678}: 'int java.lang.invoke.DirectMethodHandle$Holder.invokeStaticInit(java.lang.Object, java.lang.Object)'> (0x058df678) thrown at [s\src\hotspot\share\interpreter\linkResolver.cpp, line 773]
Event: 0.939 Thread 0x169be000 Exception <a 'java/lang/NoSuchMethodError'{0x05935198}: 'long java.lang.invoke.DirectMethodHandle$Holder.invokeStaticInit(java.lang.Object, java.lang.Object, java.lang.Object)'> (0x05935198) thrown at [s\src\hotspot\share\interpreter\linkResolver.cpp, line 773]
Event: 0.941 Thread 0x169be000 Exception <a 'java/lang/NoSuchMethodError'{0x0596cc38}: 'java.lang.Object java.lang.invoke.DirectMethodHandle$Holder.invokeStatic(java.lang.Object, java.lang.Object, long)'> (0x0596cc38) thrown at [s\src\hotspot\share\interpreter\linkResolver.cpp, line 773]
Event: 0.941 Thread 0x169be000 Exception <a 'java/lang/NoSuchMethodError'{0x05972688}: 'java.lang.Object java.lang.invoke.Invokers$Holder.linkToTargetMethod(java.lang.Object, long, java.lang.Object)'> (0x05972688) thrown at [s\src\hotspot\share\interpreter\linkResolver.cpp, line 773]
Event: 151.102 Thread 0x169be000 Exception <a 'java/io/FileNotFoundException'{0x05bc88e8}> (0x05bc88e8) thrown at [s\src\hotspot\share\prims\jni.cpp, line 617]
Event: 151.122 Thread 0x169be000 Exception <a 'java/io/FileNotFoundException'{0x05c19ff0}> (0x05c19ff0) thrown at [s\src\hotspot\share\prims\jni.cpp, line 617]
Event: 152.267 Thread 0x169be000 Exception <a 'java/lang/NoSuchMethodError'{0x05dea4f0}: 'java.lang.Object java.lang.invoke.DirectMethodHandle$Holder.invokeStatic(java.lang.Object, java.lang.Object, int, int, int, int, int, java.lang.Object)'> (0x05dea4f0) thrown at [s\src\hotspot\share\interpreter\linkResolver.cpp, line 773]
Event: 152.270 Thread 0x169be000 Exception <a 'java/lang/NoSuchMethodError'{0x05dfa0f8}: 'java.lang.Object java.lang.invoke.DirectMethodHandle$Holder.invokeStatic(java.lang.Object, java.lang.Object, java.lang.Object, int, int, int, int, int)'> (0x05dfa0f8) thrown at [s\src\hotspot\share\interpreter\linkResolver.cpp, line 773]
Event: 152.270 Thread 0x169be000 Exception <a 'java/lang/NoSuchMethodError'{0x05e00628}: 'java.lang.Object java.lang.invoke.Invokers$Holder.linkToTargetMethod(java.lang.Object, java.lang.Object, int, int, int, int, int, java.lang.Object)'> (0x05e00628) thrown at [s\src\hotspot\share\interpreter\linkResolver.cpp, line 773]
Event: 153.783 Thread 0x169be000 Exception <a 'sun/nio/fs/WindowsException'{0x05813a40}> (0x05813a40) thrown at [s\src\hotspot\share\prims\jni.cpp, line 617]
Event: 158.917 Thread 0x169be000 Implicit null exception at 0x039c183f to 0x039c1ab4
Event: 160.766 Thread 0x169be000 Exception <a 'java/lang/IllegalArgumentException'{0x05f3c378}> (0x05f3c378) thrown at [s\src\hotspot\share\prims\jvm.cpp, line 1310]
Event: 160.794 Thread 0x169be000 Exception <a 'java/lang/IllegalArgumentException'{0x05f7e930}> (0x05f7e930) thrown at [s\src\hotspot\share\prims\jvm.cpp, line 1310]
Event: 160.809 Thread 0x169be000 Exception <a 'java/lang/IllegalArgumentException'{0x05f8a2f8}> (0x05f8a2f8) thrown at [s\src\hotspot\share\prims\jvm.cpp, line 1310]
Event: 160.822 Thread 0x169be000 Exception <a 'java/lang/IllegalArgumentException'{0x05f95cc0}> (0x05f95cc0) thrown at [s\src\hotspot\share\prims\jvm.cpp, line 1310]
Event: 160.848 Thread 0x169be000 Exception <a 'java/lang/IllegalArgumentException'{0x05fa1680}> (0x05fa1680) thrown at [s\src\hotspot\share\prims\jvm.cpp, line 1310]
Event: 160.865 Thread 0x169be000 Exception <a 'java/lang/IllegalArgumentException'{0x05fad030}> (0x05fad030) thrown at [s\src\hotspot\share\prims\jvm.cpp, line 1310]

Events (20 events):
Event: 160.725 loading class javafx/application/Application
Event: 160.725 loading class javafx/application/Application done
Event: 160.725 loading class javafx/application/Application
Event: 160.725 loading class javafx/application/Application done
Event: 160.761 loading class com/sun/javafx/tk/quantum/GlassScene
Event: 160.761 loading class com/sun/javafx/tk/quantum/GlassScene done
Event: 160.761 loading class com/sun/javafx/tk/quantum/WindowStage
Event: 160.761 loading class com/sun/javafx/tk/quantum/WindowStage done
Event: 160.762 loading class com/sun/prism/GraphicsResource
Event: 160.762 loading class com/sun/prism/GraphicsResource done
Event: 160.762 loading class com/sun/prism/GraphicsResource
Event: 160.762 loading class com/sun/prism/GraphicsResource done
Event: 160.762 loading class com/sun/javafx/tk/quantum/ViewScene
Event: 160.762 loading class com/sun/javafx/tk/quantum/ViewScene done
Event: 160.764 loading class com/sun/javafx/tk/quantum/WindowStage
Event: 160.764 loading class com/sun/javafx/tk/quantum/WindowStage done
Event: 160.767 loading class java/lang/Throwable$WrappedPrintStream
Event: 160.768 loading class java/lang/Throwable$PrintStreamOrWriter
Event: 160.768 loading class java/lang/Throwable$PrintStreamOrWriter done
Event: 160.768 loading class java/lang/Throwable$WrappedPrintStream done


Dynamic libraries:
0x00ca0000 - 0x00cac000 	C:\Program Files (x86)\Eclipse Adoptium\jdk-11.0.21.9-hotspot\bin\java.exe
0x77910000 - 0x77ac1000 	C:\WINDOWS\SYSTEM32\ntdll.dll
0x76580000 - 0x76670000 	C:\WINDOWS\System32\KERNEL32.DLL
0x75b20000 - 0x75d94000 	C:\WINDOWS\System32\KERNELBASE.dll
0x6dbe0000 - 0x6dc86000 	C:\WINDOWS\SYSTEM32\apphelp.dll
0x75f00000 - 0x76012000 	C:\WINDOWS\System32\ucrtbase.dll
0x6bb20000 - 0x6bb35000 	C:\Program Files (x86)\Eclipse Adoptium\jdk-11.0.21.9-hotspot\bin\jli.dll
0x6bb40000 - 0x6bb53000 	C:\Program Files (x86)\Eclipse Adoptium\jdk-11.0.21.9-hotspot\bin\VCRUNTIME140.dll
0x76270000 - 0x76419000 	C:\WINDOWS\System32\USER32.dll
0x75ee0000 - 0x75efa000 	C:\WINDOWS\System32\win32u.dll
0x772d0000 - 0x772f3000 	C:\WINDOWS\System32\GDI32.dll
0x6d6b0000 - 0x6d8d8000 	C:\WINDOWS\WinSxS\x86_microsoft.windows.common-controls_6595b64144ccf1df_6.0.22621.3235_none_6ebcabb88802389e\COMCTL32.dll
0x75a30000 - 0x75b12000 	C:\WINDOWS\System32\gdi32full.dll
0x776a0000 - 0x77764000 	C:\WINDOWS\System32\msvcrt.dll
0x761c0000 - 0x76239000 	C:\WINDOWS\System32\msvcp_win.dll
0x76240000 - 0x76265000 	C:\WINDOWS\System32\IMM32.DLL
0x6bab0000 - 0x6bb1f000 	C:\Program Files (x86)\Eclipse Adoptium\jdk-11.0.21.9-hotspot\bin\msvcp140.dll
0x656e0000 - 0x65bbb000 	C:\Program Files (x86)\Eclipse Adoptium\jdk-11.0.21.9-hotspot\bin\client\jvm.dll
0x75da0000 - 0x75e1f000 	C:\WINDOWS\System32\ADVAPI32.dll
0x77870000 - 0x778f5000 	C:\WINDOWS\System32\sechost.dll
0x75ec0000 - 0x75eda000 	C:\WINDOWS\System32\bcrypt.dll
0x76100000 - 0x761ba000 	C:\WINDOWS\System32\RPCRT4.dll
0x77260000 - 0x77266000 	C:\WINDOWS\System32\PSAPI.DLL
0x75450000 - 0x75458000 	C:\WINDOWS\SYSTEM32\VERSION.dll
0x73250000 - 0x73258000 	C:\WINDOWS\SYSTEM32\WSOCK32.dll
0x74690000 - 0x746c1000 	C:\WINDOWS\SYSTEM32\WINMM.dll
0x77540000 - 0x7759f000 	C:\WINDOWS\System32\WS2_32.dll
0x75460000 - 0x75473000 	C:\WINDOWS\SYSTEM32\kernel.appcore.dll
0x746d0000 - 0x746dd000 	C:\Program Files (x86)\Eclipse Adoptium\jdk-11.0.21.9-hotspot\bin\verify.dll
0x65c30000 - 0x65e06000 	C:\WINDOWS\SYSTEM32\DBGHELP.DLL
0x75640000 - 0x758bc000 	C:\WINDOWS\System32\combase.dll
0x75e20000 - 0x75ebc000 	C:\WINDOWS\System32\OLEAUT32.dll
0x6ba80000 - 0x6baa9000 	C:\WINDOWS\SYSTEM32\dbgcore.DLL
0x755d0000 - 0x75632000 	C:\WINDOWS\System32\bcryptPrimitives.dll
0x6ba50000 - 0x6ba72000 	C:\Program Files (x86)\Eclipse Adoptium\jdk-11.0.21.9-hotspot\bin\java.dll
0x6dc90000 - 0x6dc99000 	C:\Program Files (x86)\Eclipse Adoptium\jdk-11.0.21.9-hotspot\bin\jimage.dll
0x6d970000 - 0x6d97d000 	C:\Program Files (x86)\Eclipse Adoptium\jdk-11.0.21.9-hotspot\bin\instrument.dll
0x6ba30000 - 0x6ba46000 	C:\Program Files (x86)\Eclipse Adoptium\jdk-11.0.21.9-hotspot\bin\zip.dll
0x76670000 - 0x76d09000 	C:\WINDOWS\System32\SHELL32.dll
0x71630000 - 0x71d1f000 	C:\WINDOWS\SYSTEM32\windows.storage.dll
0x70b40000 - 0x70c07000 	C:\WINDOWS\SYSTEM32\wintypes.dll
0x77300000 - 0x773c1000 	C:\WINDOWS\System32\SHCORE.dll
0x76020000 - 0x7606b000 	C:\WINDOWS\System32\shlwapi.dll
0x70b20000 - 0x70b39000 	C:\WINDOWS\SYSTEM32\profapi.dll
0x6ba10000 - 0x6ba24000 	C:\Program Files (x86)\Eclipse Adoptium\jdk-11.0.21.9-hotspot\bin\net.dll
0x74900000 - 0x749dc000 	C:\WINDOWS\SYSTEM32\WINHTTP.dll
0x6f900000 - 0x6f951000 	C:\WINDOWS\system32\mswsock.dll
0x6c920000 - 0x6c92f000 	C:\Program Files (x86)\Eclipse Adoptium\jdk-11.0.21.9-hotspot\bin\nio.dll
0x66280000 - 0x66296000 	C:\Users\luigu\AppData\Local\Programs\IntelliJ IDEA Ultimate\bin\breakgen.dll
0x6bbf0000 - 0x6bbf3000 	C:\Users\luigu\.openjfx\cache\17.0.6\api-ms-win-core-console-l1-1-0.dll
0x6b880000 - 0x6b883000 	C:\Users\luigu\.openjfx\cache\17.0.6\api-ms-win-core-console-l1-2-0.dll
0x66270000 - 0x66273000 	C:\Users\luigu\.openjfx\cache\17.0.6\api-ms-win-core-datetime-l1-1-0.dll
0x66260000 - 0x66263000 	C:\Users\luigu\.openjfx\cache\17.0.6\api-ms-win-core-debug-l1-1-0.dll
0x65c20000 - 0x65c23000 	C:\Users\luigu\.openjfx\cache\17.0.6\api-ms-win-core-errorhandling-l1-1-0.dll
0x65c10000 - 0x65c14000 	C:\Users\luigu\.openjfx\cache\17.0.6\api-ms-win-core-file-l1-1-0.dll
0x65c00000 - 0x65c03000 	C:\Users\luigu\.openjfx\cache\17.0.6\api-ms-win-core-file-l1-2-0.dll
0x65bf0000 - 0x65bf3000 	C:\Users\luigu\.openjfx\cache\17.0.6\api-ms-win-core-file-l2-1-0.dll
0x656d0000 - 0x656d3000 	C:\Users\luigu\.openjfx\cache\17.0.6\api-ms-win-core-handle-l1-1-0.dll
0x656b0000 - 0x656b3000 	C:\Users\luigu\.openjfx\cache\17.0.6\api-ms-win-core-heap-l1-1-0.dll
0x656a0000 - 0x656a3000 	C:\Users\luigu\.openjfx\cache\17.0.6\api-ms-win-core-interlocked-l1-1-0.dll
0x65690000 - 0x65693000 	C:\Users\luigu\.openjfx\cache\17.0.6\api-ms-win-core-libraryloader-l1-1-0.dll
0x65680000 - 0x65683000 	C:\Users\luigu\.openjfx\cache\17.0.6\api-ms-win-core-localization-l1-2-0.dll
0x65670000 - 0x65673000 	C:\Users\luigu\.openjfx\cache\17.0.6\api-ms-win-core-memory-l1-1-0.dll
0x65660000 - 0x65663000 	C:\Users\luigu\.openjfx\cache\17.0.6\api-ms-win-core-namedpipe-l1-1-0.dll
0x65650000 - 0x65653000 	C:\Users\luigu\.openjfx\cache\17.0.6\api-ms-win-core-processenvironment-l1-1-0.dll
0x65640000 - 0x65643000 	C:\Users\luigu\.openjfx\cache\17.0.6\api-ms-win-core-processthreads-l1-1-0.dll
0x65630000 - 0x65633000 	C:\Users\luigu\.openjfx\cache\17.0.6\api-ms-win-core-processthreads-l1-1-1.dll
0x65620000 - 0x65623000 	C:\Users\luigu\.openjfx\cache\17.0.6\api-ms-win-core-profile-l1-1-0.dll
0x65610000 - 0x65613000 	C:\Users\luigu\.openjfx\cache\17.0.6\api-ms-win-core-rtlsupport-l1-1-0.dll
0x65600000 - 0x65603000 	C:\Users\luigu\.openjfx\cache\17.0.6\api-ms-win-core-string-l1-1-0.dll
0x655f0000 - 0x655f3000 	C:\Users\luigu\.openjfx\cache\17.0.6\api-ms-win-core-synch-l1-1-0.dll
0x655e0000 - 0x655e3000 	C:\Users\luigu\.openjfx\cache\17.0.6\api-ms-win-core-synch-l1-2-0.dll
0x655d0000 - 0x655d3000 	C:\Users\luigu\.openjfx\cache\17.0.6\api-ms-win-core-sysinfo-l1-1-0.dll
0x655c0000 - 0x655c3000 	C:\Users\luigu\.openjfx\cache\17.0.6\api-ms-win-core-timezone-l1-1-0.dll
0x655b0000 - 0x655b3000 	C:\Users\luigu\.openjfx\cache\17.0.6\api-ms-win-core-util-l1-1-0.dll
0x655a0000 - 0x655a3000 	C:\Users\luigu\.openjfx\cache\17.0.6\api-ms-win-crt-conio-l1-1-0.dll
0x65590000 - 0x65594000 	C:\Users\luigu\.openjfx\cache\17.0.6\api-ms-win-crt-convert-l1-1-0.dll
0x65580000 - 0x65583000 	C:\Users\luigu\.openjfx\cache\17.0.6\api-ms-win-crt-environment-l1-1-0.dll
0x65570000 - 0x65573000 	C:\Users\luigu\.openjfx\cache\17.0.6\api-ms-win-crt-filesystem-l1-1-0.dll
0x65560000 - 0x65563000 	C:\Users\luigu\.openjfx\cache\17.0.6\api-ms-win-crt-heap-l1-1-0.dll
0x65550000 - 0x65553000 	C:\Users\luigu\.openjfx\cache\17.0.6\api-ms-win-crt-locale-l1-1-0.dll
0x65540000 - 0x65545000 	C:\Users\luigu\.openjfx\cache\17.0.6\api-ms-win-crt-math-l1-1-0.dll
0x65530000 - 0x65535000 	C:\Users\luigu\.openjfx\cache\17.0.6\api-ms-win-crt-multibyte-l1-1-0.dll
0x65520000 - 0x65530000 	C:\Users\luigu\.openjfx\cache\17.0.6\api-ms-win-crt-private-l1-1-0.dll
0x65510000 - 0x65513000 	C:\Users\luigu\.openjfx\cache\17.0.6\api-ms-win-crt-process-l1-1-0.dll
0x65500000 - 0x65504000 	C:\Users\luigu\.openjfx\cache\17.0.6\api-ms-win-crt-runtime-l1-1-0.dll
0x654f0000 - 0x654f4000 	C:\Users\luigu\.openjfx\cache\17.0.6\api-ms-win-crt-stdio-l1-1-0.dll
0x654e0000 - 0x654e4000 	C:\Users\luigu\.openjfx\cache\17.0.6\api-ms-win-crt-string-l1-1-0.dll
0x654d0000 - 0x654d3000 	C:\Users\luigu\.openjfx\cache\17.0.6\api-ms-win-crt-time-l1-1-0.dll
0x654c0000 - 0x654c3000 	C:\Users\luigu\.openjfx\cache\17.0.6\api-ms-win-crt-utility-l1-1-0.dll
0x65390000 - 0x654b3000 	C:\Users\luigu\.openjfx\cache\17.0.6\ucrtbase.dll
0x65370000 - 0x65384000 	C:\Users\luigu\.openjfx\cache\17.0.6\vcruntime140.dll
0x65300000 - 0x6536d000 	C:\Users\luigu\.openjfx\cache\17.0.6\msvcp140.dll
0x652f0000 - 0x652f7000 	C:\Users\luigu\.openjfx\cache\17.0.6\msvcp140_1.dll
0x652c0000 - 0x652e9000 	C:\Users\luigu\.openjfx\cache\17.0.6\msvcp140_2.dll
0x65290000 - 0x652b6000 	C:\Users\luigu\.openjfx\cache\17.0.6\prism_d3d.dll
0x65110000 - 0x65281000 	C:\WINDOWS\system32\d3d9.dll
0x6cca0000 - 0x6ccc4000 	C:\WINDOWS\SYSTEM32\dwmapi.dll
0x6dcd0000 - 0x6dcfe000 	C:\WINDOWS\SYSTEM32\dxcore.dll
0x6edb0000 - 0x6ee2f000 	C:\WINDOWS\system32\uxtheme.dll
0x65080000 - 0x65110000 	C:\WINDOWS\SYSTEM32\d3d9on12.dll
0x65060000 - 0x6507d000 	C:\WINDOWS\SYSTEM32\d3d12.dll
0x6d280000 - 0x6d34a000 	C:\WINDOWS\SYSTEM32\dxgi.dll
0x73b20000 - 0x73b5d000 	C:\WINDOWS\SYSTEM32\cfgmgr32.dll
0x64eb0000 - 0x65060000 	C:\WINDOWS\SYSTEM32\D3D12Core.dll
0x64e90000 - 0x64ead000 	C:\WINDOWS\System32\DriverStore\FileRepository\iigd_dch.inf_amd64_3c65364e14984512\igd12umd32.dll
0x64260000 - 0x64e8a000 	C:\WINDOWS\System32\DriverStore\FileRepository\iigd_dch.inf_amd64_3c65364e14984512\igd12um32xel.dll
0x76d10000 - 0x76e13000 	C:\WINDOWS\System32\CRYPT32.dll
0x76420000 - 0x76575000 	C:\WINDOWS\System32\ole32.dll
0x64220000 - 0x64255000 	C:\WINDOWS\SYSTEM32\ControlLib32.dll
0x76e20000 - 0x7725d000 	C:\WINDOWS\System32\SETUPAPI.dll
0x6f2b0000 - 0x6f2d4000 	C:\WINDOWS\SYSTEM32\DEVOBJ.dll
0x641a0000 - 0x64212000 	C:\WINDOWS\System32\DriverStore\FileRepository\iigd_dch.inf_amd64_3c65364e14984512\IntelControlLib32.dll
0x75570000 - 0x755c7000 	C:\WINDOWS\System32\WINTRUST.dll
0x6f2a0000 - 0x6f2ae000 	C:\WINDOWS\SYSTEM32\MSASN1.dll
0x6bbb0000 - 0x6bbec000 	C:\WINDOWS\SYSTEM32\directxdatabasehelper.dll
0x63e40000 - 0x6416f000 	C:\WINDOWS\System32\DriverStore\FileRepository\iigd_dch.inf_amd64_3c65364e14984512\igdgmm32.dll
0x681f0000 - 0x6b875000 	C:\WINDOWS\System32\DriverStore\FileRepository\iigd_dch.inf_amd64_3c65364e14984512\igc32.dll
0x64170000 - 0x64191000 	C:\WINDOWS\SYSTEM32\D3DSCache.dll
0x74a60000 - 0x74a7f000 	C:\WINDOWS\SYSTEM32\USERENV.dll
0x62bc0000 - 0x63e3b000 	C:\WINDOWS\System32\DriverStore\FileRepository\iigd_dch.inf_amd64_3c65364e14984512\igd12dxva32.dll
0x60ed0000 - 0x62bc0000 	C:\WINDOWS\System32\DriverStore\FileRepository\iigd_dch.inf_amd64_3c65364e14984512\media_bin_32.dll
0x60eb0000 - 0x60ed0000 	C:\WINDOWS\System32\DriverStore\FileRepository\iigd_dch.inf_amd64_3c65364e14984512\igdinfo32.dll
0x71d60000 - 0x71d75000 	C:\WINDOWS\SYSTEM32\CRYPTSP.dll
0x71d30000 - 0x71d60000 	C:\WINDOWS\system32\rsaenh.dll
0x71d20000 - 0x71d2b000 	C:\WINDOWS\SYSTEM32\CRYPTBASE.dll
0x6c5b0000 - 0x6c79c000 	C:\WINDOWS\SYSTEM32\twinapi.appcore.dll
0x60e70000 - 0x60ea7000 	C:\Users\luigu\.openjfx\cache\17.0.6\glass.dll

dbghelp: loaded successfully - version: 4.0.5 - missing functions: none
symbol engine: initialized successfully - sym options: 0x614 - pdb path: .;C:\Program Files (x86)\Eclipse Adoptium\jdk-11.0.21.9-hotspot\bin;C:\WINDOWS\SYSTEM32;C:\WINDOWS\WinSxS\x86_microsoft.windows.common-controls_6595b64144ccf1df_6.0.22621.3235_none_6ebcabb88802389e;C:\Program Files (x86)\Eclipse Adoptium\jdk-11.0.21.9-hotspot\bin\client;C:\Users\luigu\AppData\Local\Programs\IntelliJ IDEA Ultimate\bin;C:\Users\luigu\.openjfx\cache\17.0.6;C:\WINDOWS\System32\DriverStore\FileRepository\iigd_dch.inf_amd64_3c65364e14984512;C:\ProgramData\A-Volute\A-Volute.Nahimic\Modules\Scheduled;C:\Program Files (x86)\Common Files\Microsoft Shared\Ink

VM Arguments:
jvm_args: -javaagent:C:\Users\luigu\AppData\Local\Programs\IntelliJ IDEA Ultimate\lib\idea_rt.jar=58050:C:\Users\luigu\AppData\Local\Programs\IntelliJ IDEA Ultimate\bin -Dfile.encoding=UTF-8 --module-path=C:\Users\luigu\.m2\repository\org\controlsfx\controlsfx\11.1.2\controlsfx-11.1.2.jar;C:\Users\luigu\.m2\repository\org\kordamp\bootstrapfx\bootstrapfx-core\0.4.0\bootstrapfx-core-0.4.0.jar;C:\Users\luigu\IdeaProjects\Joyeria_ProyectoMult\target\classes;C:\Users\luigu\.m2\repository\org\openjfx\javafx-fxml\17.0.6\javafx-fxml-17.0.6-win-x86.jar;C:\Users\luigu\.m2\repository\org\openjfx\javafx-base\17.0.6\javafx-base-17.0.6-win-x86.jar;C:\Users\luigu\.m2\repository\com\dlsc\formsfx\formsfx-core\11.6.0\formsfx-core-11.6.0.jar;C:\Users\luigu\.m2\repository\org\openjfx\javafx-graphics\17.0.6\javafx-graphics-17.0.6-win-x86.jar;C:\Users\luigu\.m2\repository\net\synedra\validatorfx\0.4.0\validatorfx-0.4.0.jar;C:\Users\luigu\.m2\repository\org\openjfx\javafx-controls\17.0.6\javafx-controls-17.0.6-win-x86.jar -Djdk.module.main=com.eduard034.joyeria_proyectomult 
java_command: com.eduard034.joyeria_proyectomult/com.eduard034.joyeria_proyectomult.JoyeriaApp
java_class_path (initial): C:\Users\luigu\.m2\repository\org\openjfx\javafx-controls\17.0.6\javafx-controls-17.0.6.jar;C:\Users\luigu\.m2\repository\org\openjfx\javafx-graphics\17.0.6\javafx-graphics-17.0.6.jar;C:\Users\luigu\.m2\repository\org\openjfx\javafx-base\17.0.6\javafx-base-17.0.6.jar;C:\Users\luigu\.m2\repository\org\openjfx\javafx-fxml\17.0.6\javafx-fxml-17.0.6.jar
Launcher Type: SUN_STANDARD

[Global flags]
   size_t InitialHeapSize                          = 16777216                                  {product} {ergonomic}
   size_t MaxHeapSize                              = 268435456                                 {product} {ergonomic}
   size_t MaxNewSize                               = 89456640                                  {product} {ergonomic}
   size_t MinHeapDeltaBytes                        = 131072                                    {product} {ergonomic}
   size_t NewSize                                  = 5570560                                   {product} {ergonomic}
    uintx NonProfiledCodeHeapSize                  = 0                                      {pd product} {ergonomic}
   size_t OldSize                                  = 11206656                                  {product} {ergonomic}
    uintx ProfiledCodeHeapSize                     = 0                                      {pd product} {ergonomic}
     bool ThreadLocalHandshakes                    = false                                  {pd product} {ergonomic}
     bool UseLargePagesIndividualAllocation        = false                                  {pd product} {ergonomic}
     bool UseSerialGC                              = true                                      {product} {ergonomic}

Logging:
Log output configuration:
 #0: stdout all=warning uptime,level,tags
 #1: stderr all=off uptime,level,tags

Environment Variables:
PATH=C:\Program Files (x86)\Eclipse Adoptium\jre-11.0.21.9-hotspot\bin;C:\Program Files (x86)\Eclipse Adoptium\jdk-11.0.21.9-hotspot\bin;C:\Program Files (x86)\VMware\VMware Player\bin\;C:\Windows\system32;C:\Windows;C:\Windows\System32\Wbem;C:\Windows\System32\WindowsPowerShell\v1.0\;C:\Windows\System32\OpenSSH\;C:\Program Files (x86)\NVIDIA Corporation\PhysX\Common;C:\Program Files\NVIDIA Corporation\NVIDIA NvDLISR;C:\WINDOWS\system32;C:\WINDOWS;C:\WINDOWS\System32\Wbem;C:\WINDOWS\System32\WindowsPowerShell\v1.0\;C:\WINDOWS\System32\OpenSSH\;C:\Program Files\Git\cmd;C:\Users\luigu\AppData\Local\Microsoft\WindowsApps;C:\Users\luigu\AppData\Local\Programs\Microsoft VS Code\bin;C:\Users\luigu\AppData\Local\JetBrains\Toolbox\scripts;C:\Users\luigu\AppData\Local\GitHubDesktop\bin
USERNAME=luigu
OS=Windows_NT
PROCESSOR_IDENTIFIER=Intel64 Family 6 Model 154 Stepping 3, GenuineIntel
TMP=C:\Users\luigu\AppData\Local\Temp
TEMP=C:\Users\luigu\AppData\Local\Temp



---------------  S Y S T E M  ---------------

OS: Windows 11 , 64 bit Build 22621 (10.0.22621.3374)
OS uptime: 0 days 16:09 hours

CPU:total 12 (initial active 12) (6 cores per cpu, 2 threads per core) family 6 model 154 stepping 3 microcode 0x419, cmov, cx8, fxsr, mmx, sse, sse2, sse3, ssse3, sse4.1, sse4.2, popcnt, avx, avx2, aes, clmul, erms, 3dnowpref, lzcnt, ht, tsc, tscinvbit, bmi1, bmi2, adx, sha, fma

Memory: 4k page, system-wide physical 7917M (683M free)
TotalPageFile size 19693M (AvailPageFile size 6632M), user-mode portion of virtual address-space 2047M (1237M free)
current process WorkingSet (physical memory assigned to process): 267M, peak: 276M
current process commit charge ("private bytes"): 269M, peak: 275M

vm_info: OpenJDK Client VM (11.0.21+9) for windows-x86 JRE (11.0.21+9), built on Oct 17 2023 17:27:10 by "" with MS VC++ 15.9 (VS2017)

END.
