#
# A fatal error has been detected by the Java Runtime Environment:
#
#  EXCEPTION_ACCESS_VIOLATION (0xc0000005) at pc=0x671f6c62, pid=21800, tid=1092
#
# JRE version: OpenJDK Runtime Environment Temurin-11.0.21+9 (11.0.21+9) (build 11.0.21+9)
# Java VM: OpenJDK Client VM Temurin-11.0.21+9 (11.0.21+9, mixed mode, serial gc, windows-x86)
# Problematic frame:
# C  [glass.dll+0x16c62]
#
# No core dump will be written. Minidumps are not enabled by default on client versions of Windows
#
# If you would like to submit a bug report, please visit:
#   https://github.com/adoptium/adoptium-support/issues
# The crash happened outside the Java Virtual Machine in native code.
# See problematic frame for where to report the bug.
#

---------------  S U M M A R Y ------------

Command Line: -javaagent:C:\Users\luigu\AppData\Local\Programs\IntelliJ IDEA Ultimate\lib\idea_rt.jar=56155:C:\Users\luigu\AppData\Local\Programs\IntelliJ IDEA Ultimate\bin -Dfile.encoding=UTF-8 --module-path=C:\Users\luigu\.m2\repository\com\dlsc\formsfx\formsfx-core\11.6.0\formsfx-core-11.6.0.jar;C:\Users\luigu\.m2\repository\org\openjfx\javafx-base\17.0.6\javafx-base-17.0.6-win-x86.jar;C:\Users\luigu\.m2\repository\org\kordamp\bootstrapfx\bootstrapfx-core\0.4.0\bootstrapfx-core-0.4.0.jar;C:\Users\luigu\.m2\repository\net\synedra\validatorfx\0.4.0\validatorfx-0.4.0.jar;C:\Users\luigu\.m2\repository\org\openjfx\javafx-controls\17.0.6\javafx-controls-17.0.6-win-x86.jar;C:\Users\luigu\IdeaProjects\Joyeria_ProyectoMult\target\classes;C:\Users\luigu\.m2\repository\org\controlsfx\controlsfx\11.1.2\controlsfx-11.1.2.jar;C:\Users\luigu\.m2\repository\org\openjfx\javafx-fxml\17.0.6\javafx-fxml-17.0.6-win-x86.jar;C:\Users\luigu\.m2\repository\org\openjfx\javafx-graphics\17.0.6\javafx-graphics-17.0.6-win-x86.jar -Djdk.module.main=com.eduard034.joyeria_proyectomult com.eduard034.joyeria_proyectomult/com.eduard034.joyeria_proyectomult.JoyeriaApp

Host: 12th Gen Intel(R) Core(TM) i5-12450H, 12 cores, 7G,  Windows 11 , 64 bit Build 22621 (10.0.22621.3374)
Time: Wed Apr 10 09:25:58 2024 Hora estándar central (México) elapsed time: 31.156017 seconds (0d 0h 0m 31s)

---------------  T H R E A D  ---------------

Current thread (0x166a3400):  JavaThread "JavaFX Application Thread" [_thread_in_native, id=1092, stack(0x19910000,0x19960000)]

Stack: [0x19910000,0x19960000],  sp=0x1995e4dc,  free space=313k
Native frames: (J=compiled Java code, A=aot compiled Java code, j=interpreted, Vv=VM code, C=native code)
C  [glass.dll+0x16c62]

Java frames: (J=compiled Java code, j=interpreted, Vv=VM code)
j  com.sun.glass.ui.win.WinWindow._close(J)Z+0 javafx.graphics
j  com.sun.glass.ui.Window.close()V+63 javafx.graphics
j  com.sun.glass.ui.win.WinWindow.close()V+8 javafx.graphics
j  com.sun.glass.ui.Application.terminate()V+75 javafx.graphics
j  com.sun.javafx.tk.quantum.QuantumToolkit.lambda$exit$13()Ljava/lang/Object;+5 javafx.graphics
j  com.sun.javafx.tk.quantum.QuantumToolkit$$Lambda$642.get()Ljava/lang/Object;+0 javafx.graphics
j  com.sun.javafx.tk.quantum.QuantumToolkit.runWithRenderLock(Ljava/util/function/Supplier;)Ljava/lang/Object;+7 javafx.graphics
j  com.sun.javafx.tk.quantum.QuantumToolkit.exit()V+26 javafx.graphics
j  com.sun.javafx.application.PlatformImpl.lambda$tkExit$16()V+3 javafx.graphics
j  com.sun.javafx.application.PlatformImpl$$Lambda$641.run()V+0 javafx.graphics
j  com.sun.javafx.application.PlatformImpl.lambda$runAndWait$12(Ljava/lang/Runnable;Ljava/util/concurrent/CountDownLatch;)V+1 javafx.graphics
j  com.sun.javafx.application.PlatformImpl$$Lambda$88.run()V+8 javafx.graphics
j  com.sun.javafx.application.PlatformImpl.lambda$runLater$10(Ljava/lang/Runnable;)Ljava/lang/Void;+1 javafx.graphics
j  com.sun.javafx.application.PlatformImpl$$Lambda$90.run()Ljava/lang/Object;+4 javafx.graphics
v  ~StubRoutines::call_stub
J 1411  java.security.AccessController.doPrivileged(Ljava/security/PrivilegedAction;Ljava/security/AccessControlContext;)Ljava/lang/Object; java.base@11.0.21 (0 bytes) @ 0x034dcf47 [0x034dcee0+0x00000067]
j  com.sun.javafx.application.PlatformImpl.lambda$runLater$11(Ljava/lang/Runnable;Ljava/security/AccessControlContext;)V+7 javafx.graphics
j  com.sun.javafx.application.PlatformImpl$$Lambda$89.run()V+8 javafx.graphics
j  com.sun.glass.ui.InvokeLaterDispatcher$Future.run()V+4 javafx.graphics
v  ~StubRoutines::call_stub
j  com.sun.glass.ui.win.WinApplication._runLoop(Ljava/lang/Runnable;)V+0 javafx.graphics
j  com.sun.glass.ui.win.WinApplication.lambda$runLoop$3(ILjava/lang/Runnable;)V+8 javafx.graphics
j  com.sun.glass.ui.win.WinApplication$$Lambda$78.run()V+12 javafx.graphics
j  java.lang.Thread.run()V+11 java.base@11.0.21
v  ~StubRoutines::call_stub

siginfo: EXCEPTION_ACCESS_VIOLATION (0xc0000005), reading address 0x000000b8


Register to memory mapping:

EIP=0x671f6c62 glass.dll
EAX=0x0 is NULL
EBX=0x1995e710 is pointing into the stack for thread: 0x166a3400
ECX=0x0 is NULL
EDX=0x0 is NULL
ESP=0x1995e4dc is pointing into the stack for thread: 0x166a3400
EBP=0x1995e508 is pointing into the stack for thread: 0x166a3400
ESI=0x00000401 is an unknown value
EDI=0x0 is NULL


Registers:
EAX=0x00000000, EBX=0x1995e710, ECX=0x00000000, EDX=0x00000000
ESP=0x1995e4dc, EBP=0x1995e508, ESI=0x00000401, EDI=0x00000000
EIP=0x671f6c62, EFLAGS=0x00010202

Top of Stack: (sp=0x1995e4dc)
0x1995e4dc:   1995e710 00000401 1995e710 671e8df8
0x1995e4ec:   cac02709 16554040 002f0648 00000401
0x1995e4fc:   1995e63c 672002b0 ffffffff 00000000
0x1995e50c:   671e1755 00000401 1995e710 00000000
0x1995e51c:   00000401 002f0648 1995e554 671e16f0
0x1995e52c:   750d30b3 002f0648 00000401 1995e710
0x1995e53c:   00000000 002f0648 dcbaabcd 671e16f0
0x1995e54c:   00000401 002f0648 1995e64c 750c3ef6 

Instructions: (pc=0x671f6c62)
0x671f6b62:   21 56 e8 47 42 00 00 ff 35 e8 03 21 67 8b f0 ff
0x671f6b72:   77 68 56 e8 96 de fe ff 56 e8 a0 41 00 00 83 c4
0x671f6b82:   10 5e c7 05 a4 03 21 67 00 00 00 00 5f c3 83 ec
0x671f6b92:   24 a1 ec e0 20 67 33 c4 89 44 24 20 8b 44 24 28
0x671f6ba2:   53 89 44 24 04 8b d9 8b 44 24 30 89 44 24 08 8b
0x671f6bb2:   44 24 38 55 89 44 24 10 8b 44 24 38 56 89 83 84
0x671f6bc2:   00 00 00 8b 44 24 0c 89 5c 24 18 bb 00 00 00 80
0x671f6bd2:   8b eb 8b f3 57 8b fb 85 c0 79 29 8d 44 24 20 50
0x671f6be2:   e8 29 aa fe ff 83 c4 04 85 c0 8b 44 24 10 74 14
0x671f6bf2:   8b 74 24 28 8b 5c 24 20 2b f3 8b 7c 24 2c 8b 6c
0x671f6c02:   24 24 2b fd 6a 00 50 ff 74 24 1c 68 d8 23 20 67
0x671f6c12:   57 56 8b 74 24 34 8b ce 55 53 ff 74 24 38 e8 db
0x671f6c22:   a7 fe ff 8b f8 8d 4e 14 57 e8 40 64 00 00 57 8d
0x671f6c32:   4e 14 e8 c7 64 00 00 8b 4c 24 30 8b c7 5f 5e 5d
0x671f6c42:   5b 33 cc e8 ae 7a 00 00 83 c4 24 c2 10 00 53 8b
0x671f6c52:   d9 56 57 ff 73 08 e8 93 a9 fe ff 8b f8 83 c4 04
0x671f6c62:   8b 87 b8 00 00 00 85 c0 75 03 8b 47 04 3b 05 a4
0x671f6c72:   03 21 67 75 29 e8 34 41 00 00 ff 35 e8 03 21 67
0x671f6c82:   8b f0 ff 77 68 56 e8 83 dd fe ff 56 e8 8d 40 00
0x671f6c92:   00 83 c4 10 c7 05 a4 03 21 67 00 00 00 00 8d 4f
0x671f6ca2:   14 e8 b8 69 00 00 8d 4f 14 e8 e0 69 00 00 ff 73
0x671f6cb2:   08 ff 15 f8 fe 20 67 85 c0 5f 0f 95 c0 5e 88 43
0x671f6cc2:   04 5b c3 cc cc cc cc cc cc cc cc cc cc cc 55 8b
0x671f6cd2:   ec 6a ff 68 f7 11 20 67 64 a1 00 00 00 00 50 83
0x671f6ce2:   ec 08 53 56 57 a1 ec e0 20 67 33 c5 50 8d 45 f4
0x671f6cf2:   64 a3 00 00 00 00 8b f9 ff 77 18 ff 15 60 ff 20
0x671f6d02:   67 85 c0 75 13 0f 57 c0 66 0f 13 45 ec 8b 55 f0
0x671f6d12:   8b 45 ec e9 a7 00 00 00 68 dc 00 00 00 e8 96 79
0x671f6d22:   00 00 83 c4 04 89 45 f0 c7 45 fc 00 00 00 00 85
0x671f6d32:   c0 74 19 ff 77 18 8b c8 6a 01 6a 00 6a 00 6a 00
0x671f6d42:   ff 77 10 e8 a6 f9 ff ff 8b d8 eb 02 33 db ff 77
0x671f6d52:   18 8b cb c7 45 fc ff ff ff ff 6a 00 68 00 00 10 


Stack slot to memory mapping:
stack at sp + 0 slots: 0x1995e710 is pointing into the stack for thread: 0x166a3400
stack at sp + 1 slots: 0x00000401 is an unknown value
stack at sp + 2 slots: 0x1995e710 is pointing into the stack for thread: 0x166a3400
stack at sp + 3 slots: 0x671e8df8 glass.dll
stack at sp + 4 slots: 0xcac02709 is an unknown value
stack at sp + 5 slots: 0x16554040 points into unknown readable memory: 0x6720319c | 9c 31 20 67
stack at sp + 6 slots: 0x002f0648 is an unknown value
stack at sp + 7 slots: 0x00000401 is an unknown value


---------------  P R O C E S S  ---------------

Threads class SMR info:
_java_thread_list=0x20e16cc8, length=17, elements={
0x031e2000, 0x032a8000, 0x032a9800, 0x1555f800,
0x15561400, 0x15562400, 0x15563000, 0x15566400,
0x032be400, 0x1572b800, 0x15d8d000, 0x1665b000,
0x166a3400, 0x167df800, 0x16838400, 0x16870000,
0x20e14c00
}

Java Threads: ( => current thread )
  0x031e2000 JavaThread "main" [_thread_blocked, id=20728, stack(0x02970000,0x029c0000)]
  0x032a8000 JavaThread "Reference Handler" daemon [_thread_blocked, id=3812, stack(0x05300000,0x05350000)]
  0x032a9800 JavaThread "Finalizer" daemon [_thread_blocked, id=11044, stack(0x05390000,0x053e0000)]
  0x1555f800 JavaThread "Signal Dispatcher" daemon [_thread_blocked, id=7784, stack(0x15770000,0x157c0000)]
  0x15561400 JavaThread "Attach Listener" daemon [_thread_blocked, id=2196, stack(0x15800000,0x15850000)]
  0x15562400 JavaThread "Service Thread" daemon [_thread_blocked, id=11788, stack(0x15890000,0x158e0000)]
  0x15563000 JavaThread "C1 CompilerThread0" daemon [_thread_blocked, id=4172, stack(0x15920000,0x15970000)]
  0x15566400 JavaThread "Sweeper thread" daemon [_thread_blocked, id=11888, stack(0x159b0000,0x15a00000)]
  0x032be400 JavaThread "Common-Cleaner" daemon [_thread_blocked, id=21816, stack(0x15a40000,0x15a90000)]
  0x1572b800 JavaThread "Monitor Ctrl-Break" daemon [_thread_in_native, id=14748, stack(0x15ee0000,0x15f30000)]
  0x15d8d000 JavaThread "QuantumRenderer-0" daemon [_thread_blocked, id=3228, stack(0x16200000,0x16250000)]
  0x1665b000 JavaThread "InvokeLaterDispatcher" daemon [_thread_blocked, id=16676, stack(0x19780000,0x197d0000)]
=>0x166a3400 JavaThread "JavaFX Application Thread" [_thread_in_native, id=1092, stack(0x19910000,0x19960000)]
  0x167df800 JavaThread "JavaFX-Launcher" [_thread_blocked, id=1796, stack(0x1df20000,0x1df70000)]
  0x16838400 JavaThread "Thread-2" daemon [_thread_in_native, id=20448, stack(0x1de90000,0x1dee0000)]
  0x16870000 JavaThread "Prism Font Disposer" daemon [_thread_blocked, id=13944, stack(0x1f550000,0x1f5a0000)]
  0x20e14c00 JavaThread "Cleaner-0" daemon [_thread_blocked, id=8668, stack(0x22810000,0x22860000)]

Other Threads:
  0x03294c00 VMThread "VM Thread" [stack: 0x03150000,0x031a0000] [id=2040]
  0x1572cc00 WatcherThread [stack: 0x15f70000,0x15fc0000] [id=19668]

Threads with active compile tasks:

VM state:not at safepoint (normal execution)

VM Mutex/Monitor currently owned by a thread: None

Heap:
 def new generation   total 16704K, used 1941K [0x05400000, 0x06610000, 0x0a950000)
  eden space 14912K,  13% used [0x05400000, 0x055e5428, 0x06290000)
  from space 1792K,   0% used [0x06290000, 0x06290000, 0x06450000)
  to   space 1792K,   0% used [0x06450000, 0x06450000, 0x06610000)
 tenured generation   total 36916K, used 22148K [0x0a950000, 0x0cd5d000, 0x15400000)
   the space 36916K,  59% used [0x0a950000, 0x0bef10c0, 0x0bef1200, 0x0cd5d000)
 Metaspace       used 15867K, capacity 16237K, committed 16512K, reserved 16768K

Card table byte_map: [0x02bc0000,0x02c50000] _byte_map_base: 0x02b96000

Polling page: 0x01170000

Metaspace:

Usage:
   15.86 MB capacity,    15.50 MB ( 98%) used,   258.10 KB (  2%) free+waste,   110.94 KB ( <1%) overhead. 

Virtual space:
     16.38 MB reserved,      16.13 MB ( 98%) committed 

Chunk freelists:
254.00 KB

MaxMetaspaceSize: 4.00 GB
No class space
Initial GC threshold: 12.00 MB
Current GC threshold: 26.88 MB
CDS: off

CodeCache: size=32768Kb used=2663Kb max_used=2663Kb free=30104Kb
 bounds [0x032c0000, 0x03560000, 0x052c0000]
 total_blobs=2292 nmethods=1855 adapters=370
 compilation: enabled
              stopped_count=0, restarted_count=0
 full_count=0

Compilation events (20 events):
Event: 30.988 Thread 0x15563000 1846             com.sun.javafx.geom.transform.GeneralTransform3D::isIdentity (5 bytes)
Event: 30.988 Thread 0x15563000 nmethod 1846 0x035558c8 code [0x035559d0, 0x03555a50]
Event: 30.988 Thread 0x15563000 1847             com.sun.prism.impl.GlyphCache::render (326 bytes)
Event: 30.989 Thread 0x15563000 nmethod 1847 0x03555a88 code [0x03555cc0, 0x035563bc]
Event: 31.039 Thread 0x15563000 1848             java.lang.invoke.MethodHandles$Lookup::checkSecurityManager (104 bytes)
Event: 31.040 Thread 0x15563000 nmethod 1848 0x03556a48 code [0x03556be0, 0x03556eec]
Event: 31.041 Thread 0x15563000 1849             java.lang.invoke.MethodHandleNatives::refKindIsMethod (19 bytes)
Event: 31.041 Thread 0x15563000 nmethod 1849 0x03557108 code [0x03557210, 0x035572c0]
Event: 31.072 Thread 0x15563000 1850             java.lang.invoke.LambdaForm$Name::withConstraint (20 bytes)
Event: 31.072 Thread 0x15563000 nmethod 1850 0x03557308 code [0x03557420, 0x0355752c]
Event: 31.074 Thread 0x15563000 1851             jdk.internal.org.objectweb.asm.Frame::pop (53 bytes)
Event: 31.074 Thread 0x15563000 nmethod 1851 0x035575c8 code [0x03557730, 0x03557938]
Event: 31.075 Thread 0x15563000 1852             jdk.internal.misc.VM::initLevel (4 bytes)
Event: 31.076 Thread 0x15563000 nmethod 1852 0x03557b08 code [0x03557c10, 0x03557c90]
Event: 31.076 Thread 0x15563000 1853             sun.nio.cs.UTF_8$Encoder::encodeArrayLoop (489 bytes)
Event: 31.077 Thread 0x15563000 nmethod 1853 0x03557cc8 code [0x03558050, 0x03558e04]
Event: 31.098 Thread 0x15563000 1854             jdk.internal.misc.VM::isModuleSystemInited (13 bytes)
Event: 31.098 Thread 0x15563000 nmethod 1854 0x035599c8 code [0x03559ad0, 0x03559b60]
Event: 31.099 Thread 0x15563000 1855             java.nio.charset.CoderResult::isUnderflow (13 bytes)
Event: 31.099 Thread 0x15563000 nmethod 1855 0x03559bc8 code [0x03559cd0, 0x03559d60]

GC Heap History (20 events):
Event: 0.583 GC heap before
{Heap before GC invocations=6 (full 0):
 def new generation   total 4928K, used 4912K [0x05400000, 0x05950000, 0x0a950000)
  eden space 4416K,  99% used [0x05400000, 0x0584c248, 0x05850000)
  from space 512K, 100% used [0x05850000, 0x058d0000, 0x058d0000)
  to   space 512K,   0% used [0x058d0000, 0x058d0000, 0x05950000)
 tenured generation   total 10944K, used 2933K [0x0a950000, 0x0b400000, 0x15400000)
   the space 10944K,  26% used [0x0a950000, 0x0ac2d680, 0x0ac2d800, 0x0b400000)
 Metaspace       used 10560K, capacity 10734K, committed 10752K, reserved 11648K
}
Event: 0.585 GC heap after
{Heap after GC invocations=7 (full 0):
 def new generation   total 4928K, used 512K [0x05400000, 0x05950000, 0x0a950000)
  eden space 4416K,   0% used [0x05400000, 0x05400000, 0x05850000)
  from space 512K, 100% used [0x058d0000, 0x05950000, 0x05950000)
  to   space 512K,   0% used [0x05850000, 0x05850000, 0x058d0000)
 tenured generation   total 10944K, used 3987K [0x0a950000, 0x0b400000, 0x15400000)
   the space 10944K,  36% used [0x0a950000, 0x0ad34e68, 0x0ad35000, 0x0b400000)
 Metaspace       used 10560K, capacity 10734K, committed 10752K, reserved 11648K
}
Event: 0.628 GC heap before
{Heap before GC invocations=7 (full 0):
 def new generation   total 4928K, used 4927K [0x05400000, 0x05950000, 0x0a950000)
  eden space 4416K,  99% used [0x05400000, 0x0584fff8, 0x05850000)
  from space 512K, 100% used [0x058d0000, 0x05950000, 0x05950000)
  to   space 512K,   0% used [0x05850000, 0x05850000, 0x058d0000)
 tenured generation   total 10944K, used 3987K [0x0a950000, 0x0b400000, 0x15400000)
   the space 10944K,  36% used [0x0a950000, 0x0ad34e68, 0x0ad35000, 0x0b400000)
 Metaspace       used 11344K, capacity 11510K, committed 11520K, reserved 11648K
}
Event: 0.630 GC heap after
{Heap after GC invocations=8 (full 0):
 def new generation   total 4928K, used 512K [0x05400000, 0x05950000, 0x0a950000)
  eden space 4416K,   0% used [0x05400000, 0x05400000, 0x05850000)
  from space 512K, 100% used [0x05850000, 0x058d0000, 0x058d0000)
  to   space 512K,   0% used [0x058d0000, 0x058d0000, 0x05950000)
 tenured generation   total 10944K, used 4484K [0x0a950000, 0x0b400000, 0x15400000)
   the space 10944K,  40% used [0x0a950000, 0x0adb1028, 0x0adb1200, 0x0b400000)
 Metaspace       used 11344K, capacity 11510K, committed 11520K, reserved 11648K
}
Event: 0.693 GC heap before
{Heap before GC invocations=8 (full 0):
 def new generation   total 4928K, used 4928K [0x05400000, 0x05950000, 0x0a950000)
  eden space 4416K, 100% used [0x05400000, 0x05850000, 0x05850000)
  from space 512K, 100% used [0x05850000, 0x058d0000, 0x058d0000)
  to   space 512K,   0% used [0x058d0000, 0x058d0000, 0x05950000)
 tenured generation   total 10944K, used 10714K [0x0a950000, 0x0b400000, 0x15400000)
   the space 10944K,  97% used [0x0a950000, 0x0b3c6a20, 0x0b3c6c00, 0x0b400000)
 Metaspace       used 11812K, capacity 12008K, committed 12032K, reserved 12672K
}
Event: 0.702 GC heap after
{Heap after GC invocations=9 (full 1):
 def new generation   total 8832K, used 391K [0x05400000, 0x05d90000, 0x0a950000)
  eden space 7872K,   4% used [0x05400000, 0x05461de0, 0x05bb0000)
  from space 960K,   0% used [0x05bb0000, 0x05bb0000, 0x05ca0000)
  to   space 960K,   0% used [0x05ca0000, 0x05ca0000, 0x05d90000)
 tenured generation   total 19520K, used 11712K [0x0a950000, 0x0bc60000, 0x15400000)
   the space 19520K,  60% used [0x0a950000, 0x0b4c0000, 0x0b4c0000, 0x0bc60000)
 Metaspace       used 11812K, capacity 12008K, committed 12032K, reserved 12672K
}
Event: 0.805 GC heap before
{Heap before GC invocations=9 (full 1):
 def new generation   total 8832K, used 7866K [0x05400000, 0x05d90000, 0x0a950000)
  eden space 7872K,  99% used [0x05400000, 0x05bae938, 0x05bb0000)
  from space 960K,   0% used [0x05bb0000, 0x05bb0000, 0x05ca0000)
  to   space 960K,   0% used [0x05ca0000, 0x05ca0000, 0x05d90000)
 tenured generation   total 19520K, used 11712K [0x0a950000, 0x0bc60000, 0x15400000)
   the space 19520K,  60% used [0x0a950000, 0x0b4c0000, 0x0b4c0000, 0x0bc60000)
 Metaspace       used 12749K, capacity 12931K, committed 13056K, reserved 13696K
}
Event: 0.809 GC heap after
{Heap after GC invocations=10 (full 1):
 def new generation   total 8832K, used 960K [0x05400000, 0x05d90000, 0x0a950000)
  eden space 7872K,   0% used [0x05400000, 0x05400000, 0x05bb0000)
  from space 960K, 100% used [0x05ca0000, 0x05d90000, 0x05d90000)
  to   space 960K,   0% used [0x05bb0000, 0x05bb0000, 0x05ca0000)
 tenured generation   total 19520K, used 12005K [0x0a950000, 0x0bc60000, 0x15400000)
   the space 19520K,  61% used [0x0a950000, 0x0b5094c0, 0x0b509600, 0x0bc60000)
 Metaspace       used 12749K, capacity 12931K, committed 13056K, reserved 13696K
}
Event: 0.894 GC heap before
{Heap before GC invocations=10 (full 1):
 def new generation   total 8832K, used 8832K [0x05400000, 0x05d90000, 0x0a950000)
  eden space 7872K, 100% used [0x05400000, 0x05bb0000, 0x05bb0000)
  from space 960K, 100% used [0x05ca0000, 0x05d90000, 0x05d90000)
  to   space 960K,   0% used [0x05bb0000, 0x05bb0000, 0x05ca0000)
 tenured generation   total 19520K, used 12005K [0x0a950000, 0x0bc60000, 0x15400000)
   the space 19520K,  61% used [0x0a950000, 0x0b5094c0, 0x0b509600, 0x0bc60000)
 Metaspace       used 14012K, capacity 14291K, committed 14336K, reserved 14720K
}
Event: 0.899 GC heap after
{Heap after GC invocations=11 (full 1):
 def new generation   total 8832K, used 634K [0x05400000, 0x05d90000, 0x0a950000)
  eden space 7872K,   0% used [0x05400000, 0x05400000, 0x05bb0000)
  from space 960K,  66% used [0x05bb0000, 0x05c4eb38, 0x05ca0000)
  to   space 960K,   0% used [0x05ca0000, 0x05ca0000, 0x05d90000)
 tenured generation   total 19520K, used 12921K [0x0a950000, 0x0bc60000, 0x15400000)
   the space 19520K,  66% used [0x0a950000, 0x0b5ee660, 0x0b5ee800, 0x0bc60000)
 Metaspace       used 14012K, capacity 14291K, committed 14336K, reserved 14720K
}
Event: 2.386 GC heap before
{Heap before GC invocations=11 (full 1):
 def new generation   total 8832K, used 8506K [0x05400000, 0x05d90000, 0x0a950000)
  eden space 7872K, 100% used [0x05400000, 0x05bb0000, 0x05bb0000)
  from space 960K,  66% used [0x05bb0000, 0x05c4eb38, 0x05ca0000)
  to   space 960K,   0% used [0x05ca0000, 0x05ca0000, 0x05d90000)
 tenured generation   total 19520K, used 12921K [0x0a950000, 0x0bc60000, 0x15400000)
   the space 19520K,  66% used [0x0a950000, 0x0b5ee660, 0x0b5ee800, 0x0bc60000)
 Metaspace       used 14846K, capacity 15155K, committed 15232K, reserved 15744K
}
Event: 2.391 GC heap after
{Heap after GC invocations=12 (full 1):
 def new generation   total 8832K, used 960K [0x05400000, 0x05d90000, 0x0a950000)
  eden space 7872K,   0% used [0x05400000, 0x05400000, 0x05bb0000)
  from space 960K, 100% used [0x05ca0000, 0x05d90000, 0x05d90000)
  to   space 960K,   0% used [0x05bb0000, 0x05bb0000, 0x05ca0000)
 tenured generation   total 19520K, used 14634K [0x0a950000, 0x0bc60000, 0x15400000)
   the space 19520K,  74% used [0x0a950000, 0x0b79a830, 0x0b79aa00, 0x0bc60000)
 Metaspace       used 14846K, capacity 15155K, committed 15232K, reserved 15744K
}
Event: 3.146 GC heap before
{Heap before GC invocations=12 (full 1):
 def new generation   total 8832K, used 8832K [0x05400000, 0x05d90000, 0x0a950000)
  eden space 7872K, 100% used [0x05400000, 0x05bb0000, 0x05bb0000)
  from space 960K, 100% used [0x05ca0000, 0x05d90000, 0x05d90000)
  to   space 960K,   0% used [0x05bb0000, 0x05bb0000, 0x05ca0000)
 tenured generation   total 19520K, used 14634K [0x0a950000, 0x0bc60000, 0x15400000)
   the space 19520K,  74% used [0x0a950000, 0x0b79a830, 0x0b79aa00, 0x0bc60000)
 Metaspace       used 15905K, capacity 16302K, committed 16384K, reserved 16768K
}
Event: 3.149 GC heap after
{Heap after GC invocations=13 (full 1):
 def new generation   total 8832K, used 719K [0x05400000, 0x05d90000, 0x0a950000)
  eden space 7872K,   0% used [0x05400000, 0x05400000, 0x05bb0000)
  from space 960K,  74% used [0x05bb0000, 0x05c63e48, 0x05ca0000)
  to   space 960K,   0% used [0x05ca0000, 0x05ca0000, 0x05d90000)
 tenured generation   total 19520K, used 15585K [0x0a950000, 0x0bc60000, 0x15400000)
   the space 19520K,  79% used [0x0a950000, 0x0b888668, 0x0b888800, 0x0bc60000)
 Metaspace       used 15905K, capacity 16302K, committed 16384K, reserved 16768K
}
Event: 14.603 GC heap before
{Heap before GC invocations=13 (full 1):
 def new generation   total 8832K, used 8591K [0x05400000, 0x05d90000, 0x0a950000)
  eden space 7872K, 100% used [0x05400000, 0x05bb0000, 0x05bb0000)
  from space 960K,  74% used [0x05bb0000, 0x05c63e48, 0x05ca0000)
  to   space 960K,   0% used [0x05ca0000, 0x05ca0000, 0x05d90000)
 tenured generation   total 19520K, used 15585K [0x0a950000, 0x0bc60000, 0x15400000)
   the space 19520K,  79% used [0x0a950000, 0x0b888668, 0x0b888800, 0x0bc60000)
 Metaspace       used 16054K, capacity 16443K, committed 16512K, reserved 16768K
}
Event: 14.605 GC heap after
{Heap after GC invocations=14 (full 1):
 def new generation   total 8832K, used 507K [0x05400000, 0x05d90000, 0x0a950000)
  eden space 7872K,   0% used [0x05400000, 0x05400000, 0x05bb0000)
  from space 960K,  52% used [0x05ca0000, 0x05d1ec88, 0x05d90000)
  to   space 960K,   0% used [0x05bb0000, 0x05bb0000, 0x05ca0000)
 tenured generation   total 19520K, used 16285K [0x0a950000, 0x0bc60000, 0x15400000)
   the space 19520K,  83% used [0x0a950000, 0x0b937540, 0x0b937600, 0x0bc60000)
 Metaspace       used 16054K, capacity 16443K, committed 16512K, reserved 16768K
}
Event: 29.595 GC heap before
{Heap before GC invocations=14 (full 1):
 def new generation   total 8832K, used 6954K [0x05400000, 0x05d90000, 0x0a950000)
  eden space 7872K,  81% used [0x05400000, 0x05a4bca8, 0x05bb0000)
  from space 960K,  52% used [0x05ca0000, 0x05d1ec88, 0x05d90000)
  to   space 960K,   0% used [0x05bb0000, 0x05bb0000, 0x05ca0000)
 tenured generation   total 19520K, used 16285K [0x0a950000, 0x0bc60000, 0x15400000)
   the space 19520K,  83% used [0x0a950000, 0x0b937540, 0x0b937600, 0x0bc60000)
 Metaspace       used 16067K, capacity 16490K, committed 16512K, reserved 16768K
}
Event: 29.596 GC heap after
{Heap after GC invocations=15 (full 1):
 def new generation   total 8832K, used 260K [0x05400000, 0x05d90000, 0x0a950000)
  eden space 7872K,   0% used [0x05400000, 0x05400000, 0x05bb0000)
  from space 960K,  27% used [0x05bb0000, 0x05bf1168, 0x05ca0000)
  to   space 960K,   0% used [0x05ca0000, 0x05ca0000, 0x05d90000)
 tenured generation   total 19520K, used 16523K [0x0a950000, 0x0bc60000, 0x15400000)
   the space 19520K,  84% used [0x0a950000, 0x0b972e78, 0x0b973000, 0x0bc60000)
 Metaspace       used 16067K, capacity 16490K, committed 16512K, reserved 16768K
}
Event: 29.661 GC heap before
{Heap before GC invocations=15 (full 1):
 def new generation   total 8832K, used 7358K [0x05400000, 0x05d90000, 0x0a950000)
  eden space 7872K,  90% used [0x05400000, 0x05aee6c0, 0x05bb0000)
  from space 960K,  27% used [0x05bb0000, 0x05bf1168, 0x05ca0000)
  to   space 960K,   0% used [0x05ca0000, 0x05ca0000, 0x05d90000)
 tenured generation   total 19520K, used 16523K [0x0a950000, 0x0bc60000, 0x15400000)
   the space 19520K,  84% used [0x0a950000, 0x0b972e78, 0x0b973000, 0x0bc60000)
 Metaspace       used 16069K, capacity 16491K, committed 16512K, reserved 16768K
}
Event: 29.687 GC heap after
{Heap after GC invocations=16 (full 2):
 def new generation   total 16704K, used 0K [0x05400000, 0x06610000, 0x0a950000)
  eden space 14912K,   0% used [0x05400000, 0x05400000, 0x06290000)
  from space 1792K,   0% used [0x06290000, 0x06290000, 0x06450000)
  to   space 1792K,   0% used [0x06450000, 0x06450000, 0x06610000)
 tenured generation   total 36916K, used 22148K [0x0a950000, 0x0cd5d000, 0x15400000)
   the space 36916K,  59% used [0x0a950000, 0x0bef10c0, 0x0bef1200, 0x0cd5d000)
 Metaspace       used 15840K, capacity 16210K, committed 16512K, reserved 16768K
}

Deoptimization events (12 events):
Event: 0.784 Thread 0x166a3400 DEOPT PACKING pc=0x033eec8f sp=0x1995ddc0
Event: 0.784 Thread 0x166a3400 DEOPT UNPACKING pc=0x032fc187 sp=0x1995dce0 mode 3
Event: 0.787 Thread 0x166a3400 DEOPT PACKING pc=0x0341ebb1 sp=0x1995df40
Event: 0.787 Thread 0x166a3400 DEOPT UNPACKING pc=0x032fc187 sp=0x1995de64 mode 3
Event: 0.881 Thread 0x166a3400 DEOPT PACKING pc=0x03461dcc sp=0x1995df30
Event: 0.881 Thread 0x166a3400 DEOPT UNPACKING pc=0x032fc187 sp=0x1995dde0 mode 3
Event: 8.722 Thread 0x15d8d000 DEOPT PACKING pc=0x0351ba7d sp=0x1624e870
Event: 8.722 Thread 0x15d8d000 DEOPT UNPACKING pc=0x032fc187 sp=0x1624e79c mode 3
Event: 31.040 Thread 0x166a3400 DEOPT PACKING pc=0x03491de4 sp=0x1995c960
Event: 31.040 Thread 0x166a3400 DEOPT UNPACKING pc=0x032fc187 sp=0x1995c7fc mode 0
Event: 31.040 Thread 0x166a3400 DEOPT PACKING pc=0x03491de4 sp=0x1995e360
Event: 31.040 Thread 0x166a3400 DEOPT UNPACKING pc=0x032fc187 sp=0x1995e1fc mode 0

Classes redefined (0 events):
No events

Internal exceptions (20 events):
Event: 0.787 Thread 0x166a3400 Implicit null exception at 0x0341d8cc to 0x0341ebac
Event: 0.822 Thread 0x166a3400 Exception <a 'java/lang/ClassNotFoundException'{0x05584830}: com/sun/javafx/scene/control/skin/resources/controls> (0x05584830) thrown at [s\src\hotspot\share\prims\jni.cpp, line 638]
Event: 0.822 Thread 0x166a3400 Exception <a 'java/lang/ClassNotFoundException'{0x05591cc8}: com/sun/javafx/scene/control/skin/resources/controls_es> (0x05591cc8) thrown at [s\src\hotspot\share\prims\jni.cpp, line 638]
Event: 0.823 Thread 0x166a3400 Exception <a 'java/lang/ClassNotFoundException'{0x0559eec8}: com/sun/javafx/scene/control/skin/resources/controls_es_MX> (0x0559eec8) thrown at [s\src\hotspot\share\prims\jni.cpp, line 638]
Event: 0.845 Thread 0x166a3400 Exception <a 'java/lang/NoSuchMethodError'{0x0573eb48}: 'void java.lang.invoke.DirectMethodHandle$Holder.invokeSpecial(java.lang.Object, java.lang.Object, java.lang.Object, java.lang.Object, java.lang.Object, java.lang.Object)'> (0x0573eb48) thrown at [s\src\hotspot\share\interpreter\linkResolver.cpp, line 773]
Event: 0.861 Thread 0x166a3400 Exception <a 'java/lang/NoSuchMethodError'{0x0599b820}: 'java.lang.Object java.lang.invoke.DirectMethodHandle$Holder.invokeInterface(java.lang.Object, java.lang.Object, java.lang.Object)'> (0x0599b820) thrown at [s\src\hotspot\share\interpreter\linkResolver.cpp, line 773]
Event: 0.861 Thread 0x166a3400 Exception <a 'java/lang/IncompatibleClassChangeError'{0x0599e5e0}: Found class java.lang.Object, but interface was expected> (0x0599e5e0) thrown at [s\src\hotspot\share\interpreter\linkResolver.cpp, line 839]
Event: 0.910 Thread 0x15d8d000 Exception <a 'java/lang/NoSuchMethodError'{0x05473450}: 'int java.lang.invoke.DirectMethodHandle$Holder.invokeStaticInit(java.lang.Object, java.lang.Object)'> (0x05473450) thrown at [s\src\hotspot\share\interpreter\linkResolver.cpp, line 773]
Event: 0.926 Thread 0x166a3400 Exception <a 'java/lang/NoSuchMethodError'{0x05509758}: 'long java.lang.invoke.DirectMethodHandle$Holder.invokeStaticInit(java.lang.Object, java.lang.Object, java.lang.Object)'> (0x05509758) thrown at [s\src\hotspot\share\interpreter\linkResolver.cpp, line 773]
Event: 0.927 Thread 0x166a3400 Exception <a 'java/lang/NoSuchMethodError'{0x055467e0}: 'java.lang.Object java.lang.invoke.DirectMethodHandle$Holder.invokeStatic(java.lang.Object, java.lang.Object, long)'> (0x055467e0) thrown at [s\src\hotspot\share\interpreter\linkResolver.cpp, line 773]
Event: 0.927 Thread 0x166a3400 Exception <a 'java/lang/NoSuchMethodError'{0x0554c230}: 'java.lang.Object java.lang.invoke.Invokers$Holder.linkToTargetMethod(java.lang.Object, long, java.lang.Object)'> (0x0554c230) thrown at [s\src\hotspot\share\interpreter\linkResolver.cpp, line 773]
Event: 2.282 Thread 0x166a3400 Exception <a 'java/lang/NoSuchMethodError'{0x059e26a8}: 'java.lang.Object java.lang.invoke.DirectMethodHandle$Holder.invokeStatic(java.lang.Object, java.lang.Object, int, int, int, int, int, java.lang.Object)'> (0x059e26a8) thrown at [s\src\hotspot\share\interpreter\linkResolver.cpp, line 773]
Event: 2.282 Thread 0x166a3400 Exception <a 'java/lang/NoSuchMethodError'{0x059f1e70}: 'java.lang.Object java.lang.invoke.DirectMethodHandle$Holder.invokeStatic(java.lang.Object, java.lang.Object, java.lang.Object, int, int, int, int, int)'> (0x059f1e70) thrown at [s\src\hotspot\share\interpreter\linkResolver.cpp, line 773]
Event: 2.282 Thread 0x166a3400 Exception <a 'java/lang/NoSuchMethodError'{0x059f7f60}: 'java.lang.Object java.lang.invoke.Invokers$Holder.linkToTargetMethod(java.lang.Object, java.lang.Object, int, int, int, int, int, java.lang.Object)'> (0x059f7f60) thrown at [s\src\hotspot\share\interpreter\linkResolver.cpp, line 773]
Event: 2.352 Thread 0x166a3400 Exception <a 'java/io/FileNotFoundException'{0x05a6c320}> (0x05a6c320) thrown at [s\src\hotspot\share\prims\jni.cpp, line 617]
Event: 2.357 Thread 0x166a3400 Exception <a 'java/io/FileNotFoundException'{0x05abd2c0}> (0x05abd2c0) thrown at [s\src\hotspot\share\prims\jni.cpp, line 617]
Event: 31.074 Thread 0x166a3400 Exception <a 'java/lang/IllegalArgumentException'{0x05558b78}> (0x05558b78) thrown at [s\src\hotspot\share\prims\jvm.cpp, line 1310]
Event: 31.098 Thread 0x166a3400 Exception <a 'java/lang/IllegalArgumentException'{0x055a1eb0}> (0x055a1eb0) thrown at [s\src\hotspot\share\prims\jvm.cpp, line 1310]
Event: 31.109 Thread 0x166a3400 Exception <a 'java/lang/IllegalArgumentException'{0x055ad870}> (0x055ad870) thrown at [s\src\hotspot\share\prims\jvm.cpp, line 1310]
Event: 31.121 Thread 0x166a3400 Exception <a 'java/lang/IllegalArgumentException'{0x055b9220}> (0x055b9220) thrown at [s\src\hotspot\share\prims\jvm.cpp, line 1310]

Events (20 events):
Event: 28.995 Executing VM operation: RevokeBias
Event: 28.995 Executing VM operation: RevokeBias done
Event: 29.595 Executing VM operation: GenCollectForAllocation
Event: 29.596 Executing VM operation: GenCollectForAllocation done
Event: 29.628 loading class com/sun/prism/impl/ManagedResource
Event: 29.628 loading class com/sun/prism/impl/ManagedResource done
Event: 29.628 loading class com/sun/prism/impl/BaseResourcePool$Predicate
Event: 29.628 loading class com/sun/prism/impl/BaseResourcePool$Predicate done
Event: 29.638 Executing VM operation: RevokeBias
Event: 29.638 Executing VM operation: RevokeBias done
Event: 29.661 Executing VM operation: GenCollectForAllocation
Event: 29.687 Executing VM operation: GenCollectForAllocation done
Event: 31.038 loading class javafx/application/Application
Event: 31.038 loading class javafx/application/Application done
Event: 31.038 loading class javafx/application/Application
Event: 31.038 loading class javafx/application/Application done
Event: 31.075 loading class java/lang/Throwable$WrappedPrintStream
Event: 31.075 loading class java/lang/Throwable$PrintStreamOrWriter
Event: 31.075 loading class java/lang/Throwable$PrintStreamOrWriter done
Event: 31.075 loading class java/lang/Throwable$WrappedPrintStream done


Dynamic libraries:
0x003d0000 - 0x003dc000 	C:\Program Files (x86)\Eclipse Adoptium\jdk-11.0.21.9-hotspot\bin\java.exe
0x77180000 - 0x77331000 	C:\WINDOWS\SYSTEM32\ntdll.dll
0x763f0000 - 0x764e0000 	C:\WINDOWS\System32\KERNEL32.DLL
0x76640000 - 0x768b5000 	C:\WINDOWS\System32\KERNELBASE.dll
0x74c40000 - 0x74ce6000 	C:\WINDOWS\SYSTEM32\apphelp.dll
0x768c0000 - 0x769d2000 	C:\WINDOWS\System32\ucrtbase.dll
0x748b0000 - 0x748c5000 	C:\Program Files (x86)\Eclipse Adoptium\jdk-11.0.21.9-hotspot\bin\jli.dll
0x74890000 - 0x748a3000 	C:\Program Files (x86)\Eclipse Adoptium\jdk-11.0.21.9-hotspot\bin\VCRUNTIME140.dll
0x750a0000 - 0x75249000 	C:\WINDOWS\System32\USER32.dll
0x754e0000 - 0x754fa000 	C:\WINDOWS\System32\win32u.dll
0x70f60000 - 0x71188000 	C:\WINDOWS\WinSxS\x86_microsoft.windows.common-controls_6595b64144ccf1df_6.0.22621.3235_none_6ebcabb88802389e\COMCTL32.dll
0x76ce0000 - 0x76d03000 	C:\WINDOWS\System32\GDI32.dll
0x76570000 - 0x76634000 	C:\WINDOWS\System32\msvcrt.dll
0x75df0000 - 0x75ed2000 	C:\WINDOWS\System32\gdi32full.dll
0x74e00000 - 0x74e79000 	C:\WINDOWS\System32\msvcp_win.dll
0x75500000 - 0x75525000 	C:\WINDOWS\System32\IMM32.DLL
0x6def0000 - 0x6df5f000 	C:\Program Files (x86)\Eclipse Adoptium\jdk-11.0.21.9-hotspot\bin\msvcp140.dll
0x67ab0000 - 0x67f8b000 	C:\Program Files (x86)\Eclipse Adoptium\jdk-11.0.21.9-hotspot\bin\client\jvm.dll
0x75c70000 - 0x75cef000 	C:\WINDOWS\System32\ADVAPI32.dll
0x75530000 - 0x755b5000 	C:\WINDOWS\System32\sechost.dll
0x75080000 - 0x7509a000 	C:\WINDOWS\System32\bcrypt.dll
0x76d70000 - 0x76e2a000 	C:\WINDOWS\System32\RPCRT4.dll
0x77000000 - 0x77006000 	C:\WINDOWS\System32\PSAPI.DLL
0x74620000 - 0x74651000 	C:\WINDOWS\SYSTEM32\WINMM.dll
0x74610000 - 0x74618000 	C:\WINDOWS\SYSTEM32\VERSION.dll
0x73ea0000 - 0x73ea8000 	C:\WINDOWS\SYSTEM32\WSOCK32.dll
0x76d10000 - 0x76d6f000 	C:\WINDOWS\System32\WS2_32.dll
0x745c0000 - 0x745d3000 	C:\WINDOWS\SYSTEM32\kernel.appcore.dll
0x74c30000 - 0x74c3d000 	C:\Program Files (x86)\Eclipse Adoptium\jdk-11.0.21.9-hotspot\bin\verify.dll
0x68240000 - 0x68416000 	C:\WINDOWS\SYSTEM32\DBGHELP.DLL
0x76a60000 - 0x76cdc000 	C:\WINDOWS\System32\combase.dll
0x74fe0000 - 0x7507c000 	C:\WINDOWS\System32\OLEAUT32.dll
0x74860000 - 0x74889000 	C:\WINDOWS\SYSTEM32\dbgcore.DLL
0x75410000 - 0x75472000 	C:\WINDOWS\System32\bcryptPrimitives.dll
0x6dbc0000 - 0x6dbe2000 	C:\Program Files (x86)\Eclipse Adoptium\jdk-11.0.21.9-hotspot\bin\java.dll
0x74a30000 - 0x74a39000 	C:\Program Files (x86)\Eclipse Adoptium\jdk-11.0.21.9-hotspot\bin\jimage.dll
0x71830000 - 0x7183d000 	C:\Program Files (x86)\Eclipse Adoptium\jdk-11.0.21.9-hotspot\bin\instrument.dll
0x6dba0000 - 0x6dbb6000 	C:\Program Files (x86)\Eclipse Adoptium\jdk-11.0.21.9-hotspot\bin\zip.dll
0x755c0000 - 0x75c59000 	C:\WINDOWS\System32\SHELL32.dll
0x722c0000 - 0x729af000 	C:\WINDOWS\SYSTEM32\windows.storage.dll
0x721f0000 - 0x722b7000 	C:\WINDOWS\SYSTEM32\wintypes.dll
0x75ee0000 - 0x75fa1000 	C:\WINDOWS\System32\SHCORE.dll
0x77010000 - 0x7705b000 	C:\WINDOWS\System32\shlwapi.dll
0x73e40000 - 0x73e59000 	C:\WINDOWS\SYSTEM32\profapi.dll
0x6db80000 - 0x6db94000 	C:\Program Files (x86)\Eclipse Adoptium\jdk-11.0.21.9-hotspot\bin\net.dll
0x746e0000 - 0x747bc000 	C:\WINDOWS\SYSTEM32\WINHTTP.dll
0x720d0000 - 0x72121000 	C:\WINDOWS\system32\mswsock.dll
0x747f0000 - 0x747ff000 	C:\Program Files (x86)\Eclipse Adoptium\jdk-11.0.21.9-hotspot\bin\nio.dll
0x6da60000 - 0x6da76000 	C:\Users\luigu\AppData\Local\Programs\IntelliJ IDEA Ultimate\bin\breakgen.dll
0x70eb0000 - 0x70eb3000 	C:\Users\luigu\.openjfx\cache\17.0.6\api-ms-win-core-console-l1-1-0.dll
0x6dee0000 - 0x6dee3000 	C:\Users\luigu\.openjfx\cache\17.0.6\api-ms-win-core-console-l1-2-0.dll
0x6da50000 - 0x6da53000 	C:\Users\luigu\.openjfx\cache\17.0.6\api-ms-win-core-datetime-l1-1-0.dll
0x6da40000 - 0x6da43000 	C:\Users\luigu\.openjfx\cache\17.0.6\api-ms-win-core-debug-l1-1-0.dll
0x6d1b0000 - 0x6d1b3000 	C:\Users\luigu\.openjfx\cache\17.0.6\api-ms-win-core-errorhandling-l1-1-0.dll
0x6cef0000 - 0x6cef4000 	C:\Users\luigu\.openjfx\cache\17.0.6\api-ms-win-core-file-l1-1-0.dll
0x6cee0000 - 0x6cee3000 	C:\Users\luigu\.openjfx\cache\17.0.6\api-ms-win-core-file-l1-2-0.dll
0x6ced0000 - 0x6ced3000 	C:\Users\luigu\.openjfx\cache\17.0.6\api-ms-win-core-file-l2-1-0.dll
0x6ceb0000 - 0x6ceb3000 	C:\Users\luigu\.openjfx\cache\17.0.6\api-ms-win-core-handle-l1-1-0.dll
0x6cea0000 - 0x6cea3000 	C:\Users\luigu\.openjfx\cache\17.0.6\api-ms-win-core-heap-l1-1-0.dll
0x6ce80000 - 0x6ce83000 	C:\Users\luigu\.openjfx\cache\17.0.6\api-ms-win-core-interlocked-l1-1-0.dll
0x6ce70000 - 0x6ce73000 	C:\Users\luigu\.openjfx\cache\17.0.6\api-ms-win-core-libraryloader-l1-1-0.dll
0x6ce40000 - 0x6ce43000 	C:\Users\luigu\.openjfx\cache\17.0.6\api-ms-win-core-localization-l1-2-0.dll
0x697a0000 - 0x697a3000 	C:\Users\luigu\.openjfx\cache\17.0.6\api-ms-win-core-memory-l1-1-0.dll
0x69790000 - 0x69793000 	C:\Users\luigu\.openjfx\cache\17.0.6\api-ms-win-core-namedpipe-l1-1-0.dll
0x69780000 - 0x69783000 	C:\Users\luigu\.openjfx\cache\17.0.6\api-ms-win-core-processenvironment-l1-1-0.dll
0x68f30000 - 0x68f33000 	C:\Users\luigu\.openjfx\cache\17.0.6\api-ms-win-core-processthreads-l1-1-0.dll
0x68230000 - 0x68233000 	C:\Users\luigu\.openjfx\cache\17.0.6\api-ms-win-core-processthreads-l1-1-1.dll
0x68220000 - 0x68223000 	C:\Users\luigu\.openjfx\cache\17.0.6\api-ms-win-core-profile-l1-1-0.dll
0x68210000 - 0x68213000 	C:\Users\luigu\.openjfx\cache\17.0.6\api-ms-win-core-rtlsupport-l1-1-0.dll
0x67aa0000 - 0x67aa3000 	C:\Users\luigu\.openjfx\cache\17.0.6\api-ms-win-core-string-l1-1-0.dll
0x67a90000 - 0x67a93000 	C:\Users\luigu\.openjfx\cache\17.0.6\api-ms-win-core-synch-l1-1-0.dll
0x67a80000 - 0x67a83000 	C:\Users\luigu\.openjfx\cache\17.0.6\api-ms-win-core-synch-l1-2-0.dll
0x67a70000 - 0x67a73000 	C:\Users\luigu\.openjfx\cache\17.0.6\api-ms-win-core-sysinfo-l1-1-0.dll
0x67a60000 - 0x67a63000 	C:\Users\luigu\.openjfx\cache\17.0.6\api-ms-win-core-timezone-l1-1-0.dll
0x67a50000 - 0x67a53000 	C:\Users\luigu\.openjfx\cache\17.0.6\api-ms-win-core-util-l1-1-0.dll
0x67a40000 - 0x67a43000 	C:\Users\luigu\.openjfx\cache\17.0.6\api-ms-win-crt-conio-l1-1-0.dll
0x67a30000 - 0x67a34000 	C:\Users\luigu\.openjfx\cache\17.0.6\api-ms-win-crt-convert-l1-1-0.dll
0x67a20000 - 0x67a23000 	C:\Users\luigu\.openjfx\cache\17.0.6\api-ms-win-crt-environment-l1-1-0.dll
0x67a10000 - 0x67a13000 	C:\Users\luigu\.openjfx\cache\17.0.6\api-ms-win-crt-filesystem-l1-1-0.dll
0x67a00000 - 0x67a03000 	C:\Users\luigu\.openjfx\cache\17.0.6\api-ms-win-crt-heap-l1-1-0.dll
0x679f0000 - 0x679f3000 	C:\Users\luigu\.openjfx\cache\17.0.6\api-ms-win-crt-locale-l1-1-0.dll
0x679e0000 - 0x679e5000 	C:\Users\luigu\.openjfx\cache\17.0.6\api-ms-win-crt-math-l1-1-0.dll
0x679d0000 - 0x679d5000 	C:\Users\luigu\.openjfx\cache\17.0.6\api-ms-win-crt-multibyte-l1-1-0.dll
0x679c0000 - 0x679d0000 	C:\Users\luigu\.openjfx\cache\17.0.6\api-ms-win-crt-private-l1-1-0.dll
0x679b0000 - 0x679b3000 	C:\Users\luigu\.openjfx\cache\17.0.6\api-ms-win-crt-process-l1-1-0.dll
0x679a0000 - 0x679a4000 	C:\Users\luigu\.openjfx\cache\17.0.6\api-ms-win-crt-runtime-l1-1-0.dll
0x67990000 - 0x67994000 	C:\Users\luigu\.openjfx\cache\17.0.6\api-ms-win-crt-stdio-l1-1-0.dll
0x67980000 - 0x67984000 	C:\Users\luigu\.openjfx\cache\17.0.6\api-ms-win-crt-string-l1-1-0.dll
0x67970000 - 0x67973000 	C:\Users\luigu\.openjfx\cache\17.0.6\api-ms-win-crt-time-l1-1-0.dll
0x67960000 - 0x67963000 	C:\Users\luigu\.openjfx\cache\17.0.6\api-ms-win-crt-utility-l1-1-0.dll
0x67830000 - 0x67953000 	C:\Users\luigu\.openjfx\cache\17.0.6\ucrtbase.dll
0x67810000 - 0x67824000 	C:\Users\luigu\.openjfx\cache\17.0.6\vcruntime140.dll
0x677a0000 - 0x6780d000 	C:\Users\luigu\.openjfx\cache\17.0.6\msvcp140.dll
0x67790000 - 0x67797000 	C:\Users\luigu\.openjfx\cache\17.0.6\msvcp140_1.dll
0x67760000 - 0x67789000 	C:\Users\luigu\.openjfx\cache\17.0.6\msvcp140_2.dll
0x67730000 - 0x67756000 	C:\Users\luigu\.openjfx\cache\17.0.6\prism_d3d.dll
0x675b0000 - 0x67721000 	C:\WINDOWS\system32\d3d9.dll
0x6e260000 - 0x6e284000 	C:\WINDOWS\SYSTEM32\dwmapi.dll
0x711f0000 - 0x7121e000 	C:\WINDOWS\SYSTEM32\dxcore.dll
0x74bb0000 - 0x74c2f000 	C:\WINDOWS\system32\uxtheme.dll
0x67520000 - 0x675b0000 	C:\WINDOWS\SYSTEM32\d3d9on12.dll
0x6e8a0000 - 0x6e96a000 	C:\WINDOWS\SYSTEM32\dxgi.dll
0x67500000 - 0x6751d000 	C:\WINDOWS\SYSTEM32\d3d12.dll
0x736e0000 - 0x7371d000 	C:\WINDOWS\SYSTEM32\cfgmgr32.dll
0x67350000 - 0x67500000 	C:\WINDOWS\SYSTEM32\D3D12Core.dll
0x67330000 - 0x6734d000 	C:\WINDOWS\System32\DriverStore\FileRepository\iigd_dch.inf_amd64_3c65364e14984512\igd12umd32.dll
0x634a0000 - 0x640ca000 	C:\WINDOWS\System32\DriverStore\FileRepository\iigd_dch.inf_amd64_3c65364e14984512\igd12um32xel.dll
0x77060000 - 0x77163000 	C:\WINDOWS\System32\CRYPT32.dll
0x74e80000 - 0x74fd5000 	C:\WINDOWS\System32\ole32.dll
0x672f0000 - 0x67325000 	C:\WINDOWS\SYSTEM32\ControlLib32.dll
0x75fb0000 - 0x763ed000 	C:\WINDOWS\System32\SETUPAPI.dll
0x71770000 - 0x71794000 	C:\WINDOWS\SYSTEM32\DEVOBJ.dll
0x67270000 - 0x672e2000 	C:\WINDOWS\System32\DriverStore\FileRepository\iigd_dch.inf_amd64_3c65364e14984512\IntelControlLib32.dll
0x75480000 - 0x754d7000 	C:\WINDOWS\System32\WINTRUST.dll
0x71760000 - 0x7176e000 	C:\WINDOWS\SYSTEM32\MSASN1.dll
0x6d170000 - 0x6d1ac000 	C:\WINDOWS\SYSTEM32\directxdatabasehelper.dll
0x64e10000 - 0x6513f000 	C:\WINDOWS\System32\DriverStore\FileRepository\iigd_dch.inf_amd64_3c65364e14984512\igdgmm32.dll
0x697b0000 - 0x6ce35000 	C:\WINDOWS\System32\DriverStore\FileRepository\iigd_dch.inf_amd64_3c65364e14984512\igc32.dll
0x67240000 - 0x67261000 	C:\WINDOWS\SYSTEM32\D3DSCache.dll
0x749f0000 - 0x74a0f000 	C:\WINDOWS\SYSTEM32\USERENV.dll
0x62220000 - 0x6349b000 	C:\WINDOWS\System32\DriverStore\FileRepository\iigd_dch.inf_amd64_3c65364e14984512\igd12dxva32.dll
0x60530000 - 0x62220000 	C:\WINDOWS\System32\DriverStore\FileRepository\iigd_dch.inf_amd64_3c65364e14984512\media_bin_32.dll
0x67220000 - 0x67240000 	C:\WINDOWS\System32\DriverStore\FileRepository\iigd_dch.inf_amd64_3c65364e14984512\igdinfo32.dll
0x71bb0000 - 0x71bc5000 	C:\WINDOWS\SYSTEM32\CRYPTSP.dll
0x71b80000 - 0x71bb0000 	C:\WINDOWS\system32\rsaenh.dll
0x71b70000 - 0x71b7b000 	C:\WINDOWS\SYSTEM32\CRYPTBASE.dll
0x6cf80000 - 0x6d16c000 	C:\WINDOWS\SYSTEM32\twinapi.appcore.dll
0x671e0000 - 0x67217000 	C:\Users\luigu\.openjfx\cache\17.0.6\glass.dll

dbghelp: loaded successfully - version: 4.0.5 - missing functions: none
symbol engine: initialized successfully - sym options: 0x614 - pdb path: .;C:\Program Files (x86)\Eclipse Adoptium\jdk-11.0.21.9-hotspot\bin;C:\WINDOWS\SYSTEM32;C:\WINDOWS\WinSxS\x86_microsoft.windows.common-controls_6595b64144ccf1df_6.0.22621.3235_none_6ebcabb88802389e;C:\Program Files (x86)\Eclipse Adoptium\jdk-11.0.21.9-hotspot\bin\client;C:\Users\luigu\AppData\Local\Programs\IntelliJ IDEA Ultimate\bin;C:\Users\luigu\.openjfx\cache\17.0.6;C:\WINDOWS\System32\DriverStore\FileRepository\iigd_dch.inf_amd64_3c65364e14984512;C:\ProgramData\A-Volute\A-Volute.Nahimic\Modules\Scheduled;C:\Program Files (x86)\Common Files\Microsoft Shared\Ink

VM Arguments:
jvm_args: -javaagent:C:\Users\luigu\AppData\Local\Programs\IntelliJ IDEA Ultimate\lib\idea_rt.jar=56155:C:\Users\luigu\AppData\Local\Programs\IntelliJ IDEA Ultimate\bin -Dfile.encoding=UTF-8 --module-path=C:\Users\luigu\.m2\repository\com\dlsc\formsfx\formsfx-core\11.6.0\formsfx-core-11.6.0.jar;C:\Users\luigu\.m2\repository\org\openjfx\javafx-base\17.0.6\javafx-base-17.0.6-win-x86.jar;C:\Users\luigu\.m2\repository\org\kordamp\bootstrapfx\bootstrapfx-core\0.4.0\bootstrapfx-core-0.4.0.jar;C:\Users\luigu\.m2\repository\net\synedra\validatorfx\0.4.0\validatorfx-0.4.0.jar;C:\Users\luigu\.m2\repository\org\openjfx\javafx-controls\17.0.6\javafx-controls-17.0.6-win-x86.jar;C:\Users\luigu\IdeaProjects\Joyeria_ProyectoMult\target\classes;C:\Users\luigu\.m2\repository\org\controlsfx\controlsfx\11.1.2\controlsfx-11.1.2.jar;C:\Users\luigu\.m2\repository\org\openjfx\javafx-fxml\17.0.6\javafx-fxml-17.0.6-win-x86.jar;C:\Users\luigu\.m2\repository\org\openjfx\javafx-graphics\17.0.6\javafx-graphics-17.0.6-win-x86.jar -Djdk.module.main=com.eduard034.joyeria_proyectomult 
java_command: com.eduard034.joyeria_proyectomult/com.eduard034.joyeria_proyectomult.JoyeriaApp
java_class_path (initial): C:\Users\luigu\.m2\repository\org\openjfx\javafx-controls\17.0.6\javafx-controls-17.0.6.jar;C:\Users\luigu\.m2\repository\org\openjfx\javafx-graphics\17.0.6\javafx-graphics-17.0.6.jar;C:\Users\luigu\.m2\repository\org\openjfx\javafx-base\17.0.6\javafx-base-17.0.6.jar;C:\Users\luigu\.m2\repository\org\openjfx\javafx-fxml\17.0.6\javafx-fxml-17.0.6.jar
Launcher Type: SUN_STANDARD

[Global flags]
   size_t InitialHeapSize                          = 16777216                                  {product} {ergonomic}
   size_t MaxHeapSize                              = 268435456                                 {product} {ergonomic}
   size_t MaxNewSize                               = 89456640                                  {product} {ergonomic}
   size_t MinHeapDeltaBytes                        = 131072                                    {product} {ergonomic}
   size_t NewSize                                  = 5570560                                   {product} {ergonomic}
    uintx NonProfiledCodeHeapSize                  = 0                                      {pd product} {ergonomic}
   size_t OldSize                                  = 11206656                                  {product} {ergonomic}
    uintx ProfiledCodeHeapSize                     = 0                                      {pd product} {ergonomic}
     bool ThreadLocalHandshakes                    = false                                  {pd product} {ergonomic}
     bool UseLargePagesIndividualAllocation        = false                                  {pd product} {ergonomic}
     bool UseSerialGC                              = true                                      {product} {ergonomic}

Logging:
Log output configuration:
 #0: stdout all=warning uptime,level,tags
 #1: stderr all=off uptime,level,tags

Environment Variables:
PATH=C:\Program Files (x86)\Eclipse Adoptium\jre-11.0.21.9-hotspot\bin;C:\Program Files (x86)\Eclipse Adoptium\jdk-11.0.21.9-hotspot\bin;C:\Program Files (x86)\VMware\VMware Player\bin\;C:\Windows\system32;C:\Windows;C:\Windows\System32\Wbem;C:\Windows\System32\WindowsPowerShell\v1.0\;C:\Windows\System32\OpenSSH\;C:\Program Files (x86)\NVIDIA Corporation\PhysX\Common;C:\Program Files\NVIDIA Corporation\NVIDIA NvDLISR;C:\WINDOWS\system32;C:\WINDOWS;C:\WINDOWS\System32\Wbem;C:\WINDOWS\System32\WindowsPowerShell\v1.0\;C:\WINDOWS\System32\OpenSSH\;C:\Program Files\Git\cmd;C:\Users\luigu\AppData\Local\Microsoft\WindowsApps;C:\Users\luigu\AppData\Local\Programs\Microsoft VS Code\bin;C:\Users\luigu\AppData\Local\JetBrains\Toolbox\scripts;C:\Users\luigu\AppData\Local\GitHubDesktop\bin
USERNAME=luigu
OS=Windows_NT
PROCESSOR_IDENTIFIER=Intel64 Family 6 Model 154 Stepping 3, GenuineIntel
TMP=C:\Users\luigu\AppData\Local\Temp
TEMP=C:\Users\luigu\AppData\Local\Temp



---------------  S Y S T E M  ---------------

OS: Windows 11 , 64 bit Build 22621 (10.0.22621.3374)
OS uptime: 0 days 4:53 hours

CPU:total 12 (initial active 12) (6 cores per cpu, 2 threads per core) family 6 model 154 stepping 3 microcode 0x419, cmov, cx8, fxsr, mmx, sse, sse2, sse3, ssse3, sse4.1, sse4.2, popcnt, avx, avx2, aes, clmul, erms, 3dnowpref, lzcnt, ht, tsc, tscinvbit, bmi1, bmi2, adx, sha, fma

Memory: 4k page, system-wide physical 7917M (693M free)
TotalPageFile size 19693M (AvailPageFile size 4009M), user-mode portion of virtual address-space 2047M (1229M free)
current process WorkingSet (physical memory assigned to process): 260M, peak: 268M
current process commit charge ("private bytes"): 272M, peak: 272M

vm_info: OpenJDK Client VM (11.0.21+9) for windows-x86 JRE (11.0.21+9), built on Oct 17 2023 17:27:10 by "" with MS VC++ 15.9 (VS2017)

END.
