#
# A fatal error has been detected by the Java Runtime Environment:
#
#  EXCEPTION_ACCESS_VIOLATION (0xc0000005) at pc=0x6ad06c62, pid=10052, tid=27808
#
# JRE version: OpenJDK Runtime Environment Temurin-11.0.21+9 (11.0.21+9) (build 11.0.21+9)
# Java VM: OpenJDK Client VM Temurin-11.0.21+9 (11.0.21+9, mixed mode, serial gc, windows-x86)
# Problematic frame:
# C  [glass.dll+0x16c62]
#
# No core dump will be written. Minidumps are not enabled by default on client versions of Windows
#
# If you would like to submit a bug report, please visit:
#   https://github.com/adoptium/adoptium-support/issues
# The crash happened outside the Java Virtual Machine in native code.
# See problematic frame for where to report the bug.
#

---------------  S U M M A R Y ------------

Command Line: -javaagent:C:\Users\luigu\AppData\Local\Programs\IntelliJ IDEA Ultimate\lib\idea_rt.jar=49200:C:\Users\luigu\AppData\Local\Programs\IntelliJ IDEA Ultimate\bin -Dfile.encoding=UTF-8 --module-path=C:\Users\luigu\.m2\repository\net\synedra\validatorfx\0.4.0\validatorfx-0.4.0.jar;C:\Users\luigu\.m2\repository\org\openjfx\javafx-graphics\17.0.6\javafx-graphics-17.0.6-win-x86.jar;C:\Users\luigu\IdeaProjects\Joyeria_ProyectoMult\target\classes;C:\Users\luigu\.m2\repository\org\kordamp\bootstrapfx\bootstrapfx-core\0.4.0\bootstrapfx-core-0.4.0.jar;C:\Users\luigu\.m2\repository\org\openjfx\javafx-fxml\17.0.6\javafx-fxml-17.0.6-win-x86.jar;C:\Users\luigu\.m2\repository\com\dlsc\formsfx\formsfx-core\11.6.0\formsfx-core-11.6.0.jar;C:\Users\luigu\.m2\repository\org\openjfx\javafx-controls\17.0.6\javafx-controls-17.0.6-win-x86.jar;C:\Users\luigu\.m2\repository\org\controlsfx\controlsfx\11.1.2\controlsfx-11.1.2.jar;C:\Users\luigu\.m2\repository\org\openjfx\javafx-base\17.0.6\javafx-base-17.0.6-win-x86.jar -Djdk.module.main=com.eduard034.joyeria_proyectomult com.eduard034.joyeria_proyectomult/com.eduard034.joyeria_proyectomult.JoyeriaApp

Host: 12th Gen Intel(R) Core(TM) i5-12450H, 12 cores, 7G,  Windows 11 , 64 bit Build 22621 (10.0.22621.3374)
Time: Thu Apr 18 14:18:52 2024 Hora estándar central (México) elapsed time: 150.855936 seconds (0d 0h 2m 30s)

---------------  T H R E A D  ---------------

Current thread (0x16b2dc00):  JavaThread "JavaFX Application Thread" [_thread_in_native, id=27808, stack(0x1a670000,0x1a6c0000)]

Stack: [0x1a670000,0x1a6c0000],  sp=0x1a6be4cc,  free space=313k
Native frames: (J=compiled Java code, A=aot compiled Java code, j=interpreted, Vv=VM code, C=native code)
C  [glass.dll+0x16c62]

Java frames: (J=compiled Java code, j=interpreted, Vv=VM code)
j  com.sun.glass.ui.win.WinWindow._close(J)Z+0 javafx.graphics
j  com.sun.glass.ui.Window.close()V+63 javafx.graphics
j  com.sun.glass.ui.win.WinWindow.close()V+8 javafx.graphics
j  com.sun.glass.ui.Application.terminate()V+75 javafx.graphics
j  com.sun.javafx.tk.quantum.QuantumToolkit.lambda$exit$13()Ljava/lang/Object;+5 javafx.graphics
j  com.sun.javafx.tk.quantum.QuantumToolkit$$Lambda$689.get()Ljava/lang/Object;+0 javafx.graphics
j  com.sun.javafx.tk.quantum.QuantumToolkit.runWithRenderLock(Ljava/util/function/Supplier;)Ljava/lang/Object;+7 javafx.graphics
j  com.sun.javafx.tk.quantum.QuantumToolkit.exit()V+26 javafx.graphics
j  com.sun.javafx.application.PlatformImpl.lambda$tkExit$16()V+3 javafx.graphics
j  com.sun.javafx.application.PlatformImpl$$Lambda$688.run()V+0 javafx.graphics
j  com.sun.javafx.application.PlatformImpl.lambda$runAndWait$12(Ljava/lang/Runnable;Ljava/util/concurrent/CountDownLatch;)V+1 javafx.graphics
j  com.sun.javafx.application.PlatformImpl$$Lambda$87.run()V+8 javafx.graphics
j  com.sun.javafx.application.PlatformImpl.lambda$runLater$10(Ljava/lang/Runnable;)Ljava/lang/Void;+1 javafx.graphics
j  com.sun.javafx.application.PlatformImpl$$Lambda$90.run()Ljava/lang/Object;+4 javafx.graphics
v  ~StubRoutines::call_stub
J 1414  java.security.AccessController.doPrivileged(Ljava/security/PrivilegedAction;Ljava/security/AccessControlContext;)Ljava/lang/Object; java.base@11.0.21 (0 bytes) @ 0x0395de47 [0x0395dde0+0x00000067]
j  com.sun.javafx.application.PlatformImpl.lambda$runLater$11(Ljava/lang/Runnable;Ljava/security/AccessControlContext;)V+7 javafx.graphics
j  com.sun.javafx.application.PlatformImpl$$Lambda$88.run()V+8 javafx.graphics
J 2543 c1 com.sun.glass.ui.InvokeLaterDispatcher$Future.run()V javafx.graphics (91 bytes) @ 0x03aa9d80 [0x03aa9d50+0x00000030]
v  ~StubRoutines::call_stub
j  com.sun.glass.ui.win.WinApplication._runLoop(Ljava/lang/Runnable;)V+0 javafx.graphics
j  com.sun.glass.ui.win.WinApplication.lambda$runLoop$3(ILjava/lang/Runnable;)V+8 javafx.graphics
j  com.sun.glass.ui.win.WinApplication$$Lambda$78.run()V+12 javafx.graphics
j  java.lang.Thread.run()V+11 java.base@11.0.21
v  ~StubRoutines::call_stub

siginfo: EXCEPTION_ACCESS_VIOLATION (0xc0000005), reading address 0x000000b8


Register to memory mapping:

EIP=0x6ad06c62 glass.dll
EAX=0x0 is NULL
EBX=0x1a6be700 is pointing into the stack for thread: 0x16b2dc00
ECX=0x0 is NULL
EDX=0x0 is NULL
ESP=0x1a6be4cc is pointing into the stack for thread: 0x16b2dc00
EBP=0x1a6be4f8 is pointing into the stack for thread: 0x16b2dc00
ESI=0x00000401 is an unknown value
EDI=0x0 is NULL


Registers:
EAX=0x00000000, EBX=0x1a6be700, ECX=0x00000000, EDX=0x00000000
ESP=0x1a6be4cc, EBP=0x1a6be4f8, ESI=0x00000401, EDI=0x00000000
EIP=0x6ad06c62, EFLAGS=0x00010206

Top of Stack: (sp=0x1a6be4cc)
0x1a6be4cc:   1a6be700 00000401 1a6be700 6acf8df8
0x1a6be4dc:   09d95263 16a841f0 00130b00 00000401
0x1a6be4ec:   1a6be62c 6ad102b0 ffffffff 00000000
0x1a6be4fc:   6acf1755 00000401 1a6be700 00000000
0x1a6be50c:   00000401 00130b00 1a6be544 6acf16f0
0x1a6be51c:   76ab30b3 00130b00 00000401 1a6be700
0x1a6be52c:   00000000 00130b00 dcbaabcd 6acf16f0
0x1a6be53c:   00000401 00130b00 1a6be63c 76aa3ef6 

Instructions: (pc=0x6ad06c62)
0x6ad06b62:   21 56 e8 47 42 00 00 ff 35 e8 03 d2 6a 8b f0 ff
0x6ad06b72:   77 68 56 e8 96 de fe ff 56 e8 a0 41 00 00 83 c4
0x6ad06b82:   10 5e c7 05 a4 03 d2 6a 00 00 00 00 5f c3 83 ec
0x6ad06b92:   24 a1 ec e0 d1 6a 33 c4 89 44 24 20 8b 44 24 28
0x6ad06ba2:   53 89 44 24 04 8b d9 8b 44 24 30 89 44 24 08 8b
0x6ad06bb2:   44 24 38 55 89 44 24 10 8b 44 24 38 56 89 83 84
0x6ad06bc2:   00 00 00 8b 44 24 0c 89 5c 24 18 bb 00 00 00 80
0x6ad06bd2:   8b eb 8b f3 57 8b fb 85 c0 79 29 8d 44 24 20 50
0x6ad06be2:   e8 29 aa fe ff 83 c4 04 85 c0 8b 44 24 10 74 14
0x6ad06bf2:   8b 74 24 28 8b 5c 24 20 2b f3 8b 7c 24 2c 8b 6c
0x6ad06c02:   24 24 2b fd 6a 00 50 ff 74 24 1c 68 d8 23 d1 6a
0x6ad06c12:   57 56 8b 74 24 34 8b ce 55 53 ff 74 24 38 e8 db
0x6ad06c22:   a7 fe ff 8b f8 8d 4e 14 57 e8 40 64 00 00 57 8d
0x6ad06c32:   4e 14 e8 c7 64 00 00 8b 4c 24 30 8b c7 5f 5e 5d
0x6ad06c42:   5b 33 cc e8 ae 7a 00 00 83 c4 24 c2 10 00 53 8b
0x6ad06c52:   d9 56 57 ff 73 08 e8 93 a9 fe ff 8b f8 83 c4 04
0x6ad06c62:   8b 87 b8 00 00 00 85 c0 75 03 8b 47 04 3b 05 a4
0x6ad06c72:   03 d2 6a 75 29 e8 34 41 00 00 ff 35 e8 03 d2 6a
0x6ad06c82:   8b f0 ff 77 68 56 e8 83 dd fe ff 56 e8 8d 40 00
0x6ad06c92:   00 83 c4 10 c7 05 a4 03 d2 6a 00 00 00 00 8d 4f
0x6ad06ca2:   14 e8 b8 69 00 00 8d 4f 14 e8 e0 69 00 00 ff 73
0x6ad06cb2:   08 ff 15 f8 fe d1 6a 85 c0 5f 0f 95 c0 5e 88 43
0x6ad06cc2:   04 5b c3 cc cc cc cc cc cc cc cc cc cc cc 55 8b
0x6ad06cd2:   ec 6a ff 68 f7 11 d1 6a 64 a1 00 00 00 00 50 83
0x6ad06ce2:   ec 08 53 56 57 a1 ec e0 d1 6a 33 c5 50 8d 45 f4
0x6ad06cf2:   64 a3 00 00 00 00 8b f9 ff 77 18 ff 15 60 ff d1
0x6ad06d02:   6a 85 c0 75 13 0f 57 c0 66 0f 13 45 ec 8b 55 f0
0x6ad06d12:   8b 45 ec e9 a7 00 00 00 68 dc 00 00 00 e8 96 79
0x6ad06d22:   00 00 83 c4 04 89 45 f0 c7 45 fc 00 00 00 00 85
0x6ad06d32:   c0 74 19 ff 77 18 8b c8 6a 01 6a 00 6a 00 6a 00
0x6ad06d42:   ff 77 10 e8 a6 f9 ff ff 8b d8 eb 02 33 db ff 77
0x6ad06d52:   18 8b cb c7 45 fc ff ff ff ff 6a 00 68 00 00 10 


Stack slot to memory mapping:
stack at sp + 0 slots: 0x1a6be700 is pointing into the stack for thread: 0x16b2dc00
stack at sp + 1 slots: 0x00000401 is an unknown value
stack at sp + 2 slots: 0x1a6be700 is pointing into the stack for thread: 0x16b2dc00
stack at sp + 3 slots: 0x6acf8df8 glass.dll
stack at sp + 4 slots: 0x09d95263 is an unallocated location in the heap
stack at sp + 5 slots: 0x16a841f0 points into unknown readable memory: 0x6ad1319c | 9c 31 d1 6a
stack at sp + 6 slots: 0x00130b00 is an unknown value
stack at sp + 7 slots: 0x00000401 is an unknown value


---------------  P R O C E S S  ---------------

Threads class SMR info:
_java_thread_list=0x16fec1f8, length=17, elements={
0x0365f400, 0x03737c00, 0x03715400, 0x03735400,
0x03737400, 0x159efc00, 0x159f0c00, 0x159f4c00,
0x15a64000, 0x15bba800, 0x16206800, 0x16b1a000,
0x16b2dc00, 0x16ca6400, 0x16ce1c00, 0x16d55800,
0x21addc00
}

Java Threads: ( => current thread )
  0x0365f400 JavaThread "main" [_thread_blocked, id=8340, stack(0x02df0000,0x02e40000)]
  0x03737c00 JavaThread "Reference Handler" daemon [_thread_blocked, id=13716, stack(0x05780000,0x057d0000)]
  0x03715400 JavaThread "Finalizer" daemon [_thread_blocked, id=21240, stack(0x15840000,0x15890000)]
  0x03735400 JavaThread "Signal Dispatcher" daemon [_thread_blocked, id=25800, stack(0x15c00000,0x15c50000)]
  0x03737400 JavaThread "Attach Listener" daemon [_thread_blocked, id=10736, stack(0x15c90000,0x15ce0000)]
  0x159efc00 JavaThread "Service Thread" daemon [_thread_blocked, id=31640, stack(0x15d20000,0x15d70000)]
  0x159f0c00 JavaThread "C1 CompilerThread0" daemon [_thread_blocked, id=5408, stack(0x15db0000,0x15e00000)]
  0x159f4c00 JavaThread "Sweeper thread" daemon [_thread_blocked, id=6892, stack(0x15e40000,0x15e90000)]
  0x15a64000 JavaThread "Common-Cleaner" daemon [_thread_blocked, id=20692, stack(0x15ed0000,0x15f20000)]
  0x15bba800 JavaThread "Monitor Ctrl-Break" daemon [_thread_in_native, id=1076, stack(0x16360000,0x163b0000)]
  0x16206800 JavaThread "QuantumRenderer-0" daemon [_thread_blocked, id=25248, stack(0x16680000,0x166d0000)]
  0x16b1a000 JavaThread "InvokeLaterDispatcher" daemon [_thread_blocked, id=26340, stack(0x1a4e0000,0x1a530000)]
=>0x16b2dc00 JavaThread "JavaFX Application Thread" [_thread_in_native, id=27808, stack(0x1a670000,0x1a6c0000)]
  0x16ca6400 JavaThread "JavaFX-Launcher" [_thread_blocked, id=23428, stack(0x1ec70000,0x1ecc0000)]
  0x16ce1c00 JavaThread "Thread-2" daemon [_thread_in_native, id=24432, stack(0x1ebe0000,0x1ec30000)]
  0x16d55800 JavaThread "Prism Font Disposer" daemon [_thread_blocked, id=28960, stack(0x202a0000,0x202f0000)]
  0x21addc00 JavaThread "Cleaner-0" daemon [_thread_blocked, id=16736, stack(0x23570000,0x235c0000)]

Other Threads:
  0x03712c00 VMThread "VM Thread" [stack: 0x035c0000,0x03610000] [id=24716]
  0x15bbc400 WatcherThread [stack: 0x163f0000,0x16440000] [id=28740]

Threads with active compile tasks:

VM state:not at safepoint (normal execution)

VM Mutex/Monitor currently owned by a thread: None

Heap:
 def new generation   total 14400K, used 12133K [0x05800000, 0x067a0000, 0x0ad50000)
  eden space 12800K,  82% used [0x05800000, 0x06249710, 0x06480000)
  from space 1600K, 100% used [0x06480000, 0x06610000, 0x06610000)
  to   space 1600K,   0% used [0x06610000, 0x06610000, 0x067a0000)
 tenured generation   total 31956K, used 25663K [0x0ad50000, 0x0cc85000, 0x15800000)
   the space 31956K,  80% used [0x0ad50000, 0x0c65fce8, 0x0c65fe00, 0x0cc85000)
 Metaspace       used 16374K, capacity 16789K, committed 17024K, reserved 17792K

Card table byte_map: [0x03030000,0x030c0000] _byte_map_base: 0x03004000

Polling page: 0x01600000

Metaspace:

Usage:
   16.40 MB capacity,    15.99 MB ( 98%) used,   293.49 KB (  2%) free+waste,   120.66 KB ( <1%) overhead. 

Virtual space:
     17.38 MB reserved,      16.63 MB ( 96%) committed 

Chunk freelists:
235.00 KB

MaxMetaspaceSize: 4.00 GB
No class space
Initial GC threshold: 12.00 MB
Current GC threshold: 27.29 MB
CDS: off

CodeCache: size=32768Kb used=4241Kb max_used=4241Kb free=28526Kb
 bounds [0x03740000, 0x03b68000, 0x05740000]
 total_blobs=3540 nmethods=3099 adapters=373
 compilation: enabled
              stopped_count=0, restarted_count=0
 full_count=0

Compilation events (20 events):
Event: 149.737 Thread 0x159f0c00 3090   !         com.sun.javafx.reflect.MethodUtil::invoke (111 bytes)
Event: 149.737 Thread 0x159f0c00 nmethod 3090 0x03b61548 code [0x03b61700, 0x03b61d04]
Event: 149.743 Thread 0x159f0c00 3091             com.sun.javafx.scene.control.behavior.TextInputControlBehavior::addKeyPadMappings (312 bytes)
Event: 149.744 Thread 0x159f0c00 nmethod 3091 0x03b62248 code [0x03b62460, 0x03b629b4]
Event: 149.745 Thread 0x159f0c00 3092             javafx.scene.Node::markDirtyLayoutBranch (63 bytes)
Event: 149.745 Thread 0x159f0c00 nmethod 3092 0x03b62e48 code [0x03b62fc0, 0x03b63228]
Event: 149.751 Thread 0x159f0c00 3093             com.sun.javafx.sg.prism.NGNode::markTreeDirtyNoIncrement (32 bytes)
Event: 149.752 Thread 0x159f0c00 nmethod 3093 0x03b63448 code [0x03b63560, 0x03b6361c]
Event: 149.847 Thread 0x159f0c00 3094             java.lang.Object::wait (6 bytes)
Event: 149.847 Thread 0x159f0c00 nmethod 3094 0x03b636c8 code [0x03b637e0, 0x03b6387c]
Event: 149.927 Thread 0x159f0c00 3095             com.sun.javafx.sg.prism.NGRegion::getNormalizedFillRadii (43 bytes)
Event: 149.927 Thread 0x159f0c00 nmethod 3095 0x03b638c8 code [0x03b63a00, 0x03b63b28]
Event: 150.612 Thread 0x159f0c00 3096             javafx.scene.control.TextInputControl::getLength (8 bytes)
Event: 150.612 Thread 0x159f0c00 nmethod 3096 0x03b63c08 code [0x03b63d20, 0x03b63ddc]
Event: 150.718 Thread 0x159f0c00 3097             java.lang.invoke.DirectMethodHandle$Holder::invokeStatic (15 bytes)
Event: 150.718 Thread 0x159f0c00 nmethod 3097 0x03b63e88 code [0x03b63fb0, 0x03b64078]
Event: 150.755 Thread 0x159f0c00 3098             java.util.LinkedList::size (5 bytes)
Event: 150.755 Thread 0x159f0c00 nmethod 3098 0x03b64148 code [0x03b64250, 0x03b642d0]
Event: 150.823 Thread 0x159f0c00 3099             java.nio.Buffer::clear (20 bytes)
Event: 150.823 Thread 0x159f0c00 nmethod 3099 0x03b64308 code [0x03b64410, 0x03b644a0]

GC Heap History (20 events):
Event: 3.012 GC heap before
{Heap before GC invocations=12 (full 1):
 def new generation   total 8640K, used 8640K [0x05800000, 0x06160000, 0x0ad50000)
  eden space 7680K, 100% used [0x05800000, 0x05f80000, 0x05f80000)
  from space 960K, 100% used [0x06070000, 0x06160000, 0x06160000)
  to   space 960K,   0% used [0x05f80000, 0x05f80000, 0x06070000)
 tenured generation   total 19096K, used 14387K [0x0ad50000, 0x0bff6000, 0x15800000)
   the space 19096K,  75% used [0x0ad50000, 0x0bb5cca8, 0x0bb5ce00, 0x0bff6000)
 Metaspace       used 15848K, capacity 16253K, committed 16256K, reserved 16768K
}
Event: 3.014 GC heap after
{Heap after GC invocations=13 (full 1):
 def new generation   total 8640K, used 701K [0x05800000, 0x06160000, 0x0ad50000)
  eden space 7680K,   0% used [0x05800000, 0x05800000, 0x05f80000)
  from space 960K,  73% used [0x05f80000, 0x0602f558, 0x06070000)
  to   space 960K,   0% used [0x06070000, 0x06070000, 0x06160000)
 tenured generation   total 19096K, used 15341K [0x0ad50000, 0x0bff6000, 0x15800000)
   the space 19096K,  80% used [0x0ad50000, 0x0bc4b628, 0x0bc4b800, 0x0bff6000)
 Metaspace       used 15848K, capacity 16253K, committed 16256K, reserved 16768K
}
Event: 11.030 GC heap before
{Heap before GC invocations=13 (full 1):
 def new generation   total 8640K, used 8381K [0x05800000, 0x06160000, 0x0ad50000)
  eden space 7680K, 100% used [0x05800000, 0x05f80000, 0x05f80000)
  from space 960K,  73% used [0x05f80000, 0x0602f558, 0x06070000)
  to   space 960K,   0% used [0x06070000, 0x06070000, 0x06160000)
 tenured generation   total 19096K, used 15341K [0x0ad50000, 0x0bff6000, 0x15800000)
   the space 19096K,  80% used [0x0ad50000, 0x0bc4b628, 0x0bc4b800, 0x0bff6000)
 Metaspace       used 16038K, capacity 16434K, committed 16512K, reserved 16768K
}
Event: 11.032 GC heap after
{Heap after GC invocations=14 (full 1):
 def new generation   total 8640K, used 621K [0x05800000, 0x06160000, 0x0ad50000)
  eden space 7680K,   0% used [0x05800000, 0x05800000, 0x05f80000)
  from space 960K,  64% used [0x06070000, 0x0610b6b8, 0x06160000)
  to   space 960K,   0% used [0x05f80000, 0x05f80000, 0x06070000)
 tenured generation   total 19096K, used 16019K [0x0ad50000, 0x0bff6000, 0x15800000)
   the space 19096K,  83% used [0x0ad50000, 0x0bcf4c98, 0x0bcf4e00, 0x0bff6000)
 Metaspace       used 16038K, capacity 16434K, committed 16512K, reserved 16768K
}
Event: 20.559 GC heap before
{Heap before GC invocations=14 (full 1):
 def new generation   total 8640K, used 8301K [0x05800000, 0x06160000, 0x0ad50000)
  eden space 7680K, 100% used [0x05800000, 0x05f80000, 0x05f80000)
  from space 960K,  64% used [0x06070000, 0x0610b6b8, 0x06160000)
  to   space 960K,   0% used [0x05f80000, 0x05f80000, 0x06070000)
 tenured generation   total 19096K, used 16019K [0x0ad50000, 0x0bff6000, 0x15800000)
   the space 19096K,  83% used [0x0ad50000, 0x0bcf4c98, 0x0bcf4e00, 0x0bff6000)
 Metaspace       used 16201K, capacity 16607K, committed 16640K, reserved 16768K
}
Event: 20.561 GC heap after
{Heap after GC invocations=15 (full 1):
 def new generation   total 8640K, used 884K [0x05800000, 0x06160000, 0x0ad50000)
  eden space 7680K,   0% used [0x05800000, 0x05800000, 0x05f80000)
  from space 960K,  92% used [0x05f80000, 0x0605d3e0, 0x06070000)
  to   space 960K,   0% used [0x06070000, 0x06070000, 0x06160000)
 tenured generation   total 19096K, used 16578K [0x0ad50000, 0x0bff6000, 0x15800000)
   the space 19096K,  86% used [0x0ad50000, 0x0bd809b0, 0x0bd80a00, 0x0bff6000)
 Metaspace       used 16201K, capacity 16607K, committed 16640K, reserved 16768K
}
Event: 71.478 GC heap before
{Heap before GC invocations=15 (full 1):
 def new generation   total 8640K, used 8564K [0x05800000, 0x06160000, 0x0ad50000)
  eden space 7680K, 100% used [0x05800000, 0x05f80000, 0x05f80000)
  from space 960K,  92% used [0x05f80000, 0x0605d3e0, 0x06070000)
  to   space 960K,   0% used [0x06070000, 0x06070000, 0x06160000)
 tenured generation   total 19096K, used 16578K [0x0ad50000, 0x0bff6000, 0x15800000)
   the space 19096K,  86% used [0x0ad50000, 0x0bd809b0, 0x0bd80a00, 0x0bff6000)
 Metaspace       used 16248K, capacity 16666K, committed 16768K, reserved 16768K
}
Event: 71.481 GC heap after
{Heap after GC invocations=16 (full 1):
 def new generation   total 8640K, used 959K [0x05800000, 0x06160000, 0x0ad50000)
  eden space 7680K,   0% used [0x05800000, 0x05800000, 0x05f80000)
  from space 960K,  99% used [0x06070000, 0x0615fff8, 0x06160000)
  to   space 960K,   0% used [0x05f80000, 0x05f80000, 0x06070000)
 tenured generation   total 19096K, used 17457K [0x0ad50000, 0x0bff6000, 0x15800000)
   the space 19096K,  91% used [0x0ad50000, 0x0be5c438, 0x0be5c600, 0x0bff6000)
 Metaspace       used 16248K, capacity 16666K, committed 16768K, reserved 16768K
}
Event: 89.079 GC heap before
{Heap before GC invocations=16 (full 1):
 def new generation   total 8640K, used 8639K [0x05800000, 0x06160000, 0x0ad50000)
  eden space 7680K, 100% used [0x05800000, 0x05f80000, 0x05f80000)
  from space 960K,  99% used [0x06070000, 0x0615fff8, 0x06160000)
  to   space 960K,   0% used [0x05f80000, 0x05f80000, 0x06070000)
 tenured generation   total 19096K, used 17457K [0x0ad50000, 0x0bff6000, 0x15800000)
   the space 19096K,  91% used [0x0ad50000, 0x0be5c438, 0x0be5c600, 0x0bff6000)
 Metaspace       used 16285K, capacity 16716K, committed 16768K, reserved 16768K
}
Event: 89.083 GC heap after
{Heap after GC invocations=17 (full 1):
 def new generation   total 8640K, used 960K [0x05800000, 0x06160000, 0x0ad50000)
  eden space 7680K,   0% used [0x05800000, 0x05800000, 0x05f80000)
  from space 960K, 100% used [0x05f80000, 0x06070000, 0x06070000)
  to   space 960K,   0% used [0x06070000, 0x06070000, 0x06160000)
 tenured generation   total 19096K, used 18435K [0x0ad50000, 0x0bff6000, 0x15800000)
   the space 19096K,  96% used [0x0ad50000, 0x0bf50d00, 0x0bf50e00, 0x0bff6000)
 Metaspace       used 16285K, capacity 16716K, committed 16768K, reserved 16768K
}
Event: 97.336 GC heap before
{Heap before GC invocations=17 (full 1):
 def new generation   total 8640K, used 8640K [0x05800000, 0x06160000, 0x0ad50000)
  eden space 7680K, 100% used [0x05800000, 0x05f80000, 0x05f80000)
  from space 960K, 100% used [0x05f80000, 0x06070000, 0x06070000)
  to   space 960K,   0% used [0x06070000, 0x06070000, 0x06160000)
 tenured generation   total 19096K, used 18435K [0x0ad50000, 0x0bff6000, 0x15800000)
   the space 19096K,  96% used [0x0ad50000, 0x0bf50d00, 0x0bf50e00, 0x0bff6000)
 Metaspace       used 16294K, capacity 16716K, committed 16768K, reserved 16768K
}
Event: 97.360 GC heap after
{Heap after GC invocations=18 (full 2):
 def new generation   total 14400K, used 0K [0x05800000, 0x067a0000, 0x0ad50000)
  eden space 12800K,   0% used [0x05800000, 0x05800000, 0x06480000)
  from space 1600K,   0% used [0x06480000, 0x06480000, 0x06610000)
  to   space 1600K,   0% used [0x06610000, 0x06610000, 0x067a0000)
 tenured generation   total 31956K, used 19173K [0x0ad50000, 0x0cc85000, 0x15800000)
   the space 31956K,  59% used [0x0ad50000, 0x0c0095a8, 0x0c009600, 0x0cc85000)
 Metaspace       used 16025K, capacity 16387K, committed 16768K, reserved 16768K
}
Event: 102.889 GC heap before
{Heap before GC invocations=18 (full 2):
 def new generation   total 14400K, used 12800K [0x05800000, 0x067a0000, 0x0ad50000)
  eden space 12800K, 100% used [0x05800000, 0x06480000, 0x06480000)
  from space 1600K,   0% used [0x06480000, 0x06480000, 0x06610000)
  to   space 1600K,   0% used [0x06610000, 0x06610000, 0x067a0000)
 tenured generation   total 31956K, used 19173K [0x0ad50000, 0x0cc85000, 0x15800000)
   the space 31956K,  59% used [0x0ad50000, 0x0c0095a8, 0x0c009600, 0x0cc85000)
 Metaspace       used 16045K, capacity 16409K, committed 16768K, reserved 16768K
}
Event: 102.893 GC heap after
{Heap after GC invocations=19 (full 2):
 def new generation   total 14400K, used 1600K [0x05800000, 0x067a0000, 0x0ad50000)
  eden space 12800K,   0% used [0x05800000, 0x05800000, 0x06480000)
  from space 1600K, 100% used [0x06610000, 0x067a0000, 0x067a0000)
  to   space 1600K,   0% used [0x06480000, 0x06480000, 0x06610000)
 tenured generation   total 31956K, used 21378K [0x0ad50000, 0x0cc85000, 0x15800000)
   the space 31956K,  66% used [0x0ad50000, 0x0c230af8, 0x0c230c00, 0x0cc85000)
 Metaspace       used 16045K, capacity 16409K, committed 16768K, reserved 16768K
}
Event: 110.183 GC heap before
{Heap before GC invocations=19 (full 2):
 def new generation   total 14400K, used 14400K [0x05800000, 0x067a0000, 0x0ad50000)
  eden space 12800K, 100% used [0x05800000, 0x06480000, 0x06480000)
  from space 1600K, 100% used [0x06610000, 0x067a0000, 0x067a0000)
  to   space 1600K,   0% used [0x06480000, 0x06480000, 0x06610000)
 tenured generation   total 31956K, used 21378K [0x0ad50000, 0x0cc85000, 0x15800000)
   the space 31956K,  66% used [0x0ad50000, 0x0c230af8, 0x0c230c00, 0x0cc85000)
 Metaspace       used 16328K, capacity 16739K, committed 17024K, reserved 17792K
}
Event: 110.188 GC heap after
{Heap after GC invocations=20 (full 2):
 def new generation   total 14400K, used 1600K [0x05800000, 0x067a0000, 0x0ad50000)
  eden space 12800K,   0% used [0x05800000, 0x05800000, 0x06480000)
  from space 1600K, 100% used [0x06480000, 0x06610000, 0x06610000)
  to   space 1600K,   0% used [0x06610000, 0x06610000, 0x067a0000)
 tenured generation   total 31956K, used 23277K [0x0ad50000, 0x0cc85000, 0x15800000)
   the space 31956K,  72% used [0x0ad50000, 0x0c40b438, 0x0c40b600, 0x0cc85000)
 Metaspace       used 16328K, capacity 16739K, committed 17024K, reserved 17792K
}
Event: 135.044 GC heap before
{Heap before GC invocations=20 (full 2):
 def new generation   total 14400K, used 14400K [0x05800000, 0x067a0000, 0x0ad50000)
  eden space 12800K, 100% used [0x05800000, 0x06480000, 0x06480000)
  from space 1600K, 100% used [0x06480000, 0x06610000, 0x06610000)
  to   space 1600K,   0% used [0x06610000, 0x06610000, 0x067a0000)
 tenured generation   total 31956K, used 23277K [0x0ad50000, 0x0cc85000, 0x15800000)
   the space 31956K,  72% used [0x0ad50000, 0x0c40b438, 0x0c40b600, 0x0cc85000)
 Metaspace       used 16335K, capacity 16748K, committed 17024K, reserved 17792K
}
Event: 135.048 GC heap after
{Heap after GC invocations=21 (full 2):
 def new generation   total 14400K, used 467K [0x05800000, 0x067a0000, 0x0ad50000)
  eden space 12800K,   0% used [0x05800000, 0x05800000, 0x06480000)
  from space 1600K,  29% used [0x06610000, 0x06684c88, 0x067a0000)
  to   space 1600K,   0% used [0x06480000, 0x06480000, 0x06610000)
 tenured generation   total 31956K, used 24857K [0x0ad50000, 0x0cc85000, 0x15800000)
   the space 31956K,  77% used [0x0ad50000, 0x0c5964a0, 0x0c596600, 0x0cc85000)
 Metaspace       used 16335K, capacity 16748K, committed 17024K, reserved 17792K
}
Event: 144.823 GC heap before
{Heap before GC invocations=21 (full 2):
 def new generation   total 14400K, used 13267K [0x05800000, 0x067a0000, 0x0ad50000)
  eden space 12800K, 100% used [0x05800000, 0x06480000, 0x06480000)
  from space 1600K,  29% used [0x06610000, 0x06684c88, 0x067a0000)
  to   space 1600K,   0% used [0x06480000, 0x06480000, 0x06610000)
 tenured generation   total 31956K, used 24857K [0x0ad50000, 0x0cc85000, 0x15800000)
   the space 31956K,  77% used [0x0ad50000, 0x0c5964a0, 0x0c596600, 0x0cc85000)
 Metaspace       used 16335K, capacity 16748K, committed 17024K, reserved 17792K
}
Event: 144.827 GC heap after
{Heap after GC invocations=22 (full 2):
 def new generation   total 14400K, used 1600K [0x05800000, 0x067a0000, 0x0ad50000)
  eden space 12800K,   0% used [0x05800000, 0x05800000, 0x06480000)
  from space 1600K, 100% used [0x06480000, 0x06610000, 0x06610000)
  to   space 1600K,   0% used [0x06610000, 0x06610000, 0x067a0000)
 tenured generation   total 31956K, used 25663K [0x0ad50000, 0x0cc85000, 0x15800000)
   the space 31956K,  80% used [0x0ad50000, 0x0c65fce8, 0x0c65fe00, 0x0cc85000)
 Metaspace       used 16335K, capacity 16748K, committed 17024K, reserved 17792K
}

Deoptimization events (16 events):
Event: 0.936 Thread 0x16b2dc00 DEOPT PACKING pc=0x0386ec8f sp=0x1a6bddc0
Event: 0.936 Thread 0x16b2dc00 DEOPT UNPACKING pc=0x0377c187 sp=0x1a6bdce0 mode 3
Event: 0.939 Thread 0x16b2dc00 DEOPT PACKING pc=0x0389ef31 sp=0x1a6bdf40
Event: 0.939 Thread 0x16b2dc00 DEOPT UNPACKING pc=0x0377c187 sp=0x1a6bde64 mode 3
Event: 1.056 Thread 0x16b2dc00 DEOPT PACKING pc=0x038e21cc sp=0x1a6bdf30
Event: 1.056 Thread 0x16b2dc00 DEOPT UNPACKING pc=0x0377c187 sp=0x1a6bdde0 mode 3
Event: 9.177 Thread 0x16206800 DEOPT PACKING pc=0x0399a67d sp=0x166cecf0
Event: 9.177 Thread 0x16206800 DEOPT UNPACKING pc=0x0377c187 sp=0x166cec1c mode 3
Event: 17.677 Thread 0x16b2dc00 DEOPT PACKING pc=0x039d1bf9 sp=0x1a6b8f20
Event: 17.677 Thread 0x16b2dc00 DEOPT UNPACKING pc=0x0377c187 sp=0x1a6b8dc4 mode 3
Event: 97.860 Thread 0x16b2dc00 DEOPT PACKING pc=0x03a86d4d sp=0x1a6b0700
Event: 97.860 Thread 0x16b2dc00 DEOPT UNPACKING pc=0x0377c187 sp=0x1a6b05a8 mode 3
Event: 150.718 Thread 0x16b2dc00 DEOPT PACKING pc=0x03913564 sp=0x1a6bc950
Event: 150.718 Thread 0x16b2dc00 DEOPT UNPACKING pc=0x0377c187 sp=0x1a6bc7ec mode 0
Event: 150.718 Thread 0x16b2dc00 DEOPT PACKING pc=0x03913564 sp=0x1a6be350
Event: 150.718 Thread 0x16b2dc00 DEOPT UNPACKING pc=0x0377c187 sp=0x1a6be1ec mode 0

Classes redefined (0 events):
No events

Internal exceptions (20 events):
Event: 1.035 Thread 0x16b2dc00 Exception <a 'java/lang/IncompatibleClassChangeError'{0x05df41f8}: Found class java.lang.Object, but interface was expected> (0x05df41f8) thrown at [s\src\hotspot\share\interpreter\linkResolver.cpp, line 839]
Event: 1.090 Thread 0x16206800 Exception <a 'java/lang/NoSuchMethodError'{0x058ef198}: 'int java.lang.invoke.DirectMethodHandle$Holder.invokeStaticInit(java.lang.Object, java.lang.Object)'> (0x058ef198) thrown at [s\src\hotspot\share\interpreter\linkResolver.cpp, line 773]
Event: 1.097 Thread 0x16b2dc00 Exception <a 'java/lang/NoSuchMethodError'{0x059218c0}: 'long java.lang.invoke.DirectMethodHandle$Holder.invokeStaticInit(java.lang.Object, java.lang.Object, java.lang.Object)'> (0x059218c0) thrown at [s\src\hotspot\share\interpreter\linkResolver.cpp, line 773]
Event: 1.102 Thread 0x16b2dc00 Exception <a 'java/lang/NoSuchMethodError'{0x0598a200}: 'java.lang.Object java.lang.invoke.DirectMethodHandle$Holder.invokeStatic(java.lang.Object, java.lang.Object, long)'> (0x0598a200) thrown at [s\src\hotspot\share\interpreter\linkResolver.cpp, line 773]
Event: 1.103 Thread 0x16b2dc00 Exception <a 'java/lang/NoSuchMethodError'{0x0598fc50}: 'java.lang.Object java.lang.invoke.Invokers$Holder.linkToTargetMethod(java.lang.Object, long, java.lang.Object)'> (0x0598fc50) thrown at [s\src\hotspot\share\interpreter\linkResolver.cpp, line 773]
Event: 2.166 Thread 0x16b2dc00 Exception <a 'java/lang/NoSuchMethodError'{0x05e20270}: 'java.lang.Object java.lang.invoke.DirectMethodHandle$Holder.invokeStatic(java.lang.Object, java.lang.Object, int, int, int, int, int, java.lang.Object)'> (0x05e20270) thrown at [s\src\hotspot\share\interpreter\linkResolver.cpp, line 773]
Event: 2.167 Thread 0x16b2dc00 Exception <a 'java/lang/NoSuchMethodError'{0x05e2fb48}: 'java.lang.Object java.lang.invoke.DirectMethodHandle$Holder.invokeStatic(java.lang.Object, java.lang.Object, java.lang.Object, int, int, int, int, int)'> (0x05e2fb48) thrown at [s\src\hotspot\share\interpreter\linkResolver.cpp, line 773]
Event: 2.167 Thread 0x16b2dc00 Exception <a 'java/lang/NoSuchMethodError'{0x05e35c38}: 'java.lang.Object java.lang.invoke.Invokers$Holder.linkToTargetMethod(java.lang.Object, java.lang.Object, int, int, int, int, int, java.lang.Object)'> (0x05e35c38) thrown at [s\src\hotspot\share\interpreter\linkResolver.cpp, line 773]
Event: 2.224 Thread 0x16b2dc00 Exception <a 'java/io/FileNotFoundException'{0x05eab380}> (0x05eab380) thrown at [s\src\hotspot\share\prims\jni.cpp, line 617]
Event: 2.234 Thread 0x16b2dc00 Exception <a 'java/io/FileNotFoundException'{0x05efbd48}> (0x05efbd48) thrown at [s\src\hotspot\share\prims\jni.cpp, line 617]
Event: 17.677 Thread 0x16b2dc00 Implicit null exception at 0x039d197f to 0x039d1bf4
Event: 20.585 Thread 0x16206800 Exception <a 'java/lang/NoSuchMethodError'{0x05b39fe8}: 'java.lang.Object java.lang.invoke.DirectMethodHandle$Holder.invokeStaticInit(java.lang.Object, int)'> (0x05b39fe8) thrown at [s\src\hotspot\share\interpreter\linkResolver.cpp, line 773]
Event: 97.860 Thread 0x16b2dc00 Implicit null exception at 0x03a86b73 to 0x03a86d48
Event: 101.009 Thread 0x16b2dc00 Exception <a 'sun/nio/fs/WindowsException'{0x05fb2928}> (0x05fb2928) thrown at [s\src\hotspot\share\prims\jni.cpp, line 617]
Event: 101.020 Thread 0x16b2dc00 Exception <a 'java/lang/ClassNotFoundException'{0x0601e000}: com/sun/javafx/scene/control/skin/resources/controls> (0x0601e000) thrown at [s\src\hotspot\share\prims\jni.cpp, line 638]
Event: 101.020 Thread 0x16b2dc00 Exception <a 'java/lang/ClassNotFoundException'{0x0602ce90}: com/sun/javafx/scene/control/skin/resources/controls_es> (0x0602ce90) thrown at [s\src\hotspot\share\prims\jni.cpp, line 638]
Event: 150.764 Thread 0x16b2dc00 Exception <a 'java/lang/IllegalArgumentException'{0x061b83b0}> (0x061b83b0) thrown at [s\src\hotspot\share\prims\jvm.cpp, line 1310]
Event: 150.782 Thread 0x16b2dc00 Exception <a 'java/lang/IllegalArgumentException'{0x061ff5a0}> (0x061ff5a0) thrown at [s\src\hotspot\share\prims\jvm.cpp, line 1310]
Event: 150.802 Thread 0x16b2dc00 Exception <a 'java/lang/IllegalArgumentException'{0x0620af60}> (0x0620af60) thrown at [s\src\hotspot\share\prims\jvm.cpp, line 1310]
Event: 150.823 Thread 0x16b2dc00 Exception <a 'java/lang/IllegalArgumentException'{0x06216938}> (0x06216938) thrown at [s\src\hotspot\share\prims\jvm.cpp, line 1310]

Events (20 events):
Event: 135.044 Executing VM operation: GenCollectForAllocation
Event: 135.048 Executing VM operation: GenCollectForAllocation done
Event: 135.059 Executing VM operation: RevokeBias
Event: 135.059 Executing VM operation: RevokeBias done
Event: 142.282 Executing VM operation: RevokeBias
Event: 142.282 Executing VM operation: RevokeBias done
Event: 144.823 Executing VM operation: GenCollectForAllocation
Event: 144.827 Executing VM operation: GenCollectForAllocation done
Event: 145.986 Executing VM operation: RevokeBias
Event: 145.986 Executing VM operation: RevokeBias done
Event: 149.761 Executing VM operation: RevokeBias
Event: 149.762 Executing VM operation: RevokeBias done
Event: 150.717 loading class javafx/application/Application
Event: 150.717 loading class javafx/application/Application done
Event: 150.717 loading class javafx/application/Application
Event: 150.717 loading class javafx/application/Application done
Event: 150.764 loading class java/lang/Throwable$WrappedPrintStream
Event: 150.764 loading class java/lang/Throwable$PrintStreamOrWriter
Event: 150.764 loading class java/lang/Throwable$PrintStreamOrWriter done
Event: 150.764 loading class java/lang/Throwable$WrappedPrintStream done


Dynamic libraries:
0x002b0000 - 0x002bc000 	C:\Program Files (x86)\Eclipse Adoptium\jdk-11.0.21.9-hotspot\bin\java.exe
0x76f20000 - 0x770d1000 	C:\WINDOWS\SYSTEM32\ntdll.dll
0x75520000 - 0x75610000 	C:\WINDOWS\System32\KERNEL32.DLL
0x767d0000 - 0x76a45000 	C:\WINDOWS\System32\KERNELBASE.dll
0x73ee0000 - 0x73f86000 	C:\WINDOWS\SYSTEM32\apphelp.dll
0x756d0000 - 0x757e2000 	C:\WINDOWS\System32\ucrtbase.dll
0x6e2a0000 - 0x6e2b5000 	C:\Program Files (x86)\Eclipse Adoptium\jdk-11.0.21.9-hotspot\bin\jli.dll
0x6e280000 - 0x6e293000 	C:\Program Files (x86)\Eclipse Adoptium\jdk-11.0.21.9-hotspot\bin\VCRUNTIME140.dll
0x76a80000 - 0x76c29000 	C:\WINDOWS\System32\USER32.dll
0x74d10000 - 0x74d2a000 	C:\WINDOWS\System32\win32u.dll
0x6db90000 - 0x6ddb8000 	C:\WINDOWS\WinSxS\x86_microsoft.windows.common-controls_6595b64144ccf1df_6.0.22621.3235_none_6ebcabb88802389e\COMCTL32.dll
0x76a50000 - 0x76a73000 	C:\WINDOWS\System32\GDI32.dll
0x74da0000 - 0x74e64000 	C:\WINDOWS\System32\msvcrt.dll
0x75b80000 - 0x75c62000 	C:\WINDOWS\System32\gdi32full.dll
0x75c70000 - 0x75ce9000 	C:\WINDOWS\System32\msvcp_win.dll
0x74ce0000 - 0x74d05000 	C:\WINDOWS\System32\IMM32.DLL
0x6cfd0000 - 0x6d03f000 	C:\Program Files (x86)\Eclipse Adoptium\jdk-11.0.21.9-hotspot\bin\msvcp140.dll
0x6b270000 - 0x6b74b000 	C:\Program Files (x86)\Eclipse Adoptium\jdk-11.0.21.9-hotspot\bin\client\jvm.dll
0x76da0000 - 0x76e1f000 	C:\WINDOWS\System32\ADVAPI32.dll
0x76c50000 - 0x76cd5000 	C:\WINDOWS\System32\sechost.dll
0x76d80000 - 0x76d9a000 	C:\WINDOWS\System32\bcrypt.dll
0x75610000 - 0x756ca000 	C:\WINDOWS\System32\RPCRT4.dll
0x74d90000 - 0x74d96000 	C:\WINDOWS\System32\PSAPI.DLL
0x70070000 - 0x70078000 	C:\WINDOWS\SYSTEM32\WSOCK32.dll
0x72770000 - 0x727a1000 	C:\WINDOWS\SYSTEM32\WINMM.dll
0x75050000 - 0x750af000 	C:\WINDOWS\System32\WS2_32.dll
0x74a60000 - 0x74a68000 	C:\WINDOWS\SYSTEM32\VERSION.dll
0x74a70000 - 0x74a83000 	C:\WINDOWS\SYSTEM32\kernel.appcore.dll
0x6e900000 - 0x6e90d000 	C:\Program Files (x86)\Eclipse Adoptium\jdk-11.0.21.9-hotspot\bin\verify.dll
0x6bfb0000 - 0x6c186000 	C:\WINDOWS\SYSTEM32\DBGHELP.DLL
0x757f0000 - 0x75a6c000 	C:\WINDOWS\System32\combase.dll
0x76ce0000 - 0x76d7c000 	C:\WINDOWS\System32\OLEAUT32.dll
0x6cfa0000 - 0x6cfc9000 	C:\WINDOWS\SYSTEM32\dbgcore.DLL
0x753b0000 - 0x75412000 	C:\WINDOWS\System32\bcryptPrimitives.dll
0x6cf70000 - 0x6cf92000 	C:\Program Files (x86)\Eclipse Adoptium\jdk-11.0.21.9-hotspot\bin\java.dll
0x6e270000 - 0x6e279000 	C:\Program Files (x86)\Eclipse Adoptium\jdk-11.0.21.9-hotspot\bin\jimage.dll
0x6e260000 - 0x6e26d000 	C:\Program Files (x86)\Eclipse Adoptium\jdk-11.0.21.9-hotspot\bin\instrument.dll
0x6df30000 - 0x6df46000 	C:\Program Files (x86)\Eclipse Adoptium\jdk-11.0.21.9-hotspot\bin\zip.dll
0x75cf0000 - 0x76389000 	C:\WINDOWS\System32\SHELL32.dll
0x71e70000 - 0x7255f000 	C:\WINDOWS\SYSTEM32\windows.storage.dll
0x716c0000 - 0x71787000 	C:\WINDOWS\SYSTEM32\wintypes.dll
0x75170000 - 0x75231000 	C:\WINDOWS\System32\SHCORE.dll
0x74d40000 - 0x74d8b000 	C:\WINDOWS\System32\shlwapi.dll
0x70050000 - 0x70069000 	C:\WINDOWS\SYSTEM32\profapi.dll
0x6de10000 - 0x6de24000 	C:\Program Files (x86)\Eclipse Adoptium\jdk-11.0.21.9-hotspot\bin\net.dll
0x73c80000 - 0x73d5c000 	C:\WINDOWS\SYSTEM32\WINHTTP.dll
0x6fae0000 - 0x6fb31000 	C:\WINDOWS\system32\mswsock.dll
0x6d4d0000 - 0x6d4df000 	C:\Program Files (x86)\Eclipse Adoptium\jdk-11.0.21.9-hotspot\bin\nio.dll
0x6cf00000 - 0x6cf16000 	C:\Users\luigu\AppData\Local\Programs\IntelliJ IDEA Ultimate\bin\breakgen.dll
0x6cef0000 - 0x6cef3000 	C:\Users\luigu\.openjfx\cache\17.0.6\api-ms-win-core-console-l1-1-0.dll
0x6c640000 - 0x6c643000 	C:\Users\luigu\.openjfx\cache\17.0.6\api-ms-win-core-console-l1-2-0.dll
0x6c630000 - 0x6c633000 	C:\Users\luigu\.openjfx\cache\17.0.6\api-ms-win-core-datetime-l1-1-0.dll
0x6c620000 - 0x6c623000 	C:\Users\luigu\.openjfx\cache\17.0.6\api-ms-win-core-debug-l1-1-0.dll
0x6c610000 - 0x6c613000 	C:\Users\luigu\.openjfx\cache\17.0.6\api-ms-win-core-errorhandling-l1-1-0.dll
0x6c600000 - 0x6c604000 	C:\Users\luigu\.openjfx\cache\17.0.6\api-ms-win-core-file-l1-1-0.dll
0x6c5f0000 - 0x6c5f3000 	C:\Users\luigu\.openjfx\cache\17.0.6\api-ms-win-core-file-l1-2-0.dll
0x6c5e0000 - 0x6c5e3000 	C:\Users\luigu\.openjfx\cache\17.0.6\api-ms-win-core-file-l2-1-0.dll
0x6be50000 - 0x6be53000 	C:\Users\luigu\.openjfx\cache\17.0.6\api-ms-win-core-handle-l1-1-0.dll
0x6be40000 - 0x6be43000 	C:\Users\luigu\.openjfx\cache\17.0.6\api-ms-win-core-heap-l1-1-0.dll
0x6be30000 - 0x6be33000 	C:\Users\luigu\.openjfx\cache\17.0.6\api-ms-win-core-interlocked-l1-1-0.dll
0x6be20000 - 0x6be23000 	C:\Users\luigu\.openjfx\cache\17.0.6\api-ms-win-core-libraryloader-l1-1-0.dll
0x6be00000 - 0x6be03000 	C:\Users\luigu\.openjfx\cache\17.0.6\api-ms-win-core-localization-l1-2-0.dll
0x6bde0000 - 0x6bde3000 	C:\Users\luigu\.openjfx\cache\17.0.6\api-ms-win-core-memory-l1-1-0.dll
0x6bdd0000 - 0x6bdd3000 	C:\Users\luigu\.openjfx\cache\17.0.6\api-ms-win-core-namedpipe-l1-1-0.dll
0x6bdc0000 - 0x6bdc3000 	C:\Users\luigu\.openjfx\cache\17.0.6\api-ms-win-core-processenvironment-l1-1-0.dll
0x6bdb0000 - 0x6bdb3000 	C:\Users\luigu\.openjfx\cache\17.0.6\api-ms-win-core-processthreads-l1-1-0.dll
0x6bda0000 - 0x6bda3000 	C:\Users\luigu\.openjfx\cache\17.0.6\api-ms-win-core-processthreads-l1-1-1.dll
0x6bd90000 - 0x6bd93000 	C:\Users\luigu\.openjfx\cache\17.0.6\api-ms-win-core-profile-l1-1-0.dll
0x6bd80000 - 0x6bd83000 	C:\Users\luigu\.openjfx\cache\17.0.6\api-ms-win-core-rtlsupport-l1-1-0.dll
0x6bd70000 - 0x6bd73000 	C:\Users\luigu\.openjfx\cache\17.0.6\api-ms-win-core-string-l1-1-0.dll
0x6bd60000 - 0x6bd63000 	C:\Users\luigu\.openjfx\cache\17.0.6\api-ms-win-core-synch-l1-1-0.dll
0x6bd50000 - 0x6bd53000 	C:\Users\luigu\.openjfx\cache\17.0.6\api-ms-win-core-synch-l1-2-0.dll
0x6bd40000 - 0x6bd43000 	C:\Users\luigu\.openjfx\cache\17.0.6\api-ms-win-core-sysinfo-l1-1-0.dll
0x6bd30000 - 0x6bd33000 	C:\Users\luigu\.openjfx\cache\17.0.6\api-ms-win-core-timezone-l1-1-0.dll
0x6bd20000 - 0x6bd23000 	C:\Users\luigu\.openjfx\cache\17.0.6\api-ms-win-core-util-l1-1-0.dll
0x6bd10000 - 0x6bd13000 	C:\Users\luigu\.openjfx\cache\17.0.6\api-ms-win-crt-conio-l1-1-0.dll
0x6bd00000 - 0x6bd04000 	C:\Users\luigu\.openjfx\cache\17.0.6\api-ms-win-crt-convert-l1-1-0.dll
0x6bcf0000 - 0x6bcf3000 	C:\Users\luigu\.openjfx\cache\17.0.6\api-ms-win-crt-environment-l1-1-0.dll
0x6bce0000 - 0x6bce3000 	C:\Users\luigu\.openjfx\cache\17.0.6\api-ms-win-crt-filesystem-l1-1-0.dll
0x6ba50000 - 0x6ba53000 	C:\Users\luigu\.openjfx\cache\17.0.6\api-ms-win-crt-heap-l1-1-0.dll
0x6ba40000 - 0x6ba43000 	C:\Users\luigu\.openjfx\cache\17.0.6\api-ms-win-crt-locale-l1-1-0.dll
0x6ba30000 - 0x6ba35000 	C:\Users\luigu\.openjfx\cache\17.0.6\api-ms-win-crt-math-l1-1-0.dll
0x6ba20000 - 0x6ba25000 	C:\Users\luigu\.openjfx\cache\17.0.6\api-ms-win-crt-multibyte-l1-1-0.dll
0x6ba10000 - 0x6ba20000 	C:\Users\luigu\.openjfx\cache\17.0.6\api-ms-win-crt-private-l1-1-0.dll
0x6ba00000 - 0x6ba03000 	C:\Users\luigu\.openjfx\cache\17.0.6\api-ms-win-crt-process-l1-1-0.dll
0x6b9f0000 - 0x6b9f4000 	C:\Users\luigu\.openjfx\cache\17.0.6\api-ms-win-crt-runtime-l1-1-0.dll
0x6b9e0000 - 0x6b9e4000 	C:\Users\luigu\.openjfx\cache\17.0.6\api-ms-win-crt-stdio-l1-1-0.dll
0x6b9d0000 - 0x6b9d4000 	C:\Users\luigu\.openjfx\cache\17.0.6\api-ms-win-crt-string-l1-1-0.dll
0x6b9c0000 - 0x6b9c3000 	C:\Users\luigu\.openjfx\cache\17.0.6\api-ms-win-crt-time-l1-1-0.dll
0x6b9b0000 - 0x6b9b3000 	C:\Users\luigu\.openjfx\cache\17.0.6\api-ms-win-crt-utility-l1-1-0.dll
0x6b880000 - 0x6b9a3000 	C:\Users\luigu\.openjfx\cache\17.0.6\ucrtbase.dll
0x6b810000 - 0x6b824000 	C:\Users\luigu\.openjfx\cache\17.0.6\vcruntime140.dll
0x6b7a0000 - 0x6b80d000 	C:\Users\luigu\.openjfx\cache\17.0.6\msvcp140.dll
0x6b870000 - 0x6b877000 	C:\Users\luigu\.openjfx\cache\17.0.6\msvcp140_1.dll
0x6b770000 - 0x6b799000 	C:\Users\luigu\.openjfx\cache\17.0.6\msvcp140_2.dll
0x6b240000 - 0x6b266000 	C:\Users\luigu\.openjfx\cache\17.0.6\prism_d3d.dll
0x6b0c0000 - 0x6b231000 	C:\WINDOWS\system32\d3d9.dll
0x6e110000 - 0x6e134000 	C:\WINDOWS\SYSTEM32\dwmapi.dll
0x74080000 - 0x740ae000 	C:\WINDOWS\SYSTEM32\dxcore.dll
0x73fc0000 - 0x7403f000 	C:\WINDOWS\system32\uxtheme.dll
0x6b030000 - 0x6b0c0000 	C:\WINDOWS\SYSTEM32\d3d9on12.dll
0x73e10000 - 0x73eda000 	C:\WINDOWS\SYSTEM32\dxgi.dll
0x6b010000 - 0x6b02d000 	C:\WINDOWS\SYSTEM32\d3d12.dll
0x72620000 - 0x7265d000 	C:\WINDOWS\SYSTEM32\cfgmgr32.dll
0x6ae60000 - 0x6b010000 	C:\WINDOWS\SYSTEM32\D3D12Core.dll
0x6ae40000 - 0x6ae5d000 	C:\WINDOWS\System32\DriverStore\FileRepository\iigd_dch.inf_amd64_3c65364e14984512\igd12umd32.dll
0x63b00000 - 0x6472a000 	C:\WINDOWS\System32\DriverStore\FileRepository\iigd_dch.inf_amd64_3c65364e14984512\igd12um32xel.dll
0x75240000 - 0x75343000 	C:\WINDOWS\System32\CRYPT32.dll
0x74b80000 - 0x74cd5000 	C:\WINDOWS\System32\ole32.dll
0x6ae00000 - 0x6ae35000 	C:\WINDOWS\SYSTEM32\ControlLib32.dll
0x76390000 - 0x767cd000 	C:\WINDOWS\System32\SETUPAPI.dll
0x6e600000 - 0x6e624000 	C:\WINDOWS\SYSTEM32\DEVOBJ.dll
0x6ad80000 - 0x6adf2000 	C:\WINDOWS\System32\DriverStore\FileRepository\iigd_dch.inf_amd64_3c65364e14984512\IntelControlLib32.dll
0x76eb0000 - 0x76f07000 	C:\WINDOWS\System32\WINTRUST.dll
0x6e5f0000 - 0x6e5fe000 	C:\WINDOWS\SYSTEM32\MSASN1.dll
0x6d5f0000 - 0x6d62c000 	C:\WINDOWS\SYSTEM32\directxdatabasehelper.dll
0x67160000 - 0x6748f000 	C:\WINDOWS\System32\DriverStore\FileRepository\iigd_dch.inf_amd64_3c65364e14984512\igdgmm32.dll
0x67490000 - 0x6ab15000 	C:\WINDOWS\System32\DriverStore\FileRepository\iigd_dch.inf_amd64_3c65364e14984512\igc32.dll
0x6ad50000 - 0x6ad71000 	C:\WINDOWS\SYSTEM32\D3DSCache.dll
0x73f90000 - 0x73faf000 	C:\WINDOWS\SYSTEM32\USERENV.dll
0x62880000 - 0x63afb000 	C:\WINDOWS\System32\DriverStore\FileRepository\iigd_dch.inf_amd64_3c65364e14984512\igd12dxva32.dll
0x60b90000 - 0x62880000 	C:\WINDOWS\System32\DriverStore\FileRepository\iigd_dch.inf_amd64_3c65364e14984512\media_bin_32.dll
0x6ad30000 - 0x6ad50000 	C:\WINDOWS\System32\DriverStore\FileRepository\iigd_dch.inf_amd64_3c65364e14984512\igdinfo32.dll
0x716a0000 - 0x716b5000 	C:\WINDOWS\SYSTEM32\CRYPTSP.dll
0x71670000 - 0x716a0000 	C:\WINDOWS\system32\rsaenh.dll
0x71350000 - 0x7135b000 	C:\WINDOWS\SYSTEM32\CRYPTBASE.dll
0x56ef0000 - 0x570dc000 	C:\WINDOWS\SYSTEM32\twinapi.appcore.dll
0x6acf0000 - 0x6ad27000 	C:\Users\luigu\.openjfx\cache\17.0.6\glass.dll

dbghelp: loaded successfully - version: 4.0.5 - missing functions: none
symbol engine: initialized successfully - sym options: 0x614 - pdb path: .;C:\Program Files (x86)\Eclipse Adoptium\jdk-11.0.21.9-hotspot\bin;C:\WINDOWS\SYSTEM32;C:\WINDOWS\WinSxS\x86_microsoft.windows.common-controls_6595b64144ccf1df_6.0.22621.3235_none_6ebcabb88802389e;C:\Program Files (x86)\Eclipse Adoptium\jdk-11.0.21.9-hotspot\bin\client;C:\Users\luigu\AppData\Local\Programs\IntelliJ IDEA Ultimate\bin;C:\Users\luigu\.openjfx\cache\17.0.6;C:\WINDOWS\System32\DriverStore\FileRepository\iigd_dch.inf_amd64_3c65364e14984512;C:\ProgramData\A-Volute\A-Volute.Nahimic\Modules\Scheduled;C:\Program Files (x86)\Common Files\Microsoft Shared\Ink

VM Arguments:
jvm_args: -javaagent:C:\Users\luigu\AppData\Local\Programs\IntelliJ IDEA Ultimate\lib\idea_rt.jar=49200:C:\Users\luigu\AppData\Local\Programs\IntelliJ IDEA Ultimate\bin -Dfile.encoding=UTF-8 --module-path=C:\Users\luigu\.m2\repository\net\synedra\validatorfx\0.4.0\validatorfx-0.4.0.jar;C:\Users\luigu\.m2\repository\org\openjfx\javafx-graphics\17.0.6\javafx-graphics-17.0.6-win-x86.jar;C:\Users\luigu\IdeaProjects\Joyeria_ProyectoMult\target\classes;C:\Users\luigu\.m2\repository\org\kordamp\bootstrapfx\bootstrapfx-core\0.4.0\bootstrapfx-core-0.4.0.jar;C:\Users\luigu\.m2\repository\org\openjfx\javafx-fxml\17.0.6\javafx-fxml-17.0.6-win-x86.jar;C:\Users\luigu\.m2\repository\com\dlsc\formsfx\formsfx-core\11.6.0\formsfx-core-11.6.0.jar;C:\Users\luigu\.m2\repository\org\openjfx\javafx-controls\17.0.6\javafx-controls-17.0.6-win-x86.jar;C:\Users\luigu\.m2\repository\org\controlsfx\controlsfx\11.1.2\controlsfx-11.1.2.jar;C:\Users\luigu\.m2\repository\org\openjfx\javafx-base\17.0.6\javafx-base-17.0.6-win-x86.jar -Djdk.module.main=com.eduard034.joyeria_proyectomult 
java_command: com.eduard034.joyeria_proyectomult/com.eduard034.joyeria_proyectomult.JoyeriaApp
java_class_path (initial): C:\Users\luigu\.m2\repository\org\openjfx\javafx-controls\17.0.6\javafx-controls-17.0.6.jar;C:\Users\luigu\.m2\repository\org\openjfx\javafx-graphics\17.0.6\javafx-graphics-17.0.6.jar;C:\Users\luigu\.m2\repository\org\openjfx\javafx-base\17.0.6\javafx-base-17.0.6.jar;C:\Users\luigu\.m2\repository\org\openjfx\javafx-fxml\17.0.6\javafx-fxml-17.0.6.jar
Launcher Type: SUN_STANDARD

[Global flags]
   size_t InitialHeapSize                          = 16777216                                  {product} {ergonomic}
   size_t MaxHeapSize                              = 268435456                                 {product} {ergonomic}
   size_t MaxNewSize                               = 89456640                                  {product} {ergonomic}
   size_t MinHeapDeltaBytes                        = 131072                                    {product} {ergonomic}
   size_t NewSize                                  = 5570560                                   {product} {ergonomic}
    uintx NonProfiledCodeHeapSize                  = 0                                      {pd product} {ergonomic}
   size_t OldSize                                  = 11206656                                  {product} {ergonomic}
    uintx ProfiledCodeHeapSize                     = 0                                      {pd product} {ergonomic}
     bool ThreadLocalHandshakes                    = false                                  {pd product} {ergonomic}
     bool UseLargePagesIndividualAllocation        = false                                  {pd product} {ergonomic}
     bool UseSerialGC                              = true                                      {product} {ergonomic}

Logging:
Log output configuration:
 #0: stdout all=warning uptime,level,tags
 #1: stderr all=off uptime,level,tags

Environment Variables:
PATH=C:\Program Files (x86)\Eclipse Adoptium\jre-11.0.21.9-hotspot\bin;C:\Program Files (x86)\Eclipse Adoptium\jdk-11.0.21.9-hotspot\bin;C:\Program Files (x86)\VMware\VMware Player\bin\;C:\Windows\system32;C:\Windows;C:\Windows\System32\Wbem;C:\Windows\System32\WindowsPowerShell\v1.0\;C:\Windows\System32\OpenSSH\;C:\Program Files (x86)\NVIDIA Corporation\PhysX\Common;C:\Program Files\NVIDIA Corporation\NVIDIA NvDLISR;C:\WINDOWS\system32;C:\WINDOWS;C:\WINDOWS\System32\Wbem;C:\WINDOWS\System32\WindowsPowerShell\v1.0\;C:\WINDOWS\System32\OpenSSH\;C:\Program Files\Git\cmd;C:\Users\luigu\AppData\Local\Microsoft\WindowsApps;C:\Users\luigu\AppData\Local\Programs\Microsoft VS Code\bin;C:\Users\luigu\AppData\Local\JetBrains\Toolbox\scripts;C:\Users\luigu\AppData\Local\GitHubDesktop\bin
USERNAME=luigu
OS=Windows_NT
PROCESSOR_IDENTIFIER=Intel64 Family 6 Model 154 Stepping 3, GenuineIntel
TMP=C:\Users\luigu\AppData\Local\Temp
TEMP=C:\Users\luigu\AppData\Local\Temp



---------------  S Y S T E M  ---------------

OS: Windows 11 , 64 bit Build 22621 (10.0.22621.3374)
OS uptime: 4 days 20:13 hours

CPU:total 12 (initial active 12) (6 cores per cpu, 2 threads per core) family 6 model 154 stepping 3 microcode 0x419, cmov, cx8, fxsr, mmx, sse, sse2, sse3, ssse3, sse4.1, sse4.2, popcnt, avx, avx2, aes, clmul, erms, 3dnowpref, lzcnt, ht, tsc, tscinvbit, bmi1, bmi2, adx, sha, fma

Memory: 4k page, system-wide physical 7917M (1017M free)
TotalPageFile size 19693M (AvailPageFile size 4024M), user-mode portion of virtual address-space 2047M (1227M free)
current process WorkingSet (physical memory assigned to process): 272M, peak: 281M
current process commit charge ("private bytes"): 268M, peak: 268M

vm_info: OpenJDK Client VM (11.0.21+9) for windows-x86 JRE (11.0.21+9), built on Oct 17 2023 17:27:10 by "" with MS VC++ 15.9 (VS2017)

END.
