#
# A fatal error has been detected by the Java Runtime Environment:
#
#  EXCEPTION_ACCESS_VIOLATION (0xc0000005) at pc=0x6ac96c62, pid=9336, tid=7676
#
# JRE version: OpenJDK Runtime Environment Temurin-11.0.21+9 (11.0.21+9) (build 11.0.21+9)
# Java VM: OpenJDK Client VM Temurin-11.0.21+9 (11.0.21+9, mixed mode, serial gc, windows-x86)
# Problematic frame:
# C  [glass.dll+0x16c62]
#
# No core dump will be written. Minidumps are not enabled by default on client versions of Windows
#
# If you would like to submit a bug report, please visit:
#   https://github.com/adoptium/adoptium-support/issues
# The crash happened outside the Java Virtual Machine in native code.
# See problematic frame for where to report the bug.
#

---------------  S U M M A R Y ------------

Command Line: -javaagent:C:\Users\luigu\AppData\Local\Programs\IntelliJ IDEA Ultimate\lib\idea_rt.jar=52657:C:\Users\luigu\AppData\Local\Programs\IntelliJ IDEA Ultimate\bin -Dfile.encoding=UTF-8 --module-path=C:\Users\luigu\.m2\repository\org\openjfx\javafx-base\17.0.6\javafx-base-17.0.6-win-x86.jar;C:\Users\luigu\.m2\repository\org\openjfx\javafx-fxml\17.0.6\javafx-fxml-17.0.6-win-x86.jar;C:\Users\luigu\.m2\repository\org\openjfx\javafx-controls\17.0.6\javafx-controls-17.0.6-win-x86.jar;C:\Users\luigu\.m2\repository\org\controlsfx\controlsfx\11.1.2\controlsfx-11.1.2.jar;C:\Users\luigu\.m2\repository\org\openjfx\javafx-graphics\17.0.6\javafx-graphics-17.0.6-win-x86.jar;C:\Users\luigu\.m2\repository\org\kordamp\bootstrapfx\bootstrapfx-core\0.4.0\bootstrapfx-core-0.4.0.jar;C:\Users\luigu\.m2\repository\com\dlsc\formsfx\formsfx-core\11.6.0\formsfx-core-11.6.0.jar;C:\Users\luigu\.m2\repository\net\synedra\validatorfx\0.4.0\validatorfx-0.4.0.jar;C:\Users\luigu\IdeaProjects\Joyeria_ProyectoMult\target\classes -Djdk.module.main=com.eduard034.joyeria_proyectomult com.eduard034.joyeria_proyectomult/com.eduard034.joyeria_proyectomult.JoyeriaApp

Host: 12th Gen Intel(R) Core(TM) i5-12450H, 12 cores, 7G,  Windows 11 , 64 bit Build 22621 (10.0.22621.3374)
Time: Thu Apr 18 09:27:35 2024 Hora estándar central (México) elapsed time: 22.278206 seconds (0d 0h 0m 22s)

---------------  T H R E A D  ---------------

Current thread (0x15df8800):  JavaThread "JavaFX Application Thread" [_thread_in_native, id=7676, stack(0x19af0000,0x19b40000)]

Stack: [0x19af0000,0x19b40000],  sp=0x19b3eb2c,  free space=314k
Native frames: (J=compiled Java code, A=aot compiled Java code, j=interpreted, Vv=VM code, C=native code)
C  [glass.dll+0x16c62]

Java frames: (J=compiled Java code, j=interpreted, Vv=VM code)
j  com.sun.glass.ui.win.WinWindow._close(J)Z+0 javafx.graphics
j  com.sun.glass.ui.Window.close()V+63 javafx.graphics
j  com.sun.glass.ui.win.WinWindow.close()V+8 javafx.graphics
j  com.sun.glass.ui.Application.terminate()V+75 javafx.graphics
j  com.sun.javafx.tk.quantum.QuantumToolkit.lambda$exit$13()Ljava/lang/Object;+5 javafx.graphics
j  com.sun.javafx.tk.quantum.QuantumToolkit$$Lambda$667.get()Ljava/lang/Object;+0 javafx.graphics
j  com.sun.javafx.tk.quantum.QuantumToolkit.runWithRenderLock(Ljava/util/function/Supplier;)Ljava/lang/Object;+7 javafx.graphics
j  com.sun.javafx.tk.quantum.QuantumToolkit.exit()V+26 javafx.graphics
j  com.sun.javafx.application.PlatformImpl.lambda$tkExit$16()V+3 javafx.graphics
j  com.sun.javafx.application.PlatformImpl$$Lambda$666.run()V+0 javafx.graphics
j  com.sun.javafx.application.PlatformImpl.lambda$runAndWait$12(Ljava/lang/Runnable;Ljava/util/concurrent/CountDownLatch;)V+1 javafx.graphics
j  com.sun.javafx.application.PlatformImpl$$Lambda$87.run()V+8 javafx.graphics
j  com.sun.javafx.application.PlatformImpl.lambda$runLater$10(Ljava/lang/Runnable;)Ljava/lang/Void;+1 javafx.graphics
j  com.sun.javafx.application.PlatformImpl$$Lambda$90.run()Ljava/lang/Object;+4 javafx.graphics
v  ~StubRoutines::call_stub
J 1402  java.security.AccessController.doPrivileged(Ljava/security/PrivilegedAction;Ljava/security/AccessControlContext;)Ljava/lang/Object; java.base@11.0.21 (0 bytes) @ 0x02d9c347 [0x02d9c2e0+0x00000067]
j  com.sun.javafx.application.PlatformImpl.lambda$runLater$11(Ljava/lang/Runnable;Ljava/security/AccessControlContext;)V+7 javafx.graphics
j  com.sun.javafx.application.PlatformImpl$$Lambda$88.run()V+8 javafx.graphics
j  com.sun.glass.ui.InvokeLaterDispatcher$Future.run()V+4 javafx.graphics
v  ~StubRoutines::call_stub
j  com.sun.glass.ui.win.WinApplication._runLoop(Ljava/lang/Runnable;)V+0 javafx.graphics
j  com.sun.glass.ui.win.WinApplication.lambda$runLoop$3(ILjava/lang/Runnable;)V+8 javafx.graphics
j  com.sun.glass.ui.win.WinApplication$$Lambda$78.run()V+12 javafx.graphics
j  java.lang.Thread.run()V+11 java.base@11.0.21
v  ~StubRoutines::call_stub

siginfo: EXCEPTION_ACCESS_VIOLATION (0xc0000005), reading address 0x000000b8


Register to memory mapping:

EIP=0x6ac96c62 glass.dll
EAX=0x0 is NULL
EBX=0x19b3ed60 is pointing into the stack for thread: 0x15df8800
ECX=0x0 is NULL
EDX=0x0 is NULL
ESP=0x19b3eb2c is pointing into the stack for thread: 0x15df8800
EBP=0x19b3eb58 is pointing into the stack for thread: 0x15df8800
ESI=0x00000401 is an unknown value
EDI=0x0 is NULL


Registers:
EAX=0x00000000, EBX=0x19b3ed60, ECX=0x00000000, EDX=0x00000000
ESP=0x19b3eb2c, EBP=0x19b3eb58, ESI=0x00000401, EDI=0x00000000
EIP=0x6ac96c62, EFLAGS=0x00010202

Top of Stack: (sp=0x19b3eb2c)
0x19b3eb2c:   19b3ed60 00000401 19b3ed60 6ac88df8
0x19b3eb3c:   14f4338b 15d04298 008207e0 00000401
0x19b3eb4c:   19b3ec8c 6aca02b0 ffffffff 00000000
0x19b3eb5c:   6ac81755 00000401 19b3ed60 00000000
0x19b3eb6c:   00000401 008207e0 19b3eba4 6ac816f0
0x19b3eb7c:   76ab30b3 008207e0 00000401 19b3ed60
0x19b3eb8c:   00000000 008207e0 dcbaabcd 6ac816f0
0x19b3eb9c:   00000401 008207e0 19b3ec9c 76aa3ef6 

Instructions: (pc=0x6ac96c62)
0x6ac96b62:   21 56 e8 47 42 00 00 ff 35 e8 03 cb 6a 8b f0 ff
0x6ac96b72:   77 68 56 e8 96 de fe ff 56 e8 a0 41 00 00 83 c4
0x6ac96b82:   10 5e c7 05 a4 03 cb 6a 00 00 00 00 5f c3 83 ec
0x6ac96b92:   24 a1 ec e0 ca 6a 33 c4 89 44 24 20 8b 44 24 28
0x6ac96ba2:   53 89 44 24 04 8b d9 8b 44 24 30 89 44 24 08 8b
0x6ac96bb2:   44 24 38 55 89 44 24 10 8b 44 24 38 56 89 83 84
0x6ac96bc2:   00 00 00 8b 44 24 0c 89 5c 24 18 bb 00 00 00 80
0x6ac96bd2:   8b eb 8b f3 57 8b fb 85 c0 79 29 8d 44 24 20 50
0x6ac96be2:   e8 29 aa fe ff 83 c4 04 85 c0 8b 44 24 10 74 14
0x6ac96bf2:   8b 74 24 28 8b 5c 24 20 2b f3 8b 7c 24 2c 8b 6c
0x6ac96c02:   24 24 2b fd 6a 00 50 ff 74 24 1c 68 d8 23 ca 6a
0x6ac96c12:   57 56 8b 74 24 34 8b ce 55 53 ff 74 24 38 e8 db
0x6ac96c22:   a7 fe ff 8b f8 8d 4e 14 57 e8 40 64 00 00 57 8d
0x6ac96c32:   4e 14 e8 c7 64 00 00 8b 4c 24 30 8b c7 5f 5e 5d
0x6ac96c42:   5b 33 cc e8 ae 7a 00 00 83 c4 24 c2 10 00 53 8b
0x6ac96c52:   d9 56 57 ff 73 08 e8 93 a9 fe ff 8b f8 83 c4 04
0x6ac96c62:   8b 87 b8 00 00 00 85 c0 75 03 8b 47 04 3b 05 a4
0x6ac96c72:   03 cb 6a 75 29 e8 34 41 00 00 ff 35 e8 03 cb 6a
0x6ac96c82:   8b f0 ff 77 68 56 e8 83 dd fe ff 56 e8 8d 40 00
0x6ac96c92:   00 83 c4 10 c7 05 a4 03 cb 6a 00 00 00 00 8d 4f
0x6ac96ca2:   14 e8 b8 69 00 00 8d 4f 14 e8 e0 69 00 00 ff 73
0x6ac96cb2:   08 ff 15 f8 fe ca 6a 85 c0 5f 0f 95 c0 5e 88 43
0x6ac96cc2:   04 5b c3 cc cc cc cc cc cc cc cc cc cc cc 55 8b
0x6ac96cd2:   ec 6a ff 68 f7 11 ca 6a 64 a1 00 00 00 00 50 83
0x6ac96ce2:   ec 08 53 56 57 a1 ec e0 ca 6a 33 c5 50 8d 45 f4
0x6ac96cf2:   64 a3 00 00 00 00 8b f9 ff 77 18 ff 15 60 ff ca
0x6ac96d02:   6a 85 c0 75 13 0f 57 c0 66 0f 13 45 ec 8b 55 f0
0x6ac96d12:   8b 45 ec e9 a7 00 00 00 68 dc 00 00 00 e8 96 79
0x6ac96d22:   00 00 83 c4 04 89 45 f0 c7 45 fc 00 00 00 00 85
0x6ac96d32:   c0 74 19 ff 77 18 8b c8 6a 01 6a 00 6a 00 6a 00
0x6ac96d42:   ff 77 10 e8 a6 f9 ff ff 8b d8 eb 02 33 db ff 77
0x6ac96d52:   18 8b cb c7 45 fc ff ff ff ff 6a 00 68 00 00 10 


Stack slot to memory mapping:
stack at sp + 0 slots: 0x19b3ed60 is pointing into the stack for thread: 0x15df8800
stack at sp + 1 slots: 0x00000401 is an unknown value
stack at sp + 2 slots: 0x19b3ed60 is pointing into the stack for thread: 0x15df8800
stack at sp + 3 slots: 0x6ac88df8 glass.dll
stack at sp + 4 slots: 0x14f4338b points into unknown readable memory: 69
stack at sp + 5 slots: 0x15d04298 points into unknown readable memory: 0x6aca319c | 9c 31 ca 6a
stack at sp + 6 slots: 0x008207e0 is an unknown value
stack at sp + 7 slots: 0x00000401 is an unknown value


---------------  P R O C E S S  ---------------

Threads class SMR info:
_java_thread_list=0x162b9388, length=17, elements={
0x02a9f800, 0x02b78000, 0x02b55c00, 0x02b75800,
0x14e2f800, 0x14e30000, 0x14e31000, 0x14e33c00,
0x02b26000, 0x14ff0800, 0x1576e400, 0x15dbc800,
0x15df8800, 0x15ef6800, 0x15f7d400, 0x15fea000,
0x20ff3400
}

Java Threads: ( => current thread )
  0x02a9f800 JavaThread "main" [_thread_blocked, id=4248, stack(0x02230000,0x02280000)]
  0x02b78000 JavaThread "Reference Handler" daemon [_thread_blocked, id=10052, stack(0x14c00000,0x14c50000)]
  0x02b55c00 JavaThread "Finalizer" daemon [_thread_blocked, id=29444, stack(0x14c50000,0x14ca0000)]
  0x02b75800 JavaThread "Signal Dispatcher" daemon [_thread_blocked, id=16224, stack(0x15040000,0x15090000)]
  0x14e2f800 JavaThread "Attach Listener" daemon [_thread_blocked, id=14920, stack(0x150d0000,0x15120000)]
  0x14e30000 JavaThread "Service Thread" daemon [_thread_blocked, id=14524, stack(0x15160000,0x151b0000)]
  0x14e31000 JavaThread "C1 CompilerThread0" daemon [_thread_blocked, id=2832, stack(0x151f0000,0x15240000)]
  0x14e33c00 JavaThread "Sweeper thread" daemon [_thread_blocked, id=24452, stack(0x15280000,0x152d0000)]
  0x02b26000 JavaThread "Common-Cleaner" daemon [_thread_blocked, id=1252, stack(0x15310000,0x15360000)]
  0x14ff0800 JavaThread "Monitor Ctrl-Break" daemon [_thread_in_native, id=5448, stack(0x153b0000,0x15400000)]
  0x1576e400 JavaThread "QuantumRenderer-0" daemon [_thread_blocked, id=15356, stack(0x15ad0000,0x15b20000)]
  0x15dbc800 JavaThread "InvokeLaterDispatcher" daemon [_thread_blocked, id=10764, stack(0x19960000,0x199b0000)]
=>0x15df8800 JavaThread "JavaFX Application Thread" [_thread_in_native, id=7676, stack(0x19af0000,0x19b40000)]
  0x15ef6800 JavaThread "JavaFX-Launcher" [_thread_blocked, id=5892, stack(0x1e130000,0x1e180000)]
  0x15f7d400 JavaThread "Thread-2" daemon [_thread_in_native, id=11740, stack(0x1e0a0000,0x1e0f0000)]
  0x15fea000 JavaThread "Prism Font Disposer" daemon [_thread_blocked, id=29768, stack(0x1f750000,0x1f7a0000)]
  0x20ff3400 JavaThread "Cleaner-0" daemon [_thread_blocked, id=6388, stack(0x22980000,0x229d0000)]

Other Threads:
  0x02b52400 VMThread "VM Thread" [stack: 0x02a20000,0x02a70000] [id=23652]
  0x14ff5400 WatcherThread [stack: 0x15440000,0x15490000] [id=24332]

Threads with active compile tasks:

VM state:not at safepoint (normal execution)

VM Mutex/Monitor currently owned by a thread: None

Heap:
 def new generation   total 14144K, used 2695K [0x04c00000, 0x05b50000, 0x0a150000)
  eden space 12608K,  17% used [0x04c00000, 0x04e24e70, 0x05850000)
  from space 1536K,  32% used [0x059d0000, 0x05a4d050, 0x05b50000)
  to   space 1536K,   0% used [0x05850000, 0x05850000, 0x059d0000)
 tenured generation   total 31272K, used 24991K [0x0a150000, 0x0bfda000, 0x14c00000)
   the space 31272K,  79% used [0x0a150000, 0x0b9b7e00, 0x0b9b7e00, 0x0bfda000)
 Metaspace       used 16036K, capacity 16410K, committed 16768K, reserved 16768K

Card table byte_map: [0x02490000,0x02520000] _byte_map_base: 0x0246a000

Polling page: 0x023f0000

Metaspace:

Usage:
   16.03 MB capacity,    15.66 MB ( 98%) used,   256.27 KB (  2%) free+waste,   117.19 KB ( <1%) overhead. 

Virtual space:
     16.38 MB reserved,      16.38 MB (100%) committed 

Chunk freelists:
262.00 KB

MaxMetaspaceSize: 4.00 GB
No class space
Initial GC threshold: 12.00 MB
Current GC threshold: 27.29 MB
CDS: off

CodeCache: size=32768Kb used=2994Kb max_used=2994Kb free=29773Kb
 bounds [0x02b80000, 0x02e70000, 0x04b80000]
 total_blobs=2556 nmethods=2117 adapters=371
 compilation: enabled
              stopped_count=0, restarted_count=0
 full_count=0

Compilation events (20 events):
Event: 21.396 Thread 0x14e31000 2108   !         java.util.concurrent.LinkedBlockingDeque::takeFirst (47 bytes)
Event: 21.396 Thread 0x14e31000 nmethod 2108 0x02e690c8 code [0x02e69250, 0x02e69490]
Event: 21.396 Thread 0x14e31000 2109             java.util.concurrent.LinkedBlockingDeque::unlinkFirst (74 bytes)
Event: 21.396 Thread 0x14e31000 nmethod 2109 0x02e69788 code [0x02e698d0, 0x02e69ad4]
Event: 21.796 Thread 0x14e31000 2110             javafx.scene.layout.Region::boundedSize (44 bytes)
Event: 21.796 Thread 0x14e31000 nmethod 2110 0x02e69c08 code [0x02e69d10, 0x02e69dc0]
Event: 22.139 Thread 0x14e31000 2111             jdk.internal.org.objectweb.asm.MethodWriter::visitAnnotation (82 bytes)
Event: 22.139 Thread 0x14e31000 nmethod 2111 0x02e69e08 code [0x02e69f50, 0x02e6a250]
Event: 22.179 Thread 0x14e31000 2112             com.sun.prism.impl.BaseResourcePool$WeakLinkedList::getResource (11 bytes)
Event: 22.179 Thread 0x14e31000 nmethod 2112 0x02e6a408 code [0x02e6a520, 0x02e6a5dc]
Event: 22.182 Thread 0x14e31000 2113             jdk.internal.misc.VM::initLevel (4 bytes)
Event: 22.182 Thread 0x14e31000 nmethod 2113 0x02e6a648 code [0x02e6a750, 0x02e6a7d0]
Event: 22.182 Thread 0x14e31000 2114             jdk.internal.misc.VM::isModuleSystemInited (13 bytes)
Event: 22.182 Thread 0x14e31000 nmethod 2114 0x02e6a808 code [0x02e6a910, 0x02e6a9a0]
Event: 22.182 Thread 0x14e31000 2115             sun.nio.cs.UTF_8$Encoder::encodeArrayLoop (489 bytes)
Event: 22.184 Thread 0x14e31000 nmethod 2115 0x02e6aa08 code [0x02e6ad90, 0x02e6bb44]
Event: 22.212 Thread 0x14e31000 2116             java.nio.charset.CoderResult::isUnderflow (13 bytes)
Event: 22.212 Thread 0x14e31000 nmethod 2116 0x02e6c708 code [0x02e6c810, 0x02e6c8a0]
Event: 22.229 Thread 0x14e31000 2117             java.nio.Buffer::limit (5 bytes)
Event: 22.229 Thread 0x14e31000 nmethod 2117 0x02e6c908 code [0x02e6ca10, 0x02e6ca90]

GC Heap History (20 events):
Event: 0.812 GC heap before
{Heap before GC invocations=6 (full 0):
 def new generation   total 4928K, used 4920K [0x04c00000, 0x05150000, 0x0a150000)
  eden space 4416K,  99% used [0x04c00000, 0x0504e238, 0x05050000)
  from space 512K, 100% used [0x05050000, 0x050d0000, 0x050d0000)
  to   space 512K,   0% used [0x050d0000, 0x050d0000, 0x05150000)
 tenured generation   total 10944K, used 3037K [0x0a150000, 0x0ac00000, 0x14c00000)
   the space 10944K,  27% used [0x0a150000, 0x0a4474a8, 0x0a447600, 0x0ac00000)
 Metaspace       used 10557K, capacity 10734K, committed 10752K, reserved 11648K
}
Event: 0.814 GC heap after
{Heap after GC invocations=7 (full 0):
 def new generation   total 4928K, used 512K [0x04c00000, 0x05150000, 0x0a150000)
  eden space 4416K,   0% used [0x04c00000, 0x04c00000, 0x05050000)
  from space 512K, 100% used [0x050d0000, 0x05150000, 0x05150000)
  to   space 512K,   0% used [0x05050000, 0x05050000, 0x050d0000)
 tenured generation   total 10944K, used 3920K [0x0a150000, 0x0ac00000, 0x14c00000)
   the space 10944K,  35% used [0x0a150000, 0x0a5240c0, 0x0a524200, 0x0ac00000)
 Metaspace       used 10557K, capacity 10734K, committed 10752K, reserved 11648K
}
Event: 0.870 GC heap before
{Heap before GC invocations=7 (full 0):
 def new generation   total 4928K, used 4928K [0x04c00000, 0x05150000, 0x0a150000)
  eden space 4416K, 100% used [0x04c00000, 0x05050000, 0x05050000)
  from space 512K, 100% used [0x050d0000, 0x05150000, 0x05150000)
  to   space 512K,   0% used [0x05050000, 0x05050000, 0x050d0000)
 tenured generation   total 10944K, used 3920K [0x0a150000, 0x0ac00000, 0x14c00000)
   the space 10944K,  35% used [0x0a150000, 0x0a5240c0, 0x0a524200, 0x0ac00000)
 Metaspace       used 11343K, capacity 11510K, committed 11520K, reserved 11648K
}
Event: 0.872 GC heap after
{Heap after GC invocations=8 (full 0):
 def new generation   total 4928K, used 510K [0x04c00000, 0x05150000, 0x0a150000)
  eden space 4416K,   0% used [0x04c00000, 0x04c00000, 0x05050000)
  from space 512K,  99% used [0x05050000, 0x050cfbd0, 0x050d0000)
  to   space 512K,   0% used [0x050d0000, 0x050d0000, 0x05150000)
 tenured generation   total 10944K, used 4425K [0x0a150000, 0x0ac00000, 0x14c00000)
   the space 10944K,  40% used [0x0a150000, 0x0a5a2648, 0x0a5a2800, 0x0ac00000)
 Metaspace       used 11343K, capacity 11510K, committed 11520K, reserved 11648K
}
Event: 0.941 GC heap before
{Heap before GC invocations=8 (full 0):
 def new generation   total 4928K, used 4919K [0x04c00000, 0x05150000, 0x0a150000)
  eden space 4416K,  99% used [0x04c00000, 0x0504e2c8, 0x05050000)
  from space 512K,  99% used [0x05050000, 0x050cfbd0, 0x050d0000)
  to   space 512K,   0% used [0x050d0000, 0x050d0000, 0x05150000)
 tenured generation   total 10944K, used 10656K [0x0a150000, 0x0ac00000, 0x14c00000)
   the space 10944K,  97% used [0x0a150000, 0x0abb8040, 0x0abb8200, 0x0ac00000)
 Metaspace       used 11800K, capacity 11976K, committed 12032K, reserved 12672K
}
Event: 0.950 GC heap after
{Heap after GC invocations=9 (full 1):
 def new generation   total 8768K, used 506K [0x04c00000, 0x05580000, 0x0a150000)
  eden space 7808K,   6% used [0x04c00000, 0x04c7ebc0, 0x053a0000)
  from space 960K,   0% used [0x053a0000, 0x053a0000, 0x05490000)
  to   space 960K,   0% used [0x05490000, 0x05490000, 0x05580000)
 tenured generation   total 19308K, used 11583K [0x0a150000, 0x0b42b000, 0x14c00000)
   the space 19308K,  59% used [0x0a150000, 0x0ac9ffd8, 0x0aca0000, 0x0b42b000)
 Metaspace       used 11800K, capacity 11976K, committed 12032K, reserved 12672K
}
Event: 1.084 GC heap before
{Heap before GC invocations=9 (full 1):
 def new generation   total 8768K, used 7808K [0x04c00000, 0x05580000, 0x0a150000)
  eden space 7808K, 100% used [0x04c00000, 0x053a0000, 0x053a0000)
  from space 960K,   0% used [0x053a0000, 0x053a0000, 0x05490000)
  to   space 960K,   0% used [0x05490000, 0x05490000, 0x05580000)
 tenured generation   total 19308K, used 11583K [0x0a150000, 0x0b42b000, 0x14c00000)
   the space 19308K,  59% used [0x0a150000, 0x0ac9ffd8, 0x0aca0000, 0x0b42b000)
 Metaspace       used 12716K, capacity 12899K, committed 12928K, reserved 13696K
}
Event: 1.088 GC heap after
{Heap after GC invocations=10 (full 1):
 def new generation   total 8768K, used 960K [0x04c00000, 0x05580000, 0x0a150000)
  eden space 7808K,   0% used [0x04c00000, 0x04c00000, 0x053a0000)
  from space 960K, 100% used [0x05490000, 0x05580000, 0x05580000)
  to   space 960K,   0% used [0x053a0000, 0x053a0000, 0x05490000)
 tenured generation   total 19308K, used 11943K [0x0a150000, 0x0b42b000, 0x14c00000)
   the space 19308K,  61% used [0x0a150000, 0x0acf9d58, 0x0acf9e00, 0x0b42b000)
 Metaspace       used 12716K, capacity 12899K, committed 12928K, reserved 13696K
}
Event: 1.162 GC heap before
{Heap before GC invocations=10 (full 1):
 def new generation   total 8768K, used 8719K [0x04c00000, 0x05580000, 0x0a150000)
  eden space 7808K,  99% used [0x04c00000, 0x05393c10, 0x053a0000)
  from space 960K, 100% used [0x05490000, 0x05580000, 0x05580000)
  to   space 960K,   0% used [0x053a0000, 0x053a0000, 0x05490000)
 tenured generation   total 19308K, used 11943K [0x0a150000, 0x0b42b000, 0x14c00000)
   the space 19308K,  61% used [0x0a150000, 0x0acf9d58, 0x0acf9e00, 0x0b42b000)
 Metaspace       used 13959K, capacity 14253K, committed 14336K, reserved 14720K
}
Event: 1.165 GC heap after
{Heap after GC invocations=11 (full 1):
 def new generation   total 8768K, used 598K [0x04c00000, 0x05580000, 0x0a150000)
  eden space 7808K,   0% used [0x04c00000, 0x04c00000, 0x053a0000)
  from space 960K,  62% used [0x053a0000, 0x05435be8, 0x05490000)
  to   space 960K,   0% used [0x05490000, 0x05490000, 0x05580000)
 tenured generation   total 19308K, used 12896K [0x0a150000, 0x0b42b000, 0x14c00000)
   the space 19308K,  66% used [0x0a150000, 0x0ade8260, 0x0ade8400, 0x0b42b000)
 Metaspace       used 13959K, capacity 14253K, committed 14336K, reserved 14720K
}
Event: 2.765 GC heap before
{Heap before GC invocations=11 (full 1):
 def new generation   total 8768K, used 8406K [0x04c00000, 0x05580000, 0x0a150000)
  eden space 7808K, 100% used [0x04c00000, 0x053a0000, 0x053a0000)
  from space 960K,  62% used [0x053a0000, 0x05435be8, 0x05490000)
  to   space 960K,   0% used [0x05490000, 0x05490000, 0x05580000)
 tenured generation   total 19308K, used 12896K [0x0a150000, 0x0b42b000, 0x14c00000)
   the space 19308K,  66% used [0x0a150000, 0x0ade8260, 0x0ade8400, 0x0b42b000)
 Metaspace       used 14800K, capacity 15116K, committed 15232K, reserved 15744K
}
Event: 2.770 GC heap after
{Heap after GC invocations=12 (full 1):
 def new generation   total 8768K, used 960K [0x04c00000, 0x05580000, 0x0a150000)
  eden space 7808K,   0% used [0x04c00000, 0x04c00000, 0x053a0000)
  from space 960K, 100% used [0x05490000, 0x05580000, 0x05580000)
  to   space 960K,   0% used [0x053a0000, 0x053a0000, 0x05490000)
 tenured generation   total 19308K, used 14585K [0x0a150000, 0x0b42b000, 0x14c00000)
   the space 19308K,  75% used [0x0a150000, 0x0af8e760, 0x0af8e800, 0x0b42b000)
 Metaspace       used 14800K, capacity 15116K, committed 15232K, reserved 15744K
}
Event: 3.812 GC heap before
{Heap before GC invocations=12 (full 1):
 def new generation   total 8768K, used 8768K [0x04c00000, 0x05580000, 0x0a150000)
  eden space 7808K, 100% used [0x04c00000, 0x053a0000, 0x053a0000)
  from space 960K, 100% used [0x05490000, 0x05580000, 0x05580000)
  to   space 960K,   0% used [0x053a0000, 0x053a0000, 0x05490000)
 tenured generation   total 19308K, used 14585K [0x0a150000, 0x0b42b000, 0x14c00000)
   the space 19308K,  75% used [0x0a150000, 0x0af8e760, 0x0af8e800, 0x0b42b000)
 Metaspace       used 15856K, capacity 16263K, committed 16384K, reserved 16768K
}
Event: 3.815 GC heap after
{Heap after GC invocations=13 (full 1):
 def new generation   total 8768K, used 718K [0x04c00000, 0x05580000, 0x0a150000)
  eden space 7808K,   0% used [0x04c00000, 0x04c00000, 0x053a0000)
  from space 960K,  74% used [0x053a0000, 0x054538f0, 0x05490000)
  to   space 960K,   0% used [0x05490000, 0x05490000, 0x05580000)
 tenured generation   total 19308K, used 15537K [0x0a150000, 0x0b42b000, 0x14c00000)
   the space 19308K,  80% used [0x0a150000, 0x0b07c5c0, 0x0b07c600, 0x0b42b000)
 Metaspace       used 15856K, capacity 16263K, committed 16384K, reserved 16768K
}
Event: 9.890 GC heap before
{Heap before GC invocations=13 (full 1):
 def new generation   total 8768K, used 8526K [0x04c00000, 0x05580000, 0x0a150000)
  eden space 7808K, 100% used [0x04c00000, 0x053a0000, 0x053a0000)
  from space 960K,  74% used [0x053a0000, 0x054538f0, 0x05490000)
  to   space 960K,   0% used [0x05490000, 0x05490000, 0x05580000)
 tenured generation   total 19308K, used 15537K [0x0a150000, 0x0b42b000, 0x14c00000)
   the space 19308K,  80% used [0x0a150000, 0x0b07c5c0, 0x0b07c600, 0x0b42b000)
 Metaspace       used 16192K, capacity 16608K, committed 16640K, reserved 16768K
}
Event: 9.893 GC heap after
{Heap after GC invocations=14 (full 1):
 def new generation   total 8768K, used 698K [0x04c00000, 0x05580000, 0x0a150000)
  eden space 7808K,   0% used [0x04c00000, 0x04c00000, 0x053a0000)
  from space 960K,  72% used [0x05490000, 0x0553ea20, 0x05580000)
  to   space 960K,   0% used [0x053a0000, 0x053a0000, 0x05490000)
 tenured generation   total 19308K, used 17259K [0x0a150000, 0x0b42b000, 0x14c00000)
   the space 19308K,  89% used [0x0a150000, 0x0b22add0, 0x0b22ae00, 0x0b42b000)
 Metaspace       used 16192K, capacity 16608K, committed 16640K, reserved 16768K
}
Event: 10.087 GC heap before
{Heap before GC invocations=14 (full 1):
 def new generation   total 8768K, used 8506K [0x04c00000, 0x05580000, 0x0a150000)
  eden space 7808K, 100% used [0x04c00000, 0x053a0000, 0x053a0000)
  from space 960K,  72% used [0x05490000, 0x0553ea20, 0x05580000)
  to   space 960K,   0% used [0x053a0000, 0x053a0000, 0x05490000)
 tenured generation   total 19308K, used 17259K [0x0a150000, 0x0b42b000, 0x14c00000)
   the space 19308K,  89% used [0x0a150000, 0x0b22add0, 0x0b22ae00, 0x0b42b000)
 Metaspace       used 16239K, capacity 16667K, committed 16768K, reserved 16768K
}
Event: 10.108 GC heap after
{Heap after GC invocations=15 (full 2):
 def new generation   total 14144K, used 0K [0x04c00000, 0x05b50000, 0x0a150000)
  eden space 12608K,   0% used [0x04c00000, 0x04c00000, 0x05850000)
  from space 1536K,   0% used [0x05850000, 0x05850000, 0x059d0000)
  to   space 1536K,   0% used [0x059d0000, 0x059d0000, 0x05b50000)
 tenured generation   total 31272K, used 18761K [0x0a150000, 0x0bfda000, 0x14c00000)
   the space 31272K,  59% used [0x0a150000, 0x0b3a2408, 0x0b3a2600, 0x0bfda000)
 Metaspace       used 15996K, capacity 16368K, committed 16768K, reserved 16768K
}
Event: 21.072 GC heap before
{Heap before GC invocations=15 (full 2):
 def new generation   total 14144K, used 12608K [0x04c00000, 0x05b50000, 0x0a150000)
  eden space 12608K, 100% used [0x04c00000, 0x05850000, 0x05850000)
  from space 1536K,   0% used [0x05850000, 0x05850000, 0x059d0000)
  to   space 1536K,   0% used [0x059d0000, 0x059d0000, 0x05b50000)
 tenured generation   total 31272K, used 18761K [0x0a150000, 0x0bfda000, 0x14c00000)
   the space 31272K,  59% used [0x0a150000, 0x0b3a2408, 0x0b3a2600, 0x0bfda000)
 Metaspace       used 16010K, capacity 16385K, committed 16768K, reserved 16768K
}
Event: 21.076 GC heap after
{Heap after GC invocations=16 (full 2):
 def new generation   total 14144K, used 500K [0x04c00000, 0x05b50000, 0x0a150000)
  eden space 12608K,   0% used [0x04c00000, 0x04c00000, 0x05850000)
  from space 1536K,  32% used [0x059d0000, 0x05a4d050, 0x05b50000)
  to   space 1536K,   0% used [0x05850000, 0x05850000, 0x059d0000)
 tenured generation   total 31272K, used 24991K [0x0a150000, 0x0bfda000, 0x14c00000)
   the space 31272K,  79% used [0x0a150000, 0x0b9b7e00, 0x0b9b7e00, 0x0bfda000)
 Metaspace       used 16010K, capacity 16385K, committed 16768K, reserved 16768K
}

Deoptimization events (10 events):
Event: 1.066 Thread 0x15df8800 DEOPT PACKING pc=0x02caea4f sp=0x19b3e410
Event: 1.066 Thread 0x15df8800 DEOPT UNPACKING pc=0x02bbc187 sp=0x19b3e330 mode 3
Event: 1.068 Thread 0x15df8800 DEOPT PACKING pc=0x02cde971 sp=0x19b3e590
Event: 1.068 Thread 0x15df8800 DEOPT UNPACKING pc=0x02bbc187 sp=0x19b3e4b4 mode 3
Event: 1.156 Thread 0x15df8800 DEOPT PACKING pc=0x02d21dcc sp=0x19b3e580
Event: 1.156 Thread 0x15df8800 DEOPT UNPACKING pc=0x02bbc187 sp=0x19b3e430 mode 3
Event: 6.164 Thread 0x1576e400 DEOPT PACKING pc=0x02db6ebd sp=0x15b1e870
Event: 6.164 Thread 0x1576e400 DEOPT UNPACKING pc=0x02bbc187 sp=0x15b1e79c mode 3
Event: 22.140 Thread 0x15df8800 DEOPT PACKING pc=0x02d680a4 sp=0x19b3cf90
Event: 22.140 Thread 0x15df8800 DEOPT UNPACKING pc=0x02bbc187 sp=0x19b3ce2c mode 0

Classes redefined (0 events):
No events

Internal exceptions (20 events):
Event: 1.124 Thread 0x15df8800 Exception <a 'java/lang/NoSuchMethodError'{0x04f7dfc8}: 'void java.lang.invoke.DirectMethodHandle$Holder.invokeSpecial(java.lang.Object, java.lang.Object, java.lang.Object, java.lang.Object, java.lang.Object, java.lang.Object)'> (0x04f7dfc8) thrown at [s\src\hotspot\share\interpreter\linkResolver.cpp, line 773]
Event: 1.138 Thread 0x15df8800 Exception <a 'java/lang/NoSuchMethodError'{0x051d9a60}: 'java.lang.Object java.lang.invoke.DirectMethodHandle$Holder.invokeInterface(java.lang.Object, java.lang.Object, java.lang.Object)'> (0x051d9a60) thrown at [s\src\hotspot\share\interpreter\linkResolver.cpp, line 773]
Event: 1.139 Thread 0x15df8800 Exception <a 'java/lang/IncompatibleClassChangeError'{0x051dc830}: Found class java.lang.Object, but interface was expected> (0x051dc830) thrown at [s\src\hotspot\share\interpreter\linkResolver.cpp, line 839]
Event: 1.192 Thread 0x1576e400 Exception <a 'java/lang/NoSuchMethodError'{0x04ce1990}: 'int java.lang.invoke.DirectMethodHandle$Holder.invokeStaticInit(java.lang.Object, java.lang.Object)'> (0x04ce1990) thrown at [s\src\hotspot\share\interpreter\linkResolver.cpp, line 773]
Event: 1.194 Thread 0x15df8800 Exception <a 'java/lang/NoSuchMethodError'{0x04d0b6e8}: 'long java.lang.invoke.DirectMethodHandle$Holder.invokeStaticInit(java.lang.Object, java.lang.Object, java.lang.Object)'> (0x04d0b6e8) thrown at [s\src\hotspot\share\interpreter\linkResolver.cpp, line 773]
Event: 1.195 Thread 0x15df8800 Exception <a 'java/lang/NoSuchMethodError'{0x04d22088}: 'java.lang.Object java.lang.invoke.DirectMethodHandle$Holder.invokeStatic(java.lang.Object, java.lang.Object, long)'> (0x04d22088) thrown at [s\src\hotspot\share\interpreter\linkResolver.cpp, line 773]
Event: 1.195 Thread 0x15df8800 Exception <a 'java/lang/NoSuchMethodError'{0x04d27ad8}: 'java.lang.Object java.lang.invoke.Invokers$Holder.linkToTargetMethod(java.lang.Object, long, java.lang.Object)'> (0x04d27ad8) thrown at [s\src\hotspot\share\interpreter\linkResolver.cpp, line 773]
Event: 2.671 Thread 0x15df8800 Exception <a 'java/lang/NoSuchMethodError'{0x051e5480}: 'java.lang.Object java.lang.invoke.DirectMethodHandle$Holder.invokeStatic(java.lang.Object, java.lang.Object, int, int, int, int, int, java.lang.Object)'> (0x051e5480) thrown at [s\src\hotspot\share\interpreter\linkResolver.cpp, line 773]
Event: 2.672 Thread 0x15df8800 Exception <a 'java/lang/NoSuchMethodError'{0x051f4c48}: 'java.lang.Object java.lang.invoke.DirectMethodHandle$Holder.invokeStatic(java.lang.Object, java.lang.Object, java.lang.Object, int, int, int, int, int)'> (0x051f4c48) thrown at [s\src\hotspot\share\interpreter\linkResolver.cpp, line 773]
Event: 2.672 Thread 0x15df8800 Exception <a 'java/lang/NoSuchMethodError'{0x051fad38}: 'java.lang.Object java.lang.invoke.Invokers$Holder.linkToTargetMethod(java.lang.Object, java.lang.Object, int, int, int, int, int, java.lang.Object)'> (0x051fad38) thrown at [s\src\hotspot\share\interpreter\linkResolver.cpp, line 773]
Event: 2.715 Thread 0x15df8800 Exception <a 'java/io/FileNotFoundException'{0x0526eec8}> (0x0526eec8) thrown at [s\src\hotspot\share\prims\jni.cpp, line 617]
Event: 2.725 Thread 0x15df8800 Exception <a 'java/io/FileNotFoundException'{0x052bf530}> (0x052bf530) thrown at [s\src\hotspot\share\prims\jni.cpp, line 617]
Event: 9.933 Thread 0x1576e400 Exception <a 'java/lang/NoSuchMethodError'{0x051872b0}: 'java.lang.Object java.lang.invoke.DirectMethodHandle$Holder.invokeStaticInit(java.lang.Object, int)'> (0x051872b0) thrown at [s\src\hotspot\share\interpreter\linkResolver.cpp, line 773]
Event: 16.951 Thread 0x15df8800 Exception <a 'sun/nio/fs/WindowsException'{0x04e6d858}> (0x04e6d858) thrown at [s\src\hotspot\share\prims\jni.cpp, line 617]
Event: 16.961 Thread 0x15df8800 Exception <a 'java/lang/ClassNotFoundException'{0x04edf780}: com/sun/javafx/scene/control/skin/resources/controls> (0x04edf780) thrown at [s\src\hotspot\share\prims\jni.cpp, line 638]
Event: 16.961 Thread 0x15df8800 Exception <a 'java/lang/ClassNotFoundException'{0x04eed540}: com/sun/javafx/scene/control/skin/resources/controls_es> (0x04eed540) thrown at [s\src\hotspot\share\prims\jni.cpp, line 638]
Event: 22.181 Thread 0x15df8800 Exception <a 'java/lang/IllegalArgumentException'{0x04db3640}> (0x04db3640) thrown at [s\src\hotspot\share\prims\jvm.cpp, line 1310]
Event: 22.212 Thread 0x15df8800 Exception <a 'java/lang/IllegalArgumentException'{0x04df4ba0}> (0x04df4ba0) thrown at [s\src\hotspot\share\prims\jvm.cpp, line 1310]
Event: 22.228 Thread 0x15df8800 Exception <a 'java/lang/IllegalArgumentException'{0x04e00560}> (0x04e00560) thrown at [s\src\hotspot\share\prims\jvm.cpp, line 1310]
Event: 22.244 Thread 0x15df8800 Exception <a 'java/lang/IllegalArgumentException'{0x04e0bf10}> (0x04e0bf10) thrown at [s\src\hotspot\share\prims\jvm.cpp, line 1310]

Events (20 events):
Event: 9.893 Executing VM operation: GenCollectForAllocation done
Event: 10.086 Executing VM operation: GenCollectForAllocation
Event: 10.108 Executing VM operation: GenCollectForAllocation done
Event: 16.977 Executing VM operation: RevokeBias
Event: 16.977 Executing VM operation: RevokeBias done
Event: 19.748 Loaded shared library C:\Users\luigu\.openjfx\cache\17.0.6\prism_d3d.dll
Event: 19.749 Executing VM operation: RevokeBias
Event: 19.749 Executing VM operation: RevokeBias done
Event: 21.072 Executing VM operation: GenCollectForAllocation
Event: 21.076 Executing VM operation: GenCollectForAllocation done
Event: 21.106 Executing VM operation: RevokeBias
Event: 21.107 Executing VM operation: RevokeBias done
Event: 22.138 loading class javafx/application/Application
Event: 22.138 loading class javafx/application/Application done
Event: 22.139 loading class javafx/application/Application
Event: 22.139 loading class javafx/application/Application done
Event: 22.181 loading class java/lang/Throwable$WrappedPrintStream
Event: 22.182 loading class java/lang/Throwable$PrintStreamOrWriter
Event: 22.182 loading class java/lang/Throwable$PrintStreamOrWriter done
Event: 22.182 loading class java/lang/Throwable$WrappedPrintStream done


Dynamic libraries:
0x002b0000 - 0x002bc000 	C:\Program Files (x86)\Eclipse Adoptium\jdk-11.0.21.9-hotspot\bin\java.exe
0x76f20000 - 0x770d1000 	C:\WINDOWS\SYSTEM32\ntdll.dll
0x75520000 - 0x75610000 	C:\WINDOWS\System32\KERNEL32.DLL
0x767d0000 - 0x76a45000 	C:\WINDOWS\System32\KERNELBASE.dll
0x73ee0000 - 0x73f86000 	C:\WINDOWS\SYSTEM32\apphelp.dll
0x756d0000 - 0x757e2000 	C:\WINDOWS\System32\ucrtbase.dll
0x6e280000 - 0x6e293000 	C:\Program Files (x86)\Eclipse Adoptium\jdk-11.0.21.9-hotspot\bin\VCRUNTIME140.dll
0x6e2a0000 - 0x6e2b5000 	C:\Program Files (x86)\Eclipse Adoptium\jdk-11.0.21.9-hotspot\bin\jli.dll
0x76a80000 - 0x76c29000 	C:\WINDOWS\System32\USER32.dll
0x74d10000 - 0x74d2a000 	C:\WINDOWS\System32\win32u.dll
0x76a50000 - 0x76a73000 	C:\WINDOWS\System32\GDI32.dll
0x75b80000 - 0x75c62000 	C:\WINDOWS\System32\gdi32full.dll
0x6db90000 - 0x6ddb8000 	C:\WINDOWS\WinSxS\x86_microsoft.windows.common-controls_6595b64144ccf1df_6.0.22621.3235_none_6ebcabb88802389e\COMCTL32.dll
0x75c70000 - 0x75ce9000 	C:\WINDOWS\System32\msvcp_win.dll
0x74da0000 - 0x74e64000 	C:\WINDOWS\System32\msvcrt.dll
0x74ce0000 - 0x74d05000 	C:\WINDOWS\System32\IMM32.DLL
0x6cfd0000 - 0x6d03f000 	C:\Program Files (x86)\Eclipse Adoptium\jdk-11.0.21.9-hotspot\bin\msvcp140.dll
0x6b270000 - 0x6b74b000 	C:\Program Files (x86)\Eclipse Adoptium\jdk-11.0.21.9-hotspot\bin\client\jvm.dll
0x76da0000 - 0x76e1f000 	C:\WINDOWS\System32\ADVAPI32.dll
0x76c50000 - 0x76cd5000 	C:\WINDOWS\System32\sechost.dll
0x76d80000 - 0x76d9a000 	C:\WINDOWS\System32\bcrypt.dll
0x75610000 - 0x756ca000 	C:\WINDOWS\System32\RPCRT4.dll
0x74d90000 - 0x74d96000 	C:\WINDOWS\System32\PSAPI.DLL
0x74a60000 - 0x74a68000 	C:\WINDOWS\SYSTEM32\VERSION.dll
0x70070000 - 0x70078000 	C:\WINDOWS\SYSTEM32\WSOCK32.dll
0x75050000 - 0x750af000 	C:\WINDOWS\System32\WS2_32.dll
0x72770000 - 0x727a1000 	C:\WINDOWS\SYSTEM32\WINMM.dll
0x74a70000 - 0x74a83000 	C:\WINDOWS\SYSTEM32\kernel.appcore.dll
0x6e900000 - 0x6e90d000 	C:\Program Files (x86)\Eclipse Adoptium\jdk-11.0.21.9-hotspot\bin\verify.dll
0x6bfb0000 - 0x6c186000 	C:\WINDOWS\SYSTEM32\DBGHELP.DLL
0x757f0000 - 0x75a6c000 	C:\WINDOWS\System32\combase.dll
0x76ce0000 - 0x76d7c000 	C:\WINDOWS\System32\OLEAUT32.dll
0x6cfa0000 - 0x6cfc9000 	C:\WINDOWS\SYSTEM32\dbgcore.DLL
0x753b0000 - 0x75412000 	C:\WINDOWS\System32\bcryptPrimitives.dll
0x6cf70000 - 0x6cf92000 	C:\Program Files (x86)\Eclipse Adoptium\jdk-11.0.21.9-hotspot\bin\java.dll
0x6e270000 - 0x6e279000 	C:\Program Files (x86)\Eclipse Adoptium\jdk-11.0.21.9-hotspot\bin\jimage.dll
0x6cf10000 - 0x6cf1d000 	C:\Program Files (x86)\Eclipse Adoptium\jdk-11.0.21.9-hotspot\bin\instrument.dll
0x6df30000 - 0x6df46000 	C:\Program Files (x86)\Eclipse Adoptium\jdk-11.0.21.9-hotspot\bin\zip.dll
0x75cf0000 - 0x76389000 	C:\WINDOWS\System32\SHELL32.dll
0x71e70000 - 0x7255f000 	C:\WINDOWS\SYSTEM32\windows.storage.dll
0x716c0000 - 0x71787000 	C:\WINDOWS\SYSTEM32\wintypes.dll
0x75170000 - 0x75231000 	C:\WINDOWS\System32\SHCORE.dll
0x74d40000 - 0x74d8b000 	C:\WINDOWS\System32\shlwapi.dll
0x70050000 - 0x70069000 	C:\WINDOWS\SYSTEM32\profapi.dll
0x6de10000 - 0x6de24000 	C:\Program Files (x86)\Eclipse Adoptium\jdk-11.0.21.9-hotspot\bin\net.dll
0x73c80000 - 0x73d5c000 	C:\WINDOWS\SYSTEM32\WINHTTP.dll
0x6fae0000 - 0x6fb31000 	C:\WINDOWS\system32\mswsock.dll
0x6e260000 - 0x6e26f000 	C:\Program Files (x86)\Eclipse Adoptium\jdk-11.0.21.9-hotspot\bin\nio.dll
0x6cef0000 - 0x6cf06000 	C:\Users\luigu\AppData\Local\Programs\IntelliJ IDEA Ultimate\bin\breakgen.dll
0x6c5f0000 - 0x6c5f3000 	C:\Users\luigu\.openjfx\cache\17.0.6\api-ms-win-core-console-l1-1-0.dll
0x6c5e0000 - 0x6c5e3000 	C:\Users\luigu\.openjfx\cache\17.0.6\api-ms-win-core-console-l1-2-0.dll
0x6be50000 - 0x6be53000 	C:\Users\luigu\.openjfx\cache\17.0.6\api-ms-win-core-datetime-l1-1-0.dll
0x6be40000 - 0x6be43000 	C:\Users\luigu\.openjfx\cache\17.0.6\api-ms-win-core-debug-l1-1-0.dll
0x6be30000 - 0x6be33000 	C:\Users\luigu\.openjfx\cache\17.0.6\api-ms-win-core-errorhandling-l1-1-0.dll
0x6be20000 - 0x6be24000 	C:\Users\luigu\.openjfx\cache\17.0.6\api-ms-win-core-file-l1-1-0.dll
0x6be10000 - 0x6be13000 	C:\Users\luigu\.openjfx\cache\17.0.6\api-ms-win-core-file-l1-2-0.dll
0x6be00000 - 0x6be03000 	C:\Users\luigu\.openjfx\cache\17.0.6\api-ms-win-core-file-l2-1-0.dll
0x6bdf0000 - 0x6bdf3000 	C:\Users\luigu\.openjfx\cache\17.0.6\api-ms-win-core-handle-l1-1-0.dll
0x6bdd0000 - 0x6bdd3000 	C:\Users\luigu\.openjfx\cache\17.0.6\api-ms-win-core-heap-l1-1-0.dll
0x6bdb0000 - 0x6bdb3000 	C:\Users\luigu\.openjfx\cache\17.0.6\api-ms-win-core-interlocked-l1-1-0.dll
0x6bda0000 - 0x6bda3000 	C:\Users\luigu\.openjfx\cache\17.0.6\api-ms-win-core-libraryloader-l1-1-0.dll
0x6bd90000 - 0x6bd93000 	C:\Users\luigu\.openjfx\cache\17.0.6\api-ms-win-core-localization-l1-2-0.dll
0x6bd80000 - 0x6bd83000 	C:\Users\luigu\.openjfx\cache\17.0.6\api-ms-win-core-memory-l1-1-0.dll
0x6bd70000 - 0x6bd73000 	C:\Users\luigu\.openjfx\cache\17.0.6\api-ms-win-core-namedpipe-l1-1-0.dll
0x6bd60000 - 0x6bd63000 	C:\Users\luigu\.openjfx\cache\17.0.6\api-ms-win-core-processenvironment-l1-1-0.dll
0x6bd50000 - 0x6bd53000 	C:\Users\luigu\.openjfx\cache\17.0.6\api-ms-win-core-processthreads-l1-1-0.dll
0x6bd40000 - 0x6bd43000 	C:\Users\luigu\.openjfx\cache\17.0.6\api-ms-win-core-processthreads-l1-1-1.dll
0x6bd30000 - 0x6bd33000 	C:\Users\luigu\.openjfx\cache\17.0.6\api-ms-win-core-profile-l1-1-0.dll
0x6bd20000 - 0x6bd23000 	C:\Users\luigu\.openjfx\cache\17.0.6\api-ms-win-core-rtlsupport-l1-1-0.dll
0x6bd10000 - 0x6bd13000 	C:\Users\luigu\.openjfx\cache\17.0.6\api-ms-win-core-string-l1-1-0.dll
0x6bd00000 - 0x6bd03000 	C:\Users\luigu\.openjfx\cache\17.0.6\api-ms-win-core-synch-l1-1-0.dll
0x6bcf0000 - 0x6bcf3000 	C:\Users\luigu\.openjfx\cache\17.0.6\api-ms-win-core-synch-l1-2-0.dll
0x6bce0000 - 0x6bce3000 	C:\Users\luigu\.openjfx\cache\17.0.6\api-ms-win-core-sysinfo-l1-1-0.dll
0x6ba50000 - 0x6ba53000 	C:\Users\luigu\.openjfx\cache\17.0.6\api-ms-win-core-timezone-l1-1-0.dll
0x6ba40000 - 0x6ba43000 	C:\Users\luigu\.openjfx\cache\17.0.6\api-ms-win-core-util-l1-1-0.dll
0x6ba30000 - 0x6ba33000 	C:\Users\luigu\.openjfx\cache\17.0.6\api-ms-win-crt-conio-l1-1-0.dll
0x6ba20000 - 0x6ba24000 	C:\Users\luigu\.openjfx\cache\17.0.6\api-ms-win-crt-convert-l1-1-0.dll
0x6ba10000 - 0x6ba13000 	C:\Users\luigu\.openjfx\cache\17.0.6\api-ms-win-crt-environment-l1-1-0.dll
0x6ba00000 - 0x6ba03000 	C:\Users\luigu\.openjfx\cache\17.0.6\api-ms-win-crt-filesystem-l1-1-0.dll
0x6b9f0000 - 0x6b9f3000 	C:\Users\luigu\.openjfx\cache\17.0.6\api-ms-win-crt-heap-l1-1-0.dll
0x6b9e0000 - 0x6b9e3000 	C:\Users\luigu\.openjfx\cache\17.0.6\api-ms-win-crt-locale-l1-1-0.dll
0x6b9d0000 - 0x6b9d5000 	C:\Users\luigu\.openjfx\cache\17.0.6\api-ms-win-crt-math-l1-1-0.dll
0x6b9c0000 - 0x6b9c5000 	C:\Users\luigu\.openjfx\cache\17.0.6\api-ms-win-crt-multibyte-l1-1-0.dll
0x6b9b0000 - 0x6b9c0000 	C:\Users\luigu\.openjfx\cache\17.0.6\api-ms-win-crt-private-l1-1-0.dll
0x6b9a0000 - 0x6b9a3000 	C:\Users\luigu\.openjfx\cache\17.0.6\api-ms-win-crt-process-l1-1-0.dll
0x6b990000 - 0x6b994000 	C:\Users\luigu\.openjfx\cache\17.0.6\api-ms-win-crt-runtime-l1-1-0.dll
0x6b980000 - 0x6b984000 	C:\Users\luigu\.openjfx\cache\17.0.6\api-ms-win-crt-stdio-l1-1-0.dll
0x6b970000 - 0x6b974000 	C:\Users\luigu\.openjfx\cache\17.0.6\api-ms-win-crt-string-l1-1-0.dll
0x6b960000 - 0x6b963000 	C:\Users\luigu\.openjfx\cache\17.0.6\api-ms-win-crt-time-l1-1-0.dll
0x6b950000 - 0x6b953000 	C:\Users\luigu\.openjfx\cache\17.0.6\api-ms-win-crt-utility-l1-1-0.dll
0x6b140000 - 0x6b263000 	C:\Users\luigu\.openjfx\cache\17.0.6\ucrtbase.dll
0x6b930000 - 0x6b944000 	C:\Users\luigu\.openjfx\cache\17.0.6\vcruntime140.dll
0x6b8c0000 - 0x6b92d000 	C:\Users\luigu\.openjfx\cache\17.0.6\msvcp140.dll
0x6b8b0000 - 0x6b8b7000 	C:\Users\luigu\.openjfx\cache\17.0.6\msvcp140_1.dll
0x6b880000 - 0x6b8a9000 	C:\Users\luigu\.openjfx\cache\17.0.6\msvcp140_2.dll
0x6b800000 - 0x6b826000 	C:\Users\luigu\.openjfx\cache\17.0.6\prism_d3d.dll
0x6afc0000 - 0x6b131000 	C:\WINDOWS\system32\d3d9.dll
0x6e110000 - 0x6e134000 	C:\WINDOWS\SYSTEM32\dwmapi.dll
0x74080000 - 0x740ae000 	C:\WINDOWS\SYSTEM32\dxcore.dll
0x73fc0000 - 0x7403f000 	C:\WINDOWS\system32\uxtheme.dll
0x6b770000 - 0x6b800000 	C:\WINDOWS\SYSTEM32\d3d9on12.dll
0x73e10000 - 0x73eda000 	C:\WINDOWS\SYSTEM32\dxgi.dll
0x6afa0000 - 0x6afbd000 	C:\WINDOWS\SYSTEM32\d3d12.dll
0x72620000 - 0x7265d000 	C:\WINDOWS\SYSTEM32\cfgmgr32.dll
0x6adf0000 - 0x6afa0000 	C:\WINDOWS\SYSTEM32\D3D12Core.dll
0x6add0000 - 0x6aded000 	C:\WINDOWS\System32\DriverStore\FileRepository\iigd_dch.inf_amd64_3c65364e14984512\igd12umd32.dll
0x63b00000 - 0x6472a000 	C:\WINDOWS\System32\DriverStore\FileRepository\iigd_dch.inf_amd64_3c65364e14984512\igd12um32xel.dll
0x75240000 - 0x75343000 	C:\WINDOWS\System32\CRYPT32.dll
0x74b80000 - 0x74cd5000 	C:\WINDOWS\System32\ole32.dll
0x6ad90000 - 0x6adc5000 	C:\WINDOWS\SYSTEM32\ControlLib32.dll
0x76390000 - 0x767cd000 	C:\WINDOWS\System32\SETUPAPI.dll
0x6e600000 - 0x6e624000 	C:\WINDOWS\SYSTEM32\DEVOBJ.dll
0x6ad10000 - 0x6ad82000 	C:\WINDOWS\System32\DriverStore\FileRepository\iigd_dch.inf_amd64_3c65364e14984512\IntelControlLib32.dll
0x76eb0000 - 0x76f07000 	C:\WINDOWS\System32\WINTRUST.dll
0x6e5f0000 - 0x6e5fe000 	C:\WINDOWS\SYSTEM32\MSASN1.dll
0x6d5f0000 - 0x6d62c000 	C:\WINDOWS\SYSTEM32\directxdatabasehelper.dll
0x67160000 - 0x6748f000 	C:\WINDOWS\System32\DriverStore\FileRepository\iigd_dch.inf_amd64_3c65364e14984512\igdgmm32.dll
0x67490000 - 0x6ab15000 	C:\WINDOWS\System32\DriverStore\FileRepository\iigd_dch.inf_amd64_3c65364e14984512\igc32.dll
0x6ace0000 - 0x6ad01000 	C:\WINDOWS\SYSTEM32\D3DSCache.dll
0x73f90000 - 0x73faf000 	C:\WINDOWS\SYSTEM32\USERENV.dll
0x62880000 - 0x63afb000 	C:\WINDOWS\System32\DriverStore\FileRepository\iigd_dch.inf_amd64_3c65364e14984512\igd12dxva32.dll
0x60b90000 - 0x62880000 	C:\WINDOWS\System32\DriverStore\FileRepository\iigd_dch.inf_amd64_3c65364e14984512\media_bin_32.dll
0x6acc0000 - 0x6ace0000 	C:\WINDOWS\System32\DriverStore\FileRepository\iigd_dch.inf_amd64_3c65364e14984512\igdinfo32.dll
0x716a0000 - 0x716b5000 	C:\WINDOWS\SYSTEM32\CRYPTSP.dll
0x71670000 - 0x716a0000 	C:\WINDOWS\system32\rsaenh.dll
0x71350000 - 0x7135b000 	C:\WINDOWS\SYSTEM32\CRYPTBASE.dll
0x56ef0000 - 0x570dc000 	C:\WINDOWS\SYSTEM32\twinapi.appcore.dll
0x6ac80000 - 0x6acb7000 	C:\Users\luigu\.openjfx\cache\17.0.6\glass.dll

dbghelp: loaded successfully - version: 4.0.5 - missing functions: none
symbol engine: initialized successfully - sym options: 0x614 - pdb path: .;C:\Program Files (x86)\Eclipse Adoptium\jdk-11.0.21.9-hotspot\bin;C:\WINDOWS\SYSTEM32;C:\WINDOWS\WinSxS\x86_microsoft.windows.common-controls_6595b64144ccf1df_6.0.22621.3235_none_6ebcabb88802389e;C:\Program Files (x86)\Eclipse Adoptium\jdk-11.0.21.9-hotspot\bin\client;C:\Users\luigu\AppData\Local\Programs\IntelliJ IDEA Ultimate\bin;C:\Users\luigu\.openjfx\cache\17.0.6;C:\WINDOWS\System32\DriverStore\FileRepository\iigd_dch.inf_amd64_3c65364e14984512;C:\ProgramData\A-Volute\A-Volute.Nahimic\Modules\Scheduled;C:\Program Files (x86)\Common Files\Microsoft Shared\Ink

VM Arguments:
jvm_args: -javaagent:C:\Users\luigu\AppData\Local\Programs\IntelliJ IDEA Ultimate\lib\idea_rt.jar=52657:C:\Users\luigu\AppData\Local\Programs\IntelliJ IDEA Ultimate\bin -Dfile.encoding=UTF-8 --module-path=C:\Users\luigu\.m2\repository\org\openjfx\javafx-base\17.0.6\javafx-base-17.0.6-win-x86.jar;C:\Users\luigu\.m2\repository\org\openjfx\javafx-fxml\17.0.6\javafx-fxml-17.0.6-win-x86.jar;C:\Users\luigu\.m2\repository\org\openjfx\javafx-controls\17.0.6\javafx-controls-17.0.6-win-x86.jar;C:\Users\luigu\.m2\repository\org\controlsfx\controlsfx\11.1.2\controlsfx-11.1.2.jar;C:\Users\luigu\.m2\repository\org\openjfx\javafx-graphics\17.0.6\javafx-graphics-17.0.6-win-x86.jar;C:\Users\luigu\.m2\repository\org\kordamp\bootstrapfx\bootstrapfx-core\0.4.0\bootstrapfx-core-0.4.0.jar;C:\Users\luigu\.m2\repository\com\dlsc\formsfx\formsfx-core\11.6.0\formsfx-core-11.6.0.jar;C:\Users\luigu\.m2\repository\net\synedra\validatorfx\0.4.0\validatorfx-0.4.0.jar;C:\Users\luigu\IdeaProjects\Joyeria_ProyectoMult\target\classes -Djdk.module.main=com.eduard034.joyeria_proyectomult 
java_command: com.eduard034.joyeria_proyectomult/com.eduard034.joyeria_proyectomult.JoyeriaApp
java_class_path (initial): C:\Users\luigu\.m2\repository\org\openjfx\javafx-controls\17.0.6\javafx-controls-17.0.6.jar;C:\Users\luigu\.m2\repository\org\openjfx\javafx-graphics\17.0.6\javafx-graphics-17.0.6.jar;C:\Users\luigu\.m2\repository\org\openjfx\javafx-base\17.0.6\javafx-base-17.0.6.jar;C:\Users\luigu\.m2\repository\org\openjfx\javafx-fxml\17.0.6\javafx-fxml-17.0.6.jar
Launcher Type: SUN_STANDARD

[Global flags]
   size_t InitialHeapSize                          = 16777216                                  {product} {ergonomic}
   size_t MaxHeapSize                              = 268435456                                 {product} {ergonomic}
   size_t MaxNewSize                               = 89456640                                  {product} {ergonomic}
   size_t MinHeapDeltaBytes                        = 131072                                    {product} {ergonomic}
   size_t NewSize                                  = 5570560                                   {product} {ergonomic}
    uintx NonProfiledCodeHeapSize                  = 0                                      {pd product} {ergonomic}
   size_t OldSize                                  = 11206656                                  {product} {ergonomic}
    uintx ProfiledCodeHeapSize                     = 0                                      {pd product} {ergonomic}
     bool ThreadLocalHandshakes                    = false                                  {pd product} {ergonomic}
     bool UseLargePagesIndividualAllocation        = false                                  {pd product} {ergonomic}
     bool UseSerialGC                              = true                                      {product} {ergonomic}

Logging:
Log output configuration:
 #0: stdout all=warning uptime,level,tags
 #1: stderr all=off uptime,level,tags

Environment Variables:
PATH=C:\Program Files (x86)\Eclipse Adoptium\jre-11.0.21.9-hotspot\bin;C:\Program Files (x86)\Eclipse Adoptium\jdk-11.0.21.9-hotspot\bin;C:\Program Files (x86)\VMware\VMware Player\bin\;C:\Windows\system32;C:\Windows;C:\Windows\System32\Wbem;C:\Windows\System32\WindowsPowerShell\v1.0\;C:\Windows\System32\OpenSSH\;C:\Program Files (x86)\NVIDIA Corporation\PhysX\Common;C:\Program Files\NVIDIA Corporation\NVIDIA NvDLISR;C:\WINDOWS\system32;C:\WINDOWS;C:\WINDOWS\System32\Wbem;C:\WINDOWS\System32\WindowsPowerShell\v1.0\;C:\WINDOWS\System32\OpenSSH\;C:\Program Files\Git\cmd;C:\Users\luigu\AppData\Local\Microsoft\WindowsApps;C:\Users\luigu\AppData\Local\Programs\Microsoft VS Code\bin;C:\Users\luigu\AppData\Local\JetBrains\Toolbox\scripts;C:\Users\luigu\AppData\Local\GitHubDesktop\bin
USERNAME=luigu
OS=Windows_NT
PROCESSOR_IDENTIFIER=Intel64 Family 6 Model 154 Stepping 3, GenuineIntel
TMP=C:\Users\luigu\AppData\Local\Temp
TEMP=C:\Users\luigu\AppData\Local\Temp



---------------  S Y S T E M  ---------------

OS: Windows 11 , 64 bit Build 22621 (10.0.22621.3374)
OS uptime: 4 days 15:21 hours

CPU:total 12 (initial active 12) (6 cores per cpu, 2 threads per core) family 6 model 154 stepping 3 microcode 0x419, cmov, cx8, fxsr, mmx, sse, sse2, sse3, ssse3, sse4.1, sse4.2, popcnt, avx, avx2, aes, clmul, erms, 3dnowpref, lzcnt, ht, tsc, tscinvbit, bmi1, bmi2, adx, sha, fma

Memory: 4k page, system-wide physical 7917M (419M free)
TotalPageFile size 19693M (AvailPageFile size 3351M), user-mode portion of virtual address-space 2047M (1220M free)
current process WorkingSet (physical memory assigned to process): 267M, peak: 280M
current process commit charge ("private bytes"): 266M, peak: 266M

vm_info: OpenJDK Client VM (11.0.21+9) for windows-x86 JRE (11.0.21+9), built on Oct 17 2023 17:27:10 by "" with MS VC++ 15.9 (VS2017)

END.
