#
# A fatal error has been detected by the Java Runtime Environment:
#
#  EXCEPTION_ACCESS_VIOLATION (0xc0000005) at pc=0x6ace6c62, pid=18280, tid=32992
#
# JRE version: OpenJDK Runtime Environment Temurin-11.0.21+9 (11.0.21+9) (build 11.0.21+9)
# Java VM: OpenJDK Client VM Temurin-11.0.21+9 (11.0.21+9, mixed mode, serial gc, windows-x86)
# Problematic frame:
# C  [glass.dll+0x16c62]
#
# No core dump will be written. Minidumps are not enabled by default on client versions of Windows
#
# If you would like to submit a bug report, please visit:
#   https://github.com/adoptium/adoptium-support/issues
# The crash happened outside the Java Virtual Machine in native code.
# See problematic frame for where to report the bug.
#

---------------  S U M M A R Y ------------

Command Line: -javaagent:C:\Users\luigu\AppData\Local\Programs\IntelliJ IDEA Ultimate\lib\idea_rt.jar=64944:C:\Users\luigu\AppData\Local\Programs\IntelliJ IDEA Ultimate\bin -Dfile.encoding=UTF-8 --module-path=C:\Users\luigu\.m2\repository\org\controlsfx\controlsfx\11.1.2\controlsfx-11.1.2.jar;C:\Users\luigu\IdeaProjects\Joyeria_ProyectoMult\target\classes;C:\Users\luigu\.m2\repository\org\openjfx\javafx-base\17.0.6\javafx-base-17.0.6-win-x86.jar;C:\Users\luigu\.m2\repository\net\synedra\validatorfx\0.4.0\validatorfx-0.4.0.jar;C:\Users\luigu\.m2\repository\org\openjfx\javafx-fxml\17.0.6\javafx-fxml-17.0.6-win-x86.jar;C:\Users\luigu\.m2\repository\org\openjfx\javafx-controls\17.0.6\javafx-controls-17.0.6-win-x86.jar;C:\Users\luigu\.m2\repository\org\openjfx\javafx-graphics\17.0.6\javafx-graphics-17.0.6-win-x86.jar;C:\Users\luigu\.m2\repository\com\dlsc\formsfx\formsfx-core\11.6.0\formsfx-core-11.6.0.jar;C:\Users\luigu\.m2\repository\org\kordamp\bootstrapfx\bootstrapfx-core\0.4.0\bootstrapfx-core-0.4.0.jar -Djdk.module.main=com.eduard034.joyeria_proyectomult com.eduard034.joyeria_proyectomult/com.eduard034.joyeria_proyectomult.JoyeriaApp

Host: 12th Gen Intel(R) Core(TM) i5-12450H, 12 cores, 7G,  Windows 11 , 64 bit Build 22621 (10.0.22621.3374)
Time: Fri Apr 19 14:59:02 2024 Hora estándar central (México) elapsed time: 161.311897 seconds (0d 0h 2m 41s)

---------------  T H R E A D  ---------------

Current thread (0x167dd800):  JavaThread "JavaFX Application Thread" [_thread_in_native, id=32992, stack(0x19af0000,0x19b40000)]

Stack: [0x19af0000,0x19b40000],  sp=0x19b3e85c,  free space=314k
Native frames: (J=compiled Java code, A=aot compiled Java code, j=interpreted, Vv=VM code, C=native code)
C  [glass.dll+0x16c62]

Java frames: (J=compiled Java code, j=interpreted, Vv=VM code)
j  com.sun.glass.ui.win.WinWindow._close(J)Z+0 javafx.graphics
j  com.sun.glass.ui.Window.close()V+63 javafx.graphics
j  com.sun.glass.ui.win.WinWindow.close()V+8 javafx.graphics
j  com.sun.glass.ui.Application.terminate()V+75 javafx.graphics
j  com.sun.javafx.tk.quantum.QuantumToolkit.lambda$exit$13()Ljava/lang/Object;+5 javafx.graphics
j  com.sun.javafx.tk.quantum.QuantumToolkit$$Lambda$688.get()Ljava/lang/Object;+0 javafx.graphics
j  com.sun.javafx.tk.quantum.QuantumToolkit.runWithRenderLock(Ljava/util/function/Supplier;)Ljava/lang/Object;+7 javafx.graphics
j  com.sun.javafx.tk.quantum.QuantumToolkit.exit()V+26 javafx.graphics
j  com.sun.javafx.application.PlatformImpl.lambda$tkExit$16()V+3 javafx.graphics
j  com.sun.javafx.application.PlatformImpl$$Lambda$687.run()V+0 javafx.graphics
j  com.sun.javafx.application.PlatformImpl.lambda$runAndWait$12(Ljava/lang/Runnable;Ljava/util/concurrent/CountDownLatch;)V+1 javafx.graphics
j  com.sun.javafx.application.PlatformImpl$$Lambda$87.run()V+8 javafx.graphics
j  com.sun.javafx.application.PlatformImpl.lambda$runLater$10(Ljava/lang/Runnable;)Ljava/lang/Void;+1 javafx.graphics
j  com.sun.javafx.application.PlatformImpl$$Lambda$90.run()Ljava/lang/Object;+4 javafx.graphics
v  ~StubRoutines::call_stub
J 1252  java.security.AccessController.doPrivileged(Ljava/security/PrivilegedAction;Ljava/security/AccessControlContext;)Ljava/lang/Object; java.base@11.0.21 (0 bytes) @ 0x0366ac47 [0x0366abe0+0x00000067]
j  com.sun.javafx.application.PlatformImpl.lambda$runLater$11(Ljava/lang/Runnable;Ljava/security/AccessControlContext;)V+7 javafx.graphics
j  com.sun.javafx.application.PlatformImpl$$Lambda$88.run()V+8 javafx.graphics
J 2029 c1 com.sun.glass.ui.InvokeLaterDispatcher$Future.run()V javafx.graphics (91 bytes) @ 0x0374bb00 [0x0374bad0+0x00000030]
v  ~StubRoutines::call_stub
j  com.sun.glass.ui.win.WinApplication._runLoop(Ljava/lang/Runnable;)V+0 javafx.graphics
j  com.sun.glass.ui.win.WinApplication.lambda$runLoop$3(ILjava/lang/Runnable;)V+8 javafx.graphics
j  com.sun.glass.ui.win.WinApplication$$Lambda$78.run()V+12 javafx.graphics
j  java.lang.Thread.run()V+11 java.base@11.0.21
v  ~StubRoutines::call_stub

siginfo: EXCEPTION_ACCESS_VIOLATION (0xc0000005), reading address 0x000000b8


Register to memory mapping:

EIP=0x6ace6c62 glass.dll
EAX=0x0 is NULL
EBX=0x19b3ea90 is pointing into the stack for thread: 0x167dd800
ECX=0x0 is NULL
EDX=0x0 is NULL
ESP=0x19b3e85c is pointing into the stack for thread: 0x167dd800
EBP=0x19b3e888 is pointing into the stack for thread: 0x167dd800
ESI=0x00000401 is an unknown value
EDI=0x0 is NULL


Registers:
EAX=0x00000000, EBX=0x19b3ea90, ECX=0x00000000, EDX=0x00000000
ESP=0x19b3e85c, EBP=0x19b3e888, ESI=0x00000401, EDI=0x00000000
EIP=0x6ace6c62, EFLAGS=0x00010206

Top of Stack: (sp=0x19b3e85c)
0x19b3e85c:   19b3ea90 00000401 19b3ea90 6acd8df8
0x19b3e86c:   c81af144 166da708 001106b0 00000401
0x19b3e87c:   19b3e9bc 6acf02b0 ffffffff 00000000
0x19b3e88c:   6acd1755 00000401 19b3ea90 00000000
0x19b3e89c:   00000401 001106b0 19b3e8d4 6acd16f0
0x19b3e8ac:   76ab30b3 001106b0 00000401 19b3ea90
0x19b3e8bc:   00000000 001106b0 dcbaabcd 6acd16f0
0x19b3e8cc:   00000401 001106b0 19b3e9cc 76aa3ef6 

Instructions: (pc=0x6ace6c62)
0x6ace6b62:   21 56 e8 47 42 00 00 ff 35 e8 03 d0 6a 8b f0 ff
0x6ace6b72:   77 68 56 e8 96 de fe ff 56 e8 a0 41 00 00 83 c4
0x6ace6b82:   10 5e c7 05 a4 03 d0 6a 00 00 00 00 5f c3 83 ec
0x6ace6b92:   24 a1 ec e0 cf 6a 33 c4 89 44 24 20 8b 44 24 28
0x6ace6ba2:   53 89 44 24 04 8b d9 8b 44 24 30 89 44 24 08 8b
0x6ace6bb2:   44 24 38 55 89 44 24 10 8b 44 24 38 56 89 83 84
0x6ace6bc2:   00 00 00 8b 44 24 0c 89 5c 24 18 bb 00 00 00 80
0x6ace6bd2:   8b eb 8b f3 57 8b fb 85 c0 79 29 8d 44 24 20 50
0x6ace6be2:   e8 29 aa fe ff 83 c4 04 85 c0 8b 44 24 10 74 14
0x6ace6bf2:   8b 74 24 28 8b 5c 24 20 2b f3 8b 7c 24 2c 8b 6c
0x6ace6c02:   24 24 2b fd 6a 00 50 ff 74 24 1c 68 d8 23 cf 6a
0x6ace6c12:   57 56 8b 74 24 34 8b ce 55 53 ff 74 24 38 e8 db
0x6ace6c22:   a7 fe ff 8b f8 8d 4e 14 57 e8 40 64 00 00 57 8d
0x6ace6c32:   4e 14 e8 c7 64 00 00 8b 4c 24 30 8b c7 5f 5e 5d
0x6ace6c42:   5b 33 cc e8 ae 7a 00 00 83 c4 24 c2 10 00 53 8b
0x6ace6c52:   d9 56 57 ff 73 08 e8 93 a9 fe ff 8b f8 83 c4 04
0x6ace6c62:   8b 87 b8 00 00 00 85 c0 75 03 8b 47 04 3b 05 a4
0x6ace6c72:   03 d0 6a 75 29 e8 34 41 00 00 ff 35 e8 03 d0 6a
0x6ace6c82:   8b f0 ff 77 68 56 e8 83 dd fe ff 56 e8 8d 40 00
0x6ace6c92:   00 83 c4 10 c7 05 a4 03 d0 6a 00 00 00 00 8d 4f
0x6ace6ca2:   14 e8 b8 69 00 00 8d 4f 14 e8 e0 69 00 00 ff 73
0x6ace6cb2:   08 ff 15 f8 fe cf 6a 85 c0 5f 0f 95 c0 5e 88 43
0x6ace6cc2:   04 5b c3 cc cc cc cc cc cc cc cc cc cc cc 55 8b
0x6ace6cd2:   ec 6a ff 68 f7 11 cf 6a 64 a1 00 00 00 00 50 83
0x6ace6ce2:   ec 08 53 56 57 a1 ec e0 cf 6a 33 c5 50 8d 45 f4
0x6ace6cf2:   64 a3 00 00 00 00 8b f9 ff 77 18 ff 15 60 ff cf
0x6ace6d02:   6a 85 c0 75 13 0f 57 c0 66 0f 13 45 ec 8b 55 f0
0x6ace6d12:   8b 45 ec e9 a7 00 00 00 68 dc 00 00 00 e8 96 79
0x6ace6d22:   00 00 83 c4 04 89 45 f0 c7 45 fc 00 00 00 00 85
0x6ace6d32:   c0 74 19 ff 77 18 8b c8 6a 01 6a 00 6a 00 6a 00
0x6ace6d42:   ff 77 10 e8 a6 f9 ff ff 8b d8 eb 02 33 db ff 77
0x6ace6d52:   18 8b cb c7 45 fc ff ff ff ff 6a 00 68 00 00 10 


Stack slot to memory mapping:
stack at sp + 0 slots: 0x19b3ea90 is pointing into the stack for thread: 0x167dd800
stack at sp + 1 slots: 0x00000401 is an unknown value
stack at sp + 2 slots: 0x19b3ea90 is pointing into the stack for thread: 0x167dd800
stack at sp + 3 slots: 0x6acd8df8 glass.dll
stack at sp + 4 slots: 0xc81af144 is an unknown value
stack at sp + 5 slots: 0x166da708 points into unknown readable memory: 0x6acf319c | 9c 31 cf 6a
stack at sp + 6 slots: 0x001106b0 is an unknown value
stack at sp + 7 slots: 0x00000401 is an unknown value


---------------  P R O C E S S  ---------------

Threads class SMR info:
_java_thread_list=0x16c6a3a8, length=17, elements={
0x0338f400, 0x03468000, 0x03445000, 0x03466000,
0x1575f800, 0x15760400, 0x15761c00, 0x15769000,
0x157d0c00, 0x15927800, 0x15f46000, 0x1680a800,
0x167dd800, 0x1692a000, 0x1692e000, 0x16a62800,
0x20f24800
}

Java Threads: ( => current thread )
  0x0338f400 JavaThread "main" [_thread_blocked, id=16396, stack(0x02b20000,0x02b70000)]
  0x03468000 JavaThread "Reference Handler" daemon [_thread_blocked, id=25624, stack(0x054b0000,0x05500000)]
  0x03445000 JavaThread "Finalizer" daemon [_thread_blocked, id=27708, stack(0x05540000,0x05590000)]
  0x03466000 JavaThread "Signal Dispatcher" daemon [_thread_blocked, id=32100, stack(0x15930000,0x15980000)]
  0x1575f800 JavaThread "Attach Listener" daemon [_thread_blocked, id=204, stack(0x159c0000,0x15a10000)]
  0x15760400 JavaThread "Service Thread" daemon [_thread_blocked, id=30624, stack(0x15a50000,0x15aa0000)]
  0x15761c00 JavaThread "C1 CompilerThread0" daemon [_thread_blocked, id=25416, stack(0x15ae0000,0x15b30000)]
  0x15769000 JavaThread "Sweeper thread" daemon [_thread_blocked, id=23616, stack(0x15b70000,0x15bc0000)]
  0x157d0c00 JavaThread "Common-Cleaner" daemon [_thread_blocked, id=33408, stack(0x15c00000,0x15c50000)]
  0x15927800 JavaThread "Monitor Ctrl-Break" daemon [_thread_in_native, id=18808, stack(0x160a0000,0x160f0000)]
  0x15f46000 JavaThread "QuantumRenderer-0" daemon [_thread_blocked, id=29408, stack(0x163c0000,0x16410000)]
  0x1680a800 JavaThread "InvokeLaterDispatcher" daemon [_thread_blocked, id=28644, stack(0x19960000,0x199b0000)]
=>0x167dd800 JavaThread "JavaFX Application Thread" [_thread_in_native, id=32992, stack(0x19af0000,0x19b40000)]
  0x1692a000 JavaThread "JavaFX-Launcher" [_thread_blocked, id=27216, stack(0x1e100000,0x1e150000)]
  0x1692e000 JavaThread "Thread-2" daemon [_thread_in_native, id=30536, stack(0x1e070000,0x1e0c0000)]
  0x16a62800 JavaThread "Prism Font Disposer" daemon [_thread_blocked, id=17140, stack(0x1f720000,0x1f770000)]
  0x20f24800 JavaThread "Cleaner-0" daemon [_thread_blocked, id=32440, stack(0x229d0000,0x22a20000)]

Other Threads:
  0x03442400 VMThread "VM Thread" [stack: 0x03310000,0x03360000] [id=15476]
  0x15c60c00 WatcherThread [stack: 0x16130000,0x16180000] [id=12380]

Threads with active compile tasks:

VM state:not at safepoint (normal execution)

VM Mutex/Monitor currently owned by a thread: None

Heap:
 def new generation   total 14400K, used 9941K [0x05600000, 0x06590000, 0x0ab50000)
  eden space 12864K,  65% used [0x05600000, 0x05e35640, 0x06290000)
  from space 1536K, 100% used [0x06410000, 0x06590000, 0x06590000)
  to   space 1536K,   0% used [0x06290000, 0x06290000, 0x06410000)
 tenured generation   total 31832K, used 24446K [0x0ab50000, 0x0ca66000, 0x15600000)
   the space 31832K,  76% used [0x0ab50000, 0x0c32fa50, 0x0c32fc00, 0x0ca66000)
 Metaspace       used 16329K, capacity 16733K, committed 17024K, reserved 17792K

Card table byte_map: [0x02d80000,0x02e10000] _byte_map_base: 0x02d55000

Polling page: 0x02ce0000

Metaspace:

Usage:
   16.34 MB capacity,    15.95 MB ( 98%) used,   284.13 KB (  2%) free+waste,   119.22 KB ( <1%) overhead. 

Virtual space:
     17.38 MB reserved,      16.63 MB ( 96%) committed 

Chunk freelists:
291.00 KB

MaxMetaspaceSize: 4.00 GB
No class space
Initial GC threshold: 12.00 MB
Current GC threshold: 27.71 MB
CDS: off

CodeCache: size=32768Kb used=3581Kb max_used=3581Kb free=29186Kb
 bounds [0x03470000, 0x037f0000, 0x05470000]
 total_blobs=3005 nmethods=2564 adapters=373
 compilation: enabled
              stopped_count=0, restarted_count=0
 full_count=0

Compilation events (20 events):
Event: 159.509 Thread 0x15761c00 2551             javafx.css.Match::<init> (101 bytes)
Event: 159.509 Thread 0x15761c00 nmethod 2551 0x037ed288 code [0x037ed3b0, 0x037ed51c]
Event: 159.509 Thread 0x15761c00 2552             java.lang.invoke.Invokers$Holder::linkToTargetMethod (10 bytes)
Event: 159.509 Thread 0x15761c00 nmethod 2552 0x037ed608 code [0x037ed730, 0x037ed7f8]
Event: 159.630 Thread 0x15761c00 2553             java.util.WeakHashMap::transfer (107 bytes)
Event: 159.630 Thread 0x15761c00 nmethod 2553 0x037ed888 code [0x037ed9a0, 0x037edb90]
Event: 160.030 Thread 0x15761c00 2554             com.sun.prism.impl.ps.BaseShaderGraphics::fillRect (149 bytes)
Event: 160.030 Thread 0x15761c00 nmethod 2554 0x037edd08 code [0x037ede40, 0x037edfe4]
Event: 161.133 Thread 0x15761c00 2559             java.nio.Buffer::clear (20 bytes)
Event: 161.133 Thread 0x15761c00 nmethod 2559 0x037ee608 code [0x037ee710, 0x037ee7a0]
Event: 161.223 Thread 0x15761c00 2560             java.nio.charset.CoderResult::isUnderflow (13 bytes)
Event: 161.223 Thread 0x15761c00 nmethod 2560 0x037ee808 code [0x037ee910, 0x037ee9a0]
Event: 161.280 Thread 0x15761c00 2561             java.nio.Buffer::limit (5 bytes)
Event: 161.280 Thread 0x15761c00 nmethod 2561 0x037eea08 code [0x037eeb10, 0x037eeb90]
Event: 161.289 Thread 0x15761c00 2562             java.io.PrintStream::ensureOpen (18 bytes)
Event: 161.289 Thread 0x15761c00 nmethod 2562 0x037eebc8 code [0x037eece0, 0x037eeddc]
Event: 161.289 Thread 0x15761c00 2563             java.io.BufferedWriter::ensureOpen (18 bytes)
Event: 161.289 Thread 0x15761c00 nmethod 2563 0x037eee48 code [0x037eef60, 0x037ef05c]
Event: 161.289 Thread 0x15761c00 2564   !         java.io.BufferedWriter::write (117 bytes)
Event: 161.289 Thread 0x15761c00 nmethod 2564 0x037ef0c8 code [0x037ef210, 0x037ef554]

GC Heap History (20 events):
Event: 0.926 GC heap before
{Heap before GC invocations=9 (full 1):
 def new generation   total 8768K, used 7808K [0x05600000, 0x05f80000, 0x0ab50000)
  eden space 7808K, 100% used [0x05600000, 0x05da0000, 0x05da0000)
  from space 960K,   0% used [0x05da0000, 0x05da0000, 0x05e90000)
  to   space 960K,   0% used [0x05e90000, 0x05e90000, 0x05f80000)
 tenured generation   total 19308K, used 11583K [0x0ab50000, 0x0be2b000, 0x15600000)
   the space 19308K,  59% used [0x0ab50000, 0x0b69fff8, 0x0b6a0000, 0x0be2b000)
 Metaspace       used 12721K, capacity 12899K, committed 12928K, reserved 13696K
}
Event: 0.929 GC heap after
{Heap after GC invocations=10 (full 1):
 def new generation   total 8768K, used 960K [0x05600000, 0x05f80000, 0x0ab50000)
  eden space 7808K,   0% used [0x05600000, 0x05600000, 0x05da0000)
  from space 960K, 100% used [0x05e90000, 0x05f80000, 0x05f80000)
  to   space 960K,   0% used [0x05da0000, 0x05da0000, 0x05e90000)
 tenured generation   total 19308K, used 11944K [0x0ab50000, 0x0be2b000, 0x15600000)
   the space 19308K,  61% used [0x0ab50000, 0x0b6fa300, 0x0b6fa400, 0x0be2b000)
 Metaspace       used 12721K, capacity 12899K, committed 12928K, reserved 13696K
}
Event: 1.011 GC heap before
{Heap before GC invocations=10 (full 1):
 def new generation   total 8768K, used 8722K [0x05600000, 0x05f80000, 0x0ab50000)
  eden space 7808K,  99% used [0x05600000, 0x05d94b58, 0x05da0000)
  from space 960K, 100% used [0x05e90000, 0x05f80000, 0x05f80000)
  to   space 960K,   0% used [0x05da0000, 0x05da0000, 0x05e90000)
 tenured generation   total 19308K, used 11944K [0x0ab50000, 0x0be2b000, 0x15600000)
   the space 19308K,  61% used [0x0ab50000, 0x0b6fa300, 0x0b6fa400, 0x0be2b000)
 Metaspace       used 13963K, capacity 14253K, committed 14336K, reserved 14720K
}
Event: 1.015 GC heap after
{Heap after GC invocations=11 (full 1):
 def new generation   total 8768K, used 598K [0x05600000, 0x05f80000, 0x0ab50000)
  eden space 7808K,   0% used [0x05600000, 0x05600000, 0x05da0000)
  from space 960K,  62% used [0x05da0000, 0x05e35980, 0x05e90000)
  to   space 960K,   0% used [0x05e90000, 0x05e90000, 0x05f80000)
 tenured generation   total 19308K, used 12896K [0x0ab50000, 0x0be2b000, 0x15600000)
   the space 19308K,  66% used [0x0ab50000, 0x0b7e82a8, 0x0b7e8400, 0x0be2b000)
 Metaspace       used 13963K, capacity 14253K, committed 14336K, reserved 14720K
}
Event: 3.497 GC heap before
{Heap before GC invocations=11 (full 1):
 def new generation   total 8768K, used 8406K [0x05600000, 0x05f80000, 0x0ab50000)
  eden space 7808K, 100% used [0x05600000, 0x05da0000, 0x05da0000)
  from space 960K,  62% used [0x05da0000, 0x05e35980, 0x05e90000)
  to   space 960K,   0% used [0x05e90000, 0x05e90000, 0x05f80000)
 tenured generation   total 19308K, used 12896K [0x0ab50000, 0x0be2b000, 0x15600000)
   the space 19308K,  66% used [0x0ab50000, 0x0b7e82a8, 0x0b7e8400, 0x0be2b000)
 Metaspace       used 15039K, capacity 15352K, committed 15360K, reserved 15744K
}
Event: 3.500 GC heap after
{Heap after GC invocations=12 (full 1):
 def new generation   total 8768K, used 796K [0x05600000, 0x05f80000, 0x0ab50000)
  eden space 7808K,   0% used [0x05600000, 0x05600000, 0x05da0000)
  from space 960K,  83% used [0x05e90000, 0x05f57358, 0x05f80000)
  to   space 960K,   0% used [0x05da0000, 0x05da0000, 0x05e90000)
 tenured generation   total 19308K, used 14476K [0x0ab50000, 0x0be2b000, 0x15600000)
   the space 19308K,  74% used [0x0ab50000, 0x0b973338, 0x0b973400, 0x0be2b000)
 Metaspace       used 15039K, capacity 15352K, committed 15360K, reserved 15744K
}
Event: 10.155 GC heap before
{Heap before GC invocations=12 (full 1):
 def new generation   total 8768K, used 8604K [0x05600000, 0x05f80000, 0x0ab50000)
  eden space 7808K, 100% used [0x05600000, 0x05da0000, 0x05da0000)
  from space 960K,  83% used [0x05e90000, 0x05f57358, 0x05f80000)
  to   space 960K,   0% used [0x05da0000, 0x05da0000, 0x05e90000)
 tenured generation   total 19308K, used 14476K [0x0ab50000, 0x0be2b000, 0x15600000)
   the space 19308K,  74% used [0x0ab50000, 0x0b973338, 0x0b973400, 0x0be2b000)
 Metaspace       used 15988K, capacity 16346K, committed 16384K, reserved 16768K
}
Event: 10.158 GC heap after
{Heap after GC invocations=13 (full 1):
 def new generation   total 8768K, used 960K [0x05600000, 0x05f80000, 0x0ab50000)
  eden space 7808K,   0% used [0x05600000, 0x05600000, 0x05da0000)
  from space 960K, 100% used [0x05da0000, 0x05e90000, 0x05e90000)
  to   space 960K,   0% used [0x05e90000, 0x05e90000, 0x05f80000)
 tenured generation   total 19308K, used 15172K [0x0ab50000, 0x0be2b000, 0x15600000)
   the space 19308K,  78% used [0x0ab50000, 0x0ba213a0, 0x0ba21400, 0x0be2b000)
 Metaspace       used 15988K, capacity 16346K, committed 16384K, reserved 16768K
}
Event: 16.409 GC heap before
{Heap before GC invocations=13 (full 1):
 def new generation   total 8768K, used 8768K [0x05600000, 0x05f80000, 0x0ab50000)
  eden space 7808K, 100% used [0x05600000, 0x05da0000, 0x05da0000)
  from space 960K, 100% used [0x05da0000, 0x05e90000, 0x05e90000)
  to   space 960K,   0% used [0x05e90000, 0x05e90000, 0x05f80000)
 tenured generation   total 19308K, used 15172K [0x0ab50000, 0x0be2b000, 0x15600000)
   the space 19308K,  78% used [0x0ab50000, 0x0ba213a0, 0x0ba21400, 0x0be2b000)
 Metaspace       used 16327K, capacity 16742K, committed 16768K, reserved 16768K
}
Event: 16.413 GC heap after
{Heap after GC invocations=14 (full 1):
 def new generation   total 8768K, used 960K [0x05600000, 0x05f80000, 0x0ab50000)
  eden space 7808K,   0% used [0x05600000, 0x05600000, 0x05da0000)
  from space 960K, 100% used [0x05e90000, 0x05f80000, 0x05f80000)
  to   space 960K,   0% used [0x05da0000, 0x05da0000, 0x05e90000)
 tenured generation   total 19308K, used 16276K [0x0ab50000, 0x0be2b000, 0x15600000)
   the space 19308K,  84% used [0x0ab50000, 0x0bb351b0, 0x0bb35200, 0x0be2b000)
 Metaspace       used 16327K, capacity 16742K, committed 16768K, reserved 16768K
}
Event: 45.328 GC heap before
{Heap before GC invocations=14 (full 1):
 def new generation   total 8768K, used 8768K [0x05600000, 0x05f80000, 0x0ab50000)
  eden space 7808K, 100% used [0x05600000, 0x05da0000, 0x05da0000)
  from space 960K, 100% used [0x05e90000, 0x05f80000, 0x05f80000)
  to   space 960K,   0% used [0x05da0000, 0x05da0000, 0x05e90000)
 tenured generation   total 19308K, used 16276K [0x0ab50000, 0x0be2b000, 0x15600000)
   the space 19308K,  84% used [0x0ab50000, 0x0bb351b0, 0x0bb35200, 0x0be2b000)
 Metaspace       used 16489K, capacity 16939K, committed 17024K, reserved 17792K
}
Event: 45.332 GC heap after
{Heap after GC invocations=15 (full 1):
 def new generation   total 8768K, used 696K [0x05600000, 0x05f80000, 0x0ab50000)
  eden space 7808K,   0% used [0x05600000, 0x05600000, 0x05da0000)
  from space 960K,  72% used [0x05da0000, 0x05e4e248, 0x05e90000)
  to   space 960K,   0% used [0x05e90000, 0x05e90000, 0x05f80000)
 tenured generation   total 19308K, used 18245K [0x0ab50000, 0x0be2b000, 0x15600000)
   the space 19308K,  94% used [0x0ab50000, 0x0bd217f8, 0x0bd21800, 0x0be2b000)
 Metaspace       used 16489K, capacity 16939K, committed 17024K, reserved 17792K
}
Event: 70.004 GC heap before
{Heap before GC invocations=15 (full 1):
 def new generation   total 8768K, used 8504K [0x05600000, 0x05f80000, 0x0ab50000)
  eden space 7808K, 100% used [0x05600000, 0x05da0000, 0x05da0000)
  from space 960K,  72% used [0x05da0000, 0x05e4e248, 0x05e90000)
  to   space 960K,   0% used [0x05e90000, 0x05e90000, 0x05f80000)
 tenured generation   total 19308K, used 18245K [0x0ab50000, 0x0be2b000, 0x15600000)
   the space 19308K,  94% used [0x0ab50000, 0x0bd217f8, 0x0bd21800, 0x0be2b000)
 Metaspace       used 16535K, capacity 16998K, committed 17024K, reserved 17792K
}
Event: 70.025 GC heap after
{Heap after GC invocations=16 (full 2):
 def new generation   total 14400K, used 0K [0x05600000, 0x06590000, 0x0ab50000)
  eden space 12864K,   0% used [0x05600000, 0x05600000, 0x06290000)
  from space 1536K,   0% used [0x06290000, 0x06290000, 0x06410000)
  to   space 1536K,   0% used [0x06410000, 0x06410000, 0x06590000)
 tenured generation   total 31832K, used 19098K [0x0ab50000, 0x0ca66000, 0x15600000)
   the space 31832K,  59% used [0x0ab50000, 0x0bdf6af0, 0x0bdf6c00, 0x0ca66000)
 Metaspace       used 16266K, capacity 16669K, committed 17024K, reserved 17792K
}
Event: 82.734 GC heap before
{Heap before GC invocations=16 (full 2):
 def new generation   total 14400K, used 12864K [0x05600000, 0x06590000, 0x0ab50000)
  eden space 12864K, 100% used [0x05600000, 0x06290000, 0x06290000)
  from space 1536K,   0% used [0x06290000, 0x06290000, 0x06410000)
  to   space 1536K,   0% used [0x06410000, 0x06410000, 0x06590000)
 tenured generation   total 31832K, used 19098K [0x0ab50000, 0x0ca66000, 0x15600000)
   the space 31832K,  59% used [0x0ab50000, 0x0bdf6af0, 0x0bdf6c00, 0x0ca66000)
 Metaspace       used 16288K, capacity 16693K, committed 17024K, reserved 17792K
}
Event: 82.740 GC heap after
{Heap after GC invocations=17 (full 2):
 def new generation   total 14400K, used 1536K [0x05600000, 0x06590000, 0x0ab50000)
  eden space 12864K,   0% used [0x05600000, 0x05600000, 0x06290000)
  from space 1536K, 100% used [0x06410000, 0x06590000, 0x06590000)
  to   space 1536K,   0% used [0x06290000, 0x06290000, 0x06410000)
 tenured generation   total 31832K, used 20670K [0x0ab50000, 0x0ca66000, 0x15600000)
   the space 31832K,  64% used [0x0ab50000, 0x0bf7f930, 0x0bf7fa00, 0x0ca66000)
 Metaspace       used 16288K, capacity 16693K, committed 17024K, reserved 17792K
}
Event: 105.761 GC heap before
{Heap before GC invocations=17 (full 2):
 def new generation   total 14400K, used 14400K [0x05600000, 0x06590000, 0x0ab50000)
  eden space 12864K, 100% used [0x05600000, 0x06290000, 0x06290000)
  from space 1536K, 100% used [0x06410000, 0x06590000, 0x06590000)
  to   space 1536K,   0% used [0x06290000, 0x06290000, 0x06410000)
 tenured generation   total 31832K, used 20670K [0x0ab50000, 0x0ca66000, 0x15600000)
   the space 31832K,  64% used [0x0ab50000, 0x0bf7f930, 0x0bf7fa00, 0x0ca66000)
 Metaspace       used 16291K, capacity 16695K, committed 17024K, reserved 17792K
}
Event: 105.767 GC heap after
{Heap after GC invocations=18 (full 2):
 def new generation   total 14400K, used 1535K [0x05600000, 0x06590000, 0x0ab50000)
  eden space 12864K,   0% used [0x05600000, 0x05600000, 0x06290000)
  from space 1536K,  99% used [0x06290000, 0x0640fff8, 0x06410000)
  to   space 1536K,   0% used [0x06410000, 0x06410000, 0x06590000)
 tenured generation   total 31832K, used 22727K [0x0ab50000, 0x0ca66000, 0x15600000)
   the space 31832K,  71% used [0x0ab50000, 0x0c181f88, 0x0c182000, 0x0ca66000)
 Metaspace       used 16291K, capacity 16695K, committed 17024K, reserved 17792K
}
Event: 159.488 GC heap before
{Heap before GC invocations=18 (full 2):
 def new generation   total 14400K, used 8401K [0x05600000, 0x06590000, 0x0ab50000)
  eden space 12864K,  53% used [0x05600000, 0x05cb4800, 0x06290000)
  from space 1536K,  99% used [0x06290000, 0x0640fff8, 0x06410000)
  to   space 1536K,   0% used [0x06410000, 0x06410000, 0x06590000)
 tenured generation   total 31832K, used 22727K [0x0ab50000, 0x0ca66000, 0x15600000)
   the space 31832K,  71% used [0x0ab50000, 0x0c181f88, 0x0c182000, 0x0ca66000)
 Metaspace       used 16294K, capacity 16698K, committed 17024K, reserved 17792K
}
Event: 159.493 GC heap after
{Heap after GC invocations=19 (full 2):
 def new generation   total 14400K, used 1536K [0x05600000, 0x06590000, 0x0ab50000)
  eden space 12864K,   0% used [0x05600000, 0x05600000, 0x06290000)
  from space 1536K, 100% used [0x06410000, 0x06590000, 0x06590000)
  to   space 1536K,   0% used [0x06290000, 0x06290000, 0x06410000)
 tenured generation   total 31832K, used 24446K [0x0ab50000, 0x0ca66000, 0x15600000)
   the space 31832K,  76% used [0x0ab50000, 0x0c32fa50, 0x0c32fc00, 0x0ca66000)
 Metaspace       used 16294K, capacity 16698K, committed 17024K, reserved 17792K
}

Deoptimization events (16 events):
Event: 0.906 Thread 0x167dd800 DEOPT PACKING pc=0x0359ea0f sp=0x19b3e150
Event: 0.906 Thread 0x167dd800 DEOPT UNPACKING pc=0x034ac187 sp=0x19b3e070 mode 3
Event: 0.909 Thread 0x167dd800 DEOPT PACKING pc=0x035ceaf1 sp=0x19b3e2d0
Event: 0.909 Thread 0x167dd800 DEOPT UNPACKING pc=0x034ac187 sp=0x19b3e1f4 mode 3
Event: 1.007 Thread 0x167dd800 DEOPT PACKING pc=0x03611f4c sp=0x19b3e2c0
Event: 1.007 Thread 0x167dd800 DEOPT UNPACKING pc=0x034ac187 sp=0x19b3e170 mode 3
Event: 4.081 Thread 0x15f46000 DEOPT PACKING pc=0x0364f6fd sp=0x1640e780
Event: 4.081 Thread 0x15f46000 DEOPT UNPACKING pc=0x034ac187 sp=0x1640e6ac mode 3
Event: 75.739 Thread 0x167dd800 DEOPT PACKING pc=0x03719b39 sp=0x19b33eb0
Event: 75.739 Thread 0x167dd800 DEOPT UNPACKING pc=0x034ac187 sp=0x19b33d54 mode 3
Event: 78.110 Thread 0x167dd800 DEOPT PACKING pc=0x037746cd sp=0x19b34710
Event: 78.110 Thread 0x167dd800 DEOPT UNPACKING pc=0x034ac187 sp=0x19b345b8 mode 3
Event: 161.059 Thread 0x167dd800 DEOPT PACKING pc=0x03665024 sp=0x19b3cce0
Event: 161.059 Thread 0x167dd800 DEOPT UNPACKING pc=0x034ac187 sp=0x19b3cb7c mode 0
Event: 161.059 Thread 0x167dd800 DEOPT PACKING pc=0x03665024 sp=0x19b3e6e0
Event: 161.059 Thread 0x167dd800 DEOPT UNPACKING pc=0x034ac187 sp=0x19b3e57c mode 0

Classes redefined (0 events):
No events

Internal exceptions (20 events):
Event: 8.922 Thread 0x167dd800 Exception <a 'java/io/FileNotFoundException'{0x057d73d8}> (0x057d73d8) thrown at [s\src\hotspot\share\prims\jni.cpp, line 617]
Event: 8.932 Thread 0x167dd800 Exception <a 'java/io/FileNotFoundException'{0x05827b08}> (0x05827b08) thrown at [s\src\hotspot\share\prims\jni.cpp, line 617]
Event: 45.362 Thread 0x15f46000 Exception <a 'java/lang/NoSuchMethodError'{0x05b0da20}: 'java.lang.Object java.lang.invoke.DirectMethodHandle$Holder.invokeStaticInit(java.lang.Object, int)'> (0x05b0da20) thrown at [s\src\hotspot\share\interpreter\linkResolver.cpp, line 773]
Event: 74.492 Thread 0x167dd800 Exception <a 'java/lang/ClassNotFoundException'{0x0573ca38}: com/sun/javafx/scene/control/skin/resources/controls> (0x0573ca38) thrown at [s\src\hotspot\share\prims\jni.cpp, line 638]
Event: 74.492 Thread 0x167dd800 Exception <a 'java/lang/ClassNotFoundException'{0x0574d218}: com/sun/javafx/scene/control/skin/resources/controls_es> (0x0574d218) thrown at [s\src\hotspot\share\prims\jni.cpp, line 638]
Event: 75.739 Thread 0x167dd800 Implicit null exception at 0x037198bf to 0x03719b34
Event: 76.504 Thread 0x167dd800 Exception <a 'sun/nio/fs/WindowsException'{0x05805ad0}> (0x05805ad0) thrown at [s\src\hotspot\share\prims\jni.cpp, line 617]
Event: 78.109 Thread 0x167dd800 Implicit null exception at 0x037744f3 to 0x037746c8
Event: 161.057 Thread 0x167dd800 Exception <a 'java/lang/NoSuchMethodError'{0x05d38a10}: 'java.lang.Object java.lang.invoke.DirectMethodHandle$Holder.invokeStatic(java.lang.Object, java.lang.Object, java.lang.Object, int, int, int, int, int)'> (0x05d38a10) thrown at [s\src\hotspot\share\interpreter\linkResolver.cpp, line 773]
Event: 161.113 Thread 0x167dd800 Exception <a 'java/lang/IllegalArgumentException'{0x05d555e8}> (0x05d555e8) thrown at [s\src\hotspot\share\prims\jvm.cpp, line 1310]
Event: 161.133 Thread 0x167dd800 Exception <a 'java/lang/IllegalArgumentException'{0x05d91250}> (0x05d91250) thrown at [s\src\hotspot\share\prims\jvm.cpp, line 1310]
Event: 161.163 Thread 0x167dd800 Exception <a 'java/lang/IllegalArgumentException'{0x05d9cc30}> (0x05d9cc30) thrown at [s\src\hotspot\share\prims\jvm.cpp, line 1310]
Event: 161.190 Thread 0x167dd800 Exception <a 'java/lang/IllegalArgumentException'{0x05da8608}> (0x05da8608) thrown at [s\src\hotspot\share\prims\jvm.cpp, line 1310]
Event: 161.203 Thread 0x167dd800 Exception <a 'java/lang/IllegalArgumentException'{0x05db3fe0}> (0x05db3fe0) thrown at [s\src\hotspot\share\prims\jvm.cpp, line 1310]
Event: 161.222 Thread 0x167dd800 Exception <a 'java/lang/IllegalArgumentException'{0x05dbf9b0}> (0x05dbf9b0) thrown at [s\src\hotspot\share\prims\jvm.cpp, line 1310]
Event: 161.241 Thread 0x167dd800 Exception <a 'java/lang/IllegalArgumentException'{0x05dcb390}> (0x05dcb390) thrown at [s\src\hotspot\share\prims\jvm.cpp, line 1310]
Event: 161.257 Thread 0x167dd800 Exception <a 'java/lang/IllegalArgumentException'{0x05dd6d58}> (0x05dd6d58) thrown at [s\src\hotspot\share\prims\jvm.cpp, line 1310]
Event: 161.269 Thread 0x167dd800 Exception <a 'java/lang/IllegalArgumentException'{0x05de2720}> (0x05de2720) thrown at [s\src\hotspot\share\prims\jvm.cpp, line 1310]
Event: 161.279 Thread 0x167dd800 Exception <a 'java/lang/IllegalArgumentException'{0x05dee0e0}> (0x05dee0e0) thrown at [s\src\hotspot\share\prims\jvm.cpp, line 1310]
Event: 161.288 Thread 0x167dd800 Exception <a 'java/lang/IllegalArgumentException'{0x05df9a90}> (0x05df9a90) thrown at [s\src\hotspot\share\prims\jvm.cpp, line 1310]

Events (20 events):
Event: 159.488 Executing VM operation: GenCollectForAllocation
Event: 159.493 Executing VM operation: GenCollectForAllocation done
Event: 159.528 Executing VM operation: RevokeBias
Event: 159.528 Executing VM operation: RevokeBias done
Event: 161.056 loading class javafx/application/Application
Event: 161.056 loading class javafx/application/Application done
Event: 161.056 loading class javafx/application/Application
Event: 161.056 loading class javafx/application/Application done
Event: 161.057 loading class com/sun/glass/ui/View
Event: 161.057 loading class com/sun/glass/ui/View done
Event: 161.057 loading class com/sun/javafx/tk/quantum/GlassViewEventHandler
Event: 161.057 loading class com/sun/javafx/tk/quantum/GlassViewEventHandler done
Event: 161.058 loading class com/sun/glass/ui/View
Event: 161.058 loading class com/sun/glass/ui/View done
Event: 161.058 loading class com/sun/javafx/tk/quantum/GlassViewEventHandler
Event: 161.058 loading class com/sun/javafx/tk/quantum/GlassViewEventHandler done
Event: 161.113 loading class java/lang/Throwable$WrappedPrintStream
Event: 161.113 loading class java/lang/Throwable$PrintStreamOrWriter
Event: 161.113 loading class java/lang/Throwable$PrintStreamOrWriter done
Event: 161.113 loading class java/lang/Throwable$WrappedPrintStream done


Dynamic libraries:
0x00c70000 - 0x00c7c000 	C:\Program Files (x86)\Eclipse Adoptium\jdk-11.0.21.9-hotspot\bin\java.exe
0x76f20000 - 0x770d1000 	C:\WINDOWS\SYSTEM32\ntdll.dll
0x75520000 - 0x75610000 	C:\WINDOWS\System32\KERNEL32.DLL
0x767d0000 - 0x76a45000 	C:\WINDOWS\System32\KERNELBASE.dll
0x73ee0000 - 0x73f86000 	C:\WINDOWS\SYSTEM32\apphelp.dll
0x756d0000 - 0x757e2000 	C:\WINDOWS\System32\ucrtbase.dll
0x74110000 - 0x74123000 	C:\Program Files (x86)\Eclipse Adoptium\jdk-11.0.21.9-hotspot\bin\VCRUNTIME140.dll
0x74130000 - 0x74145000 	C:\Program Files (x86)\Eclipse Adoptium\jdk-11.0.21.9-hotspot\bin\jli.dll
0x76a80000 - 0x76c29000 	C:\WINDOWS\System32\USER32.dll
0x74d10000 - 0x74d2a000 	C:\WINDOWS\System32\win32u.dll
0x6d210000 - 0x6d438000 	C:\WINDOWS\WinSxS\x86_microsoft.windows.common-controls_6595b64144ccf1df_6.0.22621.3235_none_6ebcabb88802389e\COMCTL32.dll
0x76a50000 - 0x76a73000 	C:\WINDOWS\System32\GDI32.dll
0x74da0000 - 0x74e64000 	C:\WINDOWS\System32\msvcrt.dll
0x75b80000 - 0x75c62000 	C:\WINDOWS\System32\gdi32full.dll
0x75c70000 - 0x75ce9000 	C:\WINDOWS\System32\msvcp_win.dll
0x74ce0000 - 0x74d05000 	C:\WINDOWS\System32\IMM32.DLL
0x740a0000 - 0x7410f000 	C:\Program Files (x86)\Eclipse Adoptium\jdk-11.0.21.9-hotspot\bin\msvcp140.dll
0x6be60000 - 0x6c33b000 	C:\Program Files (x86)\Eclipse Adoptium\jdk-11.0.21.9-hotspot\bin\client\jvm.dll
0x76da0000 - 0x76e1f000 	C:\WINDOWS\System32\ADVAPI32.dll
0x76c50000 - 0x76cd5000 	C:\WINDOWS\System32\sechost.dll
0x76d80000 - 0x76d9a000 	C:\WINDOWS\System32\bcrypt.dll
0x75610000 - 0x756ca000 	C:\WINDOWS\System32\RPCRT4.dll
0x74d90000 - 0x74d96000 	C:\WINDOWS\System32\PSAPI.DLL
0x72770000 - 0x727a1000 	C:\WINDOWS\SYSTEM32\WINMM.dll
0x74a60000 - 0x74a68000 	C:\WINDOWS\SYSTEM32\VERSION.dll
0x70070000 - 0x70078000 	C:\WINDOWS\SYSTEM32\WSOCK32.dll
0x75050000 - 0x750af000 	C:\WINDOWS\System32\WS2_32.dll
0x74a70000 - 0x74a83000 	C:\WINDOWS\SYSTEM32\kernel.appcore.dll
0x74090000 - 0x7409d000 	C:\Program Files (x86)\Eclipse Adoptium\jdk-11.0.21.9-hotspot\bin\verify.dll
0x6e140000 - 0x6e316000 	C:\WINDOWS\SYSTEM32\DBGHELP.DLL
0x757f0000 - 0x75a6c000 	C:\WINDOWS\System32\combase.dll
0x76ce0000 - 0x76d7c000 	C:\WINDOWS\System32\OLEAUT32.dll
0x74060000 - 0x74089000 	C:\WINDOWS\SYSTEM32\dbgcore.DLL
0x753b0000 - 0x75412000 	C:\WINDOWS\System32\bcryptPrimitives.dll
0x6e110000 - 0x6e132000 	C:\Program Files (x86)\Eclipse Adoptium\jdk-11.0.21.9-hotspot\bin\java.dll
0x74040000 - 0x74049000 	C:\Program Files (x86)\Eclipse Adoptium\jdk-11.0.21.9-hotspot\bin\jimage.dll
0x6de20000 - 0x6de2d000 	C:\Program Files (x86)\Eclipse Adoptium\jdk-11.0.21.9-hotspot\bin\instrument.dll
0x727b0000 - 0x727c6000 	C:\Program Files (x86)\Eclipse Adoptium\jdk-11.0.21.9-hotspot\bin\zip.dll
0x75cf0000 - 0x76389000 	C:\WINDOWS\System32\SHELL32.dll
0x71e70000 - 0x7255f000 	C:\WINDOWS\SYSTEM32\windows.storage.dll
0x716c0000 - 0x71787000 	C:\WINDOWS\SYSTEM32\wintypes.dll
0x75170000 - 0x75231000 	C:\WINDOWS\System32\SHCORE.dll
0x74d40000 - 0x74d8b000 	C:\WINDOWS\System32\shlwapi.dll
0x70050000 - 0x70069000 	C:\WINDOWS\SYSTEM32\profapi.dll
0x6e0f0000 - 0x6e104000 	C:\Program Files (x86)\Eclipse Adoptium\jdk-11.0.21.9-hotspot\bin\net.dll
0x73c80000 - 0x73d5c000 	C:\WINDOWS\SYSTEM32\WINHTTP.dll
0x6fae0000 - 0x6fb31000 	C:\WINDOWS\system32\mswsock.dll
0x6e900000 - 0x6e90f000 	C:\Program Files (x86)\Eclipse Adoptium\jdk-11.0.21.9-hotspot\bin\nio.dll
0x6d930000 - 0x6d946000 	C:\Users\luigu\AppData\Local\Programs\IntelliJ IDEA Ultimate\bin\breakgen.dll
0x6de10000 - 0x6de13000 	C:\Users\luigu\.openjfx\cache\17.0.6\api-ms-win-core-console-l1-1-0.dll
0x6d920000 - 0x6d923000 	C:\Users\luigu\.openjfx\cache\17.0.6\api-ms-win-core-console-l1-2-0.dll
0x6d900000 - 0x6d903000 	C:\Users\luigu\.openjfx\cache\17.0.6\api-ms-win-core-datetime-l1-1-0.dll
0x6d8f0000 - 0x6d8f3000 	C:\Users\luigu\.openjfx\cache\17.0.6\api-ms-win-core-debug-l1-1-0.dll
0x6d8e0000 - 0x6d8e3000 	C:\Users\luigu\.openjfx\cache\17.0.6\api-ms-win-core-errorhandling-l1-1-0.dll
0x6d8d0000 - 0x6d8d4000 	C:\Users\luigu\.openjfx\cache\17.0.6\api-ms-win-core-file-l1-1-0.dll
0x6d8c0000 - 0x6d8c3000 	C:\Users\luigu\.openjfx\cache\17.0.6\api-ms-win-core-file-l1-2-0.dll
0x6d8b0000 - 0x6d8b3000 	C:\Users\luigu\.openjfx\cache\17.0.6\api-ms-win-core-file-l2-1-0.dll
0x6d8a0000 - 0x6d8a3000 	C:\Users\luigu\.openjfx\cache\17.0.6\api-ms-win-core-handle-l1-1-0.dll
0x6d890000 - 0x6d893000 	C:\Users\luigu\.openjfx\cache\17.0.6\api-ms-win-core-heap-l1-1-0.dll
0x6d880000 - 0x6d883000 	C:\Users\luigu\.openjfx\cache\17.0.6\api-ms-win-core-interlocked-l1-1-0.dll
0x6d870000 - 0x6d873000 	C:\Users\luigu\.openjfx\cache\17.0.6\api-ms-win-core-libraryloader-l1-1-0.dll
0x6d860000 - 0x6d863000 	C:\Users\luigu\.openjfx\cache\17.0.6\api-ms-win-core-localization-l1-2-0.dll
0x6d850000 - 0x6d853000 	C:\Users\luigu\.openjfx\cache\17.0.6\api-ms-win-core-memory-l1-1-0.dll
0x6d840000 - 0x6d843000 	C:\Users\luigu\.openjfx\cache\17.0.6\api-ms-win-core-namedpipe-l1-1-0.dll
0x6d830000 - 0x6d833000 	C:\Users\luigu\.openjfx\cache\17.0.6\api-ms-win-core-processenvironment-l1-1-0.dll
0x6d820000 - 0x6d823000 	C:\Users\luigu\.openjfx\cache\17.0.6\api-ms-win-core-processthreads-l1-1-0.dll
0x6d810000 - 0x6d813000 	C:\Users\luigu\.openjfx\cache\17.0.6\api-ms-win-core-processthreads-l1-1-1.dll
0x6d800000 - 0x6d803000 	C:\Users\luigu\.openjfx\cache\17.0.6\api-ms-win-core-profile-l1-1-0.dll
0x6d7f0000 - 0x6d7f3000 	C:\Users\luigu\.openjfx\cache\17.0.6\api-ms-win-core-rtlsupport-l1-1-0.dll
0x6d7e0000 - 0x6d7e3000 	C:\Users\luigu\.openjfx\cache\17.0.6\api-ms-win-core-string-l1-1-0.dll
0x6d7d0000 - 0x6d7d3000 	C:\Users\luigu\.openjfx\cache\17.0.6\api-ms-win-core-synch-l1-1-0.dll
0x6d7c0000 - 0x6d7c3000 	C:\Users\luigu\.openjfx\cache\17.0.6\api-ms-win-core-synch-l1-2-0.dll
0x6d7b0000 - 0x6d7b3000 	C:\Users\luigu\.openjfx\cache\17.0.6\api-ms-win-core-sysinfo-l1-1-0.dll
0x6d7a0000 - 0x6d7a3000 	C:\Users\luigu\.openjfx\cache\17.0.6\api-ms-win-core-timezone-l1-1-0.dll
0x6d780000 - 0x6d783000 	C:\Users\luigu\.openjfx\cache\17.0.6\api-ms-win-core-util-l1-1-0.dll
0x6d770000 - 0x6d773000 	C:\Users\luigu\.openjfx\cache\17.0.6\api-ms-win-crt-conio-l1-1-0.dll
0x6ce60000 - 0x6ce64000 	C:\Users\luigu\.openjfx\cache\17.0.6\api-ms-win-crt-convert-l1-1-0.dll
0x6ce50000 - 0x6ce53000 	C:\Users\luigu\.openjfx\cache\17.0.6\api-ms-win-crt-environment-l1-1-0.dll
0x6ce40000 - 0x6ce43000 	C:\Users\luigu\.openjfx\cache\17.0.6\api-ms-win-crt-filesystem-l1-1-0.dll
0x6ce30000 - 0x6ce33000 	C:\Users\luigu\.openjfx\cache\17.0.6\api-ms-win-crt-heap-l1-1-0.dll
0x6ce20000 - 0x6ce23000 	C:\Users\luigu\.openjfx\cache\17.0.6\api-ms-win-crt-locale-l1-1-0.dll
0x6ce10000 - 0x6ce15000 	C:\Users\luigu\.openjfx\cache\17.0.6\api-ms-win-crt-math-l1-1-0.dll
0x6ce00000 - 0x6ce05000 	C:\Users\luigu\.openjfx\cache\17.0.6\api-ms-win-crt-multibyte-l1-1-0.dll
0x6cdf0000 - 0x6ce00000 	C:\Users\luigu\.openjfx\cache\17.0.6\api-ms-win-crt-private-l1-1-0.dll
0x6cde0000 - 0x6cde3000 	C:\Users\luigu\.openjfx\cache\17.0.6\api-ms-win-crt-process-l1-1-0.dll
0x6cdd0000 - 0x6cdd4000 	C:\Users\luigu\.openjfx\cache\17.0.6\api-ms-win-crt-runtime-l1-1-0.dll
0x6cdc0000 - 0x6cdc4000 	C:\Users\luigu\.openjfx\cache\17.0.6\api-ms-win-crt-stdio-l1-1-0.dll
0x6cdb0000 - 0x6cdb4000 	C:\Users\luigu\.openjfx\cache\17.0.6\api-ms-win-crt-string-l1-1-0.dll
0x6cda0000 - 0x6cda3000 	C:\Users\luigu\.openjfx\cache\17.0.6\api-ms-win-crt-time-l1-1-0.dll
0x6cd50000 - 0x6cd53000 	C:\Users\luigu\.openjfx\cache\17.0.6\api-ms-win-crt-utility-l1-1-0.dll
0x6bd30000 - 0x6be53000 	C:\Users\luigu\.openjfx\cache\17.0.6\ucrtbase.dll
0x6cd30000 - 0x6cd44000 	C:\Users\luigu\.openjfx\cache\17.0.6\vcruntime140.dll
0x6b8f0000 - 0x6b95d000 	C:\Users\luigu\.openjfx\cache\17.0.6\msvcp140.dll
0x6c940000 - 0x6c947000 	C:\Users\luigu\.openjfx\cache\17.0.6\msvcp140_1.dll
0x6c890000 - 0x6c8b9000 	C:\Users\luigu\.openjfx\cache\17.0.6\msvcp140_2.dll
0x6c820000 - 0x6c846000 	C:\Users\luigu\.openjfx\cache\17.0.6\prism_d3d.dll
0x6b270000 - 0x6b3e1000 	C:\WINDOWS\system32\d3d9.dll
0x6d4e0000 - 0x6d504000 	C:\WINDOWS\SYSTEM32\dwmapi.dll
0x73d60000 - 0x73d8e000 	C:\WINDOWS\SYSTEM32\dxcore.dll
0x73fc0000 - 0x7403f000 	C:\WINDOWS\system32\uxtheme.dll
0x6b7a0000 - 0x6b830000 	C:\WINDOWS\SYSTEM32\d3d9on12.dll
0x6dcf0000 - 0x6ddba000 	C:\WINDOWS\SYSTEM32\dxgi.dll
0x6c920000 - 0x6c93d000 	C:\WINDOWS\SYSTEM32\d3d12.dll
0x72620000 - 0x7265d000 	C:\WINDOWS\SYSTEM32\cfgmgr32.dll
0x6b0c0000 - 0x6b270000 	C:\WINDOWS\SYSTEM32\D3D12Core.dll
0x6c870000 - 0x6c88d000 	C:\WINDOWS\System32\DriverStore\FileRepository\iigd_dch.inf_amd64_3c65364e14984512\igd12umd32.dll
0x63b00000 - 0x6472a000 	C:\WINDOWS\System32\DriverStore\FileRepository\iigd_dch.inf_amd64_3c65364e14984512\igd12um32xel.dll
0x75240000 - 0x75343000 	C:\WINDOWS\System32\CRYPT32.dll
0x74b80000 - 0x74cd5000 	C:\WINDOWS\System32\ole32.dll
0x6b890000 - 0x6b8c5000 	C:\WINDOWS\SYSTEM32\ControlLib32.dll
0x76390000 - 0x767cd000 	C:\WINDOWS\System32\SETUPAPI.dll
0x6e600000 - 0x6e624000 	C:\WINDOWS\SYSTEM32\DEVOBJ.dll
0x6b040000 - 0x6b0b2000 	C:\WINDOWS\System32\DriverStore\FileRepository\iigd_dch.inf_amd64_3c65364e14984512\IntelControlLib32.dll
0x76eb0000 - 0x76f07000 	C:\WINDOWS\System32\WINTRUST.dll
0x6e5f0000 - 0x6e5fe000 	C:\WINDOWS\SYSTEM32\MSASN1.dll
0x6cd60000 - 0x6cd9c000 	C:\WINDOWS\SYSTEM32\directxdatabasehelper.dll
0x6ad10000 - 0x6b03f000 	C:\WINDOWS\System32\DriverStore\FileRepository\iigd_dch.inf_amd64_3c65364e14984512\igdgmm32.dll
0x67160000 - 0x6a7e5000 	C:\WINDOWS\System32\DriverStore\FileRepository\iigd_dch.inf_amd64_3c65364e14984512\igc32.dll
0x6b770000 - 0x6b791000 	C:\WINDOWS\SYSTEM32\D3DSCache.dll
0x73f90000 - 0x73faf000 	C:\WINDOWS\SYSTEM32\USERENV.dll
0x62880000 - 0x63afb000 	C:\WINDOWS\System32\DriverStore\FileRepository\iigd_dch.inf_amd64_3c65364e14984512\igd12dxva32.dll
0x60b90000 - 0x62880000 	C:\WINDOWS\System32\DriverStore\FileRepository\iigd_dch.inf_amd64_3c65364e14984512\media_bin_32.dll
0x6bd10000 - 0x6bd30000 	C:\WINDOWS\System32\DriverStore\FileRepository\iigd_dch.inf_amd64_3c65364e14984512\igdinfo32.dll
0x716a0000 - 0x716b5000 	C:\WINDOWS\SYSTEM32\CRYPTSP.dll
0x71670000 - 0x716a0000 	C:\WINDOWS\system32\rsaenh.dll
0x71350000 - 0x7135b000 	C:\WINDOWS\SYSTEM32\CRYPTBASE.dll
0x55510000 - 0x556fc000 	C:\WINDOWS\SYSTEM32\twinapi.appcore.dll
0x6acd0000 - 0x6ad07000 	C:\Users\luigu\.openjfx\cache\17.0.6\glass.dll

dbghelp: loaded successfully - version: 4.0.5 - missing functions: none
symbol engine: initialized successfully - sym options: 0x614 - pdb path: .;C:\Program Files (x86)\Eclipse Adoptium\jdk-11.0.21.9-hotspot\bin;C:\WINDOWS\SYSTEM32;C:\WINDOWS\WinSxS\x86_microsoft.windows.common-controls_6595b64144ccf1df_6.0.22621.3235_none_6ebcabb88802389e;C:\Program Files (x86)\Eclipse Adoptium\jdk-11.0.21.9-hotspot\bin\client;C:\Users\luigu\AppData\Local\Programs\IntelliJ IDEA Ultimate\bin;C:\Users\luigu\.openjfx\cache\17.0.6;C:\WINDOWS\System32\DriverStore\FileRepository\iigd_dch.inf_amd64_3c65364e14984512;C:\ProgramData\A-Volute\A-Volute.Nahimic\Modules\Scheduled;C:\Program Files (x86)\Common Files\Microsoft Shared\Ink

VM Arguments:
jvm_args: -javaagent:C:\Users\luigu\AppData\Local\Programs\IntelliJ IDEA Ultimate\lib\idea_rt.jar=64944:C:\Users\luigu\AppData\Local\Programs\IntelliJ IDEA Ultimate\bin -Dfile.encoding=UTF-8 --module-path=C:\Users\luigu\.m2\repository\org\controlsfx\controlsfx\11.1.2\controlsfx-11.1.2.jar;C:\Users\luigu\IdeaProjects\Joyeria_ProyectoMult\target\classes;C:\Users\luigu\.m2\repository\org\openjfx\javafx-base\17.0.6\javafx-base-17.0.6-win-x86.jar;C:\Users\luigu\.m2\repository\net\synedra\validatorfx\0.4.0\validatorfx-0.4.0.jar;C:\Users\luigu\.m2\repository\org\openjfx\javafx-fxml\17.0.6\javafx-fxml-17.0.6-win-x86.jar;C:\Users\luigu\.m2\repository\org\openjfx\javafx-controls\17.0.6\javafx-controls-17.0.6-win-x86.jar;C:\Users\luigu\.m2\repository\org\openjfx\javafx-graphics\17.0.6\javafx-graphics-17.0.6-win-x86.jar;C:\Users\luigu\.m2\repository\com\dlsc\formsfx\formsfx-core\11.6.0\formsfx-core-11.6.0.jar;C:\Users\luigu\.m2\repository\org\kordamp\bootstrapfx\bootstrapfx-core\0.4.0\bootstrapfx-core-0.4.0.jar -Djdk.module.main=com.eduard034.joyeria_proyectomult 
java_command: com.eduard034.joyeria_proyectomult/com.eduard034.joyeria_proyectomult.JoyeriaApp
java_class_path (initial): C:\Users\luigu\.m2\repository\org\openjfx\javafx-controls\17.0.6\javafx-controls-17.0.6.jar;C:\Users\luigu\.m2\repository\org\openjfx\javafx-graphics\17.0.6\javafx-graphics-17.0.6.jar;C:\Users\luigu\.m2\repository\org\openjfx\javafx-base\17.0.6\javafx-base-17.0.6.jar;C:\Users\luigu\.m2\repository\org\openjfx\javafx-fxml\17.0.6\javafx-fxml-17.0.6.jar
Launcher Type: SUN_STANDARD

[Global flags]
   size_t InitialHeapSize                          = 16777216                                  {product} {ergonomic}
   size_t MaxHeapSize                              = 268435456                                 {product} {ergonomic}
   size_t MaxNewSize                               = 89456640                                  {product} {ergonomic}
   size_t MinHeapDeltaBytes                        = 131072                                    {product} {ergonomic}
   size_t NewSize                                  = 5570560                                   {product} {ergonomic}
    uintx NonProfiledCodeHeapSize                  = 0                                      {pd product} {ergonomic}
   size_t OldSize                                  = 11206656                                  {product} {ergonomic}
    uintx ProfiledCodeHeapSize                     = 0                                      {pd product} {ergonomic}
     bool ThreadLocalHandshakes                    = false                                  {pd product} {ergonomic}
     bool UseLargePagesIndividualAllocation        = false                                  {pd product} {ergonomic}
     bool UseSerialGC                              = true                                      {product} {ergonomic}

Logging:
Log output configuration:
 #0: stdout all=warning uptime,level,tags
 #1: stderr all=off uptime,level,tags

Environment Variables:
PATH=C:\Program Files (x86)\Eclipse Adoptium\jre-11.0.21.9-hotspot\bin;C:\Program Files (x86)\Eclipse Adoptium\jdk-11.0.21.9-hotspot\bin;C:\Program Files (x86)\VMware\VMware Player\bin\;C:\Windows\system32;C:\Windows;C:\Windows\System32\Wbem;C:\Windows\System32\WindowsPowerShell\v1.0\;C:\Windows\System32\OpenSSH\;C:\Program Files (x86)\NVIDIA Corporation\PhysX\Common;C:\Program Files\NVIDIA Corporation\NVIDIA NvDLISR;C:\WINDOWS\system32;C:\WINDOWS;C:\WINDOWS\System32\Wbem;C:\WINDOWS\System32\WindowsPowerShell\v1.0\;C:\WINDOWS\System32\OpenSSH\;C:\Program Files\Git\cmd;C:\Users\luigu\AppData\Local\Microsoft\WindowsApps;C:\Users\luigu\AppData\Local\Programs\Microsoft VS Code\bin;C:\Users\luigu\AppData\Local\JetBrains\Toolbox\scripts;C:\Users\luigu\AppData\Local\GitHubDesktop\bin
USERNAME=luigu
OS=Windows_NT
PROCESSOR_IDENTIFIER=Intel64 Family 6 Model 154 Stepping 3, GenuineIntel
TMP=C:\Users\luigu\AppData\Local\Temp
TEMP=C:\Users\luigu\AppData\Local\Temp



---------------  S Y S T E M  ---------------

OS: Windows 11 , 64 bit Build 22621 (10.0.22621.3374)
OS uptime: 5 days 20:53 hours

CPU:total 12 (initial active 12) (6 cores per cpu, 2 threads per core) family 6 model 154 stepping 3 microcode 0x419, cmov, cx8, fxsr, mmx, sse, sse2, sse3, ssse3, sse4.1, sse4.2, popcnt, avx, avx2, aes, clmul, erms, 3dnowpref, lzcnt, ht, tsc, tscinvbit, bmi1, bmi2, adx, sha, fma

Memory: 4k page, system-wide physical 7917M (907M free)
TotalPageFile size 19693M (AvailPageFile size 6015M), user-mode portion of virtual address-space 2047M (1229M free)
current process WorkingSet (physical memory assigned to process): 272M, peak: 285M
current process commit charge ("private bytes"): 268M, peak: 268M

vm_info: OpenJDK Client VM (11.0.21+9) for windows-x86 JRE (11.0.21+9), built on Oct 17 2023 17:27:10 by "" with MS VC++ 15.9 (VS2017)

END.
