#
# A fatal error has been detected by the Java Runtime Environment:
#
#  EXCEPTION_ACCESS_VIOLATION (0xc0000005) at pc=0x671f6c62, pid=16272, tid=7708
#
# JRE version: OpenJDK Runtime Environment Temurin-11.0.21+9 (11.0.21+9) (build 11.0.21+9)
# Java VM: OpenJDK Client VM Temurin-11.0.21+9 (11.0.21+9, mixed mode, serial gc, windows-x86)
# Problematic frame:
# C  [glass.dll+0x16c62]
#
# No core dump will be written. Minidumps are not enabled by default on client versions of Windows
#
# If you would like to submit a bug report, please visit:
#   https://github.com/adoptium/adoptium-support/issues
# The crash happened outside the Java Virtual Machine in native code.
# See problematic frame for where to report the bug.
#

---------------  S U M M A R Y ------------

Command Line: -javaagent:C:\Users\luigu\AppData\Local\Programs\IntelliJ IDEA Ultimate\lib\idea_rt.jar=51830:C:\Users\luigu\AppData\Local\Programs\IntelliJ IDEA Ultimate\bin -Dfile.encoding=UTF-8 --module-path=C:\Users\luigu\.m2\repository\com\dlsc\formsfx\formsfx-core\11.6.0\formsfx-core-11.6.0.jar;C:\Users\luigu\.m2\repository\org\kordamp\bootstrapfx\bootstrapfx-core\0.4.0\bootstrapfx-core-0.4.0.jar;C:\Users\luigu\.m2\repository\org\openjfx\javafx-base\17.0.6\javafx-base-17.0.6-win-x86.jar;C:\Users\luigu\.m2\repository\org\openjfx\javafx-graphics\17.0.6\javafx-graphics-17.0.6-win-x86.jar;C:\Users\luigu\.m2\repository\net\synedra\validatorfx\0.4.0\validatorfx-0.4.0.jar;C:\Users\luigu\.m2\repository\org\openjfx\javafx-fxml\17.0.6\javafx-fxml-17.0.6-win-x86.jar;C:\Users\luigu\.m2\repository\org\controlsfx\controlsfx\11.1.2\controlsfx-11.1.2.jar;C:\Users\luigu\IdeaProjects\Joyeria_ProyectoMult\target\classes;C:\Users\luigu\.m2\repository\org\openjfx\javafx-controls\17.0.6\javafx-controls-17.0.6-win-x86.jar -Djdk.module.main=com.eduard034.joyeria_proyectomult com.eduard034.joyeria_proyectomult/com.eduard034.joyeria_proyectomult.JoyeriaApp

Host: 12th Gen Intel(R) Core(TM) i5-12450H, 12 cores, 7G,  Windows 11 , 64 bit Build 22621 (10.0.22621.3374)
Time: Wed Apr 10 05:54:13 2024 Hora estándar central (México) elapsed time: 22.135091 seconds (0d 0h 0m 22s)

---------------  T H R E A D  ---------------

Current thread (0x15e1a000):  JavaThread "JavaFX Application Thread" [_thread_in_native, id=7708, stack(0x19220000,0x19270000)]

Stack: [0x19220000,0x19270000],  sp=0x1926e72c,  free space=313k
Native frames: (J=compiled Java code, A=aot compiled Java code, j=interpreted, Vv=VM code, C=native code)
C  [glass.dll+0x16c62]

Java frames: (J=compiled Java code, j=interpreted, Vv=VM code)
j  com.sun.glass.ui.win.WinWindow._close(J)Z+0 javafx.graphics
j  com.sun.glass.ui.Window.close()V+63 javafx.graphics
j  com.sun.glass.ui.win.WinWindow.close()V+8 javafx.graphics
j  com.sun.glass.ui.Application.terminate()V+75 javafx.graphics
j  com.sun.javafx.tk.quantum.QuantumToolkit.lambda$exit$13()Ljava/lang/Object;+5 javafx.graphics
j  com.sun.javafx.tk.quantum.QuantumToolkit$$Lambda$448.get()Ljava/lang/Object;+0 javafx.graphics
j  com.sun.javafx.tk.quantum.QuantumToolkit.runWithRenderLock(Ljava/util/function/Supplier;)Ljava/lang/Object;+7 javafx.graphics
j  com.sun.javafx.tk.quantum.QuantumToolkit.exit()V+26 javafx.graphics
j  com.sun.javafx.application.PlatformImpl.lambda$tkExit$16()V+3 javafx.graphics
j  com.sun.javafx.application.PlatformImpl$$Lambda$447.run()V+0 javafx.graphics
j  com.sun.javafx.application.PlatformImpl.lambda$runAndWait$12(Ljava/lang/Runnable;Ljava/util/concurrent/CountDownLatch;)V+1 javafx.graphics
j  com.sun.javafx.application.PlatformImpl$$Lambda$87.run()V+8 javafx.graphics
j  com.sun.javafx.application.PlatformImpl.lambda$runLater$10(Ljava/lang/Runnable;)Ljava/lang/Void;+1 javafx.graphics
j  com.sun.javafx.application.PlatformImpl$$Lambda$90.run()Ljava/lang/Object;+4 javafx.graphics
v  ~StubRoutines::call_stub
J 1325  java.security.AccessController.doPrivileged(Ljava/security/PrivilegedAction;Ljava/security/AccessControlContext;)Ljava/lang/Object; java.base@11.0.21 (0 bytes) @ 0x02e374c7 [0x02e37460+0x00000067]
j  com.sun.javafx.application.PlatformImpl.lambda$runLater$11(Ljava/lang/Runnable;Ljava/security/AccessControlContext;)V+7 javafx.graphics
j  com.sun.javafx.application.PlatformImpl$$Lambda$89.run()V+8 javafx.graphics
j  com.sun.glass.ui.InvokeLaterDispatcher$Future.run()V+4 javafx.graphics
v  ~StubRoutines::call_stub
j  com.sun.glass.ui.win.WinApplication._runLoop(Ljava/lang/Runnable;)V+0 javafx.graphics
j  com.sun.glass.ui.win.WinApplication.lambda$runLoop$3(ILjava/lang/Runnable;)V+8 javafx.graphics
j  com.sun.glass.ui.win.WinApplication$$Lambda$78.run()V+12 javafx.graphics
j  java.lang.Thread.run()V+11 java.base@11.0.21
v  ~StubRoutines::call_stub

siginfo: EXCEPTION_ACCESS_VIOLATION (0xc0000005), reading address 0x000000b8


Register to memory mapping:

EIP=0x671f6c62 glass.dll
EAX=0x0 is NULL
EBX=0x1926e960 is pointing into the stack for thread: 0x15e1a000
ECX=0x0 is NULL
EDX=0x0 is NULL
ESP=0x1926e72c is pointing into the stack for thread: 0x15e1a000
EBP=0x1926e758 is pointing into the stack for thread: 0x15e1a000
ESI=0x00000401 is an unknown value
EDI=0x0 is NULL


Registers:
EAX=0x00000000, EBX=0x1926e960, ECX=0x00000000, EDX=0x00000000
ESP=0x1926e72c, EBP=0x1926e758, ESI=0x00000401, EDI=0x00000000
EIP=0x671f6c62, EFLAGS=0x00010202

Top of Stack: (sp=0x1926e72c)
0x1926e72c:   1926e960 00000401 1926e960 671e8df8
0x1926e73c:   4ba72dd1 15cdae00 003404c8 00000401
0x1926e74c:   1926e88c 672002b0 ffffffff 00000000
0x1926e75c:   671e1755 00000401 1926e960 00000000
0x1926e76c:   00000401 003404c8 1926e7a4 671e16f0
0x1926e77c:   750d30b3 003404c8 00000401 1926e960
0x1926e78c:   00000000 003404c8 dcbaabcd 671e16f0
0x1926e79c:   00000401 003404c8 1926e89c 750c3ef6 

Instructions: (pc=0x671f6c62)
0x671f6b62:   21 56 e8 47 42 00 00 ff 35 e8 03 21 67 8b f0 ff
0x671f6b72:   77 68 56 e8 96 de fe ff 56 e8 a0 41 00 00 83 c4
0x671f6b82:   10 5e c7 05 a4 03 21 67 00 00 00 00 5f c3 83 ec
0x671f6b92:   24 a1 ec e0 20 67 33 c4 89 44 24 20 8b 44 24 28
0x671f6ba2:   53 89 44 24 04 8b d9 8b 44 24 30 89 44 24 08 8b
0x671f6bb2:   44 24 38 55 89 44 24 10 8b 44 24 38 56 89 83 84
0x671f6bc2:   00 00 00 8b 44 24 0c 89 5c 24 18 bb 00 00 00 80
0x671f6bd2:   8b eb 8b f3 57 8b fb 85 c0 79 29 8d 44 24 20 50
0x671f6be2:   e8 29 aa fe ff 83 c4 04 85 c0 8b 44 24 10 74 14
0x671f6bf2:   8b 74 24 28 8b 5c 24 20 2b f3 8b 7c 24 2c 8b 6c
0x671f6c02:   24 24 2b fd 6a 00 50 ff 74 24 1c 68 d8 23 20 67
0x671f6c12:   57 56 8b 74 24 34 8b ce 55 53 ff 74 24 38 e8 db
0x671f6c22:   a7 fe ff 8b f8 8d 4e 14 57 e8 40 64 00 00 57 8d
0x671f6c32:   4e 14 e8 c7 64 00 00 8b 4c 24 30 8b c7 5f 5e 5d
0x671f6c42:   5b 33 cc e8 ae 7a 00 00 83 c4 24 c2 10 00 53 8b
0x671f6c52:   d9 56 57 ff 73 08 e8 93 a9 fe ff 8b f8 83 c4 04
0x671f6c62:   8b 87 b8 00 00 00 85 c0 75 03 8b 47 04 3b 05 a4
0x671f6c72:   03 21 67 75 29 e8 34 41 00 00 ff 35 e8 03 21 67
0x671f6c82:   8b f0 ff 77 68 56 e8 83 dd fe ff 56 e8 8d 40 00
0x671f6c92:   00 83 c4 10 c7 05 a4 03 21 67 00 00 00 00 8d 4f
0x671f6ca2:   14 e8 b8 69 00 00 8d 4f 14 e8 e0 69 00 00 ff 73
0x671f6cb2:   08 ff 15 f8 fe 20 67 85 c0 5f 0f 95 c0 5e 88 43
0x671f6cc2:   04 5b c3 cc cc cc cc cc cc cc cc cc cc cc 55 8b
0x671f6cd2:   ec 6a ff 68 f7 11 20 67 64 a1 00 00 00 00 50 83
0x671f6ce2:   ec 08 53 56 57 a1 ec e0 20 67 33 c5 50 8d 45 f4
0x671f6cf2:   64 a3 00 00 00 00 8b f9 ff 77 18 ff 15 60 ff 20
0x671f6d02:   67 85 c0 75 13 0f 57 c0 66 0f 13 45 ec 8b 55 f0
0x671f6d12:   8b 45 ec e9 a7 00 00 00 68 dc 00 00 00 e8 96 79
0x671f6d22:   00 00 83 c4 04 89 45 f0 c7 45 fc 00 00 00 00 85
0x671f6d32:   c0 74 19 ff 77 18 8b c8 6a 01 6a 00 6a 00 6a 00
0x671f6d42:   ff 77 10 e8 a6 f9 ff ff 8b d8 eb 02 33 db ff 77
0x671f6d52:   18 8b cb c7 45 fc ff ff ff ff 6a 00 68 00 00 10 


Stack slot to memory mapping:
stack at sp + 0 slots: 0x1926e960 is pointing into the stack for thread: 0x15e1a000
stack at sp + 1 slots: 0x00000401 is an unknown value
stack at sp + 2 slots: 0x1926e960 is pointing into the stack for thread: 0x15e1a000
stack at sp + 3 slots: 0x671e8df8 glass.dll
stack at sp + 4 slots: 0x4ba72dd1 is an unknown value
stack at sp + 5 slots: 0x15cdae00 points into unknown readable memory: 0x6720319c | 9c 31 20 67
stack at sp + 6 slots: 0x003404c8 points into unknown readable memory: 0x00000000 | 00 00 00 00
stack at sp + 7 slots: 0x00000401 is an unknown value


---------------  P R O C E S S  ---------------

Threads class SMR info:
_java_thread_list=0x2070b5f0, length=17, elements={
0x02b56400, 0x02c2c400, 0x02c2dc00, 0x02c26000,
0x02c28000, 0x02c28c00, 0x02c29800, 0x14f61800,
0x14fde400, 0x1512c800, 0x156a7400, 0x15e02400,
0x15e1a000, 0x15f74800, 0x15fd8c00, 0x1607c400,
0x20708000
}

Java Threads: ( => current thread )
  0x02b56400 JavaThread "main" [_thread_blocked, id=11676, stack(0x00ab0000,0x00b00000)]
  0x02c2c400 JavaThread "Reference Handler" daemon [_thread_blocked, id=1692, stack(0x04c30000,0x04c80000)]
  0x02c2dc00 JavaThread "Finalizer" daemon [_thread_blocked, id=4220, stack(0x04cc0000,0x04d10000)]
  0x02c26000 JavaThread "Signal Dispatcher" daemon [_thread_blocked, id=1920, stack(0x04d50000,0x04da0000)]
  0x02c28000 JavaThread "Attach Listener" daemon [_thread_blocked, id=16004, stack(0x15130000,0x15180000)]
  0x02c28c00 JavaThread "Service Thread" daemon [_thread_blocked, id=6532, stack(0x151c0000,0x15210000)]
  0x02c29800 JavaThread "C1 CompilerThread0" daemon [_thread_blocked, id=17428, stack(0x15250000,0x152a0000)]
  0x14f61800 JavaThread "Sweeper thread" daemon [_thread_blocked, id=13740, stack(0x152e0000,0x15330000)]
  0x14fde400 JavaThread "Common-Cleaner" daemon [_thread_blocked, id=17488, stack(0x15370000,0x153c0000)]
  0x1512c800 JavaThread "Monitor Ctrl-Break" daemon [_thread_in_native, id=12324, stack(0x15800000,0x15850000)]
  0x156a7400 JavaThread "QuantumRenderer-0" daemon [_thread_blocked, id=7028, stack(0x15b20000,0x15b70000)]
  0x15e02400 JavaThread "InvokeLaterDispatcher" daemon [_thread_blocked, id=3044, stack(0x19090000,0x190e0000)]
=>0x15e1a000 JavaThread "JavaFX Application Thread" [_thread_in_native, id=7708, stack(0x19220000,0x19270000)]
  0x15f74800 JavaThread "JavaFX-Launcher" [_thread_blocked, id=14980, stack(0x1d820000,0x1d870000)]
  0x15fd8c00 JavaThread "Thread-2" daemon [_thread_in_native, id=6112, stack(0x1d790000,0x1d7e0000)]
  0x1607c400 JavaThread "Prism Font Disposer" daemon [_thread_blocked, id=13520, stack(0x1ee50000,0x1eea0000)]
  0x20708000 JavaThread "Cleaner-0" daemon [_thread_blocked, id=7088, stack(0x22120000,0x22170000)]

Other Threads:
  0x0093e400 VMThread "VM Thread" [stack: 0x02a70000,0x02ac0000] [id=18300]
  0x1512d400 WatcherThread [stack: 0x15890000,0x158e0000] [id=11284]

Threads with active compile tasks:

VM state:not at safepoint (normal execution)

VM Mutex/Monitor currently owned by a thread: None

Heap:
 def new generation   total 16704K, used 10009K [0x04e00000, 0x06010000, 0x0a350000)
  eden space 14912K,  67% used [0x04e00000, 0x057c6560, 0x05c90000)
  from space 1792K,   0% used [0x05c90000, 0x05c90000, 0x05e50000)
  to   space 1792K,   0% used [0x05e50000, 0x05e50000, 0x06010000)
 tenured generation   total 36864K, used 22117K [0x0a350000, 0x0c750000, 0x14e00000)
   the space 36864K,  59% used [0x0a350000, 0x0b8e96e0, 0x0b8e9800, 0x0c750000)
 Metaspace       used 14798K, capacity 15058K, committed 15360K, reserved 15744K

Card table byte_map: [0x02520000,0x025b0000] _byte_map_base: 0x024f9000

Polling page: 0x00b00000

Metaspace:

Usage:
   14.71 MB capacity,    14.45 MB ( 98%) used,   177.53 KB (  1%) free+waste,    82.15 KB ( <1%) overhead. 

Virtual space:
     15.38 MB reserved,      15.00 MB ( 98%) committed 

Chunk freelists:
237.50 KB

MaxMetaspaceSize: 4.00 GB
No class space
Initial GC threshold: 12.00 MB
Current GC threshold: 25.00 MB
CDS: off

CodeCache: size=32768Kb used=2682Kb max_used=2682Kb free=30085Kb
 bounds [0x02c30000, 0x02ed0000, 0x04c30000]
 total_blobs=2286 nmethods=1859 adapters=359
 compilation: enabled
              stopped_count=0, restarted_count=0
 full_count=0

Compilation events (20 events):
Event: 22.065 Thread 0x02c29800 1850             jdk.internal.org.objectweb.asm.MethodWriter::noSuccessor (95 bytes)
Event: 22.065 Thread 0x02c29800 nmethod 1850 0x02ec9948 code [0x02ec9a70, 0x02ec9c5c]
Event: 22.065 Thread 0x02c29800 1851             jdk.internal.org.objectweb.asm.MethodWriter::visitEnd (1 bytes)
Event: 22.065 Thread 0x02c29800 nmethod 1851 0x02ec9d48 code [0x02ec9e50, 0x02ec9ed0]
Event: 22.065 Thread 0x02c29800 1852             jdk.internal.org.objectweb.asm.MethodWriter::getSize (838 bytes)
Event: 22.066 Thread 0x02c29800 nmethod 1852 0x02ec9f08 code [0x02eca1e0, 0x02ecac64]
Event: 22.066 Thread 0x02c29800 1853             com.sun.prism.impl.BaseResourcePool::freeDisposalRequestedAndCheckResources (156 bytes)
Event: 22.067 Thread 0x02c29800 nmethod 1853 0x02ecb848 code [0x02ecb9c0, 0x02ecbcf8]
Event: 22.092 Thread 0x02c29800 1854             java.lang.invoke.LambdaForm$Name::withConstraint (20 bytes)
Event: 22.092 Thread 0x02c29800 nmethod 1854 0x02ecbf08 code [0x02ecc020, 0x02ecc12c]
Event: 22.093 Thread 0x02c29800 1855             jdk.internal.org.objectweb.asm.Frame::pop (53 bytes)
Event: 22.093 Thread 0x02c29800 nmethod 1855 0x02ecc1c8 code [0x02ecc330, 0x02ecc538]
Event: 22.094 Thread 0x02c29800 1856             jdk.internal.misc.VM::initLevel (4 bytes)
Event: 22.094 Thread 0x02c29800 nmethod 1856 0x02ecc708 code [0x02ecc810, 0x02ecc890]
Event: 22.094 Thread 0x02c29800 1857             sun.nio.cs.UTF_8$Encoder::encodeArrayLoop (489 bytes)
Event: 22.095 Thread 0x02c29800 nmethod 1857 0x02ecc8c8 code [0x02eccc50, 0x02ecda04]
Event: 22.106 Thread 0x02c29800 1858             jdk.internal.misc.VM::isModuleSystemInited (13 bytes)
Event: 22.106 Thread 0x02c29800 nmethod 1858 0x02ece5c8 code [0x02ece6d0, 0x02ece760]
Event: 22.106 Thread 0x02c29800 1859             java.nio.charset.CoderResult::isUnderflow (13 bytes)
Event: 22.106 Thread 0x02c29800 nmethod 1859 0x02ece7c8 code [0x02ece8d0, 0x02ece960]

GC Heap History (20 events):
Event: 0.477 GC heap before
{Heap before GC invocations=4 (full 0):
 def new generation   total 4928K, used 4667K [0x04e00000, 0x05350000, 0x0a350000)
  eden space 4416K, 100% used [0x04e00000, 0x05250000, 0x05250000)
  from space 512K,  49% used [0x05250000, 0x0528edc8, 0x052d0000)
  to   space 512K,   0% used [0x052d0000, 0x052d0000, 0x05350000)
 tenured generation   total 10944K, used 1734K [0x0a350000, 0x0ae00000, 0x14e00000)
   the space 10944K,  15% used [0x0a350000, 0x0a5019d8, 0x0a501a00, 0x0ae00000)
 Metaspace       used 7710K, capacity 7809K, committed 7936K, reserved 8576K
}
Event: 0.478 GC heap after
{Heap after GC invocations=5 (full 0):
 def new generation   total 4928K, used 419K [0x04e00000, 0x05350000, 0x0a350000)
  eden space 4416K,   0% used [0x04e00000, 0x04e00000, 0x05250000)
  from space 512K,  81% used [0x052d0000, 0x05338ee8, 0x05350000)
  to   space 512K,   0% used [0x05250000, 0x05250000, 0x052d0000)
 tenured generation   total 10944K, used 2182K [0x0a350000, 0x0ae00000, 0x14e00000)
   the space 10944K,  19% used [0x0a350000, 0x0a5719e8, 0x0a571a00, 0x0ae00000)
 Metaspace       used 7710K, capacity 7809K, committed 7936K, reserved 8576K
}
Event: 0.518 GC heap before
{Heap before GC invocations=5 (full 0):
 def new generation   total 4928K, used 4835K [0x04e00000, 0x05350000, 0x0a350000)
  eden space 4416K, 100% used [0x04e00000, 0x05250000, 0x05250000)
  from space 512K,  81% used [0x052d0000, 0x05338ee8, 0x05350000)
  to   space 512K,   0% used [0x05250000, 0x05250000, 0x052d0000)
 tenured generation   total 10944K, used 2182K [0x0a350000, 0x0ae00000, 0x14e00000)
   the space 10944K,  19% used [0x0a350000, 0x0a5719e8, 0x0a571a00, 0x0ae00000)
 Metaspace       used 8921K, capacity 9053K, committed 9088K, reserved 9600K
}
Event: 0.519 GC heap after
{Heap after GC invocations=6 (full 0):
 def new generation   total 4928K, used 512K [0x04e00000, 0x05350000, 0x0a350000)
  eden space 4416K,   0% used [0x04e00000, 0x04e00000, 0x05250000)
  from space 512K, 100% used [0x05250000, 0x052d0000, 0x052d0000)
  to   space 512K,   0% used [0x052d0000, 0x052d0000, 0x05350000)
 tenured generation   total 10944K, used 2638K [0x0a350000, 0x0ae00000, 0x14e00000)
   the space 10944K,  24% used [0x0a350000, 0x0a5e3ba0, 0x0a5e3c00, 0x0ae00000)
 Metaspace       used 8921K, capacity 9053K, committed 9088K, reserved 9600K
}
Event: 0.572 GC heap before
{Heap before GC invocations=6 (full 0):
 def new generation   total 4928K, used 4919K [0x04e00000, 0x05350000, 0x0a350000)
  eden space 4416K,  99% used [0x04e00000, 0x0524dc30, 0x05250000)
  from space 512K, 100% used [0x05250000, 0x052d0000, 0x052d0000)
  to   space 512K,   0% used [0x052d0000, 0x052d0000, 0x05350000)
 tenured generation   total 10944K, used 2638K [0x0a350000, 0x0ae00000, 0x14e00000)
   the space 10944K,  24% used [0x0a350000, 0x0a5e3ba0, 0x0a5e3c00, 0x0ae00000)
 Metaspace       used 10559K, capacity 10734K, committed 10752K, reserved 11648K
}
Event: 0.574 GC heap after
{Heap after GC invocations=7 (full 0):
 def new generation   total 4928K, used 512K [0x04e00000, 0x05350000, 0x0a350000)
  eden space 4416K,   0% used [0x04e00000, 0x04e00000, 0x05250000)
  from space 512K, 100% used [0x052d0000, 0x05350000, 0x05350000)
  to   space 512K,   0% used [0x05250000, 0x05250000, 0x052d0000)
 tenured generation   total 10944K, used 3676K [0x0a350000, 0x0ae00000, 0x14e00000)
   the space 10944K,  33% used [0x0a350000, 0x0a6e7220, 0x0a6e7400, 0x0ae00000)
 Metaspace       used 10559K, capacity 10734K, committed 10752K, reserved 11648K
}
Event: 0.623 GC heap before
{Heap before GC invocations=7 (full 0):
 def new generation   total 4928K, used 4928K [0x04e00000, 0x05350000, 0x0a350000)
  eden space 4416K, 100% used [0x04e00000, 0x05250000, 0x05250000)
  from space 512K, 100% used [0x052d0000, 0x05350000, 0x05350000)
  to   space 512K,   0% used [0x05250000, 0x05250000, 0x052d0000)
 tenured generation   total 10944K, used 3676K [0x0a350000, 0x0ae00000, 0x14e00000)
   the space 10944K,  33% used [0x0a350000, 0x0a6e7220, 0x0a6e7400, 0x0ae00000)
 Metaspace       used 11343K, capacity 11510K, committed 11520K, reserved 11648K
}
Event: 0.625 GC heap after
{Heap after GC invocations=8 (full 0):
 def new generation   total 4928K, used 512K [0x04e00000, 0x05350000, 0x0a350000)
  eden space 4416K,   0% used [0x04e00000, 0x04e00000, 0x05250000)
  from space 512K, 100% used [0x05250000, 0x052d0000, 0x052d0000)
  to   space 512K,   0% used [0x052d0000, 0x052d0000, 0x05350000)
 tenured generation   total 10944K, used 4168K [0x0a350000, 0x0ae00000, 0x14e00000)
   the space 10944K,  38% used [0x0a350000, 0x0a7623a0, 0x0a762400, 0x0ae00000)
 Metaspace       used 11343K, capacity 11510K, committed 11520K, reserved 11648K
}
Event: 0.695 GC heap before
{Heap before GC invocations=8 (full 0):
 def new generation   total 4928K, used 4928K [0x04e00000, 0x05350000, 0x0a350000)
  eden space 4416K, 100% used [0x04e00000, 0x05250000, 0x05250000)
  from space 512K, 100% used [0x05250000, 0x052d0000, 0x052d0000)
  to   space 512K,   0% used [0x052d0000, 0x052d0000, 0x05350000)
 tenured generation   total 10944K, used 10399K [0x0a350000, 0x0ae00000, 0x14e00000)
   the space 10944K,  95% used [0x0a350000, 0x0ad77d98, 0x0ad77e00, 0x0ae00000)
 Metaspace       used 11811K, capacity 12008K, committed 12032K, reserved 12672K
}
Event: 0.705 GC heap after
{Heap after GC invocations=9 (full 1):
 def new generation   total 8576K, used 456K [0x04e00000, 0x05740000, 0x0a350000)
  eden space 7680K,   5% used [0x04e00000, 0x04e72268, 0x05580000)
  from space 896K,   0% used [0x05580000, 0x05580000, 0x05660000)
  to   space 896K,   0% used [0x05660000, 0x05660000, 0x05740000)
 tenured generation   total 18880K, used 11327K [0x0a350000, 0x0b5c0000, 0x14e00000)
   the space 18880K,  59% used [0x0a350000, 0x0ae5ffe8, 0x0ae60000, 0x0b5c0000)
 Metaspace       used 11811K, capacity 12008K, committed 12032K, reserved 12672K
}
Event: 0.805 GC heap before
{Heap before GC invocations=9 (full 1):
 def new generation   total 8576K, used 7680K [0x04e00000, 0x05740000, 0x0a350000)
  eden space 7680K, 100% used [0x04e00000, 0x05580000, 0x05580000)
  from space 896K,   0% used [0x05580000, 0x05580000, 0x05660000)
  to   space 896K,   0% used [0x05660000, 0x05660000, 0x05740000)
 tenured generation   total 18880K, used 11327K [0x0a350000, 0x0b5c0000, 0x14e00000)
   the space 18880K,  59% used [0x0a350000, 0x0ae5ffe8, 0x0ae60000, 0x0b5c0000)
 Metaspace       used 12716K, capacity 12899K, committed 12928K, reserved 13696K
}
Event: 0.809 GC heap after
{Heap after GC invocations=10 (full 1):
 def new generation   total 8576K, used 896K [0x04e00000, 0x05740000, 0x0a350000)
  eden space 7680K,   0% used [0x04e00000, 0x04e00000, 0x05580000)
  from space 896K, 100% used [0x05660000, 0x05740000, 0x05740000)
  to   space 896K,   0% used [0x05580000, 0x05580000, 0x05660000)
 tenured generation   total 18880K, used 11705K [0x0a350000, 0x0b5c0000, 0x14e00000)
   the space 18880K,  61% used [0x0a350000, 0x0aebe4a8, 0x0aebe600, 0x0b5c0000)
 Metaspace       used 12716K, capacity 12899K, committed 12928K, reserved 13696K
}
Event: 0.881 GC heap before
{Heap before GC invocations=10 (full 1):
 def new generation   total 8576K, used 8576K [0x04e00000, 0x05740000, 0x0a350000)
  eden space 7680K, 100% used [0x04e00000, 0x05580000, 0x05580000)
  from space 896K, 100% used [0x05660000, 0x05740000, 0x05740000)
  to   space 896K,   0% used [0x05580000, 0x05580000, 0x05660000)
 tenured generation   total 18880K, used 11705K [0x0a350000, 0x0b5c0000, 0x14e00000)
   the space 18880K,  61% used [0x0a350000, 0x0aebe4a8, 0x0aebe600, 0x0b5c0000)
 Metaspace       used 13891K, capacity 14189K, committed 14208K, reserved 14720K
}
Event: 0.884 GC heap after
{Heap after GC invocations=11 (full 1):
 def new generation   total 8576K, used 554K [0x04e00000, 0x05740000, 0x0a350000)
  eden space 7680K,   0% used [0x04e00000, 0x04e00000, 0x05580000)
  from space 896K,  61% used [0x05580000, 0x0560aa88, 0x05660000)
  to   space 896K,   0% used [0x05660000, 0x05660000, 0x05740000)
 tenured generation   total 18880K, used 12594K [0x0a350000, 0x0b5c0000, 0x14e00000)
   the space 18880K,  66% used [0x0a350000, 0x0af9cae8, 0x0af9cc00, 0x0b5c0000)
 Metaspace       used 13891K, capacity 14189K, committed 14208K, reserved 14720K
}
Event: 2.163 GC heap before
{Heap before GC invocations=11 (full 1):
 def new generation   total 8576K, used 8234K [0x04e00000, 0x05740000, 0x0a350000)
  eden space 7680K, 100% used [0x04e00000, 0x05580000, 0x05580000)
  from space 896K,  61% used [0x05580000, 0x0560aa88, 0x05660000)
  to   space 896K,   0% used [0x05660000, 0x05660000, 0x05740000)
 tenured generation   total 18880K, used 12594K [0x0a350000, 0x0b5c0000, 0x14e00000)
   the space 18880K,  66% used [0x0a350000, 0x0af9cae8, 0x0af9cc00, 0x0b5c0000)
 Metaspace       used 14725K, capacity 15037K, committed 15104K, reserved 15744K
}
Event: 2.168 GC heap after
{Heap after GC invocations=12 (full 1):
 def new generation   total 8576K, used 896K [0x04e00000, 0x05740000, 0x0a350000)
  eden space 7680K,   0% used [0x04e00000, 0x04e00000, 0x05580000)
  from space 896K, 100% used [0x05660000, 0x05740000, 0x05740000)
  to   space 896K,   0% used [0x05580000, 0x05580000, 0x05660000)
 tenured generation   total 18880K, used 14309K [0x0a350000, 0x0b5c0000, 0x14e00000)
   the space 18880K,  75% used [0x0a350000, 0x0b149650, 0x0b149800, 0x0b5c0000)
 Metaspace       used 14725K, capacity 15037K, committed 15104K, reserved 15744K
}
Event: 15.136 GC heap before
{Heap before GC invocations=12 (full 1):
 def new generation   total 8576K, used 8576K [0x04e00000, 0x05740000, 0x0a350000)
  eden space 7680K, 100% used [0x04e00000, 0x05580000, 0x05580000)
  from space 896K, 100% used [0x05660000, 0x05740000, 0x05740000)
  to   space 896K,   0% used [0x05580000, 0x05580000, 0x05660000)
 tenured generation   total 18880K, used 14309K [0x0a350000, 0x0b5c0000, 0x14e00000)
   the space 18880K,  75% used [0x0a350000, 0x0b149650, 0x0b149800, 0x0b5c0000)
 Metaspace       used 14972K, capacity 15280K, committed 15360K, reserved 15744K
}
Event: 15.138 GC heap after
{Heap after GC invocations=13 (full 1):
 def new generation   total 8576K, used 639K [0x04e00000, 0x05740000, 0x0a350000)
  eden space 7680K,   0% used [0x04e00000, 0x04e00000, 0x05580000)
  from space 896K,  71% used [0x05580000, 0x0561ff90, 0x05660000)
  to   space 896K,   0% used [0x05660000, 0x05660000, 0x05740000)
 tenured generation   total 18880K, used 15199K [0x0a350000, 0x0b5c0000, 0x14e00000)
   the space 18880K,  80% used [0x0a350000, 0x0b227fd8, 0x0b228000, 0x0b5c0000)
 Metaspace       used 14972K, capacity 15280K, committed 15360K, reserved 15744K
}
Event: 18.014 GC heap before
{Heap before GC invocations=13 (full 1):
 def new generation   total 8576K, used 8319K [0x04e00000, 0x05740000, 0x0a350000)
  eden space 7680K, 100% used [0x04e00000, 0x05580000, 0x05580000)
  from space 896K,  71% used [0x05580000, 0x0561ff90, 0x05660000)
  to   space 896K,   0% used [0x05660000, 0x05660000, 0x05740000)
 tenured generation   total 18880K, used 15199K [0x0a350000, 0x0b5c0000, 0x14e00000)
   the space 18880K,  80% used [0x0a350000, 0x0b227fd8, 0x0b228000, 0x0b5c0000)
 Metaspace       used 14985K, capacity 15295K, committed 15360K, reserved 15744K
}
Event: 18.031 GC heap after
{Heap after GC invocations=14 (full 2):
 def new generation   total 16704K, used 0K [0x04e00000, 0x06010000, 0x0a350000)
  eden space 14912K,   0% used [0x04e00000, 0x04e00000, 0x05c90000)
  from space 1792K,   0% used [0x05c90000, 0x05c90000, 0x05e50000)
  to   space 1792K,   0% used [0x05e50000, 0x05e50000, 0x06010000)
 tenured generation   total 36864K, used 22117K [0x0a350000, 0x0c750000, 0x14e00000)
   the space 36864K,  59% used [0x0a350000, 0x0b8e96e0, 0x0b8e9800, 0x0c750000)
 Metaspace       used 14757K, capacity 15014K, committed 15360K, reserved 15744K
}

Deoptimization events (8 events):
Event: 0.785 Thread 0x15e1a000 DEOPT PACKING pc=0x02d5ec8f sp=0x1926e010
Event: 0.785 Thread 0x15e1a000 DEOPT UNPACKING pc=0x02c6c187 sp=0x1926df30 mode 3
Event: 0.787 Thread 0x15e1a000 DEOPT PACKING pc=0x02d8ef31 sp=0x1926e190
Event: 0.787 Thread 0x15e1a000 DEOPT UNPACKING pc=0x02c6c187 sp=0x1926e0b4 mode 3
Event: 0.878 Thread 0x15e1a000 DEOPT PACKING pc=0x02dd1fcc sp=0x1926e180
Event: 0.878 Thread 0x15e1a000 DEOPT UNPACKING pc=0x02c6c187 sp=0x1926e030 mode 3
Event: 6.898 Thread 0x156a7400 DEOPT PACKING pc=0x02e684bd sp=0x15b6e960
Event: 6.898 Thread 0x156a7400 DEOPT UNPACKING pc=0x02c6c187 sp=0x15b6e88c mode 3

Classes redefined (0 events):
No events

Internal exceptions (20 events):
Event: 0.640 Thread 0x15e1a000 Exception <a 'java/lang/NoSuchMethodError'{0x05003340}: 'void java.lang.invoke.DirectMethodHandle$Holder.invokeStaticInit(java.lang.Object, java.lang.Object)'> (0x05003340) thrown at [s\src\hotspot\share\interpreter\linkResolver.cpp, line 773]
Event: 0.645 Thread 0x15e1a000 Exception <a 'java/lang/NoSuchMethodError'{0x050829a8}: 'void java.lang.invoke.DirectMethodHandle$Holder.invokeSpecial(java.lang.Object, java.lang.Object, java.lang.Object, java.lang.Object, java.lang.Object)'> (0x050829a8) thrown at [s\src\hotspot\share\interpreter\linkResolver.cpp, line 773]
Event: 0.787 Thread 0x15e1a000 Implicit null exception at 0x02d8dc4c to 0x02d8ef2c
Event: 0.825 Thread 0x15e1a000 Exception <a 'java/lang/ClassNotFoundException'{0x04fc4280}: com/sun/javafx/scene/control/skin/resources/controls> (0x04fc4280) thrown at [s\src\hotspot\share\prims\jni.cpp, line 638]
Event: 0.825 Thread 0x15e1a000 Exception <a 'java/lang/ClassNotFoundException'{0x04fd1718}: com/sun/javafx/scene/control/skin/resources/controls_es> (0x04fd1718) thrown at [s\src\hotspot\share\prims\jni.cpp, line 638]
Event: 0.825 Thread 0x15e1a000 Exception <a 'java/lang/ClassNotFoundException'{0x04fde940}: com/sun/javafx/scene/control/skin/resources/controls_es_MX> (0x04fde940) thrown at [s\src\hotspot\share\prims\jni.cpp, line 638]
Event: 0.845 Thread 0x15e1a000 Exception <a 'java/lang/NoSuchMethodError'{0x0517d9e0}: 'void java.lang.invoke.DirectMethodHandle$Holder.invokeSpecial(java.lang.Object, java.lang.Object, java.lang.Object, java.lang.Object, java.lang.Object, java.lang.Object)'> (0x0517d9e0) thrown at [s\src\hotspot\share\interpreter\linkResolver.cpp, line 773]
Event: 0.860 Thread 0x15e1a000 Exception <a 'java/lang/NoSuchMethodError'{0x053d80c0}: 'java.lang.Object java.lang.invoke.DirectMethodHandle$Holder.invokeInterface(java.lang.Object, java.lang.Object, java.lang.Object)'> (0x053d80c0) thrown at [s\src\hotspot\share\interpreter\linkResolver.cpp, line 773]
Event: 0.860 Thread 0x15e1a000 Exception <a 'java/lang/IncompatibleClassChangeError'{0x053dae80}: Found class java.lang.Object, but interface was expected> (0x053dae80) thrown at [s\src\hotspot\share\interpreter\linkResolver.cpp, line 839]
Event: 0.907 Thread 0x156a7400 Exception <a 'java/lang/NoSuchMethodError'{0x04ed67e8}: 'int java.lang.invoke.DirectMethodHandle$Holder.invokeStaticInit(java.lang.Object, java.lang.Object)'> (0x04ed67e8) thrown at [s\src\hotspot\share\interpreter\linkResolver.cpp, line 773]
Event: 0.915 Thread 0x15e1a000 Exception <a 'java/lang/NoSuchMethodError'{0x04ef8e30}: 'long java.lang.invoke.DirectMethodHandle$Holder.invokeStaticInit(java.lang.Object, java.lang.Object, java.lang.Object)'> (0x04ef8e30) thrown at [s\src\hotspot\share\interpreter\linkResolver.cpp, line 773]
Event: 0.916 Thread 0x15e1a000 Exception <a 'java/lang/NoSuchMethodError'{0x04f9a838}: 'java.lang.Object java.lang.invoke.DirectMethodHandle$Holder.invokeStatic(java.lang.Object, java.lang.Object, long)'> (0x04f9a838) thrown at [s\src\hotspot\share\interpreter\linkResolver.cpp, line 773]
Event: 0.917 Thread 0x15e1a000 Exception <a 'java/lang/NoSuchMethodError'{0x04fa0288}: 'java.lang.Object java.lang.invoke.Invokers$Holder.linkToTargetMethod(java.lang.Object, long, java.lang.Object)'> (0x04fa0288) thrown at [s\src\hotspot\share\interpreter\linkResolver.cpp, line 773]
Event: 2.140 Thread 0x15e1a000 Exception <a 'java/io/FileNotFoundException'{0x054a68d0}> (0x054a68d0) thrown at [s\src\hotspot\share\prims\jni.cpp, line 617]
Event: 2.145 Thread 0x15e1a000 Exception <a 'java/io/FileNotFoundException'{0x054f72f0}> (0x054f72f0) thrown at [s\src\hotspot\share\prims\jni.cpp, line 617]
Event: 11.594 Thread 0x15e1a000 Exception <a 'java/lang/NoSuchMethodError'{0x0541f620}: 'java.lang.Object java.lang.invoke.DirectMethodHandle$Holder.invokeStatic(java.lang.Object, java.lang.Object, int, int, int, int, int, java.lang.Object)'> (0x0541f620) thrown at [s\src\hotspot\share\interpreter\linkResolver.cpp, line 773]
Event: 11.594 Thread 0x15e1a000 Exception <a 'java/lang/NoSuchMethodError'{0x0542f960}: 'java.lang.Object java.lang.invoke.DirectMethodHandle$Holder.invokeStatic(java.lang.Object, java.lang.Object, java.lang.Object, int, int, int, int, int)'> (0x0542f960) thrown at [s\src\hotspot\share\interpreter\linkResolver.cpp, line 773]
Event: 11.594 Thread 0x15e1a000 Exception <a 'java/lang/NoSuchMethodError'{0x054364f0}: 'java.lang.Object java.lang.invoke.Invokers$Holder.linkToTargetMethod(java.lang.Object, java.lang.Object, int, int, int, int, int, java.lang.Object)'> (0x054364f0) thrown at [s\src\hotspot\share\interpreter\linkResolver.cpp, line 773]
Event: 22.093 Thread 0x15e1a000 Exception <a 'java/lang/IllegalArgumentException'{0x05763d90}> (0x05763d90) thrown at [s\src\hotspot\share\prims\jvm.cpp, line 1310]
Event: 22.106 Thread 0x15e1a000 Exception <a 'java/lang/IllegalArgumentException'{0x057ac830}> (0x057ac830) thrown at [s\src\hotspot\share\prims\jvm.cpp, line 1310]

Events (20 events):
Event: 12.416 loading class com/sun/javafx/tk/quantum/WindowStage
Event: 12.416 loading class com/sun/javafx/tk/quantum/WindowStage done
Event: 15.135 Executing VM operation: GenCollectForAllocation
Event: 15.138 Executing VM operation: GenCollectForAllocation done
Event: 16.751 Executing VM operation: RevokeBias
Event: 16.751 Executing VM operation: RevokeBias done
Event: 18.014 Executing VM operation: GenCollectForAllocation
Event: 18.031 Executing VM operation: GenCollectForAllocation done
Event: 18.051 Executing VM operation: RevokeBias
Event: 18.051 Executing VM operation: RevokeBias done
Event: 21.323 Executing VM operation: RevokeBias
Event: 21.323 Executing VM operation: RevokeBias done
Event: 22.064 loading class javafx/application/Application
Event: 22.064 loading class javafx/application/Application done
Event: 22.064 loading class javafx/application/Application
Event: 22.064 loading class javafx/application/Application done
Event: 22.093 loading class java/lang/Throwable$WrappedPrintStream
Event: 22.094 loading class java/lang/Throwable$PrintStreamOrWriter
Event: 22.094 loading class java/lang/Throwable$PrintStreamOrWriter done
Event: 22.094 loading class java/lang/Throwable$WrappedPrintStream done


Dynamic libraries:
0x00f10000 - 0x00f1c000 	C:\Program Files (x86)\Eclipse Adoptium\jdk-11.0.21.9-hotspot\bin\java.exe
0x77180000 - 0x77331000 	C:\WINDOWS\SYSTEM32\ntdll.dll
0x763f0000 - 0x764e0000 	C:\WINDOWS\System32\KERNEL32.DLL
0x76640000 - 0x768b5000 	C:\WINDOWS\System32\KERNELBASE.dll
0x74c40000 - 0x74ce6000 	C:\WINDOWS\SYSTEM32\apphelp.dll
0x768c0000 - 0x769d2000 	C:\WINDOWS\System32\ucrtbase.dll
0x748b0000 - 0x748c3000 	C:\Program Files (x86)\Eclipse Adoptium\jdk-11.0.21.9-hotspot\bin\VCRUNTIME140.dll
0x74890000 - 0x748a5000 	C:\Program Files (x86)\Eclipse Adoptium\jdk-11.0.21.9-hotspot\bin\jli.dll
0x750a0000 - 0x75249000 	C:\WINDOWS\System32\USER32.dll
0x754e0000 - 0x754fa000 	C:\WINDOWS\System32\win32u.dll
0x76ce0000 - 0x76d03000 	C:\WINDOWS\System32\GDI32.dll
0x70f60000 - 0x71188000 	C:\WINDOWS\WinSxS\x86_microsoft.windows.common-controls_6595b64144ccf1df_6.0.22621.3235_none_6ebcabb88802389e\COMCTL32.dll
0x75df0000 - 0x75ed2000 	C:\WINDOWS\System32\gdi32full.dll
0x76570000 - 0x76634000 	C:\WINDOWS\System32\msvcrt.dll
0x74e00000 - 0x74e79000 	C:\WINDOWS\System32\msvcp_win.dll
0x75500000 - 0x75525000 	C:\WINDOWS\System32\IMM32.DLL
0x6def0000 - 0x6df5f000 	C:\Program Files (x86)\Eclipse Adoptium\jdk-11.0.21.9-hotspot\bin\msvcp140.dll
0x67ab0000 - 0x67f8b000 	C:\Program Files (x86)\Eclipse Adoptium\jdk-11.0.21.9-hotspot\bin\client\jvm.dll
0x75c70000 - 0x75cef000 	C:\WINDOWS\System32\ADVAPI32.dll
0x75530000 - 0x755b5000 	C:\WINDOWS\System32\sechost.dll
0x75080000 - 0x7509a000 	C:\WINDOWS\System32\bcrypt.dll
0x76d70000 - 0x76e2a000 	C:\WINDOWS\System32\RPCRT4.dll
0x77000000 - 0x77006000 	C:\WINDOWS\System32\PSAPI.DLL
0x74620000 - 0x74651000 	C:\WINDOWS\SYSTEM32\WINMM.dll
0x74610000 - 0x74618000 	C:\WINDOWS\SYSTEM32\VERSION.dll
0x73ea0000 - 0x73ea8000 	C:\WINDOWS\SYSTEM32\WSOCK32.dll
0x76d10000 - 0x76d6f000 	C:\WINDOWS\System32\WS2_32.dll
0x745c0000 - 0x745d3000 	C:\WINDOWS\SYSTEM32\kernel.appcore.dll
0x74c30000 - 0x74c3d000 	C:\Program Files (x86)\Eclipse Adoptium\jdk-11.0.21.9-hotspot\bin\verify.dll
0x68240000 - 0x68416000 	C:\WINDOWS\SYSTEM32\DBGHELP.DLL
0x76a60000 - 0x76cdc000 	C:\WINDOWS\System32\combase.dll
0x74fe0000 - 0x7507c000 	C:\WINDOWS\System32\OLEAUT32.dll
0x74860000 - 0x74889000 	C:\WINDOWS\SYSTEM32\dbgcore.DLL
0x75410000 - 0x75472000 	C:\WINDOWS\System32\bcryptPrimitives.dll
0x6dbc0000 - 0x6dbe2000 	C:\Program Files (x86)\Eclipse Adoptium\jdk-11.0.21.9-hotspot\bin\java.dll
0x74a30000 - 0x74a39000 	C:\Program Files (x86)\Eclipse Adoptium\jdk-11.0.21.9-hotspot\bin\jimage.dll
0x71830000 - 0x7183d000 	C:\Program Files (x86)\Eclipse Adoptium\jdk-11.0.21.9-hotspot\bin\instrument.dll
0x6dba0000 - 0x6dbb6000 	C:\Program Files (x86)\Eclipse Adoptium\jdk-11.0.21.9-hotspot\bin\zip.dll
0x755c0000 - 0x75c59000 	C:\WINDOWS\System32\SHELL32.dll
0x722c0000 - 0x729af000 	C:\WINDOWS\SYSTEM32\windows.storage.dll
0x721f0000 - 0x722b7000 	C:\WINDOWS\SYSTEM32\wintypes.dll
0x75ee0000 - 0x75fa1000 	C:\WINDOWS\System32\SHCORE.dll
0x77010000 - 0x7705b000 	C:\WINDOWS\System32\shlwapi.dll
0x73e40000 - 0x73e59000 	C:\WINDOWS\SYSTEM32\profapi.dll
0x6db80000 - 0x6db94000 	C:\Program Files (x86)\Eclipse Adoptium\jdk-11.0.21.9-hotspot\bin\net.dll
0x746e0000 - 0x747bc000 	C:\WINDOWS\SYSTEM32\WINHTTP.dll
0x720d0000 - 0x72121000 	C:\WINDOWS\system32\mswsock.dll
0x747f0000 - 0x747ff000 	C:\Program Files (x86)\Eclipse Adoptium\jdk-11.0.21.9-hotspot\bin\nio.dll
0x6da60000 - 0x6da76000 	C:\Users\luigu\AppData\Local\Programs\IntelliJ IDEA Ultimate\bin\breakgen.dll
0x70eb0000 - 0x70eb3000 	C:\Users\luigu\.openjfx\cache\17.0.6\api-ms-win-core-console-l1-1-0.dll
0x6dee0000 - 0x6dee3000 	C:\Users\luigu\.openjfx\cache\17.0.6\api-ms-win-core-console-l1-2-0.dll
0x6da50000 - 0x6da53000 	C:\Users\luigu\.openjfx\cache\17.0.6\api-ms-win-core-datetime-l1-1-0.dll
0x6da40000 - 0x6da43000 	C:\Users\luigu\.openjfx\cache\17.0.6\api-ms-win-core-debug-l1-1-0.dll
0x6cef0000 - 0x6cef3000 	C:\Users\luigu\.openjfx\cache\17.0.6\api-ms-win-core-errorhandling-l1-1-0.dll
0x6cee0000 - 0x6cee4000 	C:\Users\luigu\.openjfx\cache\17.0.6\api-ms-win-core-file-l1-1-0.dll
0x6cec0000 - 0x6cec3000 	C:\Users\luigu\.openjfx\cache\17.0.6\api-ms-win-core-file-l1-2-0.dll
0x6ceb0000 - 0x6ceb3000 	C:\Users\luigu\.openjfx\cache\17.0.6\api-ms-win-core-file-l2-1-0.dll
0x6cea0000 - 0x6cea3000 	C:\Users\luigu\.openjfx\cache\17.0.6\api-ms-win-core-handle-l1-1-0.dll
0x6ce90000 - 0x6ce93000 	C:\Users\luigu\.openjfx\cache\17.0.6\api-ms-win-core-heap-l1-1-0.dll
0x6ce80000 - 0x6ce83000 	C:\Users\luigu\.openjfx\cache\17.0.6\api-ms-win-core-interlocked-l1-1-0.dll
0x6ce70000 - 0x6ce73000 	C:\Users\luigu\.openjfx\cache\17.0.6\api-ms-win-core-libraryloader-l1-1-0.dll
0x6ce40000 - 0x6ce43000 	C:\Users\luigu\.openjfx\cache\17.0.6\api-ms-win-core-localization-l1-2-0.dll
0x697a0000 - 0x697a3000 	C:\Users\luigu\.openjfx\cache\17.0.6\api-ms-win-core-memory-l1-1-0.dll
0x69790000 - 0x69793000 	C:\Users\luigu\.openjfx\cache\17.0.6\api-ms-win-core-namedpipe-l1-1-0.dll
0x69780000 - 0x69783000 	C:\Users\luigu\.openjfx\cache\17.0.6\api-ms-win-core-processenvironment-l1-1-0.dll
0x68f30000 - 0x68f33000 	C:\Users\luigu\.openjfx\cache\17.0.6\api-ms-win-core-processthreads-l1-1-0.dll
0x68230000 - 0x68233000 	C:\Users\luigu\.openjfx\cache\17.0.6\api-ms-win-core-processthreads-l1-1-1.dll
0x68220000 - 0x68223000 	C:\Users\luigu\.openjfx\cache\17.0.6\api-ms-win-core-profile-l1-1-0.dll
0x68210000 - 0x68213000 	C:\Users\luigu\.openjfx\cache\17.0.6\api-ms-win-core-rtlsupport-l1-1-0.dll
0x67aa0000 - 0x67aa3000 	C:\Users\luigu\.openjfx\cache\17.0.6\api-ms-win-core-string-l1-1-0.dll
0x67a90000 - 0x67a93000 	C:\Users\luigu\.openjfx\cache\17.0.6\api-ms-win-core-synch-l1-1-0.dll
0x67a80000 - 0x67a83000 	C:\Users\luigu\.openjfx\cache\17.0.6\api-ms-win-core-synch-l1-2-0.dll
0x67a70000 - 0x67a73000 	C:\Users\luigu\.openjfx\cache\17.0.6\api-ms-win-core-sysinfo-l1-1-0.dll
0x67a60000 - 0x67a63000 	C:\Users\luigu\.openjfx\cache\17.0.6\api-ms-win-core-timezone-l1-1-0.dll
0x67a50000 - 0x67a53000 	C:\Users\luigu\.openjfx\cache\17.0.6\api-ms-win-core-util-l1-1-0.dll
0x67a40000 - 0x67a43000 	C:\Users\luigu\.openjfx\cache\17.0.6\api-ms-win-crt-conio-l1-1-0.dll
0x67a30000 - 0x67a34000 	C:\Users\luigu\.openjfx\cache\17.0.6\api-ms-win-crt-convert-l1-1-0.dll
0x67a20000 - 0x67a23000 	C:\Users\luigu\.openjfx\cache\17.0.6\api-ms-win-crt-environment-l1-1-0.dll
0x67a10000 - 0x67a13000 	C:\Users\luigu\.openjfx\cache\17.0.6\api-ms-win-crt-filesystem-l1-1-0.dll
0x67a00000 - 0x67a03000 	C:\Users\luigu\.openjfx\cache\17.0.6\api-ms-win-crt-heap-l1-1-0.dll
0x679f0000 - 0x679f3000 	C:\Users\luigu\.openjfx\cache\17.0.6\api-ms-win-crt-locale-l1-1-0.dll
0x679e0000 - 0x679e5000 	C:\Users\luigu\.openjfx\cache\17.0.6\api-ms-win-crt-math-l1-1-0.dll
0x679d0000 - 0x679d5000 	C:\Users\luigu\.openjfx\cache\17.0.6\api-ms-win-crt-multibyte-l1-1-0.dll
0x679c0000 - 0x679d0000 	C:\Users\luigu\.openjfx\cache\17.0.6\api-ms-win-crt-private-l1-1-0.dll
0x679b0000 - 0x679b3000 	C:\Users\luigu\.openjfx\cache\17.0.6\api-ms-win-crt-process-l1-1-0.dll
0x679a0000 - 0x679a4000 	C:\Users\luigu\.openjfx\cache\17.0.6\api-ms-win-crt-runtime-l1-1-0.dll
0x67990000 - 0x67994000 	C:\Users\luigu\.openjfx\cache\17.0.6\api-ms-win-crt-stdio-l1-1-0.dll
0x67980000 - 0x67984000 	C:\Users\luigu\.openjfx\cache\17.0.6\api-ms-win-crt-string-l1-1-0.dll
0x67970000 - 0x67973000 	C:\Users\luigu\.openjfx\cache\17.0.6\api-ms-win-crt-time-l1-1-0.dll
0x67960000 - 0x67963000 	C:\Users\luigu\.openjfx\cache\17.0.6\api-ms-win-crt-utility-l1-1-0.dll
0x67830000 - 0x67953000 	C:\Users\luigu\.openjfx\cache\17.0.6\ucrtbase.dll
0x67810000 - 0x67824000 	C:\Users\luigu\.openjfx\cache\17.0.6\vcruntime140.dll
0x677a0000 - 0x6780d000 	C:\Users\luigu\.openjfx\cache\17.0.6\msvcp140.dll
0x67790000 - 0x67797000 	C:\Users\luigu\.openjfx\cache\17.0.6\msvcp140_1.dll
0x67760000 - 0x67789000 	C:\Users\luigu\.openjfx\cache\17.0.6\msvcp140_2.dll
0x67730000 - 0x67756000 	C:\Users\luigu\.openjfx\cache\17.0.6\prism_d3d.dll
0x675b0000 - 0x67721000 	C:\WINDOWS\system32\d3d9.dll
0x6e260000 - 0x6e284000 	C:\WINDOWS\SYSTEM32\dwmapi.dll
0x711f0000 - 0x7121e000 	C:\WINDOWS\SYSTEM32\dxcore.dll
0x74bb0000 - 0x74c2f000 	C:\WINDOWS\system32\uxtheme.dll
0x67520000 - 0x675b0000 	C:\WINDOWS\SYSTEM32\d3d9on12.dll
0x6e8a0000 - 0x6e96a000 	C:\WINDOWS\SYSTEM32\dxgi.dll
0x67500000 - 0x6751d000 	C:\WINDOWS\SYSTEM32\d3d12.dll
0x736e0000 - 0x7371d000 	C:\WINDOWS\SYSTEM32\cfgmgr32.dll
0x67350000 - 0x67500000 	C:\WINDOWS\SYSTEM32\D3D12Core.dll
0x67330000 - 0x6734d000 	C:\WINDOWS\System32\DriverStore\FileRepository\iigd_dch.inf_amd64_3c65364e14984512\igd12umd32.dll
0x634a0000 - 0x640ca000 	C:\WINDOWS\System32\DriverStore\FileRepository\iigd_dch.inf_amd64_3c65364e14984512\igd12um32xel.dll
0x77060000 - 0x77163000 	C:\WINDOWS\System32\CRYPT32.dll
0x74e80000 - 0x74fd5000 	C:\WINDOWS\System32\ole32.dll
0x672f0000 - 0x67325000 	C:\WINDOWS\SYSTEM32\ControlLib32.dll
0x75fb0000 - 0x763ed000 	C:\WINDOWS\System32\SETUPAPI.dll
0x71770000 - 0x71794000 	C:\WINDOWS\SYSTEM32\DEVOBJ.dll
0x67270000 - 0x672e2000 	C:\WINDOWS\System32\DriverStore\FileRepository\iigd_dch.inf_amd64_3c65364e14984512\IntelControlLib32.dll
0x75480000 - 0x754d7000 	C:\WINDOWS\System32\WINTRUST.dll
0x71760000 - 0x7176e000 	C:\WINDOWS\SYSTEM32\MSASN1.dll
0x6d170000 - 0x6d1ac000 	C:\WINDOWS\SYSTEM32\directxdatabasehelper.dll
0x64e10000 - 0x6513f000 	C:\WINDOWS\System32\DriverStore\FileRepository\iigd_dch.inf_amd64_3c65364e14984512\igdgmm32.dll
0x697b0000 - 0x6ce35000 	C:\WINDOWS\System32\DriverStore\FileRepository\iigd_dch.inf_amd64_3c65364e14984512\igc32.dll
0x67240000 - 0x67261000 	C:\WINDOWS\SYSTEM32\D3DSCache.dll
0x749f0000 - 0x74a0f000 	C:\WINDOWS\SYSTEM32\USERENV.dll
0x62220000 - 0x6349b000 	C:\WINDOWS\System32\DriverStore\FileRepository\iigd_dch.inf_amd64_3c65364e14984512\igd12dxva32.dll
0x60530000 - 0x62220000 	C:\WINDOWS\System32\DriverStore\FileRepository\iigd_dch.inf_amd64_3c65364e14984512\media_bin_32.dll
0x67220000 - 0x67240000 	C:\WINDOWS\System32\DriverStore\FileRepository\iigd_dch.inf_amd64_3c65364e14984512\igdinfo32.dll
0x71bb0000 - 0x71bc5000 	C:\WINDOWS\SYSTEM32\CRYPTSP.dll
0x71b80000 - 0x71bb0000 	C:\WINDOWS\system32\rsaenh.dll
0x71b70000 - 0x71b7b000 	C:\WINDOWS\SYSTEM32\CRYPTBASE.dll
0x6cf80000 - 0x6d16c000 	C:\WINDOWS\SYSTEM32\twinapi.appcore.dll
0x671e0000 - 0x67217000 	C:\Users\luigu\.openjfx\cache\17.0.6\glass.dll

dbghelp: loaded successfully - version: 4.0.5 - missing functions: none
symbol engine: initialized successfully - sym options: 0x614 - pdb path: .;C:\Program Files (x86)\Eclipse Adoptium\jdk-11.0.21.9-hotspot\bin;C:\WINDOWS\SYSTEM32;C:\WINDOWS\WinSxS\x86_microsoft.windows.common-controls_6595b64144ccf1df_6.0.22621.3235_none_6ebcabb88802389e;C:\Program Files (x86)\Eclipse Adoptium\jdk-11.0.21.9-hotspot\bin\client;C:\Users\luigu\AppData\Local\Programs\IntelliJ IDEA Ultimate\bin;C:\Users\luigu\.openjfx\cache\17.0.6;C:\WINDOWS\System32\DriverStore\FileRepository\iigd_dch.inf_amd64_3c65364e14984512;C:\ProgramData\A-Volute\A-Volute.Nahimic\Modules\Scheduled;C:\Program Files (x86)\Common Files\Microsoft Shared\Ink

VM Arguments:
jvm_args: -javaagent:C:\Users\luigu\AppData\Local\Programs\IntelliJ IDEA Ultimate\lib\idea_rt.jar=51830:C:\Users\luigu\AppData\Local\Programs\IntelliJ IDEA Ultimate\bin -Dfile.encoding=UTF-8 --module-path=C:\Users\luigu\.m2\repository\com\dlsc\formsfx\formsfx-core\11.6.0\formsfx-core-11.6.0.jar;C:\Users\luigu\.m2\repository\org\kordamp\bootstrapfx\bootstrapfx-core\0.4.0\bootstrapfx-core-0.4.0.jar;C:\Users\luigu\.m2\repository\org\openjfx\javafx-base\17.0.6\javafx-base-17.0.6-win-x86.jar;C:\Users\luigu\.m2\repository\org\openjfx\javafx-graphics\17.0.6\javafx-graphics-17.0.6-win-x86.jar;C:\Users\luigu\.m2\repository\net\synedra\validatorfx\0.4.0\validatorfx-0.4.0.jar;C:\Users\luigu\.m2\repository\org\openjfx\javafx-fxml\17.0.6\javafx-fxml-17.0.6-win-x86.jar;C:\Users\luigu\.m2\repository\org\controlsfx\controlsfx\11.1.2\controlsfx-11.1.2.jar;C:\Users\luigu\IdeaProjects\Joyeria_ProyectoMult\target\classes;C:\Users\luigu\.m2\repository\org\openjfx\javafx-controls\17.0.6\javafx-controls-17.0.6-win-x86.jar -Djdk.module.main=com.eduard034.joyeria_proyectomult 
java_command: com.eduard034.joyeria_proyectomult/com.eduard034.joyeria_proyectomult.JoyeriaApp
java_class_path (initial): C:\Users\luigu\.m2\repository\org\openjfx\javafx-controls\17.0.6\javafx-controls-17.0.6.jar;C:\Users\luigu\.m2\repository\org\openjfx\javafx-graphics\17.0.6\javafx-graphics-17.0.6.jar;C:\Users\luigu\.m2\repository\org\openjfx\javafx-base\17.0.6\javafx-base-17.0.6.jar;C:\Users\luigu\.m2\repository\org\openjfx\javafx-fxml\17.0.6\javafx-fxml-17.0.6.jar
Launcher Type: SUN_STANDARD

[Global flags]
   size_t InitialHeapSize                          = 16777216                                  {product} {ergonomic}
   size_t MaxHeapSize                              = 268435456                                 {product} {ergonomic}
   size_t MaxNewSize                               = 89456640                                  {product} {ergonomic}
   size_t MinHeapDeltaBytes                        = 131072                                    {product} {ergonomic}
   size_t NewSize                                  = 5570560                                   {product} {ergonomic}
    uintx NonProfiledCodeHeapSize                  = 0                                      {pd product} {ergonomic}
   size_t OldSize                                  = 11206656                                  {product} {ergonomic}
    uintx ProfiledCodeHeapSize                     = 0                                      {pd product} {ergonomic}
     bool ThreadLocalHandshakes                    = false                                  {pd product} {ergonomic}
     bool UseLargePagesIndividualAllocation        = false                                  {pd product} {ergonomic}
     bool UseSerialGC                              = true                                      {product} {ergonomic}

Logging:
Log output configuration:
 #0: stdout all=warning uptime,level,tags
 #1: stderr all=off uptime,level,tags

Environment Variables:
PATH=C:\Program Files (x86)\Eclipse Adoptium\jre-11.0.21.9-hotspot\bin;C:\Program Files (x86)\Eclipse Adoptium\jdk-11.0.21.9-hotspot\bin;C:\Program Files (x86)\VMware\VMware Player\bin\;C:\Windows\system32;C:\Windows;C:\Windows\System32\Wbem;C:\Windows\System32\WindowsPowerShell\v1.0\;C:\Windows\System32\OpenSSH\;C:\Program Files (x86)\NVIDIA Corporation\PhysX\Common;C:\Program Files\NVIDIA Corporation\NVIDIA NvDLISR;C:\WINDOWS\system32;C:\WINDOWS;C:\WINDOWS\System32\Wbem;C:\WINDOWS\System32\WindowsPowerShell\v1.0\;C:\WINDOWS\System32\OpenSSH\;C:\Program Files\Git\cmd;C:\Users\luigu\AppData\Local\Microsoft\WindowsApps;C:\Users\luigu\AppData\Local\Programs\Microsoft VS Code\bin;C:\Users\luigu\AppData\Local\JetBrains\Toolbox\scripts;C:\Users\luigu\AppData\Local\GitHubDesktop\bin
USERNAME=luigu
OS=Windows_NT
PROCESSOR_IDENTIFIER=Intel64 Family 6 Model 154 Stepping 3, GenuineIntel
TMP=C:\Users\luigu\AppData\Local\Temp
TEMP=C:\Users\luigu\AppData\Local\Temp



---------------  S Y S T E M  ---------------

OS: Windows 11 , 64 bit Build 22621 (10.0.22621.3374)
OS uptime: 0 days 1:22 hours

CPU:total 12 (initial active 12) (6 cores per cpu, 2 threads per core) family 6 model 154 stepping 3 microcode 0x419, cmov, cx8, fxsr, mmx, sse, sse2, sse3, ssse3, sse4.1, sse4.2, popcnt, avx, avx2, aes, clmul, erms, 3dnowpref, lzcnt, ht, tsc, tscinvbit, bmi1, bmi2, adx, sha, fma

Memory: 4k page, system-wide physical 7917M (1016M free)
TotalPageFile size 19693M (AvailPageFile size 8053M), user-mode portion of virtual address-space 2047M (1235M free)
current process WorkingSet (physical memory assigned to process): 258M, peak: 266M
current process commit charge ("private bytes"): 271M, peak: 276M

vm_info: OpenJDK Client VM (11.0.21+9) for windows-x86 JRE (11.0.21+9), built on Oct 17 2023 17:27:10 by "" with MS VC++ 15.9 (VS2017)

END.
