#
# A fatal error has been detected by the Java Runtime Environment:
#
#  EXCEPTION_ACCESS_VIOLATION (0xc0000005) at pc=0x671f6c62, pid=1612, tid=21340
#
# JRE version: OpenJDK Runtime Environment Temurin-11.0.21+9 (11.0.21+9) (build 11.0.21+9)
# Java VM: OpenJDK Client VM Temurin-11.0.21+9 (11.0.21+9, mixed mode, serial gc, windows-x86)
# Problematic frame:
# C  [glass.dll+0x16c62]
#
# No core dump will be written. Minidumps are not enabled by default on client versions of Windows
#
# If you would like to submit a bug report, please visit:
#   https://github.com/adoptium/adoptium-support/issues
# The crash happened outside the Java Virtual Machine in native code.
# See problematic frame for where to report the bug.
#

---------------  S U M M A R Y ------------

Command Line: -javaagent:C:\Users\luigu\AppData\Local\Programs\IntelliJ IDEA Ultimate\lib\idea_rt.jar=51715:C:\Users\luigu\AppData\Local\Programs\IntelliJ IDEA Ultimate\bin -Dfile.encoding=UTF-8 --module-path=C:\Users\luigu\.m2\repository\org\openjfx\javafx-fxml\17.0.6\javafx-fxml-17.0.6-win-x86.jar;C:\Users\luigu\.m2\repository\net\synedra\validatorfx\0.4.0\validatorfx-0.4.0.jar;C:\Users\luigu\IdeaProjects\Joyeria_ProyectoMult\target\classes;C:\Users\luigu\.m2\repository\org\openjfx\javafx-controls\17.0.6\javafx-controls-17.0.6-win-x86.jar;C:\Users\luigu\.m2\repository\com\dlsc\formsfx\formsfx-core\11.6.0\formsfx-core-11.6.0.jar;C:\Users\luigu\.m2\repository\org\kordamp\bootstrapfx\bootstrapfx-core\0.4.0\bootstrapfx-core-0.4.0.jar;C:\Users\luigu\.m2\repository\org\controlsfx\controlsfx\11.1.2\controlsfx-11.1.2.jar;C:\Users\luigu\.m2\repository\org\openjfx\javafx-base\17.0.6\javafx-base-17.0.6-win-x86.jar;C:\Users\luigu\.m2\repository\org\openjfx\javafx-graphics\17.0.6\javafx-graphics-17.0.6-win-x86.jar -Djdk.module.main=com.eduard034.joyeria_proyectomult com.eduard034.joyeria_proyectomult/com.eduard034.joyeria_proyectomult.JoyeriaApp

Host: 12th Gen Intel(R) Core(TM) i5-12450H, 12 cores, 7G,  Windows 11 , 64 bit Build 22621 (10.0.22621.3374)
Time: Wed Apr 10 05:43:06 2024 Hora estándar central (México) elapsed time: 17.048927 seconds (0d 0h 0m 17s)

---------------  T H R E A D  ---------------

Current thread (0x15c1b400):  JavaThread "JavaFX Application Thread" [_thread_in_native, id=21340, stack(0x19050000,0x190a0000)]

Stack: [0x19050000,0x190a0000],  sp=0x1909e8dc,  free space=314k
Native frames: (J=compiled Java code, A=aot compiled Java code, j=interpreted, Vv=VM code, C=native code)
C  [glass.dll+0x16c62]

Java frames: (J=compiled Java code, j=interpreted, Vv=VM code)
j  com.sun.glass.ui.win.WinWindow._close(J)Z+0 javafx.graphics
j  com.sun.glass.ui.Window.close()V+63 javafx.graphics
j  com.sun.glass.ui.win.WinWindow.close()V+8 javafx.graphics
j  com.sun.glass.ui.Application.terminate()V+75 javafx.graphics
j  com.sun.javafx.tk.quantum.QuantumToolkit.lambda$exit$13()Ljava/lang/Object;+5 javafx.graphics
j  com.sun.javafx.tk.quantum.QuantumToolkit$$Lambda$448.get()Ljava/lang/Object;+0 javafx.graphics
j  com.sun.javafx.tk.quantum.QuantumToolkit.runWithRenderLock(Ljava/util/function/Supplier;)Ljava/lang/Object;+7 javafx.graphics
j  com.sun.javafx.tk.quantum.QuantumToolkit.exit()V+26 javafx.graphics
j  com.sun.javafx.application.PlatformImpl.lambda$tkExit$16()V+3 javafx.graphics
j  com.sun.javafx.application.PlatformImpl$$Lambda$447.run()V+0 javafx.graphics
j  com.sun.javafx.application.PlatformImpl.lambda$runAndWait$12(Ljava/lang/Runnable;Ljava/util/concurrent/CountDownLatch;)V+1 javafx.graphics
j  com.sun.javafx.application.PlatformImpl$$Lambda$87.run()V+8 javafx.graphics
j  com.sun.javafx.application.PlatformImpl.lambda$runLater$10(Ljava/lang/Runnable;)Ljava/lang/Void;+1 javafx.graphics
j  com.sun.javafx.application.PlatformImpl$$Lambda$90.run()Ljava/lang/Object;+4 javafx.graphics
v  ~StubRoutines::call_stub
J 1322  java.security.AccessController.doPrivileged(Ljava/security/PrivilegedAction;Ljava/security/AccessControlContext;)Ljava/lang/Object; java.base@11.0.21 (0 bytes) @ 0x026a6cc7 [0x026a6c60+0x00000067]
j  com.sun.javafx.application.PlatformImpl.lambda$runLater$11(Ljava/lang/Runnable;Ljava/security/AccessControlContext;)V+7 javafx.graphics
j  com.sun.javafx.application.PlatformImpl$$Lambda$88.run()V+8 javafx.graphics
j  com.sun.glass.ui.InvokeLaterDispatcher$Future.run()V+4 javafx.graphics
v  ~StubRoutines::call_stub
j  com.sun.glass.ui.win.WinApplication._runLoop(Ljava/lang/Runnable;)V+0 javafx.graphics
j  com.sun.glass.ui.win.WinApplication.lambda$runLoop$3(ILjava/lang/Runnable;)V+8 javafx.graphics
j  com.sun.glass.ui.win.WinApplication$$Lambda$78.run()V+12 javafx.graphics
j  java.lang.Thread.run()V+11 java.base@11.0.21
v  ~StubRoutines::call_stub

siginfo: EXCEPTION_ACCESS_VIOLATION (0xc0000005), reading address 0x000000b8


Register to memory mapping:

EIP=0x671f6c62 glass.dll
EAX=0x0 is NULL
EBX=0x1909eb10 is pointing into the stack for thread: 0x15c1b400
ECX=0x0 is NULL
EDX=0x0 is NULL
ESP=0x1909e8dc is pointing into the stack for thread: 0x15c1b400
EBP=0x1909e908 is pointing into the stack for thread: 0x15c1b400
ESI=0x00000401 is an unknown value
EDI=0x0 is NULL


Registers:
EAX=0x00000000, EBX=0x1909eb10, ECX=0x00000000, EDX=0x00000000
ESP=0x1909e8dc, EBP=0x1909e908, ESI=0x00000401, EDI=0x00000000
EIP=0x671f6c62, EFLAGS=0x00010202

Top of Stack: (sp=0x1909e8dc)
0x1909e8dc:   1909eb10 00000401 1909eb10 671e8df8
0x1909e8ec:   3b10e72f 15b610d0 002c01e8 00000401
0x1909e8fc:   1909ea3c 672002b0 ffffffff 00000000
0x1909e90c:   671e1755 00000401 1909eb10 00000000
0x1909e91c:   00000401 002c01e8 1909e954 671e16f0
0x1909e92c:   750d30b3 002c01e8 00000401 1909eb10
0x1909e93c:   00000000 002c01e8 dcbaabcd 671e16f0
0x1909e94c:   00000401 002c01e8 1909ea4c 750c3ef6 

Instructions: (pc=0x671f6c62)
0x671f6b62:   21 56 e8 47 42 00 00 ff 35 e8 03 21 67 8b f0 ff
0x671f6b72:   77 68 56 e8 96 de fe ff 56 e8 a0 41 00 00 83 c4
0x671f6b82:   10 5e c7 05 a4 03 21 67 00 00 00 00 5f c3 83 ec
0x671f6b92:   24 a1 ec e0 20 67 33 c4 89 44 24 20 8b 44 24 28
0x671f6ba2:   53 89 44 24 04 8b d9 8b 44 24 30 89 44 24 08 8b
0x671f6bb2:   44 24 38 55 89 44 24 10 8b 44 24 38 56 89 83 84
0x671f6bc2:   00 00 00 8b 44 24 0c 89 5c 24 18 bb 00 00 00 80
0x671f6bd2:   8b eb 8b f3 57 8b fb 85 c0 79 29 8d 44 24 20 50
0x671f6be2:   e8 29 aa fe ff 83 c4 04 85 c0 8b 44 24 10 74 14
0x671f6bf2:   8b 74 24 28 8b 5c 24 20 2b f3 8b 7c 24 2c 8b 6c
0x671f6c02:   24 24 2b fd 6a 00 50 ff 74 24 1c 68 d8 23 20 67
0x671f6c12:   57 56 8b 74 24 34 8b ce 55 53 ff 74 24 38 e8 db
0x671f6c22:   a7 fe ff 8b f8 8d 4e 14 57 e8 40 64 00 00 57 8d
0x671f6c32:   4e 14 e8 c7 64 00 00 8b 4c 24 30 8b c7 5f 5e 5d
0x671f6c42:   5b 33 cc e8 ae 7a 00 00 83 c4 24 c2 10 00 53 8b
0x671f6c52:   d9 56 57 ff 73 08 e8 93 a9 fe ff 8b f8 83 c4 04
0x671f6c62:   8b 87 b8 00 00 00 85 c0 75 03 8b 47 04 3b 05 a4
0x671f6c72:   03 21 67 75 29 e8 34 41 00 00 ff 35 e8 03 21 67
0x671f6c82:   8b f0 ff 77 68 56 e8 83 dd fe ff 56 e8 8d 40 00
0x671f6c92:   00 83 c4 10 c7 05 a4 03 21 67 00 00 00 00 8d 4f
0x671f6ca2:   14 e8 b8 69 00 00 8d 4f 14 e8 e0 69 00 00 ff 73
0x671f6cb2:   08 ff 15 f8 fe 20 67 85 c0 5f 0f 95 c0 5e 88 43
0x671f6cc2:   04 5b c3 cc cc cc cc cc cc cc cc cc cc cc 55 8b
0x671f6cd2:   ec 6a ff 68 f7 11 20 67 64 a1 00 00 00 00 50 83
0x671f6ce2:   ec 08 53 56 57 a1 ec e0 20 67 33 c5 50 8d 45 f4
0x671f6cf2:   64 a3 00 00 00 00 8b f9 ff 77 18 ff 15 60 ff 20
0x671f6d02:   67 85 c0 75 13 0f 57 c0 66 0f 13 45 ec 8b 55 f0
0x671f6d12:   8b 45 ec e9 a7 00 00 00 68 dc 00 00 00 e8 96 79
0x671f6d22:   00 00 83 c4 04 89 45 f0 c7 45 fc 00 00 00 00 85
0x671f6d32:   c0 74 19 ff 77 18 8b c8 6a 01 6a 00 6a 00 6a 00
0x671f6d42:   ff 77 10 e8 a6 f9 ff ff 8b d8 eb 02 33 db ff 77
0x671f6d52:   18 8b cb c7 45 fc ff ff ff ff 6a 00 68 00 00 10 


Stack slot to memory mapping:
stack at sp + 0 slots: 0x1909eb10 is pointing into the stack for thread: 0x15c1b400
stack at sp + 1 slots: 0x00000401 is an unknown value
stack at sp + 2 slots: 0x1909eb10 is pointing into the stack for thread: 0x15c1b400
stack at sp + 3 slots: 0x671e8df8 glass.dll
stack at sp + 4 slots: 0x3b10e72f is an unknown value
stack at sp + 5 slots: 0x15b610d0 points into unknown readable memory: 0x6720319c | 9c 31 20 67
stack at sp + 6 slots: 0x002c01e8 is an unknown value
stack at sp + 7 slots: 0x00000401 is an unknown value


---------------  P R O C E S S  ---------------

Threads class SMR info:
_java_thread_list=0x160bcf00, length=17, elements={
0x00dff800, 0x00ed8800, 0x00eb6000, 0x00ed4800,
0x14c9f800, 0x14ca0000, 0x14ca1000, 0x14ca4400,
0x14d10000, 0x14e6c000, 0x154c2800, 0x15c1ac00,
0x15c1b400, 0x15dab000, 0x15ddc400, 0x15ed1c00,
0x20579c00
}

Java Threads: ( => current thread )
  0x00dff800 JavaThread "main" [_thread_blocked, id=16800, stack(0x00910000,0x00960000)]
  0x00ed8800 JavaThread "Reference Handler" daemon [_thread_blocked, id=6324, stack(0x14a60000,0x14ab0000)]
  0x00eb6000 JavaThread "Finalizer" daemon [_thread_blocked, id=5292, stack(0x14af0000,0x14b40000)]
  0x00ed4800 JavaThread "Signal Dispatcher" daemon [_thread_blocked, id=2772, stack(0x14eb0000,0x14f00000)]
  0x14c9f800 JavaThread "Attach Listener" daemon [_thread_blocked, id=17800, stack(0x14f40000,0x14f90000)]
  0x14ca0000 JavaThread "Service Thread" daemon [_thread_blocked, id=10692, stack(0x14fd0000,0x15020000)]
  0x14ca1000 JavaThread "C1 CompilerThread0" daemon [_thread_blocked, id=12980, stack(0x15060000,0x150b0000)]
  0x14ca4400 JavaThread "Sweeper thread" daemon [_thread_blocked, id=10836, stack(0x150f0000,0x15140000)]
  0x14d10000 JavaThread "Common-Cleaner" daemon [_thread_blocked, id=5396, stack(0x15180000,0x151d0000)]
  0x14e6c000 JavaThread "Monitor Ctrl-Break" daemon [_thread_in_native, id=5480, stack(0x15620000,0x15670000)]
  0x154c2800 JavaThread "QuantumRenderer-0" daemon [_thread_blocked, id=9220, stack(0x15940000,0x15990000)]
  0x15c1ac00 JavaThread "InvokeLaterDispatcher" daemon [_thread_blocked, id=8716, stack(0x18ec0000,0x18f10000)]
=>0x15c1b400 JavaThread "JavaFX Application Thread" [_thread_in_native, id=21340, stack(0x19050000,0x190a0000)]
  0x15dab000 JavaThread "JavaFX-Launcher" [_thread_blocked, id=6488, stack(0x1d650000,0x1d6a0000)]
  0x15ddc400 JavaThread "Thread-2" daemon [_thread_in_native, id=10592, stack(0x1d5c0000,0x1d610000)]
  0x15ed1c00 JavaThread "Prism Font Disposer" daemon [_thread_blocked, id=16944, stack(0x1ec80000,0x1ecd0000)]
  0x20579c00 JavaThread "Cleaner-0" daemon [_thread_blocked, id=3116, stack(0x21ea0000,0x21ef0000)]

Other Threads:
  0x00eb3c00 VMThread "VM Thread" [stack: 0x04570000,0x045c0000] [id=5848]
  0x14e6d000 WatcherThread [stack: 0x156b0000,0x15700000] [id=6848]

Threads with active compile tasks:

VM state:not at safepoint (normal execution)

VM Mutex/Monitor currently owned by a thread: None

Heap:
 def new generation   total 16704K, used 315K [0x04600000, 0x05820000, 0x09b50000)
  eden space 14848K,   2% used [0x04600000, 0x0464edc8, 0x05480000)
  from space 1856K,   0% used [0x05480000, 0x05480000, 0x05650000)
  to   space 1856K,   0% used [0x05650000, 0x05650000, 0x05820000)
 tenured generation   total 37060K, used 22235K [0x09b50000, 0x0bf81000, 0x14600000)
   the space 37060K,  59% used [0x09b50000, 0x0b106cd0, 0x0b106e00, 0x0bf81000)
 Metaspace       used 14787K, capacity 15070K, committed 15360K, reserved 15744K

Card table byte_map: [0x044a0000,0x04530000] _byte_map_base: 0x0447d000

Polling page: 0x005f0000

Metaspace:

Usage:
   14.72 MB capacity,    14.44 MB ( 98%) used,   201.45 KB (  1%) free+waste,    81.33 KB ( <1%) overhead. 

Virtual space:
     15.38 MB reserved,      15.00 MB ( 98%) committed 

Chunk freelists:
289.50 KB

MaxMetaspaceSize: 4.00 GB
No class space
Initial GC threshold: 12.00 MB
Current GC threshold: 25.00 MB
CDS: off

CodeCache: size=32768Kb used=2617Kb max_used=2617Kb free=30151Kb
 bounds [0x024a0000, 0x02730000, 0x044a0000]
 total_blobs=2247 nmethods=1820 adapters=359
 compilation: enabled
              stopped_count=0, restarted_count=0
 full_count=0

Compilation events (20 events):
Event: 16.908 Thread 0x14ca1000 1811             jdk.internal.org.objectweb.asm.MethodWriter::visitLabel (321 bytes)
Event: 16.908 Thread 0x14ca1000 nmethod 1811 0x02728e48 code [0x02728fa0, 0x02729344]
Event: 16.908 Thread 0x14ca1000 1812             jdk.internal.org.objectweb.asm.MethodWriter::noSuccessor (95 bytes)
Event: 16.908 Thread 0x14ca1000 nmethod 1812 0x02729548 code [0x02729670, 0x0272985c]
Event: 16.908 Thread 0x14ca1000 1813             jdk.internal.org.objectweb.asm.MethodWriter::visitEnd (1 bytes)
Event: 16.908 Thread 0x14ca1000 nmethod 1813 0x02729948 code [0x02729a50, 0x02729ad0]
Event: 16.908 Thread 0x14ca1000 1814             jdk.internal.org.objectweb.asm.MethodWriter::getSize (838 bytes)
Event: 16.909 Thread 0x14ca1000 nmethod 1814 0x02729b08 code [0x02729de0, 0x0272a864]
Event: 16.937 Thread 0x14ca1000 1815             jdk.internal.misc.VM::initLevel (4 bytes)
Event: 16.937 Thread 0x14ca1000 nmethod 1815 0x0272b448 code [0x0272b550, 0x0272b5d0]
Event: 16.937 Thread 0x14ca1000 1816             sun.nio.cs.UTF_8$Encoder::encodeArrayLoop (489 bytes)
Event: 16.939 Thread 0x14ca1000 nmethod 1816 0x0272b608 code [0x0272b990, 0x0272c744]
Event: 16.959 Thread 0x14ca1000 1817             java.util.HashSet::contains (9 bytes)
Event: 16.959 Thread 0x14ca1000 nmethod 1817 0x0272d308 code [0x0272d420, 0x0272d4bc]
Event: 16.959 Thread 0x14ca1000 1818             jdk.internal.misc.VM::isModuleSystemInited (13 bytes)
Event: 16.959 Thread 0x14ca1000 nmethod 1818 0x0272d508 code [0x0272d610, 0x0272d6a0]
Event: 16.959 Thread 0x14ca1000 1819             java.nio.charset.CoderResult::isUnderflow (13 bytes)
Event: 16.959 Thread 0x14ca1000 nmethod 1819 0x0272d708 code [0x0272d810, 0x0272d8a0]
Event: 17.025 Thread 0x14ca1000 1820   !         java.lang.ref.Reference::processPendingReferences (132 bytes)
Event: 17.025 Thread 0x14ca1000 nmethod 1820 0x0272d908 code [0x0272dac0, 0x0272e18c]

GC Heap History (20 events):
Event: 0.822 GC heap before
{Heap before GC invocations=4 (full 0):
 def new generation   total 4928K, used 4642K [0x04600000, 0x04b50000, 0x09b50000)
  eden space 4416K, 100% used [0x04600000, 0x04a50000, 0x04a50000)
  from space 512K,  44% used [0x04a50000, 0x04a88a08, 0x04ad0000)
  to   space 512K,   0% used [0x04ad0000, 0x04ad0000, 0x04b50000)
 tenured generation   total 10944K, used 1815K [0x09b50000, 0x0a600000, 0x14600000)
   the space 10944K,  16% used [0x09b50000, 0x09d15de0, 0x09d15e00, 0x0a600000)
 Metaspace       used 7704K, capacity 7809K, committed 7936K, reserved 8576K
}
Event: 0.823 GC heap after
{Heap after GC invocations=5 (full 0):
 def new generation   total 4928K, used 414K [0x04600000, 0x04b50000, 0x09b50000)
  eden space 4416K,   0% used [0x04600000, 0x04600000, 0x04a50000)
  from space 512K,  81% used [0x04ad0000, 0x04b37bc0, 0x04b50000)
  to   space 512K,   0% used [0x04a50000, 0x04a50000, 0x04ad0000)
 tenured generation   total 10944K, used 2263K [0x09b50000, 0x0a600000, 0x14600000)
   the space 10944K,  20% used [0x09b50000, 0x09d85df0, 0x09d85e00, 0x0a600000)
 Metaspace       used 7704K, capacity 7809K, committed 7936K, reserved 8576K
}
Event: 0.885 GC heap before
{Heap before GC invocations=5 (full 0):
 def new generation   total 4928K, used 4816K [0x04600000, 0x04b50000, 0x09b50000)
  eden space 4416K,  99% used [0x04600000, 0x04a4c688, 0x04a50000)
  from space 512K,  81% used [0x04ad0000, 0x04b37bc0, 0x04b50000)
  to   space 512K,   0% used [0x04a50000, 0x04a50000, 0x04ad0000)
 tenured generation   total 10944K, used 2263K [0x09b50000, 0x0a600000, 0x14600000)
   the space 10944K,  20% used [0x09b50000, 0x09d85df0, 0x09d85e00, 0x0a600000)
 Metaspace       used 8878K, capacity 8989K, committed 9088K, reserved 9600K
}
Event: 0.887 GC heap after
{Heap after GC invocations=6 (full 0):
 def new generation   total 4928K, used 512K [0x04600000, 0x04b50000, 0x09b50000)
  eden space 4416K,   0% used [0x04600000, 0x04600000, 0x04a50000)
  from space 512K, 100% used [0x04a50000, 0x04ad0000, 0x04ad0000)
  to   space 512K,   0% used [0x04ad0000, 0x04ad0000, 0x04b50000)
 tenured generation   total 10944K, used 2809K [0x09b50000, 0x0a600000, 0x14600000)
   the space 10944K,  25% used [0x09b50000, 0x09e0e578, 0x09e0e600, 0x0a600000)
 Metaspace       used 8878K, capacity 8989K, committed 9088K, reserved 9600K
}
Event: 0.959 GC heap before
{Heap before GC invocations=6 (full 0):
 def new generation   total 4928K, used 4928K [0x04600000, 0x04b50000, 0x09b50000)
  eden space 4416K, 100% used [0x04600000, 0x04a50000, 0x04a50000)
  from space 512K, 100% used [0x04a50000, 0x04ad0000, 0x04ad0000)
  to   space 512K,   0% used [0x04ad0000, 0x04ad0000, 0x04b50000)
 tenured generation   total 10944K, used 2809K [0x09b50000, 0x0a600000, 0x14600000)
   the space 10944K,  25% used [0x09b50000, 0x09e0e578, 0x09e0e600, 0x0a600000)
 Metaspace       used 10559K, capacity 10734K, committed 10752K, reserved 11648K
}
Event: 0.962 GC heap after
{Heap after GC invocations=7 (full 0):
 def new generation   total 4928K, used 512K [0x04600000, 0x04b50000, 0x09b50000)
  eden space 4416K,   0% used [0x04600000, 0x04600000, 0x04a50000)
  from space 512K, 100% used [0x04ad0000, 0x04b50000, 0x04b50000)
  to   space 512K,   0% used [0x04a50000, 0x04a50000, 0x04ad0000)
 tenured generation   total 10944K, used 3737K [0x09b50000, 0x0a600000, 0x14600000)
   the space 10944K,  34% used [0x09b50000, 0x09ef6680, 0x09ef6800, 0x0a600000)
 Metaspace       used 10559K, capacity 10734K, committed 10752K, reserved 11648K
}
Event: 1.027 GC heap before
{Heap before GC invocations=7 (full 0):
 def new generation   total 4928K, used 4928K [0x04600000, 0x04b50000, 0x09b50000)
  eden space 4416K, 100% used [0x04600000, 0x04a50000, 0x04a50000)
  from space 512K, 100% used [0x04ad0000, 0x04b50000, 0x04b50000)
  to   space 512K,   0% used [0x04a50000, 0x04a50000, 0x04ad0000)
 tenured generation   total 10944K, used 3737K [0x09b50000, 0x0a600000, 0x14600000)
   the space 10944K,  34% used [0x09b50000, 0x09ef6680, 0x09ef6800, 0x0a600000)
 Metaspace       used 11343K, capacity 11510K, committed 11520K, reserved 11648K
}
Event: 1.029 GC heap after
{Heap after GC invocations=8 (full 0):
 def new generation   total 4928K, used 512K [0x04600000, 0x04b50000, 0x09b50000)
  eden space 4416K,   0% used [0x04600000, 0x04600000, 0x04a50000)
  from space 512K, 100% used [0x04a50000, 0x04ad0000, 0x04ad0000)
  to   space 512K,   0% used [0x04ad0000, 0x04ad0000, 0x04b50000)
 tenured generation   total 10944K, used 4237K [0x09b50000, 0x0a600000, 0x14600000)
   the space 10944K,  38% used [0x09b50000, 0x09f737d0, 0x09f73800, 0x0a600000)
 Metaspace       used 11343K, capacity 11510K, committed 11520K, reserved 11648K
}
Event: 1.105 GC heap before
{Heap before GC invocations=8 (full 0):
 def new generation   total 4928K, used 4928K [0x04600000, 0x04b50000, 0x09b50000)
  eden space 4416K, 100% used [0x04600000, 0x04a50000, 0x04a50000)
  from space 512K, 100% used [0x04a50000, 0x04ad0000, 0x04ad0000)
  to   space 512K,   0% used [0x04ad0000, 0x04ad0000, 0x04b50000)
 tenured generation   total 10944K, used 10468K [0x09b50000, 0x0a600000, 0x14600000)
   the space 10944K,  95% used [0x09b50000, 0x0a5891c8, 0x0a589200, 0x0a600000)
 Metaspace       used 11811K, capacity 12008K, committed 12032K, reserved 12672K
}
Event: 1.116 GC heap after
{Heap after GC invocations=9 (full 1):
 def new generation   total 8640K, used 404K [0x04600000, 0x04f60000, 0x09b50000)
  eden space 7680K,   5% used [0x04600000, 0x04665300, 0x04d80000)
  from space 960K,   0% used [0x04d80000, 0x04d80000, 0x04e70000)
  to   space 960K,   0% used [0x04e70000, 0x04e70000, 0x04f60000)
 tenured generation   total 19096K, used 11455K [0x09b50000, 0x0adf6000, 0x14600000)
   the space 19096K,  59% used [0x09b50000, 0x0a67fff0, 0x0a680000, 0x0adf6000)
 Metaspace       used 11811K, capacity 12008K, committed 12032K, reserved 12672K
}
Event: 1.286 GC heap before
{Heap before GC invocations=9 (full 1):
 def new generation   total 8640K, used 7680K [0x04600000, 0x04f60000, 0x09b50000)
  eden space 7680K, 100% used [0x04600000, 0x04d80000, 0x04d80000)
  from space 960K,   0% used [0x04d80000, 0x04d80000, 0x04e70000)
  to   space 960K,   0% used [0x04e70000, 0x04e70000, 0x04f60000)
 tenured generation   total 19096K, used 11455K [0x09b50000, 0x0adf6000, 0x14600000)
   the space 19096K,  59% used [0x09b50000, 0x0a67fff0, 0x0a680000, 0x0adf6000)
 Metaspace       used 12721K, capacity 12899K, committed 12928K, reserved 13696K
}
Event: 1.291 GC heap after
{Heap after GC invocations=10 (full 1):
 def new generation   total 8640K, used 959K [0x04600000, 0x04f60000, 0x09b50000)
  eden space 7680K,   0% used [0x04600000, 0x04600000, 0x04d80000)
  from space 960K,  99% used [0x04e70000, 0x04f5fff8, 0x04f60000)
  to   space 960K,   0% used [0x04d80000, 0x04d80000, 0x04e70000)
 tenured generation   total 19096K, used 11722K [0x09b50000, 0x0adf6000, 0x14600000)
   the space 19096K,  61% used [0x09b50000, 0x0a6c2a90, 0x0a6c2c00, 0x0adf6000)
 Metaspace       used 12721K, capacity 12899K, committed 12928K, reserved 13696K
}
Event: 1.371 GC heap before
{Heap before GC invocations=10 (full 1):
 def new generation   total 8640K, used 8639K [0x04600000, 0x04f60000, 0x09b50000)
  eden space 7680K, 100% used [0x04600000, 0x04d80000, 0x04d80000)
  from space 960K,  99% used [0x04e70000, 0x04f5fff8, 0x04f60000)
  to   space 960K,   0% used [0x04d80000, 0x04d80000, 0x04e70000)
 tenured generation   total 19096K, used 11722K [0x09b50000, 0x0adf6000, 0x14600000)
   the space 19096K,  61% used [0x09b50000, 0x0a6c2a90, 0x0a6c2c00, 0x0adf6000)
 Metaspace       used 13891K, capacity 14189K, committed 14208K, reserved 14720K
}
Event: 1.374 GC heap after
{Heap after GC invocations=11 (full 1):
 def new generation   total 8640K, used 571K [0x04600000, 0x04f60000, 0x09b50000)
  eden space 7680K,   0% used [0x04600000, 0x04600000, 0x04d80000)
  from space 960K,  59% used [0x04d80000, 0x04e0ee60, 0x04e70000)
  to   space 960K,   0% used [0x04e70000, 0x04e70000, 0x04f60000)
 tenured generation   total 19096K, used 12672K [0x09b50000, 0x0adf6000, 0x14600000)
   the space 19096K,  66% used [0x09b50000, 0x0a7b0178, 0x0a7b0200, 0x0adf6000)
 Metaspace       used 13891K, capacity 14189K, committed 14208K, reserved 14720K
}
Event: 2.632 GC heap before
{Heap before GC invocations=11 (full 1):
 def new generation   total 8640K, used 8251K [0x04600000, 0x04f60000, 0x09b50000)
  eden space 7680K, 100% used [0x04600000, 0x04d80000, 0x04d80000)
  from space 960K,  59% used [0x04d80000, 0x04e0ee60, 0x04e70000)
  to   space 960K,   0% used [0x04e70000, 0x04e70000, 0x04f60000)
 tenured generation   total 19096K, used 12672K [0x09b50000, 0x0adf6000, 0x14600000)
   the space 19096K,  66% used [0x09b50000, 0x0a7b0178, 0x0a7b0200, 0x0adf6000)
 Metaspace       used 14752K, capacity 15069K, committed 15104K, reserved 15744K
}
Event: 2.636 GC heap after
{Heap after GC invocations=12 (full 1):
 def new generation   total 8640K, used 960K [0x04600000, 0x04f60000, 0x09b50000)
  eden space 7680K,   0% used [0x04600000, 0x04600000, 0x04d80000)
  from space 960K, 100% used [0x04e70000, 0x04f60000, 0x04f60000)
  to   space 960K,   0% used [0x04d80000, 0x04d80000, 0x04e70000)
 tenured generation   total 19096K, used 14337K [0x09b50000, 0x0adf6000, 0x14600000)
   the space 19096K,  75% used [0x09b50000, 0x0a9507a8, 0x0a950800, 0x0adf6000)
 Metaspace       used 14752K, capacity 15069K, committed 15104K, reserved 15744K
}
Event: 15.598 GC heap before
{Heap before GC invocations=12 (full 1):
 def new generation   total 8640K, used 8640K [0x04600000, 0x04f60000, 0x09b50000)
  eden space 7680K, 100% used [0x04600000, 0x04d80000, 0x04d80000)
  from space 960K, 100% used [0x04e70000, 0x04f60000, 0x04f60000)
  to   space 960K,   0% used [0x04d80000, 0x04d80000, 0x04e70000)
 tenured generation   total 19096K, used 14337K [0x09b50000, 0x0adf6000, 0x14600000)
   the space 19096K,  75% used [0x09b50000, 0x0a9507a8, 0x0a950800, 0x0adf6000)
 Metaspace       used 14991K, capacity 15295K, committed 15360K, reserved 15744K
}
Event: 15.600 GC heap after
{Heap after GC invocations=13 (full 1):
 def new generation   total 8640K, used 520K [0x04600000, 0x04f60000, 0x09b50000)
  eden space 7680K,   0% used [0x04600000, 0x04600000, 0x04d80000)
  from space 960K,  54% used [0x04d80000, 0x04e023f8, 0x04e70000)
  to   space 960K,   0% used [0x04e70000, 0x04e70000, 0x04f60000)
 tenured generation   total 19096K, used 15288K [0x09b50000, 0x0adf6000, 0x14600000)
   the space 19096K,  80% used [0x09b50000, 0x0aa3e1a8, 0x0aa3e200, 0x0adf6000)
 Metaspace       used 14991K, capacity 15295K, committed 15360K, reserved 15744K
}
Event: 16.996 GC heap before
{Heap before GC invocations=13 (full 1):
 def new generation   total 8640K, used 8200K [0x04600000, 0x04f60000, 0x09b50000)
  eden space 7680K, 100% used [0x04600000, 0x04d80000, 0x04d80000)
  from space 960K,  54% used [0x04d80000, 0x04e023f8, 0x04e70000)
  to   space 960K,   0% used [0x04e70000, 0x04e70000, 0x04f60000)
 tenured generation   total 19096K, used 15288K [0x09b50000, 0x0adf6000, 0x14600000)
   the space 19096K,  80% used [0x09b50000, 0x0aa3e1a8, 0x0aa3e200, 0x0adf6000)
 Metaspace       used 15002K, capacity 15335K, committed 15360K, reserved 15744K
}
Event: 17.024 GC heap after
{Heap after GC invocations=14 (full 2):
 def new generation   total 16704K, used 0K [0x04600000, 0x05820000, 0x09b50000)
  eden space 14848K,   0% used [0x04600000, 0x04600000, 0x05480000)
  from space 1856K,   0% used [0x05480000, 0x05480000, 0x05650000)
  to   space 1856K,   0% used [0x05650000, 0x05650000, 0x05820000)
 tenured generation   total 37060K, used 22235K [0x09b50000, 0x0bf81000, 0x14600000)
   the space 37060K,  59% used [0x09b50000, 0x0b106cd0, 0x0b106e00, 0x0bf81000)
 Metaspace       used 14787K, capacity 15070K, committed 15360K, reserved 15744K
}

Deoptimization events (8 events):
Event: 1.266 Thread 0x15c1b400 DEOPT PACKING pc=0x025cee0f sp=0x1909e1c0
Event: 1.266 Thread 0x15c1b400 DEOPT UNPACKING pc=0x024dc187 sp=0x1909e0e0 mode 3
Event: 1.268 Thread 0x15c1b400 DEOPT PACKING pc=0x025fed31 sp=0x1909e340
Event: 1.268 Thread 0x15c1b400 DEOPT UNPACKING pc=0x024dc187 sp=0x1909e264 mode 3
Event: 1.368 Thread 0x15c1b400 DEOPT PACKING pc=0x0264218c sp=0x1909e330
Event: 1.368 Thread 0x15c1b400 DEOPT UNPACKING pc=0x024dc187 sp=0x1909e1e0 mode 3
Event: 5.930 Thread 0x154c2800 DEOPT PACKING pc=0x026c987d sp=0x1598ed20
Event: 5.930 Thread 0x154c2800 DEOPT UNPACKING pc=0x024dc187 sp=0x1598ec4c mode 3

Classes redefined (0 events):
No events

Internal exceptions (20 events):
Event: 1.268 Thread 0x15c1b400 Implicit null exception at 0x025fda4c to 0x025fed2c
Event: 1.312 Thread 0x15c1b400 Exception <a 'java/lang/ClassNotFoundException'{0x047b7568}: com/sun/javafx/scene/control/skin/resources/controls> (0x047b7568) thrown at [s\src\hotspot\share\prims\jni.cpp, line 638]
Event: 1.312 Thread 0x15c1b400 Exception <a 'java/lang/ClassNotFoundException'{0x047c6a28}: com/sun/javafx/scene/control/skin/resources/controls_es> (0x047c6a28) thrown at [s\src\hotspot\share\prims\jni.cpp, line 638]
Event: 1.312 Thread 0x15c1b400 Exception <a 'java/lang/ClassNotFoundException'{0x047d3c28}: com/sun/javafx/scene/control/skin/resources/controls_es_MX> (0x047d3c28) thrown at [s\src\hotspot\share\prims\jni.cpp, line 638]
Event: 1.331 Thread 0x15c1b400 Exception <a 'java/lang/NoSuchMethodError'{0x04973150}: 'void java.lang.invoke.DirectMethodHandle$Holder.invokeSpecial(java.lang.Object, java.lang.Object, java.lang.Object, java.lang.Object, java.lang.Object, java.lang.Object)'> (0x04973150) thrown at [s\src\hotspot\share\interpreter\linkResolver.cpp, line 773]
Event: 1.347 Thread 0x15c1b400 Exception <a 'java/lang/NoSuchMethodError'{0x04bcf218}: 'java.lang.Object java.lang.invoke.DirectMethodHandle$Holder.invokeInterface(java.lang.Object, java.lang.Object, java.lang.Object)'> (0x04bcf218) thrown at [s\src\hotspot\share\interpreter\linkResolver.cpp, line 773]
Event: 1.347 Thread 0x15c1b400 Exception <a 'java/lang/IncompatibleClassChangeError'{0x04bd1fd8}: Found class java.lang.Object, but interface was expected> (0x04bd1fd8) thrown at [s\src\hotspot\share\interpreter\linkResolver.cpp, line 839]
Event: 1.397 Thread 0x154c2800 Exception <a 'java/lang/NoSuchMethodError'{0x046d7428}: 'int java.lang.invoke.DirectMethodHandle$Holder.invokeStaticInit(java.lang.Object, java.lang.Object)'> (0x046d7428) thrown at [s\src\hotspot\share\interpreter\linkResolver.cpp, line 773]
Event: 1.402 Thread 0x15c1b400 Exception <a 'java/lang/NoSuchMethodError'{0x0471fe78}: 'long java.lang.invoke.DirectMethodHandle$Holder.invokeStaticInit(java.lang.Object, java.lang.Object, java.lang.Object)'> (0x0471fe78) thrown at [s\src\hotspot\share\interpreter\linkResolver.cpp, line 773]
Event: 1.403 Thread 0x15c1b400 Exception <a 'java/lang/NoSuchMethodError'{0x04762e20}: 'java.lang.Object java.lang.invoke.DirectMethodHandle$Holder.invokeStatic(java.lang.Object, java.lang.Object, long)'> (0x04762e20) thrown at [s\src\hotspot\share\interpreter\linkResolver.cpp, line 773]
Event: 1.403 Thread 0x15c1b400 Exception <a 'java/lang/NoSuchMethodError'{0x04768870}: 'java.lang.Object java.lang.invoke.Invokers$Holder.linkToTargetMethod(java.lang.Object, long, java.lang.Object)'> (0x04768870) thrown at [s\src\hotspot\share\interpreter\linkResolver.cpp, line 773]
Event: 2.578 Thread 0x15c1b400 Exception <a 'java/io/FileNotFoundException'{0x04c69578}> (0x04c69578) thrown at [s\src\hotspot\share\prims\jni.cpp, line 617]
Event: 2.601 Thread 0x15c1b400 Exception <a 'java/io/FileNotFoundException'{0x04cb9d80}> (0x04cb9d80) thrown at [s\src\hotspot\share\prims\jni.cpp, line 617]
Event: 4.251 Thread 0x15c1b400 Exception <a 'java/lang/NoSuchMethodError'{0x048954c0}: 'java.lang.Object java.lang.invoke.DirectMethodHandle$Holder.invokeStatic(java.lang.Object, java.lang.Object, int, int, int, int, int, java.lang.Object)'> (0x048954c0) thrown at [s\src\hotspot\share\interpreter\linkResolver.cpp, line 773]
Event: 4.253 Thread 0x15c1b400 Exception <a 'java/lang/NoSuchMethodError'{0x048a52e8}: 'java.lang.Object java.lang.invoke.DirectMethodHandle$Holder.invokeStatic(java.lang.Object, java.lang.Object, java.lang.Object, int, int, int, int, int)'> (0x048a52e8) thrown at [s\src\hotspot\share\interpreter\linkResolver.cpp, line 773]
Event: 4.254 Thread 0x15c1b400 Exception <a 'java/lang/NoSuchMethodError'{0x048abb48}: 'java.lang.Object java.lang.invoke.Invokers$Holder.linkToTargetMethod(java.lang.Object, java.lang.Object, int, int, int, int, int, java.lang.Object)'> (0x048abb48) thrown at [s\src\hotspot\share\interpreter\linkResolver.cpp, line 773]
Event: 16.936 Thread 0x15c1b400 Exception <a 'java/lang/IllegalArgumentException'{0x04d494d0}> (0x04d494d0) thrown at [s\src\hotspot\share\prims\jvm.cpp, line 1310]
Event: 16.958 Thread 0x15c1b400 Exception <a 'java/lang/IllegalArgumentException'{0x04d64270}> (0x04d64270) thrown at [s\src\hotspot\share\prims\jvm.cpp, line 1310]
Event: 16.970 Thread 0x15c1b400 Exception <a 'java/lang/IllegalArgumentException'{0x04d6fc30}> (0x04d6fc30) thrown at [s\src\hotspot\share\prims\jvm.cpp, line 1310]
Event: 16.996 Thread 0x15c1b400 Exception <a 'java/lang/IllegalArgumentException'{0x04d7b600}> (0x04d7b600) thrown at [s\src\hotspot\share\prims\jvm.cpp, line 1310]

Events (20 events):
Event: 13.671 loading class com/sun/javafx/tk/quantum/ViewScene
Event: 13.671 loading class com/sun/javafx/tk/quantum/ViewScene done
Event: 13.672 loading class com/sun/javafx/tk/quantum/WindowStage
Event: 13.672 loading class com/sun/javafx/tk/quantum/WindowStage done
Event: 15.071 Executing VM operation: RevokeBias
Event: 15.071 Executing VM operation: RevokeBias done
Event: 15.598 Executing VM operation: GenCollectForAllocation
Event: 15.600 Executing VM operation: GenCollectForAllocation done
Event: 15.651 Executing VM operation: RevokeBias
Event: 15.651 Executing VM operation: RevokeBias done
Event: 16.908 loading class javafx/application/Application
Event: 16.908 loading class javafx/application/Application done
Event: 16.908 loading class javafx/application/Application
Event: 16.908 loading class javafx/application/Application done
Event: 16.936 loading class java/lang/Throwable$WrappedPrintStream
Event: 16.936 loading class java/lang/Throwable$PrintStreamOrWriter
Event: 16.936 loading class java/lang/Throwable$PrintStreamOrWriter done
Event: 16.936 loading class java/lang/Throwable$WrappedPrintStream done
Event: 16.996 Executing VM operation: GenCollectForAllocation
Event: 17.024 Executing VM operation: GenCollectForAllocation done


Dynamic libraries:
0x00f10000 - 0x00f1c000 	C:\Program Files (x86)\Eclipse Adoptium\jdk-11.0.21.9-hotspot\bin\java.exe
0x77180000 - 0x77331000 	C:\WINDOWS\SYSTEM32\ntdll.dll
0x763f0000 - 0x764e0000 	C:\WINDOWS\System32\KERNEL32.DLL
0x76640000 - 0x768b5000 	C:\WINDOWS\System32\KERNELBASE.dll
0x74c40000 - 0x74ce6000 	C:\WINDOWS\SYSTEM32\apphelp.dll
0x768c0000 - 0x769d2000 	C:\WINDOWS\System32\ucrtbase.dll
0x74890000 - 0x748a5000 	C:\Program Files (x86)\Eclipse Adoptium\jdk-11.0.21.9-hotspot\bin\jli.dll
0x748b0000 - 0x748c3000 	C:\Program Files (x86)\Eclipse Adoptium\jdk-11.0.21.9-hotspot\bin\VCRUNTIME140.dll
0x750a0000 - 0x75249000 	C:\WINDOWS\System32\USER32.dll
0x754e0000 - 0x754fa000 	C:\WINDOWS\System32\win32u.dll
0x76ce0000 - 0x76d03000 	C:\WINDOWS\System32\GDI32.dll
0x70f60000 - 0x71188000 	C:\WINDOWS\WinSxS\x86_microsoft.windows.common-controls_6595b64144ccf1df_6.0.22621.3235_none_6ebcabb88802389e\COMCTL32.dll
0x75df0000 - 0x75ed2000 	C:\WINDOWS\System32\gdi32full.dll
0x74e00000 - 0x74e79000 	C:\WINDOWS\System32\msvcp_win.dll
0x76570000 - 0x76634000 	C:\WINDOWS\System32\msvcrt.dll
0x75500000 - 0x75525000 	C:\WINDOWS\System32\IMM32.DLL
0x6def0000 - 0x6df5f000 	C:\Program Files (x86)\Eclipse Adoptium\jdk-11.0.21.9-hotspot\bin\msvcp140.dll
0x67ab0000 - 0x67f8b000 	C:\Program Files (x86)\Eclipse Adoptium\jdk-11.0.21.9-hotspot\bin\client\jvm.dll
0x75c70000 - 0x75cef000 	C:\WINDOWS\System32\ADVAPI32.dll
0x75530000 - 0x755b5000 	C:\WINDOWS\System32\sechost.dll
0x75080000 - 0x7509a000 	C:\WINDOWS\System32\bcrypt.dll
0x76d70000 - 0x76e2a000 	C:\WINDOWS\System32\RPCRT4.dll
0x77000000 - 0x77006000 	C:\WINDOWS\System32\PSAPI.DLL
0x74610000 - 0x74618000 	C:\WINDOWS\SYSTEM32\VERSION.dll
0x73ea0000 - 0x73ea8000 	C:\WINDOWS\SYSTEM32\WSOCK32.dll
0x74620000 - 0x74651000 	C:\WINDOWS\SYSTEM32\WINMM.dll
0x76d10000 - 0x76d6f000 	C:\WINDOWS\System32\WS2_32.dll
0x745c0000 - 0x745d3000 	C:\WINDOWS\SYSTEM32\kernel.appcore.dll
0x74c30000 - 0x74c3d000 	C:\Program Files (x86)\Eclipse Adoptium\jdk-11.0.21.9-hotspot\bin\verify.dll
0x68240000 - 0x68416000 	C:\WINDOWS\SYSTEM32\DBGHELP.DLL
0x76a60000 - 0x76cdc000 	C:\WINDOWS\System32\combase.dll
0x74fe0000 - 0x7507c000 	C:\WINDOWS\System32\OLEAUT32.dll
0x74860000 - 0x74889000 	C:\WINDOWS\SYSTEM32\dbgcore.DLL
0x75410000 - 0x75472000 	C:\WINDOWS\System32\bcryptPrimitives.dll
0x6dbc0000 - 0x6dbe2000 	C:\Program Files (x86)\Eclipse Adoptium\jdk-11.0.21.9-hotspot\bin\java.dll
0x74a30000 - 0x74a39000 	C:\Program Files (x86)\Eclipse Adoptium\jdk-11.0.21.9-hotspot\bin\jimage.dll
0x71830000 - 0x7183d000 	C:\Program Files (x86)\Eclipse Adoptium\jdk-11.0.21.9-hotspot\bin\instrument.dll
0x6dba0000 - 0x6dbb6000 	C:\Program Files (x86)\Eclipse Adoptium\jdk-11.0.21.9-hotspot\bin\zip.dll
0x755c0000 - 0x75c59000 	C:\WINDOWS\System32\SHELL32.dll
0x722c0000 - 0x729af000 	C:\WINDOWS\SYSTEM32\windows.storage.dll
0x721f0000 - 0x722b7000 	C:\WINDOWS\SYSTEM32\wintypes.dll
0x75ee0000 - 0x75fa1000 	C:\WINDOWS\System32\SHCORE.dll
0x77010000 - 0x7705b000 	C:\WINDOWS\System32\shlwapi.dll
0x73e40000 - 0x73e59000 	C:\WINDOWS\SYSTEM32\profapi.dll
0x6db80000 - 0x6db94000 	C:\Program Files (x86)\Eclipse Adoptium\jdk-11.0.21.9-hotspot\bin\net.dll
0x746e0000 - 0x747bc000 	C:\WINDOWS\SYSTEM32\WINHTTP.dll
0x720d0000 - 0x72121000 	C:\WINDOWS\system32\mswsock.dll
0x747f0000 - 0x747ff000 	C:\Program Files (x86)\Eclipse Adoptium\jdk-11.0.21.9-hotspot\bin\nio.dll
0x6da60000 - 0x6da76000 	C:\Users\luigu\AppData\Local\Programs\IntelliJ IDEA Ultimate\bin\breakgen.dll
0x6da50000 - 0x6da53000 	C:\Users\luigu\.openjfx\cache\17.0.6\api-ms-win-core-console-l1-1-0.dll
0x6da40000 - 0x6da43000 	C:\Users\luigu\.openjfx\cache\17.0.6\api-ms-win-core-console-l1-2-0.dll
0x6d1b0000 - 0x6d1b3000 	C:\Users\luigu\.openjfx\cache\17.0.6\api-ms-win-core-datetime-l1-1-0.dll
0x6cef0000 - 0x6cef3000 	C:\Users\luigu\.openjfx\cache\17.0.6\api-ms-win-core-debug-l1-1-0.dll
0x6cee0000 - 0x6cee3000 	C:\Users\luigu\.openjfx\cache\17.0.6\api-ms-win-core-errorhandling-l1-1-0.dll
0x6ced0000 - 0x6ced4000 	C:\Users\luigu\.openjfx\cache\17.0.6\api-ms-win-core-file-l1-1-0.dll
0x6cec0000 - 0x6cec3000 	C:\Users\luigu\.openjfx\cache\17.0.6\api-ms-win-core-file-l1-2-0.dll
0x6ceb0000 - 0x6ceb3000 	C:\Users\luigu\.openjfx\cache\17.0.6\api-ms-win-core-file-l2-1-0.dll
0x6cea0000 - 0x6cea3000 	C:\Users\luigu\.openjfx\cache\17.0.6\api-ms-win-core-handle-l1-1-0.dll
0x6ce90000 - 0x6ce93000 	C:\Users\luigu\.openjfx\cache\17.0.6\api-ms-win-core-heap-l1-1-0.dll
0x6ce80000 - 0x6ce83000 	C:\Users\luigu\.openjfx\cache\17.0.6\api-ms-win-core-interlocked-l1-1-0.dll
0x6ce70000 - 0x6ce73000 	C:\Users\luigu\.openjfx\cache\17.0.6\api-ms-win-core-libraryloader-l1-1-0.dll
0x6ce40000 - 0x6ce43000 	C:\Users\luigu\.openjfx\cache\17.0.6\api-ms-win-core-localization-l1-2-0.dll
0x697a0000 - 0x697a3000 	C:\Users\luigu\.openjfx\cache\17.0.6\api-ms-win-core-memory-l1-1-0.dll
0x69790000 - 0x69793000 	C:\Users\luigu\.openjfx\cache\17.0.6\api-ms-win-core-namedpipe-l1-1-0.dll
0x69780000 - 0x69783000 	C:\Users\luigu\.openjfx\cache\17.0.6\api-ms-win-core-processenvironment-l1-1-0.dll
0x68f30000 - 0x68f33000 	C:\Users\luigu\.openjfx\cache\17.0.6\api-ms-win-core-processthreads-l1-1-0.dll
0x68230000 - 0x68233000 	C:\Users\luigu\.openjfx\cache\17.0.6\api-ms-win-core-processthreads-l1-1-1.dll
0x68220000 - 0x68223000 	C:\Users\luigu\.openjfx\cache\17.0.6\api-ms-win-core-profile-l1-1-0.dll
0x68210000 - 0x68213000 	C:\Users\luigu\.openjfx\cache\17.0.6\api-ms-win-core-rtlsupport-l1-1-0.dll
0x67aa0000 - 0x67aa3000 	C:\Users\luigu\.openjfx\cache\17.0.6\api-ms-win-core-string-l1-1-0.dll
0x67a90000 - 0x67a93000 	C:\Users\luigu\.openjfx\cache\17.0.6\api-ms-win-core-synch-l1-1-0.dll
0x67a80000 - 0x67a83000 	C:\Users\luigu\.openjfx\cache\17.0.6\api-ms-win-core-synch-l1-2-0.dll
0x67a70000 - 0x67a73000 	C:\Users\luigu\.openjfx\cache\17.0.6\api-ms-win-core-sysinfo-l1-1-0.dll
0x67a60000 - 0x67a63000 	C:\Users\luigu\.openjfx\cache\17.0.6\api-ms-win-core-timezone-l1-1-0.dll
0x67a50000 - 0x67a53000 	C:\Users\luigu\.openjfx\cache\17.0.6\api-ms-win-core-util-l1-1-0.dll
0x67a40000 - 0x67a43000 	C:\Users\luigu\.openjfx\cache\17.0.6\api-ms-win-crt-conio-l1-1-0.dll
0x67a30000 - 0x67a34000 	C:\Users\luigu\.openjfx\cache\17.0.6\api-ms-win-crt-convert-l1-1-0.dll
0x67a20000 - 0x67a23000 	C:\Users\luigu\.openjfx\cache\17.0.6\api-ms-win-crt-environment-l1-1-0.dll
0x67a10000 - 0x67a13000 	C:\Users\luigu\.openjfx\cache\17.0.6\api-ms-win-crt-filesystem-l1-1-0.dll
0x67a00000 - 0x67a03000 	C:\Users\luigu\.openjfx\cache\17.0.6\api-ms-win-crt-heap-l1-1-0.dll
0x679f0000 - 0x679f3000 	C:\Users\luigu\.openjfx\cache\17.0.6\api-ms-win-crt-locale-l1-1-0.dll
0x679e0000 - 0x679e5000 	C:\Users\luigu\.openjfx\cache\17.0.6\api-ms-win-crt-math-l1-1-0.dll
0x679d0000 - 0x679d5000 	C:\Users\luigu\.openjfx\cache\17.0.6\api-ms-win-crt-multibyte-l1-1-0.dll
0x679c0000 - 0x679d0000 	C:\Users\luigu\.openjfx\cache\17.0.6\api-ms-win-crt-private-l1-1-0.dll
0x679b0000 - 0x679b3000 	C:\Users\luigu\.openjfx\cache\17.0.6\api-ms-win-crt-process-l1-1-0.dll
0x679a0000 - 0x679a4000 	C:\Users\luigu\.openjfx\cache\17.0.6\api-ms-win-crt-runtime-l1-1-0.dll
0x67990000 - 0x67994000 	C:\Users\luigu\.openjfx\cache\17.0.6\api-ms-win-crt-stdio-l1-1-0.dll
0x67980000 - 0x67984000 	C:\Users\luigu\.openjfx\cache\17.0.6\api-ms-win-crt-string-l1-1-0.dll
0x67970000 - 0x67973000 	C:\Users\luigu\.openjfx\cache\17.0.6\api-ms-win-crt-time-l1-1-0.dll
0x67960000 - 0x67963000 	C:\Users\luigu\.openjfx\cache\17.0.6\api-ms-win-crt-utility-l1-1-0.dll
0x67830000 - 0x67953000 	C:\Users\luigu\.openjfx\cache\17.0.6\ucrtbase.dll
0x67810000 - 0x67824000 	C:\Users\luigu\.openjfx\cache\17.0.6\vcruntime140.dll
0x677a0000 - 0x6780d000 	C:\Users\luigu\.openjfx\cache\17.0.6\msvcp140.dll
0x67790000 - 0x67797000 	C:\Users\luigu\.openjfx\cache\17.0.6\msvcp140_1.dll
0x67760000 - 0x67789000 	C:\Users\luigu\.openjfx\cache\17.0.6\msvcp140_2.dll
0x67730000 - 0x67756000 	C:\Users\luigu\.openjfx\cache\17.0.6\prism_d3d.dll
0x675b0000 - 0x67721000 	C:\WINDOWS\system32\d3d9.dll
0x6e260000 - 0x6e284000 	C:\WINDOWS\SYSTEM32\dwmapi.dll
0x711f0000 - 0x7121e000 	C:\WINDOWS\SYSTEM32\dxcore.dll
0x74bb0000 - 0x74c2f000 	C:\WINDOWS\system32\uxtheme.dll
0x67520000 - 0x675b0000 	C:\WINDOWS\SYSTEM32\d3d9on12.dll
0x67500000 - 0x6751d000 	C:\WINDOWS\SYSTEM32\d3d12.dll
0x6e8a0000 - 0x6e96a000 	C:\WINDOWS\SYSTEM32\dxgi.dll
0x736e0000 - 0x7371d000 	C:\WINDOWS\SYSTEM32\cfgmgr32.dll
0x67350000 - 0x67500000 	C:\WINDOWS\SYSTEM32\D3D12Core.dll
0x67330000 - 0x6734d000 	C:\WINDOWS\System32\DriverStore\FileRepository\iigd_dch.inf_amd64_3c65364e14984512\igd12umd32.dll
0x634a0000 - 0x640ca000 	C:\WINDOWS\System32\DriverStore\FileRepository\iigd_dch.inf_amd64_3c65364e14984512\igd12um32xel.dll
0x77060000 - 0x77163000 	C:\WINDOWS\System32\CRYPT32.dll
0x74e80000 - 0x74fd5000 	C:\WINDOWS\System32\ole32.dll
0x672f0000 - 0x67325000 	C:\WINDOWS\SYSTEM32\ControlLib32.dll
0x75fb0000 - 0x763ed000 	C:\WINDOWS\System32\SETUPAPI.dll
0x71770000 - 0x71794000 	C:\WINDOWS\SYSTEM32\DEVOBJ.dll
0x67270000 - 0x672e2000 	C:\WINDOWS\System32\DriverStore\FileRepository\iigd_dch.inf_amd64_3c65364e14984512\IntelControlLib32.dll
0x75480000 - 0x754d7000 	C:\WINDOWS\System32\WINTRUST.dll
0x71760000 - 0x7176e000 	C:\WINDOWS\SYSTEM32\MSASN1.dll
0x6d170000 - 0x6d1ac000 	C:\WINDOWS\SYSTEM32\directxdatabasehelper.dll
0x64e10000 - 0x6513f000 	C:\WINDOWS\System32\DriverStore\FileRepository\iigd_dch.inf_amd64_3c65364e14984512\igdgmm32.dll
0x697b0000 - 0x6ce35000 	C:\WINDOWS\System32\DriverStore\FileRepository\iigd_dch.inf_amd64_3c65364e14984512\igc32.dll
0x67240000 - 0x67261000 	C:\WINDOWS\SYSTEM32\D3DSCache.dll
0x749f0000 - 0x74a0f000 	C:\WINDOWS\SYSTEM32\USERENV.dll
0x62220000 - 0x6349b000 	C:\WINDOWS\System32\DriverStore\FileRepository\iigd_dch.inf_amd64_3c65364e14984512\igd12dxva32.dll
0x60530000 - 0x62220000 	C:\WINDOWS\System32\DriverStore\FileRepository\iigd_dch.inf_amd64_3c65364e14984512\media_bin_32.dll
0x67220000 - 0x67240000 	C:\WINDOWS\System32\DriverStore\FileRepository\iigd_dch.inf_amd64_3c65364e14984512\igdinfo32.dll
0x71bb0000 - 0x71bc5000 	C:\WINDOWS\SYSTEM32\CRYPTSP.dll
0x71b80000 - 0x71bb0000 	C:\WINDOWS\system32\rsaenh.dll
0x71b70000 - 0x71b7b000 	C:\WINDOWS\SYSTEM32\CRYPTBASE.dll
0x6cf80000 - 0x6d16c000 	C:\WINDOWS\SYSTEM32\twinapi.appcore.dll
0x671e0000 - 0x67217000 	C:\Users\luigu\.openjfx\cache\17.0.6\glass.dll

dbghelp: loaded successfully - version: 4.0.5 - missing functions: none
symbol engine: initialized successfully - sym options: 0x614 - pdb path: .;C:\Program Files (x86)\Eclipse Adoptium\jdk-11.0.21.9-hotspot\bin;C:\WINDOWS\SYSTEM32;C:\WINDOWS\WinSxS\x86_microsoft.windows.common-controls_6595b64144ccf1df_6.0.22621.3235_none_6ebcabb88802389e;C:\Program Files (x86)\Eclipse Adoptium\jdk-11.0.21.9-hotspot\bin\client;C:\Users\luigu\AppData\Local\Programs\IntelliJ IDEA Ultimate\bin;C:\Users\luigu\.openjfx\cache\17.0.6;C:\WINDOWS\System32\DriverStore\FileRepository\iigd_dch.inf_amd64_3c65364e14984512;C:\ProgramData\A-Volute\A-Volute.Nahimic\Modules\Scheduled;C:\Program Files (x86)\Common Files\Microsoft Shared\Ink

VM Arguments:
jvm_args: -javaagent:C:\Users\luigu\AppData\Local\Programs\IntelliJ IDEA Ultimate\lib\idea_rt.jar=51715:C:\Users\luigu\AppData\Local\Programs\IntelliJ IDEA Ultimate\bin -Dfile.encoding=UTF-8 --module-path=C:\Users\luigu\.m2\repository\org\openjfx\javafx-fxml\17.0.6\javafx-fxml-17.0.6-win-x86.jar;C:\Users\luigu\.m2\repository\net\synedra\validatorfx\0.4.0\validatorfx-0.4.0.jar;C:\Users\luigu\IdeaProjects\Joyeria_ProyectoMult\target\classes;C:\Users\luigu\.m2\repository\org\openjfx\javafx-controls\17.0.6\javafx-controls-17.0.6-win-x86.jar;C:\Users\luigu\.m2\repository\com\dlsc\formsfx\formsfx-core\11.6.0\formsfx-core-11.6.0.jar;C:\Users\luigu\.m2\repository\org\kordamp\bootstrapfx\bootstrapfx-core\0.4.0\bootstrapfx-core-0.4.0.jar;C:\Users\luigu\.m2\repository\org\controlsfx\controlsfx\11.1.2\controlsfx-11.1.2.jar;C:\Users\luigu\.m2\repository\org\openjfx\javafx-base\17.0.6\javafx-base-17.0.6-win-x86.jar;C:\Users\luigu\.m2\repository\org\openjfx\javafx-graphics\17.0.6\javafx-graphics-17.0.6-win-x86.jar -Djdk.module.main=com.eduard034.joyeria_proyectomult 
java_command: com.eduard034.joyeria_proyectomult/com.eduard034.joyeria_proyectomult.JoyeriaApp
java_class_path (initial): C:\Users\luigu\.m2\repository\org\openjfx\javafx-controls\17.0.6\javafx-controls-17.0.6.jar;C:\Users\luigu\.m2\repository\org\openjfx\javafx-graphics\17.0.6\javafx-graphics-17.0.6.jar;C:\Users\luigu\.m2\repository\org\openjfx\javafx-base\17.0.6\javafx-base-17.0.6.jar;C:\Users\luigu\.m2\repository\org\openjfx\javafx-fxml\17.0.6\javafx-fxml-17.0.6.jar
Launcher Type: SUN_STANDARD

[Global flags]
   size_t InitialHeapSize                          = 16777216                                  {product} {ergonomic}
   size_t MaxHeapSize                              = 268435456                                 {product} {ergonomic}
   size_t MaxNewSize                               = 89456640                                  {product} {ergonomic}
   size_t MinHeapDeltaBytes                        = 131072                                    {product} {ergonomic}
   size_t NewSize                                  = 5570560                                   {product} {ergonomic}
    uintx NonProfiledCodeHeapSize                  = 0                                      {pd product} {ergonomic}
   size_t OldSize                                  = 11206656                                  {product} {ergonomic}
    uintx ProfiledCodeHeapSize                     = 0                                      {pd product} {ergonomic}
     bool ThreadLocalHandshakes                    = false                                  {pd product} {ergonomic}
     bool UseLargePagesIndividualAllocation        = false                                  {pd product} {ergonomic}
     bool UseSerialGC                              = true                                      {product} {ergonomic}

Logging:
Log output configuration:
 #0: stdout all=warning uptime,level,tags
 #1: stderr all=off uptime,level,tags

Environment Variables:
PATH=C:\Program Files (x86)\Eclipse Adoptium\jre-11.0.21.9-hotspot\bin;C:\Program Files (x86)\Eclipse Adoptium\jdk-11.0.21.9-hotspot\bin;C:\Program Files (x86)\VMware\VMware Player\bin\;C:\Windows\system32;C:\Windows;C:\Windows\System32\Wbem;C:\Windows\System32\WindowsPowerShell\v1.0\;C:\Windows\System32\OpenSSH\;C:\Program Files (x86)\NVIDIA Corporation\PhysX\Common;C:\Program Files\NVIDIA Corporation\NVIDIA NvDLISR;C:\WINDOWS\system32;C:\WINDOWS;C:\WINDOWS\System32\Wbem;C:\WINDOWS\System32\WindowsPowerShell\v1.0\;C:\WINDOWS\System32\OpenSSH\;C:\Program Files\Git\cmd;C:\Users\luigu\AppData\Local\Microsoft\WindowsApps;C:\Users\luigu\AppData\Local\Programs\Microsoft VS Code\bin;C:\Users\luigu\AppData\Local\JetBrains\Toolbox\scripts;C:\Users\luigu\AppData\Local\GitHubDesktop\bin
USERNAME=luigu
OS=Windows_NT
PROCESSOR_IDENTIFIER=Intel64 Family 6 Model 154 Stepping 3, GenuineIntel
TMP=C:\Users\luigu\AppData\Local\Temp
TEMP=C:\Users\luigu\AppData\Local\Temp



---------------  S Y S T E M  ---------------

OS: Windows 11 , 64 bit Build 22621 (10.0.22621.3374)
OS uptime: 0 days 1:10 hours

CPU:total 12 (initial active 12) (6 cores per cpu, 2 threads per core) family 6 model 154 stepping 3 microcode 0x419, cmov, cx8, fxsr, mmx, sse, sse2, sse3, ssse3, sse4.1, sse4.2, popcnt, avx, avx2, aes, clmul, erms, 3dnowpref, lzcnt, ht, tsc, tscinvbit, bmi1, bmi2, adx, sha, fma

Memory: 4k page, system-wide physical 7917M (976M free)
TotalPageFile size 19693M (AvailPageFile size 8186M), user-mode portion of virtual address-space 2047M (1235M free)
current process WorkingSet (physical memory assigned to process): 257M, peak: 259M
current process commit charge ("private bytes"): 270M, peak: 270M

vm_info: OpenJDK Client VM (11.0.21+9) for windows-x86 JRE (11.0.21+9), built on Oct 17 2023 17:27:10 by "" with MS VC++ 15.9 (VS2017)

END.
