#
# A fatal error has been detected by the Java Runtime Environment:
#
#  EXCEPTION_ACCESS_VIOLATION (0xc0000005) at pc=0x67466c62, pid=23372, tid=16860
#
# JRE version: OpenJDK Runtime Environment Temurin-11.0.21+9 (11.0.21+9) (build 11.0.21+9)
# Java VM: OpenJDK Client VM Temurin-11.0.21+9 (11.0.21+9, mixed mode, serial gc, windows-x86)
# Problematic frame:
# C  [glass.dll+0x16c62]
#
# No core dump will be written. Minidumps are not enabled by default on client versions of Windows
#
# If you would like to submit a bug report, please visit:
#   https://github.com/adoptium/adoptium-support/issues
# The crash happened outside the Java Virtual Machine in native code.
# See problematic frame for where to report the bug.
#

---------------  S U M M A R Y ------------

Command Line: -javaagent:C:\Users\luigu\AppData\Local\Programs\IntelliJ IDEA Ultimate\lib\idea_rt.jar=49921:C:\Users\luigu\AppData\Local\Programs\IntelliJ IDEA Ultimate\bin -Dfile.encoding=UTF-8 --module-path=C:\Users\luigu\.m2\repository\com\dlsc\formsfx\formsfx-core\11.6.0\formsfx-core-11.6.0.jar;C:\Users\luigu\.m2\repository\org\openjfx\javafx-controls\17.0.6\javafx-controls-17.0.6-win-x86.jar;C:\Users\luigu\IdeaProjects\Joyeria_ProyectoMult\target\classes;C:\Users\luigu\.m2\repository\org\openjfx\javafx-fxml\17.0.6\javafx-fxml-17.0.6-win-x86.jar;C:\Users\luigu\.m2\repository\org\kordamp\bootstrapfx\bootstrapfx-core\0.4.0\bootstrapfx-core-0.4.0.jar;C:\Users\luigu\.m2\repository\org\openjfx\javafx-base\17.0.6\javafx-base-17.0.6-win-x86.jar;C:\Users\luigu\.m2\repository\org\controlsfx\controlsfx\11.1.2\controlsfx-11.1.2.jar;C:\Users\luigu\.m2\repository\net\synedra\validatorfx\0.4.0\validatorfx-0.4.0.jar;C:\Users\luigu\.m2\repository\org\openjfx\javafx-graphics\17.0.6\javafx-graphics-17.0.6-win-x86.jar -Djdk.module.main=com.eduard034.joyeria_proyectomult com.eduard034.joyeria_proyectomult/com.eduard034.joyeria_proyectomult.JoyeriaApp

Host: 12th Gen Intel(R) Core(TM) i5-12450H, 12 cores, 7G,  Windows 11 , 64 bit Build 22621 (10.0.22621.3374)
Time: Thu Apr 18 07:15:30 2024 Hora estándar central (México) elapsed time: 13.519761 seconds (0d 0h 0m 13s)

---------------  T H R E A D  ---------------

Current thread (0x162ae400):  JavaThread "JavaFX Application Thread" [_thread_in_native, id=16860, stack(0x19600000,0x19650000)]

Stack: [0x19600000,0x19650000],  sp=0x1964ea4c,  free space=314k
Native frames: (J=compiled Java code, A=aot compiled Java code, j=interpreted, Vv=VM code, C=native code)
C  [glass.dll+0x16c62]

Java frames: (J=compiled Java code, j=interpreted, Vv=VM code)
j  com.sun.glass.ui.win.WinWindow._close(J)Z+0 javafx.graphics
j  com.sun.glass.ui.Window.close()V+63 javafx.graphics
j  com.sun.glass.ui.win.WinWindow.close()V+8 javafx.graphics
j  com.sun.glass.ui.Application.terminate()V+75 javafx.graphics
j  com.sun.javafx.tk.quantum.QuantumToolkit.lambda$exit$13()Ljava/lang/Object;+5 javafx.graphics
j  com.sun.javafx.tk.quantum.QuantumToolkit$$Lambda$667.get()Ljava/lang/Object;+0 javafx.graphics
j  com.sun.javafx.tk.quantum.QuantumToolkit.runWithRenderLock(Ljava/util/function/Supplier;)Ljava/lang/Object;+7 javafx.graphics
j  com.sun.javafx.tk.quantum.QuantumToolkit.exit()V+26 javafx.graphics
j  com.sun.javafx.application.PlatformImpl.lambda$tkExit$16()V+3 javafx.graphics
j  com.sun.javafx.application.PlatformImpl$$Lambda$666.run()V+0 javafx.graphics
j  com.sun.javafx.application.PlatformImpl.lambda$runAndWait$12(Ljava/lang/Runnable;Ljava/util/concurrent/CountDownLatch;)V+1 javafx.graphics
j  com.sun.javafx.application.PlatformImpl$$Lambda$87.run()V+8 javafx.graphics
j  com.sun.javafx.application.PlatformImpl.lambda$runLater$10(Ljava/lang/Runnable;)Ljava/lang/Void;+1 javafx.graphics
j  com.sun.javafx.application.PlatformImpl$$Lambda$90.run()Ljava/lang/Object;+4 javafx.graphics
v  ~StubRoutines::call_stub
J 1420  java.security.AccessController.doPrivileged(Ljava/security/PrivilegedAction;Ljava/security/AccessControlContext;)Ljava/lang/Object; java.base@11.0.21 (0 bytes) @ 0x03274547 [0x032744e0+0x00000067]
j  com.sun.javafx.application.PlatformImpl.lambda$runLater$11(Ljava/lang/Runnable;Ljava/security/AccessControlContext;)V+7 javafx.graphics
j  com.sun.javafx.application.PlatformImpl$$Lambda$89.run()V+8 javafx.graphics
j  com.sun.glass.ui.InvokeLaterDispatcher$Future.run()V+4 javafx.graphics
v  ~StubRoutines::call_stub
j  com.sun.glass.ui.win.WinApplication._runLoop(Ljava/lang/Runnable;)V+0 javafx.graphics
j  com.sun.glass.ui.win.WinApplication.lambda$runLoop$3(ILjava/lang/Runnable;)V+8 javafx.graphics
j  com.sun.glass.ui.win.WinApplication$$Lambda$78.run()V+12 javafx.graphics
j  java.lang.Thread.run()V+11 java.base@11.0.21
v  ~StubRoutines::call_stub

siginfo: EXCEPTION_ACCESS_VIOLATION (0xc0000005), reading address 0x000000b8


Register to memory mapping:

EIP=0x67466c62 glass.dll
EAX=0x0 is NULL
EBX=0x1964ec80 is pointing into the stack for thread: 0x162ae400
ECX=0x0 is NULL
EDX=0x0 is NULL
ESP=0x1964ea4c is pointing into the stack for thread: 0x162ae400
EBP=0x1964ea78 is pointing into the stack for thread: 0x162ae400
ESI=0x00000401 is an unknown value
EDI=0x0 is NULL


Registers:
EAX=0x00000000, EBX=0x1964ec80, ECX=0x00000000, EDX=0x00000000
ESP=0x1964ea4c, EBP=0x1964ea78, ESI=0x00000401, EDI=0x00000000
EIP=0x67466c62, EFLAGS=0x00010202

Top of Stack: (sp=0x1964ea4c)
0x1964ea4c:   1964ec80 00000401 1964ec80 67458df8
0x1964ea5c:   98c3b0ac 161b72b0 0149077e 00000401
0x1964ea6c:   1964ebac 674702b0 ffffffff 00000000
0x1964ea7c:   67451755 00000401 1964ec80 00000000
0x1964ea8c:   00000401 0149077e 1964eac4 674516f0
0x1964ea9c:   76ab30b3 0149077e 00000401 1964ec80
0x1964eaac:   00000000 0149077e dcbaabcd 674516f0
0x1964eabc:   00000401 0149077e 1964ebbc 76aa3ef6 

Instructions: (pc=0x67466c62)
0x67466b62:   21 56 e8 47 42 00 00 ff 35 e8 03 48 67 8b f0 ff
0x67466b72:   77 68 56 e8 96 de fe ff 56 e8 a0 41 00 00 83 c4
0x67466b82:   10 5e c7 05 a4 03 48 67 00 00 00 00 5f c3 83 ec
0x67466b92:   24 a1 ec e0 47 67 33 c4 89 44 24 20 8b 44 24 28
0x67466ba2:   53 89 44 24 04 8b d9 8b 44 24 30 89 44 24 08 8b
0x67466bb2:   44 24 38 55 89 44 24 10 8b 44 24 38 56 89 83 84
0x67466bc2:   00 00 00 8b 44 24 0c 89 5c 24 18 bb 00 00 00 80
0x67466bd2:   8b eb 8b f3 57 8b fb 85 c0 79 29 8d 44 24 20 50
0x67466be2:   e8 29 aa fe ff 83 c4 04 85 c0 8b 44 24 10 74 14
0x67466bf2:   8b 74 24 28 8b 5c 24 20 2b f3 8b 7c 24 2c 8b 6c
0x67466c02:   24 24 2b fd 6a 00 50 ff 74 24 1c 68 d8 23 47 67
0x67466c12:   57 56 8b 74 24 34 8b ce 55 53 ff 74 24 38 e8 db
0x67466c22:   a7 fe ff 8b f8 8d 4e 14 57 e8 40 64 00 00 57 8d
0x67466c32:   4e 14 e8 c7 64 00 00 8b 4c 24 30 8b c7 5f 5e 5d
0x67466c42:   5b 33 cc e8 ae 7a 00 00 83 c4 24 c2 10 00 53 8b
0x67466c52:   d9 56 57 ff 73 08 e8 93 a9 fe ff 8b f8 83 c4 04
0x67466c62:   8b 87 b8 00 00 00 85 c0 75 03 8b 47 04 3b 05 a4
0x67466c72:   03 48 67 75 29 e8 34 41 00 00 ff 35 e8 03 48 67
0x67466c82:   8b f0 ff 77 68 56 e8 83 dd fe ff 56 e8 8d 40 00
0x67466c92:   00 83 c4 10 c7 05 a4 03 48 67 00 00 00 00 8d 4f
0x67466ca2:   14 e8 b8 69 00 00 8d 4f 14 e8 e0 69 00 00 ff 73
0x67466cb2:   08 ff 15 f8 fe 47 67 85 c0 5f 0f 95 c0 5e 88 43
0x67466cc2:   04 5b c3 cc cc cc cc cc cc cc cc cc cc cc 55 8b
0x67466cd2:   ec 6a ff 68 f7 11 47 67 64 a1 00 00 00 00 50 83
0x67466ce2:   ec 08 53 56 57 a1 ec e0 47 67 33 c5 50 8d 45 f4
0x67466cf2:   64 a3 00 00 00 00 8b f9 ff 77 18 ff 15 60 ff 47
0x67466d02:   67 85 c0 75 13 0f 57 c0 66 0f 13 45 ec 8b 55 f0
0x67466d12:   8b 45 ec e9 a7 00 00 00 68 dc 00 00 00 e8 96 79
0x67466d22:   00 00 83 c4 04 89 45 f0 c7 45 fc 00 00 00 00 85
0x67466d32:   c0 74 19 ff 77 18 8b c8 6a 01 6a 00 6a 00 6a 00
0x67466d42:   ff 77 10 e8 a6 f9 ff ff 8b d8 eb 02 33 db ff 77
0x67466d52:   18 8b cb c7 45 fc ff ff ff ff 6a 00 68 00 00 10 


Stack slot to memory mapping:
stack at sp + 0 slots: 0x1964ec80 is pointing into the stack for thread: 0x162ae400
stack at sp + 1 slots: 0x00000401 is an unknown value
stack at sp + 2 slots: 0x1964ec80 is pointing into the stack for thread: 0x162ae400
stack at sp + 3 slots: 0x67458df8 glass.dll
stack at sp + 4 slots: 0x98c3b0ac is an unknown value
stack at sp + 5 slots: 0x161b72b0 points into unknown readable memory: 0x6747319c | 9c 31 47 67
stack at sp + 6 slots: 0x0149077e is an unknown value
stack at sp + 7 slots: 0x00000401 is an unknown value


---------------  P R O C E S S  ---------------

Threads class SMR info:
_java_thread_list=0x20aefed8, length=17, elements={
0x02f74800, 0x0302a000, 0x0302b400, 0x0304ac00,
0x0304c800, 0x1535f800, 0x15360400, 0x15363800,
0x153d2000, 0x1552d400, 0x15a82400, 0x16258000,
0x162ae400, 0x163bc800, 0x163b3c00, 0x164a1000,
0x20af0400
}

Java Threads: ( => current thread )
  0x02f74800 JavaThread "main" [_thread_blocked, id=22152, stack(0x00ea0000,0x00ef0000)]
  0x0302a000 JavaThread "Reference Handler" daemon [_thread_blocked, id=6628, stack(0x02ee0000,0x02f30000)]
  0x0302b400 JavaThread "Finalizer" daemon [_thread_blocked, id=17236, stack(0x05090000,0x050e0000)]
  0x0304ac00 JavaThread "Signal Dispatcher" daemon [_thread_blocked, id=30412, stack(0x05130000,0x05180000)]
  0x0304c800 JavaThread "Attach Listener" daemon [_thread_blocked, id=1360, stack(0x15530000,0x15580000)]
  0x1535f800 JavaThread "Service Thread" daemon [_thread_blocked, id=6820, stack(0x15580000,0x155d0000)]
  0x15360400 JavaThread "C1 CompilerThread0" daemon [_thread_blocked, id=1972, stack(0x15610000,0x15660000)]
  0x15363800 JavaThread "Sweeper thread" daemon [_thread_blocked, id=4412, stack(0x156a0000,0x156f0000)]
  0x153d2000 JavaThread "Common-Cleaner" daemon [_thread_blocked, id=25960, stack(0x15730000,0x15780000)]
  0x1552d400 JavaThread "Monitor Ctrl-Break" daemon [_thread_in_native, id=13392, stack(0x15bd0000,0x15c20000)]
  0x15a82400 JavaThread "QuantumRenderer-0" daemon [_thread_blocked, id=7392, stack(0x15ef0000,0x15f40000)]
  0x16258000 JavaThread "InvokeLaterDispatcher" daemon [_thread_blocked, id=15268, stack(0x19470000,0x194c0000)]
=>0x162ae400 JavaThread "JavaFX Application Thread" [_thread_in_native, id=16860, stack(0x19600000,0x19650000)]
  0x163bc800 JavaThread "JavaFX-Launcher" [_thread_blocked, id=29592, stack(0x1dc10000,0x1dc60000)]
  0x163b3c00 JavaThread "Thread-2" daemon [_thread_in_native, id=14432, stack(0x1db80000,0x1dbd0000)]
  0x164a1000 JavaThread "Prism Font Disposer" daemon [_thread_blocked, id=21888, stack(0x1f230000,0x1f280000)]
  0x20af0400 JavaThread "Cleaner-0" daemon [_thread_blocked, id=21728, stack(0x224e0000,0x22530000)]

Other Threads:
  0x03028000 VMThread "VM Thread" [stack: 0x02e50000,0x02ea0000] [id=9444]
  0x1552e800 WatcherThread [stack: 0x15c60000,0x15cb0000] [id=3180]

Threads with active compile tasks:

VM state:not at safepoint (normal execution)

VM Mutex/Monitor currently owned by a thread: None

Heap:
 def new generation   total 8832K, used 8650K [0x05200000, 0x05b90000, 0x0a750000)
  eden space 7872K,  97% used [0x05200000, 0x059829a0, 0x059b0000)
  from space 960K, 100% used [0x059b0000, 0x05aa0000, 0x05aa0000)
  to   space 960K,   0% used [0x05aa0000, 0x05aa0000, 0x05b90000)
 tenured generation   total 19520K, used 17541K [0x0a750000, 0x0ba60000, 0x15200000)
   the space 19520K,  89% used [0x0a750000, 0x0b8715e0, 0x0b871600, 0x0ba60000)
 Metaspace       used 16273K, capacity 16690K, committed 16768K, reserved 16768K

Card table byte_map: [0x028c0000,0x02950000] _byte_map_base: 0x02897000

Polling page: 0x00ef0000

Metaspace:

Usage:
   16.30 MB capacity,    15.89 MB ( 97%) used,   278.60 KB (  2%) free+waste,   138.87 KB ( <1%) overhead. 

Virtual space:
     16.38 MB reserved,      16.38 MB (100%) committed 

Chunk freelists:
0 bytes

MaxMetaspaceSize: 4.00 GB
No class space
Initial GC threshold: 12.00 MB
Current GC threshold: 19.59 MB
CDS: off

CodeCache: size=32768Kb used=2825Kb max_used=2825Kb free=29942Kb
 bounds [0x03050000, 0x03318000, 0x05050000]
 total_blobs=2438 nmethods=1999 adapters=371
 compilation: enabled
              stopped_count=0, restarted_count=0
 full_count=0

Compilation events (20 events):
Event: 12.775 Thread 0x15360400 1989             com.sun.prism.d3d.D3DResource$D3DRecord::getContext (5 bytes)
Event: 12.775 Thread 0x15360400 nmethod 1989 0x0330f048 code [0x0330f150, 0x0330f1d0]
Event: 13.031 Thread 0x15360400 1990             com.sun.glass.ui.win.WinTimer::_resume (1 bytes)
Event: 13.031 Thread 0x15360400 nmethod 1990 0x0330f208 code [0x0330f310, 0x0330f390]
Event: 13.079 Thread 0x15360400 1991             java.lang.Thread::interrupted (8 bytes)
Event: 13.079 Thread 0x15360400 nmethod 1991 0x0330f3c8 code [0x0330f4e0, 0x0330f57c]
Event: 13.288 Thread 0x15360400 1993             com.sun.javafx.geom.transform.GeneralTransform3D::isIdentity (5 bytes)
Event: 13.288 Thread 0x15360400 nmethod 1993 0x0330f8c8 code [0x0330f9d0, 0x0330fa50]
Event: 13.412 Thread 0x15360400 1994             jdk.internal.org.objectweb.asm.MethodWriter::visitAnnotation (82 bytes)
Event: 13.412 Thread 0x15360400 nmethod 1994 0x0330fa88 code [0x0330fbd0, 0x0330fed0]
Event: 13.424 Thread 0x15360400 1995             javafx.beans.property.BooleanPropertyBase::fireValueChangedEvent (8 bytes)
Event: 13.424 Thread 0x15360400 nmethod 1995 0x03310088 code [0x033101a0, 0x0331023c]
Event: 13.441 Thread 0x15360400 1996             jdk.internal.misc.VM::initLevel (4 bytes)
Event: 13.441 Thread 0x15360400 nmethod 1996 0x033102c8 code [0x033103d0, 0x03310450]
Event: 13.441 Thread 0x15360400 1997             sun.nio.cs.UTF_8$Encoder::encodeArrayLoop (489 bytes)
Event: 13.442 Thread 0x15360400 nmethod 1997 0x03310488 code [0x03310810, 0x033115c4]
Event: 13.463 Thread 0x15360400 1998             jdk.internal.misc.VM::isModuleSystemInited (13 bytes)
Event: 13.464 Thread 0x15360400 nmethod 1998 0x03312188 code [0x03312290, 0x03312320]
Event: 13.464 Thread 0x15360400 1999             java.nio.charset.CoderResult::isUnderflow (13 bytes)
Event: 13.464 Thread 0x15360400 nmethod 1999 0x03312388 code [0x03312490, 0x03312520]

GC Heap History (20 events):
Event: 0.569 GC heap before
{Heap before GC invocations=5 (full 0):
 def new generation   total 4928K, used 4806K [0x05200000, 0x05750000, 0x0a750000)
  eden space 4416K,  99% used [0x05200000, 0x05648ac0, 0x05650000)
  from space 512K,  82% used [0x056d0000, 0x05739070, 0x05750000)
  to   space 512K,   0% used [0x05650000, 0x05650000, 0x056d0000)
 tenured generation   total 10944K, used 2494K [0x0a750000, 0x0b200000, 0x15200000)
   the space 10944K,  22% used [0x0a750000, 0x0a9bfa58, 0x0a9bfc00, 0x0b200000)
 Metaspace       used 8873K, capacity 8989K, committed 9088K, reserved 9600K
}
Event: 0.570 GC heap after
{Heap after GC invocations=6 (full 0):
 def new generation   total 4928K, used 512K [0x05200000, 0x05750000, 0x0a750000)
  eden space 4416K,   0% used [0x05200000, 0x05200000, 0x05650000)
  from space 512K, 100% used [0x05650000, 0x056d0000, 0x056d0000)
  to   space 512K,   0% used [0x056d0000, 0x056d0000, 0x05750000)
 tenured generation   total 10944K, used 3041K [0x0a750000, 0x0b200000, 0x15200000)
   the space 10944K,  27% used [0x0a750000, 0x0aa48798, 0x0aa48800, 0x0b200000)
 Metaspace       used 8873K, capacity 8989K, committed 9088K, reserved 9600K
}
Event: 0.627 GC heap before
{Heap before GC invocations=6 (full 0):
 def new generation   total 4928K, used 4924K [0x05200000, 0x05750000, 0x0a750000)
  eden space 4416K,  99% used [0x05200000, 0x0564f350, 0x05650000)
  from space 512K, 100% used [0x05650000, 0x056d0000, 0x056d0000)
  to   space 512K,   0% used [0x056d0000, 0x056d0000, 0x05750000)
 tenured generation   total 10944K, used 3041K [0x0a750000, 0x0b200000, 0x15200000)
   the space 10944K,  27% used [0x0a750000, 0x0aa48798, 0x0aa48800, 0x0b200000)
 Metaspace       used 10562K, capacity 10734K, committed 10752K, reserved 11648K
}
Event: 0.629 GC heap after
{Heap after GC invocations=7 (full 0):
 def new generation   total 4928K, used 512K [0x05200000, 0x05750000, 0x0a750000)
  eden space 4416K,   0% used [0x05200000, 0x05200000, 0x05650000)
  from space 512K, 100% used [0x056d0000, 0x05750000, 0x05750000)
  to   space 512K,   0% used [0x05650000, 0x05650000, 0x056d0000)
 tenured generation   total 10944K, used 3965K [0x0a750000, 0x0b200000, 0x15200000)
   the space 10944K,  36% used [0x0a750000, 0x0ab2f540, 0x0ab2f600, 0x0b200000)
 Metaspace       used 10562K, capacity 10734K, committed 10752K, reserved 11648K
}
Event: 0.672 GC heap before
{Heap before GC invocations=7 (full 0):
 def new generation   total 4928K, used 4928K [0x05200000, 0x05750000, 0x0a750000)
  eden space 4416K, 100% used [0x05200000, 0x05650000, 0x05650000)
  from space 512K, 100% used [0x056d0000, 0x05750000, 0x05750000)
  to   space 512K,   0% used [0x05650000, 0x05650000, 0x056d0000)
 tenured generation   total 10944K, used 3965K [0x0a750000, 0x0b200000, 0x15200000)
   the space 10944K,  36% used [0x0a750000, 0x0ab2f540, 0x0ab2f600, 0x0b200000)
 Metaspace       used 11344K, capacity 11510K, committed 11520K, reserved 11648K
}
Event: 0.674 GC heap after
{Heap after GC invocations=8 (full 0):
 def new generation   total 4928K, used 512K [0x05200000, 0x05750000, 0x0a750000)
  eden space 4416K,   0% used [0x05200000, 0x05200000, 0x05650000)
  from space 512K, 100% used [0x05650000, 0x056d0000, 0x056d0000)
  to   space 512K,   0% used [0x056d0000, 0x056d0000, 0x05750000)
 tenured generation   total 10944K, used 4467K [0x0a750000, 0x0b200000, 0x15200000)
   the space 10944K,  40% used [0x0a750000, 0x0abacc70, 0x0abace00, 0x0b200000)
 Metaspace       used 11344K, capacity 11510K, committed 11520K, reserved 11648K
}
Event: 0.736 GC heap before
{Heap before GC invocations=8 (full 0):
 def new generation   total 4928K, used 4928K [0x05200000, 0x05750000, 0x0a750000)
  eden space 4416K, 100% used [0x05200000, 0x05650000, 0x05650000)
  from space 512K, 100% used [0x05650000, 0x056d0000, 0x056d0000)
  to   space 512K,   0% used [0x056d0000, 0x056d0000, 0x05750000)
 tenured generation   total 10944K, used 10697K [0x0a750000, 0x0b200000, 0x15200000)
   the space 10944K,  97% used [0x0a750000, 0x0b1c2668, 0x0b1c2800, 0x0b200000)
 Metaspace       used 11808K, capacity 12008K, committed 12032K, reserved 12672K
}
Event: 0.744 GC heap after
{Heap after GC invocations=9 (full 1):
 def new generation   total 8832K, used 386K [0x05200000, 0x05b90000, 0x0a750000)
  eden space 7872K,   4% used [0x05200000, 0x05260a98, 0x059b0000)
  from space 960K,   0% used [0x059b0000, 0x059b0000, 0x05aa0000)
  to   space 960K,   0% used [0x05aa0000, 0x05aa0000, 0x05b90000)
 tenured generation   total 19520K, used 11711K [0x0a750000, 0x0ba60000, 0x15200000)
   the space 19520K,  59% used [0x0a750000, 0x0b2bfff8, 0x0b2c0000, 0x0ba60000)
 Metaspace       used 11808K, capacity 12008K, committed 12032K, reserved 12672K
}
Event: 0.845 GC heap before
{Heap before GC invocations=9 (full 1):
 def new generation   total 8832K, used 7872K [0x05200000, 0x05b90000, 0x0a750000)
  eden space 7872K, 100% used [0x05200000, 0x059b0000, 0x059b0000)
  from space 960K,   0% used [0x059b0000, 0x059b0000, 0x05aa0000)
  to   space 960K,   0% used [0x05aa0000, 0x05aa0000, 0x05b90000)
 tenured generation   total 19520K, used 11711K [0x0a750000, 0x0ba60000, 0x15200000)
   the space 19520K,  59% used [0x0a750000, 0x0b2bfff8, 0x0b2c0000, 0x0ba60000)
 Metaspace       used 12751K, capacity 12931K, committed 13056K, reserved 13696K
}
Event: 0.851 GC heap after
{Heap after GC invocations=10 (full 1):
 def new generation   total 8832K, used 959K [0x05200000, 0x05b90000, 0x0a750000)
  eden space 7872K,   0% used [0x05200000, 0x05200000, 0x059b0000)
  from space 960K,  99% used [0x05aa0000, 0x05b8fff8, 0x05b90000)
  to   space 960K,   0% used [0x059b0000, 0x059b0000, 0x05aa0000)
 tenured generation   total 19520K, used 11984K [0x0a750000, 0x0ba60000, 0x15200000)
   the space 19520K,  61% used [0x0a750000, 0x0b3042b0, 0x0b304400, 0x0ba60000)
 Metaspace       used 12751K, capacity 12931K, committed 13056K, reserved 13696K
}
Event: 0.938 GC heap before
{Heap before GC invocations=10 (full 1):
 def new generation   total 8832K, used 8831K [0x05200000, 0x05b90000, 0x0a750000)
  eden space 7872K, 100% used [0x05200000, 0x059b0000, 0x059b0000)
  from space 960K,  99% used [0x05aa0000, 0x05b8fff8, 0x05b90000)
  to   space 960K,   0% used [0x059b0000, 0x059b0000, 0x05aa0000)
 tenured generation   total 19520K, used 11984K [0x0a750000, 0x0ba60000, 0x15200000)
   the space 19520K,  61% used [0x0a750000, 0x0b3042b0, 0x0b304400, 0x0ba60000)
 Metaspace       used 14012K, capacity 14291K, committed 14336K, reserved 14720K
}
Event: 0.942 GC heap after
{Heap after GC invocations=11 (full 1):
 def new generation   total 8832K, used 630K [0x05200000, 0x05b90000, 0x0a750000)
  eden space 7872K,   0% used [0x05200000, 0x05200000, 0x059b0000)
  from space 960K,  65% used [0x059b0000, 0x05a4db08, 0x05aa0000)
  to   space 960K,   0% used [0x05aa0000, 0x05aa0000, 0x05b90000)
 tenured generation   total 19520K, used 12917K [0x0a750000, 0x0ba60000, 0x15200000)
   the space 19520K,  66% used [0x0a750000, 0x0b3ed500, 0x0b3ed600, 0x0ba60000)
 Metaspace       used 14012K, capacity 14291K, committed 14336K, reserved 14720K
}
Event: 1.861 GC heap before
{Heap before GC invocations=11 (full 1):
 def new generation   total 8832K, used 8502K [0x05200000, 0x05b90000, 0x0a750000)
  eden space 7872K, 100% used [0x05200000, 0x059b0000, 0x059b0000)
  from space 960K,  65% used [0x059b0000, 0x05a4db08, 0x05aa0000)
  to   space 960K,   0% used [0x05aa0000, 0x05aa0000, 0x05b90000)
 tenured generation   total 19520K, used 12917K [0x0a750000, 0x0ba60000, 0x15200000)
   the space 19520K,  66% used [0x0a750000, 0x0b3ed500, 0x0b3ed600, 0x0ba60000)
 Metaspace       used 14845K, capacity 15150K, committed 15232K, reserved 15744K
}
Event: 1.868 GC heap after
{Heap after GC invocations=12 (full 1):
 def new generation   total 8832K, used 960K [0x05200000, 0x05b90000, 0x0a750000)
  eden space 7872K,   0% used [0x05200000, 0x05200000, 0x059b0000)
  from space 960K, 100% used [0x05aa0000, 0x05b90000, 0x05b90000)
  to   space 960K,   0% used [0x059b0000, 0x059b0000, 0x05aa0000)
 tenured generation   total 19520K, used 14610K [0x0a750000, 0x0ba60000, 0x15200000)
   the space 19520K,  74% used [0x0a750000, 0x0b594960, 0x0b594a00, 0x0ba60000)
 Metaspace       used 14845K, capacity 15150K, committed 15232K, reserved 15744K
}
Event: 2.547 GC heap before
{Heap before GC invocations=12 (full 1):
 def new generation   total 8832K, used 8832K [0x05200000, 0x05b90000, 0x0a750000)
  eden space 7872K, 100% used [0x05200000, 0x059b0000, 0x059b0000)
  from space 960K, 100% used [0x05aa0000, 0x05b90000, 0x05b90000)
  to   space 960K,   0% used [0x059b0000, 0x059b0000, 0x05aa0000)
 tenured generation   total 19520K, used 14610K [0x0a750000, 0x0ba60000, 0x15200000)
   the space 19520K,  74% used [0x0a750000, 0x0b594960, 0x0b594a00, 0x0ba60000)
 Metaspace       used 15855K, capacity 16263K, committed 16384K, reserved 16768K
}
Event: 2.550 GC heap after
{Heap after GC invocations=13 (full 1):
 def new generation   total 8832K, used 739K [0x05200000, 0x05b90000, 0x0a750000)
  eden space 7872K,   0% used [0x05200000, 0x05200000, 0x059b0000)
  from space 960K,  76% used [0x059b0000, 0x05a68c48, 0x05aa0000)
  to   space 960K,   0% used [0x05aa0000, 0x05aa0000, 0x05b90000)
 tenured generation   total 19520K, used 15556K [0x0a750000, 0x0ba60000, 0x15200000)
   the space 19520K,  79% used [0x0a750000, 0x0b681090, 0x0b681200, 0x0ba60000)
 Metaspace       used 15855K, capacity 16263K, committed 16384K, reserved 16768K
}
Event: 8.636 GC heap before
{Heap before GC invocations=13 (full 1):
 def new generation   total 8832K, used 8611K [0x05200000, 0x05b90000, 0x0a750000)
  eden space 7872K, 100% used [0x05200000, 0x059b0000, 0x059b0000)
  from space 960K,  76% used [0x059b0000, 0x05a68c48, 0x05aa0000)
  to   space 960K,   0% used [0x05aa0000, 0x05aa0000, 0x05b90000)
 tenured generation   total 19520K, used 15556K [0x0a750000, 0x0ba60000, 0x15200000)
   the space 19520K,  79% used [0x0a750000, 0x0b681090, 0x0b681200, 0x0ba60000)
 Metaspace       used 16202K, capacity 16607K, committed 16640K, reserved 16768K
}
Event: 8.641 GC heap after
{Heap after GC invocations=14 (full 1):
 def new generation   total 8832K, used 960K [0x05200000, 0x05b90000, 0x0a750000)
  eden space 7872K,   0% used [0x05200000, 0x05200000, 0x059b0000)
  from space 960K, 100% used [0x05aa0000, 0x05b90000, 0x05b90000)
  to   space 960K,   0% used [0x059b0000, 0x059b0000, 0x05aa0000)
 tenured generation   total 19520K, used 16285K [0x0a750000, 0x0ba60000, 0x15200000)
   the space 19520K,  83% used [0x0a750000, 0x0b7376d0, 0x0b737800, 0x0ba60000)
 Metaspace       used 16202K, capacity 16607K, committed 16640K, reserved 16768K
}
Event: 11.743 GC heap before
{Heap before GC invocations=14 (full 1):
 def new generation   total 8832K, used 7885K [0x05200000, 0x05b90000, 0x0a750000)
  eden space 7872K,  87% used [0x05200000, 0x058c34d0, 0x059b0000)
  from space 960K, 100% used [0x05aa0000, 0x05b90000, 0x05b90000)
  to   space 960K,   0% used [0x059b0000, 0x059b0000, 0x05aa0000)
 tenured generation   total 19520K, used 16285K [0x0a750000, 0x0ba60000, 0x15200000)
   the space 19520K,  83% used [0x0a750000, 0x0b7376d0, 0x0b737800, 0x0ba60000)
 Metaspace       used 16259K, capacity 16681K, committed 16768K, reserved 16768K
}
Event: 11.746 GC heap after
{Heap after GC invocations=15 (full 1):
 def new generation   total 8832K, used 960K [0x05200000, 0x05b90000, 0x0a750000)
  eden space 7872K,   0% used [0x05200000, 0x05200000, 0x059b0000)
  from space 960K, 100% used [0x059b0000, 0x05aa0000, 0x05aa0000)
  to   space 960K,   0% used [0x05aa0000, 0x05aa0000, 0x05b90000)
 tenured generation   total 19520K, used 17541K [0x0a750000, 0x0ba60000, 0x15200000)
   the space 19520K,  89% used [0x0a750000, 0x0b8715e0, 0x0b871600, 0x0ba60000)
 Metaspace       used 16259K, capacity 16681K, committed 16768K, reserved 16768K
}

Deoptimization events (12 events):
Event: 0.824 Thread 0x162ae400 DEOPT PACKING pc=0x0317ea4f sp=0x1964e330
Event: 0.824 Thread 0x162ae400 DEOPT UNPACKING pc=0x0308c187 sp=0x1964e250 mode 3
Event: 0.826 Thread 0x162ae400 DEOPT PACKING pc=0x031ae971 sp=0x1964e4b0
Event: 0.826 Thread 0x162ae400 DEOPT UNPACKING pc=0x0308c187 sp=0x1964e3d4 mode 3
Event: 0.925 Thread 0x162ae400 DEOPT PACKING pc=0x031f19cc sp=0x1964e4a0
Event: 0.925 Thread 0x162ae400 DEOPT UNPACKING pc=0x0308c187 sp=0x1964e350 mode 3
Event: 3.513 Thread 0x15a82400 DEOPT PACKING pc=0x0326cd7d sp=0x15f3e570
Event: 3.513 Thread 0x15a82400 DEOPT UNPACKING pc=0x0308c187 sp=0x15f3e49c mode 3
Event: 13.413 Thread 0x162ae400 DEOPT PACKING pc=0x032219e4 sp=0x1964cec0
Event: 13.413 Thread 0x162ae400 DEOPT UNPACKING pc=0x0308c187 sp=0x1964cd5c mode 0
Event: 13.413 Thread 0x162ae400 DEOPT PACKING pc=0x032219e4 sp=0x1964e8c0
Event: 13.413 Thread 0x162ae400 DEOPT UNPACKING pc=0x0308c187 sp=0x1964e75c mode 0

Classes redefined (0 events):
No events

Internal exceptions (20 events):
Event: 0.870 Thread 0x162ae400 Exception <a 'java/lang/ClassNotFoundException'{0x05388bc0}: com/sun/javafx/scene/control/skin/resources/controls> (0x05388bc0) thrown at [s\src\hotspot\share\prims\jni.cpp, line 638]
Event: 0.870 Thread 0x162ae400 Exception <a 'java/lang/ClassNotFoundException'{0x05396058}: com/sun/javafx/scene/control/skin/resources/controls_es> (0x05396058) thrown at [s\src\hotspot\share\prims\jni.cpp, line 638]
Event: 0.870 Thread 0x162ae400 Exception <a 'java/lang/ClassNotFoundException'{0x053a3258}: com/sun/javafx/scene/control/skin/resources/controls_es_MX> (0x053a3258) thrown at [s\src\hotspot\share\prims\jni.cpp, line 638]
Event: 0.891 Thread 0x162ae400 Exception <a 'java/lang/NoSuchMethodError'{0x055415f8}: 'void java.lang.invoke.DirectMethodHandle$Holder.invokeSpecial(java.lang.Object, java.lang.Object, java.lang.Object, java.lang.Object, java.lang.Object, java.lang.Object)'> (0x055415f8) thrown at [s\src\hotspot\share\interpreter\linkResolver.cpp, line 773]
Event: 0.906 Thread 0x162ae400 Exception <a 'java/lang/NoSuchMethodError'{0x0579cb38}: 'java.lang.Object java.lang.invoke.DirectMethodHandle$Holder.invokeInterface(java.lang.Object, java.lang.Object, java.lang.Object)'> (0x0579cb38) thrown at [s\src\hotspot\share\interpreter\linkResolver.cpp, line 773]
Event: 0.907 Thread 0x162ae400 Exception <a 'java/lang/IncompatibleClassChangeError'{0x0579fac8}: Found class java.lang.Object, but interface was expected> (0x0579fac8) thrown at [s\src\hotspot\share\interpreter\linkResolver.cpp, line 839]
Event: 0.952 Thread 0x15a82400 Exception <a 'java/lang/NoSuchMethodError'{0x05274850}: 'int java.lang.invoke.DirectMethodHandle$Holder.invokeStaticInit(java.lang.Object, java.lang.Object)'> (0x05274850) thrown at [s\src\hotspot\share\interpreter\linkResolver.cpp, line 773]
Event: 0.956 Thread 0x162ae400 Exception <a 'java/lang/NoSuchMethodError'{0x052a51f0}: 'long java.lang.invoke.DirectMethodHandle$Holder.invokeStaticInit(java.lang.Object, java.lang.Object, java.lang.Object)'> (0x052a51f0) thrown at [s\src\hotspot\share\interpreter\linkResolver.cpp, line 773]
Event: 0.958 Thread 0x162ae400 Exception <a 'java/lang/NoSuchMethodError'{0x052f7e20}: 'java.lang.Object java.lang.invoke.DirectMethodHandle$Holder.invokeStatic(java.lang.Object, java.lang.Object, long)'> (0x052f7e20) thrown at [s\src\hotspot\share\interpreter\linkResolver.cpp, line 773]
Event: 0.958 Thread 0x162ae400 Exception <a 'java/lang/NoSuchMethodError'{0x052fd870}: 'java.lang.Object java.lang.invoke.Invokers$Holder.linkToTargetMethod(java.lang.Object, long, java.lang.Object)'> (0x052fd870) thrown at [s\src\hotspot\share\interpreter\linkResolver.cpp, line 773]
Event: 1.749 Thread 0x162ae400 Exception <a 'java/lang/NoSuchMethodError'{0x057969b0}: 'java.lang.Object java.lang.invoke.DirectMethodHandle$Holder.invokeStatic(java.lang.Object, java.lang.Object, int, int, int, int, int, java.lang.Object)'> (0x057969b0) thrown at [s\src\hotspot\share\interpreter\linkResolver.cpp, line 773]
Event: 1.749 Thread 0x162ae400 Exception <a 'java/lang/NoSuchMethodError'{0x057a6178}: 'java.lang.Object java.lang.invoke.DirectMethodHandle$Holder.invokeStatic(java.lang.Object, java.lang.Object, java.lang.Object, int, int, int, int, int)'> (0x057a6178) thrown at [s\src\hotspot\share\interpreter\linkResolver.cpp, line 773]
Event: 1.749 Thread 0x162ae400 Exception <a 'java/lang/NoSuchMethodError'{0x057ac268}: 'java.lang.Object java.lang.invoke.Invokers$Holder.linkToTargetMethod(java.lang.Object, java.lang.Object, int, int, int, int, int, java.lang.Object)'> (0x057ac268) thrown at [s\src\hotspot\share\interpreter\linkResolver.cpp, line 773]
Event: 1.822 Thread 0x162ae400 Exception <a 'java/io/FileNotFoundException'{0x05820a40}> (0x05820a40) thrown at [s\src\hotspot\share\prims\jni.cpp, line 617]
Event: 1.828 Thread 0x162ae400 Exception <a 'java/io/FileNotFoundException'{0x05871ce0}> (0x05871ce0) thrown at [s\src\hotspot\share\prims\jni.cpp, line 617]
Event: 8.675 Thread 0x15a82400 Exception <a 'java/lang/NoSuchMethodError'{0x05657d30}: 'java.lang.Object java.lang.invoke.DirectMethodHandle$Holder.invokeStaticInit(java.lang.Object, int)'> (0x05657d30) thrown at [s\src\hotspot\share\interpreter\linkResolver.cpp, line 773]
Event: 13.440 Thread 0x162ae400 Exception <a 'java/lang/IllegalArgumentException'{0x0593e9e0}> (0x0593e9e0) thrown at [s\src\hotspot\share\prims\jvm.cpp, line 1310]
Event: 13.463 Thread 0x162ae400 Exception <a 'java/lang/IllegalArgumentException'{0x0594f140}> (0x0594f140) thrown at [s\src\hotspot\share\prims\jvm.cpp, line 1310]
Event: 13.474 Thread 0x162ae400 Exception <a 'java/lang/IllegalArgumentException'{0x0595ab00}> (0x0595ab00) thrown at [s\src\hotspot\share\prims\jvm.cpp, line 1310]
Event: 13.490 Thread 0x162ae400 Exception <a 'java/lang/IllegalArgumentException'{0x05969a60}> (0x05969a60) thrown at [s\src\hotspot\share\prims\jvm.cpp, line 1310]

Events (20 events):
Event: 8.636 Executing VM operation: GenCollectForAllocation
Event: 8.641 Executing VM operation: GenCollectForAllocation done
Event: 11.093 Executing VM operation: RevokeBias
Event: 11.094 Executing VM operation: RevokeBias done
Event: 11.743 Executing VM operation: GenCollectForAllocation
Event: 11.746 Executing VM operation: GenCollectForAllocation done
Event: 11.775 loading class com/sun/prism/impl/ManagedResource
Event: 11.775 loading class com/sun/prism/impl/ManagedResource done
Event: 11.776 loading class com/sun/prism/impl/BaseResourcePool$Predicate
Event: 11.776 loading class com/sun/prism/impl/BaseResourcePool$Predicate done
Event: 11.785 Executing VM operation: RevokeBias
Event: 11.785 Executing VM operation: RevokeBias done
Event: 13.411 loading class javafx/application/Application
Event: 13.411 loading class javafx/application/Application done
Event: 13.411 loading class javafx/application/Application
Event: 13.411 loading class javafx/application/Application done
Event: 13.440 loading class java/lang/Throwable$WrappedPrintStream
Event: 13.440 loading class java/lang/Throwable$PrintStreamOrWriter
Event: 13.440 loading class java/lang/Throwable$PrintStreamOrWriter done
Event: 13.440 loading class java/lang/Throwable$WrappedPrintStream done


Dynamic libraries:
0x002b0000 - 0x002bc000 	C:\Program Files (x86)\Eclipse Adoptium\jdk-11.0.21.9-hotspot\bin\java.exe
0x76f20000 - 0x770d1000 	C:\WINDOWS\SYSTEM32\ntdll.dll
0x75520000 - 0x75610000 	C:\WINDOWS\System32\KERNEL32.DLL
0x767d0000 - 0x76a45000 	C:\WINDOWS\System32\KERNELBASE.dll
0x73ee0000 - 0x73f86000 	C:\WINDOWS\SYSTEM32\apphelp.dll
0x756d0000 - 0x757e2000 	C:\WINDOWS\System32\ucrtbase.dll
0x6e280000 - 0x6e293000 	C:\Program Files (x86)\Eclipse Adoptium\jdk-11.0.21.9-hotspot\bin\VCRUNTIME140.dll
0x6e2a0000 - 0x6e2b5000 	C:\Program Files (x86)\Eclipse Adoptium\jdk-11.0.21.9-hotspot\bin\jli.dll
0x76a80000 - 0x76c29000 	C:\WINDOWS\System32\USER32.dll
0x6db90000 - 0x6ddb8000 	C:\WINDOWS\WinSxS\x86_microsoft.windows.common-controls_6595b64144ccf1df_6.0.22621.3235_none_6ebcabb88802389e\COMCTL32.dll
0x74d10000 - 0x74d2a000 	C:\WINDOWS\System32\win32u.dll
0x74da0000 - 0x74e64000 	C:\WINDOWS\System32\msvcrt.dll
0x76a50000 - 0x76a73000 	C:\WINDOWS\System32\GDI32.dll
0x75b80000 - 0x75c62000 	C:\WINDOWS\System32\gdi32full.dll
0x75c70000 - 0x75ce9000 	C:\WINDOWS\System32\msvcp_win.dll
0x74ce0000 - 0x74d05000 	C:\WINDOWS\System32\IMM32.DLL
0x6cfd0000 - 0x6d03f000 	C:\Program Files (x86)\Eclipse Adoptium\jdk-11.0.21.9-hotspot\bin\msvcp140.dll
0x6b270000 - 0x6b74b000 	C:\Program Files (x86)\Eclipse Adoptium\jdk-11.0.21.9-hotspot\bin\client\jvm.dll
0x76da0000 - 0x76e1f000 	C:\WINDOWS\System32\ADVAPI32.dll
0x76c50000 - 0x76cd5000 	C:\WINDOWS\System32\sechost.dll
0x76d80000 - 0x76d9a000 	C:\WINDOWS\System32\bcrypt.dll
0x75610000 - 0x756ca000 	C:\WINDOWS\System32\RPCRT4.dll
0x74d90000 - 0x74d96000 	C:\WINDOWS\System32\PSAPI.DLL
0x72770000 - 0x727a1000 	C:\WINDOWS\SYSTEM32\WINMM.dll
0x70070000 - 0x70078000 	C:\WINDOWS\SYSTEM32\WSOCK32.dll
0x74a60000 - 0x74a68000 	C:\WINDOWS\SYSTEM32\VERSION.dll
0x75050000 - 0x750af000 	C:\WINDOWS\System32\WS2_32.dll
0x74a70000 - 0x74a83000 	C:\WINDOWS\SYSTEM32\kernel.appcore.dll
0x6e900000 - 0x6e90d000 	C:\Program Files (x86)\Eclipse Adoptium\jdk-11.0.21.9-hotspot\bin\verify.dll
0x6bfb0000 - 0x6c186000 	C:\WINDOWS\SYSTEM32\DBGHELP.DLL
0x757f0000 - 0x75a6c000 	C:\WINDOWS\System32\combase.dll
0x76ce0000 - 0x76d7c000 	C:\WINDOWS\System32\OLEAUT32.dll
0x6cfa0000 - 0x6cfc9000 	C:\WINDOWS\SYSTEM32\dbgcore.DLL
0x753b0000 - 0x75412000 	C:\WINDOWS\System32\bcryptPrimitives.dll
0x6cf70000 - 0x6cf92000 	C:\Program Files (x86)\Eclipse Adoptium\jdk-11.0.21.9-hotspot\bin\java.dll
0x6e270000 - 0x6e279000 	C:\Program Files (x86)\Eclipse Adoptium\jdk-11.0.21.9-hotspot\bin\jimage.dll
0x6cf60000 - 0x6cf6d000 	C:\Program Files (x86)\Eclipse Adoptium\jdk-11.0.21.9-hotspot\bin\instrument.dll
0x6df30000 - 0x6df46000 	C:\Program Files (x86)\Eclipse Adoptium\jdk-11.0.21.9-hotspot\bin\zip.dll
0x75cf0000 - 0x76389000 	C:\WINDOWS\System32\SHELL32.dll
0x71e70000 - 0x7255f000 	C:\WINDOWS\SYSTEM32\windows.storage.dll
0x716c0000 - 0x71787000 	C:\WINDOWS\SYSTEM32\wintypes.dll
0x75170000 - 0x75231000 	C:\WINDOWS\System32\SHCORE.dll
0x74d40000 - 0x74d8b000 	C:\WINDOWS\System32\shlwapi.dll
0x70050000 - 0x70069000 	C:\WINDOWS\SYSTEM32\profapi.dll
0x6de10000 - 0x6de24000 	C:\Program Files (x86)\Eclipse Adoptium\jdk-11.0.21.9-hotspot\bin\net.dll
0x73c80000 - 0x73d5c000 	C:\WINDOWS\SYSTEM32\WINHTTP.dll
0x6fae0000 - 0x6fb31000 	C:\WINDOWS\system32\mswsock.dll
0x6e260000 - 0x6e26f000 	C:\Program Files (x86)\Eclipse Adoptium\jdk-11.0.21.9-hotspot\bin\nio.dll
0x6cf40000 - 0x6cf56000 	C:\Users\luigu\AppData\Local\Programs\IntelliJ IDEA Ultimate\bin\breakgen.dll
0x6cf30000 - 0x6cf33000 	C:\Users\luigu\.openjfx\cache\17.0.6\api-ms-win-core-console-l1-1-0.dll
0x6cf20000 - 0x6cf23000 	C:\Users\luigu\.openjfx\cache\17.0.6\api-ms-win-core-console-l1-2-0.dll
0x6cf10000 - 0x6cf13000 	C:\Users\luigu\.openjfx\cache\17.0.6\api-ms-win-core-datetime-l1-1-0.dll
0x6cf00000 - 0x6cf03000 	C:\Users\luigu\.openjfx\cache\17.0.6\api-ms-win-core-debug-l1-1-0.dll
0x6cef0000 - 0x6cef3000 	C:\Users\luigu\.openjfx\cache\17.0.6\api-ms-win-core-errorhandling-l1-1-0.dll
0x6c640000 - 0x6c644000 	C:\Users\luigu\.openjfx\cache\17.0.6\api-ms-win-core-file-l1-1-0.dll
0x6c630000 - 0x6c633000 	C:\Users\luigu\.openjfx\cache\17.0.6\api-ms-win-core-file-l1-2-0.dll
0x6c620000 - 0x6c623000 	C:\Users\luigu\.openjfx\cache\17.0.6\api-ms-win-core-file-l2-1-0.dll
0x6c610000 - 0x6c613000 	C:\Users\luigu\.openjfx\cache\17.0.6\api-ms-win-core-handle-l1-1-0.dll
0x6c600000 - 0x6c603000 	C:\Users\luigu\.openjfx\cache\17.0.6\api-ms-win-core-heap-l1-1-0.dll
0x6c5f0000 - 0x6c5f3000 	C:\Users\luigu\.openjfx\cache\17.0.6\api-ms-win-core-interlocked-l1-1-0.dll
0x6c5e0000 - 0x6c5e3000 	C:\Users\luigu\.openjfx\cache\17.0.6\api-ms-win-core-libraryloader-l1-1-0.dll
0x6bfa0000 - 0x6bfa3000 	C:\Users\luigu\.openjfx\cache\17.0.6\api-ms-win-core-localization-l1-2-0.dll
0x6bf90000 - 0x6bf93000 	C:\Users\luigu\.openjfx\cache\17.0.6\api-ms-win-core-memory-l1-1-0.dll
0x6bf80000 - 0x6bf83000 	C:\Users\luigu\.openjfx\cache\17.0.6\api-ms-win-core-namedpipe-l1-1-0.dll
0x6bf70000 - 0x6bf73000 	C:\Users\luigu\.openjfx\cache\17.0.6\api-ms-win-core-processenvironment-l1-1-0.dll
0x6bf50000 - 0x6bf53000 	C:\Users\luigu\.openjfx\cache\17.0.6\api-ms-win-core-processthreads-l1-1-0.dll
0x6bf40000 - 0x6bf43000 	C:\Users\luigu\.openjfx\cache\17.0.6\api-ms-win-core-processthreads-l1-1-1.dll
0x6bf20000 - 0x6bf23000 	C:\Users\luigu\.openjfx\cache\17.0.6\api-ms-win-core-profile-l1-1-0.dll
0x6bf10000 - 0x6bf13000 	C:\Users\luigu\.openjfx\cache\17.0.6\api-ms-win-core-rtlsupport-l1-1-0.dll
0x6bf00000 - 0x6bf03000 	C:\Users\luigu\.openjfx\cache\17.0.6\api-ms-win-core-string-l1-1-0.dll
0x6bef0000 - 0x6bef3000 	C:\Users\luigu\.openjfx\cache\17.0.6\api-ms-win-core-synch-l1-1-0.dll
0x6bee0000 - 0x6bee3000 	C:\Users\luigu\.openjfx\cache\17.0.6\api-ms-win-core-synch-l1-2-0.dll
0x6bed0000 - 0x6bed3000 	C:\Users\luigu\.openjfx\cache\17.0.6\api-ms-win-core-sysinfo-l1-1-0.dll
0x6bec0000 - 0x6bec3000 	C:\Users\luigu\.openjfx\cache\17.0.6\api-ms-win-core-timezone-l1-1-0.dll
0x6beb0000 - 0x6beb3000 	C:\Users\luigu\.openjfx\cache\17.0.6\api-ms-win-core-util-l1-1-0.dll
0x6bea0000 - 0x6bea3000 	C:\Users\luigu\.openjfx\cache\17.0.6\api-ms-win-crt-conio-l1-1-0.dll
0x6be90000 - 0x6be94000 	C:\Users\luigu\.openjfx\cache\17.0.6\api-ms-win-crt-convert-l1-1-0.dll
0x6be80000 - 0x6be83000 	C:\Users\luigu\.openjfx\cache\17.0.6\api-ms-win-crt-environment-l1-1-0.dll
0x6be70000 - 0x6be73000 	C:\Users\luigu\.openjfx\cache\17.0.6\api-ms-win-crt-filesystem-l1-1-0.dll
0x6be60000 - 0x6be63000 	C:\Users\luigu\.openjfx\cache\17.0.6\api-ms-win-crt-heap-l1-1-0.dll
0x6be50000 - 0x6be53000 	C:\Users\luigu\.openjfx\cache\17.0.6\api-ms-win-crt-locale-l1-1-0.dll
0x6be40000 - 0x6be45000 	C:\Users\luigu\.openjfx\cache\17.0.6\api-ms-win-crt-math-l1-1-0.dll
0x6be30000 - 0x6be35000 	C:\Users\luigu\.openjfx\cache\17.0.6\api-ms-win-crt-multibyte-l1-1-0.dll
0x6be20000 - 0x6be30000 	C:\Users\luigu\.openjfx\cache\17.0.6\api-ms-win-crt-private-l1-1-0.dll
0x6be10000 - 0x6be13000 	C:\Users\luigu\.openjfx\cache\17.0.6\api-ms-win-crt-process-l1-1-0.dll
0x6be00000 - 0x6be04000 	C:\Users\luigu\.openjfx\cache\17.0.6\api-ms-win-crt-runtime-l1-1-0.dll
0x6bdf0000 - 0x6bdf4000 	C:\Users\luigu\.openjfx\cache\17.0.6\api-ms-win-crt-stdio-l1-1-0.dll
0x6bde0000 - 0x6bde4000 	C:\Users\luigu\.openjfx\cache\17.0.6\api-ms-win-crt-string-l1-1-0.dll
0x6bdd0000 - 0x6bdd3000 	C:\Users\luigu\.openjfx\cache\17.0.6\api-ms-win-crt-time-l1-1-0.dll
0x6bdc0000 - 0x6bdc3000 	C:\Users\luigu\.openjfx\cache\17.0.6\api-ms-win-crt-utility-l1-1-0.dll
0x6b930000 - 0x6ba53000 	C:\Users\luigu\.openjfx\cache\17.0.6\ucrtbase.dll
0x6bda0000 - 0x6bdb4000 	C:\Users\luigu\.openjfx\cache\17.0.6\vcruntime140.dll
0x6bd30000 - 0x6bd9d000 	C:\Users\luigu\.openjfx\cache\17.0.6\msvcp140.dll
0x6bd20000 - 0x6bd27000 	C:\Users\luigu\.openjfx\cache\17.0.6\msvcp140_1.dll
0x6bcf0000 - 0x6bd19000 	C:\Users\luigu\.openjfx\cache\17.0.6\msvcp140_2.dll
0x6b900000 - 0x6b926000 	C:\Users\luigu\.openjfx\cache\17.0.6\prism_d3d.dll
0x6b0f0000 - 0x6b261000 	C:\WINDOWS\system32\d3d9.dll
0x6e110000 - 0x6e134000 	C:\WINDOWS\SYSTEM32\dwmapi.dll
0x74080000 - 0x740ae000 	C:\WINDOWS\SYSTEM32\dxcore.dll
0x73fc0000 - 0x7403f000 	C:\WINDOWS\system32\uxtheme.dll
0x6b870000 - 0x6b900000 	C:\WINDOWS\SYSTEM32\d3d9on12.dll
0x73e10000 - 0x73eda000 	C:\WINDOWS\SYSTEM32\dxgi.dll
0x6b810000 - 0x6b82d000 	C:\WINDOWS\SYSTEM32\d3d12.dll
0x72620000 - 0x7265d000 	C:\WINDOWS\SYSTEM32\cfgmgr32.dll
0x6af40000 - 0x6b0f0000 	C:\WINDOWS\SYSTEM32\D3D12Core.dll
0x6b7f0000 - 0x6b80d000 	C:\WINDOWS\System32\DriverStore\FileRepository\iigd_dch.inf_amd64_3c65364e14984512\igd12umd32.dll
0x63b00000 - 0x6472a000 	C:\WINDOWS\System32\DriverStore\FileRepository\iigd_dch.inf_amd64_3c65364e14984512\igd12um32xel.dll
0x75240000 - 0x75343000 	C:\WINDOWS\System32\CRYPT32.dll
0x74b80000 - 0x74cd5000 	C:\WINDOWS\System32\ole32.dll
0x6b7b0000 - 0x6b7e5000 	C:\WINDOWS\SYSTEM32\ControlLib32.dll
0x76390000 - 0x767cd000 	C:\WINDOWS\System32\SETUPAPI.dll
0x6e600000 - 0x6e624000 	C:\WINDOWS\SYSTEM32\DEVOBJ.dll
0x6aec0000 - 0x6af32000 	C:\WINDOWS\System32\DriverStore\FileRepository\iigd_dch.inf_amd64_3c65364e14984512\IntelControlLib32.dll
0x76eb0000 - 0x76f07000 	C:\WINDOWS\System32\WINTRUST.dll
0x6e5f0000 - 0x6e5fe000 	C:\WINDOWS\SYSTEM32\MSASN1.dll
0x6d5f0000 - 0x6d62c000 	C:\WINDOWS\SYSTEM32\directxdatabasehelper.dll
0x6ab90000 - 0x6aebf000 	C:\WINDOWS\System32\DriverStore\FileRepository\iigd_dch.inf_amd64_3c65364e14984512\igdgmm32.dll
0x67490000 - 0x6ab15000 	C:\WINDOWS\System32\DriverStore\FileRepository\iigd_dch.inf_amd64_3c65364e14984512\igc32.dll
0x6b780000 - 0x6b7a1000 	C:\WINDOWS\SYSTEM32\D3DSCache.dll
0x73f90000 - 0x73faf000 	C:\WINDOWS\SYSTEM32\USERENV.dll
0x62880000 - 0x63afb000 	C:\WINDOWS\System32\DriverStore\FileRepository\iigd_dch.inf_amd64_3c65364e14984512\igd12dxva32.dll
0x60b90000 - 0x62880000 	C:\WINDOWS\System32\DriverStore\FileRepository\iigd_dch.inf_amd64_3c65364e14984512\media_bin_32.dll
0x6b760000 - 0x6b780000 	C:\WINDOWS\System32\DriverStore\FileRepository\iigd_dch.inf_amd64_3c65364e14984512\igdinfo32.dll
0x716a0000 - 0x716b5000 	C:\WINDOWS\SYSTEM32\CRYPTSP.dll
0x71670000 - 0x716a0000 	C:\WINDOWS\system32\rsaenh.dll
0x71350000 - 0x7135b000 	C:\WINDOWS\SYSTEM32\CRYPTBASE.dll
0x56ef0000 - 0x570dc000 	C:\WINDOWS\SYSTEM32\twinapi.appcore.dll
0x67450000 - 0x67487000 	C:\Users\luigu\.openjfx\cache\17.0.6\glass.dll

dbghelp: loaded successfully - version: 4.0.5 - missing functions: none
symbol engine: initialized successfully - sym options: 0x614 - pdb path: .;C:\Program Files (x86)\Eclipse Adoptium\jdk-11.0.21.9-hotspot\bin;C:\WINDOWS\SYSTEM32;C:\WINDOWS\WinSxS\x86_microsoft.windows.common-controls_6595b64144ccf1df_6.0.22621.3235_none_6ebcabb88802389e;C:\Program Files (x86)\Eclipse Adoptium\jdk-11.0.21.9-hotspot\bin\client;C:\Users\luigu\AppData\Local\Programs\IntelliJ IDEA Ultimate\bin;C:\Users\luigu\.openjfx\cache\17.0.6;C:\WINDOWS\System32\DriverStore\FileRepository\iigd_dch.inf_amd64_3c65364e14984512;C:\ProgramData\A-Volute\A-Volute.Nahimic\Modules\Scheduled;C:\Program Files (x86)\Common Files\Microsoft Shared\Ink

VM Arguments:
jvm_args: -javaagent:C:\Users\luigu\AppData\Local\Programs\IntelliJ IDEA Ultimate\lib\idea_rt.jar=49921:C:\Users\luigu\AppData\Local\Programs\IntelliJ IDEA Ultimate\bin -Dfile.encoding=UTF-8 --module-path=C:\Users\luigu\.m2\repository\com\dlsc\formsfx\formsfx-core\11.6.0\formsfx-core-11.6.0.jar;C:\Users\luigu\.m2\repository\org\openjfx\javafx-controls\17.0.6\javafx-controls-17.0.6-win-x86.jar;C:\Users\luigu\IdeaProjects\Joyeria_ProyectoMult\target\classes;C:\Users\luigu\.m2\repository\org\openjfx\javafx-fxml\17.0.6\javafx-fxml-17.0.6-win-x86.jar;C:\Users\luigu\.m2\repository\org\kordamp\bootstrapfx\bootstrapfx-core\0.4.0\bootstrapfx-core-0.4.0.jar;C:\Users\luigu\.m2\repository\org\openjfx\javafx-base\17.0.6\javafx-base-17.0.6-win-x86.jar;C:\Users\luigu\.m2\repository\org\controlsfx\controlsfx\11.1.2\controlsfx-11.1.2.jar;C:\Users\luigu\.m2\repository\net\synedra\validatorfx\0.4.0\validatorfx-0.4.0.jar;C:\Users\luigu\.m2\repository\org\openjfx\javafx-graphics\17.0.6\javafx-graphics-17.0.6-win-x86.jar -Djdk.module.main=com.eduard034.joyeria_proyectomult 
java_command: com.eduard034.joyeria_proyectomult/com.eduard034.joyeria_proyectomult.JoyeriaApp
java_class_path (initial): C:\Users\luigu\.m2\repository\org\openjfx\javafx-controls\17.0.6\javafx-controls-17.0.6.jar;C:\Users\luigu\.m2\repository\org\openjfx\javafx-graphics\17.0.6\javafx-graphics-17.0.6.jar;C:\Users\luigu\.m2\repository\org\openjfx\javafx-base\17.0.6\javafx-base-17.0.6.jar;C:\Users\luigu\.m2\repository\org\openjfx\javafx-fxml\17.0.6\javafx-fxml-17.0.6.jar
Launcher Type: SUN_STANDARD

[Global flags]
   size_t InitialHeapSize                          = 16777216                                  {product} {ergonomic}
   size_t MaxHeapSize                              = 268435456                                 {product} {ergonomic}
   size_t MaxNewSize                               = 89456640                                  {product} {ergonomic}
   size_t MinHeapDeltaBytes                        = 131072                                    {product} {ergonomic}
   size_t NewSize                                  = 5570560                                   {product} {ergonomic}
    uintx NonProfiledCodeHeapSize                  = 0                                      {pd product} {ergonomic}
   size_t OldSize                                  = 11206656                                  {product} {ergonomic}
    uintx ProfiledCodeHeapSize                     = 0                                      {pd product} {ergonomic}
     bool ThreadLocalHandshakes                    = false                                  {pd product} {ergonomic}
     bool UseLargePagesIndividualAllocation        = false                                  {pd product} {ergonomic}
     bool UseSerialGC                              = true                                      {product} {ergonomic}

Logging:
Log output configuration:
 #0: stdout all=warning uptime,level,tags
 #1: stderr all=off uptime,level,tags

Environment Variables:
PATH=C:\Program Files (x86)\Eclipse Adoptium\jre-11.0.21.9-hotspot\bin;C:\Program Files (x86)\Eclipse Adoptium\jdk-11.0.21.9-hotspot\bin;C:\Program Files (x86)\VMware\VMware Player\bin\;C:\Windows\system32;C:\Windows;C:\Windows\System32\Wbem;C:\Windows\System32\WindowsPowerShell\v1.0\;C:\Windows\System32\OpenSSH\;C:\Program Files (x86)\NVIDIA Corporation\PhysX\Common;C:\Program Files\NVIDIA Corporation\NVIDIA NvDLISR;C:\WINDOWS\system32;C:\WINDOWS;C:\WINDOWS\System32\Wbem;C:\WINDOWS\System32\WindowsPowerShell\v1.0\;C:\WINDOWS\System32\OpenSSH\;C:\Program Files\Git\cmd;C:\Users\luigu\AppData\Local\Microsoft\WindowsApps;C:\Users\luigu\AppData\Local\Programs\Microsoft VS Code\bin;C:\Users\luigu\AppData\Local\JetBrains\Toolbox\scripts;C:\Users\luigu\AppData\Local\GitHubDesktop\bin
USERNAME=luigu
OS=Windows_NT
PROCESSOR_IDENTIFIER=Intel64 Family 6 Model 154 Stepping 3, GenuineIntel
TMP=C:\Users\luigu\AppData\Local\Temp
TEMP=C:\Users\luigu\AppData\Local\Temp



---------------  S Y S T E M  ---------------

OS: Windows 11 , 64 bit Build 22621 (10.0.22621.3374)
OS uptime: 4 days 13:09 hours

CPU:total 12 (initial active 12) (6 cores per cpu, 2 threads per core) family 6 model 154 stepping 3 microcode 0x419, cmov, cx8, fxsr, mmx, sse, sse2, sse3, ssse3, sse4.1, sse4.2, popcnt, avx, avx2, aes, clmul, erms, 3dnowpref, lzcnt, ht, tsc, tscinvbit, bmi1, bmi2, adx, sha, fma

Memory: 4k page, system-wide physical 7917M (865M free)
TotalPageFile size 19693M (AvailPageFile size 6403M), user-mode portion of virtual address-space 2047M (1234M free)
current process WorkingSet (physical memory assigned to process): 257M, peak: 273M
current process commit charge ("private bytes"): 248M, peak: 255M

vm_info: OpenJDK Client VM (11.0.21+9) for windows-x86 JRE (11.0.21+9), built on Oct 17 2023 17:27:10 by "" with MS VC++ 15.9 (VS2017)

END.
