#
# A fatal error has been detected by the Java Runtime Environment:
#
#  EXCEPTION_ACCESS_VIOLATION (0xc0000005) at pc=0x61206c62, pid=15076, tid=13336
#
# JRE version: OpenJDK Runtime Environment Temurin-11.0.21+9 (11.0.21+9) (build 11.0.21+9)
# Java VM: OpenJDK Client VM Temurin-11.0.21+9 (11.0.21+9, mixed mode, serial gc, windows-x86)
# Problematic frame:
# C  [glass.dll+0x16c62]
#
# No core dump will be written. Minidumps are not enabled by default on client versions of Windows
#
# If you would like to submit a bug report, please visit:
#   https://github.com/adoptium/adoptium-support/issues
# The crash happened outside the Java Virtual Machine in native code.
# See problematic frame for where to report the bug.
#

---------------  S U M M A R Y ------------

Command Line: -javaagent:C:\Users\luigu\AppData\Local\Programs\IntelliJ IDEA Ultimate\lib\idea_rt.jar=51517:C:\Users\luigu\AppData\Local\Programs\IntelliJ IDEA Ultimate\bin -Dfile.encoding=UTF-8 --module-path=C:\Users\luigu\.m2\repository\org\openjfx\javafx-base\17.0.6\javafx-base-17.0.6-win-x86.jar;C:\Users\luigu\.m2\repository\org\kordamp\bootstrapfx\bootstrapfx-core\0.4.0\bootstrapfx-core-0.4.0.jar;C:\Users\luigu\.m2\repository\org\openjfx\javafx-graphics\17.0.6\javafx-graphics-17.0.6-win-x86.jar;C:\Users\luigu\.m2\repository\org\controlsfx\controlsfx\11.1.2\controlsfx-11.1.2.jar;C:\Users\luigu\.m2\repository\org\openjfx\javafx-fxml\17.0.6\javafx-fxml-17.0.6-win-x86.jar;C:\Users\luigu\IdeaProjects\Joyeria_ProyectoMult\target\classes;C:\Users\luigu\.m2\repository\com\dlsc\formsfx\formsfx-core\11.6.0\formsfx-core-11.6.0.jar;C:\Users\luigu\.m2\repository\net\synedra\validatorfx\0.4.0\validatorfx-0.4.0.jar;C:\Users\luigu\.m2\repository\org\openjfx\javafx-controls\17.0.6\javafx-controls-17.0.6-win-x86.jar -Djdk.module.main=com.eduard034.joyeria_proyectomult com.eduard034.joyeria_proyectomult/com.eduard034.joyeria_proyectomult.JoyeriaApp

Host: 12th Gen Intel(R) Core(TM) i5-12450H, 12 cores, 7G,  Windows 11 , 64 bit Build 22621 (10.0.22621.3374)
Time: Tue Apr  9 06:35:24 2024 Hora estándar central (México) elapsed time: 11.389999 seconds (0d 0h 0m 11s)

---------------  T H R E A D  ---------------

Current thread (0x1600b800):  JavaThread "JavaFX Application Thread" [_thread_in_native, id=13336, stack(0x19400000,0x19450000)]

Stack: [0x19400000,0x19450000],  sp=0x1944e8fc,  free space=314k
Native frames: (J=compiled Java code, A=aot compiled Java code, j=interpreted, Vv=VM code, C=native code)
C  [glass.dll+0x16c62]

Java frames: (J=compiled Java code, j=interpreted, Vv=VM code)
j  com.sun.glass.ui.win.WinWindow._close(J)Z+0 javafx.graphics
j  com.sun.glass.ui.Window.close()V+63 javafx.graphics
j  com.sun.glass.ui.win.WinWindow.close()V+8 javafx.graphics
j  com.sun.glass.ui.Application.terminate()V+75 javafx.graphics
j  com.sun.javafx.tk.quantum.QuantumToolkit.lambda$exit$13()Ljava/lang/Object;+5 javafx.graphics
j  com.sun.javafx.tk.quantum.QuantumToolkit$$Lambda$441.get()Ljava/lang/Object;+0 javafx.graphics
j  com.sun.javafx.tk.quantum.QuantumToolkit.runWithRenderLock(Ljava/util/function/Supplier;)Ljava/lang/Object;+7 javafx.graphics
j  com.sun.javafx.tk.quantum.QuantumToolkit.exit()V+26 javafx.graphics
j  com.sun.javafx.application.PlatformImpl.lambda$tkExit$16()V+3 javafx.graphics
j  com.sun.javafx.application.PlatformImpl$$Lambda$440.run()V+0 javafx.graphics
j  com.sun.javafx.application.PlatformImpl.lambda$runAndWait$12(Ljava/lang/Runnable;Ljava/util/concurrent/CountDownLatch;)V+1 javafx.graphics
j  com.sun.javafx.application.PlatformImpl$$Lambda$87.run()V+8 javafx.graphics
j  com.sun.javafx.application.PlatformImpl.lambda$runLater$10(Ljava/lang/Runnable;)Ljava/lang/Void;+1 javafx.graphics
j  com.sun.javafx.application.PlatformImpl$$Lambda$90.run()Ljava/lang/Object;+4 javafx.graphics
v  ~StubRoutines::call_stub
J 1341  java.security.AccessController.doPrivileged(Ljava/security/PrivilegedAction;Ljava/security/AccessControlContext;)Ljava/lang/Object; java.base@11.0.21 (0 bytes) @ 0x02fabb87 [0x02fabb20+0x00000067]
j  com.sun.javafx.application.PlatformImpl.lambda$runLater$11(Ljava/lang/Runnable;Ljava/security/AccessControlContext;)V+7 javafx.graphics
j  com.sun.javafx.application.PlatformImpl$$Lambda$88.run()V+8 javafx.graphics
j  com.sun.glass.ui.InvokeLaterDispatcher$Future.run()V+4 javafx.graphics
v  ~StubRoutines::call_stub
j  com.sun.glass.ui.win.WinApplication._runLoop(Ljava/lang/Runnable;)V+0 javafx.graphics
j  com.sun.glass.ui.win.WinApplication.lambda$runLoop$3(ILjava/lang/Runnable;)V+8 javafx.graphics
j  com.sun.glass.ui.win.WinApplication$$Lambda$78.run()V+12 javafx.graphics
j  java.lang.Thread.run()V+11 java.base@11.0.21
v  ~StubRoutines::call_stub

siginfo: EXCEPTION_ACCESS_VIOLATION (0xc0000005), reading address 0x000000b8


Register to memory mapping:

EIP=0x61206c62 glass.dll
EAX=0x0 is NULL
EBX=0x1944eb30 is pointing into the stack for thread: 0x1600b800
ECX=0x0 is NULL
EDX=0x0 is NULL
ESP=0x1944e8fc is pointing into the stack for thread: 0x1600b800
EBP=0x1944e928 is pointing into the stack for thread: 0x1600b800
ESI=0x00000401 is an unknown value
EDI=0x0 is NULL


Registers:
EAX=0x00000000, EBX=0x1944eb30, ECX=0x00000000, EDX=0x00000000
ESP=0x1944e8fc, EBP=0x1944e928, ESI=0x00000401, EDI=0x00000000
EIP=0x61206c62, EFLAGS=0x00010206

Top of Stack: (sp=0x1944e8fc)
0x1944e8fc:   1944eb30 00000401 1944eb30 611f8df8
0x1944e90c:   7b63a075 15ef5ba8 000705aa 00000401
0x1944e91c:   1944ea5c 612102b0 ffffffff 00000000
0x1944e92c:   611f1755 00000401 1944eb30 00000000
0x1944e93c:   00000401 000705aa 1944e974 611f16f0
0x1944e94c:   762a3083 000705aa 00000401 1944eb30
0x1944e95c:   00000000 000705aa dcbaabcd 611f16f0
0x1944e96c:   00000401 000705aa 1944ea6c 76293ec6 

Instructions: (pc=0x61206c62)
0x61206b62:   21 56 e8 47 42 00 00 ff 35 e8 03 22 61 8b f0 ff
0x61206b72:   77 68 56 e8 96 de fe ff 56 e8 a0 41 00 00 83 c4
0x61206b82:   10 5e c7 05 a4 03 22 61 00 00 00 00 5f c3 83 ec
0x61206b92:   24 a1 ec e0 21 61 33 c4 89 44 24 20 8b 44 24 28
0x61206ba2:   53 89 44 24 04 8b d9 8b 44 24 30 89 44 24 08 8b
0x61206bb2:   44 24 38 55 89 44 24 10 8b 44 24 38 56 89 83 84
0x61206bc2:   00 00 00 8b 44 24 0c 89 5c 24 18 bb 00 00 00 80
0x61206bd2:   8b eb 8b f3 57 8b fb 85 c0 79 29 8d 44 24 20 50
0x61206be2:   e8 29 aa fe ff 83 c4 04 85 c0 8b 44 24 10 74 14
0x61206bf2:   8b 74 24 28 8b 5c 24 20 2b f3 8b 7c 24 2c 8b 6c
0x61206c02:   24 24 2b fd 6a 00 50 ff 74 24 1c 68 d8 23 21 61
0x61206c12:   57 56 8b 74 24 34 8b ce 55 53 ff 74 24 38 e8 db
0x61206c22:   a7 fe ff 8b f8 8d 4e 14 57 e8 40 64 00 00 57 8d
0x61206c32:   4e 14 e8 c7 64 00 00 8b 4c 24 30 8b c7 5f 5e 5d
0x61206c42:   5b 33 cc e8 ae 7a 00 00 83 c4 24 c2 10 00 53 8b
0x61206c52:   d9 56 57 ff 73 08 e8 93 a9 fe ff 8b f8 83 c4 04
0x61206c62:   8b 87 b8 00 00 00 85 c0 75 03 8b 47 04 3b 05 a4
0x61206c72:   03 22 61 75 29 e8 34 41 00 00 ff 35 e8 03 22 61
0x61206c82:   8b f0 ff 77 68 56 e8 83 dd fe ff 56 e8 8d 40 00
0x61206c92:   00 83 c4 10 c7 05 a4 03 22 61 00 00 00 00 8d 4f
0x61206ca2:   14 e8 b8 69 00 00 8d 4f 14 e8 e0 69 00 00 ff 73
0x61206cb2:   08 ff 15 f8 fe 21 61 85 c0 5f 0f 95 c0 5e 88 43
0x61206cc2:   04 5b c3 cc cc cc cc cc cc cc cc cc cc cc 55 8b
0x61206cd2:   ec 6a ff 68 f7 11 21 61 64 a1 00 00 00 00 50 83
0x61206ce2:   ec 08 53 56 57 a1 ec e0 21 61 33 c5 50 8d 45 f4
0x61206cf2:   64 a3 00 00 00 00 8b f9 ff 77 18 ff 15 60 ff 21
0x61206d02:   61 85 c0 75 13 0f 57 c0 66 0f 13 45 ec 8b 55 f0
0x61206d12:   8b 45 ec e9 a7 00 00 00 68 dc 00 00 00 e8 96 79
0x61206d22:   00 00 83 c4 04 89 45 f0 c7 45 fc 00 00 00 00 85
0x61206d32:   c0 74 19 ff 77 18 8b c8 6a 01 6a 00 6a 00 6a 00
0x61206d42:   ff 77 10 e8 a6 f9 ff ff 8b d8 eb 02 33 db ff 77
0x61206d52:   18 8b cb c7 45 fc ff ff ff ff 6a 00 68 00 00 10 


Stack slot to memory mapping:
stack at sp + 0 slots: 0x1944eb30 is pointing into the stack for thread: 0x1600b800
stack at sp + 1 slots: 0x00000401 is an unknown value
stack at sp + 2 slots: 0x1944eb30 is pointing into the stack for thread: 0x1600b800
stack at sp + 3 slots: 0x611f8df8 glass.dll
stack at sp + 4 slots: 0x7b63a075 is an unknown value
stack at sp + 5 slots: 0x15ef5ba8 points into unknown readable memory: 0x6121319c | 9c 31 21 61
stack at sp + 6 slots: 0x000705aa is an unknown value
stack at sp + 7 slots: 0x00000401 is an unknown value


---------------  P R O C E S S  ---------------

Threads class SMR info:
_java_thread_list=0x2095cbf8, length=17, elements={
0x02cc0000, 0x02d97800, 0x02d75400, 0x02d94c00,
0x02d96800, 0x1504f800, 0x15050400, 0x15053400,
0x02d9e800, 0x15213400, 0x15999000, 0x15fecc00,
0x1600b800, 0x1610e400, 0x16198400, 0x16238000,
0x2095d000
}

Java Threads: ( => current thread )
  0x02cc0000 JavaThread "main" [_thread_blocked, id=2916, stack(0x02450000,0x024a0000)]
  0x02d97800 JavaThread "Reference Handler" daemon [_thread_blocked, id=10364, stack(0x14e00000,0x14e50000)]
  0x02d75400 JavaThread "Finalizer" daemon [_thread_blocked, id=10980, stack(0x14e90000,0x14ee0000)]
  0x02d94c00 JavaThread "Signal Dispatcher" daemon [_thread_blocked, id=18888, stack(0x15260000,0x152b0000)]
  0x02d96800 JavaThread "Attach Listener" daemon [_thread_blocked, id=5888, stack(0x152f0000,0x15340000)]
  0x1504f800 JavaThread "Service Thread" daemon [_thread_blocked, id=15504, stack(0x15380000,0x153d0000)]
  0x15050400 JavaThread "C1 CompilerThread0" daemon [_thread_blocked, id=1048, stack(0x15410000,0x15460000)]
  0x15053400 JavaThread "Sweeper thread" daemon [_thread_blocked, id=10648, stack(0x154a0000,0x154f0000)]
  0x02d9e800 JavaThread "Common-Cleaner" daemon [_thread_blocked, id=14560, stack(0x15530000,0x15580000)]
  0x15213400 JavaThread "Monitor Ctrl-Break" daemon [_thread_in_native, id=12792, stack(0x155d0000,0x15620000)]
  0x15999000 JavaThread "QuantumRenderer-0" daemon [_thread_blocked, id=14056, stack(0x15cf0000,0x15d40000)]
  0x15fecc00 JavaThread "InvokeLaterDispatcher" daemon [_thread_blocked, id=9724, stack(0x19270000,0x192c0000)]
=>0x1600b800 JavaThread "JavaFX Application Thread" [_thread_in_native, id=13336, stack(0x19400000,0x19450000)]
  0x1610e400 JavaThread "JavaFX-Launcher" [_thread_blocked, id=12936, stack(0x1da20000,0x1da70000)]
  0x16198400 JavaThread "Thread-2" daemon [_thread_in_native, id=2772, stack(0x1d990000,0x1d9e0000)]
  0x16238000 JavaThread "Prism Font Disposer" daemon [_thread_blocked, id=5708, stack(0x1f050000,0x1f0a0000)]
  0x2095d000 JavaThread "Cleaner-0" daemon [_thread_blocked, id=11424, stack(0x22310000,0x22360000)]

Other Threads:
  0x02d73000 VMThread "VM Thread" [stack: 0x02c40000,0x02c90000] [id=15408]
  0x15214800 WatcherThread [stack: 0x15660000,0x156b0000] [id=4848]

Threads with active compile tasks:

VM state:not at safepoint (normal execution)

VM Mutex/Monitor currently owned by a thread: None

Heap:
 def new generation   total 16256K, used 11840K [0x04e00000, 0x05fa0000, 0x0a350000)
  eden space 14464K,  69% used [0x04e00000, 0x057d02d0, 0x05c20000)
  from space 1792K, 100% used [0x05de0000, 0x05fa0000, 0x05fa0000)
  to   space 1792K,   0% used [0x05c20000, 0x05c20000, 0x05de0000)
 tenured generation   total 35988K, used 28467K [0x0a350000, 0x0c675000, 0x14e00000)
   the space 35988K,  79% used [0x0a350000, 0x0bf1cfc8, 0x0bf1d000, 0x0c675000)
 Metaspace       used 14936K, capacity 15247K, committed 15360K, reserved 15744K

Card table byte_map: [0x026b0000,0x02740000] _byte_map_base: 0x02689000

Polling page: 0x02610000

Metaspace:

Usage:
   14.89 MB capacity,    14.59 MB ( 98%) used,   208.41 KB (  1%) free+waste,   101.68 KB ( <1%) overhead. 

Virtual space:
     15.38 MB reserved,      15.00 MB ( 98%) committed 

Chunk freelists:
0 bytes

MaxMetaspaceSize: 4.00 GB
No class space
Initial GC threshold: 12.00 MB
Current GC threshold: 24.79 MB
CDS: off

CodeCache: size=32768Kb used=2656Kb max_used=2656Kb free=30111Kb
 bounds [0x02da0000, 0x03040000, 0x04da0000]
 total_blobs=2286 nmethods=1861 adapters=358
 compilation: enabled
              stopped_count=0, restarted_count=0
 full_count=0

Compilation events (20 events):
Event: 11.149 Thread 0x15050400 1852             com.sun.javafx.event.EventDispatchChainImpl::reset (44 bytes)
Event: 11.149 Thread 0x15050400 nmethod 1852 0x03035108 code [0x03035220, 0x03035300]
Event: 11.168 Thread 0x15050400 1853             jdk.internal.org.objectweb.asm.MethodWriter::visitLabel (321 bytes)
Event: 11.169 Thread 0x15050400 nmethod 1853 0x03035388 code [0x030354e0, 0x03035884]
Event: 11.169 Thread 0x15050400 1854             jdk.internal.org.objectweb.asm.MethodWriter::noSuccessor (95 bytes)
Event: 11.169 Thread 0x15050400 nmethod 1854 0x03035a88 code [0x03035bb0, 0x03035d9c]
Event: 11.169 Thread 0x15050400 1855             jdk.internal.org.objectweb.asm.MethodWriter::visitEnd (1 bytes)
Event: 11.169 Thread 0x15050400 nmethod 1855 0x03035e88 code [0x03035f90, 0x03036010]
Event: 11.169 Thread 0x15050400 1856             jdk.internal.org.objectweb.asm.MethodWriter::getSize (838 bytes)
Event: 11.171 Thread 0x15050400 nmethod 1856 0x03036048 code [0x03036320, 0x03036da4]
Event: 11.172 Thread 0x15050400 1857             jdk.internal.misc.VM::initLevel (4 bytes)
Event: 11.173 Thread 0x15050400 nmethod 1857 0x03037988 code [0x03037a90, 0x03037b10]
Event: 11.196 Thread 0x15050400 1858             java.util.HashMap::clear (50 bytes)
Event: 11.196 Thread 0x15050400 nmethod 1858 0x03037b48 code [0x03037c50, 0x03037d20]
Event: 11.196 Thread 0x15050400 1859             jdk.internal.misc.VM::isModuleSystemInited (13 bytes)
Event: 11.196 Thread 0x15050400 nmethod 1859 0x03037dc8 code [0x03037ed0, 0x03037f60]
Event: 11.196 Thread 0x15050400 1860             java.nio.charset.CoderResult::isUnderflow (13 bytes)
Event: 11.196 Thread 0x15050400 nmethod 1860 0x03037fc8 code [0x030380d0, 0x03038160]
Event: 11.342 Thread 0x15050400 1861             java.nio.Buffer::limit (5 bytes)
Event: 11.342 Thread 0x15050400 nmethod 1861 0x030381c8 code [0x030382d0, 0x03038350]

GC Heap History (20 events):
Event: 0.712 GC heap before
{Heap before GC invocations=4 (full 0):
 def new generation   total 4928K, used 4666K [0x04e00000, 0x05350000, 0x0a350000)
  eden space 4416K, 100% used [0x04e00000, 0x05250000, 0x05250000)
  from space 512K,  49% used [0x05250000, 0x0528ebe8, 0x052d0000)
  to   space 512K,   0% used [0x052d0000, 0x052d0000, 0x05350000)
 tenured generation   total 10944K, used 1738K [0x0a350000, 0x0ae00000, 0x14e00000)
   the space 10944K,  15% used [0x0a350000, 0x0a5029a0, 0x0a502a00, 0x0ae00000)
 Metaspace       used 7711K, capacity 7809K, committed 7936K, reserved 8576K
}
Event: 0.713 GC heap after
{Heap after GC invocations=5 (full 0):
 def new generation   total 4928K, used 427K [0x04e00000, 0x05350000, 0x0a350000)
  eden space 4416K,   0% used [0x04e00000, 0x04e00000, 0x05250000)
  from space 512K,  83% used [0x052d0000, 0x0533ad18, 0x05350000)
  to   space 512K,   0% used [0x05250000, 0x05250000, 0x052d0000)
 tenured generation   total 10944K, used 2186K [0x0a350000, 0x0ae00000, 0x14e00000)
   the space 10944K,  19% used [0x0a350000, 0x0a5729b0, 0x0a572a00, 0x0ae00000)
 Metaspace       used 7711K, capacity 7809K, committed 7936K, reserved 8576K
}
Event: 0.768 GC heap before
{Heap before GC invocations=5 (full 0):
 def new generation   total 4928K, used 4843K [0x04e00000, 0x05350000, 0x0a350000)
  eden space 4416K,  99% used [0x04e00000, 0x0524ff60, 0x05250000)
  from space 512K,  83% used [0x052d0000, 0x0533ad18, 0x05350000)
  to   space 512K,   0% used [0x05250000, 0x05250000, 0x052d0000)
 tenured generation   total 10944K, used 2186K [0x0a350000, 0x0ae00000, 0x14e00000)
   the space 10944K,  19% used [0x0a350000, 0x0a5729b0, 0x0a572a00, 0x0ae00000)
 Metaspace       used 8920K, capacity 9053K, committed 9088K, reserved 9600K
}
Event: 0.769 GC heap after
{Heap after GC invocations=6 (full 0):
 def new generation   total 4928K, used 512K [0x04e00000, 0x05350000, 0x0a350000)
  eden space 4416K,   0% used [0x04e00000, 0x04e00000, 0x05250000)
  from space 512K, 100% used [0x05250000, 0x052d0000, 0x052d0000)
  to   space 512K,   0% used [0x052d0000, 0x052d0000, 0x05350000)
 tenured generation   total 10944K, used 2650K [0x0a350000, 0x0ae00000, 0x14e00000)
   the space 10944K,  24% used [0x0a350000, 0x0a5e6a60, 0x0a5e6c00, 0x0ae00000)
 Metaspace       used 8920K, capacity 9053K, committed 9088K, reserved 9600K
}
Event: 0.828 GC heap before
{Heap before GC invocations=6 (full 0):
 def new generation   total 4928K, used 4907K [0x04e00000, 0x05350000, 0x0a350000)
  eden space 4416K,  99% used [0x04e00000, 0x0524ae20, 0x05250000)
  from space 512K, 100% used [0x05250000, 0x052d0000, 0x052d0000)
  to   space 512K,   0% used [0x052d0000, 0x052d0000, 0x05350000)
 tenured generation   total 10944K, used 2650K [0x0a350000, 0x0ae00000, 0x14e00000)
   the space 10944K,  24% used [0x0a350000, 0x0a5e6a60, 0x0a5e6c00, 0x0ae00000)
 Metaspace       used 10559K, capacity 10734K, committed 10752K, reserved 11648K
}
Event: 0.830 GC heap after
{Heap after GC invocations=7 (full 0):
 def new generation   total 4928K, used 512K [0x04e00000, 0x05350000, 0x0a350000)
  eden space 4416K,   0% used [0x04e00000, 0x04e00000, 0x05250000)
  from space 512K, 100% used [0x052d0000, 0x05350000, 0x05350000)
  to   space 512K,   0% used [0x05250000, 0x05250000, 0x052d0000)
 tenured generation   total 10944K, used 3680K [0x0a350000, 0x0ae00000, 0x14e00000)
   the space 10944K,  33% used [0x0a350000, 0x0a6e82c0, 0x0a6e8400, 0x0ae00000)
 Metaspace       used 10559K, capacity 10734K, committed 10752K, reserved 11648K
}
Event: 0.888 GC heap before
{Heap before GC invocations=7 (full 0):
 def new generation   total 4928K, used 4928K [0x04e00000, 0x05350000, 0x0a350000)
  eden space 4416K, 100% used [0x04e00000, 0x05250000, 0x05250000)
  from space 512K, 100% used [0x052d0000, 0x05350000, 0x05350000)
  to   space 512K,   0% used [0x05250000, 0x05250000, 0x052d0000)
 tenured generation   total 10944K, used 3680K [0x0a350000, 0x0ae00000, 0x14e00000)
   the space 10944K,  33% used [0x0a350000, 0x0a6e82c0, 0x0a6e8400, 0x0ae00000)
 Metaspace       used 11341K, capacity 11510K, committed 11520K, reserved 11648K
}
Event: 0.890 GC heap after
{Heap after GC invocations=8 (full 0):
 def new generation   total 4928K, used 512K [0x04e00000, 0x05350000, 0x0a350000)
  eden space 4416K,   0% used [0x04e00000, 0x04e00000, 0x05250000)
  from space 512K, 100% used [0x05250000, 0x052d0000, 0x052d0000)
  to   space 512K,   0% used [0x052d0000, 0x052d0000, 0x05350000)
 tenured generation   total 10944K, used 4177K [0x0a350000, 0x0ae00000, 0x14e00000)
   the space 10944K,  38% used [0x0a350000, 0x0a7644d0, 0x0a764600, 0x0ae00000)
 Metaspace       used 11341K, capacity 11510K, committed 11520K, reserved 11648K
}
Event: 0.956 GC heap before
{Heap before GC invocations=8 (full 0):
 def new generation   total 4928K, used 4928K [0x04e00000, 0x05350000, 0x0a350000)
  eden space 4416K, 100% used [0x04e00000, 0x05250000, 0x05250000)
  from space 512K, 100% used [0x05250000, 0x052d0000, 0x052d0000)
  to   space 512K,   0% used [0x052d0000, 0x052d0000, 0x05350000)
 tenured generation   total 10944K, used 10407K [0x0a350000, 0x0ae00000, 0x14e00000)
   the space 10944K,  95% used [0x0a350000, 0x0ad79ec8, 0x0ad7a000, 0x0ae00000)
 Metaspace       used 11812K, capacity 12008K, committed 12032K, reserved 12672K
}
Event: 0.964 GC heap after
{Heap after GC invocations=9 (full 1):
 def new generation   total 8576K, used 459K [0x04e00000, 0x05740000, 0x0a350000)
  eden space 7680K,   5% used [0x04e00000, 0x04e72e58, 0x05580000)
  from space 896K,   0% used [0x05580000, 0x05580000, 0x05660000)
  to   space 896K,   0% used [0x05660000, 0x05660000, 0x05740000)
 tenured generation   total 18880K, used 11327K [0x0a350000, 0x0b5c0000, 0x14e00000)
   the space 18880K,  59% used [0x0a350000, 0x0ae5fff0, 0x0ae60000, 0x0b5c0000)
 Metaspace       used 11812K, capacity 12008K, committed 12032K, reserved 12672K
}
Event: 1.109 GC heap before
{Heap before GC invocations=9 (full 1):
 def new generation   total 8576K, used 7680K [0x04e00000, 0x05740000, 0x0a350000)
  eden space 7680K, 100% used [0x04e00000, 0x05580000, 0x05580000)
  from space 896K,   0% used [0x05580000, 0x05580000, 0x05660000)
  to   space 896K,   0% used [0x05660000, 0x05660000, 0x05740000)
 tenured generation   total 18880K, used 11327K [0x0a350000, 0x0b5c0000, 0x14e00000)
   the space 18880K,  59% used [0x0a350000, 0x0ae5fff0, 0x0ae60000, 0x0b5c0000)
 Metaspace       used 12716K, capacity 12899K, committed 12928K, reserved 13696K
}
Event: 1.113 GC heap after
{Heap after GC invocations=10 (full 1):
 def new generation   total 8576K, used 896K [0x04e00000, 0x05740000, 0x0a350000)
  eden space 7680K,   0% used [0x04e00000, 0x04e00000, 0x05580000)
  from space 896K, 100% used [0x05660000, 0x05740000, 0x05740000)
  to   space 896K,   0% used [0x05580000, 0x05580000, 0x05660000)
 tenured generation   total 18880K, used 11711K [0x0a350000, 0x0b5c0000, 0x14e00000)
   the space 18880K,  62% used [0x0a350000, 0x0aebfee8, 0x0aec0000, 0x0b5c0000)
 Metaspace       used 12716K, capacity 12899K, committed 12928K, reserved 13696K
}
Event: 1.193 GC heap before
{Heap before GC invocations=10 (full 1):
 def new generation   total 8576K, used 8576K [0x04e00000, 0x05740000, 0x0a350000)
  eden space 7680K, 100% used [0x04e00000, 0x05580000, 0x05580000)
  from space 896K, 100% used [0x05660000, 0x05740000, 0x05740000)
  to   space 896K,   0% used [0x05580000, 0x05580000, 0x05660000)
 tenured generation   total 18880K, used 11711K [0x0a350000, 0x0b5c0000, 0x14e00000)
   the space 18880K,  62% used [0x0a350000, 0x0aebfee8, 0x0aec0000, 0x0b5c0000)
 Metaspace       used 13881K, capacity 14157K, committed 14208K, reserved 14720K
}
Event: 1.196 GC heap after
{Heap after GC invocations=11 (full 1):
 def new generation   total 8576K, used 565K [0x04e00000, 0x05740000, 0x0a350000)
  eden space 7680K,   0% used [0x04e00000, 0x04e00000, 0x05580000)
  from space 896K,  63% used [0x05580000, 0x0560d508, 0x05660000)
  to   space 896K,   0% used [0x05660000, 0x05660000, 0x05740000)
 tenured generation   total 18880K, used 12599K [0x0a350000, 0x0b5c0000, 0x14e00000)
   the space 18880K,  66% used [0x0a350000, 0x0af9df70, 0x0af9e000, 0x0b5c0000)
 Metaspace       used 13881K, capacity 14157K, committed 14208K, reserved 14720K
}
Event: 2.766 GC heap before
{Heap before GC invocations=11 (full 1):
 def new generation   total 8576K, used 8245K [0x04e00000, 0x05740000, 0x0a350000)
  eden space 7680K, 100% used [0x04e00000, 0x05580000, 0x05580000)
  from space 896K,  63% used [0x05580000, 0x0560d508, 0x05660000)
  to   space 896K,   0% used [0x05660000, 0x05660000, 0x05740000)
 tenured generation   total 18880K, used 12599K [0x0a350000, 0x0b5c0000, 0x14e00000)
   the space 18880K,  66% used [0x0a350000, 0x0af9df70, 0x0af9e000, 0x0b5c0000)
 Metaspace       used 14743K, capacity 15037K, committed 15104K, reserved 15744K
}
Event: 2.770 GC heap after
{Heap after GC invocations=12 (full 1):
 def new generation   total 8576K, used 896K [0x04e00000, 0x05740000, 0x0a350000)
  eden space 7680K,   0% used [0x04e00000, 0x04e00000, 0x05580000)
  from space 896K, 100% used [0x05660000, 0x05740000, 0x05740000)
  to   space 896K,   0% used [0x05580000, 0x05580000, 0x05660000)
 tenured generation   total 18880K, used 14330K [0x0a350000, 0x0b5c0000, 0x14e00000)
   the space 18880K,  75% used [0x0a350000, 0x0b14e928, 0x0b14ea00, 0x0b5c0000)
 Metaspace       used 14743K, capacity 15037K, committed 15104K, reserved 15744K
}
Event: 3.885 GC heap before
{Heap before GC invocations=12 (full 1):
 def new generation   total 8576K, used 8576K [0x04e00000, 0x05740000, 0x0a350000)
  eden space 7680K, 100% used [0x04e00000, 0x05580000, 0x05580000)
  from space 896K, 100% used [0x05660000, 0x05740000, 0x05740000)
  to   space 896K,   0% used [0x05580000, 0x05580000, 0x05660000)
 tenured generation   total 18880K, used 14330K [0x0a350000, 0x0b5c0000, 0x14e00000)
   the space 18880K,  75% used [0x0a350000, 0x0b14e928, 0x0b14ea00, 0x0b5c0000)
 Metaspace       used 14853K, capacity 15152K, committed 15232K, reserved 15744K
}
Event: 3.900 GC heap after
{Heap after GC invocations=13 (full 2):
 def new generation   total 16256K, used 0K [0x04e00000, 0x05fa0000, 0x0a350000)
  eden space 14464K,   0% used [0x04e00000, 0x04e00000, 0x05c20000)
  from space 1792K,   0% used [0x05c20000, 0x05c20000, 0x05de0000)
  to   space 1792K,   0% used [0x05de0000, 0x05de0000, 0x05fa0000)
 tenured generation   total 35988K, used 21590K [0x0a350000, 0x0c675000, 0x14e00000)
   the space 35988K,  59% used [0x0a350000, 0x0b865ae0, 0x0b865c00, 0x0c675000)
 Metaspace       used 14853K, capacity 15152K, committed 15232K, reserved 15744K
}
Event: 9.303 GC heap before
{Heap before GC invocations=13 (full 2):
 def new generation   total 16256K, used 14464K [0x04e00000, 0x05fa0000, 0x0a350000)
  eden space 14464K, 100% used [0x04e00000, 0x05c20000, 0x05c20000)
  from space 1792K,   0% used [0x05c20000, 0x05c20000, 0x05de0000)
  to   space 1792K,   0% used [0x05de0000, 0x05de0000, 0x05fa0000)
 tenured generation   total 35988K, used 21590K [0x0a350000, 0x0c675000, 0x14e00000)
   the space 35988K,  59% used [0x0a350000, 0x0b865ae0, 0x0b865c00, 0x0c675000)
 Metaspace       used 14902K, capacity 15214K, committed 15232K, reserved 15744K
}
Event: 9.309 GC heap after
{Heap after GC invocations=14 (full 2):
 def new generation   total 16256K, used 1792K [0x04e00000, 0x05fa0000, 0x0a350000)
  eden space 14464K,   0% used [0x04e00000, 0x04e00000, 0x05c20000)
  from space 1792K, 100% used [0x05de0000, 0x05fa0000, 0x05fa0000)
  to   space 1792K,   0% used [0x05c20000, 0x05c20000, 0x05de0000)
 tenured generation   total 35988K, used 28467K [0x0a350000, 0x0c675000, 0x14e00000)
   the space 35988K,  79% used [0x0a350000, 0x0bf1cfc8, 0x0bf1d000, 0x0c675000)
 Metaspace       used 14902K, capacity 15214K, committed 15232K, reserved 15744K
}

Deoptimization events (8 events):
Event: 1.090 Thread 0x1600b800 DEOPT PACKING pc=0x02ecec8f sp=0x1944e1e0
Event: 1.090 Thread 0x1600b800 DEOPT UNPACKING pc=0x02ddc187 sp=0x1944e100 mode 3
Event: 1.093 Thread 0x1600b800 DEOPT PACKING pc=0x02efef31 sp=0x1944e360
Event: 1.093 Thread 0x1600b800 DEOPT UNPACKING pc=0x02ddc187 sp=0x1944e284 mode 3
Event: 1.191 Thread 0x1600b800 DEOPT PACKING pc=0x02f421cc sp=0x1944e350
Event: 1.191 Thread 0x1600b800 DEOPT UNPACKING pc=0x02ddc187 sp=0x1944e200 mode 3
Event: 9.865 Thread 0x15999000 DEOPT PACKING pc=0x02fe59bd sp=0x15d3eba0
Event: 9.865 Thread 0x15999000 DEOPT UNPACKING pc=0x02ddc187 sp=0x15d3eacc mode 3

Classes redefined (0 events):
No events

Internal exceptions (20 events):
Event: 1.172 Thread 0x1600b800 Exception <a 'java/lang/IncompatibleClassChangeError'{0x053dc860}: Found class java.lang.Object, but interface was expected> (0x053dc860) thrown at [s\src\hotspot\share\interpreter\linkResolver.cpp, line 839]
Event: 1.222 Thread 0x15999000 Exception <a 'java/lang/NoSuchMethodError'{0x04edb738}: 'int java.lang.invoke.DirectMethodHandle$Holder.invokeStaticInit(java.lang.Object, java.lang.Object)'> (0x04edb738) thrown at [s\src\hotspot\share\interpreter\linkResolver.cpp, line 773]
Event: 1.224 Thread 0x1600b800 Exception <a 'java/lang/NoSuchMethodError'{0x04efbde8}: 'long java.lang.invoke.DirectMethodHandle$Holder.invokeStaticInit(java.lang.Object, java.lang.Object, java.lang.Object)'> (0x04efbde8) thrown at [s\src\hotspot\share\interpreter\linkResolver.cpp, line 773]
Event: 1.226 Thread 0x1600b800 Exception <a 'java/lang/NoSuchMethodError'{0x04f368f8}: 'java.lang.Object java.lang.invoke.DirectMethodHandle$Holder.invokeStatic(java.lang.Object, java.lang.Object, long)'> (0x04f368f8) thrown at [s\src\hotspot\share\interpreter\linkResolver.cpp, line 773]
Event: 1.226 Thread 0x1600b800 Exception <a 'java/lang/NoSuchMethodError'{0x04f3c348}: 'java.lang.Object java.lang.invoke.Invokers$Holder.linkToTargetMethod(java.lang.Object, long, java.lang.Object)'> (0x04f3c348) thrown at [s\src\hotspot\share\interpreter\linkResolver.cpp, line 773]
Event: 2.704 Thread 0x1600b800 Exception <a 'java/io/FileNotFoundException'{0x054845e0}> (0x054845e0) thrown at [s\src\hotspot\share\prims\jni.cpp, line 617]
Event: 2.728 Thread 0x1600b800 Exception <a 'java/io/FileNotFoundException'{0x054d51b0}> (0x054d51b0) thrown at [s\src\hotspot\share\prims\jni.cpp, line 617]
Event: 5.441 Thread 0x1600b800 Exception <a 'java/lang/NoSuchMethodError'{0x04fac178}: 'java.lang.Object java.lang.invoke.DirectMethodHandle$Holder.invokeStatic(java.lang.Object, java.lang.Object, int, int, int, int, int, java.lang.Object)'> (0x04fac178) thrown at [s\src\hotspot\share\interpreter\linkResolver.cpp, line 773]
Event: 5.442 Thread 0x1600b800 Exception <a 'java/lang/NoSuchMethodError'{0x04fbc648}: 'java.lang.Object java.lang.invoke.DirectMethodHandle$Holder.invokeStatic(java.lang.Object, java.lang.Object, java.lang.Object, int, int, int, int, int)'> (0x04fbc648) thrown at [s\src\hotspot\share\interpreter\linkResolver.cpp, line 773]
Event: 5.442 Thread 0x1600b800 Exception <a 'java/lang/NoSuchMethodError'{0x04fc31d8}: 'java.lang.Object java.lang.invoke.Invokers$Holder.linkToTargetMethod(java.lang.Object, java.lang.Object, int, int, int, int, int, java.lang.Object)'> (0x04fc31d8) thrown at [s\src\hotspot\share\interpreter\linkResolver.cpp, line 773]
Event: 11.171 Thread 0x1600b800 Exception <a 'java/lang/IllegalArgumentException'{0x0571ecd0}> (0x0571ecd0) thrown at [s\src\hotspot\share\prims\jvm.cpp, line 1310]
Event: 11.196 Thread 0x1600b800 Exception <a 'java/lang/IllegalArgumentException'{0x0572fcc8}> (0x0572fcc8) thrown at [s\src\hotspot\share\prims\jvm.cpp, line 1310]
Event: 11.225 Thread 0x1600b800 Exception <a 'java/lang/IllegalArgumentException'{0x0573b6a0}> (0x0573b6a0) thrown at [s\src\hotspot\share\prims\jvm.cpp, line 1310]
Event: 11.246 Thread 0x1600b800 Exception <a 'java/lang/IllegalArgumentException'{0x05747078}> (0x05747078) thrown at [s\src\hotspot\share\prims\jvm.cpp, line 1310]
Event: 11.260 Thread 0x1600b800 Exception <a 'java/lang/IllegalArgumentException'{0x05752a48}> (0x05752a48) thrown at [s\src\hotspot\share\prims\jvm.cpp, line 1310]
Event: 11.274 Thread 0x1600b800 Exception <a 'java/lang/IllegalArgumentException'{0x0575e448}> (0x0575e448) thrown at [s\src\hotspot\share\prims\jvm.cpp, line 1310]
Event: 11.314 Thread 0x1600b800 Exception <a 'java/lang/IllegalArgumentException'{0x05769e10}> (0x05769e10) thrown at [s\src\hotspot\share\prims\jvm.cpp, line 1310]
Event: 11.325 Thread 0x1600b800 Exception <a 'java/lang/IllegalArgumentException'{0x057757d8}> (0x057757d8) thrown at [s\src\hotspot\share\prims\jvm.cpp, line 1310]
Event: 11.342 Thread 0x1600b800 Exception <a 'java/lang/IllegalArgumentException'{0x05781198}> (0x05781198) thrown at [s\src\hotspot\share\prims\jvm.cpp, line 1310]
Event: 11.359 Thread 0x1600b800 Exception <a 'java/lang/IllegalArgumentException'{0x0578cb48}> (0x0578cb48) thrown at [s\src\hotspot\share\prims\jvm.cpp, line 1310]

Events (20 events):
Event: 11.119 loading class javafx/application/Application
Event: 11.119 loading class javafx/application/Application done
Event: 11.119 loading class javafx/application/Application
Event: 11.119 loading class javafx/application/Application done
Event: 11.166 loading class com/sun/javafx/tk/quantum/GlassScene
Event: 11.166 loading class com/sun/javafx/tk/quantum/GlassScene done
Event: 11.166 loading class com/sun/javafx/tk/quantum/WindowStage
Event: 11.166 loading class com/sun/javafx/tk/quantum/WindowStage done
Event: 11.166 loading class com/sun/prism/GraphicsResource
Event: 11.166 loading class com/sun/prism/GraphicsResource done
Event: 11.166 loading class com/sun/prism/GraphicsResource
Event: 11.166 loading class com/sun/prism/GraphicsResource done
Event: 11.167 loading class com/sun/javafx/tk/quantum/ViewScene
Event: 11.167 loading class com/sun/javafx/tk/quantum/ViewScene done
Event: 11.167 loading class com/sun/javafx/tk/quantum/WindowStage
Event: 11.167 loading class com/sun/javafx/tk/quantum/WindowStage done
Event: 11.172 loading class java/lang/Throwable$WrappedPrintStream
Event: 11.172 loading class java/lang/Throwable$PrintStreamOrWriter
Event: 11.172 loading class java/lang/Throwable$PrintStreamOrWriter done
Event: 11.172 loading class java/lang/Throwable$WrappedPrintStream done


Dynamic libraries:
0x00900000 - 0x0090c000 	C:\Program Files (x86)\Eclipse Adoptium\jdk-11.0.21.9-hotspot\bin\java.exe
0x77910000 - 0x77ac1000 	C:\WINDOWS\SYSTEM32\ntdll.dll
0x76580000 - 0x76670000 	C:\WINDOWS\System32\KERNEL32.DLL
0x75b20000 - 0x75d94000 	C:\WINDOWS\System32\KERNELBASE.dll
0x6dbe0000 - 0x6dc86000 	C:\WINDOWS\SYSTEM32\apphelp.dll
0x75f00000 - 0x76012000 	C:\WINDOWS\System32\ucrtbase.dll
0x6efd0000 - 0x6efe5000 	C:\Program Files (x86)\Eclipse Adoptium\jdk-11.0.21.9-hotspot\bin\jli.dll
0x6c4d0000 - 0x6c4e3000 	C:\Program Files (x86)\Eclipse Adoptium\jdk-11.0.21.9-hotspot\bin\VCRUNTIME140.dll
0x76270000 - 0x76419000 	C:\WINDOWS\System32\USER32.dll
0x75ee0000 - 0x75efa000 	C:\WINDOWS\System32\win32u.dll
0x772d0000 - 0x772f3000 	C:\WINDOWS\System32\GDI32.dll
0x75a30000 - 0x75b12000 	C:\WINDOWS\System32\gdi32full.dll
0x6d6b0000 - 0x6d8d8000 	C:\WINDOWS\WinSxS\x86_microsoft.windows.common-controls_6595b64144ccf1df_6.0.22621.3235_none_6ebcabb88802389e\COMCTL32.dll
0x761c0000 - 0x76239000 	C:\WINDOWS\System32\msvcp_win.dll
0x776a0000 - 0x77764000 	C:\WINDOWS\System32\msvcrt.dll
0x76240000 - 0x76265000 	C:\WINDOWS\System32\IMM32.DLL
0x6baf0000 - 0x6bb5f000 	C:\Program Files (x86)\Eclipse Adoptium\jdk-11.0.21.9-hotspot\bin\msvcp140.dll
0x656e0000 - 0x65bbb000 	C:\Program Files (x86)\Eclipse Adoptium\jdk-11.0.21.9-hotspot\bin\client\jvm.dll
0x75da0000 - 0x75e1f000 	C:\WINDOWS\System32\ADVAPI32.dll
0x77870000 - 0x778f5000 	C:\WINDOWS\System32\sechost.dll
0x75ec0000 - 0x75eda000 	C:\WINDOWS\System32\bcrypt.dll
0x76100000 - 0x761ba000 	C:\WINDOWS\System32\RPCRT4.dll
0x77260000 - 0x77266000 	C:\WINDOWS\System32\PSAPI.DLL
0x73250000 - 0x73258000 	C:\WINDOWS\SYSTEM32\WSOCK32.dll
0x74690000 - 0x746c1000 	C:\WINDOWS\SYSTEM32\WINMM.dll
0x77540000 - 0x7759f000 	C:\WINDOWS\System32\WS2_32.dll
0x75450000 - 0x75458000 	C:\WINDOWS\SYSTEM32\VERSION.dll
0x75460000 - 0x75473000 	C:\WINDOWS\SYSTEM32\kernel.appcore.dll
0x753a0000 - 0x753ad000 	C:\Program Files (x86)\Eclipse Adoptium\jdk-11.0.21.9-hotspot\bin\verify.dll
0x65ea0000 - 0x66076000 	C:\WINDOWS\SYSTEM32\DBGHELP.DLL
0x75640000 - 0x758bc000 	C:\WINDOWS\System32\combase.dll
0x75e20000 - 0x75ebc000 	C:\WINDOWS\System32\OLEAUT32.dll
0x6bac0000 - 0x6bae9000 	C:\WINDOWS\SYSTEM32\dbgcore.DLL
0x755d0000 - 0x75632000 	C:\WINDOWS\System32\bcryptPrimitives.dll
0x6ba90000 - 0x6bab2000 	C:\Program Files (x86)\Eclipse Adoptium\jdk-11.0.21.9-hotspot\bin\java.dll
0x746d0000 - 0x746d9000 	C:\Program Files (x86)\Eclipse Adoptium\jdk-11.0.21.9-hotspot\bin\jimage.dll
0x6c920000 - 0x6c92d000 	C:\Program Files (x86)\Eclipse Adoptium\jdk-11.0.21.9-hotspot\bin\instrument.dll
0x6ba70000 - 0x6ba86000 	C:\Program Files (x86)\Eclipse Adoptium\jdk-11.0.21.9-hotspot\bin\zip.dll
0x76670000 - 0x76d09000 	C:\WINDOWS\System32\SHELL32.dll
0x71630000 - 0x71d1f000 	C:\WINDOWS\SYSTEM32\windows.storage.dll
0x70b40000 - 0x70c07000 	C:\WINDOWS\SYSTEM32\wintypes.dll
0x77300000 - 0x773c1000 	C:\WINDOWS\System32\SHCORE.dll
0x76020000 - 0x7606b000 	C:\WINDOWS\System32\shlwapi.dll
0x70b20000 - 0x70b39000 	C:\WINDOWS\SYSTEM32\profapi.dll
0x6ba50000 - 0x6ba64000 	C:\Program Files (x86)\Eclipse Adoptium\jdk-11.0.21.9-hotspot\bin\net.dll
0x74900000 - 0x749dc000 	C:\WINDOWS\SYSTEM32\WINHTTP.dll
0x6f900000 - 0x6f951000 	C:\WINDOWS\system32\mswsock.dll
0x6dc90000 - 0x6dc9f000 	C:\Program Files (x86)\Eclipse Adoptium\jdk-11.0.21.9-hotspot\bin\nio.dll
0x6ba30000 - 0x6ba46000 	C:\Users\luigu\AppData\Local\Programs\IntelliJ IDEA Ultimate\bin\breakgen.dll
0x6ba20000 - 0x6ba23000 	C:\Users\luigu\.openjfx\cache\17.0.6\api-ms-win-core-console-l1-1-0.dll
0x6ba10000 - 0x6ba13000 	C:\Users\luigu\.openjfx\cache\17.0.6\api-ms-win-core-console-l1-2-0.dll
0x6ba00000 - 0x6ba03000 	C:\Users\luigu\.openjfx\cache\17.0.6\api-ms-win-core-datetime-l1-1-0.dll
0x6b9f0000 - 0x6b9f3000 	C:\Users\luigu\.openjfx\cache\17.0.6\api-ms-win-core-debug-l1-1-0.dll
0x6b9e0000 - 0x6b9e3000 	C:\Users\luigu\.openjfx\cache\17.0.6\api-ms-win-core-errorhandling-l1-1-0.dll
0x6b9d0000 - 0x6b9d4000 	C:\Users\luigu\.openjfx\cache\17.0.6\api-ms-win-core-file-l1-1-0.dll
0x6b9c0000 - 0x6b9c3000 	C:\Users\luigu\.openjfx\cache\17.0.6\api-ms-win-core-file-l1-2-0.dll
0x6b9b0000 - 0x6b9b3000 	C:\Users\luigu\.openjfx\cache\17.0.6\api-ms-win-core-file-l2-1-0.dll
0x6b9a0000 - 0x6b9a3000 	C:\Users\luigu\.openjfx\cache\17.0.6\api-ms-win-core-handle-l1-1-0.dll
0x6b880000 - 0x6b883000 	C:\Users\luigu\.openjfx\cache\17.0.6\api-ms-win-core-heap-l1-1-0.dll
0x662e0000 - 0x662e3000 	C:\Users\luigu\.openjfx\cache\17.0.6\api-ms-win-core-interlocked-l1-1-0.dll
0x662d0000 - 0x662d3000 	C:\Users\luigu\.openjfx\cache\17.0.6\api-ms-win-core-libraryloader-l1-1-0.dll
0x662c0000 - 0x662c3000 	C:\Users\luigu\.openjfx\cache\17.0.6\api-ms-win-core-localization-l1-2-0.dll
0x662b0000 - 0x662b3000 	C:\Users\luigu\.openjfx\cache\17.0.6\api-ms-win-core-memory-l1-1-0.dll
0x662a0000 - 0x662a3000 	C:\Users\luigu\.openjfx\cache\17.0.6\api-ms-win-core-namedpipe-l1-1-0.dll
0x66290000 - 0x66293000 	C:\Users\luigu\.openjfx\cache\17.0.6\api-ms-win-core-processenvironment-l1-1-0.dll
0x66280000 - 0x66283000 	C:\Users\luigu\.openjfx\cache\17.0.6\api-ms-win-core-processthreads-l1-1-0.dll
0x66270000 - 0x66273000 	C:\Users\luigu\.openjfx\cache\17.0.6\api-ms-win-core-processthreads-l1-1-1.dll
0x66260000 - 0x66263000 	C:\Users\luigu\.openjfx\cache\17.0.6\api-ms-win-core-profile-l1-1-0.dll
0x65e90000 - 0x65e93000 	C:\Users\luigu\.openjfx\cache\17.0.6\api-ms-win-core-rtlsupport-l1-1-0.dll
0x65e80000 - 0x65e83000 	C:\Users\luigu\.openjfx\cache\17.0.6\api-ms-win-core-string-l1-1-0.dll
0x65e70000 - 0x65e73000 	C:\Users\luigu\.openjfx\cache\17.0.6\api-ms-win-core-synch-l1-1-0.dll
0x65e60000 - 0x65e63000 	C:\Users\luigu\.openjfx\cache\17.0.6\api-ms-win-core-synch-l1-2-0.dll
0x65e50000 - 0x65e53000 	C:\Users\luigu\.openjfx\cache\17.0.6\api-ms-win-core-sysinfo-l1-1-0.dll
0x65e40000 - 0x65e43000 	C:\Users\luigu\.openjfx\cache\17.0.6\api-ms-win-core-timezone-l1-1-0.dll
0x65e30000 - 0x65e33000 	C:\Users\luigu\.openjfx\cache\17.0.6\api-ms-win-core-util-l1-1-0.dll
0x65e20000 - 0x65e23000 	C:\Users\luigu\.openjfx\cache\17.0.6\api-ms-win-crt-conio-l1-1-0.dll
0x65e10000 - 0x65e14000 	C:\Users\luigu\.openjfx\cache\17.0.6\api-ms-win-crt-convert-l1-1-0.dll
0x65e00000 - 0x65e03000 	C:\Users\luigu\.openjfx\cache\17.0.6\api-ms-win-crt-environment-l1-1-0.dll
0x65df0000 - 0x65df3000 	C:\Users\luigu\.openjfx\cache\17.0.6\api-ms-win-crt-filesystem-l1-1-0.dll
0x65de0000 - 0x65de3000 	C:\Users\luigu\.openjfx\cache\17.0.6\api-ms-win-crt-heap-l1-1-0.dll
0x65dd0000 - 0x65dd3000 	C:\Users\luigu\.openjfx\cache\17.0.6\api-ms-win-crt-locale-l1-1-0.dll
0x65dc0000 - 0x65dc5000 	C:\Users\luigu\.openjfx\cache\17.0.6\api-ms-win-crt-math-l1-1-0.dll
0x65db0000 - 0x65db5000 	C:\Users\luigu\.openjfx\cache\17.0.6\api-ms-win-crt-multibyte-l1-1-0.dll
0x65da0000 - 0x65db0000 	C:\Users\luigu\.openjfx\cache\17.0.6\api-ms-win-crt-private-l1-1-0.dll
0x65d90000 - 0x65d93000 	C:\Users\luigu\.openjfx\cache\17.0.6\api-ms-win-crt-process-l1-1-0.dll
0x65d80000 - 0x65d84000 	C:\Users\luigu\.openjfx\cache\17.0.6\api-ms-win-crt-runtime-l1-1-0.dll
0x65d70000 - 0x65d74000 	C:\Users\luigu\.openjfx\cache\17.0.6\api-ms-win-crt-stdio-l1-1-0.dll
0x65d60000 - 0x65d64000 	C:\Users\luigu\.openjfx\cache\17.0.6\api-ms-win-crt-string-l1-1-0.dll
0x65d50000 - 0x65d53000 	C:\Users\luigu\.openjfx\cache\17.0.6\api-ms-win-crt-time-l1-1-0.dll
0x65d40000 - 0x65d43000 	C:\Users\luigu\.openjfx\cache\17.0.6\api-ms-win-crt-utility-l1-1-0.dll
0x65c10000 - 0x65d33000 	C:\Users\luigu\.openjfx\cache\17.0.6\ucrtbase.dll
0x65bf0000 - 0x65c04000 	C:\Users\luigu\.openjfx\cache\17.0.6\vcruntime140.dll
0x65670000 - 0x656dd000 	C:\Users\luigu\.openjfx\cache\17.0.6\msvcp140.dll
0x65be0000 - 0x65be7000 	C:\Users\luigu\.openjfx\cache\17.0.6\msvcp140_1.dll
0x65640000 - 0x65669000 	C:\Users\luigu\.openjfx\cache\17.0.6\msvcp140_2.dll
0x65610000 - 0x65636000 	C:\Users\luigu\.openjfx\cache\17.0.6\prism_d3d.dll
0x65490000 - 0x65601000 	C:\WINDOWS\system32\d3d9.dll
0x6cca0000 - 0x6ccc4000 	C:\WINDOWS\SYSTEM32\dwmapi.dll
0x6dcd0000 - 0x6dcfe000 	C:\WINDOWS\SYSTEM32\dxcore.dll
0x6edb0000 - 0x6ee2f000 	C:\WINDOWS\system32\uxtheme.dll
0x65400000 - 0x65490000 	C:\WINDOWS\SYSTEM32\d3d9on12.dll
0x653e0000 - 0x653fd000 	C:\WINDOWS\SYSTEM32\d3d12.dll
0x6d280000 - 0x6d34a000 	C:\WINDOWS\SYSTEM32\dxgi.dll
0x73b20000 - 0x73b5d000 	C:\WINDOWS\SYSTEM32\cfgmgr32.dll
0x65230000 - 0x653e0000 	C:\WINDOWS\SYSTEM32\D3D12Core.dll
0x65210000 - 0x6522d000 	C:\WINDOWS\System32\DriverStore\FileRepository\iigd_dch.inf_amd64_3c65364e14984512\igd12umd32.dll
0x645e0000 - 0x6520a000 	C:\WINDOWS\System32\DriverStore\FileRepository\iigd_dch.inf_amd64_3c65364e14984512\igd12um32xel.dll
0x76d10000 - 0x76e13000 	C:\WINDOWS\System32\CRYPT32.dll
0x76420000 - 0x76575000 	C:\WINDOWS\System32\ole32.dll
0x645a0000 - 0x645d5000 	C:\WINDOWS\SYSTEM32\ControlLib32.dll
0x76e20000 - 0x7725d000 	C:\WINDOWS\System32\SETUPAPI.dll
0x6f2b0000 - 0x6f2d4000 	C:\WINDOWS\SYSTEM32\DEVOBJ.dll
0x64520000 - 0x64592000 	C:\WINDOWS\System32\DriverStore\FileRepository\iigd_dch.inf_amd64_3c65364e14984512\IntelControlLib32.dll
0x75570000 - 0x755c7000 	C:\WINDOWS\System32\WINTRUST.dll
0x6f2a0000 - 0x6f2ae000 	C:\WINDOWS\SYSTEM32\MSASN1.dll
0x6bbb0000 - 0x6bbec000 	C:\WINDOWS\SYSTEM32\directxdatabasehelper.dll
0x641c0000 - 0x644ef000 	C:\WINDOWS\System32\DriverStore\FileRepository\iigd_dch.inf_amd64_3c65364e14984512\igdgmm32.dll
0x681f0000 - 0x6b875000 	C:\WINDOWS\System32\DriverStore\FileRepository\iigd_dch.inf_amd64_3c65364e14984512\igc32.dll
0x644f0000 - 0x64511000 	C:\WINDOWS\SYSTEM32\D3DSCache.dll
0x74a60000 - 0x74a7f000 	C:\WINDOWS\SYSTEM32\USERENV.dll
0x62f40000 - 0x641bb000 	C:\WINDOWS\System32\DriverStore\FileRepository\iigd_dch.inf_amd64_3c65364e14984512\igd12dxva32.dll
0x61250000 - 0x62f40000 	C:\WINDOWS\System32\DriverStore\FileRepository\iigd_dch.inf_amd64_3c65364e14984512\media_bin_32.dll
0x61230000 - 0x61250000 	C:\WINDOWS\System32\DriverStore\FileRepository\iigd_dch.inf_amd64_3c65364e14984512\igdinfo32.dll
0x71d60000 - 0x71d75000 	C:\WINDOWS\SYSTEM32\CRYPTSP.dll
0x71d30000 - 0x71d60000 	C:\WINDOWS\system32\rsaenh.dll
0x71d20000 - 0x71d2b000 	C:\WINDOWS\SYSTEM32\CRYPTBASE.dll
0x6c5b0000 - 0x6c79c000 	C:\WINDOWS\SYSTEM32\twinapi.appcore.dll
0x611f0000 - 0x61227000 	C:\Users\luigu\.openjfx\cache\17.0.6\glass.dll

dbghelp: loaded successfully - version: 4.0.5 - missing functions: none
symbol engine: initialized successfully - sym options: 0x614 - pdb path: .;C:\Program Files (x86)\Eclipse Adoptium\jdk-11.0.21.9-hotspot\bin;C:\WINDOWS\SYSTEM32;C:\WINDOWS\WinSxS\x86_microsoft.windows.common-controls_6595b64144ccf1df_6.0.22621.3235_none_6ebcabb88802389e;C:\Program Files (x86)\Eclipse Adoptium\jdk-11.0.21.9-hotspot\bin\client;C:\Users\luigu\AppData\Local\Programs\IntelliJ IDEA Ultimate\bin;C:\Users\luigu\.openjfx\cache\17.0.6;C:\WINDOWS\System32\DriverStore\FileRepository\iigd_dch.inf_amd64_3c65364e14984512;C:\ProgramData\A-Volute\A-Volute.Nahimic\Modules\Scheduled;C:\Program Files (x86)\Common Files\Microsoft Shared\Ink

VM Arguments:
jvm_args: -javaagent:C:\Users\luigu\AppData\Local\Programs\IntelliJ IDEA Ultimate\lib\idea_rt.jar=51517:C:\Users\luigu\AppData\Local\Programs\IntelliJ IDEA Ultimate\bin -Dfile.encoding=UTF-8 --module-path=C:\Users\luigu\.m2\repository\org\openjfx\javafx-base\17.0.6\javafx-base-17.0.6-win-x86.jar;C:\Users\luigu\.m2\repository\org\kordamp\bootstrapfx\bootstrapfx-core\0.4.0\bootstrapfx-core-0.4.0.jar;C:\Users\luigu\.m2\repository\org\openjfx\javafx-graphics\17.0.6\javafx-graphics-17.0.6-win-x86.jar;C:\Users\luigu\.m2\repository\org\controlsfx\controlsfx\11.1.2\controlsfx-11.1.2.jar;C:\Users\luigu\.m2\repository\org\openjfx\javafx-fxml\17.0.6\javafx-fxml-17.0.6-win-x86.jar;C:\Users\luigu\IdeaProjects\Joyeria_ProyectoMult\target\classes;C:\Users\luigu\.m2\repository\com\dlsc\formsfx\formsfx-core\11.6.0\formsfx-core-11.6.0.jar;C:\Users\luigu\.m2\repository\net\synedra\validatorfx\0.4.0\validatorfx-0.4.0.jar;C:\Users\luigu\.m2\repository\org\openjfx\javafx-controls\17.0.6\javafx-controls-17.0.6-win-x86.jar -Djdk.module.main=com.eduard034.joyeria_proyectomult 
java_command: com.eduard034.joyeria_proyectomult/com.eduard034.joyeria_proyectomult.JoyeriaApp
java_class_path (initial): C:\Users\luigu\.m2\repository\org\openjfx\javafx-controls\17.0.6\javafx-controls-17.0.6.jar;C:\Users\luigu\.m2\repository\org\openjfx\javafx-graphics\17.0.6\javafx-graphics-17.0.6.jar;C:\Users\luigu\.m2\repository\org\openjfx\javafx-base\17.0.6\javafx-base-17.0.6.jar;C:\Users\luigu\.m2\repository\org\openjfx\javafx-fxml\17.0.6\javafx-fxml-17.0.6.jar
Launcher Type: SUN_STANDARD

[Global flags]
   size_t InitialHeapSize                          = 16777216                                  {product} {ergonomic}
   size_t MaxHeapSize                              = 268435456                                 {product} {ergonomic}
   size_t MaxNewSize                               = 89456640                                  {product} {ergonomic}
   size_t MinHeapDeltaBytes                        = 131072                                    {product} {ergonomic}
   size_t NewSize                                  = 5570560                                   {product} {ergonomic}
    uintx NonProfiledCodeHeapSize                  = 0                                      {pd product} {ergonomic}
   size_t OldSize                                  = 11206656                                  {product} {ergonomic}
    uintx ProfiledCodeHeapSize                     = 0                                      {pd product} {ergonomic}
     bool ThreadLocalHandshakes                    = false                                  {pd product} {ergonomic}
     bool UseLargePagesIndividualAllocation        = false                                  {pd product} {ergonomic}
     bool UseSerialGC                              = true                                      {product} {ergonomic}

Logging:
Log output configuration:
 #0: stdout all=warning uptime,level,tags
 #1: stderr all=off uptime,level,tags

Environment Variables:
PATH=C:\Program Files (x86)\Eclipse Adoptium\jre-11.0.21.9-hotspot\bin;C:\Program Files (x86)\Eclipse Adoptium\jdk-11.0.21.9-hotspot\bin;C:\Program Files (x86)\VMware\VMware Player\bin\;C:\Windows\system32;C:\Windows;C:\Windows\System32\Wbem;C:\Windows\System32\WindowsPowerShell\v1.0\;C:\Windows\System32\OpenSSH\;C:\Program Files (x86)\NVIDIA Corporation\PhysX\Common;C:\Program Files\NVIDIA Corporation\NVIDIA NvDLISR;C:\WINDOWS\system32;C:\WINDOWS;C:\WINDOWS\System32\Wbem;C:\WINDOWS\System32\WindowsPowerShell\v1.0\;C:\WINDOWS\System32\OpenSSH\;C:\Program Files\Git\cmd;C:\Users\luigu\AppData\Local\Microsoft\WindowsApps;C:\Users\luigu\AppData\Local\Programs\Microsoft VS Code\bin;C:\Users\luigu\AppData\Local\JetBrains\Toolbox\scripts;C:\Users\luigu\AppData\Local\GitHubDesktop\bin
USERNAME=luigu
OS=Windows_NT
PROCESSOR_IDENTIFIER=Intel64 Family 6 Model 154 Stepping 3, GenuineIntel
TMP=C:\Users\luigu\AppData\Local\Temp
TEMP=C:\Users\luigu\AppData\Local\Temp



---------------  S Y S T E M  ---------------

OS: Windows 11 , 64 bit Build 22621 (10.0.22621.3374)
OS uptime: 0 days 1:32 hours

CPU:total 12 (initial active 12) (6 cores per cpu, 2 threads per core) family 6 model 154 stepping 3 microcode 0x419, cmov, cx8, fxsr, mmx, sse, sse2, sse3, ssse3, sse4.1, sse4.2, popcnt, avx, avx2, aes, clmul, erms, 3dnowpref, lzcnt, ht, tsc, tscinvbit, bmi1, bmi2, adx, sha, fma

Memory: 4k page, system-wide physical 7917M (486M free)
TotalPageFile size 19693M (AvailPageFile size 7090M), user-mode portion of virtual address-space 2047M (1235M free)
current process WorkingSet (physical memory assigned to process): 279M, peak: 288M
current process commit charge ("private bytes"): 277M, peak: 284M

vm_info: OpenJDK Client VM (11.0.21+9) for windows-x86 JRE (11.0.21+9), built on Oct 17 2023 17:27:10 by "" with MS VC++ 15.9 (VS2017)

END.
