#
# A fatal error has been detected by the Java Runtime Environment:
#
#  EXCEPTION_ACCESS_VIOLATION (0xc0000005) at pc=0x00007ffa3f73bdf6, pid=33052, tid=32388
#
# JRE version: OpenJDK Runtime Environment Corretto-11.0.22.7.1 (11.0.22+7) (build 11.0.22+7-LTS)
# Java VM: OpenJDK 64-Bit Server VM Corretto-11.0.22.7.1 (11.0.22+7-LTS, mixed mode, tiered, compressed oops, g1 gc, windows-amd64)
# Problematic frame:
# C  [glass.dll+0x1bdf6]
#
# No core dump will be written. Minidumps are not enabled by default on client versions of Windows
#
# If you would like to submit a bug report, please visit:
#   https://github.com/corretto/corretto-11/issues/
# The crash happened outside the Java Virtual Machine in native code.
# See problematic frame for where to report the bug.
#

---------------  S U M M A R Y ------------

Command Line: -javaagent:C:\Users\alonh\AppData\Local\Programs\IntelliJ IDEA Ultimate\lib\idea_rt.jar=62394:C:\Users\alonh\AppData\Local\Programs\IntelliJ IDEA Ultimate\bin -Dfile.encoding=UTF-8 --module-path=C:\Users\alonh\.m2\repository\org\openjfx\javafx-fxml\17.0.6\javafx-fxml-17.0.6-win.jar;C:\Users\alonh\IdeaProjects\Joyeria_ProyectoMult\target\classes;C:\Users\alonh\.m2\repository\org\openjfx\javafx-base\17.0.6\javafx-base-17.0.6-win.jar;C:\Users\alonh\.m2\repository\org\openjfx\javafx-graphics\17.0.6\javafx-graphics-17.0.6-win.jar;C:\Users\alonh\.m2\repository\net\synedra\validatorfx\0.4.0\validatorfx-0.4.0.jar;C:\Users\alonh\.m2\repository\org\kordamp\bootstrapfx\bootstrapfx-core\0.4.0\bootstrapfx-core-0.4.0.jar;C:\Users\alonh\.m2\repository\org\openjfx\javafx-controls\17.0.6\javafx-controls-17.0.6-win.jar;C:\Users\alonh\.m2\repository\com\dlsc\formsfx\formsfx-core\11.6.0\formsfx-core-11.6.0.jar;C:\Users\alonh\.m2\repository\org\controlsfx\controlsfx\11.1.2\controlsfx-11.1.2.jar -Djdk.module.main=com.eduard034.joyeria_proyectomult com.eduard034.joyeria_proyectomult/com.eduard034.joyeria_proyectomult.JoyeriaApp

Host: 12th Gen Intel(R) Core(TM) i5-12450H, 12 cores, 7G,  Windows 11 , 64 bit Build 22621 (10.0.22621.3374)
Time: Fri Apr 19 07:09:05 2024 Hora estándar central (México) elapsed time: 46.497220 seconds (0d 0h 0m 46s)

---------------  T H R E A D  ---------------

Current thread (0x0000019f940fd000):  JavaThread "JavaFX Application Thread" [_thread_in_native, id=32388, stack(0x0000004d52a00000,0x0000004d52b00000)]

Stack: [0x0000004d52a00000,0x0000004d52b00000],  sp=0x0000004d52afc860,  free space=1010k
Native frames: (J=compiled Java code, j=interpreted, Vv=VM code, C=native code)
C  [glass.dll+0x1bdf6]

Java frames: (J=compiled Java code, j=interpreted, Vv=VM code)
j  com.sun.glass.ui.win.WinWindow._close(J)Z+0 javafx.graphics
j  com.sun.glass.ui.Window.close()V+63 javafx.graphics
j  com.sun.glass.ui.win.WinWindow.close()V+8 javafx.graphics
j  com.sun.glass.ui.Application.terminate()V+75 javafx.graphics
j  com.sun.javafx.tk.quantum.QuantumToolkit.lambda$exit$13()Ljava/lang/Object;+5 javafx.graphics
j  com.sun.javafx.tk.quantum.QuantumToolkit$$Lambda$690.get()Ljava/lang/Object;+0 javafx.graphics
j  com.sun.javafx.tk.quantum.QuantumToolkit.runWithRenderLock(Ljava/util/function/Supplier;)Ljava/lang/Object;+7 javafx.graphics
j  com.sun.javafx.tk.quantum.QuantumToolkit.exit()V+26 javafx.graphics
j  com.sun.javafx.application.PlatformImpl.lambda$tkExit$16()V+3 javafx.graphics
j  com.sun.javafx.application.PlatformImpl$$Lambda$689.run()V+0 javafx.graphics
j  com.sun.javafx.application.PlatformImpl.lambda$runAndWait$12(Ljava/lang/Runnable;Ljava/util/concurrent/CountDownLatch;)V+1 javafx.graphics
j  com.sun.javafx.application.PlatformImpl$$Lambda$87.run()V+8 javafx.graphics
j  com.sun.javafx.application.PlatformImpl.lambda$runLater$10(Ljava/lang/Runnable;)Ljava/lang/Void;+1 javafx.graphics
j  com.sun.javafx.application.PlatformImpl$$Lambda$90.run()Ljava/lang/Object;+4 javafx.graphics
v  ~StubRoutines::call_stub
J 2074  java.security.AccessController.doPrivileged(Ljava/security/PrivilegedAction;Ljava/security/AccessControlContext;)Ljava/lang/Object; java.base@11.0.22 (0 bytes) @ 0x0000019f87bc7da6 [0x0000019f87bc7d40+0x0000000000000066]
j  com.sun.javafx.application.PlatformImpl.lambda$runLater$11(Ljava/lang/Runnable;Ljava/security/AccessControlContext;)V+7 javafx.graphics
j  com.sun.javafx.application.PlatformImpl$$Lambda$89.run()V+8 javafx.graphics
J 3296 c1 com.sun.glass.ui.InvokeLaterDispatcher$Future.run()V javafx.graphics (91 bytes) @ 0x0000019f80c13904 [0x0000019f80c13800+0x0000000000000104]
v  ~StubRoutines::call_stub
j  com.sun.glass.ui.win.WinApplication._runLoop(Ljava/lang/Runnable;)V+0 javafx.graphics
j  com.sun.glass.ui.win.WinApplication.lambda$runLoop$3(ILjava/lang/Runnable;)V+8 javafx.graphics
j  com.sun.glass.ui.win.WinApplication$$Lambda$78.run()V+12 javafx.graphics
j  java.lang.Thread.run()V+11 java.base@11.0.22
v  ~StubRoutines::call_stub

siginfo: EXCEPTION_ACCESS_VIOLATION (0xc0000005), reading address 0x0000000000000130


Register to memory mapping:

RIP=0x00007ffa3f73bdf6 glass.dll
RAX=0x0 is NULL
RBX=0x0 is NULL
RCX=0x0 is NULL
RDX=0x0 is NULL
RSP=0x0000004d52afc860 is pointing into the stack for thread: 0x0000019f940fd000
RBP=0x0 is NULL
RSI=0x0000000000000401 is an unknown value
RDI=0x0000004d52afcbb0 is pointing into the stack for thread: 0x0000019f940fd000
R8 =0x0000004d52afcbb0 is pointing into the stack for thread: 0x0000019f940fd000
R9 =0x0 is NULL
R10=0x0 is NULL
R11=0x0000000000000246 is an unknown value
R12=0x0 is NULL
R13=0x0 is NULL
R14=0x0 is NULL
R15=0x0 is NULL


Registers:
RAX=0x0000000000000000, RBX=0x0000000000000000, RCX=0x0000000000000000, RDX=0x0000000000000000
RSP=0x0000004d52afc860, RBP=0x0000000000000000, RSI=0x0000000000000401, RDI=0x0000004d52afcbb0
R8 =0x0000004d52afcbb0, R9 =0x0000000000000000, R10=0x0000000000000000, R11=0x0000000000000246
R12=0x0000000000000000, R13=0x0000000000000000, R14=0x0000000000000000, R15=0x0000000000000000
RIP=0x00007ffa3f73bdf6, EFLAGS=0x0000000000010206

Top of Stack: (sp=0x0000004d52afc860)
0x0000004d52afc860:   0000000000000578 0000004d52afc870
0x0000004d52afc870:   0000000000180016 00007ffa3f7475c0
0x0000004d52afc880:   0000004d52afcbb0 00007ffa3f73a871
0x0000004d52afc890:   0000000000000000 0000004d52afcbb0
0x0000004d52afc8a0:   0000000000000401 0000019ff178ba10
0x0000004d52afc8b0:   0000019f943a2ae0 00007ffa3f72a395
0x0000004d52afc8c0:   0000004d52afcbb0 0000000000000001
0x0000004d52afc8d0:   000000008000c093 0000000000000001
0x0000004d52afc8e0:   0000000000000000 00007ffa3f7217bb
0x0000004d52afc8f0:   0000019f943a2ae0 0000004d52afcbb0
0x0000004d52afc900:   0000000000000401 0000000000070992
0x0000004d52afc910:   0000000000000401 00007ffa8aca8961
0x0000004d52afc920:   0000000000000000 0000004d52afcae8
0x0000004d52afc930:   0000000080000022 0000000000000001
0x0000004d52afc940:   00000000000000b6 0000019f940fd000
0x0000004d52afc950:   0000019f94df7f48 0000019f940fd000 

Instructions: (pc=0x00007ffa3f73bdf6)
0x00007ffa3f73bcf6:   85 c0 74 08 48 8b c8 e8 ee 00 00 00 48 c7 05 23
0x00007ffa3f73bd06:   e1 01 00 00 00 00 00 48 83 c4 28 c3 cc cc cc cc
0x00007ffa3f73bd16:   cc cc cc cc cc cc cc cc cc cc 48 89 5c 24 08 57
0x00007ffa3f73bd26:   48 83 ec 30 48 8b fa 48 8b d9 48 39 91 30 01 00
0x00007ffa3f73bd36:   00 0f 84 a5 00 00 00 e8 ae 00 00 00 48 8b 93 30
0x00007ffa3f73bd46:   01 00 00 48 85 d2 75 04 48 8b 53 08 48 89 54 24
0x00007ffa3f73bd56:   20 4c 8b c7 48 85 ff 75 04 4c 8b 43 08 48 8d 0d
0x00007ffa3f73bd66:   a6 e2 00 00 4c 89 44 24 28 e8 bc 78 fe ff 48 8b
0x00007ffa3f73bd76:   4c 24 20 4c 8d 44 24 20 48 8d 15 db f7 ff ff ff
0x00007ffa3f73bd86:   15 05 da 01 00 48 8b 05 6e dd 01 00 48 85 c0 75
0x00007ffa3f73bd96:   04 33 c9 eb 03 8b 48 40 4c 8d 44 24 20 48 8d 15
0x00007ffa3f73bda6:   f6 f7 ff ff ff 15 e8 d9 01 00 48 89 bb 30 01 00
0x00007ffa3f73bdb6:   00 e8 54 38 00 00 4c 8b 05 ed e0 01 00 48 8b c8
0x00007ffa3f73bdc6:   48 8b 93 c0 00 00 00 4c 8b cf e8 db 92 fe ff e8
0x00007ffa3f73bdd6:   36 38 00 00 48 8b c8 e8 4e 37 00 00 48 8b 5c 24
0x00007ffa3f73bde6:   40 48 83 c4 30 5f c3 cc cc cc 40 57 48 83 ec 20
0x00007ffa3f73bdf6:   48 8b 81 30 01 00 00 48 8b f9 48 85 c0 75 04 48
0x00007ffa3f73be06:   8b 41 08 48 3b 05 20 e0 01 00 75 3b 48 89 5c 24
0x00007ffa3f73be16:   30 e8 f4 37 00 00 4c 8b 05 7d e0 01 00 48 8b c8
0x00007ffa3f73be26:   48 8b 97 c0 00 00 00 48 8b d8 e8 7b 92 fe ff 48
0x00007ffa3f73be36:   8b cb e8 f3 36 00 00 48 8b 5c 24 30 48 c7 05 e3
0x00007ffa3f73be46:   df 01 00 00 00 00 00 48 83 c4 20 5f c3 cc cc cc
0x00007ffa3f73be56:   cc cc cc cc cc cc cc cc cc cc 40 53 48 83 ec 50
0x00007ffa3f73be66:   48 8b 05 5b b3 01 00 48 33 c4 48 89 44 24 40 48
0x00007ffa3f73be76:   8b d9 48 8b 49 08 ff 15 86 d8 01 00 85 c0 0f 85
0x00007ffa3f73be86:   1b 01 00 00 48 8b 4b 08 48 8d 54 24 30 ff 15 af
0x00007ffa3f73be96:   d6 01 00 48 8b 4b 08 48 8d 54 24 20 ff 15 08 d7
0x00007ffa3f73bea6:   01 00 48 8b 4b 08 4c 8d 44 24 20 41 b9 02 00 00
0x00007ffa3f73beb6:   00 33 d2 ff 15 f9 d6 01 00 8b 44 24 24 2b 44 24
0x00007ffa3f73bec6:   34 44 8b 44 24 20 44 2b 44 24 30 8b 54 24 3c 2b
0x00007ffa3f73bed6:   54 24 2c 8b 4c 24 38 2b 4c 24 28 89 83 1c 01 00
0x00007ffa3f73bee6:   00 44 89 83 18 01 00 00 89 93 24 01 00 00 89 8b 


Stack slot to memory mapping:
stack at sp + 0 slots: 0x0000000000000578 is an unknown value
stack at sp + 1 slots: 0x0000004d52afc870 is pointing into the stack for thread: 0x0000019f940fd000
stack at sp + 2 slots: 0x0000000000180016 is an unknown value
stack at sp + 3 slots: 0x00007ffa3f7475c0 glass.dll
stack at sp + 4 slots: 0x0000004d52afcbb0 is pointing into the stack for thread: 0x0000019f940fd000
stack at sp + 5 slots: 0x00007ffa3f73a871 glass.dll
stack at sp + 6 slots: 0x0 is NULL
stack at sp + 7 slots: 0x0000004d52afcbb0 is pointing into the stack for thread: 0x0000019f940fd000


---------------  P R O C E S S  ---------------

Threads class SMR info:
_java_thread_list=0x0000019f9f3771e0, length=18, elements={
0x0000019ff337d800, 0x0000019fff749800, 0x0000019f92f0a800, 0x0000019f92f5e800,
0x0000019f92f60800, 0x0000019f92f65800, 0x0000019f92f6a800, 0x0000019f92f72000,
0x0000019f92f7c000, 0x0000019f930ea800, 0x0000019f9390d800, 0x0000019f93862800,
0x0000019f940fc800, 0x0000019f940fd000, 0x0000019f94472000, 0x0000019f93b86000,
0x0000019f947b4000, 0x0000019f947f2000
}

Java Threads: ( => current thread )
  0x0000019ff337d800 JavaThread "main" [_thread_blocked, id=7564, stack(0x0000004d51900000,0x0000004d51a00000)]
  0x0000019fff749800 JavaThread "Reference Handler" daemon [_thread_blocked, id=9200, stack(0x0000004d52000000,0x0000004d52100000)]
  0x0000019f92f0a800 JavaThread "Finalizer" daemon [_thread_blocked, id=18916, stack(0x0000004d52100000,0x0000004d52200000)]
  0x0000019f92f5e800 JavaThread "Signal Dispatcher" daemon [_thread_blocked, id=31272, stack(0x0000004d52200000,0x0000004d52300000)]
  0x0000019f92f60800 JavaThread "Attach Listener" daemon [_thread_blocked, id=16220, stack(0x0000004d52300000,0x0000004d52400000)]
  0x0000019f92f65800 JavaThread "Service Thread" daemon [_thread_blocked, id=6780, stack(0x0000004d52400000,0x0000004d52500000)]
  0x0000019f92f6a800 JavaThread "C2 CompilerThread0" daemon [_thread_blocked, id=6952, stack(0x0000004d52500000,0x0000004d52600000)]
  0x0000019f92f72000 JavaThread "C1 CompilerThread0" daemon [_thread_blocked, id=32572, stack(0x0000004d52600000,0x0000004d52700000)]
  0x0000019f92f7c000 JavaThread "Sweeper thread" daemon [_thread_blocked, id=18604, stack(0x0000004d52700000,0x0000004d52800000)]
  0x0000019f930ea800 JavaThread "Common-Cleaner" daemon [_thread_blocked, id=15116, stack(0x0000004d52800000,0x0000004d52900000)]
  0x0000019f9390d800 JavaThread "Monitor Ctrl-Break" daemon [_thread_in_native, id=26568, stack(0x0000004d52b00000,0x0000004d52c00000)]
  0x0000019f93862800 JavaThread "QuantumRenderer-0" daemon [_thread_blocked, id=14760, stack(0x0000004d52d00000,0x0000004d52e00000)]
  0x0000019f940fc800 JavaThread "InvokeLaterDispatcher" daemon [_thread_blocked, id=1164, stack(0x0000004d52900000,0x0000004d52a00000)]
=>0x0000019f940fd000 JavaThread "JavaFX Application Thread" [_thread_in_native, id=32388, stack(0x0000004d52a00000,0x0000004d52b00000)]
  0x0000019f94472000 JavaThread "Thread-1" daemon [_thread_in_native, id=18300, stack(0x0000004d53300000,0x0000004d53400000)]
  0x0000019f93b86000 JavaThread "JavaFX-Launcher" [_thread_blocked, id=15032, stack(0x0000004d53400000,0x0000004d53500000)]
  0x0000019f947b4000 JavaThread "Prism Font Disposer" daemon [_thread_blocked, id=12072, stack(0x0000004d53a00000,0x0000004d53b00000)]
  0x0000019f947f2000 JavaThread "Cleaner-0" daemon [_thread_blocked, id=7040, stack(0x0000004d53b00000,0x0000004d53c00000)]

Other Threads:
  0x0000019fff744800 VMThread "VM Thread" [stack: 0x0000004d51f00000,0x0000004d52000000] [id=26756]
  0x0000019f93c06000 WatcherThread [stack: 0x0000004d52c00000,0x0000004d52d00000] [id=7984]
  0x0000019ff3397800 GCTaskThread "GC Thread#0" [stack: 0x0000004d51a00000,0x0000004d51b00000] [id=24452]
  0x0000019f945f7000 GCTaskThread "GC Thread#1" [stack: 0x0000004d53500000,0x0000004d53600000] [id=19300]
  0x0000019f945f8000 GCTaskThread "GC Thread#2" [stack: 0x0000004d53600000,0x0000004d53700000] [id=6340]
  0x0000019f944e6000 GCTaskThread "GC Thread#3" [stack: 0x0000004d53700000,0x0000004d53800000] [id=13328]
  0x0000019f944e6800 GCTaskThread "GC Thread#4" [stack: 0x0000004d53800000,0x0000004d53900000] [id=16352]
  0x0000019f944e7000 GCTaskThread "GC Thread#5" [stack: 0x0000004d53900000,0x0000004d53a00000] [id=31664]
  0x0000019ff33c7800 ConcurrentGCThread "G1 Main Marker" [stack: 0x0000004d51b00000,0x0000004d51c00000] [id=21284]
  0x0000019ff33c8800 ConcurrentGCThread "G1 Conc#0" [stack: 0x0000004d51c00000,0x0000004d51d00000] [id=2868]
  0x0000019f94aa5800 ConcurrentGCThread "G1 Conc#1" [stack: 0x0000004d54000000,0x0000004d54100000] [id=10460]
  0x0000019f9eb77000 ConcurrentGCThread "G1 Conc#2" [stack: 0x0000004d54100000,0x0000004d54200000] [id=10260]
  0x0000019fff59a800 ConcurrentGCThread "G1 Refine#0" [stack: 0x0000004d51d00000,0x0000004d51e00000] [id=18888]
  0x0000019fff59b800 ConcurrentGCThread "G1 Young RemSet Sampling" [stack: 0x0000004d51e00000,0x0000004d51f00000] [id=32960]

Threads with active compile tasks:

VM state:not at safepoint (normal execution)

VM Mutex/Monitor currently owned by a thread: None

Heap address: 0x0000000084800000, size: 1976 MB, Compressed Oops mode: 32-bit
Narrow klass base: 0x0000000000000000, Narrow klass shift: 3
Compressed class space size: 1073741824 Address: 0x0000000100000000

Heap:
 garbage-first heap   total 126976K, used 64908K [0x0000000084800000, 0x0000000100000000)
  region size 1024K, 38 young (38912K), 6 survivors (6144K)
 Metaspace       used 29116K, capacity 30324K, committed 30640K, reserved 1075200K
  class space    used 3557K, capacity 4029K, committed 4096K, reserved 1048576K
Heap Regions: E=young(eden), S=young(survivor), O=old, HS=humongous(starts), HC=humongous(continues), CS=collection set, F=free, A=archive, TAMS=top-at-mark-start (previous, next)
|   0|0x0000000084800000, 0x0000000084900000, 0x0000000084900000|100%| O|  |TAMS 0x000000008483d600, 0x0000000084800000| Untracked 
|   1|0x0000000084900000, 0x0000000084a00000, 0x0000000084a00000|100%|HS|  |TAMS 0x0000000084a00000, 0x0000000084900000| Complete 
|   2|0x0000000084a00000, 0x0000000084b00000, 0x0000000084b00000|100%|HC|  |TAMS 0x0000000084b00000, 0x0000000084a00000| Complete 
|   3|0x0000000084b00000, 0x0000000084c00000, 0x0000000084c00000|100%|HC|  |TAMS 0x0000000084c00000, 0x0000000084b00000| Complete 
|   4|0x0000000084c00000, 0x0000000084d00000, 0x0000000084d00000|100%|HC|  |TAMS 0x0000000084d00000, 0x0000000084c00000| Complete 
|   5|0x0000000084d00000, 0x0000000084e00000, 0x0000000084e00000|100%|HC|  |TAMS 0x0000000084e00000, 0x0000000084d00000| Complete 
|   6|0x0000000084e00000, 0x0000000084f00000, 0x0000000084f00000|100%|HC|  |TAMS 0x0000000084f00000, 0x0000000084e00000| Complete 
|   7|0x0000000084f00000, 0x0000000085000000, 0x0000000085000000|100%|HC|  |TAMS 0x0000000085000000, 0x0000000084f00000| Complete 
|   8|0x0000000085000000, 0x0000000085100000, 0x0000000085100000|100%|HS|  |TAMS 0x0000000085000000, 0x0000000085000000| Complete 
|   9|0x0000000085100000, 0x0000000085200000, 0x0000000085200000|100%|HC|  |TAMS 0x0000000085100000, 0x0000000085100000| Complete 
|  10|0x0000000085200000, 0x0000000085300000, 0x0000000085300000|100%|HS|  |TAMS 0x0000000085200000, 0x0000000085200000| Complete 
|  11|0x0000000085300000, 0x0000000085400000, 0x0000000085400000|100%|HC|  |TAMS 0x0000000085300000, 0x0000000085300000| Complete 
|  12|0x0000000085400000, 0x0000000085500000, 0x0000000085500000|100%| O|  |TAMS 0x0000000085400000, 0x0000000085400000| Untracked 
|  13|0x0000000085500000, 0x0000000085600000, 0x0000000085600000|100%| O|  |TAMS 0x0000000085500000, 0x0000000085500000| Untracked 
|  14|0x0000000085600000, 0x0000000085700000, 0x0000000085700000|100%| O|  |TAMS 0x0000000085600000, 0x0000000085600000| Untracked 
|  15|0x0000000085700000, 0x0000000085800000, 0x0000000085800000|100%| O|  |TAMS 0x0000000085700000, 0x0000000085700000| Untracked 
|  16|0x0000000085800000, 0x0000000085900000, 0x0000000085900000|100%| O|  |TAMS 0x0000000085800000, 0x0000000085800000| Untracked 
|  17|0x0000000085900000, 0x00000000859cf200, 0x0000000085a00000| 80%| O|  |TAMS 0x0000000085900000, 0x0000000085900000| Untracked 
|  18|0x0000000085a00000, 0x0000000085b00000, 0x0000000085b00000|100%|HS|  |TAMS 0x0000000085a00000, 0x0000000085a00000| Complete 
|  19|0x0000000085b00000, 0x0000000085c00000, 0x0000000085c00000|100%|HC|  |TAMS 0x0000000085b00000, 0x0000000085b00000| Complete 
|  20|0x0000000085c00000, 0x0000000085d00000, 0x0000000085d00000|100%|HC|  |TAMS 0x0000000085c00000, 0x0000000085c00000| Complete 
|  21|0x0000000085d00000, 0x0000000085e00000, 0x0000000085e00000|100%|HC|  |TAMS 0x0000000085d00000, 0x0000000085d00000| Complete 
|  22|0x0000000085e00000, 0x0000000085f00000, 0x0000000085f00000|100%|HC|  |TAMS 0x0000000085e00000, 0x0000000085e00000| Complete 
|  23|0x0000000085f00000, 0x0000000086000000, 0x0000000086000000|100%|HC|  |TAMS 0x0000000085f00000, 0x0000000085f00000| Complete 
|  24|0x0000000086000000, 0x0000000086100000, 0x0000000086100000|100%|HC|  |TAMS 0x0000000086000000, 0x0000000086000000| Complete 
|  25|0x0000000086100000, 0x0000000086200000, 0x0000000086200000|100%|HS|  |TAMS 0x0000000086100000, 0x0000000086100000| Complete 
|  26|0x0000000086200000, 0x0000000086300000, 0x0000000086300000|100%|HC|  |TAMS 0x0000000086200000, 0x0000000086200000| Complete 
|  27|0x0000000086300000, 0x0000000086300000, 0x0000000086400000|  0%| F|  |TAMS 0x0000000086300000, 0x0000000086300000| Untracked 
|  28|0x0000000086400000, 0x0000000086400000, 0x0000000086500000|  0%| F|  |TAMS 0x0000000086400000, 0x0000000086400000| Untracked 
|  29|0x0000000086500000, 0x0000000086500000, 0x0000000086600000|  0%| F|  |TAMS 0x0000000086500000, 0x0000000086500000| Untracked 
|  30|0x0000000086600000, 0x0000000086600000, 0x0000000086700000|  0%| F|  |TAMS 0x0000000086600000, 0x0000000086600000| Untracked 
|  31|0x0000000086700000, 0x0000000086700000, 0x0000000086800000|  0%| F|  |TAMS 0x0000000086700000, 0x0000000086700000| Untracked 
|  32|0x0000000086800000, 0x0000000086800000, 0x0000000086900000|  0%| F|  |TAMS 0x0000000086800000, 0x0000000086800000| Untracked 
|  33|0x0000000086900000, 0x0000000086900000, 0x0000000086a00000|  0%| F|  |TAMS 0x0000000086900000, 0x0000000086900000| Untracked 
|  34|0x0000000086a00000, 0x0000000086a00000, 0x0000000086b00000|  0%| F|  |TAMS 0x0000000086a00000, 0x0000000086a00000| Untracked 
|  35|0x0000000086b00000, 0x0000000086b00000, 0x0000000086c00000|  0%| F|  |TAMS 0x0000000086b00000, 0x0000000086b00000| Untracked 
|  36|0x0000000086c00000, 0x0000000086c00000, 0x0000000086d00000|  0%| F|  |TAMS 0x0000000086c00000, 0x0000000086c00000| Untracked 
|  37|0x0000000086d00000, 0x0000000086d00000, 0x0000000086e00000|  0%| F|  |TAMS 0x0000000086d00000, 0x0000000086d00000| Untracked 
|  38|0x0000000086e00000, 0x0000000086e00000, 0x0000000086f00000|  0%| F|  |TAMS 0x0000000086e00000, 0x0000000086e00000| Untracked 
|  39|0x0000000086f00000, 0x0000000086f00000, 0x0000000087000000|  0%| F|  |TAMS 0x0000000086f00000, 0x0000000086f00000| Untracked 
|  40|0x0000000087000000, 0x0000000087000000, 0x0000000087100000|  0%| F|  |TAMS 0x0000000087000000, 0x0000000087000000| Untracked 
|  41|0x0000000087100000, 0x0000000087100000, 0x0000000087200000|  0%| F|  |TAMS 0x0000000087100000, 0x0000000087100000| Untracked 
|  42|0x0000000087200000, 0x0000000087200000, 0x0000000087300000|  0%| F|  |TAMS 0x0000000087200000, 0x0000000087200000| Untracked 
|  43|0x0000000087300000, 0x0000000087300000, 0x0000000087400000|  0%| F|  |TAMS 0x0000000087300000, 0x0000000087300000| Untracked 
|  44|0x0000000087400000, 0x0000000087400000, 0x0000000087500000|  0%| F|  |TAMS 0x0000000087400000, 0x0000000087400000| Untracked 
|  45|0x0000000087500000, 0x0000000087500000, 0x0000000087600000|  0%| F|  |TAMS 0x0000000087500000, 0x0000000087500000| Untracked 
|  46|0x0000000087600000, 0x0000000087600000, 0x0000000087700000|  0%| F|  |TAMS 0x0000000087600000, 0x0000000087600000| Untracked 
|  47|0x0000000087700000, 0x0000000087700000, 0x0000000087800000|  0%| F|  |TAMS 0x0000000087700000, 0x0000000087700000| Untracked 
|  48|0x0000000087800000, 0x0000000087800000, 0x0000000087900000|  0%| F|  |TAMS 0x0000000087800000, 0x0000000087800000| Untracked 
|  49|0x0000000087900000, 0x0000000087900000, 0x0000000087a00000|  0%| F|  |TAMS 0x0000000087900000, 0x0000000087900000| Untracked 
|  50|0x0000000087a00000, 0x0000000087a00000, 0x0000000087b00000|  0%| F|  |TAMS 0x0000000087a00000, 0x0000000087a00000| Untracked 
|  51|0x0000000087b00000, 0x0000000087b00000, 0x0000000087c00000|  0%| F|  |TAMS 0x0000000087b00000, 0x0000000087b00000| Untracked 
|  52|0x0000000087c00000, 0x0000000087c00000, 0x0000000087d00000|  0%| F|  |TAMS 0x0000000087c00000, 0x0000000087c00000| Untracked 
|  53|0x0000000087d00000, 0x0000000087d00000, 0x0000000087e00000|  0%| F|  |TAMS 0x0000000087d00000, 0x0000000087d00000| Untracked 
|  54|0x0000000087e00000, 0x0000000087e00000, 0x0000000087f00000|  0%| F|  |TAMS 0x0000000087e00000, 0x0000000087e00000| Untracked 
|  55|0x0000000087f00000, 0x0000000087f00000, 0x0000000088000000|  0%| F|  |TAMS 0x0000000087f00000, 0x0000000087f00000| Untracked 
|  56|0x0000000088000000, 0x0000000088000000, 0x0000000088100000|  0%| F|  |TAMS 0x0000000088000000, 0x0000000088000000| Untracked 
|  57|0x0000000088100000, 0x0000000088100000, 0x0000000088200000|  0%| F|  |TAMS 0x0000000088100000, 0x0000000088100000| Untracked 
|  58|0x0000000088200000, 0x0000000088200000, 0x0000000088300000|  0%| F|  |TAMS 0x0000000088200000, 0x0000000088200000| Untracked 
|  59|0x0000000088300000, 0x0000000088300000, 0x0000000088400000|  0%| F|  |TAMS 0x0000000088300000, 0x0000000088300000| Untracked 
|  60|0x0000000088400000, 0x0000000088400000, 0x0000000088500000|  0%| F|  |TAMS 0x0000000088400000, 0x0000000088400000| Untracked 
|  61|0x0000000088500000, 0x0000000088500000, 0x0000000088600000|  0%| F|  |TAMS 0x0000000088500000, 0x0000000088500000| Untracked 
|  62|0x0000000088600000, 0x0000000088600000, 0x0000000088700000|  0%| F|  |TAMS 0x0000000088600000, 0x0000000088600000| Untracked 
|  63|0x0000000088700000, 0x0000000088700000, 0x0000000088800000|  0%| F|  |TAMS 0x0000000088700000, 0x0000000088700000| Untracked 
|  64|0x0000000088800000, 0x0000000088800000, 0x0000000088900000|  0%| F|  |TAMS 0x0000000088800000, 0x0000000088800000| Untracked 
|  65|0x0000000088900000, 0x0000000088900000, 0x0000000088a00000|  0%| F|  |TAMS 0x0000000088900000, 0x0000000088900000| Untracked 
|  66|0x0000000088a00000, 0x0000000088a00000, 0x0000000088b00000|  0%| F|  |TAMS 0x0000000088a00000, 0x0000000088a00000| Untracked 
|  67|0x0000000088b00000, 0x0000000088b00000, 0x0000000088c00000|  0%| F|  |TAMS 0x0000000088b00000, 0x0000000088b00000| Untracked 
|  68|0x0000000088c00000, 0x0000000088c00000, 0x0000000088d00000|  0%| F|  |TAMS 0x0000000088c00000, 0x0000000088c00000| Untracked 
|  69|0x0000000088d00000, 0x0000000088d00000, 0x0000000088e00000|  0%| F|  |TAMS 0x0000000088d00000, 0x0000000088d00000| Untracked 
|  70|0x0000000088e00000, 0x0000000088e00000, 0x0000000088f00000|  0%| F|  |TAMS 0x0000000088e00000, 0x0000000088e00000| Untracked 
|  71|0x0000000088f00000, 0x0000000088f93ee0, 0x0000000089000000| 57%| S|CS|TAMS 0x0000000088f00000, 0x0000000088f00000| Complete 
|  72|0x0000000089000000, 0x0000000089100000, 0x0000000089100000|100%| S|CS|TAMS 0x0000000089000000, 0x0000000089000000| Complete 
|  73|0x0000000089100000, 0x0000000089200000, 0x0000000089200000|100%| S|CS|TAMS 0x0000000089100000, 0x0000000089100000| Complete 
|  74|0x0000000089200000, 0x0000000089300000, 0x0000000089300000|100%| S|CS|TAMS 0x0000000089200000, 0x0000000089200000| Complete 
|  75|0x0000000089300000, 0x0000000089400000, 0x0000000089400000|100%| S|CS|TAMS 0x0000000089300000, 0x0000000089300000| Complete 
|  76|0x0000000089400000, 0x0000000089500000, 0x0000000089500000|100%| S|CS|TAMS 0x0000000089400000, 0x0000000089400000| Complete 
|  77|0x0000000089500000, 0x0000000089500000, 0x0000000089600000|  0%| F|  |TAMS 0x0000000089500000, 0x0000000089500000| Untracked 
|  78|0x0000000089600000, 0x0000000089600000, 0x0000000089700000|  0%| F|  |TAMS 0x0000000089600000, 0x0000000089600000| Untracked 
|  79|0x0000000089700000, 0x0000000089700000, 0x0000000089800000|  0%| F|  |TAMS 0x0000000089700000, 0x0000000089700000| Untracked 
|  80|0x0000000089800000, 0x0000000089800000, 0x0000000089900000|  0%| F|  |TAMS 0x0000000089800000, 0x0000000089800000| Untracked 
|  81|0x0000000089900000, 0x0000000089900000, 0x0000000089a00000|  0%| F|  |TAMS 0x0000000089900000, 0x0000000089900000| Untracked 
|  82|0x0000000089a00000, 0x0000000089a00000, 0x0000000089b00000|  0%| F|  |TAMS 0x0000000089a00000, 0x0000000089a00000| Untracked 
|  83|0x0000000089b00000, 0x0000000089b00000, 0x0000000089c00000|  0%| F|  |TAMS 0x0000000089b00000, 0x0000000089b00000| Untracked 
|  84|0x0000000089c00000, 0x0000000089c00000, 0x0000000089d00000|  0%| F|  |TAMS 0x0000000089c00000, 0x0000000089c00000| Untracked 
|  85|0x0000000089d00000, 0x0000000089d00000, 0x0000000089e00000|  0%| F|  |TAMS 0x0000000089d00000, 0x0000000089d00000| Untracked 
|  86|0x0000000089e00000, 0x0000000089e00000, 0x0000000089f00000|  0%| F|  |TAMS 0x0000000089e00000, 0x0000000089e00000| Untracked 
|  87|0x0000000089f00000, 0x0000000089f00000, 0x000000008a000000|  0%| F|  |TAMS 0x0000000089f00000, 0x0000000089f00000| Untracked 
|  88|0x000000008a000000, 0x000000008a000000, 0x000000008a100000|  0%| F|  |TAMS 0x000000008a000000, 0x000000008a000000| Untracked 
|  89|0x000000008a100000, 0x000000008a100000, 0x000000008a200000|  0%| F|  |TAMS 0x000000008a100000, 0x000000008a100000| Untracked 
|  90|0x000000008a200000, 0x000000008a200000, 0x000000008a300000|  0%| F|  |TAMS 0x000000008a200000, 0x000000008a200000| Untracked 
|  91|0x000000008a300000, 0x000000008a300000, 0x000000008a400000|  0%| F|  |TAMS 0x000000008a300000, 0x000000008a300000| Untracked 
|  92|0x000000008a400000, 0x000000008a500000, 0x000000008a500000|100%| E|  |TAMS 0x000000008a400000, 0x000000008a400000| Complete 
|  93|0x000000008a500000, 0x000000008a600000, 0x000000008a600000|100%| E|CS|TAMS 0x000000008a500000, 0x000000008a500000| Complete 
|  94|0x000000008a600000, 0x000000008a700000, 0x000000008a700000|100%| E|CS|TAMS 0x000000008a600000, 0x000000008a600000| Complete 
|  95|0x000000008a700000, 0x000000008a800000, 0x000000008a800000|100%| E|CS|TAMS 0x000000008a700000, 0x000000008a700000| Complete 
|  96|0x000000008a800000, 0x000000008a900000, 0x000000008a900000|100%| E|CS|TAMS 0x000000008a800000, 0x000000008a800000| Complete 
|  97|0x000000008a900000, 0x000000008aa00000, 0x000000008aa00000|100%| E|CS|TAMS 0x000000008a900000, 0x000000008a900000| Complete 
|  98|0x000000008aa00000, 0x000000008ab00000, 0x000000008ab00000|100%| E|CS|TAMS 0x000000008aa00000, 0x000000008aa00000| Complete 
|  99|0x000000008ab00000, 0x000000008ac00000, 0x000000008ac00000|100%| E|CS|TAMS 0x000000008ab00000, 0x000000008ab00000| Complete 
| 100|0x000000008ac00000, 0x000000008ad00000, 0x000000008ad00000|100%| E|CS|TAMS 0x000000008ac00000, 0x000000008ac00000| Complete 
| 101|0x000000008ad00000, 0x000000008ae00000, 0x000000008ae00000|100%| E|CS|TAMS 0x000000008ad00000, 0x000000008ad00000| Complete 
| 102|0x000000008ae00000, 0x000000008af00000, 0x000000008af00000|100%| E|CS|TAMS 0x000000008ae00000, 0x000000008ae00000| Complete 
| 103|0x000000008af00000, 0x000000008b000000, 0x000000008b000000|100%| E|CS|TAMS 0x000000008af00000, 0x000000008af00000| Complete 
| 104|0x000000008b000000, 0x000000008b100000, 0x000000008b100000|100%| E|CS|TAMS 0x000000008b000000, 0x000000008b000000| Complete 
| 105|0x000000008b100000, 0x000000008b200000, 0x000000008b200000|100%| E|CS|TAMS 0x000000008b100000, 0x000000008b100000| Complete 
| 106|0x000000008b200000, 0x000000008b300000, 0x000000008b300000|100%| E|CS|TAMS 0x000000008b200000, 0x000000008b200000| Complete 
| 107|0x000000008b300000, 0x000000008b400000, 0x000000008b400000|100%| E|CS|TAMS 0x000000008b300000, 0x000000008b300000| Complete 
| 108|0x000000008b400000, 0x000000008b500000, 0x000000008b500000|100%| E|CS|TAMS 0x000000008b400000, 0x000000008b400000| Complete 
| 109|0x000000008b500000, 0x000000008b600000, 0x000000008b600000|100%| E|CS|TAMS 0x000000008b500000, 0x000000008b500000| Complete 
| 110|0x000000008b600000, 0x000000008b700000, 0x000000008b700000|100%| E|CS|TAMS 0x000000008b600000, 0x000000008b600000| Complete 
| 111|0x000000008b700000, 0x000000008b800000, 0x000000008b800000|100%| E|CS|TAMS 0x000000008b700000, 0x000000008b700000| Complete 
| 112|0x000000008b800000, 0x000000008b900000, 0x000000008b900000|100%| E|CS|TAMS 0x000000008b800000, 0x000000008b800000| Complete 
| 113|0x000000008b900000, 0x000000008ba00000, 0x000000008ba00000|100%| E|CS|TAMS 0x000000008b900000, 0x000000008b900000| Complete 
| 114|0x000000008ba00000, 0x000000008bb00000, 0x000000008bb00000|100%| E|CS|TAMS 0x000000008ba00000, 0x000000008ba00000| Complete 
| 115|0x000000008bb00000, 0x000000008bc00000, 0x000000008bc00000|100%| E|CS|TAMS 0x000000008bb00000, 0x000000008bb00000| Complete 
| 116|0x000000008bc00000, 0x000000008bd00000, 0x000000008bd00000|100%| E|CS|TAMS 0x000000008bc00000, 0x000000008bc00000| Complete 
| 117|0x000000008bd00000, 0x000000008be00000, 0x000000008be00000|100%| E|CS|TAMS 0x000000008bd00000, 0x000000008bd00000| Complete 
| 118|0x000000008be00000, 0x000000008bf00000, 0x000000008bf00000|100%| E|CS|TAMS 0x000000008be00000, 0x000000008be00000| Complete 
| 119|0x000000008bf00000, 0x000000008c000000, 0x000000008c000000|100%| E|CS|TAMS 0x000000008bf00000, 0x000000008bf00000| Complete 
| 120|0x000000008c000000, 0x000000008c100000, 0x000000008c100000|100%| E|CS|TAMS 0x000000008c000000, 0x000000008c000000| Complete 
| 121|0x000000008c100000, 0x000000008c200000, 0x000000008c200000|100%| E|CS|TAMS 0x000000008c100000, 0x000000008c100000| Complete 
| 122|0x000000008c200000, 0x000000008c300000, 0x000000008c300000|100%| E|CS|TAMS 0x000000008c200000, 0x000000008c200000| Complete 
| 123|0x000000008c300000, 0x000000008c400000, 0x000000008c400000|100%| E|CS|TAMS 0x000000008c300000, 0x000000008c300000| Complete 

Card table byte_map: [0x0000019ffc410000,0x0000019ffc7f0000] _byte_map_base: 0x0000019ffbfec000

Marking Bits (Prev, Next): (CMBitMap*) 0x0000019ff33bec00, (CMBitMap*) 0x0000019ff33bebc8
 Prev Bits: [0x0000019f8f000000, 0x0000019f90ee0000)
 Next Bits: [0x0000019ffcbd0000, 0x0000019ffeab0000)

Polling page: 0x0000019ff2b20000

Metaspace:

Usage:
  Non-class:     25.68 MB capacity,    24.96 MB ( 97%) used,   598.88 KB (  2%) free+waste,   137.25 KB ( <1%) overhead. 
      Class:      3.93 MB capacity,     3.47 MB ( 88%) used,   403.52 KB ( 10%) free+waste,    68.25 KB (  2%) overhead. 
       Both:     29.61 MB capacity,    28.43 MB ( 96%) used,  1002.40 KB (  3%) free+waste,   205.50 KB ( <1%) overhead. 

Virtual space:
  Non-class space:       26.00 MB reserved,      25.92 MB (>99%) committed 
      Class space:        1.00 GB reserved,       4.00 MB ( <1%) committed 
             Both:        1.03 GB reserved,      29.92 MB (  3%) committed 

Chunk freelists:
   Non-Class:  57.00 KB
       Class:  3.00 KB
        Both:  60.00 KB

MaxMetaspaceSize: 17179869184.00 GB
CompressedClassSpaceSize: 1.00 GB
Initial GC threshold: 20.80 MB
Current GC threshold: 35.08 MB
CDS: off

CodeHeap 'non-profiled nmethods': size=120000Kb used=2630Kb max_used=2630Kb free=117369Kb
 bounds [0x0000019f87ad0000, 0x0000019f87d70000, 0x0000019f8f000000]
CodeHeap 'profiled nmethods': size=120000Kb used=10489Kb max_used=10489Kb free=109510Kb
 bounds [0x0000019f805a0000, 0x0000019f80fe0000, 0x0000019f87ad0000]
CodeHeap 'non-nmethods': size=5760Kb used=1465Kb max_used=1512Kb free=4294Kb
 bounds [0x0000019f80000000, 0x0000019f80270000, 0x0000019f805a0000]
 total_blobs=5661 nmethods=4851 adapters=722
 compilation: enabled
              stopped_count=0, restarted_count=0
 full_count=0

Compilation events (20 events):
Event: 46.351 Thread 0x0000019f92f72000 4847       3       sun.nio.cs.StreamEncoder::writeBytes (132 bytes)
Event: 46.352 Thread 0x0000019f92f72000 nmethod 4847 0x0000019f80fd3590 code [0x0000019f80fd3800, 0x0000019f80fd41f8]
Event: 46.396 Thread 0x0000019f92f72000 4852       3       java.lang.StackTraceElement::toString (322 bytes)
Event: 46.408 Thread 0x0000019f92f72000 nmethod 4852 0x0000019f80fd4590 code [0x0000019f80fd4ce0, 0x0000019f80fd88d8]
Event: 46.408 Thread 0x0000019f92f72000 4854   !   3       java.io.BufferedWriter::flushBuffer (53 bytes)
Event: 46.409 Thread 0x0000019f92f72000 nmethod 4854 0x0000019f80fd9b90 code [0x0000019f80fd9d80, 0x0000019f80fda318]
Event: 46.409 Thread 0x0000019f92f72000 4853       3       java.lang.StackTraceElement::dropClassLoaderName (16 bytes)
Event: 46.409 Thread 0x0000019f92f72000 nmethod 4853 0x0000019f80fda590 code [0x0000019f80fda740, 0x0000019f80fda898]
Event: 46.447 Thread 0x0000019f92f72000 4855       3       java.lang.System::lineSeparator (4 bytes)
Event: 46.448 Thread 0x0000019f92f72000 nmethod 4855 0x0000019f80fda910 code [0x0000019f80fdaac0, 0x0000019f80fdabb8]
Event: 46.448 Thread 0x0000019f92f72000 4856       3       java.io.PrintStream::print (9 bytes)
Event: 46.448 Thread 0x0000019f92f72000 nmethod 4856 0x0000019f80fdac10 code [0x0000019f80fdade0, 0x0000019f80fdb028]
Event: 46.448 Thread 0x0000019f92f72000 4857   !   3       java.io.PrintStream::write (83 bytes)
Event: 46.450 Thread 0x0000019f92f72000 nmethod 4857 0x0000019f80fdb190 code [0x0000019f80fdb440, 0x0000019f80fdc098]
Event: 46.450 Thread 0x0000019f92f72000 4859       3       java.io.BufferedWriter::newLine (8 bytes)
Event: 46.451 Thread 0x0000019f92f72000 nmethod 4859 0x0000019f80fdc710 code [0x0000019f80fdc900, 0x0000019f80fdcc88]
Event: 46.451 Thread 0x0000019f92f72000 4858   !   3       java.io.PrintStream::newLine (73 bytes)
Event: 46.451 Thread 0x0000019f92f72000 nmethod 4858 0x0000019f80fdce10 code [0x0000019f80fdd080, 0x0000019f80fddaf8]
Event: 46.451 Thread 0x0000019f92f72000 4860       3       java.lang.StringBuilder::append (9 bytes)
Event: 46.452 Thread 0x0000019f92f72000 nmethod 4860 0x0000019f80fde090 code [0x0000019f80fde280, 0x0000019f80fde598]

GC Heap History (6 events):
Event: 1.234 GC heap before
{Heap before GC invocations=0 (full 0):
 garbage-first heap   total 126976K, used 23552K [0x0000000084800000, 0x0000000100000000)
  region size 1024K, 24 young (24576K), 0 survivors (0K)
 Metaspace       used 12577K, capacity 12872K, committed 13056K, reserved 1060864K
  class space    used 1284K, capacity 1429K, committed 1536K, reserved 1048576K
}
Event: 1.239 GC heap after
{Heap after GC invocations=1 (full 0):
 garbage-first heap   total 126976K, used 3317K [0x0000000084800000, 0x0000000100000000)
  region size 1024K, 3 young (3072K), 3 survivors (3072K)
 Metaspace       used 12577K, capacity 12872K, committed 13056K, reserved 1060864K
  class space    used 1284K, capacity 1429K, committed 1536K, reserved 1048576K
}
Event: 2.206 GC heap before
{Heap before GC invocations=1 (full 0):
 garbage-first heap   total 126976K, used 38133K [0x0000000084800000, 0x0000000100000000)
  region size 1024K, 31 young (31744K), 3 survivors (3072K)
 Metaspace       used 20571K, capacity 21185K, committed 21296K, reserved 1069056K
  class space    used 2410K, capacity 2660K, committed 2688K, reserved 1048576K
}
Event: 2.217 GC heap after
{Heap after GC invocations=2 (full 0):
 garbage-first heap   total 126976K, used 14241K [0x0000000084800000, 0x0000000100000000)
  region size 1024K, 7 young (7168K), 7 survivors (7168K)
 Metaspace       used 20571K, capacity 21185K, committed 21296K, reserved 1069056K
  class space    used 2410K, capacity 2660K, committed 2688K, reserved 1048576K
}
Event: 22.115 GC heap before
{Heap before GC invocations=3 (full 0):
 garbage-first heap   total 126976K, used 59297K [0x0000000084800000, 0x0000000100000000)
  region size 1024K, 47 young (48128K), 7 survivors (7168K)
 Metaspace       used 27669K, capacity 28803K, committed 28976K, reserved 1075200K
  class space    used 3432K, capacity 3907K, committed 3968K, reserved 1048576K
}
Event: 22.126 GC heap after
{Heap after GC invocations=4 (full 0):
 garbage-first heap   total 126976K, used 21900K [0x0000000084800000, 0x0000000100000000)
  region size 1024K, 6 young (6144K), 6 survivors (6144K)
 Metaspace       used 27669K, capacity 28803K, committed 28976K, reserved 1075200K
  class space    used 3432K, capacity 3907K, committed 3968K, reserved 1048576K
}

Deoptimization events (20 events):
Event: 40.562 Thread 0x0000019f940fd000 DEOPT PACKING pc=0x0000019f87c7d2a0 sp=0x0000004d52af4630
Event: 40.562 Thread 0x0000019f940fd000 DEOPT UNPACKING pc=0x0000019f8004a1af sp=0x0000004d52af4690 mode 2
Event: 44.174 Thread 0x0000019f940fd000 DEOPT PACKING pc=0x0000019f80ae7975 sp=0x0000004d52af2ad0
Event: 44.174 Thread 0x0000019f940fd000 DEOPT UNPACKING pc=0x0000019f8004a95e sp=0x0000004d52af1fc0 mode 0
Event: 46.162 Thread 0x0000019f940fd000 Uncommon trap: trap_request=0xffffff4d fr.pc=0x0000019f87ce1600 relative=0x0000000000000160
Event: 46.162 Thread 0x0000019f940fd000 Uncommon trap: reason=unstable_if action=reinterpret pc=0x0000019f87ce1600 method=java.util.concurrent.locks.ReentrantLock$Sync.nonfairTryAcquire(I)Z @ 19 c2
Event: 46.162 Thread 0x0000019f940fd000 DEOPT PACKING pc=0x0000019f87ce1600 sp=0x0000004d52af6e90
Event: 46.162 Thread 0x0000019f940fd000 DEOPT UNPACKING pc=0x0000019f8004a1af sp=0x0000004d52af6dd0 mode 2
Event: 46.162 Thread 0x0000019f940fd000 DEOPT PACKING pc=0x0000019f80956804 sp=0x0000004d52af8060
Event: 46.162 Thread 0x0000019f940fd000 DEOPT UNPACKING pc=0x0000019f8004a95e sp=0x0000004d52af7528 mode 0
Event: 46.162 Thread 0x0000019f940fd000 DEOPT PACKING pc=0x0000019f809b13fc sp=0x0000004d52af8370
Event: 46.162 Thread 0x0000019f940fd000 DEOPT UNPACKING pc=0x0000019f8004a95e sp=0x0000004d52af7850 mode 0
Event: 46.162 Thread 0x0000019f940fd000 DEOPT PACKING pc=0x0000019f80956804 sp=0x0000004d52afc400
Event: 46.162 Thread 0x0000019f940fd000 DEOPT UNPACKING pc=0x0000019f8004a95e sp=0x0000004d52afb8c8 mode 0
Event: 46.162 Thread 0x0000019f940fd000 DEOPT PACKING pc=0x0000019f809b1054 sp=0x0000004d52afc710
Event: 46.162 Thread 0x0000019f940fd000 DEOPT UNPACKING pc=0x0000019f8004a95e sp=0x0000004d52afbbf0 mode 0
Event: 46.262 Thread 0x0000019f940fd000 Uncommon trap: trap_request=0xffffff4d fr.pc=0x0000019f87d5e640 relative=0x0000000000000ea0
Event: 46.263 Thread 0x0000019f940fd000 Uncommon trap: reason=unstable_if action=reinterpret pc=0x0000019f87d5e640 method=com.sun.glass.ui.Timer.resume()V @ 6 c2
Event: 46.263 Thread 0x0000019f940fd000 DEOPT PACKING pc=0x0000019f87d5e640 sp=0x0000004d52af6ac0
Event: 46.263 Thread 0x0000019f940fd000 DEOPT UNPACKING pc=0x0000019f8004a1af sp=0x0000004d52af6750 mode 2

Classes redefined (0 events):
No events

Internal exceptions (20 events):
Event: 2.303 Thread 0x0000019f940fd000 Exception <a 'java/lang/ClassNotFoundException'{0x000000008c035c10}: com/sun/javafx/scene/control/skin/resources/controls_es> (0x000000008c035c10) thrown at [s\src\hotspot\share\prims\jni.cpp, line 638]
Event: 2.305 Thread 0x0000019f940fd000 Exception <a 'java/lang/ClassNotFoundException'{0x000000008c0438c8}: com/sun/javafx/scene/control/skin/resources/controls_es_MX> (0x000000008c0438c8) thrown at [s\src\hotspot\share\prims\jni.cpp, line 638]
Event: 2.356 Thread 0x0000019f940fd000 Exception <a 'java/lang/NoSuchMethodError'{0x000000008bff5368}: 'void java.lang.invoke.DirectMethodHandle$Holder.invokeSpecial(java.lang.Object, java.lang.Object, java.lang.Object, java.lang.Object, java.lang.Object, java.lang.Object)'> (0x000000008bff5368) thrown at [s\src\hotspot\share\interpreter\linkResolver.cpp, line 773]
Event: 2.397 Thread 0x0000019f940fd000 Exception <a 'java/lang/NoSuchMethodError'{0x000000008bc5c9b0}: 'java.lang.Object java.lang.invoke.DirectMethodHandle$Holder.invokeInterface(java.lang.Object, java.lang.Object, java.lang.Object)'> (0x000000008bc5c9b0) thrown at [s\src\hotspot\share\interpreter\linkResolver.cpp, line 773]
Event: 2.397 Thread 0x0000019f940fd000 Exception <a 'java/lang/IncompatibleClassChangeError'{0x000000008bc5fb68}: Found class java.lang.Object, but interface was expected> (0x000000008bc5fb68) thrown at [s\src\hotspot\share\interpreter\linkResolver.cpp, line 839]
Event: 2.544 Thread 0x0000019f940fd000 Exception <a 'java/lang/NoSuchMethodError'{0x000000008bae24b8}: 'long java.lang.invoke.DirectMethodHandle$Holder.invokeStaticInit(java.lang.Object, java.lang.Object, java.lang.Object)'> (0x000000008bae24b8) thrown at [s\src\hotspot\share\interpreter\linkResolver.cpp, line 773]
Event: 2.547 Thread 0x0000019f940fd000 Exception <a 'java/lang/NoSuchMethodError'{0x000000008b9e7250}: 'java.lang.Object java.lang.invoke.DirectMethodHandle$Holder.invokeStatic(java.lang.Object, java.lang.Object, long)'> (0x000000008b9e7250) thrown at [s\src\hotspot\share\interpreter\linkResolver.cpp, line 773]
Event: 2.548 Thread 0x0000019f940fd000 Exception <a 'java/lang/NoSuchMethodError'{0x000000008b9ed3c8}: 'java.lang.Object java.lang.invoke.Invokers$Holder.linkToTargetMethod(java.lang.Object, long, java.lang.Object)'> (0x000000008b9ed3c8) thrown at [s\src\hotspot\share\interpreter\linkResolver.cpp, line 773]
Event: 2.555 Thread 0x0000019f93862800 Exception <a 'java/lang/NoSuchMethodError'{0x000000008b91a018}: 'int java.lang.invoke.DirectMethodHandle$Holder.invokeStaticInit(java.lang.Object, java.lang.Object)'> (0x000000008b91a018) thrown at [s\src\hotspot\share\interpreter\linkResolver.cpp, line 773]
Event: 3.511 Thread 0x0000019f940fd000 Exception <a 'java/lang/NoSuchMethodError'{0x000000008b426200}: 'java.lang.Object java.lang.invoke.DirectMethodHandle$Holder.invokeStatic(java.lang.Object, java.lang.Object, int, int, int, int, int, java.lang.Object)'> (0x000000008b426200) thrown at [s\src\hotspot\share\interpreter\linkResolver.cpp, line 773]
Event: 3.512 Thread 0x0000019f940fd000 Exception <a 'java/lang/NoSuchMethodError'{0x000000008b436bc8}: 'java.lang.Object java.lang.invoke.DirectMethodHandle$Holder.invokeStatic(java.lang.Object, java.lang.Object, java.lang.Object, int, int, int, int, int)'> (0x000000008b436bc8) thrown at [s\src\hotspot\share\interpreter\linkResolver.cpp, line 773]
Event: 3.512 Thread 0x0000019f940fd000 Exception <a 'java/lang/NoSuchMethodError'{0x000000008b43d5a8}: 'java.lang.Object java.lang.invoke.Invokers$Holder.linkToTargetMethod(java.lang.Object, java.lang.Object, int, int, int, int, int, java.lang.Object)'> (0x000000008b43d5a8) thrown at [s\src\hotspot\share\interpreter\linkResolver.cpp, line 773]
Event: 22.046 Thread 0x0000019f940fd000 Implicit null exception at 0x0000019f87c0e802 to 0x0000019f87c0f258
Event: 22.197 Thread 0x0000019f93862800 Exception <a 'java/lang/NoSuchMethodError'{0x000000008bd0da68}: 'java.lang.Object java.lang.invoke.DirectMethodHandle$Holder.invokeStaticInit(java.lang.Object, int)'> (0x000000008bd0da68) thrown at [s\src\hotspot\share\interpreter\linkResolver.cpp, line 773]
Event: 37.828 Thread 0x0000019f940fd000 Exception <a 'java/lang/reflect/InvocationTargetException'{0x000000008aa3b158}> (0x000000008aa3b158) thrown at [s\src\hotspot\share\runtime\reflection.cpp, line 1245]
Event: 37.828 Thread 0x0000019f940fd000 Exception <a 'java/lang/RuntimeException'{0x000000008aa3d188}> (0x000000008aa3d188) thrown at [s\src\hotspot\share\prims\jvm.cpp, line 1310]
Event: 46.278 Thread 0x0000019f940fd000 Exception <a 'java/lang/IllegalArgumentException'{0x000000008a454d40}> (0x000000008a454d40) thrown at [s\src\hotspot\share\prims\jvm.cpp, line 1310]
Event: 46.344 Thread 0x0000019f940fd000 Exception <a 'java/lang/IllegalArgumentException'{0x000000008a466820}> (0x000000008a466820) thrown at [s\src\hotspot\share\prims\jvm.cpp, line 1310]
Event: 46.396 Thread 0x0000019f940fd000 Exception <a 'java/lang/IllegalArgumentException'{0x000000008a472898}> (0x000000008a472898) thrown at [s\src\hotspot\share\prims\jvm.cpp, line 1310]
Event: 46.446 Thread 0x0000019f940fd000 Exception <a 'java/lang/IllegalArgumentException'{0x000000008a47e8f8}> (0x000000008a47e8f8) thrown at [s\src\hotspot\share\prims\jvm.cpp, line 1310]

Events (20 events):
Event: 34.137 Executing VM operation: RevokeBias done
Event: 34.426 Thread 0x0000019f9f392000 Thread exited: 0x0000019f9f392000
Event: 35.276 Executing VM operation: RevokeBias
Event: 35.277 Executing VM operation: RevokeBias done
Event: 37.828 loading class java/lang/Throwable$WrappedPrintStream
Event: 37.828 loading class java/lang/Throwable$PrintStreamOrWriter
Event: 37.828 loading class java/lang/Throwable$PrintStreamOrWriter done
Event: 37.828 loading class java/lang/Throwable$WrappedPrintStream done
Event: 44.184 Thread 0x0000019f931b9800 Thread added: 0x0000019f931b9800
Event: 44.231 Executing VM operation: RevokeBias
Event: 44.231 Executing VM operation: RevokeBias done
Event: 44.586 Thread 0x0000019f931b9800 Thread exited: 0x0000019f931b9800
Event: 45.144 Executing VM operation: RevokeBias
Event: 45.145 Executing VM operation: RevokeBias done
Event: 46.161 loading class javafx/application/Application
Event: 46.161 loading class javafx/application/Application done
Event: 46.161 loading class javafx/application/Application
Event: 46.161 loading class javafx/application/Application done
Event: 46.262 Executing VM operation: RevokeBias
Event: 46.262 Executing VM operation: RevokeBias done


Dynamic libraries:
0x00007ff63e260000 - 0x00007ff63e26e000 	C:\Users\alonh\.jdks\corretto-11.0.22\bin\java.exe
0x00007ffa8ccd0000 - 0x00007ffa8cee6000 	C:\Windows\SYSTEM32\ntdll.dll
0x00007ffa8ae70000 - 0x00007ffa8af34000 	C:\Windows\System32\KERNEL32.DLL
0x00007ffa8a410000 - 0x00007ffa8a7b7000 	C:\Windows\System32\KERNELBASE.dll
0x0000000061310000 - 0x0000000061642000 	C:\Program Files\Norton Security\NortonData\22.23.5.106\Definitions\IPSDefs\20231207.064\IPSEng64.dll
0x00007ffa8b3e0000 - 0x00007ffa8b492000 	C:\Windows\System32\ADVAPI32.dll
0x00007ffa8c200000 - 0x00007ffa8c2a7000 	C:\Windows\System32\msvcrt.dll
0x00007ffa8c690000 - 0x00007ffa8c738000 	C:\Windows\System32\sechost.dll
0x00007ffa8a320000 - 0x00007ffa8a348000 	C:\Windows\System32\bcrypt.dll
0x00007ffa8cab0000 - 0x00007ffa8cbc5000 	C:\Windows\System32\RPCRT4.dll
0x00007ffa8c570000 - 0x00007ffa8c578000 	C:\Windows\System32\PSAPI.DLL
0x00007ffa89ff0000 - 0x00007ffa8a101000 	C:\Windows\System32\ucrtbase.dll
0x00007ffa40d60000 - 0x00007ffa40d77000 	C:\Users\alonh\.jdks\corretto-11.0.22\bin\jli.dll
0x00007ffa43720000 - 0x00007ffa4373b000 	C:\Users\alonh\.jdks\corretto-11.0.22\bin\VCRUNTIME140.dll
0x00007ffa8ac90000 - 0x00007ffa8ae3e000 	C:\Windows\System32\USER32.dll
0x00007ffa8a2f0000 - 0x00007ffa8a316000 	C:\Windows\System32\win32u.dll
0x00007ffa8ae40000 - 0x00007ffa8ae69000 	C:\Windows\System32\GDI32.dll
0x00007ffa72830000 - 0x00007ffa72ac3000 	C:\Windows\WinSxS\amd64_microsoft.windows.common-controls_6595b64144ccf1df_6.0.22621.3235_none_270f74e173860f98\COMCTL32.dll
0x00007ffa8a8e0000 - 0x00007ffa8a9f9000 	C:\Windows\System32\gdi32full.dll
0x00007ffa8a7c0000 - 0x00007ffa8a85a000 	C:\Windows\System32\msvcp_win.dll
0x00007ffa8c820000 - 0x00007ffa8c851000 	C:\Windows\System32\IMM32.DLL
0x00007ffa6e6f0000 - 0x00007ffa6e6fc000 	C:\Users\alonh\.jdks\corretto-11.0.22\bin\vcruntime140_1.dll
0x00007ffa31610000 - 0x00007ffa3169d000 	C:\Users\alonh\.jdks\corretto-11.0.22\bin\msvcp140.dll
0x00007ff9dd5b0000 - 0x00007ff9de173000 	C:\Users\alonh\.jdks\corretto-11.0.22\bin\server\jvm.dll
0x00007ffa7a570000 - 0x00007ffa7a5a4000 	C:\Windows\SYSTEM32\WINMM.dll
0x00007ffa815b0000 - 0x00007ffa815ba000 	C:\Windows\SYSTEM32\VERSION.dll
0x00007ffa6fb40000 - 0x00007ffa6fb49000 	C:\Windows\SYSTEM32\WSOCK32.dll
0x00007ffa8c610000 - 0x00007ffa8c681000 	C:\Windows\System32\WS2_32.dll
0x00007ffa890f0000 - 0x00007ffa89108000 	C:\Windows\SYSTEM32\kernel.appcore.dll
0x00007ffa6dec0000 - 0x00007ffa6ded0000 	C:\Users\alonh\.jdks\corretto-11.0.22\bin\verify.dll
0x00007ffa87330000 - 0x00007ffa87563000 	C:\Windows\SYSTEM32\DBGHELP.DLL
0x00007ffa8b4a0000 - 0x00007ffa8b828000 	C:\Windows\System32\combase.dll
0x00007ffa8aa00000 - 0x00007ffa8aad7000 	C:\Windows\System32\OLEAUT32.dll
0x00007ffa75ec0000 - 0x00007ffa75ef2000 	C:\Windows\SYSTEM32\dbgcore.DLL
0x00007ffa8a860000 - 0x00007ffa8a8d9000 	C:\Windows\System32\bcryptPrimitives.dll
0x00007ffa42150000 - 0x00007ffa42178000 	C:\Users\alonh\.jdks\corretto-11.0.22\bin\java.dll
0x00007ffa6db60000 - 0x00007ffa6db6a000 	C:\Users\alonh\.jdks\corretto-11.0.22\bin\jimage.dll
0x00007ffa854a0000 - 0x00007ffa854ae000 	C:\Users\alonh\.jdks\corretto-11.0.22\bin\instrument.dll
0x00007ffa4ee60000 - 0x00007ffa4ee78000 	C:\Users\alonh\.jdks\corretto-11.0.22\bin\zip.dll
0x00007ffa8b940000 - 0x00007ffa8c19c000 	C:\Windows\System32\SHELL32.dll
0x00007ffa87f10000 - 0x00007ffa88809000 	C:\Windows\SYSTEM32\windows.storage.dll
0x00007ffa87dd0000 - 0x00007ffa87f0e000 	C:\Windows\SYSTEM32\wintypes.dll
0x00007ffa8c2b0000 - 0x00007ffa8c3a3000 	C:\Windows\System32\SHCORE.dll
0x00007ffa8c1a0000 - 0x00007ffa8c1fe000 	C:\Windows\System32\shlwapi.dll
0x00007ffa89f20000 - 0x00007ffa89f41000 	C:\Windows\SYSTEM32\profapi.dll
0x00007ffa410c0000 - 0x00007ffa410d9000 	C:\Users\alonh\.jdks\corretto-11.0.22\bin\net.dll
0x00007ffa835e0000 - 0x00007ffa83716000 	C:\Windows\SYSTEM32\WINHTTP.dll
0x00007ffa89570000 - 0x00007ffa895d9000 	C:\Windows\system32\mswsock.dll
0x00007ffa410a0000 - 0x00007ffa410b2000 	C:\Users\alonh\.jdks\corretto-11.0.22\bin\nio.dll
0x00007ffa720e0000 - 0x00007ffa720fa000 	C:\Users\alonh\AppData\Local\Programs\IntelliJ IDEA Ultimate\bin\breakgen64.dll
0x0000019ffff80000 - 0x0000019ffff83000 	C:\Users\alonh\.openjfx\cache\17.0.6\api-ms-win-core-console-l1-1-0.dll
0x0000019ffff90000 - 0x0000019ffff93000 	C:\Users\alonh\.openjfx\cache\17.0.6\api-ms-win-core-console-l1-2-0.dll
0x0000019ffffa0000 - 0x0000019ffffa3000 	C:\Users\alonh\.openjfx\cache\17.0.6\api-ms-win-core-datetime-l1-1-0.dll
0x0000019ffffb0000 - 0x0000019ffffb3000 	C:\Users\alonh\.openjfx\cache\17.0.6\api-ms-win-core-debug-l1-1-0.dll
0x0000019ffffc0000 - 0x0000019ffffc3000 	C:\Users\alonh\.openjfx\cache\17.0.6\api-ms-win-core-errorhandling-l1-1-0.dll
0x0000019ffffd0000 - 0x0000019ffffd4000 	C:\Users\alonh\.openjfx\cache\17.0.6\api-ms-win-core-file-l1-1-0.dll
0x0000019ffffe0000 - 0x0000019ffffe3000 	C:\Users\alonh\.openjfx\cache\17.0.6\api-ms-win-core-file-l1-2-0.dll
0x0000019fffff0000 - 0x0000019fffff3000 	C:\Users\alonh\.openjfx\cache\17.0.6\api-ms-win-core-file-l2-1-0.dll
0x0000019f94be0000 - 0x0000019f94be3000 	C:\Users\alonh\.openjfx\cache\17.0.6\api-ms-win-core-handle-l1-1-0.dll
0x0000019f94bf0000 - 0x0000019f94bf3000 	C:\Users\alonh\.openjfx\cache\17.0.6\api-ms-win-core-heap-l1-1-0.dll
0x0000019f94c00000 - 0x0000019f94c03000 	C:\Users\alonh\.openjfx\cache\17.0.6\api-ms-win-core-interlocked-l1-1-0.dll
0x0000019f94c10000 - 0x0000019f94c13000 	C:\Users\alonh\.openjfx\cache\17.0.6\api-ms-win-core-libraryloader-l1-1-0.dll
0x0000019f94c20000 - 0x0000019f94c23000 	C:\Users\alonh\.openjfx\cache\17.0.6\api-ms-win-core-localization-l1-2-0.dll
0x0000019f94c30000 - 0x0000019f94c33000 	C:\Users\alonh\.openjfx\cache\17.0.6\api-ms-win-core-memory-l1-1-0.dll
0x0000019f94c40000 - 0x0000019f94c43000 	C:\Users\alonh\.openjfx\cache\17.0.6\api-ms-win-core-namedpipe-l1-1-0.dll
0x0000019f94c50000 - 0x0000019f94c53000 	C:\Users\alonh\.openjfx\cache\17.0.6\api-ms-win-core-processenvironment-l1-1-0.dll
0x0000019f94c60000 - 0x0000019f94c63000 	C:\Users\alonh\.openjfx\cache\17.0.6\api-ms-win-core-processthreads-l1-1-0.dll
0x0000019f94c70000 - 0x0000019f94c73000 	C:\Users\alonh\.openjfx\cache\17.0.6\api-ms-win-core-processthreads-l1-1-1.dll
0x0000019f94c80000 - 0x0000019f94c83000 	C:\Users\alonh\.openjfx\cache\17.0.6\api-ms-win-core-profile-l1-1-0.dll
0x0000019f94c90000 - 0x0000019f94c93000 	C:\Users\alonh\.openjfx\cache\17.0.6\api-ms-win-core-rtlsupport-l1-1-0.dll
0x0000019f94ca0000 - 0x0000019f94ca3000 	C:\Users\alonh\.openjfx\cache\17.0.6\api-ms-win-core-string-l1-1-0.dll
0x0000019f94cb0000 - 0x0000019f94cb3000 	C:\Users\alonh\.openjfx\cache\17.0.6\api-ms-win-core-synch-l1-1-0.dll
0x0000019f94cc0000 - 0x0000019f94cc3000 	C:\Users\alonh\.openjfx\cache\17.0.6\api-ms-win-core-synch-l1-2-0.dll
0x0000019f94cd0000 - 0x0000019f94cd3000 	C:\Users\alonh\.openjfx\cache\17.0.6\api-ms-win-core-sysinfo-l1-1-0.dll
0x0000019f94ce0000 - 0x0000019f94ce3000 	C:\Users\alonh\.openjfx\cache\17.0.6\api-ms-win-core-timezone-l1-1-0.dll
0x0000019f94cf0000 - 0x0000019f94cf3000 	C:\Users\alonh\.openjfx\cache\17.0.6\api-ms-win-core-util-l1-1-0.dll
0x0000019f94d00000 - 0x0000019f94d03000 	C:\Users\alonh\.openjfx\cache\17.0.6\api-ms-win-crt-conio-l1-1-0.dll
0x0000019f94d10000 - 0x0000019f94d14000 	C:\Users\alonh\.openjfx\cache\17.0.6\api-ms-win-crt-convert-l1-1-0.dll
0x0000019f94f20000 - 0x0000019f94f23000 	C:\Users\alonh\.openjfx\cache\17.0.6\api-ms-win-crt-environment-l1-1-0.dll
0x0000019f94f30000 - 0x0000019f94f33000 	C:\Users\alonh\.openjfx\cache\17.0.6\api-ms-win-crt-filesystem-l1-1-0.dll
0x0000019f94f40000 - 0x0000019f94f43000 	C:\Users\alonh\.openjfx\cache\17.0.6\api-ms-win-crt-heap-l1-1-0.dll
0x0000019f94f50000 - 0x0000019f94f53000 	C:\Users\alonh\.openjfx\cache\17.0.6\api-ms-win-crt-locale-l1-1-0.dll
0x0000019f94f60000 - 0x0000019f94f65000 	C:\Users\alonh\.openjfx\cache\17.0.6\api-ms-win-crt-math-l1-1-0.dll
0x0000019f94f70000 - 0x0000019f94f75000 	C:\Users\alonh\.openjfx\cache\17.0.6\api-ms-win-crt-multibyte-l1-1-0.dll
0x0000019f94f80000 - 0x0000019f94f90000 	C:\Users\alonh\.openjfx\cache\17.0.6\api-ms-win-crt-private-l1-1-0.dll
0x0000019f94f90000 - 0x0000019f94f93000 	C:\Users\alonh\.openjfx\cache\17.0.6\api-ms-win-crt-process-l1-1-0.dll
0x0000019f94fa0000 - 0x0000019f94fa4000 	C:\Users\alonh\.openjfx\cache\17.0.6\api-ms-win-crt-runtime-l1-1-0.dll
0x0000019f94fb0000 - 0x0000019f94fb4000 	C:\Users\alonh\.openjfx\cache\17.0.6\api-ms-win-crt-stdio-l1-1-0.dll
0x0000019f94fc0000 - 0x0000019f94fc4000 	C:\Users\alonh\.openjfx\cache\17.0.6\api-ms-win-crt-string-l1-1-0.dll
0x0000019f94fd0000 - 0x0000019f94fd3000 	C:\Users\alonh\.openjfx\cache\17.0.6\api-ms-win-crt-time-l1-1-0.dll
0x0000019f94fe0000 - 0x0000019f94fe3000 	C:\Users\alonh\.openjfx\cache\17.0.6\api-ms-win-crt-utility-l1-1-0.dll
0x00007ffa3f770000 - 0x00007ffa3f86c000 	C:\Users\alonh\.openjfx\cache\17.0.6\ucrtbase.dll
0x00007ffa71190000 - 0x00007ffa711aa000 	C:\Users\alonh\.openjfx\cache\17.0.6\vcruntime140.dll
0x00007ffa71180000 - 0x00007ffa7118c000 	C:\Users\alonh\.openjfx\cache\17.0.6\vcruntime140_1.dll
0x00007ffa3ea40000 - 0x00007ffa3eacd000 	C:\Users\alonh\.openjfx\cache\17.0.6\msvcp140.dll
0x00007ffa71170000 - 0x00007ffa71179000 	C:\Users\alonh\.openjfx\cache\17.0.6\msvcp140_1.dll
0x00007ffa6e720000 - 0x00007ffa6e74f000 	C:\Users\alonh\.openjfx\cache\17.0.6\msvcp140_2.dll
0x00007ffa4eae0000 - 0x00007ffa4eb0a000 	C:\Users\alonh\.openjfx\cache\17.0.6\prism_d3d.dll
0x00007ffa5fc80000 - 0x00007ffa5fe29000 	C:\Windows\system32\d3d9.dll
0x00007ffa87220000 - 0x00007ffa8724b000 	C:\Windows\SYSTEM32\dwmapi.dll
0x00007ffa87570000 - 0x00007ffa875a9000 	C:\Windows\SYSTEM32\dxcore.dll
0x00007ffa86fd0000 - 0x00007ffa8707b000 	C:\Windows\system32\uxtheme.dll
0x00007ffa4fd70000 - 0x00007ffa4fe20000 	C:\Windows\SYSTEM32\d3d9on12.dll
0x00007ffa87100000 - 0x00007ffa871f8000 	C:\Windows\SYSTEM32\dxgi.dll
0x00007ffa72e70000 - 0x00007ffa72e96000 	C:\Windows\SYSTEM32\d3d12.dll
0x00007ffa89cb0000 - 0x00007ffa89cfe000 	C:\Windows\SYSTEM32\cfgmgr32.dll
0x00007ffa4fb60000 - 0x00007ffa4fd63000 	C:\Windows\SYSTEM32\D3D12Core.dll
0x00007ffa6fdc0000 - 0x00007ffa6fde7000 	C:\Windows\System32\DriverStore\FileRepository\iigd_dch.inf_amd64_ce2a84db4d20c228\igd12umd64.dll
0x00007ffa261b0000 - 0x00007ffa270fb000 	C:\Windows\System32\DriverStore\FileRepository\iigd_dch.inf_amd64_ce2a84db4d20c228\igd12um64xel.dll
0x00007ffa8a110000 - 0x00007ffa8a277000 	C:\Windows\System32\CRYPT32.dll
0x00007ffa8aae0000 - 0x00007ffa8ac85000 	C:\Windows\System32\ole32.dll
0x00007ffa56400000 - 0x00007ffa56444000 	C:\Windows\SYSTEM32\ControlLib.dll
0x00007ffa8af60000 - 0x00007ffa8b3d4000 	C:\Windows\System32\SETUPAPI.dll
0x00007ffa89d20000 - 0x00007ffa89d4c000 	C:\Windows\SYSTEM32\DEVOBJ.dll
0x00007ffa7a2d0000 - 0x00007ffa7a358000 	C:\Windows\System32\DriverStore\FileRepository\iigd_dch.inf_amd64_ce2a84db4d20c228\IntelControlLib.dll
0x00007ffa8a280000 - 0x00007ffa8a2eb000 	C:\Windows\System32\WINTRUST.dll
0x00007ffa89c90000 - 0x00007ffa89ca2000 	C:\Windows\SYSTEM32\MSASN1.dll
0x00007ffa83310000 - 0x00007ffa8335a000 	C:\Windows\SYSTEM32\directxdatabasehelper.dll
0x00007ffa79e60000 - 0x00007ffa7a234000 	C:\Windows\System32\DriverStore\FileRepository\iigd_dch.inf_amd64_ce2a84db4d20c228\igdgmm64.dll
0x00007ffa75f00000 - 0x00007ffa79d12000 	C:\Windows\System32\DriverStore\FileRepository\iigd_dch.inf_amd64_ce2a84db4d20c228\igc64.dll
0x00007ffa4fb30000 - 0x00007ffa4fb5f000 	C:\Windows\SYSTEM32\D3DSCache.dll
0x00007ffa89690000 - 0x00007ffa896b8000 	C:\Windows\SYSTEM32\USERENV.dll
0x00007ffa24e00000 - 0x00007ffa261ad000 	C:\Windows\System32\DriverStore\FileRepository\iigd_dch.inf_amd64_ce2a84db4d20c228\igd12dxva64.dll
0x00007ffa1bd60000 - 0x00007ffa1da80000 	C:\Windows\System32\DriverStore\FileRepository\iigd_dch.inf_amd64_ce2a84db4d20c228\media_bin_64.dll
0x00007ffa4fb00000 - 0x00007ffa4fb27000 	C:\Windows\System32\DriverStore\FileRepository\iigd_dch.inf_amd64_ce2a84db4d20c228\igdinfo64.dll
0x00007ffa7f170000 - 0x00007ffa7f3fe000 	C:\Windows\SYSTEM32\twinapi.appcore.dll
0x00007ffa3f720000 - 0x00007ffa3f762000 	C:\Users\alonh\.openjfx\cache\17.0.6\glass.dll
0x00007ffa8b830000 - 0x00007ffa8b929000 	C:\Windows\System32\COMDLG32.dll

dbghelp: loaded successfully - version: 4.0.5 - missing functions: none
symbol engine: initialized successfully - sym options: 0x614 - pdb path: .;C:\Users\alonh\.jdks\corretto-11.0.22\bin;C:\Windows\SYSTEM32;C:\Program Files\Norton Security\NortonData\22.23.5.106\Definitions\IPSDefs\20231207.064;C:\Windows\WinSxS\amd64_microsoft.windows.common-controls_6595b64144ccf1df_6.0.22621.3235_none_270f74e173860f98;C:\Users\alonh\.jdks\corretto-11.0.22\bin\server;C:\Users\alonh\AppData\Local\Programs\IntelliJ IDEA Ultimate\bin;C:\Users\alonh\.openjfx\cache\17.0.6;C:\Windows\System32\DriverStore\FileRepository\iigd_dch.inf_amd64_ce2a84db4d20c228;C:\Program Files\Common Files\Microsoft Shared\Ink

VM Arguments:
jvm_args: -javaagent:C:\Users\alonh\AppData\Local\Programs\IntelliJ IDEA Ultimate\lib\idea_rt.jar=62394:C:\Users\alonh\AppData\Local\Programs\IntelliJ IDEA Ultimate\bin -Dfile.encoding=UTF-8 --module-path=C:\Users\alonh\.m2\repository\org\openjfx\javafx-fxml\17.0.6\javafx-fxml-17.0.6-win.jar;C:\Users\alonh\IdeaProjects\Joyeria_ProyectoMult\target\classes;C:\Users\alonh\.m2\repository\org\openjfx\javafx-base\17.0.6\javafx-base-17.0.6-win.jar;C:\Users\alonh\.m2\repository\org\openjfx\javafx-graphics\17.0.6\javafx-graphics-17.0.6-win.jar;C:\Users\alonh\.m2\repository\net\synedra\validatorfx\0.4.0\validatorfx-0.4.0.jar;C:\Users\alonh\.m2\repository\org\kordamp\bootstrapfx\bootstrapfx-core\0.4.0\bootstrapfx-core-0.4.0.jar;C:\Users\alonh\.m2\repository\org\openjfx\javafx-controls\17.0.6\javafx-controls-17.0.6-win.jar;C:\Users\alonh\.m2\repository\com\dlsc\formsfx\formsfx-core\11.6.0\formsfx-core-11.6.0.jar;C:\Users\alonh\.m2\repository\org\controlsfx\controlsfx\11.1.2\controlsfx-11.1.2.jar -Djdk.module.main=com.eduard034.joyeria_proyectomult 
java_command: com.eduard034.joyeria_proyectomult/com.eduard034.joyeria_proyectomult.JoyeriaApp
java_class_path (initial): C:\Users\alonh\.m2\repository\org\openjfx\javafx-controls\17.0.6\javafx-controls-17.0.6.jar;C:\Users\alonh\.m2\repository\org\openjfx\javafx-graphics\17.0.6\javafx-graphics-17.0.6.jar;C:\Users\alonh\.m2\repository\org\openjfx\javafx-base\17.0.6\javafx-base-17.0.6.jar;C:\Users\alonh\.m2\repository\org\openjfx\javafx-fxml\17.0.6\javafx-fxml-17.0.6.jar
Launcher Type: SUN_STANDARD

[Global flags]
     intx CICompilerCount                          = 4                                         {product} {ergonomic}
     uint ConcGCThreads                            = 3                                         {product} {ergonomic}
     uint G1ConcRefinementThreads                  = 10                                        {product} {ergonomic}
   size_t G1HeapRegionSize                         = 1048576                                   {product} {ergonomic}
    uintx GCDrainStackTargetSize                   = 64                                        {product} {ergonomic}
   size_t InitialHeapSize                          = 130023424                                 {product} {ergonomic}
   size_t MarkStackSize                            = 4194304                                   {product} {ergonomic}
   size_t MaxHeapSize                              = 2071986176                                {product} {ergonomic}
   size_t MaxNewSize                               = 1242562560                                {product} {ergonomic}
   size_t MinHeapDeltaBytes                        = 1048576                                   {product} {ergonomic}
    uintx NonNMethodCodeHeapSize                   = 5836300                                {pd product} {ergonomic}
    uintx NonProfiledCodeHeapSize                  = 122910970                              {pd product} {ergonomic}
    uintx ProfiledCodeHeapSize                     = 122910970                              {pd product} {ergonomic}
    uintx ReservedCodeCacheSize                    = 251658240                              {pd product} {ergonomic}
     bool SegmentedCodeCache                       = true                                      {product} {ergonomic}
     bool UseCompressedClassPointers               = true                                 {lp64_product} {ergonomic}
     bool UseCompressedOops                        = true                                 {lp64_product} {ergonomic}
     bool UseG1GC                                  = true                                      {product} {ergonomic}
     bool UseLargePagesIndividualAllocation        = false                                  {pd product} {ergonomic}

Logging:
Log output configuration:
 #0: stdout all=warning uptime,level,tags
 #1: stderr all=off uptime,level,tags

Environment Variables:
PATH=C:\Program Files\Eclipse Adoptium\jdk-21.0.1.12-hotspot\bin;"C:\Program Files\Common Files\Oracle\Java\javapath;C:\Program Files\Java\jdk-21\bin";C:\Windows\system32;C:\Windows;C:\Windows\System32\Wbem;C:\Windows\System32\WindowsPowerShell\v1.0\;C:\Windows\System32\OpenSSH\;C:\Program Files (x86)\NVIDIA Corporation\PhysX\Common;C:\Program Files\NVIDIA Corporation\NVIDIA NvDLISR;C:\Program Files\Git\cmd;C:\Program Files\dotnet\;C:\Users\alonh\AppData\Local\Microsoft\WindowsApps;C:\Users\alonh\AppData\Local\JetBrains\Toolbox\scripts;C:\Users\alonh\AppData\Local\Programs\Microsoft VS Code\bin;C:\Users\alonh\AppData\Local\GitHubDesktop\bin
USERNAME=alonh
OS=Windows_NT
PROCESSOR_IDENTIFIER=Intel64 Family 6 Model 154 Stepping 3, GenuineIntel
TMP=C:\Users\alonh\AppData\Local\Temp
TEMP=C:\Users\alonh\AppData\Local\Temp



---------------  S Y S T E M  ---------------

OS: Windows 11 , 64 bit Build 22621 (10.0.22621.3374)
OS uptime: 8 days 4:50 hours
Hyper-V role detected

CPU:total 12 (initial active 12) (6 cores per cpu, 2 threads per core) family 6 model 154 stepping 3 microcode 0x424, cmov, cx8, fxsr, mmx, sse, sse2, sse3, ssse3, sse4.1, sse4.2, popcnt, avx, avx2, aes, clmul, erms, 3dnowpref, lzcnt, ht, tsc, tscinvbit, bmi1, bmi2, adx, sha, fma

Memory: 4k page, system-wide physical 7896M (334M free)
TotalPageFile size 27384M (AvailPageFile size 7454M)
current process WorkingSet (physical memory assigned to process): 482M, peak: 499M
current process commit charge ("private bytes"): 593M, peak: 611M

vm_info: OpenJDK 64-Bit Server VM (11.0.22+7-LTS) for windows-amd64 JRE (11.0.22+7-LTS), built on Jan 10 2024 19:54:00 by "Administrator" with MS VC++ 16.10 / 16.11 (VS2019)

END.
