#
# A fatal error has been detected by the Java Runtime Environment:
#
#  EXCEPTION_ACCESS_VIOLATION (0xc0000005) at pc=0x6ad06c62, pid=2416, tid=29048
#
# JRE version: OpenJDK Runtime Environment Temurin-11.0.21+9 (11.0.21+9) (build 11.0.21+9)
# Java VM: OpenJDK Client VM Temurin-11.0.21+9 (11.0.21+9, mixed mode, serial gc, windows-x86)
# Problematic frame:
# C  [glass.dll+0x16c62]
#
# No core dump will be written. Minidumps are not enabled by default on client versions of Windows
#
# If you would like to submit a bug report, please visit:
#   https://github.com/adoptium/adoptium-support/issues
# The crash happened outside the Java Virtual Machine in native code.
# See problematic frame for where to report the bug.
#

---------------  S U M M A R Y ------------

Command Line: -javaagent:C:\Users\luigu\AppData\Local\Programs\IntelliJ IDEA Ultimate\lib\idea_rt.jar=52584:C:\Users\luigu\AppData\Local\Programs\IntelliJ IDEA Ultimate\bin -Dfile.encoding=UTF-8 --module-path=C:\Users\luigu\.m2\repository\org\openjfx\javafx-base\17.0.6\javafx-base-17.0.6-win-x86.jar;C:\Users\luigu\.m2\repository\org\openjfx\javafx-fxml\17.0.6\javafx-fxml-17.0.6-win-x86.jar;C:\Users\luigu\.m2\repository\org\openjfx\javafx-controls\17.0.6\javafx-controls-17.0.6-win-x86.jar;C:\Users\luigu\.m2\repository\org\controlsfx\controlsfx\11.1.2\controlsfx-11.1.2.jar;C:\Users\luigu\.m2\repository\org\openjfx\javafx-graphics\17.0.6\javafx-graphics-17.0.6-win-x86.jar;C:\Users\luigu\.m2\repository\org\kordamp\bootstrapfx\bootstrapfx-core\0.4.0\bootstrapfx-core-0.4.0.jar;C:\Users\luigu\.m2\repository\com\dlsc\formsfx\formsfx-core\11.6.0\formsfx-core-11.6.0.jar;C:\Users\luigu\.m2\repository\net\synedra\validatorfx\0.4.0\validatorfx-0.4.0.jar;C:\Users\luigu\IdeaProjects\Joyeria_ProyectoMult\target\classes -Djdk.module.main=com.eduard034.joyeria_proyectomult com.eduard034.joyeria_proyectomult/com.eduard034.joyeria_proyectomult.JoyeriaApp

Host: 12th Gen Intel(R) Core(TM) i5-12450H, 12 cores, 7G,  Windows 11 , 64 bit Build 22621 (10.0.22621.3374)
Time: Thu Apr 18 09:25:08 2024 Hora estándar central (México) elapsed time: 54.672024 seconds (0d 0h 0m 54s)

---------------  T H R E A D  ---------------

Current thread (0x16caf400):  JavaThread "JavaFX Application Thread" [_thread_in_native, id=29048, stack(0x1a870000,0x1a8c0000)]

Stack: [0x1a870000,0x1a8c0000],  sp=0x1a8be9fc,  free space=314k
Native frames: (J=compiled Java code, A=aot compiled Java code, j=interpreted, Vv=VM code, C=native code)
C  [glass.dll+0x16c62]

Java frames: (J=compiled Java code, j=interpreted, Vv=VM code)
j  com.sun.glass.ui.win.WinWindow._close(J)Z+0 javafx.graphics
j  com.sun.glass.ui.Window.close()V+63 javafx.graphics
j  com.sun.glass.ui.win.WinWindow.close()V+8 javafx.graphics
j  com.sun.glass.ui.Application.terminate()V+75 javafx.graphics
j  com.sun.javafx.tk.quantum.QuantumToolkit.lambda$exit$13()Ljava/lang/Object;+5 javafx.graphics
j  com.sun.javafx.tk.quantum.QuantumToolkit$$Lambda$688.get()Ljava/lang/Object;+0 javafx.graphics
j  com.sun.javafx.tk.quantum.QuantumToolkit.runWithRenderLock(Ljava/util/function/Supplier;)Ljava/lang/Object;+7 javafx.graphics
j  com.sun.javafx.tk.quantum.QuantumToolkit.exit()V+26 javafx.graphics
j  com.sun.javafx.application.PlatformImpl.lambda$tkExit$16()V+3 javafx.graphics
j  com.sun.javafx.application.PlatformImpl$$Lambda$687.run()V+0 javafx.graphics
j  com.sun.javafx.application.PlatformImpl.lambda$runAndWait$12(Ljava/lang/Runnable;Ljava/util/concurrent/CountDownLatch;)V+1 javafx.graphics
j  com.sun.javafx.application.PlatformImpl$$Lambda$87.run()V+8 javafx.graphics
j  com.sun.javafx.application.PlatformImpl.lambda$runLater$10(Ljava/lang/Runnable;)Ljava/lang/Void;+1 javafx.graphics
j  com.sun.javafx.application.PlatformImpl$$Lambda$90.run()Ljava/lang/Object;+4 javafx.graphics
v  ~StubRoutines::call_stub
J 1396  java.security.AccessController.doPrivileged(Ljava/security/PrivilegedAction;Ljava/security/AccessControlContext;)Ljava/lang/Object; java.base@11.0.21 (0 bytes) @ 0x03b5bc07 [0x03b5bba0+0x00000067]
j  com.sun.javafx.application.PlatformImpl.lambda$runLater$11(Ljava/lang/Runnable;Ljava/security/AccessControlContext;)V+7 javafx.graphics
j  com.sun.javafx.application.PlatformImpl$$Lambda$88.run()V+8 javafx.graphics
j  com.sun.glass.ui.InvokeLaterDispatcher$Future.run()V+4 javafx.graphics
v  ~StubRoutines::call_stub
j  com.sun.glass.ui.win.WinApplication._runLoop(Ljava/lang/Runnable;)V+0 javafx.graphics
j  com.sun.glass.ui.win.WinApplication.lambda$runLoop$3(ILjava/lang/Runnable;)V+8 javafx.graphics
j  com.sun.glass.ui.win.WinApplication$$Lambda$78.run()V+12 javafx.graphics
j  java.lang.Thread.run()V+11 java.base@11.0.21
v  ~StubRoutines::call_stub

siginfo: EXCEPTION_ACCESS_VIOLATION (0xc0000005), reading address 0x000000b8


Register to memory mapping:

EIP=0x6ad06c62 glass.dll
EAX=0x0 is NULL
EBX=0x1a8bec30 is pointing into the stack for thread: 0x16caf400
ECX=0x0 is NULL
EDX=0x0 is NULL
ESP=0x1a8be9fc is pointing into the stack for thread: 0x16caf400
EBP=0x1a8bea28 is pointing into the stack for thread: 0x16caf400
ESI=0x00000401 is an unknown value
EDI=0x0 is NULL


Registers:
EAX=0x00000000, EBX=0x1a8bec30, ECX=0x00000000, EDX=0x00000000
ESP=0x1a8be9fc, EBP=0x1a8bea28, ESI=0x00000401, EDI=0x00000000
EIP=0x6ad06c62, EFLAGS=0x00010206

Top of Stack: (sp=0x1a8be9fc)
0x1a8be9fc:   1a8bec30 00000401 1a8bec30 6acf8df8
0x1a8bea0c:   bccf2458 16c01d10 00450734 00000401
0x1a8bea1c:   1a8beb5c 6ad102b0 ffffffff 00000000
0x1a8bea2c:   6acf1755 00000401 1a8bec30 00000000
0x1a8bea3c:   00000401 00450734 1a8bea74 6acf16f0
0x1a8bea4c:   76ab30b3 00450734 00000401 1a8bec30
0x1a8bea5c:   00000000 00450734 dcbaabcd 6acf16f0
0x1a8bea6c:   00000401 00450734 1a8beb6c 76aa3ef6 

Instructions: (pc=0x6ad06c62)
0x6ad06b62:   21 56 e8 47 42 00 00 ff 35 e8 03 d2 6a 8b f0 ff
0x6ad06b72:   77 68 56 e8 96 de fe ff 56 e8 a0 41 00 00 83 c4
0x6ad06b82:   10 5e c7 05 a4 03 d2 6a 00 00 00 00 5f c3 83 ec
0x6ad06b92:   24 a1 ec e0 d1 6a 33 c4 89 44 24 20 8b 44 24 28
0x6ad06ba2:   53 89 44 24 04 8b d9 8b 44 24 30 89 44 24 08 8b
0x6ad06bb2:   44 24 38 55 89 44 24 10 8b 44 24 38 56 89 83 84
0x6ad06bc2:   00 00 00 8b 44 24 0c 89 5c 24 18 bb 00 00 00 80
0x6ad06bd2:   8b eb 8b f3 57 8b fb 85 c0 79 29 8d 44 24 20 50
0x6ad06be2:   e8 29 aa fe ff 83 c4 04 85 c0 8b 44 24 10 74 14
0x6ad06bf2:   8b 74 24 28 8b 5c 24 20 2b f3 8b 7c 24 2c 8b 6c
0x6ad06c02:   24 24 2b fd 6a 00 50 ff 74 24 1c 68 d8 23 d1 6a
0x6ad06c12:   57 56 8b 74 24 34 8b ce 55 53 ff 74 24 38 e8 db
0x6ad06c22:   a7 fe ff 8b f8 8d 4e 14 57 e8 40 64 00 00 57 8d
0x6ad06c32:   4e 14 e8 c7 64 00 00 8b 4c 24 30 8b c7 5f 5e 5d
0x6ad06c42:   5b 33 cc e8 ae 7a 00 00 83 c4 24 c2 10 00 53 8b
0x6ad06c52:   d9 56 57 ff 73 08 e8 93 a9 fe ff 8b f8 83 c4 04
0x6ad06c62:   8b 87 b8 00 00 00 85 c0 75 03 8b 47 04 3b 05 a4
0x6ad06c72:   03 d2 6a 75 29 e8 34 41 00 00 ff 35 e8 03 d2 6a
0x6ad06c82:   8b f0 ff 77 68 56 e8 83 dd fe ff 56 e8 8d 40 00
0x6ad06c92:   00 83 c4 10 c7 05 a4 03 d2 6a 00 00 00 00 8d 4f
0x6ad06ca2:   14 e8 b8 69 00 00 8d 4f 14 e8 e0 69 00 00 ff 73
0x6ad06cb2:   08 ff 15 f8 fe d1 6a 85 c0 5f 0f 95 c0 5e 88 43
0x6ad06cc2:   04 5b c3 cc cc cc cc cc cc cc cc cc cc cc 55 8b
0x6ad06cd2:   ec 6a ff 68 f7 11 d1 6a 64 a1 00 00 00 00 50 83
0x6ad06ce2:   ec 08 53 56 57 a1 ec e0 d1 6a 33 c5 50 8d 45 f4
0x6ad06cf2:   64 a3 00 00 00 00 8b f9 ff 77 18 ff 15 60 ff d1
0x6ad06d02:   6a 85 c0 75 13 0f 57 c0 66 0f 13 45 ec 8b 55 f0
0x6ad06d12:   8b 45 ec e9 a7 00 00 00 68 dc 00 00 00 e8 96 79
0x6ad06d22:   00 00 83 c4 04 89 45 f0 c7 45 fc 00 00 00 00 85
0x6ad06d32:   c0 74 19 ff 77 18 8b c8 6a 01 6a 00 6a 00 6a 00
0x6ad06d42:   ff 77 10 e8 a6 f9 ff ff 8b d8 eb 02 33 db ff 77
0x6ad06d52:   18 8b cb c7 45 fc ff ff ff ff 6a 00 68 00 00 10 


Stack slot to memory mapping:
stack at sp + 0 slots: 0x1a8bec30 is pointing into the stack for thread: 0x16caf400
stack at sp + 1 slots: 0x00000401 is an unknown value
stack at sp + 2 slots: 0x1a8bec30 is pointing into the stack for thread: 0x16caf400
stack at sp + 3 slots: 0x6acf8df8 glass.dll
stack at sp + 4 slots: 0xbccf2458 is an unknown value
stack at sp + 5 slots: 0x16c01d10 points into unknown readable memory: 0x6ad1319c | 9c 31 d1 6a
stack at sp + 6 slots: 0x00450734 is an unknown value
stack at sp + 7 slots: 0x00000401 is an unknown value


---------------  P R O C E S S  ---------------

Threads class SMR info:
_java_thread_list=0x221d4df0, length=17, elements={
0x03860400, 0x03937c00, 0x03917000, 0x03935c00,
0x15befc00, 0x15bf0800, 0x15bf2000, 0x15bf5400,
0x0393e000, 0x15db2400, 0x16522c00, 0x16cacc00,
0x16caf400, 0x16e27c00, 0x16e38000, 0x16f22400,
0x221aa800
}

Java Threads: ( => current thread )
  0x03860400 JavaThread "main" [_thread_blocked, id=5592, stack(0x02ff0000,0x03040000)]
  0x03937c00 JavaThread "Reference Handler" daemon [_thread_blocked, id=12268, stack(0x05980000,0x059d0000)]
  0x03917000 JavaThread "Finalizer" daemon [_thread_blocked, id=6704, stack(0x15a40000,0x15a90000)]
  0x03935c00 JavaThread "Signal Dispatcher" daemon [_thread_blocked, id=29796, stack(0x15e00000,0x15e50000)]
  0x15befc00 JavaThread "Attach Listener" daemon [_thread_blocked, id=17188, stack(0x15e90000,0x15ee0000)]
  0x15bf0800 JavaThread "Service Thread" daemon [_thread_blocked, id=22376, stack(0x15f20000,0x15f70000)]
  0x15bf2000 JavaThread "C1 CompilerThread0" daemon [_thread_blocked, id=884, stack(0x15fb0000,0x16000000)]
  0x15bf5400 JavaThread "Sweeper thread" daemon [_thread_blocked, id=4616, stack(0x16040000,0x16090000)]
  0x0393e000 JavaThread "Common-Cleaner" daemon [_thread_blocked, id=29556, stack(0x160d0000,0x16120000)]
  0x15db2400 JavaThread "Monitor Ctrl-Break" daemon [_thread_in_native, id=9756, stack(0x16160000,0x161b0000)]
  0x16522c00 JavaThread "QuantumRenderer-0" daemon [_thread_blocked, id=4684, stack(0x16880000,0x168d0000)]
  0x16cacc00 JavaThread "InvokeLaterDispatcher" daemon [_thread_blocked, id=7988, stack(0x1a6e0000,0x1a730000)]
=>0x16caf400 JavaThread "JavaFX Application Thread" [_thread_in_native, id=29048, stack(0x1a870000,0x1a8c0000)]
  0x16e27c00 JavaThread "JavaFX-Launcher" [_thread_blocked, id=2704, stack(0x1eeb0000,0x1ef00000)]
  0x16e38000 JavaThread "Thread-2" daemon [_thread_in_native, id=19600, stack(0x1ee20000,0x1ee70000)]
  0x16f22400 JavaThread "Prism Font Disposer" daemon [_thread_blocked, id=12364, stack(0x204d0000,0x20520000)]
  0x221aa800 JavaThread "Cleaner-0" daemon [_thread_blocked, id=16848, stack(0x23e00000,0x23e50000)]

Other Threads:
  0x03913c00 VMThread "VM Thread" [stack: 0x037c0000,0x03810000] [id=304]
  0x15db3400 WatcherThread [stack: 0x161f0000,0x16240000] [id=2492]

Threads with active compile tasks:

VM state:not at safepoint (normal execution)

VM Mutex/Monitor currently owned by a thread: None

Heap:
 def new generation   total 14080K, used 10038K [0x05a00000, 0x06940000, 0x0af50000)
  eden space 12544K,  72% used [0x05a00000, 0x062ec908, 0x06640000)
  from space 1536K,  58% used [0x06640000, 0x067211b8, 0x067c0000)
  to   space 1536K,   0% used [0x067c0000, 0x067c0000, 0x06940000)
 tenured generation   total 31120K, used 19652K [0x0af50000, 0x0cdb4000, 0x15a00000)
   the space 31120K,  63% used [0x0af50000, 0x0c281008, 0x0c281200, 0x0cdb4000)
 Metaspace       used 16307K, capacity 16724K, committed 17024K, reserved 17792K

Card table byte_map: [0x03230000,0x032c0000] _byte_map_base: 0x03203000

Polling page: 0x01800000

Metaspace:

Usage:
   16.33 MB capacity,    15.93 MB ( 98%) used,   298.02 KB (  2%) free+waste,   119.14 KB ( <1%) overhead. 

Virtual space:
     17.38 MB reserved,      16.63 MB ( 96%) committed 

Chunk freelists:
267.50 KB

MaxMetaspaceSize: 4.00 GB
No class space
Initial GC threshold: 12.00 MB
Current GC threshold: 27.29 MB
CDS: off

CodeCache: size=32768Kb used=3344Kb max_used=3344Kb free=29424Kb
 bounds [0x03940000, 0x03c88000, 0x05940000]
 total_blobs=2805 nmethods=2363 adapters=373
 compilation: enabled
              stopped_count=0, restarted_count=0
 full_count=0

Compilation events (20 events):
Event: 53.242 Thread 0x15bf2000 2354             com.sun.javafx.tk.quantum.QuantumToolkit::requestNextPulse (9 bytes)
Event: 53.242 Thread 0x15bf2000 nmethod 2354 0x03c7f608 code [0x03c7f750, 0x03c7fcac]
Event: 53.256 Thread 0x15bf2000 2355             javafx.scene.Parent::getChildren (5 bytes)
Event: 53.256 Thread 0x15bf2000 nmethod 2355 0x03c7fe88 code [0x03c7ff90, 0x03c80010]
Event: 53.290 Thread 0x15bf2000 2356             com.sun.javafx.sg.prism.NGRegion::getPlatformPaint (13 bytes)
Event: 53.290 Thread 0x15bf2000 nmethod 2356 0x03c80048 code [0x03c80170, 0x03c8024c]
Event: 53.331 Thread 0x15bf2000 2357             com.sun.scenario.animation.shared.TimelineClipCore::playTo (353 bytes)
Event: 53.332 Thread 0x15bf2000 nmethod 2357 0x03c80308 code [0x03c804b0, 0x03c80950]
Event: 53.412 Thread 0x15bf2000 2358             javafx.animation.Animation::setCurrentTicks (20 bytes)
Event: 53.412 Thread 0x15bf2000 nmethod 2358 0x03c80d48 code [0x03c80e60, 0x03c80f0c]
Event: 53.700 Thread 0x15bf2000 2359             javafx.scene.layout.Region::minHeight (52 bytes)
Event: 53.701 Thread 0x15bf2000 nmethod 2359 0x03c80f88 code [0x03c810e0, 0x03c812b4]
Event: 53.701 Thread 0x15bf2000 2360             javafx.scene.layout.Region::getMinHeight (22 bytes)
Event: 53.701 Thread 0x15bf2000 nmethod 2360 0x03c813c8 code [0x03c814e0, 0x03c815bc]
Event: 53.925 Thread 0x15bf2000 2361             javafx.scene.layout.AnchorPane::layoutChildren (346 bytes)
Event: 53.928 Thread 0x15bf2000 nmethod 2361 0x03c81648 code [0x03c819c0, 0x03c829bc]
Event: 53.955 Thread 0x15bf2000 2362             javafx.animation.AnimationAccessorImpl::setCurrentTicks (6 bytes)
Event: 53.955 Thread 0x15bf2000 nmethod 2362 0x03c83a08 code [0x03c83b20, 0x03c83bcc]
Event: 54.452 Thread 0x15bf2000 2363             javafx.scene.Parent::minHeight (89 bytes)
Event: 54.452 Thread 0x15bf2000 nmethod 2363 0x03c83c88 code [0x03c83de0, 0x03c83fc8]

GC Heap History (20 events):
Event: 0.919 GC heap before
{Heap before GC invocations=8 (full 0):
 def new generation   total 4928K, used 4928K [0x05a00000, 0x05f50000, 0x0af50000)
  eden space 4416K, 100% used [0x05a00000, 0x05e50000, 0x05e50000)
  from space 512K, 100% used [0x05e50000, 0x05ed0000, 0x05ed0000)
  to   space 512K,   0% used [0x05ed0000, 0x05ed0000, 0x05f50000)
 tenured generation   total 10944K, used 10657K [0x0af50000, 0x0ba00000, 0x15a00000)
   the space 10944K,  97% used [0x0af50000, 0x0b9b8660, 0x0b9b8800, 0x0ba00000)
 Metaspace       used 11801K, capacity 11976K, committed 12032K, reserved 12672K
}
Event: 0.928 GC heap after
{Heap after GC invocations=9 (full 1):
 def new generation   total 8768K, used 507K [0x05a00000, 0x06380000, 0x0af50000)
  eden space 7808K,   6% used [0x05a00000, 0x05a7ec90, 0x061a0000)
  from space 960K,   0% used [0x061a0000, 0x061a0000, 0x06290000)
  to   space 960K,   0% used [0x06290000, 0x06290000, 0x06380000)
 tenured generation   total 19308K, used 11583K [0x0af50000, 0x0c22b000, 0x15a00000)
   the space 19308K,  59% used [0x0af50000, 0x0ba9ffc0, 0x0baa0000, 0x0c22b000)
 Metaspace       used 11801K, capacity 11976K, committed 12032K, reserved 12672K
}
Event: 1.069 GC heap before
{Heap before GC invocations=9 (full 1):
 def new generation   total 8768K, used 7808K [0x05a00000, 0x06380000, 0x0af50000)
  eden space 7808K, 100% used [0x05a00000, 0x061a0000, 0x061a0000)
  from space 960K,   0% used [0x061a0000, 0x061a0000, 0x06290000)
  to   space 960K,   0% used [0x06290000, 0x06290000, 0x06380000)
 tenured generation   total 19308K, used 11583K [0x0af50000, 0x0c22b000, 0x15a00000)
   the space 19308K,  59% used [0x0af50000, 0x0ba9ffc0, 0x0baa0000, 0x0c22b000)
 Metaspace       used 12718K, capacity 12899K, committed 12928K, reserved 13696K
}
Event: 1.073 GC heap after
{Heap after GC invocations=10 (full 1):
 def new generation   total 8768K, used 960K [0x05a00000, 0x06380000, 0x0af50000)
  eden space 7808K,   0% used [0x05a00000, 0x05a00000, 0x061a0000)
  from space 960K, 100% used [0x06290000, 0x06380000, 0x06380000)
  to   space 960K,   0% used [0x061a0000, 0x061a0000, 0x06290000)
 tenured generation   total 19308K, used 11946K [0x0af50000, 0x0c22b000, 0x15a00000)
   the space 19308K,  61% used [0x0af50000, 0x0bafa958, 0x0bafaa00, 0x0c22b000)
 Metaspace       used 12718K, capacity 12899K, committed 12928K, reserved 13696K
}
Event: 1.150 GC heap before
{Heap before GC invocations=10 (full 1):
 def new generation   total 8768K, used 8768K [0x05a00000, 0x06380000, 0x0af50000)
  eden space 7808K, 100% used [0x05a00000, 0x061a0000, 0x061a0000)
  from space 960K, 100% used [0x06290000, 0x06380000, 0x06380000)
  to   space 960K,   0% used [0x061a0000, 0x061a0000, 0x06290000)
 tenured generation   total 19308K, used 11946K [0x0af50000, 0x0c22b000, 0x15a00000)
   the space 19308K,  61% used [0x0af50000, 0x0bafa958, 0x0bafaa00, 0x0c22b000)
 Metaspace       used 13960K, capacity 14253K, committed 14336K, reserved 14720K
}
Event: 1.153 GC heap after
{Heap after GC invocations=11 (full 1):
 def new generation   total 8768K, used 598K [0x05a00000, 0x06380000, 0x0af50000)
  eden space 7808K,   0% used [0x05a00000, 0x05a00000, 0x061a0000)
  from space 960K,  62% used [0x061a0000, 0x06235860, 0x06290000)
  to   space 960K,   0% used [0x06290000, 0x06290000, 0x06380000)
 tenured generation   total 19308K, used 12898K [0x0af50000, 0x0c22b000, 0x15a00000)
   the space 19308K,  66% used [0x0af50000, 0x0bbe8918, 0x0bbe8a00, 0x0c22b000)
 Metaspace       used 13960K, capacity 14253K, committed 14336K, reserved 14720K
}
Event: 2.551 GC heap before
{Heap before GC invocations=11 (full 1):
 def new generation   total 8768K, used 8406K [0x05a00000, 0x06380000, 0x0af50000)
  eden space 7808K, 100% used [0x05a00000, 0x061a0000, 0x061a0000)
  from space 960K,  62% used [0x061a0000, 0x06235860, 0x06290000)
  to   space 960K,   0% used [0x06290000, 0x06290000, 0x06380000)
 tenured generation   total 19308K, used 12898K [0x0af50000, 0x0c22b000, 0x15a00000)
   the space 19308K,  66% used [0x0af50000, 0x0bbe8918, 0x0bbe8a00, 0x0c22b000)
 Metaspace       used 14786K, capacity 15104K, committed 15104K, reserved 15744K
}
Event: 2.557 GC heap after
{Heap after GC invocations=12 (full 1):
 def new generation   total 8768K, used 960K [0x05a00000, 0x06380000, 0x0af50000)
  eden space 7808K,   0% used [0x05a00000, 0x05a00000, 0x061a0000)
  from space 960K, 100% used [0x06290000, 0x06380000, 0x06380000)
  to   space 960K,   0% used [0x061a0000, 0x061a0000, 0x06290000)
 tenured generation   total 19308K, used 14573K [0x0af50000, 0x0c22b000, 0x15a00000)
   the space 19308K,  75% used [0x0af50000, 0x0bd8b4a0, 0x0bd8b600, 0x0c22b000)
 Metaspace       used 14786K, capacity 15104K, committed 15104K, reserved 15744K
}
Event: 3.377 GC heap before
{Heap before GC invocations=12 (full 1):
 def new generation   total 8768K, used 8768K [0x05a00000, 0x06380000, 0x0af50000)
  eden space 7808K, 100% used [0x05a00000, 0x061a0000, 0x061a0000)
  from space 960K, 100% used [0x06290000, 0x06380000, 0x06380000)
  to   space 960K,   0% used [0x061a0000, 0x061a0000, 0x06290000)
 tenured generation   total 19308K, used 14573K [0x0af50000, 0x0c22b000, 0x15a00000)
   the space 19308K,  75% used [0x0af50000, 0x0bd8b4a0, 0x0bd8b600, 0x0c22b000)
 Metaspace       used 15844K, capacity 16219K, committed 16256K, reserved 16768K
}
Event: 3.380 GC heap after
{Heap after GC invocations=13 (full 1):
 def new generation   total 8768K, used 718K [0x05a00000, 0x06380000, 0x0af50000)
  eden space 7808K,   0% used [0x05a00000, 0x05a00000, 0x061a0000)
  from space 960K,  74% used [0x061a0000, 0x06253a50, 0x06290000)
  to   space 960K,   0% used [0x06290000, 0x06290000, 0x06380000)
 tenured generation   total 19308K, used 15525K [0x0af50000, 0x0c22b000, 0x15a00000)
   the space 19308K,  80% used [0x0af50000, 0x0be79440, 0x0be79600, 0x0c22b000)
 Metaspace       used 15844K, capacity 16219K, committed 16256K, reserved 16768K
}
Event: 13.907 GC heap before
{Heap before GC invocations=13 (full 1):
 def new generation   total 8768K, used 8526K [0x05a00000, 0x06380000, 0x0af50000)
  eden space 7808K, 100% used [0x05a00000, 0x061a0000, 0x061a0000)
  from space 960K,  74% used [0x061a0000, 0x06253a50, 0x06290000)
  to   space 960K,   0% used [0x06290000, 0x06290000, 0x06380000)
 tenured generation   total 19308K, used 15525K [0x0af50000, 0x0c22b000, 0x15a00000)
   the space 19308K,  80% used [0x0af50000, 0x0be79440, 0x0be79600, 0x0c22b000)
 Metaspace       used 16027K, capacity 16435K, committed 16512K, reserved 16768K
}
Event: 13.910 GC heap after
{Heap after GC invocations=14 (full 1):
 def new generation   total 8768K, used 584K [0x05a00000, 0x06380000, 0x0af50000)
  eden space 7808K,   0% used [0x05a00000, 0x05a00000, 0x061a0000)
  from space 960K,  60% used [0x06290000, 0x063223f8, 0x06380000)
  to   space 960K,   0% used [0x061a0000, 0x061a0000, 0x06290000)
 tenured generation   total 19308K, used 17248K [0x0af50000, 0x0c22b000, 0x15a00000)
   the space 19308K,  89% used [0x0af50000, 0x0c028048, 0x0c028200, 0x0c22b000)
 Metaspace       used 16027K, capacity 16435K, committed 16512K, reserved 16768K
}
Event: 15.309 GC heap before
{Heap before GC invocations=14 (full 1):
 def new generation   total 8768K, used 8392K [0x05a00000, 0x06380000, 0x0af50000)
  eden space 7808K, 100% used [0x05a00000, 0x061a0000, 0x061a0000)
  from space 960K,  60% used [0x06290000, 0x063223f8, 0x06380000)
  to   space 960K,   0% used [0x061a0000, 0x061a0000, 0x06290000)
 tenured generation   total 19308K, used 17248K [0x0af50000, 0x0c22b000, 0x15a00000)
   the space 19308K,  89% used [0x0af50000, 0x0c028048, 0x0c028200, 0x0c22b000)
 Metaspace       used 16206K, capacity 16616K, committed 16640K, reserved 16768K
}
Event: 15.313 GC heap after
{Heap after GC invocations=15 (full 1):
 def new generation   total 8768K, used 960K [0x05a00000, 0x06380000, 0x0af50000)
  eden space 7808K,   0% used [0x05a00000, 0x05a00000, 0x061a0000)
  from space 960K, 100% used [0x061a0000, 0x06290000, 0x06290000)
  to   space 960K,   0% used [0x06290000, 0x06290000, 0x06380000)
 tenured generation   total 19308K, used 18554K [0x0af50000, 0x0c22b000, 0x15a00000)
   the space 19308K,  96% used [0x0af50000, 0x0c16eb68, 0x0c16ec00, 0x0c22b000)
 Metaspace       used 16206K, capacity 16616K, committed 16640K, reserved 16768K
}
Event: 21.939 GC heap before
{Heap before GC invocations=15 (full 1):
 def new generation   total 8768K, used 8768K [0x05a00000, 0x06380000, 0x0af50000)
  eden space 7808K, 100% used [0x05a00000, 0x061a0000, 0x061a0000)
  from space 960K, 100% used [0x061a0000, 0x06290000, 0x06290000)
  to   space 960K,   0% used [0x06290000, 0x06290000, 0x06380000)
 tenured generation   total 19308K, used 18554K [0x0af50000, 0x0c22b000, 0x15a00000)
   the space 19308K,  96% used [0x0af50000, 0x0c16eb68, 0x0c16ec00, 0x0c22b000)
 Metaspace       used 16254K, capacity 16684K, committed 16768K, reserved 16768K
}
Event: 21.962 GC heap after
{Heap after GC invocations=16 (full 2):
 def new generation   total 14080K, used 0K [0x05a00000, 0x06940000, 0x0af50000)
  eden space 12544K,   0% used [0x05a00000, 0x05a00000, 0x06640000)
  from space 1536K,   0% used [0x06640000, 0x06640000, 0x067c0000)
  to   space 1536K,   0% used [0x067c0000, 0x067c0000, 0x06940000)
 tenured generation   total 31120K, used 18671K [0x0af50000, 0x0cdb4000, 0x15a00000)
   the space 31120K,  59% used [0x0af50000, 0x0c18bc88, 0x0c18be00, 0x0cdb4000)
 Metaspace       used 15986K, capacity 16355K, committed 16768K, reserved 16768K
}
Event: 35.717 GC heap before
{Heap before GC invocations=16 (full 2):
 def new generation   total 14080K, used 12543K [0x05a00000, 0x06940000, 0x0af50000)
  eden space 12544K,  99% used [0x05a00000, 0x0663fff8, 0x06640000)
  from space 1536K,   0% used [0x06640000, 0x06640000, 0x067c0000)
  to   space 1536K,   0% used [0x067c0000, 0x067c0000, 0x06940000)
 tenured generation   total 31120K, used 18671K [0x0af50000, 0x0cdb4000, 0x15a00000)
   the space 31120K,  59% used [0x0af50000, 0x0c18bc88, 0x0c18be00, 0x0cdb4000)
 Metaspace       used 16270K, capacity 16651K, committed 17024K, reserved 17792K
}
Event: 35.719 GC heap after
{Heap after GC invocations=17 (full 2):
 def new generation   total 14080K, used 989K [0x05a00000, 0x06940000, 0x0af50000)
  eden space 12544K,   0% used [0x05a00000, 0x05a00000, 0x06640000)
  from space 1536K,  64% used [0x067c0000, 0x068b7518, 0x06940000)
  to   space 1536K,   0% used [0x06640000, 0x06640000, 0x067c0000)
 tenured generation   total 31120K, used 18671K [0x0af50000, 0x0cdb4000, 0x15a00000)
   the space 31120K,  59% used [0x0af50000, 0x0c18bc88, 0x0c18be00, 0x0cdb4000)
 Metaspace       used 16270K, capacity 16651K, committed 17024K, reserved 17792K
}
Event: 53.218 GC heap before
{Heap before GC invocations=17 (full 2):
 def new generation   total 14080K, used 11099K [0x05a00000, 0x06940000, 0x0af50000)
  eden space 12544K,  80% used [0x05a00000, 0x063df838, 0x06640000)
  from space 1536K,  64% used [0x067c0000, 0x068b7518, 0x06940000)
  to   space 1536K,   0% used [0x06640000, 0x06640000, 0x067c0000)
 tenured generation   total 31120K, used 18671K [0x0af50000, 0x0cdb4000, 0x15a00000)
   the space 31120K,  59% used [0x0af50000, 0x0c18bc88, 0x0c18be00, 0x0cdb4000)
 Metaspace       used 16282K, capacity 16697K, committed 17024K, reserved 17792K
}
Event: 53.221 GC heap after
{Heap after GC invocations=18 (full 2):
 def new generation   total 14080K, used 900K [0x05a00000, 0x06940000, 0x0af50000)
  eden space 12544K,   0% used [0x05a00000, 0x05a00000, 0x06640000)
  from space 1536K,  58% used [0x06640000, 0x067211b8, 0x067c0000)
  to   space 1536K,   0% used [0x067c0000, 0x067c0000, 0x06940000)
 tenured generation   total 31120K, used 19652K [0x0af50000, 0x0cdb4000, 0x15a00000)
   the space 31120K,  63% used [0x0af50000, 0x0c281008, 0x0c281200, 0x0cdb4000)
 Metaspace       used 16282K, capacity 16697K, committed 17024K, reserved 17792K
}

Deoptimization events (14 events):
Event: 1.050 Thread 0x16caf400 DEOPT PACKING pc=0x03a6ea4f sp=0x1a8be2e0
Event: 1.050 Thread 0x16caf400 DEOPT UNPACKING pc=0x0397c187 sp=0x1a8be200 mode 3
Event: 1.052 Thread 0x16caf400 DEOPT PACKING pc=0x03a9e971 sp=0x1a8be460
Event: 1.052 Thread 0x16caf400 DEOPT UNPACKING pc=0x0397c187 sp=0x1a8be384 mode 3
Event: 1.144 Thread 0x16caf400 DEOPT PACKING pc=0x03ae1f8c sp=0x1a8be450
Event: 1.144 Thread 0x16caf400 DEOPT UNPACKING pc=0x0397c187 sp=0x1a8be300 mode 3
Event: 8.805 Thread 0x16522c00 DEOPT PACKING pc=0x03b978fd sp=0x168ceac0
Event: 8.805 Thread 0x16522c00 DEOPT UNPACKING pc=0x0397c187 sp=0x168ce9ec mode 3
Event: 53.254 Thread 0x16caf400 DEOPT PACKING pc=0x03c5b439 sp=0x1a8b4770
Event: 53.254 Thread 0x16caf400 DEOPT UNPACKING pc=0x0397c187 sp=0x1a8b4614 mode 3
Event: 54.491 Thread 0x16caf400 DEOPT PACKING pc=0x03b11ee4 sp=0x1a8bce70
Event: 54.491 Thread 0x16caf400 DEOPT UNPACKING pc=0x0397c187 sp=0x1a8bcd0c mode 0
Event: 54.491 Thread 0x16caf400 DEOPT PACKING pc=0x03b11ee4 sp=0x1a8be870
Event: 54.491 Thread 0x16caf400 DEOPT UNPACKING pc=0x0397c187 sp=0x1a8be70c mode 0

Classes redefined (0 events):
No events

Internal exceptions (20 events):
Event: 1.191 Thread 0x16caf400 Exception <a 'java/lang/NoSuchMethodError'{0x05b555b0}: 'java.lang.Object java.lang.invoke.DirectMethodHandle$Holder.invokeStatic(java.lang.Object, java.lang.Object, long)'> (0x05b555b0) thrown at [s\src\hotspot\share\interpreter\linkResolver.cpp, line 773]
Event: 1.192 Thread 0x16caf400 Exception <a 'java/lang/NoSuchMethodError'{0x05b5b000}: 'java.lang.Object java.lang.invoke.Invokers$Holder.linkToTargetMethod(java.lang.Object, long, java.lang.Object)'> (0x05b5b000) thrown at [s\src\hotspot\share\interpreter\linkResolver.cpp, line 773]
Event: 2.495 Thread 0x16caf400 Exception <a 'java/io/FileNotFoundException'{0x0605dbd0}> (0x0605dbd0) thrown at [s\src\hotspot\share\prims\jni.cpp, line 617]
Event: 2.511 Thread 0x16caf400 Exception <a 'java/io/FileNotFoundException'{0x060ae600}> (0x060ae600) thrown at [s\src\hotspot\share\prims\jni.cpp, line 617]
Event: 13.804 Thread 0x16caf400 Exception <a 'java/lang/NoSuchMethodError'{0x061808d8}: 'java.lang.Object java.lang.invoke.DirectMethodHandle$Holder.invokeStatic(java.lang.Object, java.lang.Object, int, int, int, int, int, java.lang.Object)'> (0x061808d8) thrown at [s\src\hotspot\share\interpreter\linkResolver.cpp, line 773]
Event: 13.804 Thread 0x16caf400 Exception <a 'java/lang/NoSuchMethodError'{0x06190c28}: 'java.lang.Object java.lang.invoke.DirectMethodHandle$Holder.invokeStatic(java.lang.Object, java.lang.Object, java.lang.Object, int, int, int, int, int)'> (0x06190c28) thrown at [s\src\hotspot\share\interpreter\linkResolver.cpp, line 773]
Event: 13.805 Thread 0x16caf400 Exception <a 'java/lang/NoSuchMethodError'{0x061977b8}: 'java.lang.Object java.lang.invoke.Invokers$Holder.linkToTargetMethod(java.lang.Object, java.lang.Object, int, int, int, int, int, java.lang.Object)'> (0x061977b8) thrown at [s\src\hotspot\share\interpreter\linkResolver.cpp, line 773]
Event: 15.308 Thread 0x16522c00 Exception <a 'java/lang/NoSuchMethodError'{0x06181458}: 'java.lang.Object java.lang.invoke.DirectMethodHandle$Holder.invokeStaticInit(java.lang.Object, int)'> (0x06181458) thrown at [s\src\hotspot\share\interpreter\linkResolver.cpp, line 773]
Event: 25.013 Thread 0x16caf400 Exception <a 'sun/nio/fs/WindowsException'{0x05c6d7a8}> (0x05c6d7a8) thrown at [s\src\hotspot\share\prims\jni.cpp, line 617]
Event: 25.021 Thread 0x16caf400 Exception <a 'java/lang/ClassNotFoundException'{0x05cc8ea8}: com/sun/javafx/scene/control/skin/resources/controls> (0x05cc8ea8) thrown at [s\src\hotspot\share\prims\jni.cpp, line 638]
Event: 25.021 Thread 0x16caf400 Exception <a 'java/lang/ClassNotFoundException'{0x05cd6c38}: com/sun/javafx/scene/control/skin/resources/controls_es> (0x05cd6c38) thrown at [s\src\hotspot\share\prims\jni.cpp, line 638]
Event: 30.990 Thread 0x16caf400 Exception <a 'java/lang/reflect/InvocationTargetException'{0x0629a190}> (0x0629a190) thrown at [s\src\hotspot\share\runtime\reflection.cpp, line 1245]
Event: 30.990 Thread 0x16caf400 Exception <a 'java/lang/RuntimeException'{0x0629bb60}> (0x0629bb60) thrown at [s\src\hotspot\share\prims\jvm.cpp, line 1310]
Event: 53.254 Thread 0x16caf400 Implicit null exception at 0x03c5b1bf to 0x03c5b434
Event: 54.536 Thread 0x16caf400 Exception <a 'java/lang/IllegalArgumentException'{0x06233098}> (0x06233098) thrown at [s\src\hotspot\share\prims\jvm.cpp, line 1310]
Event: 54.575 Thread 0x16caf400 Exception <a 'java/lang/IllegalArgumentException'{0x0627a810}> (0x0627a810) thrown at [s\src\hotspot\share\prims\jvm.cpp, line 1310]
Event: 54.588 Thread 0x16caf400 Exception <a 'java/lang/IllegalArgumentException'{0x06286200}> (0x06286200) thrown at [s\src\hotspot\share\prims\jvm.cpp, line 1310]
Event: 54.607 Thread 0x16caf400 Exception <a 'java/lang/IllegalArgumentException'{0x06291bc8}> (0x06291bc8) thrown at [s\src\hotspot\share\prims\jvm.cpp, line 1310]
Event: 54.624 Thread 0x16caf400 Exception <a 'java/lang/IllegalArgumentException'{0x0629d588}> (0x0629d588) thrown at [s\src\hotspot\share\prims\jvm.cpp, line 1310]
Event: 54.637 Thread 0x16caf400 Exception <a 'java/lang/IllegalArgumentException'{0x062a8f38}> (0x062a8f38) thrown at [s\src\hotspot\share\prims\jvm.cpp, line 1310]

Events (20 events):
Event: 30.991 loading class java/lang/Throwable$WrappedPrintStream done
Event: 32.440 Loaded shared library C:\Users\luigu\.openjfx\cache\17.0.6\prism_d3d.dll
Event: 35.717 Executing VM operation: GenCollectForAllocation
Event: 35.719 Executing VM operation: GenCollectForAllocation done
Event: 41.459 Loaded shared library C:\Program Files (x86)\Eclipse Adoptium\jdk-11.0.21.9-hotspot\bin\java.dll
Event: 42.598 Executing VM operation: RevokeBias
Event: 42.598 Executing VM operation: RevokeBias done
Event: 44.976 Executing VM operation: RevokeBias
Event: 44.976 Executing VM operation: RevokeBias done
Event: 52.772 Executing VM operation: RevokeBias
Event: 52.773 Executing VM operation: RevokeBias done
Event: 53.128 Loaded shared library C:\Users\luigu\.openjfx\cache\17.0.6\prism_d3d.dll
Event: 53.218 Executing VM operation: GenCollectForAllocation
Event: 53.221 Executing VM operation: GenCollectForAllocation done
Event: 53.267 Executing VM operation: RevokeBias
Event: 53.267 Executing VM operation: RevokeBias done
Event: 54.490 loading class javafx/application/Application
Event: 54.490 loading class javafx/application/Application done
Event: 54.490 loading class javafx/application/Application
Event: 54.490 loading class javafx/application/Application done


Dynamic libraries:
0x002b0000 - 0x002bc000 	C:\Program Files (x86)\Eclipse Adoptium\jdk-11.0.21.9-hotspot\bin\java.exe
0x76f20000 - 0x770d1000 	C:\WINDOWS\SYSTEM32\ntdll.dll
0x75520000 - 0x75610000 	C:\WINDOWS\System32\KERNEL32.DLL
0x767d0000 - 0x76a45000 	C:\WINDOWS\System32\KERNELBASE.dll
0x73ee0000 - 0x73f86000 	C:\WINDOWS\SYSTEM32\apphelp.dll
0x756d0000 - 0x757e2000 	C:\WINDOWS\System32\ucrtbase.dll
0x6e2a0000 - 0x6e2b5000 	C:\Program Files (x86)\Eclipse Adoptium\jdk-11.0.21.9-hotspot\bin\jli.dll
0x6e280000 - 0x6e293000 	C:\Program Files (x86)\Eclipse Adoptium\jdk-11.0.21.9-hotspot\bin\VCRUNTIME140.dll
0x76a80000 - 0x76c29000 	C:\WINDOWS\System32\USER32.dll
0x74d10000 - 0x74d2a000 	C:\WINDOWS\System32\win32u.dll
0x76a50000 - 0x76a73000 	C:\WINDOWS\System32\GDI32.dll
0x6db90000 - 0x6ddb8000 	C:\WINDOWS\WinSxS\x86_microsoft.windows.common-controls_6595b64144ccf1df_6.0.22621.3235_none_6ebcabb88802389e\COMCTL32.dll
0x75b80000 - 0x75c62000 	C:\WINDOWS\System32\gdi32full.dll
0x74da0000 - 0x74e64000 	C:\WINDOWS\System32\msvcrt.dll
0x75c70000 - 0x75ce9000 	C:\WINDOWS\System32\msvcp_win.dll
0x74ce0000 - 0x74d05000 	C:\WINDOWS\System32\IMM32.DLL
0x6cfd0000 - 0x6d03f000 	C:\Program Files (x86)\Eclipse Adoptium\jdk-11.0.21.9-hotspot\bin\msvcp140.dll
0x6b270000 - 0x6b74b000 	C:\Program Files (x86)\Eclipse Adoptium\jdk-11.0.21.9-hotspot\bin\client\jvm.dll
0x76da0000 - 0x76e1f000 	C:\WINDOWS\System32\ADVAPI32.dll
0x76c50000 - 0x76cd5000 	C:\WINDOWS\System32\sechost.dll
0x76d80000 - 0x76d9a000 	C:\WINDOWS\System32\bcrypt.dll
0x75610000 - 0x756ca000 	C:\WINDOWS\System32\RPCRT4.dll
0x74d90000 - 0x74d96000 	C:\WINDOWS\System32\PSAPI.DLL
0x74a60000 - 0x74a68000 	C:\WINDOWS\SYSTEM32\VERSION.dll
0x70070000 - 0x70078000 	C:\WINDOWS\SYSTEM32\WSOCK32.dll
0x72770000 - 0x727a1000 	C:\WINDOWS\SYSTEM32\WINMM.dll
0x75050000 - 0x750af000 	C:\WINDOWS\System32\WS2_32.dll
0x74a70000 - 0x74a83000 	C:\WINDOWS\SYSTEM32\kernel.appcore.dll
0x6e900000 - 0x6e90d000 	C:\Program Files (x86)\Eclipse Adoptium\jdk-11.0.21.9-hotspot\bin\verify.dll
0x6bfb0000 - 0x6c186000 	C:\WINDOWS\SYSTEM32\DBGHELP.DLL
0x757f0000 - 0x75a6c000 	C:\WINDOWS\System32\combase.dll
0x76ce0000 - 0x76d7c000 	C:\WINDOWS\System32\OLEAUT32.dll
0x6cfa0000 - 0x6cfc9000 	C:\WINDOWS\SYSTEM32\dbgcore.DLL
0x753b0000 - 0x75412000 	C:\WINDOWS\System32\bcryptPrimitives.dll
0x6cf70000 - 0x6cf92000 	C:\Program Files (x86)\Eclipse Adoptium\jdk-11.0.21.9-hotspot\bin\java.dll
0x6e270000 - 0x6e279000 	C:\Program Files (x86)\Eclipse Adoptium\jdk-11.0.21.9-hotspot\bin\jimage.dll
0x6cf10000 - 0x6cf1d000 	C:\Program Files (x86)\Eclipse Adoptium\jdk-11.0.21.9-hotspot\bin\instrument.dll
0x6df30000 - 0x6df46000 	C:\Program Files (x86)\Eclipse Adoptium\jdk-11.0.21.9-hotspot\bin\zip.dll
0x75cf0000 - 0x76389000 	C:\WINDOWS\System32\SHELL32.dll
0x71e70000 - 0x7255f000 	C:\WINDOWS\SYSTEM32\windows.storage.dll
0x716c0000 - 0x71787000 	C:\WINDOWS\SYSTEM32\wintypes.dll
0x75170000 - 0x75231000 	C:\WINDOWS\System32\SHCORE.dll
0x74d40000 - 0x74d8b000 	C:\WINDOWS\System32\shlwapi.dll
0x70050000 - 0x70069000 	C:\WINDOWS\SYSTEM32\profapi.dll
0x6de10000 - 0x6de24000 	C:\Program Files (x86)\Eclipse Adoptium\jdk-11.0.21.9-hotspot\bin\net.dll
0x73c80000 - 0x73d5c000 	C:\WINDOWS\SYSTEM32\WINHTTP.dll
0x6fae0000 - 0x6fb31000 	C:\WINDOWS\system32\mswsock.dll
0x6e260000 - 0x6e26f000 	C:\Program Files (x86)\Eclipse Adoptium\jdk-11.0.21.9-hotspot\bin\nio.dll
0x6cef0000 - 0x6cf06000 	C:\Users\luigu\AppData\Local\Programs\IntelliJ IDEA Ultimate\bin\breakgen.dll
0x6c640000 - 0x6c643000 	C:\Users\luigu\.openjfx\cache\17.0.6\api-ms-win-core-console-l1-1-0.dll
0x6c630000 - 0x6c633000 	C:\Users\luigu\.openjfx\cache\17.0.6\api-ms-win-core-console-l1-2-0.dll
0x6c620000 - 0x6c623000 	C:\Users\luigu\.openjfx\cache\17.0.6\api-ms-win-core-datetime-l1-1-0.dll
0x6c610000 - 0x6c613000 	C:\Users\luigu\.openjfx\cache\17.0.6\api-ms-win-core-debug-l1-1-0.dll
0x6c600000 - 0x6c603000 	C:\Users\luigu\.openjfx\cache\17.0.6\api-ms-win-core-errorhandling-l1-1-0.dll
0x6c5f0000 - 0x6c5f4000 	C:\Users\luigu\.openjfx\cache\17.0.6\api-ms-win-core-file-l1-1-0.dll
0x6c5e0000 - 0x6c5e3000 	C:\Users\luigu\.openjfx\cache\17.0.6\api-ms-win-core-file-l1-2-0.dll
0x6be50000 - 0x6be53000 	C:\Users\luigu\.openjfx\cache\17.0.6\api-ms-win-core-file-l2-1-0.dll
0x6be40000 - 0x6be43000 	C:\Users\luigu\.openjfx\cache\17.0.6\api-ms-win-core-handle-l1-1-0.dll
0x6be30000 - 0x6be33000 	C:\Users\luigu\.openjfx\cache\17.0.6\api-ms-win-core-heap-l1-1-0.dll
0x6be20000 - 0x6be23000 	C:\Users\luigu\.openjfx\cache\17.0.6\api-ms-win-core-interlocked-l1-1-0.dll
0x6be10000 - 0x6be13000 	C:\Users\luigu\.openjfx\cache\17.0.6\api-ms-win-core-libraryloader-l1-1-0.dll
0x6be00000 - 0x6be03000 	C:\Users\luigu\.openjfx\cache\17.0.6\api-ms-win-core-localization-l1-2-0.dll
0x6bdf0000 - 0x6bdf3000 	C:\Users\luigu\.openjfx\cache\17.0.6\api-ms-win-core-memory-l1-1-0.dll
0x6bdd0000 - 0x6bdd3000 	C:\Users\luigu\.openjfx\cache\17.0.6\api-ms-win-core-namedpipe-l1-1-0.dll
0x6bdb0000 - 0x6bdb3000 	C:\Users\luigu\.openjfx\cache\17.0.6\api-ms-win-core-processenvironment-l1-1-0.dll
0x6bda0000 - 0x6bda3000 	C:\Users\luigu\.openjfx\cache\17.0.6\api-ms-win-core-processthreads-l1-1-0.dll
0x6bd90000 - 0x6bd93000 	C:\Users\luigu\.openjfx\cache\17.0.6\api-ms-win-core-processthreads-l1-1-1.dll
0x6bd80000 - 0x6bd83000 	C:\Users\luigu\.openjfx\cache\17.0.6\api-ms-win-core-profile-l1-1-0.dll
0x6bd70000 - 0x6bd73000 	C:\Users\luigu\.openjfx\cache\17.0.6\api-ms-win-core-rtlsupport-l1-1-0.dll
0x6bd60000 - 0x6bd63000 	C:\Users\luigu\.openjfx\cache\17.0.6\api-ms-win-core-string-l1-1-0.dll
0x6bd50000 - 0x6bd53000 	C:\Users\luigu\.openjfx\cache\17.0.6\api-ms-win-core-synch-l1-1-0.dll
0x6bd40000 - 0x6bd43000 	C:\Users\luigu\.openjfx\cache\17.0.6\api-ms-win-core-synch-l1-2-0.dll
0x6bd30000 - 0x6bd33000 	C:\Users\luigu\.openjfx\cache\17.0.6\api-ms-win-core-sysinfo-l1-1-0.dll
0x6bd20000 - 0x6bd23000 	C:\Users\luigu\.openjfx\cache\17.0.6\api-ms-win-core-timezone-l1-1-0.dll
0x6bd10000 - 0x6bd13000 	C:\Users\luigu\.openjfx\cache\17.0.6\api-ms-win-core-util-l1-1-0.dll
0x6bd00000 - 0x6bd03000 	C:\Users\luigu\.openjfx\cache\17.0.6\api-ms-win-crt-conio-l1-1-0.dll
0x6bcf0000 - 0x6bcf4000 	C:\Users\luigu\.openjfx\cache\17.0.6\api-ms-win-crt-convert-l1-1-0.dll
0x6bce0000 - 0x6bce3000 	C:\Users\luigu\.openjfx\cache\17.0.6\api-ms-win-crt-environment-l1-1-0.dll
0x6ba50000 - 0x6ba53000 	C:\Users\luigu\.openjfx\cache\17.0.6\api-ms-win-crt-filesystem-l1-1-0.dll
0x6ba40000 - 0x6ba43000 	C:\Users\luigu\.openjfx\cache\17.0.6\api-ms-win-crt-heap-l1-1-0.dll
0x6ba30000 - 0x6ba33000 	C:\Users\luigu\.openjfx\cache\17.0.6\api-ms-win-crt-locale-l1-1-0.dll
0x6ba20000 - 0x6ba25000 	C:\Users\luigu\.openjfx\cache\17.0.6\api-ms-win-crt-math-l1-1-0.dll
0x6ba10000 - 0x6ba15000 	C:\Users\luigu\.openjfx\cache\17.0.6\api-ms-win-crt-multibyte-l1-1-0.dll
0x6ba00000 - 0x6ba10000 	C:\Users\luigu\.openjfx\cache\17.0.6\api-ms-win-crt-private-l1-1-0.dll
0x6b9f0000 - 0x6b9f3000 	C:\Users\luigu\.openjfx\cache\17.0.6\api-ms-win-crt-process-l1-1-0.dll
0x6b9e0000 - 0x6b9e4000 	C:\Users\luigu\.openjfx\cache\17.0.6\api-ms-win-crt-runtime-l1-1-0.dll
0x6b9d0000 - 0x6b9d4000 	C:\Users\luigu\.openjfx\cache\17.0.6\api-ms-win-crt-stdio-l1-1-0.dll
0x6b9c0000 - 0x6b9c4000 	C:\Users\luigu\.openjfx\cache\17.0.6\api-ms-win-crt-string-l1-1-0.dll
0x6b9b0000 - 0x6b9b3000 	C:\Users\luigu\.openjfx\cache\17.0.6\api-ms-win-crt-time-l1-1-0.dll
0x6b9a0000 - 0x6b9a3000 	C:\Users\luigu\.openjfx\cache\17.0.6\api-ms-win-crt-utility-l1-1-0.dll
0x6b870000 - 0x6b993000 	C:\Users\luigu\.openjfx\cache\17.0.6\ucrtbase.dll
0x6b810000 - 0x6b824000 	C:\Users\luigu\.openjfx\cache\17.0.6\vcruntime140.dll
0x6b7a0000 - 0x6b80d000 	C:\Users\luigu\.openjfx\cache\17.0.6\msvcp140.dll
0x6b790000 - 0x6b797000 	C:\Users\luigu\.openjfx\cache\17.0.6\msvcp140_1.dll
0x6b760000 - 0x6b789000 	C:\Users\luigu\.openjfx\cache\17.0.6\msvcp140_2.dll
0x6b240000 - 0x6b266000 	C:\Users\luigu\.openjfx\cache\17.0.6\prism_d3d.dll
0x6b0c0000 - 0x6b231000 	C:\WINDOWS\system32\d3d9.dll
0x6e110000 - 0x6e134000 	C:\WINDOWS\SYSTEM32\dwmapi.dll
0x74080000 - 0x740ae000 	C:\WINDOWS\SYSTEM32\dxcore.dll
0x73fc0000 - 0x7403f000 	C:\WINDOWS\system32\uxtheme.dll
0x6b030000 - 0x6b0c0000 	C:\WINDOWS\SYSTEM32\d3d9on12.dll
0x73e10000 - 0x73eda000 	C:\WINDOWS\SYSTEM32\dxgi.dll
0x6b010000 - 0x6b02d000 	C:\WINDOWS\SYSTEM32\d3d12.dll
0x72620000 - 0x7265d000 	C:\WINDOWS\SYSTEM32\cfgmgr32.dll
0x6ae60000 - 0x6b010000 	C:\WINDOWS\SYSTEM32\D3D12Core.dll
0x6ae40000 - 0x6ae5d000 	C:\WINDOWS\System32\DriverStore\FileRepository\iigd_dch.inf_amd64_3c65364e14984512\igd12umd32.dll
0x63b00000 - 0x6472a000 	C:\WINDOWS\System32\DriverStore\FileRepository\iigd_dch.inf_amd64_3c65364e14984512\igd12um32xel.dll
0x75240000 - 0x75343000 	C:\WINDOWS\System32\CRYPT32.dll
0x74b80000 - 0x74cd5000 	C:\WINDOWS\System32\ole32.dll
0x6ae00000 - 0x6ae35000 	C:\WINDOWS\SYSTEM32\ControlLib32.dll
0x76390000 - 0x767cd000 	C:\WINDOWS\System32\SETUPAPI.dll
0x6e600000 - 0x6e624000 	C:\WINDOWS\SYSTEM32\DEVOBJ.dll
0x6ad80000 - 0x6adf2000 	C:\WINDOWS\System32\DriverStore\FileRepository\iigd_dch.inf_amd64_3c65364e14984512\IntelControlLib32.dll
0x76eb0000 - 0x76f07000 	C:\WINDOWS\System32\WINTRUST.dll
0x6e5f0000 - 0x6e5fe000 	C:\WINDOWS\SYSTEM32\MSASN1.dll
0x6d5f0000 - 0x6d62c000 	C:\WINDOWS\SYSTEM32\directxdatabasehelper.dll
0x67160000 - 0x6748f000 	C:\WINDOWS\System32\DriverStore\FileRepository\iigd_dch.inf_amd64_3c65364e14984512\igdgmm32.dll
0x67490000 - 0x6ab15000 	C:\WINDOWS\System32\DriverStore\FileRepository\iigd_dch.inf_amd64_3c65364e14984512\igc32.dll
0x6ad50000 - 0x6ad71000 	C:\WINDOWS\SYSTEM32\D3DSCache.dll
0x73f90000 - 0x73faf000 	C:\WINDOWS\SYSTEM32\USERENV.dll
0x62880000 - 0x63afb000 	C:\WINDOWS\System32\DriverStore\FileRepository\iigd_dch.inf_amd64_3c65364e14984512\igd12dxva32.dll
0x60b90000 - 0x62880000 	C:\WINDOWS\System32\DriverStore\FileRepository\iigd_dch.inf_amd64_3c65364e14984512\media_bin_32.dll
0x6ad30000 - 0x6ad50000 	C:\WINDOWS\System32\DriverStore\FileRepository\iigd_dch.inf_amd64_3c65364e14984512\igdinfo32.dll
0x716a0000 - 0x716b5000 	C:\WINDOWS\SYSTEM32\CRYPTSP.dll
0x71670000 - 0x716a0000 	C:\WINDOWS\system32\rsaenh.dll
0x71350000 - 0x7135b000 	C:\WINDOWS\SYSTEM32\CRYPTBASE.dll
0x56ef0000 - 0x570dc000 	C:\WINDOWS\SYSTEM32\twinapi.appcore.dll
0x6acf0000 - 0x6ad27000 	C:\Users\luigu\.openjfx\cache\17.0.6\glass.dll

dbghelp: loaded successfully - version: 4.0.5 - missing functions: none
symbol engine: initialized successfully - sym options: 0x614 - pdb path: .;C:\Program Files (x86)\Eclipse Adoptium\jdk-11.0.21.9-hotspot\bin;C:\WINDOWS\SYSTEM32;C:\WINDOWS\WinSxS\x86_microsoft.windows.common-controls_6595b64144ccf1df_6.0.22621.3235_none_6ebcabb88802389e;C:\Program Files (x86)\Eclipse Adoptium\jdk-11.0.21.9-hotspot\bin\client;C:\Users\luigu\AppData\Local\Programs\IntelliJ IDEA Ultimate\bin;C:\Users\luigu\.openjfx\cache\17.0.6;C:\WINDOWS\System32\DriverStore\FileRepository\iigd_dch.inf_amd64_3c65364e14984512;C:\ProgramData\A-Volute\A-Volute.Nahimic\Modules\Scheduled;C:\Program Files (x86)\Common Files\Microsoft Shared\Ink

VM Arguments:
jvm_args: -javaagent:C:\Users\luigu\AppData\Local\Programs\IntelliJ IDEA Ultimate\lib\idea_rt.jar=52584:C:\Users\luigu\AppData\Local\Programs\IntelliJ IDEA Ultimate\bin -Dfile.encoding=UTF-8 --module-path=C:\Users\luigu\.m2\repository\org\openjfx\javafx-base\17.0.6\javafx-base-17.0.6-win-x86.jar;C:\Users\luigu\.m2\repository\org\openjfx\javafx-fxml\17.0.6\javafx-fxml-17.0.6-win-x86.jar;C:\Users\luigu\.m2\repository\org\openjfx\javafx-controls\17.0.6\javafx-controls-17.0.6-win-x86.jar;C:\Users\luigu\.m2\repository\org\controlsfx\controlsfx\11.1.2\controlsfx-11.1.2.jar;C:\Users\luigu\.m2\repository\org\openjfx\javafx-graphics\17.0.6\javafx-graphics-17.0.6-win-x86.jar;C:\Users\luigu\.m2\repository\org\kordamp\bootstrapfx\bootstrapfx-core\0.4.0\bootstrapfx-core-0.4.0.jar;C:\Users\luigu\.m2\repository\com\dlsc\formsfx\formsfx-core\11.6.0\formsfx-core-11.6.0.jar;C:\Users\luigu\.m2\repository\net\synedra\validatorfx\0.4.0\validatorfx-0.4.0.jar;C:\Users\luigu\IdeaProjects\Joyeria_ProyectoMult\target\classes -Djdk.module.main=com.eduard034.joyeria_proyectomult 
java_command: com.eduard034.joyeria_proyectomult/com.eduard034.joyeria_proyectomult.JoyeriaApp
java_class_path (initial): C:\Users\luigu\.m2\repository\org\openjfx\javafx-controls\17.0.6\javafx-controls-17.0.6.jar;C:\Users\luigu\.m2\repository\org\openjfx\javafx-graphics\17.0.6\javafx-graphics-17.0.6.jar;C:\Users\luigu\.m2\repository\org\openjfx\javafx-base\17.0.6\javafx-base-17.0.6.jar;C:\Users\luigu\.m2\repository\org\openjfx\javafx-fxml\17.0.6\javafx-fxml-17.0.6.jar
Launcher Type: SUN_STANDARD

[Global flags]
   size_t InitialHeapSize                          = 16777216                                  {product} {ergonomic}
   size_t MaxHeapSize                              = 268435456                                 {product} {ergonomic}
   size_t MaxNewSize                               = 89456640                                  {product} {ergonomic}
   size_t MinHeapDeltaBytes                        = 131072                                    {product} {ergonomic}
   size_t NewSize                                  = 5570560                                   {product} {ergonomic}
    uintx NonProfiledCodeHeapSize                  = 0                                      {pd product} {ergonomic}
   size_t OldSize                                  = 11206656                                  {product} {ergonomic}
    uintx ProfiledCodeHeapSize                     = 0                                      {pd product} {ergonomic}
     bool ThreadLocalHandshakes                    = false                                  {pd product} {ergonomic}
     bool UseLargePagesIndividualAllocation        = false                                  {pd product} {ergonomic}
     bool UseSerialGC                              = true                                      {product} {ergonomic}

Logging:
Log output configuration:
 #0: stdout all=warning uptime,level,tags
 #1: stderr all=off uptime,level,tags

Environment Variables:
PATH=C:\Program Files (x86)\Eclipse Adoptium\jre-11.0.21.9-hotspot\bin;C:\Program Files (x86)\Eclipse Adoptium\jdk-11.0.21.9-hotspot\bin;C:\Program Files (x86)\VMware\VMware Player\bin\;C:\Windows\system32;C:\Windows;C:\Windows\System32\Wbem;C:\Windows\System32\WindowsPowerShell\v1.0\;C:\Windows\System32\OpenSSH\;C:\Program Files (x86)\NVIDIA Corporation\PhysX\Common;C:\Program Files\NVIDIA Corporation\NVIDIA NvDLISR;C:\WINDOWS\system32;C:\WINDOWS;C:\WINDOWS\System32\Wbem;C:\WINDOWS\System32\WindowsPowerShell\v1.0\;C:\WINDOWS\System32\OpenSSH\;C:\Program Files\Git\cmd;C:\Users\luigu\AppData\Local\Microsoft\WindowsApps;C:\Users\luigu\AppData\Local\Programs\Microsoft VS Code\bin;C:\Users\luigu\AppData\Local\JetBrains\Toolbox\scripts;C:\Users\luigu\AppData\Local\GitHubDesktop\bin
USERNAME=luigu
OS=Windows_NT
PROCESSOR_IDENTIFIER=Intel64 Family 6 Model 154 Stepping 3, GenuineIntel
TMP=C:\Users\luigu\AppData\Local\Temp
TEMP=C:\Users\luigu\AppData\Local\Temp



---------------  S Y S T E M  ---------------

OS: Windows 11 , 64 bit Build 22621 (10.0.22621.3374)
OS uptime: 4 days 15:19 hours

CPU:total 12 (initial active 12) (6 cores per cpu, 2 threads per core) family 6 model 154 stepping 3 microcode 0x419, cmov, cx8, fxsr, mmx, sse, sse2, sse3, ssse3, sse4.1, sse4.2, popcnt, avx, avx2, aes, clmul, erms, 3dnowpref, lzcnt, ht, tsc, tscinvbit, bmi1, bmi2, adx, sha, fma

Memory: 4k page, system-wide physical 7917M (672M free)
TotalPageFile size 19693M (AvailPageFile size 3925M), user-mode portion of virtual address-space 2047M (1216M free)
current process WorkingSet (physical memory assigned to process): 267M, peak: 280M
current process commit charge ("private bytes"): 267M, peak: 267M

vm_info: OpenJDK Client VM (11.0.21+9) for windows-x86 JRE (11.0.21+9), built on Oct 17 2023 17:27:10 by "" with MS VC++ 15.9 (VS2017)

END.
