#
# A fatal error has been detected by the Java Runtime Environment:
#
#  EXCEPTION_ACCESS_VIOLATION (0xc0000005) at pc=0x00007fffc9bfbdf6, pid=8232, tid=7448
#
# JRE version: OpenJDK Runtime Environment Corretto-11.0.22.7.1 (11.0.22+7) (build 11.0.22+7-LTS)
# Java VM: OpenJDK 64-Bit Server VM Corretto-11.0.22.7.1 (11.0.22+7-LTS, mixed mode, tiered, compressed oops, g1 gc, windows-amd64)
# Problematic frame:
# C  [glass.dll+0x1bdf6]
#
# No core dump will be written. Minidumps are not enabled by default on client versions of Windows
#
# If you would like to submit a bug report, please visit:
#   https://github.com/corretto/corretto-11/issues/
# The crash happened outside the Java Virtual Machine in native code.
# See problematic frame for where to report the bug.
#

---------------  S U M M A R Y ------------

Command Line: -javaagent:C:\Users\alonh\AppData\Local\Programs\IntelliJ IDEA Ultimate\lib\idea_rt.jar=53299:C:\Users\alonh\AppData\Local\Programs\IntelliJ IDEA Ultimate\bin -Dfile.encoding=UTF-8 --module-path=C:\Users\alonh\.m2\repository\org\openjfx\javafx-controls\17.0.6\javafx-controls-17.0.6-win.jar;C:\Users\alonh\.m2\repository\org\openjfx\javafx-fxml\17.0.6\javafx-fxml-17.0.6-win.jar;C:\Users\alonh\.m2\repository\net\synedra\validatorfx\0.4.0\validatorfx-0.4.0.jar;C:\Users\alonh\.m2\repository\org\kordamp\bootstrapfx\bootstrapfx-core\0.4.0\bootstrapfx-core-0.4.0.jar;C:\Users\alonh\.m2\repository\org\openjfx\javafx-graphics\17.0.6\javafx-graphics-17.0.6-win.jar;C:\Users\alonh\.m2\repository\com\dlsc\formsfx\formsfx-core\11.6.0\formsfx-core-11.6.0.jar;C:\Users\alonh\.m2\repository\org\openjfx\javafx-base\17.0.6\javafx-base-17.0.6-win.jar;C:\Users\alonh\IdeaProjects\Joyeria_ProyectoMult\target\classes;C:\Users\alonh\.m2\repository\org\controlsfx\controlsfx\11.1.2\controlsfx-11.1.2.jar -Djdk.module.main=com.eduard034.joyeria_proyectomult com.eduard034.joyeria_proyectomult/com.eduard034.joyeria_proyectomult.JoyeriaApp

Host: 12th Gen Intel(R) Core(TM) i5-12450H, 12 cores, 7G,  Windows 11 , 64 bit Build 22621 (10.0.22621.2506)
Time: Thu Mar 28 14:40:45 2024 Hora estándar central (México) elapsed time: 27.951384 seconds (0d 0h 0m 27s)

---------------  T H R E A D  ---------------

Current thread (0x0000020eb9679000):  JavaThread "JavaFX Application Thread" [_thread_in_native, id=7448, stack(0x0000004eb0e00000,0x0000004eb0f00000)]

Stack: [0x0000004eb0e00000,0x0000004eb0f00000],  sp=0x0000004eb0efc680,  free space=1009k
Native frames: (J=compiled Java code, j=interpreted, Vv=VM code, C=native code)
C  [glass.dll+0x1bdf6]

Java frames: (J=compiled Java code, j=interpreted, Vv=VM code)
j  com.sun.glass.ui.win.WinWindow._close(J)Z+0 javafx.graphics
j  com.sun.glass.ui.Window.close()V+63 javafx.graphics
j  com.sun.glass.ui.win.WinWindow.close()V+8 javafx.graphics
j  com.sun.glass.ui.Application.terminate()V+75 javafx.graphics
j  com.sun.javafx.tk.quantum.QuantumToolkit.lambda$exit$13()Ljava/lang/Object;+5 javafx.graphics
j  com.sun.javafx.tk.quantum.QuantumToolkit$$Lambda$473.get()Ljava/lang/Object;+0 javafx.graphics
j  com.sun.javafx.tk.quantum.QuantumToolkit.runWithRenderLock(Ljava/util/function/Supplier;)Ljava/lang/Object;+7 javafx.graphics
j  com.sun.javafx.tk.quantum.QuantumToolkit.exit()V+26 javafx.graphics
j  com.sun.javafx.application.PlatformImpl.lambda$tkExit$16()V+3 javafx.graphics
j  com.sun.javafx.application.PlatformImpl$$Lambda$472.run()V+0 javafx.graphics
j  com.sun.javafx.application.PlatformImpl.lambda$runAndWait$12(Ljava/lang/Runnable;Ljava/util/concurrent/CountDownLatch;)V+1 javafx.graphics
j  com.sun.javafx.application.PlatformImpl$$Lambda$87.run()V+8 javafx.graphics
j  com.sun.javafx.application.PlatformImpl.lambda$runLater$10(Ljava/lang/Runnable;)Ljava/lang/Void;+1 javafx.graphics
j  com.sun.javafx.application.PlatformImpl$$Lambda$90.run()Ljava/lang/Object;+4 javafx.graphics
v  ~StubRoutines::call_stub
J 2077  java.security.AccessController.doPrivileged(Ljava/security/PrivilegedAction;Ljava/security/AccessControlContext;)Ljava/lang/Object; java.base@11.0.22 (0 bytes) @ 0x0000020ea8cad326 [0x0000020ea8cad2c0+0x0000000000000066]
j  com.sun.javafx.application.PlatformImpl.lambda$runLater$11(Ljava/lang/Runnable;Ljava/security/AccessControlContext;)V+7 javafx.graphics
j  com.sun.javafx.application.PlatformImpl$$Lambda$88.run()V+8 javafx.graphics
J 2408 c1 com.sun.glass.ui.InvokeLaterDispatcher$Future.run()V javafx.graphics (91 bytes) @ 0x0000020ea1ae4d84 [0x0000020ea1ae4c80+0x0000000000000104]
v  ~StubRoutines::call_stub
j  com.sun.glass.ui.win.WinApplication._runLoop(Ljava/lang/Runnable;)V+0 javafx.graphics
j  com.sun.glass.ui.win.WinApplication.lambda$runLoop$3(ILjava/lang/Runnable;)V+8 javafx.graphics
j  com.sun.glass.ui.win.WinApplication$$Lambda$78.run()V+12 javafx.graphics
j  java.lang.Thread.run()V+11 java.base@11.0.22
v  ~StubRoutines::call_stub

siginfo: EXCEPTION_ACCESS_VIOLATION (0xc0000005), reading address 0x0000000000000130


Register to memory mapping:

RIP=0x00007fffc9bfbdf6 glass.dll
RAX=0x0 is NULL
RBX=0x0 is NULL
RCX=0x0 is NULL
RDX=0x0 is NULL
RSP=0x0000004eb0efc680 is pointing into the stack for thread: 0x0000020eb9679000
RBP=0x0 is NULL
RSI=0x0000000000000401 is an unknown value
RDI=0x0000004eb0efc9d0 is pointing into the stack for thread: 0x0000020eb9679000
R8 =0x0000004eb0efc9d0 is pointing into the stack for thread: 0x0000020eb9679000
R9 =0x0 is NULL
R10=0x0 is NULL
R11=0x0000000000000246 is an unknown value
R12=0x0 is NULL
R13=0x0 is NULL
R14=0x0 is NULL
R15=0x0 is NULL


Registers:
RAX=0x0000000000000000, RBX=0x0000000000000000, RCX=0x0000000000000000, RDX=0x0000000000000000
RSP=0x0000004eb0efc680, RBP=0x0000000000000000, RSI=0x0000000000000401, RDI=0x0000004eb0efc9d0
R8 =0x0000004eb0efc9d0, R9 =0x0000000000000000, R10=0x0000000000000000, R11=0x0000000000000246
R12=0x0000000000000000, R13=0x0000000000000000, R14=0x0000000000000000, R15=0x0000000000000000
RIP=0x00007fffc9bfbdf6, EFLAGS=0x0000000000010202

Top of Stack: (sp=0x0000004eb0efc680)
0x0000004eb0efc680:   0000000000000578 0000004eb0efc690
0x0000004eb0efc690:   0000000000180016 00007fffc9c075c0
0x0000004eb0efc6a0:   0000004eb0efc9d0 00007fffc9bfa871
0x0000004eb0efc6b0:   0000000000000000 0000004eb0efc9d0
0x0000004eb0efc6c0:   0000000000000401 0000020e96d826a0
0x0000004eb0efc6d0:   0000020eb9711830 00007fffc9bea395
0x0000004eb0efc6e0:   0000004eb0efc9d0 0000000000000001
0x0000004eb0efc6f0:   000000008000c0b0 0000000000000001
0x0000004eb0efc700:   0000000000000000 00007fffc9be17bb
0x0000004eb0efc710:   0000020eb9711830 0000004eb0efc9d0
0x0000004eb0efc720:   0000000000000401 00000000000d09ac
0x0000004eb0efc730:   0000000000000401 00007ff810738241
0x0000004eb0efc740:   0000000000000000 0000004eb0efc908
0x0000004eb0efc750:   0000000080000022 0000000000000001
0x0000004eb0efc760:   00000000000000b6 0000020eb9679000
0x0000004eb0efc770:   0000020eba357a58 0000020eb9679000 

Instructions: (pc=0x00007fffc9bfbdf6)
0x00007fffc9bfbcf6:   85 c0 74 08 48 8b c8 e8 ee 00 00 00 48 c7 05 23
0x00007fffc9bfbd06:   e1 01 00 00 00 00 00 48 83 c4 28 c3 cc cc cc cc
0x00007fffc9bfbd16:   cc cc cc cc cc cc cc cc cc cc 48 89 5c 24 08 57
0x00007fffc9bfbd26:   48 83 ec 30 48 8b fa 48 8b d9 48 39 91 30 01 00
0x00007fffc9bfbd36:   00 0f 84 a5 00 00 00 e8 ae 00 00 00 48 8b 93 30
0x00007fffc9bfbd46:   01 00 00 48 85 d2 75 04 48 8b 53 08 48 89 54 24
0x00007fffc9bfbd56:   20 4c 8b c7 48 85 ff 75 04 4c 8b 43 08 48 8d 0d
0x00007fffc9bfbd66:   a6 e2 00 00 4c 89 44 24 28 e8 bc 78 fe ff 48 8b
0x00007fffc9bfbd76:   4c 24 20 4c 8d 44 24 20 48 8d 15 db f7 ff ff ff
0x00007fffc9bfbd86:   15 05 da 01 00 48 8b 05 6e dd 01 00 48 85 c0 75
0x00007fffc9bfbd96:   04 33 c9 eb 03 8b 48 40 4c 8d 44 24 20 48 8d 15
0x00007fffc9bfbda6:   f6 f7 ff ff ff 15 e8 d9 01 00 48 89 bb 30 01 00
0x00007fffc9bfbdb6:   00 e8 54 38 00 00 4c 8b 05 ed e0 01 00 48 8b c8
0x00007fffc9bfbdc6:   48 8b 93 c0 00 00 00 4c 8b cf e8 db 92 fe ff e8
0x00007fffc9bfbdd6:   36 38 00 00 48 8b c8 e8 4e 37 00 00 48 8b 5c 24
0x00007fffc9bfbde6:   40 48 83 c4 30 5f c3 cc cc cc 40 57 48 83 ec 20
0x00007fffc9bfbdf6:   48 8b 81 30 01 00 00 48 8b f9 48 85 c0 75 04 48
0x00007fffc9bfbe06:   8b 41 08 48 3b 05 20 e0 01 00 75 3b 48 89 5c 24
0x00007fffc9bfbe16:   30 e8 f4 37 00 00 4c 8b 05 7d e0 01 00 48 8b c8
0x00007fffc9bfbe26:   48 8b 97 c0 00 00 00 48 8b d8 e8 7b 92 fe ff 48
0x00007fffc9bfbe36:   8b cb e8 f3 36 00 00 48 8b 5c 24 30 48 c7 05 e3
0x00007fffc9bfbe46:   df 01 00 00 00 00 00 48 83 c4 20 5f c3 cc cc cc
0x00007fffc9bfbe56:   cc cc cc cc cc cc cc cc cc cc 40 53 48 83 ec 50
0x00007fffc9bfbe66:   48 8b 05 5b b3 01 00 48 33 c4 48 89 44 24 40 48
0x00007fffc9bfbe76:   8b d9 48 8b 49 08 ff 15 86 d8 01 00 85 c0 0f 85
0x00007fffc9bfbe86:   1b 01 00 00 48 8b 4b 08 48 8d 54 24 30 ff 15 af
0x00007fffc9bfbe96:   d6 01 00 48 8b 4b 08 48 8d 54 24 20 ff 15 08 d7
0x00007fffc9bfbea6:   01 00 48 8b 4b 08 4c 8d 44 24 20 41 b9 02 00 00
0x00007fffc9bfbeb6:   00 33 d2 ff 15 f9 d6 01 00 8b 44 24 24 2b 44 24
0x00007fffc9bfbec6:   34 44 8b 44 24 20 44 2b 44 24 30 8b 54 24 3c 2b
0x00007fffc9bfbed6:   54 24 2c 8b 4c 24 38 2b 4c 24 28 89 83 1c 01 00
0x00007fffc9bfbee6:   00 44 89 83 18 01 00 00 89 93 24 01 00 00 89 8b 


Stack slot to memory mapping:
stack at sp + 0 slots: 0x0000000000000578 is an unknown value
stack at sp + 1 slots: 0x0000004eb0efc690 is pointing into the stack for thread: 0x0000020eb9679000
stack at sp + 2 slots: 0x0000000000180016 is an unknown value
stack at sp + 3 slots: 0x00007fffc9c075c0 glass.dll
stack at sp + 4 slots: 0x0000004eb0efc9d0 is pointing into the stack for thread: 0x0000020eb9679000
stack at sp + 5 slots: 0x00007fffc9bfa871 glass.dll
stack at sp + 6 slots: 0x0 is NULL
stack at sp + 7 slots: 0x0000004eb0efc9d0 is pointing into the stack for thread: 0x0000020eb9679000


---------------  P R O C E S S  ---------------

Threads class SMR info:
_java_thread_list=0x0000020eb9a684f0, length=18, elements={
0x0000020e9899d000, 0x0000020eb7c6c800, 0x0000020eb7c6d800, 0x0000020eb84e3800,
0x0000020eb84e4800, 0x0000020eb84e7000, 0x0000020eb84ea000, 0x0000020eb84ef000,
0x0000020eb84f4000, 0x0000020eb7c23800, 0x0000020eb8ad8000, 0x0000020eb949b800,
0x0000020eb9671000, 0x0000020eb9679000, 0x0000020eb9a23000, 0x0000020eb9ae5800,
0x0000020eb9ce4800, 0x0000020ec36bc000
}

Java Threads: ( => current thread )
  0x0000020e9899d000 JavaThread "main" [_thread_blocked, id=30640, stack(0x0000004eaf500000,0x0000004eaf600000)]
  0x0000020eb7c6c800 JavaThread "Reference Handler" daemon [_thread_blocked, id=32720, stack(0x0000004eafc00000,0x0000004eafd00000)]
  0x0000020eb7c6d800 JavaThread "Finalizer" daemon [_thread_blocked, id=20492, stack(0x0000004eafd00000,0x0000004eafe00000)]
  0x0000020eb84e3800 JavaThread "Signal Dispatcher" daemon [_thread_blocked, id=33520, stack(0x0000004eafe00000,0x0000004eaff00000)]
  0x0000020eb84e4800 JavaThread "Attach Listener" daemon [_thread_blocked, id=19648, stack(0x0000004eaff00000,0x0000004eb0000000)]
  0x0000020eb84e7000 JavaThread "Service Thread" daemon [_thread_blocked, id=12284, stack(0x0000004eb0000000,0x0000004eb0100000)]
  0x0000020eb84ea000 JavaThread "C2 CompilerThread0" daemon [_thread_blocked, id=8556, stack(0x0000004eb0100000,0x0000004eb0200000)]
  0x0000020eb84ef000 JavaThread "C1 CompilerThread0" daemon [_thread_blocked, id=32932, stack(0x0000004eb0200000,0x0000004eb0300000)]
  0x0000020eb84f4000 JavaThread "Sweeper thread" daemon [_thread_blocked, id=7928, stack(0x0000004eb0300000,0x0000004eb0400000)]
  0x0000020eb7c23800 JavaThread "Common-Cleaner" daemon [_thread_blocked, id=28436, stack(0x0000004eb0400000,0x0000004eb0500000)]
  0x0000020eb8ad8000 JavaThread "Monitor Ctrl-Break" daemon [_thread_in_native, id=10300, stack(0x0000004eb0600000,0x0000004eb0700000)]
  0x0000020eb949b800 JavaThread "QuantumRenderer-0" daemon [_thread_blocked, id=11792, stack(0x0000004eb0800000,0x0000004eb0900000)]
  0x0000020eb9671000 JavaThread "InvokeLaterDispatcher" daemon [_thread_blocked, id=19888, stack(0x0000004eb0d00000,0x0000004eb0e00000)]
=>0x0000020eb9679000 JavaThread "JavaFX Application Thread" [_thread_in_native, id=7448, stack(0x0000004eb0e00000,0x0000004eb0f00000)]
  0x0000020eb9a23000 JavaThread "JavaFX-Launcher" [_thread_blocked, id=19004, stack(0x0000004eb1100000,0x0000004eb1200000)]
  0x0000020eb9ae5800 JavaThread "Thread-2" daemon [_thread_in_native, id=22060, stack(0x0000004eb1000000,0x0000004eb1100000)]
  0x0000020eb9ce4800 JavaThread "Prism Font Disposer" daemon [_thread_blocked, id=24680, stack(0x0000004eb1700000,0x0000004eb1800000)]
  0x0000020ec36bc000 JavaThread "Cleaner-0" daemon [_thread_blocked, id=31468, stack(0x0000004eb0500000,0x0000004eb0600000)]

Other Threads:
  0x0000020eb7c68000 VMThread "VM Thread" [stack: 0x0000004eafb00000,0x0000004eafc00000] [id=9388]
  0x0000020eb8e2b000 WatcherThread [stack: 0x0000004eb0700000,0x0000004eb0800000] [id=33468]
  0x0000020e989b6800 GCTaskThread "GC Thread#0" [stack: 0x0000004eaf600000,0x0000004eaf700000] [id=16140]
  0x0000020eb9b19000 GCTaskThread "GC Thread#1" [stack: 0x0000004eb1200000,0x0000004eb1300000] [id=9932]
  0x0000020eb9a1b000 GCTaskThread "GC Thread#2" [stack: 0x0000004eb1300000,0x0000004eb1400000] [id=5156]
  0x0000020eb9a1b800 GCTaskThread "GC Thread#3" [stack: 0x0000004eb1400000,0x0000004eb1500000] [id=12820]
  0x0000020eb9ae2000 GCTaskThread "GC Thread#4" [stack: 0x0000004eb1500000,0x0000004eb1600000] [id=16320]
  0x0000020eb9b3e000 GCTaskThread "GC Thread#5" [stack: 0x0000004eb1600000,0x0000004eb1700000] [id=33604]
  0x0000020e989e7800 ConcurrentGCThread "G1 Main Marker" [stack: 0x0000004eaf700000,0x0000004eaf800000] [id=18268]
  0x0000020e989e9000 ConcurrentGCThread "G1 Conc#0" [stack: 0x0000004eaf800000,0x0000004eaf900000] [id=15576]
  0x0000020eb9e2a800 ConcurrentGCThread "G1 Conc#1" [stack: 0x0000004eb1b00000,0x0000004eb1c00000] [id=30320]
  0x0000020eb9e2d800 ConcurrentGCThread "G1 Conc#2" [stack: 0x0000004eb1c00000,0x0000004eb1d00000] [id=23808]
  0x0000020eb7ab9800 ConcurrentGCThread "G1 Refine#0" [stack: 0x0000004eaf900000,0x0000004eafa00000] [id=17104]
  0x0000020eb7aba000 ConcurrentGCThread "G1 Young RemSet Sampling" [stack: 0x0000004eafa00000,0x0000004eafb00000] [id=23592]

Threads with active compile tasks:

VM state:not at safepoint (normal execution)

VM Mutex/Monitor currently owned by a thread: None

Heap address: 0x0000000084800000, size: 1976 MB, Compressed Oops mode: 32-bit
Narrow klass base: 0x0000000000000000, Narrow klass shift: 3
Compressed class space size: 1073741824 Address: 0x0000000100000000

Heap:
 garbage-first heap   total 126976K, used 50138K [0x0000000084800000, 0x0000000100000000)
  region size 1024K, 34 young (34816K), 7 survivors (7168K)
 Metaspace       used 26260K, capacity 27131K, committed 27312K, reserved 1073152K
  class space    used 3203K, capacity 3577K, committed 3584K, reserved 1048576K
Heap Regions: E=young(eden), S=young(survivor), O=old, HS=humongous(starts), HC=humongous(continues), CS=collection set, F=free, A=archive, TAMS=top-at-mark-start (previous, next)
|   0|0x0000000084800000, 0x0000000084900000, 0x0000000084900000|100%|HS|  |TAMS 0x0000000084900000, 0x0000000084800000| Complete 
|   1|0x0000000084900000, 0x0000000084a00000, 0x0000000084a00000|100%|HC|  |TAMS 0x0000000084a00000, 0x0000000084900000| Complete 
|   2|0x0000000084a00000, 0x0000000084b00000, 0x0000000084b00000|100%|HC|  |TAMS 0x0000000084b00000, 0x0000000084a00000| Complete 
|   3|0x0000000084b00000, 0x0000000084c00000, 0x0000000084c00000|100%|HC|  |TAMS 0x0000000084c00000, 0x0000000084b00000| Complete 
|   4|0x0000000084c00000, 0x0000000084d00000, 0x0000000084d00000|100%|HC|  |TAMS 0x0000000084d00000, 0x0000000084c00000| Complete 
|   5|0x0000000084d00000, 0x0000000084e00000, 0x0000000084e00000|100%|HC|  |TAMS 0x0000000084e00000, 0x0000000084d00000| Complete 
|   6|0x0000000084e00000, 0x0000000084f00000, 0x0000000084f00000|100%|HC|  |TAMS 0x0000000084f00000, 0x0000000084e00000| Complete 
|   7|0x0000000084f00000, 0x0000000085000000, 0x0000000085000000|100%|HS|  |TAMS 0x0000000084f00000, 0x0000000084f00000| Complete 
|   8|0x0000000085000000, 0x0000000085100000, 0x0000000085100000|100%|HC|  |TAMS 0x0000000085000000, 0x0000000085000000| Complete 
|   9|0x0000000085100000, 0x0000000085200000, 0x0000000085200000|100%|HS|  |TAMS 0x0000000085100000, 0x0000000085100000| Complete 
|  10|0x0000000085200000, 0x0000000085300000, 0x0000000085300000|100%|HC|  |TAMS 0x0000000085200000, 0x0000000085200000| Complete 
|  11|0x0000000085300000, 0x0000000085400000, 0x0000000085400000|100%|HC|  |TAMS 0x0000000085300000, 0x0000000085300000| Complete 
|  12|0x0000000085400000, 0x0000000085500000, 0x0000000085500000|100%|HC|  |TAMS 0x0000000085400000, 0x0000000085400000| Complete 
|  13|0x0000000085500000, 0x0000000085600000, 0x0000000085600000|100%|HC|  |TAMS 0x0000000085500000, 0x0000000085500000| Complete 
|  14|0x0000000085600000, 0x0000000085700000, 0x0000000085700000|100%|HC|  |TAMS 0x0000000085600000, 0x0000000085600000| Complete 
|  15|0x0000000085700000, 0x0000000085800000, 0x0000000085800000|100%|HC|  |TAMS 0x0000000085700000, 0x0000000085700000| Complete 
|  16|0x0000000085800000, 0x0000000085800000, 0x0000000085900000|  0%| F|  |TAMS 0x0000000085800000, 0x0000000085800000| Untracked 
|  17|0x0000000085900000, 0x0000000085900000, 0x0000000085a00000|  0%| F|  |TAMS 0x0000000085900000, 0x0000000085900000| Untracked 
|  18|0x0000000085a00000, 0x0000000085a00000, 0x0000000085b00000|  0%| F|  |TAMS 0x0000000085a00000, 0x0000000085a00000| Untracked 
|  19|0x0000000085b00000, 0x0000000085b00000, 0x0000000085c00000|  0%| F|  |TAMS 0x0000000085b00000, 0x0000000085b00000| Untracked 
|  20|0x0000000085c00000, 0x0000000085c00000, 0x0000000085d00000|  0%| F|  |TAMS 0x0000000085c00000, 0x0000000085c00000| Untracked 
|  21|0x0000000085d00000, 0x0000000085d00000, 0x0000000085e00000|  0%| F|  |TAMS 0x0000000085d00000, 0x0000000085d00000| Untracked 
|  22|0x0000000085e00000, 0x0000000085e00000, 0x0000000085f00000|  0%| F|  |TAMS 0x0000000085e00000, 0x0000000085e00000| Untracked 
|  23|0x0000000085f00000, 0x0000000085f00000, 0x0000000086000000|  0%| F|  |TAMS 0x0000000085f00000, 0x0000000085f00000| Untracked 
|  24|0x0000000086000000, 0x0000000086000000, 0x0000000086100000|  0%| F|  |TAMS 0x0000000086000000, 0x0000000086000000| Untracked 
|  25|0x0000000086100000, 0x0000000086100000, 0x0000000086200000|  0%| F|  |TAMS 0x0000000086100000, 0x0000000086100000| Untracked 
|  26|0x0000000086200000, 0x0000000086200000, 0x0000000086300000|  0%| F|  |TAMS 0x0000000086200000, 0x0000000086200000| Untracked 
|  27|0x0000000086300000, 0x0000000086300000, 0x0000000086400000|  0%| F|  |TAMS 0x0000000086300000, 0x0000000086300000| Untracked 
|  28|0x0000000086400000, 0x0000000086400000, 0x0000000086500000|  0%| F|  |TAMS 0x0000000086400000, 0x0000000086400000| Untracked 
|  29|0x0000000086500000, 0x0000000086500000, 0x0000000086600000|  0%| F|  |TAMS 0x0000000086500000, 0x0000000086500000| Untracked 
|  30|0x0000000086600000, 0x0000000086600000, 0x0000000086700000|  0%| F|  |TAMS 0x0000000086600000, 0x0000000086600000| Untracked 
|  31|0x0000000086700000, 0x0000000086700000, 0x0000000086800000|  0%| F|  |TAMS 0x0000000086700000, 0x0000000086700000| Untracked 
|  32|0x0000000086800000, 0x0000000086800000, 0x0000000086900000|  0%| F|  |TAMS 0x0000000086800000, 0x0000000086800000| Untracked 
|  33|0x0000000086900000, 0x0000000086900000, 0x0000000086a00000|  0%| F|  |TAMS 0x0000000086900000, 0x0000000086900000| Untracked 
|  34|0x0000000086a00000, 0x0000000086a00000, 0x0000000086b00000|  0%| F|  |TAMS 0x0000000086a00000, 0x0000000086a00000| Untracked 
|  35|0x0000000086b00000, 0x0000000086b00000, 0x0000000086c00000|  0%| F|  |TAMS 0x0000000086b00000, 0x0000000086b00000| Untracked 
|  36|0x0000000086c00000, 0x0000000086c00000, 0x0000000086d00000|  0%| F|  |TAMS 0x0000000086c00000, 0x0000000086c00000| Untracked 
|  37|0x0000000086d00000, 0x0000000086d00000, 0x0000000086e00000|  0%| F|  |TAMS 0x0000000086d00000, 0x0000000086d00000| Untracked 
|  38|0x0000000086e00000, 0x0000000086e00000, 0x0000000086f00000|  0%| F|  |TAMS 0x0000000086e00000, 0x0000000086e00000| Untracked 
|  39|0x0000000086f00000, 0x0000000086f00000, 0x0000000087000000|  0%| F|  |TAMS 0x0000000086f00000, 0x0000000086f00000| Untracked 
|  40|0x0000000087000000, 0x0000000087000000, 0x0000000087100000|  0%| F|  |TAMS 0x0000000087000000, 0x0000000087000000| Untracked 
|  41|0x0000000087100000, 0x0000000087100000, 0x0000000087200000|  0%| F|  |TAMS 0x0000000087100000, 0x0000000087100000| Untracked 
|  42|0x0000000087200000, 0x0000000087200000, 0x0000000087300000|  0%| F|  |TAMS 0x0000000087200000, 0x0000000087200000| Untracked 
|  43|0x0000000087300000, 0x0000000087300000, 0x0000000087400000|  0%| F|  |TAMS 0x0000000087300000, 0x0000000087300000| Untracked 
|  44|0x0000000087400000, 0x0000000087400000, 0x0000000087500000|  0%| F|  |TAMS 0x0000000087400000, 0x0000000087400000| Untracked 
|  45|0x0000000087500000, 0x0000000087500000, 0x0000000087600000|  0%| F|  |TAMS 0x0000000087500000, 0x0000000087500000| Untracked 
|  46|0x0000000087600000, 0x0000000087600000, 0x0000000087700000|  0%| F|  |TAMS 0x0000000087600000, 0x0000000087600000| Untracked 
|  47|0x0000000087700000, 0x0000000087700000, 0x0000000087800000|  0%| F|  |TAMS 0x0000000087700000, 0x0000000087700000| Untracked 
|  48|0x0000000087800000, 0x0000000087800000, 0x0000000087900000|  0%| F|  |TAMS 0x0000000087800000, 0x0000000087800000| Untracked 
|  49|0x0000000087900000, 0x0000000087900000, 0x0000000087a00000|  0%| F|  |TAMS 0x0000000087900000, 0x0000000087900000| Untracked 
|  50|0x0000000087a00000, 0x0000000087a00000, 0x0000000087b00000|  0%| F|  |TAMS 0x0000000087a00000, 0x0000000087a00000| Untracked 
|  51|0x0000000087b00000, 0x0000000087b00000, 0x0000000087c00000|  0%| F|  |TAMS 0x0000000087b00000, 0x0000000087b00000| Untracked 
|  52|0x0000000087c00000, 0x0000000087c00000, 0x0000000087d00000|  0%| F|  |TAMS 0x0000000087c00000, 0x0000000087c00000| Untracked 
|  53|0x0000000087d00000, 0x0000000087d00000, 0x0000000087e00000|  0%| F|  |TAMS 0x0000000087d00000, 0x0000000087d00000| Untracked 
|  54|0x0000000087e00000, 0x0000000087e00000, 0x0000000087f00000|  0%| F|  |TAMS 0x0000000087e00000, 0x0000000087e00000| Untracked 
|  55|0x0000000087f00000, 0x0000000087f00000, 0x0000000088000000|  0%| F|  |TAMS 0x0000000087f00000, 0x0000000087f00000| Untracked 
|  56|0x0000000088000000, 0x0000000088000000, 0x0000000088100000|  0%| F|  |TAMS 0x0000000088000000, 0x0000000088000000| Untracked 
|  57|0x0000000088100000, 0x0000000088100000, 0x0000000088200000|  0%| F|  |TAMS 0x0000000088100000, 0x0000000088100000| Untracked 
|  58|0x0000000088200000, 0x0000000088200000, 0x0000000088300000|  0%| F|  |TAMS 0x0000000088200000, 0x0000000088200000| Untracked 
|  59|0x0000000088300000, 0x0000000088300000, 0x0000000088400000|  0%| F|  |TAMS 0x0000000088300000, 0x0000000088300000| Untracked 
|  60|0x0000000088400000, 0x0000000088400000, 0x0000000088500000|  0%| F|  |TAMS 0x0000000088400000, 0x0000000088400000| Untracked 
|  61|0x0000000088500000, 0x0000000088500000, 0x0000000088600000|  0%| F|  |TAMS 0x0000000088500000, 0x0000000088500000| Untracked 
|  62|0x0000000088600000, 0x0000000088600000, 0x0000000088700000|  0%| F|  |TAMS 0x0000000088600000, 0x0000000088600000| Untracked 
|  63|0x0000000088700000, 0x0000000088700000, 0x0000000088800000|  0%| F|  |TAMS 0x0000000088700000, 0x0000000088700000| Untracked 
|  64|0x0000000088800000, 0x0000000088800000, 0x0000000088900000|  0%| F|  |TAMS 0x0000000088800000, 0x0000000088800000| Untracked 
|  65|0x0000000088900000, 0x0000000088900000, 0x0000000088a00000|  0%| F|  |TAMS 0x0000000088900000, 0x0000000088900000| Untracked 
|  66|0x0000000088a00000, 0x0000000088a00000, 0x0000000088b00000|  0%| F|  |TAMS 0x0000000088a00000, 0x0000000088a00000| Untracked 
|  67|0x0000000088b00000, 0x0000000088b00000, 0x0000000088c00000|  0%| F|  |TAMS 0x0000000088b00000, 0x0000000088b00000| Untracked 
|  68|0x0000000088c00000, 0x0000000088c00000, 0x0000000088d00000|  0%| F|  |TAMS 0x0000000088c00000, 0x0000000088c00000| Untracked 
|  69|0x0000000088d00000, 0x0000000088d00000, 0x0000000088e00000|  0%| F|  |TAMS 0x0000000088d00000, 0x0000000088d00000| Untracked 
|  70|0x0000000088e00000, 0x0000000088e00000, 0x0000000088f00000|  0%| F|  |TAMS 0x0000000088e00000, 0x0000000088e00000| Untracked 
|  71|0x0000000088f00000, 0x0000000088f00000, 0x0000000089000000|  0%| F|  |TAMS 0x0000000088f00000, 0x0000000088f00000| Untracked 
|  72|0x0000000089000000, 0x0000000089000000, 0x0000000089100000|  0%| F|  |TAMS 0x0000000089000000, 0x0000000089000000| Untracked 
|  73|0x0000000089100000, 0x0000000089100000, 0x0000000089200000|  0%| F|  |TAMS 0x0000000089100000, 0x0000000089100000| Untracked 
|  74|0x0000000089200000, 0x0000000089200000, 0x0000000089300000|  0%| F|  |TAMS 0x0000000089200000, 0x0000000089200000| Untracked 
|  75|0x0000000089300000, 0x0000000089300000, 0x0000000089400000|  0%| F|  |TAMS 0x0000000089300000, 0x0000000089300000| Untracked 
|  76|0x0000000089400000, 0x0000000089400000, 0x0000000089500000|  0%| F|  |TAMS 0x0000000089400000, 0x0000000089400000| Untracked 
|  77|0x0000000089500000, 0x0000000089500000, 0x0000000089600000|  0%| F|  |TAMS 0x0000000089500000, 0x0000000089500000| Untracked 
|  78|0x0000000089600000, 0x0000000089600000, 0x0000000089700000|  0%| F|  |TAMS 0x0000000089600000, 0x0000000089600000| Untracked 
|  79|0x0000000089700000, 0x0000000089700000, 0x0000000089800000|  0%| F|  |TAMS 0x0000000089700000, 0x0000000089700000| Untracked 
|  80|0x0000000089800000, 0x0000000089800000, 0x0000000089900000|  0%| F|  |TAMS 0x0000000089800000, 0x0000000089800000| Untracked 
|  81|0x0000000089900000, 0x0000000089900000, 0x0000000089a00000|  0%| F|  |TAMS 0x0000000089900000, 0x0000000089900000| Untracked 
|  82|0x0000000089a00000, 0x0000000089a00000, 0x0000000089b00000|  0%| F|  |TAMS 0x0000000089a00000, 0x0000000089a00000| Untracked 
|  83|0x0000000089b00000, 0x0000000089b00000, 0x0000000089c00000|  0%| F|  |TAMS 0x0000000089b00000, 0x0000000089b00000| Untracked 
|  84|0x0000000089c00000, 0x0000000089c00000, 0x0000000089d00000|  0%| F|  |TAMS 0x0000000089c00000, 0x0000000089c00000| Untracked 
|  85|0x0000000089d00000, 0x0000000089d00000, 0x0000000089e00000|  0%| F|  |TAMS 0x0000000089d00000, 0x0000000089d00000| Untracked 
|  86|0x0000000089e00000, 0x0000000089e00000, 0x0000000089f00000|  0%| F|  |TAMS 0x0000000089e00000, 0x0000000089e00000| Untracked 
|  87|0x0000000089f00000, 0x0000000089ff6998, 0x000000008a000000| 96%| S|CS|TAMS 0x0000000089f00000, 0x0000000089f00000| Complete 
|  88|0x000000008a000000, 0x000000008a100000, 0x000000008a100000|100%| S|CS|TAMS 0x000000008a000000, 0x000000008a000000| Complete 
|  89|0x000000008a100000, 0x000000008a200000, 0x000000008a200000|100%| S|CS|TAMS 0x000000008a100000, 0x000000008a100000| Complete 
|  90|0x000000008a200000, 0x000000008a300000, 0x000000008a300000|100%| S|CS|TAMS 0x000000008a200000, 0x000000008a200000| Complete 
|  91|0x000000008a300000, 0x000000008a400000, 0x000000008a400000|100%| S|CS|TAMS 0x000000008a300000, 0x000000008a300000| Complete 
|  92|0x000000008a400000, 0x000000008a500000, 0x000000008a500000|100%| S|CS|TAMS 0x000000008a400000, 0x000000008a400000| Complete 
|  93|0x000000008a500000, 0x000000008a600000, 0x000000008a600000|100%| S|CS|TAMS 0x000000008a500000, 0x000000008a500000| Complete 
|  94|0x000000008a600000, 0x000000008a600000, 0x000000008a700000|  0%| F|  |TAMS 0x000000008a600000, 0x000000008a600000| Untracked 
|  95|0x000000008a700000, 0x000000008a700000, 0x000000008a800000|  0%| F|  |TAMS 0x000000008a700000, 0x000000008a700000| Untracked 
|  96|0x000000008a800000, 0x000000008a800000, 0x000000008a900000|  0%| F|  |TAMS 0x000000008a800000, 0x000000008a800000| Untracked 
|  97|0x000000008a900000, 0x000000008aa00000, 0x000000008aa00000|100%| E|  |TAMS 0x000000008a900000, 0x000000008a900000| Complete 
|  98|0x000000008aa00000, 0x000000008ab00000, 0x000000008ab00000|100%| E|CS|TAMS 0x000000008aa00000, 0x000000008aa00000| Complete 
|  99|0x000000008ab00000, 0x000000008ac00000, 0x000000008ac00000|100%| E|CS|TAMS 0x000000008ab00000, 0x000000008ab00000| Complete 
| 100|0x000000008ac00000, 0x000000008ad00000, 0x000000008ad00000|100%| E|CS|TAMS 0x000000008ac00000, 0x000000008ac00000| Complete 
| 101|0x000000008ad00000, 0x000000008ae00000, 0x000000008ae00000|100%| E|CS|TAMS 0x000000008ad00000, 0x000000008ad00000| Complete 
| 102|0x000000008ae00000, 0x000000008af00000, 0x000000008af00000|100%| E|CS|TAMS 0x000000008ae00000, 0x000000008ae00000| Complete 
| 103|0x000000008af00000, 0x000000008b000000, 0x000000008b000000|100%| E|CS|TAMS 0x000000008af00000, 0x000000008af00000| Complete 
| 104|0x000000008b000000, 0x000000008b100000, 0x000000008b100000|100%| E|CS|TAMS 0x000000008b000000, 0x000000008b000000| Complete 
| 105|0x000000008b100000, 0x000000008b200000, 0x000000008b200000|100%| E|CS|TAMS 0x000000008b100000, 0x000000008b100000| Complete 
| 106|0x000000008b200000, 0x000000008b300000, 0x000000008b300000|100%| E|CS|TAMS 0x000000008b200000, 0x000000008b200000| Complete 
| 107|0x000000008b300000, 0x000000008b400000, 0x000000008b400000|100%| E|CS|TAMS 0x000000008b300000, 0x000000008b300000| Complete 
| 108|0x000000008b400000, 0x000000008b500000, 0x000000008b500000|100%| E|CS|TAMS 0x000000008b400000, 0x000000008b400000| Complete 
| 109|0x000000008b500000, 0x000000008b600000, 0x000000008b600000|100%| E|CS|TAMS 0x000000008b500000, 0x000000008b500000| Complete 
| 110|0x000000008b600000, 0x000000008b700000, 0x000000008b700000|100%| E|CS|TAMS 0x000000008b600000, 0x000000008b600000| Complete 
| 111|0x000000008b700000, 0x000000008b800000, 0x000000008b800000|100%| E|CS|TAMS 0x000000008b700000, 0x000000008b700000| Complete 
| 112|0x000000008b800000, 0x000000008b900000, 0x000000008b900000|100%| E|CS|TAMS 0x000000008b800000, 0x000000008b800000| Complete 
| 113|0x000000008b900000, 0x000000008ba00000, 0x000000008ba00000|100%| E|CS|TAMS 0x000000008b900000, 0x000000008b900000| Complete 
| 114|0x000000008ba00000, 0x000000008bb00000, 0x000000008bb00000|100%| E|CS|TAMS 0x000000008ba00000, 0x000000008ba00000| Complete 
| 115|0x000000008bb00000, 0x000000008bc00000, 0x000000008bc00000|100%| E|CS|TAMS 0x000000008bb00000, 0x000000008bb00000| Complete 
| 116|0x000000008bc00000, 0x000000008bd00000, 0x000000008bd00000|100%| E|CS|TAMS 0x000000008bc00000, 0x000000008bc00000| Complete 
| 117|0x000000008bd00000, 0x000000008be00000, 0x000000008be00000|100%| E|CS|TAMS 0x000000008bd00000, 0x000000008bd00000| Complete 
| 118|0x000000008be00000, 0x000000008bf00000, 0x000000008bf00000|100%| E|CS|TAMS 0x000000008be00000, 0x000000008be00000| Complete 
| 119|0x000000008bf00000, 0x000000008c000000, 0x000000008c000000|100%| E|CS|TAMS 0x000000008bf00000, 0x000000008bf00000| Complete 
| 120|0x000000008c000000, 0x000000008c100000, 0x000000008c100000|100%| E|CS|TAMS 0x000000008c000000, 0x000000008c000000| Complete 
| 121|0x000000008c100000, 0x000000008c200000, 0x000000008c200000|100%| E|CS|TAMS 0x000000008c100000, 0x000000008c100000| Complete 
| 122|0x000000008c200000, 0x000000008c300000, 0x000000008c300000|100%| E|CS|TAMS 0x000000008c200000, 0x000000008c200000| Complete 
| 123|0x000000008c300000, 0x000000008c400000, 0x000000008c400000|100%| E|CS|TAMS 0x000000008c300000, 0x000000008c300000| Complete 

Card table byte_map: [0x0000020eb0a30000,0x0000020eb0e10000] _byte_map_base: 0x0000020eb060c000

Marking Bits (Prev, Next): (CMBitMap*) 0x0000020e989defc0, (CMBitMap*) 0x0000020e989def88
 Prev Bits: [0x0000020eb30d0000, 0x0000020eb4fb0000)
 Next Bits: [0x0000020eb11f0000, 0x0000020eb30d0000)

Polling page: 0x0000020e96950000

Metaspace:

Usage:
  Non-class:     23.00 MB capacity,    22.52 MB ( 98%) used,   394.59 KB (  2%) free+waste,   102.06 KB ( <1%) overhead. 
      Class:      3.49 MB capacity,     3.13 MB ( 90%) used,   321.84 KB (  9%) free+waste,    51.62 KB (  1%) overhead. 
       Both:     26.50 MB capacity,    25.65 MB ( 97%) used,   716.43 KB (  3%) free+waste,   153.69 KB ( <1%) overhead. 

Virtual space:
  Non-class space:       24.00 MB reserved,      23.17 MB ( 97%) committed 
      Class space:        1.00 GB reserved,       3.50 MB ( <1%) committed 
             Both:        1.02 GB reserved,      26.67 MB (  3%) committed 

Chunk freelists:
   Non-Class:  46.00 KB
       Class:  7.00 KB
        Both:  53.00 KB

MaxMetaspaceSize: 17179869184.00 GB
CompressedClassSpaceSize: 1.00 GB
Initial GC threshold: 20.80 MB
Current GC threshold: 35.08 MB
CDS: off

CodeHeap 'non-profiled nmethods': size=120000Kb used=1414Kb max_used=1414Kb free=118585Kb
 bounds [0x0000020ea8bd0000, 0x0000020ea8e40000, 0x0000020eb0100000]
CodeHeap 'profiled nmethods': size=120000Kb used=7141Kb max_used=7141Kb free=112858Kb
 bounds [0x0000020ea16a0000, 0x0000020ea1da0000, 0x0000020ea8bd0000]
CodeHeap 'non-nmethods': size=5760Kb used=1452Kb max_used=1480Kb free=4307Kb
 bounds [0x0000020ea1100000, 0x0000020ea1370000, 0x0000020ea16a0000]
 total_blobs=4324 nmethods=3528 adapters=707
 compilation: enabled
              stopped_count=0, restarted_count=0
 full_count=0

Compilation events (20 events):
Event: 27.891 Thread 0x0000020eb84ea000 3519       4       java.lang.ref.SoftReference::get (29 bytes)
Event: 27.892 Thread 0x0000020eb84ea000 nmethod 3519 0x0000020ea8d31590 code [0x0000020ea8d31720, 0x0000020ea8d317f8]
Event: 27.894 Thread 0x0000020eb84ef000 3520       3       java.lang.String::getChars (54 bytes)
Event: 27.894 Thread 0x0000020eb84ef000 nmethod 3520 0x0000020ea1d92410 code [0x0000020ea1d92620, 0x0000020ea1d92ad8]
Event: 27.894 Thread 0x0000020eb84ef000 3522       3       java.nio.CharBuffer::arrayOffset (35 bytes)
Event: 27.894 Thread 0x0000020eb84ef000 nmethod 3522 0x0000020ea1d92d10 code [0x0000020ea1d92ee0, 0x0000020ea1d93198]
Event: 27.894 Thread 0x0000020eb84ef000 3521       3       java.lang.StringLatin1::getChars (12 bytes)
Event: 27.894 Thread 0x0000020eb84ef000 nmethod 3521 0x0000020ea1d93310 code [0x0000020ea1d934c0, 0x0000020ea1d935c8]
Event: 27.894 Thread 0x0000020eb84ef000 3523       3       java.io.BufferedWriter::ensureOpen (18 bytes)
Event: 27.895 Thread 0x0000020eb84ef000 nmethod 3523 0x0000020ea1d93690 code [0x0000020ea1d93860, 0x0000020ea1d93a68]
Event: 27.898 Thread 0x0000020eb84ef000 3524       3       javafx.scene.Node$FocusedProperty::get (10 bytes)
Event: 27.898 Thread 0x0000020eb84ef000 nmethod 3524 0x0000020ea1d93b10 code [0x0000020ea1d93cc0, 0x0000020ea1d93dd8]
Event: 27.917 Thread 0x0000020eb84ef000 3525       3       sun.nio.cs.UTF_8$Encoder::encodeArrayLoop (489 bytes)
Event: 27.918 Thread 0x0000020eb84ef000 nmethod 3525 0x0000020ea1d93e90 code [0x0000020ea1d94480, 0x0000020ea1d979e8]
Event: 27.918 Thread 0x0000020eb84ef000 3527       3       java.io.PrintStream::ensureOpen (18 bytes)
Event: 27.919 Thread 0x0000020eb84ef000 nmethod 3527 0x0000020ea1d98b90 code [0x0000020ea1d98d60, 0x0000020ea1d98f68]
Event: 27.919 Thread 0x0000020eb84ef000 3526       3       java.io.Writer::write (11 bytes)
Event: 27.919 Thread 0x0000020eb84ef000 nmethod 3526 0x0000020ea1d99010 code [0x0000020ea1d991e0, 0x0000020ea1d994a8]
Event: 27.932 Thread 0x0000020eb84ef000 3528       1       com.sun.javafx.tk.quantum.ViewScene::getPlatformView (5 bytes)
Event: 27.932 Thread 0x0000020eb84ef000 nmethod 3528 0x0000020ea8d31890 code [0x0000020ea8d31a40, 0x0000020ea8d31af8]

GC Heap History (4 events):
Event: 0.769 GC heap before
{Heap before GC invocations=0 (full 0):
 garbage-first heap   total 126976K, used 23552K [0x0000000084800000, 0x0000000100000000)
  region size 1024K, 24 young (24576K), 0 survivors (0K)
 Metaspace       used 12263K, capacity 12641K, committed 12672K, reserved 1060864K
  class space    used 1261K, capacity 1396K, committed 1408K, reserved 1048576K
}
Event: 0.772 GC heap after
{Heap after GC invocations=1 (full 0):
 garbage-first heap   total 126976K, used 2839K [0x0000000084800000, 0x0000000100000000)
  region size 1024K, 3 young (3072K), 3 survivors (3072K)
 Metaspace       used 12263K, capacity 12641K, committed 12672K, reserved 1060864K
  class space    used 1261K, capacity 1396K, committed 1408K, reserved 1048576K
}
Event: 1.253 GC heap before
{Heap before GC invocations=1 (full 0):
 garbage-first heap   total 126976K, used 36631K [0x0000000084800000, 0x0000000100000000)
  region size 1024K, 30 young (30720K), 3 survivors (3072K)
 Metaspace       used 20590K, capacity 21185K, committed 21296K, reserved 1069056K
  class space    used 2410K, capacity 2660K, committed 2688K, reserved 1048576K
}
Event: 1.263 GC heap after
{Heap after GC invocations=2 (full 0):
 garbage-first heap   total 126976K, used 14298K [0x0000000084800000, 0x0000000100000000)
  region size 1024K, 7 young (7168K), 7 survivors (7168K)
 Metaspace       used 20590K, capacity 21185K, committed 21296K, reserved 1069056K
  class space    used 2410K, capacity 2660K, committed 2688K, reserved 1048576K
}

Deoptimization events (20 events):
Event: 17.545 Thread 0x0000020eb949b800 DEOPT PACKING pc=0x0000020ea1cf5a37 sp=0x0000004eb08fd6d0
Event: 17.545 Thread 0x0000020eb949b800 DEOPT UNPACKING pc=0x0000020ea114a95e sp=0x0000004eb08fcb28 mode 0
Event: 20.903 Thread 0x0000020eb949b800 DEOPT PACKING pc=0x0000020ea1cf5a58 sp=0x0000004eb08fd6d0
Event: 20.903 Thread 0x0000020eb949b800 DEOPT UNPACKING pc=0x0000020ea114a95e sp=0x0000004eb08fcb38 mode 0
Event: 20.904 Thread 0x0000020eb949b800 DEOPT PACKING pc=0x0000020ea1cf5a37 sp=0x0000004eb08fd6d0
Event: 20.904 Thread 0x0000020eb949b800 DEOPT UNPACKING pc=0x0000020ea114a95e sp=0x0000004eb08fcb28 mode 0
Event: 20.904 Thread 0x0000020eb949b800 DEOPT PACKING pc=0x0000020ea1cf5a58 sp=0x0000004eb08fd6d0
Event: 20.904 Thread 0x0000020eb949b800 DEOPT UNPACKING pc=0x0000020ea114a95e sp=0x0000004eb08fcb38 mode 0
Event: 21.687 Thread 0x0000020eb9679000 Uncommon trap: trap_request=0xffffff4d fr.pc=0x0000020ea8cfbe54 relative=0x0000000000000894
Event: 21.687 Thread 0x0000020eb9679000 Uncommon trap: reason=unstable_if action=reinterpret pc=0x0000020ea8cfbe54 method=java.util.WeakHashMap.put(Ljava/lang/Object;Ljava/lang/Object;)Ljava/lang/Object; @ 148 c2
Event: 21.687 Thread 0x0000020eb9679000 DEOPT PACKING pc=0x0000020ea8cfbe54 sp=0x0000004eb0eeefe0
Event: 21.687 Thread 0x0000020eb9679000 DEOPT UNPACKING pc=0x0000020ea114a1af sp=0x0000004eb0eeefb8 mode 2
Event: 26.199 Thread 0x0000020eb9679000 Uncommon trap: trap_request=0xffffffc6 fr.pc=0x0000020ea8c68254 relative=0x0000000000000f14
Event: 26.199 Thread 0x0000020eb9679000 Uncommon trap: reason=bimorphic_or_optimized_type_check action=maybe_recompile pc=0x0000020ea8c68254 method=java.io.DataInputStream.readFully([BII)V @ 34 c2
Event: 26.199 Thread 0x0000020eb9679000 DEOPT PACKING pc=0x0000020ea8c68254 sp=0x0000004eb0ef1520
Event: 26.199 Thread 0x0000020eb9679000 DEOPT UNPACKING pc=0x0000020ea114a1af sp=0x0000004eb0ef1528 mode 2
Event: 26.616 Thread 0x0000020eb949b800 DEOPT PACKING pc=0x0000020ea1ad67cd sp=0x0000004eb08fd6e0
Event: 26.616 Thread 0x0000020eb949b800 DEOPT UNPACKING pc=0x0000020ea114a95e sp=0x0000004eb08fca98 mode 0
Event: 27.032 Thread 0x0000020eb949b800 DEOPT PACKING pc=0x0000020ea1c6271c sp=0x0000004eb08fda30
Event: 27.032 Thread 0x0000020eb949b800 DEOPT UNPACKING pc=0x0000020ea114a95e sp=0x0000004eb08fce50 mode 0

Classes redefined (0 events):
No events

Internal exceptions (20 events):
Event: 1.052 Thread 0x0000020eb9679000 Exception <a 'java/lang/NoSuchMethodError'{0x000000008b335d18}: 'void java.lang.invoke.DirectMethodHandle$Holder.invokeStaticInit(java.lang.Object, java.lang.Object)'> (0x000000008b335d18) thrown at [s\src\hotspot\share\interpreter\linkResolver.cpp, line 773]
Event: 1.065 Thread 0x0000020eb9679000 Exception <a 'java/lang/NoSuchMethodError'{0x000000008b3b7268}: 'void java.lang.invoke.DirectMethodHandle$Holder.invokeSpecial(java.lang.Object, java.lang.Object, java.lang.Object, java.lang.Object, java.lang.Object)'> (0x000000008b3b7268) thrown at [s\src\hotspot\share\interpreter\linkResolver.cpp, line 773]
Event: 1.128 Thread 0x0000020eb9679000 Implicit null exception at 0x0000020ea8c62a75 to 0x0000020ea8c62c24
Event: 1.128 Thread 0x0000020eb9679000 Implicit null exception at 0x0000020ea8bfd778 to 0x0000020ea8bfd80a
Event: 1.131 Thread 0x0000020eb9679000 Implicit null exception at 0x0000020ea8bf712f to 0x0000020ea8bf719d
Event: 1.311 Thread 0x0000020eb9679000 Exception <a 'java/lang/ClassNotFoundException'{0x000000008c004ce0}: com/sun/javafx/scene/control/skin/resources/controls> (0x000000008c004ce0) thrown at [s\src\hotspot\share\prims\jni.cpp, line 638]
Event: 1.312 Thread 0x0000020eb9679000 Exception <a 'java/lang/ClassNotFoundException'{0x000000008c012cd8}: com/sun/javafx/scene/control/skin/resources/controls_es> (0x000000008c012cd8) thrown at [s\src\hotspot\share\prims\jni.cpp, line 638]
Event: 1.312 Thread 0x0000020eb9679000 Exception <a 'java/lang/ClassNotFoundException'{0x000000008c020990}: com/sun/javafx/scene/control/skin/resources/controls_es_MX> (0x000000008c020990) thrown at [s\src\hotspot\share\prims\jni.cpp, line 638]
Event: 1.342 Thread 0x0000020eb9679000 Exception <a 'java/lang/NoSuchMethodError'{0x000000008bfd1e68}: 'void java.lang.invoke.DirectMethodHandle$Holder.invokeSpecial(java.lang.Object, java.lang.Object, java.lang.Object, java.lang.Object, java.lang.Object, java.lang.Object)'> (0x000000008bfd1e68) thrown at [s\src\hotspot\share\interpreter\linkResolver.cpp, line 773]
Event: 1.369 Thread 0x0000020eb9679000 Exception <a 'java/lang/NoSuchMethodError'{0x000000008bc39230}: 'java.lang.Object java.lang.invoke.DirectMethodHandle$Holder.invokeInterface(java.lang.Object, java.lang.Object, java.lang.Object)'> (0x000000008bc39230) thrown at [s\src\hotspot\share\interpreter\linkResolver.cpp, line 773]
Event: 1.369 Thread 0x0000020eb9679000 Exception <a 'java/lang/IncompatibleClassChangeError'{0x000000008bc3c3e8}: Found class java.lang.Object, but interface was expected> (0x000000008bc3c3e8) thrown at [s\src\hotspot\share\interpreter\linkResolver.cpp, line 839]
Event: 1.465 Thread 0x0000020eb9679000 Exception <a 'java/lang/NoSuchMethodError'{0x000000008b959b88}: 'long java.lang.invoke.DirectMethodHandle$Holder.invokeStaticInit(java.lang.Object, java.lang.Object, java.lang.Object)'> (0x000000008b959b88) thrown at [s\src\hotspot\share\interpreter\linkResolver.cpp, line 773]
Event: 1.468 Thread 0x0000020eb9679000 Exception <a 'java/lang/NoSuchMethodError'{0x000000008b9721d0}: 'java.lang.Object java.lang.invoke.DirectMethodHandle$Holder.invokeStatic(java.lang.Object, java.lang.Object, long)'> (0x000000008b9721d0) thrown at [s\src\hotspot\share\interpreter\linkResolver.cpp, line 773]
Event: 1.469 Thread 0x0000020eb9679000 Exception <a 'java/lang/NoSuchMethodError'{0x000000008b978348}: 'java.lang.Object java.lang.invoke.Invokers$Holder.linkToTargetMethod(java.lang.Object, long, java.lang.Object)'> (0x000000008b978348) thrown at [s\src\hotspot\share\interpreter\linkResolver.cpp, line 773]
Event: 1.470 Thread 0x0000020eb949b800 Exception <a 'java/lang/NoSuchMethodError'{0x000000008b9938b0}: 'int java.lang.invoke.DirectMethodHandle$Holder.invokeStaticInit(java.lang.Object, java.lang.Object)'> (0x000000008b9938b0) thrown at [s\src\hotspot\share\interpreter\linkResolver.cpp, line 773]
Event: 9.120 Thread 0x0000020eb9679000 Exception <a 'java/lang/NoSuchMethodError'{0x000000008b4fd528}: 'java.lang.Object java.lang.invoke.DirectMethodHandle$Holder.invokeStatic(java.lang.Object, java.lang.Object, int, int, int, int, int, java.lang.Object)'> (0x000000008b4fd528) thrown at [s\src\hotspot\share\interpreter\linkResolver.cpp, line 773]
Event: 9.121 Thread 0x0000020eb9679000 Exception <a 'java/lang/NoSuchMethodError'{0x000000008b30e658}: 'java.lang.Object java.lang.invoke.DirectMethodHandle$Holder.invokeStatic(java.lang.Object, java.lang.Object, java.lang.Object, int, int, int, int, int)'> (0x000000008b30e658) thrown at [s\src\hotspot\share\interpreter\linkResolver.cpp, line 773]
Event: 9.121 Thread 0x0000020eb9679000 Exception <a 'java/lang/NoSuchMethodError'{0x000000008b314ec8}: 'java.lang.Object java.lang.invoke.Invokers$Holder.linkToTargetMethod(java.lang.Object, java.lang.Object, int, int, int, int, int, java.lang.Object)'> (0x000000008b314ec8) thrown at [s\src\hotspot\share\interpreter\linkResolver.cpp, line 773]
Event: 27.892 Thread 0x0000020eb9679000 Exception <a 'java/lang/IllegalArgumentException'{0x000000008a9d5008}> (0x000000008a9d5008) thrown at [s\src\hotspot\share\prims\jvm.cpp, line 1310]
Event: 27.917 Thread 0x0000020eb9679000 Exception <a 'java/lang/IllegalArgumentException'{0x000000008a9e6378}> (0x000000008a9e6378) thrown at [s\src\hotspot\share\prims\jvm.cpp, line 1310]

Events (20 events):
Event: 21.775 loading class com/sun/prism/GraphicsResource
Event: 21.775 loading class com/sun/prism/GraphicsResource done
Event: 21.775 loading class com/sun/prism/GraphicsResource
Event: 21.775 loading class com/sun/prism/GraphicsResource done
Event: 21.775 loading class com/sun/javafx/tk/quantum/ViewScene
Event: 21.775 loading class com/sun/javafx/tk/quantum/ViewScene done
Event: 21.775 loading class com/sun/javafx/tk/quantum/WindowStage
Event: 21.775 loading class com/sun/javafx/tk/quantum/WindowStage done
Event: 23.291 Loaded shared library C:\Users\alonh\.openjfx\cache\17.0.6\prism_d3d.dll
Event: 23.294 Loaded shared library C:\Users\alonh\.openjfx\cache\17.0.6\prism_d3d.dll
Event: 26.224 Executing VM operation: RevokeBias
Event: 26.225 Executing VM operation: RevokeBias done
Event: 27.835 loading class javafx/application/Application
Event: 27.835 loading class javafx/application/Application done
Event: 27.835 loading class javafx/application/Application
Event: 27.835 loading class javafx/application/Application done
Event: 27.892 loading class java/lang/Throwable$WrappedPrintStream
Event: 27.893 loading class java/lang/Throwable$PrintStreamOrWriter
Event: 27.893 loading class java/lang/Throwable$PrintStreamOrWriter done
Event: 27.893 loading class java/lang/Throwable$WrappedPrintStream done


Dynamic libraries:
0x00007ff732060000 - 0x00007ff73206e000 	C:\Users\alonh\.jdks\corretto-11.0.22\bin\java.exe
0x00007ff810f50000 - 0x00007ff811167000 	C:\Windows\SYSTEM32\ntdll.dll
0x00007ff810330000 - 0x00007ff8103f4000 	C:\Windows\System32\KERNEL32.DLL
0x00007ff80e6c0000 - 0x00007ff80ea66000 	C:\Windows\System32\KERNELBASE.dll
0x0000000077180000 - 0x00000000774b2000 	C:\Program Files\Norton Security\NortonData\22.23.5.106\Definitions\IPSDefs\20231207.064\IPSEng64.dll
0x00007ff80eca0000 - 0x00007ff80ed53000 	C:\Windows\System32\ADVAPI32.dll
0x00007ff810510000 - 0x00007ff8105b7000 	C:\Windows\System32\msvcrt.dll
0x00007ff810400000 - 0x00007ff8104a8000 	C:\Windows\System32\sechost.dll
0x00007ff80e3e0000 - 0x00007ff80e408000 	C:\Windows\System32\bcrypt.dll
0x00007ff80ef70000 - 0x00007ff80f087000 	C:\Windows\System32\RPCRT4.dll
0x00007ff80edf0000 - 0x00007ff80edf8000 	C:\Windows\System32\PSAPI.DLL
0x00007ff80e2c0000 - 0x00007ff80e3d1000 	C:\Windows\System32\ucrtbase.dll
0x00007fffd3280000 - 0x00007fffd3297000 	C:\Users\alonh\.jdks\corretto-11.0.22\bin\jli.dll
0x00007fffd32a0000 - 0x00007fffd32bb000 	C:\Users\alonh\.jdks\corretto-11.0.22\bin\VCRUNTIME140.dll
0x00007ff810720000 - 0x00007ff8108ce000 	C:\Windows\System32\USER32.dll
0x00007ff80e290000 - 0x00007ff80e2b6000 	C:\Windows\System32\win32u.dll
0x00007fffe7080000 - 0x00007fffe7313000 	C:\Windows\WinSxS\amd64_microsoft.windows.common-controls_6595b64144ccf1df_6.0.22621.2506_none_270c5ae97388e100\COMCTL32.dll
0x00007ff8108d0000 - 0x00007ff8108f9000 	C:\Windows\System32\GDI32.dll
0x00007ff80e520000 - 0x00007ff80e638000 	C:\Windows\System32\gdi32full.dll
0x00007ff80e480000 - 0x00007ff80e51a000 	C:\Windows\System32\msvcp_win.dll
0x00007ff810a30000 - 0x00007ff810a61000 	C:\Windows\System32\IMM32.DLL
0x00007fffeee60000 - 0x00007fffeee6c000 	C:\Users\alonh\.jdks\corretto-11.0.22\bin\vcruntime140_1.dll
0x00007fffc8b10000 - 0x00007fffc8b9d000 	C:\Users\alonh\.jdks\corretto-11.0.22\bin\msvcp140.dll
0x00007fffa6590000 - 0x00007fffa7153000 	C:\Users\alonh\.jdks\corretto-11.0.22\bin\server\jvm.dll
0x00007ff8004c0000 - 0x00007ff8004f4000 	C:\Windows\SYSTEM32\WINMM.dll
0x00007ff803670000 - 0x00007ff80367a000 	C:\Windows\SYSTEM32\VERSION.dll
0x00007fffe9210000 - 0x00007fffe9219000 	C:\Windows\SYSTEM32\WSOCK32.dll
0x00007ff8105c0000 - 0x00007ff810631000 	C:\Windows\System32\WS2_32.dll
0x00007ff80d390000 - 0x00007ff80d3a8000 	C:\Windows\SYSTEM32\kernel.appcore.dll
0x00007fffed6f0000 - 0x00007fffed700000 	C:\Users\alonh\.jdks\corretto-11.0.22\bin\verify.dll
0x00007ff80bc50000 - 0x00007ff80be83000 	C:\Windows\SYSTEM32\DBGHELP.DLL
0x00007ff80f2c0000 - 0x00007ff80f649000 	C:\Windows\System32\combase.dll
0x00007ff810640000 - 0x00007ff810717000 	C:\Windows\System32\OLEAUT32.dll
0x00007ff802030000 - 0x00007ff802062000 	C:\Windows\SYSTEM32\dbgcore.DLL
0x00007ff80e640000 - 0x00007ff80e6ba000 	C:\Windows\System32\bcryptPrimitives.dll
0x00007fffcffd0000 - 0x00007fffcfff8000 	C:\Users\alonh\.jdks\corretto-11.0.22\bin\java.dll
0x00007fffec8c0000 - 0x00007fffec8ca000 	C:\Users\alonh\.jdks\corretto-11.0.22\bin\jimage.dll
0x00007ff80ada0000 - 0x00007ff80adae000 	C:\Users\alonh\.jdks\corretto-11.0.22\bin\instrument.dll
0x00007fffd0030000 - 0x00007fffd0048000 	C:\Users\alonh\.jdks\corretto-11.0.22\bin\zip.dll
0x00007ff80f950000 - 0x00007ff8101aa000 	C:\Windows\System32\SHELL32.dll
0x00007ff80c1a0000 - 0x00007ff80ca96000 	C:\Windows\SYSTEM32\windows.storage.dll
0x00007ff80c060000 - 0x00007ff80c19e000 	C:\Windows\SYSTEM32\wintypes.dll
0x00007ff80f840000 - 0x00007ff80f933000 	C:\Windows\System32\SHCORE.dll
0x00007ff810910000 - 0x00007ff81096e000 	C:\Windows\System32\shlwapi.dll
0x00007ff80e1c0000 - 0x00007ff80e1e6000 	C:\Windows\SYSTEM32\profapi.dll
0x00007fffcf9c0000 - 0x00007fffcf9d9000 	C:\Users\alonh\.jdks\corretto-11.0.22\bin\net.dll
0x00007ff807940000 - 0x00007ff807a77000 	C:\Windows\SYSTEM32\WINHTTP.dll
0x00007ff80d830000 - 0x00007ff80d899000 	C:\Windows\system32\mswsock.dll
0x00007fffcf810000 - 0x00007fffcf822000 	C:\Users\alonh\.jdks\corretto-11.0.22\bin\nio.dll
0x00007ffff5dd0000 - 0x00007ffff5dea000 	C:\Users\alonh\AppData\Local\Programs\IntelliJ IDEA Ultimate\bin\breakgen64.dll
0x0000020e98900000 - 0x0000020e98903000 	C:\Users\alonh\.openjfx\cache\17.0.6\api-ms-win-core-console-l1-1-0.dll
0x0000020e98910000 - 0x0000020e98913000 	C:\Users\alonh\.openjfx\cache\17.0.6\api-ms-win-core-console-l1-2-0.dll
0x0000020e98920000 - 0x0000020e98923000 	C:\Users\alonh\.openjfx\cache\17.0.6\api-ms-win-core-datetime-l1-1-0.dll
0x0000020e98930000 - 0x0000020e98933000 	C:\Users\alonh\.openjfx\cache\17.0.6\api-ms-win-core-debug-l1-1-0.dll
0x0000020eba170000 - 0x0000020eba173000 	C:\Users\alonh\.openjfx\cache\17.0.6\api-ms-win-core-errorhandling-l1-1-0.dll
0x0000020eba180000 - 0x0000020eba184000 	C:\Users\alonh\.openjfx\cache\17.0.6\api-ms-win-core-file-l1-1-0.dll
0x0000020eba190000 - 0x0000020eba193000 	C:\Users\alonh\.openjfx\cache\17.0.6\api-ms-win-core-file-l1-2-0.dll
0x0000020eba1a0000 - 0x0000020eba1a3000 	C:\Users\alonh\.openjfx\cache\17.0.6\api-ms-win-core-file-l2-1-0.dll
0x0000020eba1b0000 - 0x0000020eba1b3000 	C:\Users\alonh\.openjfx\cache\17.0.6\api-ms-win-core-handle-l1-1-0.dll
0x0000020eba1c0000 - 0x0000020eba1c3000 	C:\Users\alonh\.openjfx\cache\17.0.6\api-ms-win-core-heap-l1-1-0.dll
0x0000020eba1d0000 - 0x0000020eba1d3000 	C:\Users\alonh\.openjfx\cache\17.0.6\api-ms-win-core-interlocked-l1-1-0.dll
0x0000020eba1e0000 - 0x0000020eba1e3000 	C:\Users\alonh\.openjfx\cache\17.0.6\api-ms-win-core-libraryloader-l1-1-0.dll
0x0000020eba1f0000 - 0x0000020eba1f3000 	C:\Users\alonh\.openjfx\cache\17.0.6\api-ms-win-core-localization-l1-2-0.dll
0x0000020eba200000 - 0x0000020eba203000 	C:\Users\alonh\.openjfx\cache\17.0.6\api-ms-win-core-memory-l1-1-0.dll
0x0000020eba210000 - 0x0000020eba213000 	C:\Users\alonh\.openjfx\cache\17.0.6\api-ms-win-core-namedpipe-l1-1-0.dll
0x0000020eba220000 - 0x0000020eba223000 	C:\Users\alonh\.openjfx\cache\17.0.6\api-ms-win-core-processenvironment-l1-1-0.dll
0x0000020eba230000 - 0x0000020eba233000 	C:\Users\alonh\.openjfx\cache\17.0.6\api-ms-win-core-processthreads-l1-1-0.dll
0x0000020eba240000 - 0x0000020eba243000 	C:\Users\alonh\.openjfx\cache\17.0.6\api-ms-win-core-processthreads-l1-1-1.dll
0x0000020eba250000 - 0x0000020eba253000 	C:\Users\alonh\.openjfx\cache\17.0.6\api-ms-win-core-profile-l1-1-0.dll
0x0000020eba260000 - 0x0000020eba263000 	C:\Users\alonh\.openjfx\cache\17.0.6\api-ms-win-core-rtlsupport-l1-1-0.dll
0x0000020eba470000 - 0x0000020eba473000 	C:\Users\alonh\.openjfx\cache\17.0.6\api-ms-win-core-string-l1-1-0.dll
0x0000020eba480000 - 0x0000020eba483000 	C:\Users\alonh\.openjfx\cache\17.0.6\api-ms-win-core-synch-l1-1-0.dll
0x0000020eba490000 - 0x0000020eba493000 	C:\Users\alonh\.openjfx\cache\17.0.6\api-ms-win-core-synch-l1-2-0.dll
0x0000020eba4a0000 - 0x0000020eba4a3000 	C:\Users\alonh\.openjfx\cache\17.0.6\api-ms-win-core-sysinfo-l1-1-0.dll
0x0000020eba4b0000 - 0x0000020eba4b3000 	C:\Users\alonh\.openjfx\cache\17.0.6\api-ms-win-core-timezone-l1-1-0.dll
0x0000020eba4c0000 - 0x0000020eba4c3000 	C:\Users\alonh\.openjfx\cache\17.0.6\api-ms-win-core-util-l1-1-0.dll
0x0000020eba4d0000 - 0x0000020eba4d3000 	C:\Users\alonh\.openjfx\cache\17.0.6\api-ms-win-crt-conio-l1-1-0.dll
0x0000020eba4e0000 - 0x0000020eba4e4000 	C:\Users\alonh\.openjfx\cache\17.0.6\api-ms-win-crt-convert-l1-1-0.dll
0x0000020eba4f0000 - 0x0000020eba4f3000 	C:\Users\alonh\.openjfx\cache\17.0.6\api-ms-win-crt-environment-l1-1-0.dll
0x0000020eba500000 - 0x0000020eba503000 	C:\Users\alonh\.openjfx\cache\17.0.6\api-ms-win-crt-filesystem-l1-1-0.dll
0x0000020eba510000 - 0x0000020eba513000 	C:\Users\alonh\.openjfx\cache\17.0.6\api-ms-win-crt-heap-l1-1-0.dll
0x0000020eba520000 - 0x0000020eba523000 	C:\Users\alonh\.openjfx\cache\17.0.6\api-ms-win-crt-locale-l1-1-0.dll
0x0000020eba530000 - 0x0000020eba535000 	C:\Users\alonh\.openjfx\cache\17.0.6\api-ms-win-crt-math-l1-1-0.dll
0x0000020eba540000 - 0x0000020eba545000 	C:\Users\alonh\.openjfx\cache\17.0.6\api-ms-win-crt-multibyte-l1-1-0.dll
0x0000020eba550000 - 0x0000020eba560000 	C:\Users\alonh\.openjfx\cache\17.0.6\api-ms-win-crt-private-l1-1-0.dll
0x0000020eba560000 - 0x0000020eba563000 	C:\Users\alonh\.openjfx\cache\17.0.6\api-ms-win-crt-process-l1-1-0.dll
0x0000020eba570000 - 0x0000020eba574000 	C:\Users\alonh\.openjfx\cache\17.0.6\api-ms-win-crt-runtime-l1-1-0.dll
0x0000020eba580000 - 0x0000020eba584000 	C:\Users\alonh\.openjfx\cache\17.0.6\api-ms-win-crt-stdio-l1-1-0.dll
0x0000020eba590000 - 0x0000020eba594000 	C:\Users\alonh\.openjfx\cache\17.0.6\api-ms-win-crt-string-l1-1-0.dll
0x0000020eba5a0000 - 0x0000020eba5a3000 	C:\Users\alonh\.openjfx\cache\17.0.6\api-ms-win-crt-time-l1-1-0.dll
0x0000020eba5b0000 - 0x0000020eba5b3000 	C:\Users\alonh\.openjfx\cache\17.0.6\api-ms-win-crt-utility-l1-1-0.dll
0x00007fffc96d0000 - 0x00007fffc97cc000 	C:\Users\alonh\.openjfx\cache\17.0.6\ucrtbase.dll
0x00007ffff5d90000 - 0x00007ffff5daa000 	C:\Users\alonh\.openjfx\cache\17.0.6\vcruntime140.dll
0x00007ffff5d80000 - 0x00007ffff5d8c000 	C:\Users\alonh\.openjfx\cache\17.0.6\vcruntime140_1.dll
0x00007fffc94e0000 - 0x00007fffc956d000 	C:\Users\alonh\.openjfx\cache\17.0.6\msvcp140.dll
0x00007ffff5d70000 - 0x00007ffff5d79000 	C:\Users\alonh\.openjfx\cache\17.0.6\msvcp140_1.dll
0x00007ffff5d40000 - 0x00007ffff5d6f000 	C:\Users\alonh\.openjfx\cache\17.0.6\msvcp140_2.dll
0x00007fffd0000000 - 0x00007fffd002a000 	C:\Users\alonh\.openjfx\cache\17.0.6\prism_d3d.dll
0x00007ffff4fb0000 - 0x00007ffff5159000 	C:\Windows\system32\d3d9.dll
0x00007ff80b540000 - 0x00007ff80b56b000 	C:\Windows\SYSTEM32\dwmapi.dll
0x00007ff80b3d0000 - 0x00007ff80b406000 	C:\Windows\SYSTEM32\dxcore.dll
0x00007ff80b220000 - 0x00007ff80b2cb000 	C:\Windows\system32\uxtheme.dll
0x00007fffb5190000 - 0x00007fffb5240000 	C:\Windows\SYSTEM32\d3d9on12.dll
0x00007ff80b410000 - 0x00007ff80b508000 	C:\Windows\SYSTEM32\dxgi.dll
0x00007fffd2cd0000 - 0x00007fffd2cf9000 	C:\Windows\SYSTEM32\d3d12.dll
0x00007ff80dfb0000 - 0x00007ff80dffe000 	C:\Windows\SYSTEM32\cfgmgr32.dll
0x00007fffb4da0000 - 0x00007fffb4fa3000 	C:\Windows\SYSTEM32\D3D12Core.dll
0x00007fffc1100000 - 0x00007fffc1127000 	C:\Windows\System32\DriverStore\FileRepository\iigd_dch.inf_amd64_ce2a84db4d20c228\igd12umd64.dll
0x00007fffa27f0000 - 0x00007fffa373b000 	C:\Windows\System32\DriverStore\FileRepository\iigd_dch.inf_amd64_ce2a84db4d20c228\igd12um64xel.dll
0x00007ff80eb30000 - 0x00007ff80ec96000 	C:\Windows\System32\CRYPT32.dll
0x00007ff80f650000 - 0x00007ff80f7f0000 	C:\Windows\System32\ole32.dll
0x00007fffdd400000 - 0x00007fffdd444000 	C:\Windows\SYSTEM32\ControlLib.dll
0x00007ff810a70000 - 0x00007ff810ee4000 	C:\Windows\System32\SETUPAPI.dll
0x00007ff80df50000 - 0x00007ff80df7c000 	C:\Windows\SYSTEM32\DEVOBJ.dll
0x00007ff800060000 - 0x00007ff8000e8000 	C:\Windows\System32\DriverStore\FileRepository\iigd_dch.inf_amd64_ce2a84db4d20c228\IntelControlLib.dll
0x00007ff80e410000 - 0x00007ff80e47b000 	C:\Windows\System32\WINTRUST.dll
0x00007ff80df30000 - 0x00007ff80df42000 	C:\Windows\SYSTEM32\MSASN1.dll
0x00007ff807290000 - 0x00007ff8072da000 	C:\Windows\SYSTEM32\directxdatabasehelper.dll
0x00007ffffbde0000 - 0x00007ffffc1b4000 	C:\Windows\System32\DriverStore\FileRepository\iigd_dch.inf_amd64_ce2a84db4d20c228\igdgmm64.dll
0x00007ffff7fc0000 - 0x00007ffffbdd2000 	C:\Windows\System32\DriverStore\FileRepository\iigd_dch.inf_amd64_ce2a84db4d20c228\igc64.dll
0x00007fffc10d0000 - 0x00007fffc10ff000 	C:\Windows\SYSTEM32\D3DSCache.dll
0x00007ff80d920000 - 0x00007ff80d94c000 	C:\Windows\SYSTEM32\USERENV.dll
0x00007fffa1440000 - 0x00007fffa27ed000 	C:\Windows\System32\DriverStore\FileRepository\iigd_dch.inf_amd64_ce2a84db4d20c228\igd12dxva64.dll
0x00007fff9f720000 - 0x00007fffa1440000 	C:\Windows\System32\DriverStore\FileRepository\iigd_dch.inf_amd64_ce2a84db4d20c228\media_bin_64.dll
0x00007fffb8a00000 - 0x00007fffb8a27000 	C:\Windows\System32\DriverStore\FileRepository\iigd_dch.inf_amd64_ce2a84db4d20c228\igdinfo64.dll
0x00007ff801ab0000 - 0x00007ff801d35000 	C:\Windows\SYSTEM32\twinapi.appcore.dll
0x00007fffc9be0000 - 0x00007fffc9c22000 	C:\Users\alonh\.openjfx\cache\17.0.6\glass.dll
0x00007ff8101b0000 - 0x00007ff8102a9000 	C:\Windows\System32\COMDLG32.dll

dbghelp: loaded successfully - version: 4.0.5 - missing functions: none
symbol engine: initialized successfully - sym options: 0x614 - pdb path: .;C:\Users\alonh\.jdks\corretto-11.0.22\bin;C:\Windows\SYSTEM32;C:\Program Files\Norton Security\NortonData\22.23.5.106\Definitions\IPSDefs\20231207.064;C:\Windows\WinSxS\amd64_microsoft.windows.common-controls_6595b64144ccf1df_6.0.22621.2506_none_270c5ae97388e100;C:\Users\alonh\.jdks\corretto-11.0.22\bin\server;C:\Users\alonh\AppData\Local\Programs\IntelliJ IDEA Ultimate\bin;C:\Users\alonh\.openjfx\cache\17.0.6;C:\Windows\System32\DriverStore\FileRepository\iigd_dch.inf_amd64_ce2a84db4d20c228;C:\Program Files\Common Files\Microsoft Shared\Ink

VM Arguments:
jvm_args: -javaagent:C:\Users\alonh\AppData\Local\Programs\IntelliJ IDEA Ultimate\lib\idea_rt.jar=53299:C:\Users\alonh\AppData\Local\Programs\IntelliJ IDEA Ultimate\bin -Dfile.encoding=UTF-8 --module-path=C:\Users\alonh\.m2\repository\org\openjfx\javafx-controls\17.0.6\javafx-controls-17.0.6-win.jar;C:\Users\alonh\.m2\repository\org\openjfx\javafx-fxml\17.0.6\javafx-fxml-17.0.6-win.jar;C:\Users\alonh\.m2\repository\net\synedra\validatorfx\0.4.0\validatorfx-0.4.0.jar;C:\Users\alonh\.m2\repository\org\kordamp\bootstrapfx\bootstrapfx-core\0.4.0\bootstrapfx-core-0.4.0.jar;C:\Users\alonh\.m2\repository\org\openjfx\javafx-graphics\17.0.6\javafx-graphics-17.0.6-win.jar;C:\Users\alonh\.m2\repository\com\dlsc\formsfx\formsfx-core\11.6.0\formsfx-core-11.6.0.jar;C:\Users\alonh\.m2\repository\org\openjfx\javafx-base\17.0.6\javafx-base-17.0.6-win.jar;C:\Users\alonh\IdeaProjects\Joyeria_ProyectoMult\target\classes;C:\Users\alonh\.m2\repository\org\controlsfx\controlsfx\11.1.2\controlsfx-11.1.2.jar -Djdk.module.main=com.eduard034.joyeria_proyectomult 
java_command: com.eduard034.joyeria_proyectomult/com.eduard034.joyeria_proyectomult.JoyeriaApp
java_class_path (initial): C:\Users\alonh\.m2\repository\org\openjfx\javafx-controls\17.0.6\javafx-controls-17.0.6.jar;C:\Users\alonh\.m2\repository\org\openjfx\javafx-graphics\17.0.6\javafx-graphics-17.0.6.jar;C:\Users\alonh\.m2\repository\org\openjfx\javafx-base\17.0.6\javafx-base-17.0.6.jar;C:\Users\alonh\.m2\repository\org\openjfx\javafx-fxml\17.0.6\javafx-fxml-17.0.6.jar
Launcher Type: SUN_STANDARD

[Global flags]
     intx CICompilerCount                          = 4                                         {product} {ergonomic}
     uint ConcGCThreads                            = 3                                         {product} {ergonomic}
     uint G1ConcRefinementThreads                  = 10                                        {product} {ergonomic}
   size_t G1HeapRegionSize                         = 1048576                                   {product} {ergonomic}
    uintx GCDrainStackTargetSize                   = 64                                        {product} {ergonomic}
   size_t InitialHeapSize                          = 130023424                                 {product} {ergonomic}
   size_t MarkStackSize                            = 4194304                                   {product} {ergonomic}
   size_t MaxHeapSize                              = 2071986176                                {product} {ergonomic}
   size_t MaxNewSize                               = 1242562560                                {product} {ergonomic}
   size_t MinHeapDeltaBytes                        = 1048576                                   {product} {ergonomic}
    uintx NonNMethodCodeHeapSize                   = 5836300                                {pd product} {ergonomic}
    uintx NonProfiledCodeHeapSize                  = 122910970                              {pd product} {ergonomic}
    uintx ProfiledCodeHeapSize                     = 122910970                              {pd product} {ergonomic}
    uintx ReservedCodeCacheSize                    = 251658240                              {pd product} {ergonomic}
     bool SegmentedCodeCache                       = true                                      {product} {ergonomic}
     bool UseCompressedClassPointers               = true                                 {lp64_product} {ergonomic}
     bool UseCompressedOops                        = true                                 {lp64_product} {ergonomic}
     bool UseG1GC                                  = true                                      {product} {ergonomic}
     bool UseLargePagesIndividualAllocation        = false                                  {pd product} {ergonomic}

Logging:
Log output configuration:
 #0: stdout all=warning uptime,level,tags
 #1: stderr all=off uptime,level,tags

Environment Variables:
PATH=C:\Program Files\Eclipse Adoptium\jdk-21.0.1.12-hotspot\bin;"C:\Program Files\Common Files\Oracle\Java\javapath;C:\Program Files\Java\jdk-21\bin";C:\Windows\system32;C:\Windows;C:\Windows\System32\Wbem;C:\Windows\System32\WindowsPowerShell\v1.0\;C:\Windows\System32\OpenSSH\;C:\Program Files (x86)\NVIDIA Corporation\PhysX\Common;C:\Program Files\NVIDIA Corporation\NVIDIA NvDLISR;C:\Program Files\Git\cmd;C:\Program Files\dotnet\;C:\Users\alonh\AppData\Local\Microsoft\WindowsApps;C:\Users\alonh\AppData\Local\JetBrains\Toolbox\scripts;C:\Users\alonh\AppData\Local\Programs\Microsoft VS Code\bin;C:\Users\alonh\AppData\Local\GitHubDesktop\bin
USERNAME=alonh
OS=Windows_NT
PROCESSOR_IDENTIFIER=Intel64 Family 6 Model 154 Stepping 3, GenuineIntel
TMP=C:\Users\alonh\AppData\Local\Temp
TEMP=C:\Users\alonh\AppData\Local\Temp



---------------  S Y S T E M  ---------------

OS: Windows 11 , 64 bit Build 22621 (10.0.22621.2506)
OS uptime: 12 days 17:50 hours
Hyper-V role detected

CPU:total 12 (initial active 12) (6 cores per cpu, 2 threads per core) family 6 model 154 stepping 3 microcode 0x424, cmov, cx8, fxsr, mmx, sse, sse2, sse3, ssse3, sse4.1, sse4.2, popcnt, avx, avx2, aes, clmul, erms, 3dnowpref, lzcnt, ht, tsc, tscinvbit, bmi1, bmi2, adx, sha, fma

Memory: 4k page, system-wide physical 7896M (332M free)
TotalPageFile size 29689M (AvailPageFile size 10476M)
current process WorkingSet (physical memory assigned to process): 422M, peak: 434M
current process commit charge ("private bytes"): 545M, peak: 556M

vm_info: OpenJDK 64-Bit Server VM (11.0.22+7-LTS) for windows-amd64 JRE (11.0.22+7-LTS), built on Jan 10 2024 19:54:00 by "Administrator" with MS VC++ 16.10 / 16.11 (VS2019)

END.
