#
# A fatal error has been detected by the Java Runtime Environment:
#
#  EXCEPTION_ACCESS_VIOLATION (0xc0000005) at pc=0x6ace6c62, pid=21644, tid=12640
#
# JRE version: OpenJDK Runtime Environment Temurin-11.0.21+9 (11.0.21+9) (build 11.0.21+9)
# Java VM: OpenJDK Client VM Temurin-11.0.21+9 (11.0.21+9, mixed mode, serial gc, windows-x86)
# Problematic frame:
# C  [glass.dll+0x16c62]
#
# No core dump will be written. Minidumps are not enabled by default on client versions of Windows
#
# If you would like to submit a bug report, please visit:
#   https://github.com/adoptium/adoptium-support/issues
# The crash happened outside the Java Virtual Machine in native code.
# See problematic frame for where to report the bug.
#

---------------  S U M M A R Y ------------

Command Line: -javaagent:C:\Users\luigu\AppData\Local\Programs\IntelliJ IDEA Ultimate\lib\idea_rt.jar=64931:C:\Users\luigu\AppData\Local\Programs\IntelliJ IDEA Ultimate\bin -Dfile.encoding=UTF-8 --module-path=C:\Users\luigu\.m2\repository\org\controlsfx\controlsfx\11.1.2\controlsfx-11.1.2.jar;C:\Users\luigu\IdeaProjects\Joyeria_ProyectoMult\target\classes;C:\Users\luigu\.m2\repository\org\openjfx\javafx-base\17.0.6\javafx-base-17.0.6-win-x86.jar;C:\Users\luigu\.m2\repository\net\synedra\validatorfx\0.4.0\validatorfx-0.4.0.jar;C:\Users\luigu\.m2\repository\org\openjfx\javafx-fxml\17.0.6\javafx-fxml-17.0.6-win-x86.jar;C:\Users\luigu\.m2\repository\org\openjfx\javafx-controls\17.0.6\javafx-controls-17.0.6-win-x86.jar;C:\Users\luigu\.m2\repository\org\openjfx\javafx-graphics\17.0.6\javafx-graphics-17.0.6-win-x86.jar;C:\Users\luigu\.m2\repository\com\dlsc\formsfx\formsfx-core\11.6.0\formsfx-core-11.6.0.jar;C:\Users\luigu\.m2\repository\org\kordamp\bootstrapfx\bootstrapfx-core\0.4.0\bootstrapfx-core-0.4.0.jar -Djdk.module.main=com.eduard034.joyeria_proyectomult com.eduard034.joyeria_proyectomult/com.eduard034.joyeria_proyectomult.JoyeriaApp

Host: 12th Gen Intel(R) Core(TM) i5-12450H, 12 cores, 7G,  Windows 11 , 64 bit Build 22621 (10.0.22621.3374)
Time: Fri Apr 19 14:53:32 2024 Hora estándar central (México) elapsed time: 205.988358 seconds (0d 0h 3m 25s)

---------------  T H R E A D  ---------------

Current thread (0x1620d000):  JavaThread "JavaFX Application Thread" [_thread_in_native, id=12640, stack(0x19440000,0x19490000)]

Stack: [0x19440000,0x19490000],  sp=0x1948ea2c,  free space=314k
Native frames: (J=compiled Java code, A=aot compiled Java code, j=interpreted, Vv=VM code, C=native code)
C  [glass.dll+0x16c62]

Java frames: (J=compiled Java code, j=interpreted, Vv=VM code)
j  com.sun.glass.ui.win.WinWindow._close(J)Z+0 javafx.graphics
j  com.sun.glass.ui.Window.close()V+63 javafx.graphics
j  com.sun.glass.ui.win.WinWindow.close()V+8 javafx.graphics
j  com.sun.glass.ui.Application.terminate()V+75 javafx.graphics
j  com.sun.javafx.tk.quantum.QuantumToolkit.lambda$exit$13()Ljava/lang/Object;+5 javafx.graphics
j  com.sun.javafx.tk.quantum.QuantumToolkit$$Lambda$695.get()Ljava/lang/Object;+0 javafx.graphics
j  com.sun.javafx.tk.quantum.QuantumToolkit.runWithRenderLock(Ljava/util/function/Supplier;)Ljava/lang/Object;+7 javafx.graphics
j  com.sun.javafx.tk.quantum.QuantumToolkit.exit()V+26 javafx.graphics
j  com.sun.javafx.application.PlatformImpl.lambda$tkExit$16()V+3 javafx.graphics
j  com.sun.javafx.application.PlatformImpl$$Lambda$694.run()V+0 javafx.graphics
j  com.sun.javafx.application.PlatformImpl.lambda$runAndWait$12(Ljava/lang/Runnable;Ljava/util/concurrent/CountDownLatch;)V+1 javafx.graphics
j  com.sun.javafx.application.PlatformImpl$$Lambda$87.run()V+8 javafx.graphics
j  com.sun.javafx.application.PlatformImpl.lambda$runLater$10(Ljava/lang/Runnable;)Ljava/lang/Void;+1 javafx.graphics
j  com.sun.javafx.application.PlatformImpl$$Lambda$90.run()Ljava/lang/Object;+4 javafx.graphics
v  ~StubRoutines::call_stub
J 1186  java.security.AccessController.doPrivileged(Ljava/security/PrivilegedAction;Ljava/security/AccessControlContext;)Ljava/lang/Object; java.base@11.0.21 (0 bytes) @ 0x02f9d947 [0x02f9d8e0+0x00000067]
j  com.sun.javafx.application.PlatformImpl.lambda$runLater$11(Ljava/lang/Runnable;Ljava/security/AccessControlContext;)V+7 javafx.graphics
j  com.sun.javafx.application.PlatformImpl$$Lambda$89.run()V+8 javafx.graphics
J 1761 c1 com.sun.glass.ui.InvokeLaterDispatcher$Future.run()V javafx.graphics (91 bytes) @ 0x0304dfc0 [0x0304df90+0x00000030]
v  ~StubRoutines::call_stub
j  com.sun.glass.ui.win.WinApplication._runLoop(Ljava/lang/Runnable;)V+0 javafx.graphics
j  com.sun.glass.ui.win.WinApplication.lambda$runLoop$3(ILjava/lang/Runnable;)V+8 javafx.graphics
j  com.sun.glass.ui.win.WinApplication$$Lambda$78.run()V+12 javafx.graphics
j  java.lang.Thread.run()V+11 java.base@11.0.21
v  ~StubRoutines::call_stub

siginfo: EXCEPTION_ACCESS_VIOLATION (0xc0000005), reading address 0x000000b8


Register to memory mapping:

EIP=0x6ace6c62 glass.dll
EAX=0x0 is NULL
EBX=0x1948ec60 is pointing into the stack for thread: 0x1620d000
ECX=0x0 is NULL
EDX=0x0 is NULL
ESP=0x1948ea2c is pointing into the stack for thread: 0x1620d000
EBP=0x1948ea58 is pointing into the stack for thread: 0x1620d000
ESI=0x00000401 is an unknown value
EDI=0x0 is NULL


Registers:
EAX=0x00000000, EBX=0x1948ec60, ECX=0x00000000, EDX=0x00000000
ESP=0x1948ea2c, EBP=0x1948ea58, ESI=0x00000401, EDI=0x00000000
EIP=0x6ace6c62, EFLAGS=0x00010202

Top of Stack: (sp=0x1948ea2c)
0x1948ea2c:   1948ec60 00000401 1948ec60 6acd8df8
0x1948ea3c:   5bb5e42a 16101bb8 00420686 00000401
0x1948ea4c:   1948eb8c 6acf02b0 ffffffff 00000000
0x1948ea5c:   6acd1755 00000401 1948ec60 00000000
0x1948ea6c:   00000401 00420686 1948eaa4 6acd16f0
0x1948ea7c:   76ab30b3 00420686 00000401 1948ec60
0x1948ea8c:   00000000 00420686 dcbaabcd 6acd16f0
0x1948ea9c:   00000401 00420686 1948eb9c 76aa3ef6 

Instructions: (pc=0x6ace6c62)
0x6ace6b62:   21 56 e8 47 42 00 00 ff 35 e8 03 d0 6a 8b f0 ff
0x6ace6b72:   77 68 56 e8 96 de fe ff 56 e8 a0 41 00 00 83 c4
0x6ace6b82:   10 5e c7 05 a4 03 d0 6a 00 00 00 00 5f c3 83 ec
0x6ace6b92:   24 a1 ec e0 cf 6a 33 c4 89 44 24 20 8b 44 24 28
0x6ace6ba2:   53 89 44 24 04 8b d9 8b 44 24 30 89 44 24 08 8b
0x6ace6bb2:   44 24 38 55 89 44 24 10 8b 44 24 38 56 89 83 84
0x6ace6bc2:   00 00 00 8b 44 24 0c 89 5c 24 18 bb 00 00 00 80
0x6ace6bd2:   8b eb 8b f3 57 8b fb 85 c0 79 29 8d 44 24 20 50
0x6ace6be2:   e8 29 aa fe ff 83 c4 04 85 c0 8b 44 24 10 74 14
0x6ace6bf2:   8b 74 24 28 8b 5c 24 20 2b f3 8b 7c 24 2c 8b 6c
0x6ace6c02:   24 24 2b fd 6a 00 50 ff 74 24 1c 68 d8 23 cf 6a
0x6ace6c12:   57 56 8b 74 24 34 8b ce 55 53 ff 74 24 38 e8 db
0x6ace6c22:   a7 fe ff 8b f8 8d 4e 14 57 e8 40 64 00 00 57 8d
0x6ace6c32:   4e 14 e8 c7 64 00 00 8b 4c 24 30 8b c7 5f 5e 5d
0x6ace6c42:   5b 33 cc e8 ae 7a 00 00 83 c4 24 c2 10 00 53 8b
0x6ace6c52:   d9 56 57 ff 73 08 e8 93 a9 fe ff 8b f8 83 c4 04
0x6ace6c62:   8b 87 b8 00 00 00 85 c0 75 03 8b 47 04 3b 05 a4
0x6ace6c72:   03 d0 6a 75 29 e8 34 41 00 00 ff 35 e8 03 d0 6a
0x6ace6c82:   8b f0 ff 77 68 56 e8 83 dd fe ff 56 e8 8d 40 00
0x6ace6c92:   00 83 c4 10 c7 05 a4 03 d0 6a 00 00 00 00 8d 4f
0x6ace6ca2:   14 e8 b8 69 00 00 8d 4f 14 e8 e0 69 00 00 ff 73
0x6ace6cb2:   08 ff 15 f8 fe cf 6a 85 c0 5f 0f 95 c0 5e 88 43
0x6ace6cc2:   04 5b c3 cc cc cc cc cc cc cc cc cc cc cc 55 8b
0x6ace6cd2:   ec 6a ff 68 f7 11 cf 6a 64 a1 00 00 00 00 50 83
0x6ace6ce2:   ec 08 53 56 57 a1 ec e0 cf 6a 33 c5 50 8d 45 f4
0x6ace6cf2:   64 a3 00 00 00 00 8b f9 ff 77 18 ff 15 60 ff cf
0x6ace6d02:   6a 85 c0 75 13 0f 57 c0 66 0f 13 45 ec 8b 55 f0
0x6ace6d12:   8b 45 ec e9 a7 00 00 00 68 dc 00 00 00 e8 96 79
0x6ace6d22:   00 00 83 c4 04 89 45 f0 c7 45 fc 00 00 00 00 85
0x6ace6d32:   c0 74 19 ff 77 18 8b c8 6a 01 6a 00 6a 00 6a 00
0x6ace6d42:   ff 77 10 e8 a6 f9 ff ff 8b d8 eb 02 33 db ff 77
0x6ace6d52:   18 8b cb c7 45 fc ff ff ff ff 6a 00 68 00 00 10 


Stack slot to memory mapping:
stack at sp + 0 slots: 0x1948ec60 is pointing into the stack for thread: 0x1620d000
stack at sp + 1 slots: 0x00000401 is an unknown value
stack at sp + 2 slots: 0x1948ec60 is pointing into the stack for thread: 0x1620d000
stack at sp + 3 slots: 0x6acd8df8 glass.dll
stack at sp + 4 slots: 0x5bb5e42a is an unknown value
stack at sp + 5 slots: 0x16101bb8 points into unknown readable memory: 0x6acf319c | 9c 31 cf 6a
stack at sp + 6 slots: 0x00420686 points into unknown readable memory: 3f 3f
stack at sp + 7 slots: 0x00000401 is an unknown value


---------------  P R O C E S S  ---------------

Threads class SMR info:
_java_thread_list=0x209068c8, length=17, elements={
0x02cdf800, 0x02db7800, 0x02d94800, 0x02db5400,
0x1506f800, 0x15070000, 0x15071400, 0x15074c00,
0x02dbd800, 0x155b0800, 0x1588f800, 0x161e8400,
0x1620d000, 0x16342000, 0x1637e800, 0x16456400,
0x20902c00
}

Java Threads: ( => current thread )
  0x02cdf800 JavaThread "main" [_thread_blocked, id=29308, stack(0x02470000,0x024c0000)]
  0x02db7800 JavaThread "Reference Handler" daemon [_thread_blocked, id=17564, stack(0x14e00000,0x14e50000)]
  0x02d94800 JavaThread "Finalizer" daemon [_thread_blocked, id=33168, stack(0x14e90000,0x14ee0000)]
  0x02db5400 JavaThread "Signal Dispatcher" daemon [_thread_blocked, id=22044, stack(0x15280000,0x152d0000)]
  0x1506f800 JavaThread "Attach Listener" daemon [_thread_blocked, id=30724, stack(0x15310000,0x15360000)]
  0x15070000 JavaThread "Service Thread" daemon [_thread_blocked, id=16752, stack(0x153a0000,0x153f0000)]
  0x15071400 JavaThread "C1 CompilerThread0" daemon [_thread_blocked, id=8980, stack(0x15430000,0x15480000)]
  0x15074c00 JavaThread "Sweeper thread" daemon [_thread_blocked, id=4872, stack(0x154c0000,0x15510000)]
  0x02dbd800 JavaThread "Common-Cleaner" daemon [_thread_blocked, id=25648, stack(0x15550000,0x155a0000)]
  0x155b0800 JavaThread "Monitor Ctrl-Break" daemon [_thread_in_native, id=25020, stack(0x159f0000,0x15a40000)]
  0x1588f800 JavaThread "QuantumRenderer-0" daemon [_thread_blocked, id=9960, stack(0x15d10000,0x15d60000)]
  0x161e8400 JavaThread "InvokeLaterDispatcher" daemon [_thread_blocked, id=23436, stack(0x192b0000,0x19300000)]
=>0x1620d000 JavaThread "JavaFX Application Thread" [_thread_in_native, id=12640, stack(0x19440000,0x19490000)]
  0x16342000 JavaThread "JavaFX-Launcher" [_thread_blocked, id=14344, stack(0x1da50000,0x1daa0000)]
  0x1637e800 JavaThread "Thread-2" daemon [_thread_in_native, id=19792, stack(0x1d9c0000,0x1da10000)]
  0x16456400 JavaThread "Prism Font Disposer" daemon [_thread_blocked, id=34380, stack(0x1f070000,0x1f0c0000)]
  0x20902c00 JavaThread "Cleaner-0" daemon [_thread_blocked, id=4616, stack(0x222b0000,0x22300000)]

Other Threads:
  0x02d92800 VMThread "VM Thread" [stack: 0x02c60000,0x02cb0000] [id=33096]
  0x155b1800 WatcherThread [stack: 0x15a80000,0x15ad0000] [id=9820]

Threads with active compile tasks:

VM state:not at safepoint (normal execution)

VM Mutex/Monitor currently owned by a thread: None

Heap:
 def new generation   total 14400K, used 11422K [0x04e00000, 0x05d90000, 0x0a350000)
  eden space 12864K,  76% used [0x04e00000, 0x057a7888, 0x05a90000)
  from space 1536K, 100% used [0x05c10000, 0x05d90000, 0x05d90000)
  to   space 1536K,   0% used [0x05a90000, 0x05a90000, 0x05c10000)
 tenured generation   total 31828K, used 26531K [0x0a350000, 0x0c265000, 0x14e00000)
   the space 31828K,  83% used [0x0a350000, 0x0bd38d68, 0x0bd38e00, 0x0c265000)
 Metaspace       used 16324K, capacity 16735K, committed 17024K, reserved 17792K

Card table byte_map: [0x026d0000,0x02760000] _byte_map_base: 0x026a9000

Polling page: 0x02630000

Metaspace:

Usage:
   16.34 MB capacity,    15.94 MB ( 98%) used,   289.59 KB (  2%) free+waste,   121.05 KB ( <1%) overhead. 

Virtual space:
     17.38 MB reserved,      16.63 MB ( 96%) committed 

Chunk freelists:
256.50 KB

MaxMetaspaceSize: 4.00 GB
No class space
Initial GC threshold: 12.00 MB
Current GC threshold: 27.71 MB
CDS: off

CodeCache: size=32768Kb used=3760Kb max_used=3760Kb free=29007Kb
 bounds [0x02dc0000, 0x03170000, 0x04dc0000]
 total_blobs=3136 nmethods=2695 adapters=373
 compilation: enabled
              stopped_count=0, restarted_count=0
 full_count=0

Compilation events (20 events):
Event: 205.921 Thread 0x15071400 2685             sun.nio.cs.StreamEncoder::writeBytes (132 bytes)
Event: 205.921 Thread 0x15071400 nmethod 2685 0x03169888 code [0x03169a20, 0x03169d60]
Event: 205.921 Thread 0x15071400 2686   !         java.io.PrintStream::write (69 bytes)
Event: 205.921 Thread 0x15071400 nmethod 2686 0x03169f88 code [0x0316a0f0, 0x0316a460]
Event: 205.921 Thread 0x15071400 2687  s          java.io.BufferedOutputStream::write (67 bytes)
Event: 205.921 Thread 0x15071400 nmethod 2687 0x0316a688 code [0x0316a7d0, 0x0316ab60]
Event: 205.921 Thread 0x15071400 2688             java.io.FileOutputStream::write (20 bytes)
Event: 205.921 Thread 0x15071400 nmethod 2688 0x0316ac88 code [0x0316ada0, 0x0316ae4c]
Event: 205.921 Thread 0x15071400 2689             java.io.FileDescriptor$1::getAppend (5 bytes)
Event: 205.921 Thread 0x15071400 nmethod 2689 0x0316af08 code [0x0316b010, 0x0316b0a0]
Event: 205.922 Thread 0x15071400 2691   !         java.io.BufferedWriter::flushBuffer (53 bytes)
Event: 205.922 Thread 0x15071400 nmethod 2691 0x0316b108 code [0x0316b240, 0x0316b548]
Event: 205.922 Thread 0x15071400 2692             java.io.OutputStreamWriter::write (11 bytes)
Event: 205.922 Thread 0x15071400 nmethod 2692 0x0316b6c8 code [0x0316b7e0, 0x0316b88c]
Event: 205.922 Thread 0x15071400 2693             java.io.OutputStreamWriter::flushBuffer (8 bytes)
Event: 205.922 Thread 0x15071400 nmethod 2693 0x0316b908 code [0x0316ba20, 0x0316babc]
Event: 205.922 Thread 0x15071400 2694   !         sun.nio.cs.StreamEncoder::flushBuffer (42 bytes)
Event: 205.922 Thread 0x15071400 nmethod 2694 0x0316bb48 code [0x0316bc80, 0x0316bf38]
Event: 205.922 Thread 0x15071400 2695             sun.nio.cs.StreamEncoder::isOpen (13 bytes)
Event: 205.922 Thread 0x15071400 nmethod 2695 0x0316c108 code [0x0316c210, 0x0316c2a0]

GC Heap History (20 events):
Event: 0.902 GC heap before
{Heap before GC invocations=10 (full 1):
 def new generation   total 8640K, used 8640K [0x04e00000, 0x05760000, 0x0a350000)
  eden space 7680K, 100% used [0x04e00000, 0x05580000, 0x05580000)
  from space 960K, 100% used [0x05670000, 0x05760000, 0x05760000)
  to   space 960K,   0% used [0x05580000, 0x05580000, 0x05670000)
 tenured generation   total 19096K, used 11737K [0x0a350000, 0x0b5f6000, 0x14e00000)
   the space 19096K,  61% used [0x0a350000, 0x0aec66d0, 0x0aec6800, 0x0b5f6000)
 Metaspace       used 13898K, capacity 14189K, committed 14208K, reserved 14720K
}
Event: 0.904 GC heap after
{Heap after GC invocations=11 (full 1):
 def new generation   total 8640K, used 562K [0x04e00000, 0x05760000, 0x0a350000)
  eden space 7680K,   0% used [0x04e00000, 0x04e00000, 0x05580000)
  from space 960K,  58% used [0x05580000, 0x0560c8e8, 0x05670000)
  to   space 960K,   0% used [0x05670000, 0x05670000, 0x05760000)
 tenured generation   total 19096K, used 12688K [0x0a350000, 0x0b5f6000, 0x14e00000)
   the space 19096K,  66% used [0x0a350000, 0x0afb4220, 0x0afb4400, 0x0b5f6000)
 Metaspace       used 13898K, capacity 14189K, committed 14208K, reserved 14720K
}
Event: 9.788 GC heap before
{Heap before GC invocations=11 (full 1):
 def new generation   total 8640K, used 8242K [0x04e00000, 0x05760000, 0x0a350000)
  eden space 7680K, 100% used [0x04e00000, 0x05580000, 0x05580000)
  from space 960K,  58% used [0x05580000, 0x0560c8e8, 0x05670000)
  to   space 960K,   0% used [0x05670000, 0x05670000, 0x05760000)
 tenured generation   total 19096K, used 12688K [0x0a350000, 0x0b5f6000, 0x14e00000)
   the space 19096K,  66% used [0x0a350000, 0x0afb4220, 0x0afb4400, 0x0b5f6000)
 Metaspace       used 14778K, capacity 15072K, committed 15104K, reserved 15744K
}
Event: 9.791 GC heap after
{Heap after GC invocations=12 (full 1):
 def new generation   total 8640K, used 960K [0x04e00000, 0x05760000, 0x0a350000)
  eden space 7680K,   0% used [0x04e00000, 0x04e00000, 0x05580000)
  from space 960K, 100% used [0x05670000, 0x05760000, 0x05760000)
  to   space 960K,   0% used [0x05580000, 0x05580000, 0x05670000)
 tenured generation   total 19096K, used 14275K [0x0a350000, 0x0b5f6000, 0x14e00000)
   the space 19096K,  74% used [0x0a350000, 0x0b140f38, 0x0b141000, 0x0b5f6000)
 Metaspace       used 14778K, capacity 15072K, committed 15104K, reserved 15744K
}
Event: 11.366 GC heap before
{Heap before GC invocations=12 (full 1):
 def new generation   total 8640K, used 8640K [0x04e00000, 0x05760000, 0x0a350000)
  eden space 7680K, 100% used [0x04e00000, 0x05580000, 0x05580000)
  from space 960K, 100% used [0x05670000, 0x05760000, 0x05760000)
  to   space 960K,   0% used [0x05580000, 0x05580000, 0x05670000)
 tenured generation   total 19096K, used 14275K [0x0a350000, 0x0b5f6000, 0x14e00000)
   the space 19096K,  74% used [0x0a350000, 0x0b140f38, 0x0b141000, 0x0b5f6000)
 Metaspace       used 15866K, capacity 16277K, committed 16384K, reserved 16768K
}
Event: 11.368 GC heap after
{Heap after GC invocations=13 (full 1):
 def new generation   total 8640K, used 783K [0x04e00000, 0x05760000, 0x0a350000)
  eden space 7680K,   0% used [0x04e00000, 0x04e00000, 0x05580000)
  from space 960K,  81% used [0x05580000, 0x05643de8, 0x05670000)
  to   space 960K,   0% used [0x05670000, 0x05670000, 0x05760000)
 tenured generation   total 19096K, used 15169K [0x0a350000, 0x0b5f6000, 0x14e00000)
   the space 19096K,  79% used [0x0a350000, 0x0b2205c8, 0x0b220600, 0x0b5f6000)
 Metaspace       used 15866K, capacity 16277K, committed 16384K, reserved 16768K
}
Event: 19.459 GC heap before
{Heap before GC invocations=13 (full 1):
 def new generation   total 8640K, used 8463K [0x04e00000, 0x05760000, 0x0a350000)
  eden space 7680K, 100% used [0x04e00000, 0x05580000, 0x05580000)
  from space 960K,  81% used [0x05580000, 0x05643de8, 0x05670000)
  to   space 960K,   0% used [0x05670000, 0x05670000, 0x05760000)
 tenured generation   total 19096K, used 15169K [0x0a350000, 0x0b5f6000, 0x14e00000)
   the space 19096K,  79% used [0x0a350000, 0x0b2205c8, 0x0b220600, 0x0b5f6000)
 Metaspace       used 16139K, capacity 16545K, committed 16640K, reserved 16768K
}
Event: 19.463 GC heap after
{Heap after GC invocations=14 (full 1):
 def new generation   total 8640K, used 960K [0x04e00000, 0x05760000, 0x0a350000)
  eden space 7680K,   0% used [0x04e00000, 0x04e00000, 0x05580000)
  from space 960K, 100% used [0x05670000, 0x05760000, 0x05760000)
  to   space 960K,   0% used [0x05580000, 0x05580000, 0x05670000)
 tenured generation   total 19096K, used 17064K [0x0a350000, 0x0b5f6000, 0x14e00000)
   the space 19096K,  89% used [0x0a350000, 0x0b3fa3a8, 0x0b3fa400, 0x0b5f6000)
 Metaspace       used 16139K, capacity 16545K, committed 16640K, reserved 16768K
}
Event: 54.717 GC heap before
{Heap before GC invocations=14 (full 1):
 def new generation   total 8640K, used 8640K [0x04e00000, 0x05760000, 0x0a350000)
  eden space 7680K, 100% used [0x04e00000, 0x05580000, 0x05580000)
  from space 960K, 100% used [0x05670000, 0x05760000, 0x05760000)
  to   space 960K,   0% used [0x05580000, 0x05580000, 0x05670000)
 tenured generation   total 19096K, used 17064K [0x0a350000, 0x0b5f6000, 0x14e00000)
   the space 19096K,  89% used [0x0a350000, 0x0b3fa3a8, 0x0b3fa400, 0x0b5f6000)
 Metaspace       used 16316K, capacity 16743K, committed 16768K, reserved 16768K
}
Event: 54.720 GC heap after
{Heap after GC invocations=15 (full 1):
 def new generation   total 8640K, used 459K [0x04e00000, 0x05760000, 0x0a350000)
  eden space 7680K,   0% used [0x04e00000, 0x04e00000, 0x05580000)
  from space 960K,  47% used [0x05580000, 0x055f2fc8, 0x05670000)
  to   space 960K,   0% used [0x05670000, 0x05670000, 0x05760000)
 tenured generation   total 19096K, used 17987K [0x0a350000, 0x0b5f6000, 0x14e00000)
   the space 19096K,  94% used [0x0a350000, 0x0b4e0fa0, 0x0b4e1000, 0x0b5f6000)
 Metaspace       used 16316K, capacity 16743K, committed 16768K, reserved 16768K
}
Event: 95.337 GC heap before
{Heap before GC invocations=15 (full 1):
 def new generation   total 8640K, used 8139K [0x04e00000, 0x05760000, 0x0a350000)
  eden space 7680K, 100% used [0x04e00000, 0x05580000, 0x05580000)
  from space 960K,  47% used [0x05580000, 0x055f2fc8, 0x05670000)
  to   space 960K,   0% used [0x05670000, 0x05670000, 0x05760000)
 tenured generation   total 19096K, used 17987K [0x0a350000, 0x0b5f6000, 0x14e00000)
   the space 19096K,  94% used [0x0a350000, 0x0b4e0fa0, 0x0b4e1000, 0x0b5f6000)
 Metaspace       used 16498K, capacity 16944K, committed 17024K, reserved 17792K
}
Event: 95.339 GC heap after
{Heap after GC invocations=16 (full 1):
 def new generation   total 8640K, used 896K [0x04e00000, 0x05760000, 0x0a350000)
  eden space 7680K,   0% used [0x04e00000, 0x04e00000, 0x05580000)
  from space 960K,  93% used [0x05670000, 0x05750148, 0x05760000)
  to   space 960K,   0% used [0x05580000, 0x05580000, 0x05670000)
 tenured generation   total 19096K, used 17987K [0x0a350000, 0x0b5f6000, 0x14e00000)
   the space 19096K,  94% used [0x0a350000, 0x0b4e0fa0, 0x0b4e1000, 0x0b5f6000)
 Metaspace       used 16498K, capacity 16944K, committed 17024K, reserved 17792K
}
Event: 95.371 GC heap before
{Heap before GC invocations=16 (full 1):
 def new generation   total 8640K, used 8576K [0x04e00000, 0x05760000, 0x0a350000)
  eden space 7680K, 100% used [0x04e00000, 0x05580000, 0x05580000)
  from space 960K,  93% used [0x05670000, 0x05750148, 0x05760000)
  to   space 960K,   0% used [0x05580000, 0x05580000, 0x05670000)
 tenured generation   total 19096K, used 17987K [0x0a350000, 0x0b5f6000, 0x14e00000)
   the space 19096K,  94% used [0x0a350000, 0x0b4e0fa0, 0x0b4e1000, 0x0b5f6000)
 Metaspace       used 16499K, capacity 16944K, committed 17024K, reserved 17792K
}
Event: 95.393 GC heap after
{Heap after GC invocations=17 (full 2):
 def new generation   total 14400K, used 0K [0x04e00000, 0x05d90000, 0x0a350000)
  eden space 12864K,   0% used [0x04e00000, 0x04e00000, 0x05a90000)
  from space 1536K,   0% used [0x05a90000, 0x05a90000, 0x05c10000)
  to   space 1536K,   0% used [0x05c10000, 0x05c10000, 0x05d90000)
 tenured generation   total 31828K, used 19095K [0x0a350000, 0x0c265000, 0x14e00000)
   the space 31828K,  59% used [0x0a350000, 0x0b5f5d80, 0x0b5f5e00, 0x0c265000)
 Metaspace       used 16232K, capacity 16618K, committed 17024K, reserved 17792K
}
Event: 123.954 GC heap before
{Heap before GC invocations=17 (full 2):
 def new generation   total 14400K, used 12864K [0x04e00000, 0x05d90000, 0x0a350000)
  eden space 12864K, 100% used [0x04e00000, 0x05a90000, 0x05a90000)
  from space 1536K,   0% used [0x05a90000, 0x05a90000, 0x05c10000)
  to   space 1536K,   0% used [0x05c10000, 0x05c10000, 0x05d90000)
 tenured generation   total 31828K, used 19095K [0x0a350000, 0x0c265000, 0x14e00000)
   the space 31828K,  59% used [0x0a350000, 0x0b5f5d80, 0x0b5f5e00, 0x0c265000)
 Metaspace       used 16260K, capacity 16644K, committed 17024K, reserved 17792K
}
Event: 123.959 GC heap after
{Heap after GC invocations=18 (full 2):
 def new generation   total 14400K, used 1536K [0x04e00000, 0x05d90000, 0x0a350000)
  eden space 12864K,   0% used [0x04e00000, 0x04e00000, 0x05a90000)
  from space 1536K, 100% used [0x05c10000, 0x05d90000, 0x05d90000)
  to   space 1536K,   0% used [0x05a90000, 0x05a90000, 0x05c10000)
 tenured generation   total 31828K, used 21136K [0x0a350000, 0x0c265000, 0x14e00000)
   the space 31828K,  66% used [0x0a350000, 0x0b7f42c0, 0x0b7f4400, 0x0c265000)
 Metaspace       used 16260K, capacity 16644K, committed 17024K, reserved 17792K
}
Event: 134.683 GC heap before
{Heap before GC invocations=18 (full 2):
 def new generation   total 14400K, used 14400K [0x04e00000, 0x05d90000, 0x0a350000)
  eden space 12864K, 100% used [0x04e00000, 0x05a90000, 0x05a90000)
  from space 1536K, 100% used [0x05c10000, 0x05d90000, 0x05d90000)
  to   space 1536K,   0% used [0x05a90000, 0x05a90000, 0x05c10000)
 tenured generation   total 31828K, used 21136K [0x0a350000, 0x0c265000, 0x14e00000)
   the space 31828K,  66% used [0x0a350000, 0x0b7f42c0, 0x0b7f4400, 0x0c265000)
 Metaspace       used 16290K, capacity 16703K, committed 17024K, reserved 17792K
}
Event: 134.690 GC heap after
{Heap after GC invocations=19 (full 2):
 def new generation   total 14400K, used 1536K [0x04e00000, 0x05d90000, 0x0a350000)
  eden space 12864K,   0% used [0x04e00000, 0x04e00000, 0x05a90000)
  from space 1536K, 100% used [0x05a90000, 0x05c10000, 0x05c10000)
  to   space 1536K,   0% used [0x05c10000, 0x05c10000, 0x05d90000)
 tenured generation   total 31828K, used 23742K [0x0a350000, 0x0c265000, 0x14e00000)
   the space 31828K,  74% used [0x0a350000, 0x0ba7fad8, 0x0ba7fc00, 0x0c265000)
 Metaspace       used 16290K, capacity 16703K, committed 17024K, reserved 17792K
}
Event: 204.254 GC heap before
{Heap before GC invocations=19 (full 2):
 def new generation   total 14400K, used 13409K [0x04e00000, 0x05d90000, 0x0a350000)
  eden space 12864K,  92% used [0x04e00000, 0x05998440, 0x05a90000)
  from space 1536K, 100% used [0x05a90000, 0x05c10000, 0x05c10000)
  to   space 1536K,   0% used [0x05c10000, 0x05c10000, 0x05d90000)
 tenured generation   total 31828K, used 23742K [0x0a350000, 0x0c265000, 0x14e00000)
   the space 31828K,  74% used [0x0a350000, 0x0ba7fad8, 0x0ba7fc00, 0x0c265000)
 Metaspace       used 16300K, capacity 16708K, committed 17024K, reserved 17792K
}
Event: 204.260 GC heap after
{Heap after GC invocations=20 (full 2):
 def new generation   total 14400K, used 1536K [0x04e00000, 0x05d90000, 0x0a350000)
  eden space 12864K,   0% used [0x04e00000, 0x04e00000, 0x05a90000)
  from space 1536K, 100% used [0x05c10000, 0x05d90000, 0x05d90000)
  to   space 1536K,   0% used [0x05a90000, 0x05a90000, 0x05c10000)
 tenured generation   total 31828K, used 26531K [0x0a350000, 0x0c265000, 0x14e00000)
   the space 31828K,  83% used [0x0a350000, 0x0bd38d68, 0x0bd38e00, 0x0c265000)
 Metaspace       used 16300K, capacity 16708K, committed 17024K, reserved 17792K
}

Deoptimization events (16 events):
Event: 0.807 Thread 0x1620d000 DEOPT PACKING pc=0x02eeea0f sp=0x1948e320
Event: 0.807 Thread 0x1620d000 DEOPT UNPACKING pc=0x02dfc187 sp=0x1948e240 mode 3
Event: 0.810 Thread 0x1620d000 DEOPT PACKING pc=0x02f1e771 sp=0x1948e4a0
Event: 0.810 Thread 0x1620d000 DEOPT UNPACKING pc=0x02dfc187 sp=0x1948e3c4 mode 3
Event: 0.899 Thread 0x1620d000 DEOPT PACKING pc=0x02f61b4c sp=0x1948e490
Event: 0.899 Thread 0x1620d000 DEOPT UNPACKING pc=0x02dfc187 sp=0x1948e340 mode 3
Event: 7.838 Thread 0x1588f800 DEOPT PACKING pc=0x02fa067d sp=0x15d5e7d0
Event: 7.838 Thread 0x1588f800 DEOPT UNPACKING pc=0x02dfc187 sp=0x15d5e6fc mode 3
Event: 122.555 Thread 0x1620d000 DEOPT PACKING pc=0x030fc14d sp=0x19484c50
Event: 122.555 Thread 0x1620d000 DEOPT UNPACKING pc=0x02dfc187 sp=0x19484af8 mode 3
Event: 204.285 Thread 0x1620d000 DEOPT PACKING pc=0x0309f279 sp=0x1946c1d0
Event: 204.285 Thread 0x1620d000 DEOPT UNPACKING pc=0x02dfc187 sp=0x1946c074 mode 3
Event: 205.511 Thread 0x1620d000 DEOPT PACKING pc=0x02f9b5e4 sp=0x1948cec0
Event: 205.511 Thread 0x1620d000 DEOPT UNPACKING pc=0x02dfc187 sp=0x1948cd5c mode 0
Event: 205.511 Thread 0x1620d000 DEOPT PACKING pc=0x02f9b5e4 sp=0x1948e8c0
Event: 205.511 Thread 0x1620d000 DEOPT UNPACKING pc=0x02dfc187 sp=0x1948e75c mode 0

Classes redefined (0 events):
No events

Internal exceptions (20 events):
Event: 205.590 Thread 0x1620d000 Exception <a 'java/lang/IllegalArgumentException'{0x0564cb00}> (0x0564cb00) thrown at [s\src\hotspot\share\prims\jvm.cpp, line 1310]
Event: 205.610 Thread 0x1620d000 Exception <a 'java/lang/IllegalArgumentException'{0x05693f00}> (0x05693f00) thrown at [s\src\hotspot\share\prims\jvm.cpp, line 1310]
Event: 205.629 Thread 0x1620d000 Exception <a 'java/lang/IllegalArgumentException'{0x0569f900}> (0x0569f900) thrown at [s\src\hotspot\share\prims\jvm.cpp, line 1310]
Event: 205.649 Thread 0x1620d000 Exception <a 'java/lang/IllegalArgumentException'{0x056ab300}> (0x056ab300) thrown at [s\src\hotspot\share\prims\jvm.cpp, line 1310]
Event: 205.700 Thread 0x1620d000 Exception <a 'java/lang/IllegalArgumentException'{0x056b6cf8}> (0x056b6cf8) thrown at [s\src\hotspot\share\prims\jvm.cpp, line 1310]
Event: 205.724 Thread 0x1620d000 Exception <a 'java/lang/IllegalArgumentException'{0x056c2720}> (0x056c2720) thrown at [s\src\hotspot\share\prims\jvm.cpp, line 1310]
Event: 205.747 Thread 0x1620d000 Exception <a 'java/lang/IllegalArgumentException'{0x056ce110}> (0x056ce110) thrown at [s\src\hotspot\share\prims\jvm.cpp, line 1310]
Event: 205.761 Thread 0x1620d000 Exception <a 'java/lang/IllegalArgumentException'{0x056d9b00}> (0x056d9b00) thrown at [s\src\hotspot\share\prims\jvm.cpp, line 1310]
Event: 205.774 Thread 0x1620d000 Exception <a 'java/lang/IllegalArgumentException'{0x056e54e8}> (0x056e54e8) thrown at [s\src\hotspot\share\prims\jvm.cpp, line 1310]
Event: 205.787 Thread 0x1620d000 Exception <a 'java/lang/IllegalArgumentException'{0x056f0ed0}> (0x056f0ed0) thrown at [s\src\hotspot\share\prims\jvm.cpp, line 1310]
Event: 205.818 Thread 0x1620d000 Exception <a 'java/lang/IllegalArgumentException'{0x056fc8d0}> (0x056fc8d0) thrown at [s\src\hotspot\share\prims\jvm.cpp, line 1310]
Event: 205.837 Thread 0x1620d000 Exception <a 'java/lang/IllegalArgumentException'{0x057082b0}> (0x057082b0) thrown at [s\src\hotspot\share\prims\jvm.cpp, line 1310]
Event: 205.852 Thread 0x1620d000 Exception <a 'java/lang/IllegalArgumentException'{0x05713c88}> (0x05713c88) thrown at [s\src\hotspot\share\prims\jvm.cpp, line 1310]
Event: 205.868 Thread 0x1620d000 Exception <a 'java/lang/IllegalArgumentException'{0x0571f660}> (0x0571f660) thrown at [s\src\hotspot\share\prims\jvm.cpp, line 1310]
Event: 205.883 Thread 0x1620d000 Exception <a 'java/lang/IllegalArgumentException'{0x0572b030}> (0x0572b030) thrown at [s\src\hotspot\share\prims\jvm.cpp, line 1310]
Event: 205.901 Thread 0x1620d000 Exception <a 'java/lang/IllegalArgumentException'{0x05736a18}> (0x05736a18) thrown at [s\src\hotspot\share\prims\jvm.cpp, line 1310]
Event: 205.917 Thread 0x1620d000 Exception <a 'java/lang/IllegalArgumentException'{0x057423e0}> (0x057423e0) thrown at [s\src\hotspot\share\prims\jvm.cpp, line 1310]
Event: 205.931 Thread 0x1620d000 Exception <a 'java/lang/IllegalArgumentException'{0x0574dda8}> (0x0574dda8) thrown at [s\src\hotspot\share\prims\jvm.cpp, line 1310]
Event: 205.946 Thread 0x1620d000 Exception <a 'java/lang/IllegalArgumentException'{0x05759768}> (0x05759768) thrown at [s\src\hotspot\share\prims\jvm.cpp, line 1310]
Event: 205.959 Thread 0x1620d000 Exception <a 'java/lang/IllegalArgumentException'{0x05765118}> (0x05765118) thrown at [s\src\hotspot\share\prims\jvm.cpp, line 1310]

Events (20 events):
Event: 144.534 Executing VM operation: RevokeBias
Event: 144.534 Executing VM operation: RevokeBias done
Event: 167.530 Executing VM operation: RevokeBias
Event: 167.531 Executing VM operation: RevokeBias done
Event: 174.081 Executing VM operation: RevokeBias
Event: 174.081 Executing VM operation: RevokeBias done
Event: 195.822 Executing VM operation: RevokeBias
Event: 195.822 Executing VM operation: RevokeBias done
Event: 203.191 Executing VM operation: RevokeBias
Event: 203.192 Executing VM operation: RevokeBias done
Event: 204.254 Executing VM operation: GenCollectForAllocation
Event: 204.260 Executing VM operation: GenCollectForAllocation done
Event: 204.313 Executing VM operation: RevokeBias
Event: 204.314 Executing VM operation: RevokeBias done
Event: 205.510 loading class javafx/application/Application
Event: 205.510 loading class javafx/application/Application done
Event: 205.510 loading class javafx/application/Application
Event: 205.510 loading class javafx/application/Application done
Event: 205.960 Executing VM operation: BulkRevokeBias
Event: 205.960 Executing VM operation: BulkRevokeBias done


Dynamic libraries:
0x00c70000 - 0x00c7c000 	C:\Program Files (x86)\Eclipse Adoptium\jdk-11.0.21.9-hotspot\bin\java.exe
0x76f20000 - 0x770d1000 	C:\WINDOWS\SYSTEM32\ntdll.dll
0x75520000 - 0x75610000 	C:\WINDOWS\System32\KERNEL32.DLL
0x767d0000 - 0x76a45000 	C:\WINDOWS\System32\KERNELBASE.dll
0x73ee0000 - 0x73f86000 	C:\WINDOWS\SYSTEM32\apphelp.dll
0x756d0000 - 0x757e2000 	C:\WINDOWS\System32\ucrtbase.dll
0x74130000 - 0x74145000 	C:\Program Files (x86)\Eclipse Adoptium\jdk-11.0.21.9-hotspot\bin\jli.dll
0x74110000 - 0x74123000 	C:\Program Files (x86)\Eclipse Adoptium\jdk-11.0.21.9-hotspot\bin\VCRUNTIME140.dll
0x76a80000 - 0x76c29000 	C:\WINDOWS\System32\USER32.dll
0x74d10000 - 0x74d2a000 	C:\WINDOWS\System32\win32u.dll
0x6d210000 - 0x6d438000 	C:\WINDOWS\WinSxS\x86_microsoft.windows.common-controls_6595b64144ccf1df_6.0.22621.3235_none_6ebcabb88802389e\COMCTL32.dll
0x76a50000 - 0x76a73000 	C:\WINDOWS\System32\GDI32.dll
0x74da0000 - 0x74e64000 	C:\WINDOWS\System32\msvcrt.dll
0x75b80000 - 0x75c62000 	C:\WINDOWS\System32\gdi32full.dll
0x75c70000 - 0x75ce9000 	C:\WINDOWS\System32\msvcp_win.dll
0x74ce0000 - 0x74d05000 	C:\WINDOWS\System32\IMM32.DLL
0x740a0000 - 0x7410f000 	C:\Program Files (x86)\Eclipse Adoptium\jdk-11.0.21.9-hotspot\bin\msvcp140.dll
0x6be60000 - 0x6c33b000 	C:\Program Files (x86)\Eclipse Adoptium\jdk-11.0.21.9-hotspot\bin\client\jvm.dll
0x76da0000 - 0x76e1f000 	C:\WINDOWS\System32\ADVAPI32.dll
0x76c50000 - 0x76cd5000 	C:\WINDOWS\System32\sechost.dll
0x76d80000 - 0x76d9a000 	C:\WINDOWS\System32\bcrypt.dll
0x75610000 - 0x756ca000 	C:\WINDOWS\System32\RPCRT4.dll
0x74d90000 - 0x74d96000 	C:\WINDOWS\System32\PSAPI.DLL
0x72770000 - 0x727a1000 	C:\WINDOWS\SYSTEM32\WINMM.dll
0x70070000 - 0x70078000 	C:\WINDOWS\SYSTEM32\WSOCK32.dll
0x74a60000 - 0x74a68000 	C:\WINDOWS\SYSTEM32\VERSION.dll
0x75050000 - 0x750af000 	C:\WINDOWS\System32\WS2_32.dll
0x74a70000 - 0x74a83000 	C:\WINDOWS\SYSTEM32\kernel.appcore.dll
0x74090000 - 0x7409d000 	C:\Program Files (x86)\Eclipse Adoptium\jdk-11.0.21.9-hotspot\bin\verify.dll
0x6e140000 - 0x6e316000 	C:\WINDOWS\SYSTEM32\DBGHELP.DLL
0x757f0000 - 0x75a6c000 	C:\WINDOWS\System32\combase.dll
0x76ce0000 - 0x76d7c000 	C:\WINDOWS\System32\OLEAUT32.dll
0x74060000 - 0x74089000 	C:\WINDOWS\SYSTEM32\dbgcore.DLL
0x753b0000 - 0x75412000 	C:\WINDOWS\System32\bcryptPrimitives.dll
0x6e110000 - 0x6e132000 	C:\Program Files (x86)\Eclipse Adoptium\jdk-11.0.21.9-hotspot\bin\java.dll
0x74040000 - 0x74049000 	C:\Program Files (x86)\Eclipse Adoptium\jdk-11.0.21.9-hotspot\bin\jimage.dll
0x6de20000 - 0x6de2d000 	C:\Program Files (x86)\Eclipse Adoptium\jdk-11.0.21.9-hotspot\bin\instrument.dll
0x727b0000 - 0x727c6000 	C:\Program Files (x86)\Eclipse Adoptium\jdk-11.0.21.9-hotspot\bin\zip.dll
0x75cf0000 - 0x76389000 	C:\WINDOWS\System32\SHELL32.dll
0x71e70000 - 0x7255f000 	C:\WINDOWS\SYSTEM32\windows.storage.dll
0x716c0000 - 0x71787000 	C:\WINDOWS\SYSTEM32\wintypes.dll
0x75170000 - 0x75231000 	C:\WINDOWS\System32\SHCORE.dll
0x74d40000 - 0x74d8b000 	C:\WINDOWS\System32\shlwapi.dll
0x70050000 - 0x70069000 	C:\WINDOWS\SYSTEM32\profapi.dll
0x6e0f0000 - 0x6e104000 	C:\Program Files (x86)\Eclipse Adoptium\jdk-11.0.21.9-hotspot\bin\net.dll
0x73c80000 - 0x73d5c000 	C:\WINDOWS\SYSTEM32\WINHTTP.dll
0x6fae0000 - 0x6fb31000 	C:\WINDOWS\system32\mswsock.dll
0x6e900000 - 0x6e90f000 	C:\Program Files (x86)\Eclipse Adoptium\jdk-11.0.21.9-hotspot\bin\nio.dll
0x6d930000 - 0x6d946000 	C:\Users\luigu\AppData\Local\Programs\IntelliJ IDEA Ultimate\bin\breakgen.dll
0x6de10000 - 0x6de13000 	C:\Users\luigu\.openjfx\cache\17.0.6\api-ms-win-core-console-l1-1-0.dll
0x6d920000 - 0x6d923000 	C:\Users\luigu\.openjfx\cache\17.0.6\api-ms-win-core-console-l1-2-0.dll
0x6d900000 - 0x6d903000 	C:\Users\luigu\.openjfx\cache\17.0.6\api-ms-win-core-datetime-l1-1-0.dll
0x6d8f0000 - 0x6d8f3000 	C:\Users\luigu\.openjfx\cache\17.0.6\api-ms-win-core-debug-l1-1-0.dll
0x6d8e0000 - 0x6d8e3000 	C:\Users\luigu\.openjfx\cache\17.0.6\api-ms-win-core-errorhandling-l1-1-0.dll
0x6d8d0000 - 0x6d8d4000 	C:\Users\luigu\.openjfx\cache\17.0.6\api-ms-win-core-file-l1-1-0.dll
0x6d8c0000 - 0x6d8c3000 	C:\Users\luigu\.openjfx\cache\17.0.6\api-ms-win-core-file-l1-2-0.dll
0x6d8b0000 - 0x6d8b3000 	C:\Users\luigu\.openjfx\cache\17.0.6\api-ms-win-core-file-l2-1-0.dll
0x6d8a0000 - 0x6d8a3000 	C:\Users\luigu\.openjfx\cache\17.0.6\api-ms-win-core-handle-l1-1-0.dll
0x6d890000 - 0x6d893000 	C:\Users\luigu\.openjfx\cache\17.0.6\api-ms-win-core-heap-l1-1-0.dll
0x6d880000 - 0x6d883000 	C:\Users\luigu\.openjfx\cache\17.0.6\api-ms-win-core-interlocked-l1-1-0.dll
0x6d870000 - 0x6d873000 	C:\Users\luigu\.openjfx\cache\17.0.6\api-ms-win-core-libraryloader-l1-1-0.dll
0x6d860000 - 0x6d863000 	C:\Users\luigu\.openjfx\cache\17.0.6\api-ms-win-core-localization-l1-2-0.dll
0x6d850000 - 0x6d853000 	C:\Users\luigu\.openjfx\cache\17.0.6\api-ms-win-core-memory-l1-1-0.dll
0x6d840000 - 0x6d843000 	C:\Users\luigu\.openjfx\cache\17.0.6\api-ms-win-core-namedpipe-l1-1-0.dll
0x6d830000 - 0x6d833000 	C:\Users\luigu\.openjfx\cache\17.0.6\api-ms-win-core-processenvironment-l1-1-0.dll
0x6d820000 - 0x6d823000 	C:\Users\luigu\.openjfx\cache\17.0.6\api-ms-win-core-processthreads-l1-1-0.dll
0x6d810000 - 0x6d813000 	C:\Users\luigu\.openjfx\cache\17.0.6\api-ms-win-core-processthreads-l1-1-1.dll
0x6d800000 - 0x6d803000 	C:\Users\luigu\.openjfx\cache\17.0.6\api-ms-win-core-profile-l1-1-0.dll
0x6d7f0000 - 0x6d7f3000 	C:\Users\luigu\.openjfx\cache\17.0.6\api-ms-win-core-rtlsupport-l1-1-0.dll
0x6d7e0000 - 0x6d7e3000 	C:\Users\luigu\.openjfx\cache\17.0.6\api-ms-win-core-string-l1-1-0.dll
0x6d7d0000 - 0x6d7d3000 	C:\Users\luigu\.openjfx\cache\17.0.6\api-ms-win-core-synch-l1-1-0.dll
0x6d7c0000 - 0x6d7c3000 	C:\Users\luigu\.openjfx\cache\17.0.6\api-ms-win-core-synch-l1-2-0.dll
0x6d7b0000 - 0x6d7b3000 	C:\Users\luigu\.openjfx\cache\17.0.6\api-ms-win-core-sysinfo-l1-1-0.dll
0x6d7a0000 - 0x6d7a3000 	C:\Users\luigu\.openjfx\cache\17.0.6\api-ms-win-core-timezone-l1-1-0.dll
0x6d780000 - 0x6d783000 	C:\Users\luigu\.openjfx\cache\17.0.6\api-ms-win-core-util-l1-1-0.dll
0x6d770000 - 0x6d773000 	C:\Users\luigu\.openjfx\cache\17.0.6\api-ms-win-crt-conio-l1-1-0.dll
0x6ce60000 - 0x6ce64000 	C:\Users\luigu\.openjfx\cache\17.0.6\api-ms-win-crt-convert-l1-1-0.dll
0x6ce50000 - 0x6ce53000 	C:\Users\luigu\.openjfx\cache\17.0.6\api-ms-win-crt-environment-l1-1-0.dll
0x6ce40000 - 0x6ce43000 	C:\Users\luigu\.openjfx\cache\17.0.6\api-ms-win-crt-filesystem-l1-1-0.dll
0x6ce30000 - 0x6ce33000 	C:\Users\luigu\.openjfx\cache\17.0.6\api-ms-win-crt-heap-l1-1-0.dll
0x6ce20000 - 0x6ce23000 	C:\Users\luigu\.openjfx\cache\17.0.6\api-ms-win-crt-locale-l1-1-0.dll
0x6ce10000 - 0x6ce15000 	C:\Users\luigu\.openjfx\cache\17.0.6\api-ms-win-crt-math-l1-1-0.dll
0x6ce00000 - 0x6ce05000 	C:\Users\luigu\.openjfx\cache\17.0.6\api-ms-win-crt-multibyte-l1-1-0.dll
0x6cdf0000 - 0x6ce00000 	C:\Users\luigu\.openjfx\cache\17.0.6\api-ms-win-crt-private-l1-1-0.dll
0x6cde0000 - 0x6cde3000 	C:\Users\luigu\.openjfx\cache\17.0.6\api-ms-win-crt-process-l1-1-0.dll
0x6cdd0000 - 0x6cdd4000 	C:\Users\luigu\.openjfx\cache\17.0.6\api-ms-win-crt-runtime-l1-1-0.dll
0x6cdc0000 - 0x6cdc4000 	C:\Users\luigu\.openjfx\cache\17.0.6\api-ms-win-crt-stdio-l1-1-0.dll
0x6cdb0000 - 0x6cdb4000 	C:\Users\luigu\.openjfx\cache\17.0.6\api-ms-win-crt-string-l1-1-0.dll
0x6cda0000 - 0x6cda3000 	C:\Users\luigu\.openjfx\cache\17.0.6\api-ms-win-crt-time-l1-1-0.dll
0x6cd50000 - 0x6cd53000 	C:\Users\luigu\.openjfx\cache\17.0.6\api-ms-win-crt-utility-l1-1-0.dll
0x6bd30000 - 0x6be53000 	C:\Users\luigu\.openjfx\cache\17.0.6\ucrtbase.dll
0x6cd30000 - 0x6cd44000 	C:\Users\luigu\.openjfx\cache\17.0.6\vcruntime140.dll
0x6b8f0000 - 0x6b95d000 	C:\Users\luigu\.openjfx\cache\17.0.6\msvcp140.dll
0x6c940000 - 0x6c947000 	C:\Users\luigu\.openjfx\cache\17.0.6\msvcp140_1.dll
0x6c890000 - 0x6c8b9000 	C:\Users\luigu\.openjfx\cache\17.0.6\msvcp140_2.dll
0x6c820000 - 0x6c846000 	C:\Users\luigu\.openjfx\cache\17.0.6\prism_d3d.dll
0x6b270000 - 0x6b3e1000 	C:\WINDOWS\system32\d3d9.dll
0x6d4e0000 - 0x6d504000 	C:\WINDOWS\SYSTEM32\dwmapi.dll
0x73d60000 - 0x73d8e000 	C:\WINDOWS\SYSTEM32\dxcore.dll
0x73fc0000 - 0x7403f000 	C:\WINDOWS\system32\uxtheme.dll
0x6b7a0000 - 0x6b830000 	C:\WINDOWS\SYSTEM32\d3d9on12.dll
0x6dcf0000 - 0x6ddba000 	C:\WINDOWS\SYSTEM32\dxgi.dll
0x6c920000 - 0x6c93d000 	C:\WINDOWS\SYSTEM32\d3d12.dll
0x72620000 - 0x7265d000 	C:\WINDOWS\SYSTEM32\cfgmgr32.dll
0x6b0c0000 - 0x6b270000 	C:\WINDOWS\SYSTEM32\D3D12Core.dll
0x6c870000 - 0x6c88d000 	C:\WINDOWS\System32\DriverStore\FileRepository\iigd_dch.inf_amd64_3c65364e14984512\igd12umd32.dll
0x63b00000 - 0x6472a000 	C:\WINDOWS\System32\DriverStore\FileRepository\iigd_dch.inf_amd64_3c65364e14984512\igd12um32xel.dll
0x75240000 - 0x75343000 	C:\WINDOWS\System32\CRYPT32.dll
0x74b80000 - 0x74cd5000 	C:\WINDOWS\System32\ole32.dll
0x6b890000 - 0x6b8c5000 	C:\WINDOWS\SYSTEM32\ControlLib32.dll
0x76390000 - 0x767cd000 	C:\WINDOWS\System32\SETUPAPI.dll
0x6e600000 - 0x6e624000 	C:\WINDOWS\SYSTEM32\DEVOBJ.dll
0x6b040000 - 0x6b0b2000 	C:\WINDOWS\System32\DriverStore\FileRepository\iigd_dch.inf_amd64_3c65364e14984512\IntelControlLib32.dll
0x76eb0000 - 0x76f07000 	C:\WINDOWS\System32\WINTRUST.dll
0x6e5f0000 - 0x6e5fe000 	C:\WINDOWS\SYSTEM32\MSASN1.dll
0x6cd60000 - 0x6cd9c000 	C:\WINDOWS\SYSTEM32\directxdatabasehelper.dll
0x6ad10000 - 0x6b03f000 	C:\WINDOWS\System32\DriverStore\FileRepository\iigd_dch.inf_amd64_3c65364e14984512\igdgmm32.dll
0x67160000 - 0x6a7e5000 	C:\WINDOWS\System32\DriverStore\FileRepository\iigd_dch.inf_amd64_3c65364e14984512\igc32.dll
0x6b770000 - 0x6b791000 	C:\WINDOWS\SYSTEM32\D3DSCache.dll
0x73f90000 - 0x73faf000 	C:\WINDOWS\SYSTEM32\USERENV.dll
0x62880000 - 0x63afb000 	C:\WINDOWS\System32\DriverStore\FileRepository\iigd_dch.inf_amd64_3c65364e14984512\igd12dxva32.dll
0x60b90000 - 0x62880000 	C:\WINDOWS\System32\DriverStore\FileRepository\iigd_dch.inf_amd64_3c65364e14984512\media_bin_32.dll
0x6bd10000 - 0x6bd30000 	C:\WINDOWS\System32\DriverStore\FileRepository\iigd_dch.inf_amd64_3c65364e14984512\igdinfo32.dll
0x716a0000 - 0x716b5000 	C:\WINDOWS\SYSTEM32\CRYPTSP.dll
0x71670000 - 0x716a0000 	C:\WINDOWS\system32\rsaenh.dll
0x71350000 - 0x7135b000 	C:\WINDOWS\SYSTEM32\CRYPTBASE.dll
0x55510000 - 0x556fc000 	C:\WINDOWS\SYSTEM32\twinapi.appcore.dll
0x6acd0000 - 0x6ad07000 	C:\Users\luigu\.openjfx\cache\17.0.6\glass.dll

dbghelp: loaded successfully - version: 4.0.5 - missing functions: none
symbol engine: initialized successfully - sym options: 0x614 - pdb path: .;C:\Program Files (x86)\Eclipse Adoptium\jdk-11.0.21.9-hotspot\bin;C:\WINDOWS\SYSTEM32;C:\WINDOWS\WinSxS\x86_microsoft.windows.common-controls_6595b64144ccf1df_6.0.22621.3235_none_6ebcabb88802389e;C:\Program Files (x86)\Eclipse Adoptium\jdk-11.0.21.9-hotspot\bin\client;C:\Users\luigu\AppData\Local\Programs\IntelliJ IDEA Ultimate\bin;C:\Users\luigu\.openjfx\cache\17.0.6;C:\WINDOWS\System32\DriverStore\FileRepository\iigd_dch.inf_amd64_3c65364e14984512;C:\ProgramData\A-Volute\A-Volute.Nahimic\Modules\Scheduled;C:\Program Files (x86)\Common Files\Microsoft Shared\Ink

VM Arguments:
jvm_args: -javaagent:C:\Users\luigu\AppData\Local\Programs\IntelliJ IDEA Ultimate\lib\idea_rt.jar=64931:C:\Users\luigu\AppData\Local\Programs\IntelliJ IDEA Ultimate\bin -Dfile.encoding=UTF-8 --module-path=C:\Users\luigu\.m2\repository\org\controlsfx\controlsfx\11.1.2\controlsfx-11.1.2.jar;C:\Users\luigu\IdeaProjects\Joyeria_ProyectoMult\target\classes;C:\Users\luigu\.m2\repository\org\openjfx\javafx-base\17.0.6\javafx-base-17.0.6-win-x86.jar;C:\Users\luigu\.m2\repository\net\synedra\validatorfx\0.4.0\validatorfx-0.4.0.jar;C:\Users\luigu\.m2\repository\org\openjfx\javafx-fxml\17.0.6\javafx-fxml-17.0.6-win-x86.jar;C:\Users\luigu\.m2\repository\org\openjfx\javafx-controls\17.0.6\javafx-controls-17.0.6-win-x86.jar;C:\Users\luigu\.m2\repository\org\openjfx\javafx-graphics\17.0.6\javafx-graphics-17.0.6-win-x86.jar;C:\Users\luigu\.m2\repository\com\dlsc\formsfx\formsfx-core\11.6.0\formsfx-core-11.6.0.jar;C:\Users\luigu\.m2\repository\org\kordamp\bootstrapfx\bootstrapfx-core\0.4.0\bootstrapfx-core-0.4.0.jar -Djdk.module.main=com.eduard034.joyeria_proyectomult 
java_command: com.eduard034.joyeria_proyectomult/com.eduard034.joyeria_proyectomult.JoyeriaApp
java_class_path (initial): C:\Users\luigu\.m2\repository\org\openjfx\javafx-controls\17.0.6\javafx-controls-17.0.6.jar;C:\Users\luigu\.m2\repository\org\openjfx\javafx-graphics\17.0.6\javafx-graphics-17.0.6.jar;C:\Users\luigu\.m2\repository\org\openjfx\javafx-base\17.0.6\javafx-base-17.0.6.jar;C:\Users\luigu\.m2\repository\org\openjfx\javafx-fxml\17.0.6\javafx-fxml-17.0.6.jar
Launcher Type: SUN_STANDARD

[Global flags]
   size_t InitialHeapSize                          = 16777216                                  {product} {ergonomic}
   size_t MaxHeapSize                              = 268435456                                 {product} {ergonomic}
   size_t MaxNewSize                               = 89456640                                  {product} {ergonomic}
   size_t MinHeapDeltaBytes                        = 131072                                    {product} {ergonomic}
   size_t NewSize                                  = 5570560                                   {product} {ergonomic}
    uintx NonProfiledCodeHeapSize                  = 0                                      {pd product} {ergonomic}
   size_t OldSize                                  = 11206656                                  {product} {ergonomic}
    uintx ProfiledCodeHeapSize                     = 0                                      {pd product} {ergonomic}
     bool ThreadLocalHandshakes                    = false                                  {pd product} {ergonomic}
     bool UseLargePagesIndividualAllocation        = false                                  {pd product} {ergonomic}
     bool UseSerialGC                              = true                                      {product} {ergonomic}

Logging:
Log output configuration:
 #0: stdout all=warning uptime,level,tags
 #1: stderr all=off uptime,level,tags

Environment Variables:
PATH=C:\Program Files (x86)\Eclipse Adoptium\jre-11.0.21.9-hotspot\bin;C:\Program Files (x86)\Eclipse Adoptium\jdk-11.0.21.9-hotspot\bin;C:\Program Files (x86)\VMware\VMware Player\bin\;C:\Windows\system32;C:\Windows;C:\Windows\System32\Wbem;C:\Windows\System32\WindowsPowerShell\v1.0\;C:\Windows\System32\OpenSSH\;C:\Program Files (x86)\NVIDIA Corporation\PhysX\Common;C:\Program Files\NVIDIA Corporation\NVIDIA NvDLISR;C:\WINDOWS\system32;C:\WINDOWS;C:\WINDOWS\System32\Wbem;C:\WINDOWS\System32\WindowsPowerShell\v1.0\;C:\WINDOWS\System32\OpenSSH\;C:\Program Files\Git\cmd;C:\Users\luigu\AppData\Local\Microsoft\WindowsApps;C:\Users\luigu\AppData\Local\Programs\Microsoft VS Code\bin;C:\Users\luigu\AppData\Local\JetBrains\Toolbox\scripts;C:\Users\luigu\AppData\Local\GitHubDesktop\bin
USERNAME=luigu
OS=Windows_NT
PROCESSOR_IDENTIFIER=Intel64 Family 6 Model 154 Stepping 3, GenuineIntel
TMP=C:\Users\luigu\AppData\Local\Temp
TEMP=C:\Users\luigu\AppData\Local\Temp



---------------  S Y S T E M  ---------------

OS: Windows 11 , 64 bit Build 22621 (10.0.22621.3374)
OS uptime: 5 days 20:47 hours

CPU:total 12 (initial active 12) (6 cores per cpu, 2 threads per core) family 6 model 154 stepping 3 microcode 0x419, cmov, cx8, fxsr, mmx, sse, sse2, sse3, ssse3, sse4.1, sse4.2, popcnt, avx, avx2, aes, clmul, erms, 3dnowpref, lzcnt, ht, tsc, tscinvbit, bmi1, bmi2, adx, sha, fma

Memory: 4k page, system-wide physical 7917M (1092M free)
TotalPageFile size 19693M (AvailPageFile size 6178M), user-mode portion of virtual address-space 2047M (1230M free)
current process WorkingSet (physical memory assigned to process): 274M, peak: 287M
current process commit charge ("private bytes"): 269M, peak: 269M

vm_info: OpenJDK Client VM (11.0.21+9) for windows-x86 JRE (11.0.21+9), built on Oct 17 2023 17:27:10 by "" with MS VC++ 15.9 (VS2017)

END.
