#
# A fatal error has been detected by the Java Runtime Environment:
#
#  EXCEPTION_ACCESS_VIOLATION (0xc0000005) at pc=0x00007fff4820bdf6, pid=17392, tid=8252
#
# JRE version: OpenJDK Runtime Environment Corretto-11.0.22.7.1 (11.0.22+7) (build 11.0.22+7-LTS)
# Java VM: OpenJDK 64-Bit Server VM Corretto-11.0.22.7.1 (11.0.22+7-LTS, mixed mode, tiered, compressed oops, g1 gc, windows-amd64)
# Problematic frame:
# C  [glass.dll+0x1bdf6]
#
# No core dump will be written. Minidumps are not enabled by default on client versions of Windows
#
# If you would like to submit a bug report, please visit:
#   https://github.com/corretto/corretto-11/issues/
# The crash happened outside the Java Virtual Machine in native code.
# See problematic frame for where to report the bug.
#

---------------  S U M M A R Y ------------

Command Line: -javaagent:C:\Users\alonh\AppData\Local\Programs\IntelliJ IDEA Ultimate\lib\idea_rt.jar=61968:C:\Users\alonh\AppData\Local\Programs\IntelliJ IDEA Ultimate\bin -Dfile.encoding=UTF-8 --module-path=C:\Users\alonh\.m2\repository\org\kordamp\bootstrapfx\bootstrapfx-core\0.4.0\bootstrapfx-core-0.4.0.jar;C:\Users\alonh\IdeaProjects\Joyeria_ProyectoMult\target\classes;C:\Users\alonh\.m2\repository\org\controlsfx\controlsfx\11.1.2\controlsfx-11.1.2.jar;C:\Users\alonh\.m2\repository\org\openjfx\javafx-controls\17.0.6\javafx-controls-17.0.6-win.jar;C:\Users\alonh\.m2\repository\org\openjfx\javafx-fxml\17.0.6\javafx-fxml-17.0.6-win.jar;C:\Users\alonh\.m2\repository\org\openjfx\javafx-graphics\17.0.6\javafx-graphics-17.0.6-win.jar;C:\Users\alonh\.m2\repository\net\synedra\validatorfx\0.4.0\validatorfx-0.4.0.jar;C:\Users\alonh\.m2\repository\org\openjfx\javafx-base\17.0.6\javafx-base-17.0.6-win.jar;C:\Users\alonh\.m2\repository\com\dlsc\formsfx\formsfx-core\11.6.0\formsfx-core-11.6.0.jar -Djdk.module.main=com.eduard034.joyeria_proyectomult com.eduard034.joyeria_proyectomult/com.eduard034.joyeria_proyectomult.JoyeriaApp

Host: 12th Gen Intel(R) Core(TM) i5-12450H, 12 cores, 7G,  Windows 11 , 64 bit Build 22621 (10.0.22621.2506)
Time: Mon Mar 25 12:53:03 2024 Hora estándar central (México) elapsed time: 12.246719 seconds (0d 0h 0m 12s)

---------------  T H R E A D  ---------------

Current thread (0x000001953c0a6800):  JavaThread "JavaFX Application Thread" [_thread_in_native, id=8252, stack(0x0000004888100000,0x0000004888200000)]

Stack: [0x0000004888100000,0x0000004888200000],  sp=0x00000048881fc2c0,  free space=1008k
Native frames: (J=compiled Java code, j=interpreted, Vv=VM code, C=native code)
C  [glass.dll+0x1bdf6]

Java frames: (J=compiled Java code, j=interpreted, Vv=VM code)
j  com.sun.glass.ui.win.WinWindow._close(J)Z+0 javafx.graphics
j  com.sun.glass.ui.Window.close()V+63 javafx.graphics
j  com.sun.glass.ui.win.WinWindow.close()V+8 javafx.graphics
j  com.sun.glass.ui.Application.terminate()V+75 javafx.graphics
j  com.sun.javafx.tk.quantum.QuantumToolkit.lambda$exit$13()Ljava/lang/Object;+5 javafx.graphics
j  com.sun.javafx.tk.quantum.QuantumToolkit$$Lambda$448.get()Ljava/lang/Object;+0 javafx.graphics
j  com.sun.javafx.tk.quantum.QuantumToolkit.runWithRenderLock(Ljava/util/function/Supplier;)Ljava/lang/Object;+7 javafx.graphics
j  com.sun.javafx.tk.quantum.QuantumToolkit.exit()V+26 javafx.graphics
j  com.sun.javafx.application.PlatformImpl.lambda$tkExit$16()V+3 javafx.graphics
j  com.sun.javafx.application.PlatformImpl$$Lambda$447.run()V+0 javafx.graphics
j  com.sun.javafx.application.PlatformImpl.lambda$runAndWait$12(Ljava/lang/Runnable;Ljava/util/concurrent/CountDownLatch;)V+1 javafx.graphics
j  com.sun.javafx.application.PlatformImpl$$Lambda$91.run()V+8 javafx.graphics
j  com.sun.javafx.application.PlatformImpl.lambda$runLater$10(Ljava/lang/Runnable;)Ljava/lang/Void;+1 javafx.graphics
j  com.sun.javafx.application.PlatformImpl$$Lambda$94.run()Ljava/lang/Object;+4 javafx.graphics
v  ~StubRoutines::call_stub
J 2027  java.security.AccessController.doPrivileged(Ljava/security/PrivilegedAction;Ljava/security/AccessControlContext;)Ljava/lang/Object; java.base@11.0.22 (0 bytes) @ 0x0000019528c1bfa6 [0x0000019528c1bf40+0x0000000000000066]
j  com.sun.javafx.application.PlatformImpl.lambda$runLater$11(Ljava/lang/Runnable;Ljava/security/AccessControlContext;)V+7 javafx.graphics
j  com.sun.javafx.application.PlatformImpl$$Lambda$92.run()V+8 javafx.graphics
J 2938 c1 com.sun.glass.ui.InvokeLaterDispatcher$Future.run()V javafx.graphics (91 bytes) @ 0x0000019521baed04 [0x0000019521baec00+0x0000000000000104]
v  ~StubRoutines::call_stub
j  com.sun.glass.ui.win.WinApplication._runLoop(Ljava/lang/Runnable;)V+0 javafx.graphics
j  com.sun.glass.ui.win.WinApplication.lambda$runLoop$3(ILjava/lang/Runnable;)V+8 javafx.graphics
j  com.sun.glass.ui.win.WinApplication$$Lambda$82.run()V+12 javafx.graphics
j  java.lang.Thread.run()V+11 java.base@11.0.22
v  ~StubRoutines::call_stub

siginfo: EXCEPTION_ACCESS_VIOLATION (0xc0000005), reading address 0x0000000000000130


Register to memory mapping:

RIP=0x00007fff4820bdf6 glass.dll
RAX=0x0 is NULL
RBX=0x0 is NULL
RCX=0x0 is NULL
RDX=0x0 is NULL
RSP=0x00000048881fc2c0 is pointing into the stack for thread: 0x000001953c0a6800
RBP=0x0 is NULL
RSI=0x0000000000000401 is an unknown value
RDI=0x00000048881fc610 is pointing into the stack for thread: 0x000001953c0a6800
R8 =0x00000048881fc610 is pointing into the stack for thread: 0x000001953c0a6800
R9 =0x0 is NULL
R10=0x0 is NULL
R11=0x0000000000000246 is an unknown value
R12=0x0 is NULL
R13=0x0 is NULL
R14=0x0 is NULL
R15=0x0 is NULL


Registers:
RAX=0x0000000000000000, RBX=0x0000000000000000, RCX=0x0000000000000000, RDX=0x0000000000000000
RSP=0x00000048881fc2c0, RBP=0x0000000000000000, RSI=0x0000000000000401, RDI=0x00000048881fc610
R8 =0x00000048881fc610, R9 =0x0000000000000000, R10=0x0000000000000000, R11=0x0000000000000246
R12=0x0000000000000000, R13=0x0000000000000000, R14=0x0000000000000000, R15=0x0000000000000000
RIP=0x00007fff4820bdf6, EFLAGS=0x0000000000010206

Top of Stack: (sp=0x00000048881fc2c0)
0x00000048881fc2c0:   0000000000000578 00000048881fc2d0
0x00000048881fc2d0:   0000000000180016 00007fff482175c0
0x00000048881fc2e0:   00000048881fc610 00007fff4820a871
0x00000048881fc2f0:   0000000000000000 00000048881fc610
0x00000048881fc300:   0000000000000401 0000019516cfba60
0x00000048881fc310:   000001953bf35e40 00007fff481fa395
0x00000048881fc320:   00000048881fc610 0000000000000001
0x00000048881fc330:   000000008000c088 0000000000000001
0x00000048881fc340:   0000000000000000 00007fff481f17bb
0x00000048881fc350:   000001953bf35e40 00000048881fc610
0x00000048881fc360:   0000000000000401 00000000005c0944
0x00000048881fc370:   0000000000000401 00007ff810738241
0x00000048881fc380:   0000000000000000 00000048881fc548
0x00000048881fc390:   0000000080000022 0000000000000001
0x00000048881fc3a0:   00000000000000b6 000001953c0a6800
0x00000048881fc3b0:   000001953930b230 000001953c0a6800 

Instructions: (pc=0x00007fff4820bdf6)
0x00007fff4820bcf6:   85 c0 74 08 48 8b c8 e8 ee 00 00 00 48 c7 05 23
0x00007fff4820bd06:   e1 01 00 00 00 00 00 48 83 c4 28 c3 cc cc cc cc
0x00007fff4820bd16:   cc cc cc cc cc cc cc cc cc cc 48 89 5c 24 08 57
0x00007fff4820bd26:   48 83 ec 30 48 8b fa 48 8b d9 48 39 91 30 01 00
0x00007fff4820bd36:   00 0f 84 a5 00 00 00 e8 ae 00 00 00 48 8b 93 30
0x00007fff4820bd46:   01 00 00 48 85 d2 75 04 48 8b 53 08 48 89 54 24
0x00007fff4820bd56:   20 4c 8b c7 48 85 ff 75 04 4c 8b 43 08 48 8d 0d
0x00007fff4820bd66:   a6 e2 00 00 4c 89 44 24 28 e8 bc 78 fe ff 48 8b
0x00007fff4820bd76:   4c 24 20 4c 8d 44 24 20 48 8d 15 db f7 ff ff ff
0x00007fff4820bd86:   15 05 da 01 00 48 8b 05 6e dd 01 00 48 85 c0 75
0x00007fff4820bd96:   04 33 c9 eb 03 8b 48 40 4c 8d 44 24 20 48 8d 15
0x00007fff4820bda6:   f6 f7 ff ff ff 15 e8 d9 01 00 48 89 bb 30 01 00
0x00007fff4820bdb6:   00 e8 54 38 00 00 4c 8b 05 ed e0 01 00 48 8b c8
0x00007fff4820bdc6:   48 8b 93 c0 00 00 00 4c 8b cf e8 db 92 fe ff e8
0x00007fff4820bdd6:   36 38 00 00 48 8b c8 e8 4e 37 00 00 48 8b 5c 24
0x00007fff4820bde6:   40 48 83 c4 30 5f c3 cc cc cc 40 57 48 83 ec 20
0x00007fff4820bdf6:   48 8b 81 30 01 00 00 48 8b f9 48 85 c0 75 04 48
0x00007fff4820be06:   8b 41 08 48 3b 05 20 e0 01 00 75 3b 48 89 5c 24
0x00007fff4820be16:   30 e8 f4 37 00 00 4c 8b 05 7d e0 01 00 48 8b c8
0x00007fff4820be26:   48 8b 97 c0 00 00 00 48 8b d8 e8 7b 92 fe ff 48
0x00007fff4820be36:   8b cb e8 f3 36 00 00 48 8b 5c 24 30 48 c7 05 e3
0x00007fff4820be46:   df 01 00 00 00 00 00 48 83 c4 20 5f c3 cc cc cc
0x00007fff4820be56:   cc cc cc cc cc cc cc cc cc cc 40 53 48 83 ec 50
0x00007fff4820be66:   48 8b 05 5b b3 01 00 48 33 c4 48 89 44 24 40 48
0x00007fff4820be76:   8b d9 48 8b 49 08 ff 15 86 d8 01 00 85 c0 0f 85
0x00007fff4820be86:   1b 01 00 00 48 8b 4b 08 48 8d 54 24 30 ff 15 af
0x00007fff4820be96:   d6 01 00 48 8b 4b 08 48 8d 54 24 20 ff 15 08 d7
0x00007fff4820bea6:   01 00 48 8b 4b 08 4c 8d 44 24 20 41 b9 02 00 00
0x00007fff4820beb6:   00 33 d2 ff 15 f9 d6 01 00 8b 44 24 24 2b 44 24
0x00007fff4820bec6:   34 44 8b 44 24 20 44 2b 44 24 30 8b 54 24 3c 2b
0x00007fff4820bed6:   54 24 2c 8b 4c 24 38 2b 4c 24 28 89 83 1c 01 00
0x00007fff4820bee6:   00 44 89 83 18 01 00 00 89 93 24 01 00 00 89 8b 


Stack slot to memory mapping:
stack at sp + 0 slots: 0x0000000000000578 is an unknown value
stack at sp + 1 slots: 0x00000048881fc2d0 is pointing into the stack for thread: 0x000001953c0a6800
stack at sp + 2 slots: 0x0000000000180016 is an unknown value
stack at sp + 3 slots: 0x00007fff482175c0 glass.dll
stack at sp + 4 slots: 0x00000048881fc610 is pointing into the stack for thread: 0x000001953c0a6800
stack at sp + 5 slots: 0x00007fff4820a871 glass.dll
stack at sp + 6 slots: 0x0 is NULL
stack at sp + 7 slots: 0x00000048881fc610 is pointing into the stack for thread: 0x000001953c0a6800


---------------  P R O C E S S  ---------------

Threads class SMR info:
_java_thread_list=0x000001953cce5320, length=18, elements={
0x0000019518920800, 0x00000195383f1800, 0x00000195383fc000, 0x0000019538447800,
0x0000019538448000, 0x000001953844a000, 0x000001953844f000, 0x0000019538452000,
0x0000019538453000, 0x0000019537b7d000, 0x00000195386fd000, 0x0000019538e82000,
0x0000019538c29800, 0x000001953c0a6800, 0x000001953c26c800, 0x000001953c269000,
0x000001953c3ce000, 0x000001953c3d3000
}

Java Threads: ( => current thread )
  0x0000019518920800 JavaThread "main" [_thread_blocked, id=23184, stack(0x0000004886900000,0x0000004886a00000)]
  0x00000195383f1800 JavaThread "Reference Handler" daemon [_thread_blocked, id=26348, stack(0x0000004887000000,0x0000004887100000)]
  0x00000195383fc000 JavaThread "Finalizer" daemon [_thread_blocked, id=12776, stack(0x0000004887100000,0x0000004887200000)]
  0x0000019538447800 JavaThread "Signal Dispatcher" daemon [_thread_blocked, id=20568, stack(0x0000004887200000,0x0000004887300000)]
  0x0000019538448000 JavaThread "Attach Listener" daemon [_thread_blocked, id=31540, stack(0x0000004887300000,0x0000004887400000)]
  0x000001953844a000 JavaThread "Service Thread" daemon [_thread_blocked, id=1624, stack(0x0000004887400000,0x0000004887500000)]
  0x000001953844f000 JavaThread "C2 CompilerThread0" daemon [_thread_blocked, id=20092, stack(0x0000004887500000,0x0000004887600000)]
  0x0000019538452000 JavaThread "C1 CompilerThread0" daemon [_thread_blocked, id=23888, stack(0x0000004887600000,0x0000004887700000)]
  0x0000019538453000 JavaThread "Sweeper thread" daemon [_thread_blocked, id=27116, stack(0x0000004887700000,0x0000004887800000)]
  0x0000019537b7d000 JavaThread "Common-Cleaner" daemon [_thread_blocked, id=21876, stack(0x0000004887800000,0x0000004887900000)]
  0x00000195386fd000 JavaThread "Monitor Ctrl-Break" daemon [_thread_in_native, id=26668, stack(0x0000004887900000,0x0000004887a00000)]
  0x0000019538e82000 JavaThread "QuantumRenderer-0" daemon [_thread_blocked, id=4808, stack(0x0000004887b00000,0x0000004887c00000)]
  0x0000019538c29800 JavaThread "InvokeLaterDispatcher" daemon [_thread_blocked, id=3264, stack(0x0000004888000000,0x0000004888100000)]
=>0x000001953c0a6800 JavaThread "JavaFX Application Thread" [_thread_in_native, id=8252, stack(0x0000004888100000,0x0000004888200000)]
  0x000001953c26c800 JavaThread "JavaFX-Launcher" [_thread_blocked, id=32068, stack(0x0000004888400000,0x0000004888500000)]
  0x000001953c269000 JavaThread "Thread-2" daemon [_thread_in_native, id=18176, stack(0x0000004888300000,0x0000004888400000)]
  0x000001953c3ce000 JavaThread "Prism Font Disposer" daemon [_thread_blocked, id=28336, stack(0x0000004888a00000,0x0000004888b00000)]
  0x000001953c3d3000 JavaThread "Cleaner-0" daemon [_thread_blocked, id=31988, stack(0x0000004889300000,0x0000004889400000)]

Other Threads:
  0x0000019537bc1000 VMThread "VM Thread" [stack: 0x0000004886f00000,0x0000004887000000] [id=23132]
  0x00000195386ff000 WatcherThread [stack: 0x0000004887a00000,0x0000004887b00000] [id=31976]
  0x000001951893c000 GCTaskThread "GC Thread#0" [stack: 0x0000004886a00000,0x0000004886b00000] [id=22444]
  0x000001953c2c1000 GCTaskThread "GC Thread#1" [stack: 0x0000004888500000,0x0000004888600000] [id=13680]
  0x000001953c2c2800 GCTaskThread "GC Thread#2" [stack: 0x0000004888600000,0x0000004888700000] [id=11492]
  0x000001953c2c3000 GCTaskThread "GC Thread#3" [stack: 0x0000004888700000,0x0000004888800000] [id=13284]
  0x000001953c2c4000 GCTaskThread "GC Thread#4" [stack: 0x0000004888800000,0x0000004888900000] [id=6804]
  0x000001953c265800 GCTaskThread "GC Thread#5" [stack: 0x0000004888900000,0x0000004888a00000] [id=23964]
  0x000001951679e000 ConcurrentGCThread "G1 Main Marker" [stack: 0x0000004886b00000,0x0000004886c00000] [id=27628]
  0x0000019518968000 ConcurrentGCThread "G1 Conc#0" [stack: 0x0000004886c00000,0x0000004886d00000] [id=13852]
  0x000001953cb15000 ConcurrentGCThread "G1 Conc#1" [stack: 0x0000004888e00000,0x0000004888f00000] [id=22780]
  0x000001953cb15800 ConcurrentGCThread "G1 Conc#2" [stack: 0x0000004888f00000,0x0000004889000000] [id=25212]
  0x0000019537a1a800 ConcurrentGCThread "G1 Refine#0" [stack: 0x0000004886d00000,0x0000004886e00000] [id=31684]
  0x0000019537a1b800 ConcurrentGCThread "G1 Young RemSet Sampling" [stack: 0x0000004886e00000,0x0000004886f00000] [id=21952]

Threads with active compile tasks:

VM state:not at safepoint (normal execution)

VM Mutex/Monitor currently owned by a thread: None

Heap address: 0x0000000084800000, size: 1976 MB, Compressed Oops mode: 32-bit
Narrow klass base: 0x0000000000000000, Narrow klass shift: 3
Compressed class space size: 1073741824 Address: 0x0000000100000000

Heap:
 garbage-first heap   total 126976K, used 56566K [0x0000000084800000, 0x0000000100000000)
  region size 1024K, 36 young (36864K), 7 survivors (7168K)
 Metaspace       used 25713K, capacity 26666K, committed 26800K, reserved 1073152K
  class space    used 3092K, capacity 3469K, committed 3584K, reserved 1048576K
Heap Regions: E=young(eden), S=young(survivor), O=old, HS=humongous(starts), HC=humongous(continues), CS=collection set, F=free, A=archive, TAMS=top-at-mark-start (previous, next)
|   0|0x0000000084800000, 0x0000000084889e00, 0x0000000084900000| 53%| O|  |TAMS 0x0000000084889e00, 0x0000000084800000| Untracked 
|   1|0x0000000084900000, 0x0000000084a00000, 0x0000000084a00000|100%|HS|  |TAMS 0x0000000084a00000, 0x0000000084900000| Complete 
|   2|0x0000000084a00000, 0x0000000084b00000, 0x0000000084b00000|100%|HC|  |TAMS 0x0000000084b00000, 0x0000000084a00000| Complete 
|   3|0x0000000084b00000, 0x0000000084c00000, 0x0000000084c00000|100%|HC|  |TAMS 0x0000000084c00000, 0x0000000084b00000| Complete 
|   4|0x0000000084c00000, 0x0000000084d00000, 0x0000000084d00000|100%|HC|  |TAMS 0x0000000084d00000, 0x0000000084c00000| Complete 
|   5|0x0000000084d00000, 0x0000000084e00000, 0x0000000084e00000|100%|HC|  |TAMS 0x0000000084e00000, 0x0000000084d00000| Complete 
|   6|0x0000000084e00000, 0x0000000084f00000, 0x0000000084f00000|100%|HC|  |TAMS 0x0000000084f00000, 0x0000000084e00000| Complete 
|   7|0x0000000084f00000, 0x0000000085000000, 0x0000000085000000|100%|HC|  |TAMS 0x0000000085000000, 0x0000000084f00000| Complete 
|   8|0x0000000085000000, 0x0000000085100000, 0x0000000085100000|100%|HS|  |TAMS 0x0000000085000000, 0x0000000085000000| Complete 
|   9|0x0000000085100000, 0x0000000085200000, 0x0000000085200000|100%|HC|  |TAMS 0x0000000085100000, 0x0000000085100000| Complete 
|  10|0x0000000085200000, 0x0000000085300000, 0x0000000085300000|100%|HS|  |TAMS 0x0000000085200000, 0x0000000085200000| Complete 
|  11|0x0000000085300000, 0x0000000085400000, 0x0000000085400000|100%|HC|  |TAMS 0x0000000085300000, 0x0000000085300000| Complete 
|  12|0x0000000085400000, 0x0000000085500000, 0x0000000085500000|100%|HS|  |TAMS 0x0000000085400000, 0x0000000085400000| Complete 
|  13|0x0000000085500000, 0x0000000085600000, 0x0000000085600000|100%|HC|  |TAMS 0x0000000085500000, 0x0000000085500000| Complete 
|  14|0x0000000085600000, 0x0000000085700000, 0x0000000085700000|100%|HC|  |TAMS 0x0000000085600000, 0x0000000085600000| Complete 
|  15|0x0000000085700000, 0x0000000085800000, 0x0000000085800000|100%|HC|  |TAMS 0x0000000085700000, 0x0000000085700000| Complete 
|  16|0x0000000085800000, 0x0000000085900000, 0x0000000085900000|100%|HC|  |TAMS 0x0000000085800000, 0x0000000085800000| Complete 
|  17|0x0000000085900000, 0x0000000085a00000, 0x0000000085a00000|100%|HC|  |TAMS 0x0000000085900000, 0x0000000085900000| Complete 
|  18|0x0000000085a00000, 0x0000000085b00000, 0x0000000085b00000|100%|HC|  |TAMS 0x0000000085a00000, 0x0000000085a00000| Complete 
|  19|0x0000000085b00000, 0x0000000085c00000, 0x0000000085c00000|100%|HS|  |TAMS 0x0000000085b00000, 0x0000000085b00000| Complete 
|  20|0x0000000085c00000, 0x0000000085d00000, 0x0000000085d00000|100%|HC|  |TAMS 0x0000000085c00000, 0x0000000085c00000| Complete 
|  21|0x0000000085d00000, 0x0000000085d00000, 0x0000000085e00000|  0%| F|  |TAMS 0x0000000085d00000, 0x0000000085d00000| Untracked 
|  22|0x0000000085e00000, 0x0000000085e00000, 0x0000000085f00000|  0%| F|  |TAMS 0x0000000085e00000, 0x0000000085e00000| Untracked 
|  23|0x0000000085f00000, 0x0000000085f00000, 0x0000000086000000|  0%| F|  |TAMS 0x0000000085f00000, 0x0000000085f00000| Untracked 
|  24|0x0000000086000000, 0x0000000086000000, 0x0000000086100000|  0%| F|  |TAMS 0x0000000086000000, 0x0000000086000000| Untracked 
|  25|0x0000000086100000, 0x0000000086100000, 0x0000000086200000|  0%| F|  |TAMS 0x0000000086100000, 0x0000000086100000| Untracked 
|  26|0x0000000086200000, 0x0000000086200000, 0x0000000086300000|  0%| F|  |TAMS 0x0000000086200000, 0x0000000086200000| Untracked 
|  27|0x0000000086300000, 0x0000000086300000, 0x0000000086400000|  0%| F|  |TAMS 0x0000000086300000, 0x0000000086300000| Untracked 
|  28|0x0000000086400000, 0x0000000086400000, 0x0000000086500000|  0%| F|  |TAMS 0x0000000086400000, 0x0000000086400000| Untracked 
|  29|0x0000000086500000, 0x0000000086500000, 0x0000000086600000|  0%| F|  |TAMS 0x0000000086500000, 0x0000000086500000| Untracked 
|  30|0x0000000086600000, 0x0000000086600000, 0x0000000086700000|  0%| F|  |TAMS 0x0000000086600000, 0x0000000086600000| Untracked 
|  31|0x0000000086700000, 0x0000000086700000, 0x0000000086800000|  0%| F|  |TAMS 0x0000000086700000, 0x0000000086700000| Untracked 
|  32|0x0000000086800000, 0x0000000086800000, 0x0000000086900000|  0%| F|  |TAMS 0x0000000086800000, 0x0000000086800000| Untracked 
|  33|0x0000000086900000, 0x0000000086900000, 0x0000000086a00000|  0%| F|  |TAMS 0x0000000086900000, 0x0000000086900000| Untracked 
|  34|0x0000000086a00000, 0x0000000086a00000, 0x0000000086b00000|  0%| F|  |TAMS 0x0000000086a00000, 0x0000000086a00000| Untracked 
|  35|0x0000000086b00000, 0x0000000086b00000, 0x0000000086c00000|  0%| F|  |TAMS 0x0000000086b00000, 0x0000000086b00000| Untracked 
|  36|0x0000000086c00000, 0x0000000086c00000, 0x0000000086d00000|  0%| F|  |TAMS 0x0000000086c00000, 0x0000000086c00000| Untracked 
|  37|0x0000000086d00000, 0x0000000086d00000, 0x0000000086e00000|  0%| F|  |TAMS 0x0000000086d00000, 0x0000000086d00000| Untracked 
|  38|0x0000000086e00000, 0x0000000086e00000, 0x0000000086f00000|  0%| F|  |TAMS 0x0000000086e00000, 0x0000000086e00000| Untracked 
|  39|0x0000000086f00000, 0x0000000086f00000, 0x0000000087000000|  0%| F|  |TAMS 0x0000000086f00000, 0x0000000086f00000| Untracked 
|  40|0x0000000087000000, 0x0000000087000000, 0x0000000087100000|  0%| F|  |TAMS 0x0000000087000000, 0x0000000087000000| Untracked 
|  41|0x0000000087100000, 0x0000000087100000, 0x0000000087200000|  0%| F|  |TAMS 0x0000000087100000, 0x0000000087100000| Untracked 
|  42|0x0000000087200000, 0x0000000087200000, 0x0000000087300000|  0%| F|  |TAMS 0x0000000087200000, 0x0000000087200000| Untracked 
|  43|0x0000000087300000, 0x0000000087300000, 0x0000000087400000|  0%| F|  |TAMS 0x0000000087300000, 0x0000000087300000| Untracked 
|  44|0x0000000087400000, 0x0000000087400000, 0x0000000087500000|  0%| F|  |TAMS 0x0000000087400000, 0x0000000087400000| Untracked 
|  45|0x0000000087500000, 0x0000000087500000, 0x0000000087600000|  0%| F|  |TAMS 0x0000000087500000, 0x0000000087500000| Untracked 
|  46|0x0000000087600000, 0x0000000087600000, 0x0000000087700000|  0%| F|  |TAMS 0x0000000087600000, 0x0000000087600000| Untracked 
|  47|0x0000000087700000, 0x0000000087700000, 0x0000000087800000|  0%| F|  |TAMS 0x0000000087700000, 0x0000000087700000| Untracked 
|  48|0x0000000087800000, 0x0000000087800000, 0x0000000087900000|  0%| F|  |TAMS 0x0000000087800000, 0x0000000087800000| Untracked 
|  49|0x0000000087900000, 0x0000000087900000, 0x0000000087a00000|  0%| F|  |TAMS 0x0000000087900000, 0x0000000087900000| Untracked 
|  50|0x0000000087a00000, 0x0000000087a00000, 0x0000000087b00000|  0%| F|  |TAMS 0x0000000087a00000, 0x0000000087a00000| Untracked 
|  51|0x0000000087b00000, 0x0000000087b00000, 0x0000000087c00000|  0%| F|  |TAMS 0x0000000087b00000, 0x0000000087b00000| Untracked 
|  52|0x0000000087c00000, 0x0000000087c00000, 0x0000000087d00000|  0%| F|  |TAMS 0x0000000087c00000, 0x0000000087c00000| Untracked 
|  53|0x0000000087d00000, 0x0000000087d00000, 0x0000000087e00000|  0%| F|  |TAMS 0x0000000087d00000, 0x0000000087d00000| Untracked 
|  54|0x0000000087e00000, 0x0000000087e00000, 0x0000000087f00000|  0%| F|  |TAMS 0x0000000087e00000, 0x0000000087e00000| Untracked 
|  55|0x0000000087f00000, 0x0000000087f00000, 0x0000000088000000|  0%| F|  |TAMS 0x0000000087f00000, 0x0000000087f00000| Untracked 
|  56|0x0000000088000000, 0x0000000088000000, 0x0000000088100000|  0%| F|  |TAMS 0x0000000088000000, 0x0000000088000000| Untracked 
|  57|0x0000000088100000, 0x0000000088100000, 0x0000000088200000|  0%| F|  |TAMS 0x0000000088100000, 0x0000000088100000| Untracked 
|  58|0x0000000088200000, 0x0000000088200000, 0x0000000088300000|  0%| F|  |TAMS 0x0000000088200000, 0x0000000088200000| Untracked 
|  59|0x0000000088300000, 0x0000000088300000, 0x0000000088400000|  0%| F|  |TAMS 0x0000000088300000, 0x0000000088300000| Untracked 
|  60|0x0000000088400000, 0x0000000088400000, 0x0000000088500000|  0%| F|  |TAMS 0x0000000088400000, 0x0000000088400000| Untracked 
|  61|0x0000000088500000, 0x0000000088500000, 0x0000000088600000|  0%| F|  |TAMS 0x0000000088500000, 0x0000000088500000| Untracked 
|  62|0x0000000088600000, 0x0000000088600000, 0x0000000088700000|  0%| F|  |TAMS 0x0000000088600000, 0x0000000088600000| Untracked 
|  63|0x0000000088700000, 0x0000000088700000, 0x0000000088800000|  0%| F|  |TAMS 0x0000000088700000, 0x0000000088700000| Untracked 
|  64|0x0000000088800000, 0x0000000088800000, 0x0000000088900000|  0%| F|  |TAMS 0x0000000088800000, 0x0000000088800000| Untracked 
|  65|0x0000000088900000, 0x0000000088900000, 0x0000000088a00000|  0%| F|  |TAMS 0x0000000088900000, 0x0000000088900000| Untracked 
|  66|0x0000000088a00000, 0x0000000088a00000, 0x0000000088b00000|  0%| F|  |TAMS 0x0000000088a00000, 0x0000000088a00000| Untracked 
|  67|0x0000000088b00000, 0x0000000088b00000, 0x0000000088c00000|  0%| F|  |TAMS 0x0000000088b00000, 0x0000000088b00000| Untracked 
|  68|0x0000000088c00000, 0x0000000088c00000, 0x0000000088d00000|  0%| F|  |TAMS 0x0000000088c00000, 0x0000000088c00000| Untracked 
|  69|0x0000000088d00000, 0x0000000088d00000, 0x0000000088e00000|  0%| F|  |TAMS 0x0000000088d00000, 0x0000000088d00000| Untracked 
|  70|0x0000000088e00000, 0x0000000088e00000, 0x0000000088f00000|  0%| F|  |TAMS 0x0000000088e00000, 0x0000000088e00000| Untracked 
|  71|0x0000000088f00000, 0x0000000088f00000, 0x0000000089000000|  0%| F|  |TAMS 0x0000000088f00000, 0x0000000088f00000| Untracked 
|  72|0x0000000089000000, 0x0000000089000000, 0x0000000089100000|  0%| F|  |TAMS 0x0000000089000000, 0x0000000089000000| Untracked 
|  73|0x0000000089100000, 0x0000000089100000, 0x0000000089200000|  0%| F|  |TAMS 0x0000000089100000, 0x0000000089100000| Untracked 
|  74|0x0000000089200000, 0x0000000089200000, 0x0000000089300000|  0%| F|  |TAMS 0x0000000089200000, 0x0000000089200000| Untracked 
|  75|0x0000000089300000, 0x0000000089300000, 0x0000000089400000|  0%| F|  |TAMS 0x0000000089300000, 0x0000000089300000| Untracked 
|  76|0x0000000089400000, 0x0000000089400000, 0x0000000089500000|  0%| F|  |TAMS 0x0000000089400000, 0x0000000089400000| Untracked 
|  77|0x0000000089500000, 0x0000000089500000, 0x0000000089600000|  0%| F|  |TAMS 0x0000000089500000, 0x0000000089500000| Untracked 
|  78|0x0000000089600000, 0x0000000089600000, 0x0000000089700000|  0%| F|  |TAMS 0x0000000089600000, 0x0000000089600000| Untracked 
|  79|0x0000000089700000, 0x0000000089700000, 0x0000000089800000|  0%| F|  |TAMS 0x0000000089700000, 0x0000000089700000| Untracked 
|  80|0x0000000089800000, 0x0000000089800000, 0x0000000089900000|  0%| F|  |TAMS 0x0000000089800000, 0x0000000089800000| Untracked 
|  81|0x0000000089900000, 0x0000000089900000, 0x0000000089a00000|  0%| F|  |TAMS 0x0000000089900000, 0x0000000089900000| Untracked 
|  82|0x0000000089a00000, 0x0000000089a00000, 0x0000000089b00000|  0%| F|  |TAMS 0x0000000089a00000, 0x0000000089a00000| Untracked 
|  83|0x0000000089b00000, 0x0000000089b00000, 0x0000000089c00000|  0%| F|  |TAMS 0x0000000089b00000, 0x0000000089b00000| Untracked 
|  84|0x0000000089c00000, 0x0000000089c00000, 0x0000000089d00000|  0%| F|  |TAMS 0x0000000089c00000, 0x0000000089c00000| Untracked 
|  85|0x0000000089d00000, 0x0000000089d00000, 0x0000000089e00000|  0%| F|  |TAMS 0x0000000089d00000, 0x0000000089d00000| Untracked 
|  86|0x0000000089e00000, 0x0000000089eb3d60, 0x0000000089f00000| 70%| S|CS|TAMS 0x0000000089e00000, 0x0000000089e00000| Complete 
|  87|0x0000000089f00000, 0x000000008a000000, 0x000000008a000000|100%| S|CS|TAMS 0x0000000089f00000, 0x0000000089f00000| Complete 
|  88|0x000000008a000000, 0x000000008a100000, 0x000000008a100000|100%| S|CS|TAMS 0x000000008a000000, 0x000000008a000000| Complete 
|  89|0x000000008a100000, 0x000000008a200000, 0x000000008a200000|100%| S|CS|TAMS 0x000000008a100000, 0x000000008a100000| Complete 
|  90|0x000000008a200000, 0x000000008a300000, 0x000000008a300000|100%| S|CS|TAMS 0x000000008a200000, 0x000000008a200000| Complete 
|  91|0x000000008a300000, 0x000000008a400000, 0x000000008a400000|100%| S|CS|TAMS 0x000000008a300000, 0x000000008a300000| Complete 
|  92|0x000000008a400000, 0x000000008a500000, 0x000000008a500000|100%| S|CS|TAMS 0x000000008a400000, 0x000000008a400000| Complete 
|  93|0x000000008a500000, 0x000000008a500000, 0x000000008a600000|  0%| F|  |TAMS 0x000000008a500000, 0x000000008a500000| Untracked 
|  94|0x000000008a600000, 0x000000008a600000, 0x000000008a700000|  0%| F|  |TAMS 0x000000008a600000, 0x000000008a600000| Untracked 
|  95|0x000000008a700000, 0x000000008a7e9818, 0x000000008a800000| 91%| E|  |TAMS 0x000000008a700000, 0x000000008a700000| Complete 
|  96|0x000000008a800000, 0x000000008a900000, 0x000000008a900000|100%| E|CS|TAMS 0x000000008a800000, 0x000000008a800000| Complete 
|  97|0x000000008a900000, 0x000000008aa00000, 0x000000008aa00000|100%| E|CS|TAMS 0x000000008a900000, 0x000000008a900000| Complete 
|  98|0x000000008aa00000, 0x000000008ab00000, 0x000000008ab00000|100%| E|CS|TAMS 0x000000008aa00000, 0x000000008aa00000| Complete 
|  99|0x000000008ab00000, 0x000000008ac00000, 0x000000008ac00000|100%| E|CS|TAMS 0x000000008ab00000, 0x000000008ab00000| Complete 
| 100|0x000000008ac00000, 0x000000008ad00000, 0x000000008ad00000|100%| E|CS|TAMS 0x000000008ac00000, 0x000000008ac00000| Complete 
| 101|0x000000008ad00000, 0x000000008ae00000, 0x000000008ae00000|100%| E|CS|TAMS 0x000000008ad00000, 0x000000008ad00000| Complete 
| 102|0x000000008ae00000, 0x000000008af00000, 0x000000008af00000|100%| E|CS|TAMS 0x000000008ae00000, 0x000000008ae00000| Complete 
| 103|0x000000008af00000, 0x000000008b000000, 0x000000008b000000|100%| E|CS|TAMS 0x000000008af00000, 0x000000008af00000| Complete 
| 104|0x000000008b000000, 0x000000008b100000, 0x000000008b100000|100%| E|CS|TAMS 0x000000008b000000, 0x000000008b000000| Complete 
| 105|0x000000008b100000, 0x000000008b200000, 0x000000008b200000|100%| E|CS|TAMS 0x000000008b100000, 0x000000008b100000| Complete 
| 106|0x000000008b200000, 0x000000008b300000, 0x000000008b300000|100%| E|CS|TAMS 0x000000008b200000, 0x000000008b200000| Complete 
| 107|0x000000008b300000, 0x000000008b400000, 0x000000008b400000|100%| E|CS|TAMS 0x000000008b300000, 0x000000008b300000| Complete 
| 108|0x000000008b400000, 0x000000008b500000, 0x000000008b500000|100%| E|CS|TAMS 0x000000008b400000, 0x000000008b400000| Complete 
| 109|0x000000008b500000, 0x000000008b600000, 0x000000008b600000|100%| E|CS|TAMS 0x000000008b500000, 0x000000008b500000| Complete 
| 110|0x000000008b600000, 0x000000008b700000, 0x000000008b700000|100%| E|CS|TAMS 0x000000008b600000, 0x000000008b600000| Complete 
| 111|0x000000008b700000, 0x000000008b800000, 0x000000008b800000|100%| E|CS|TAMS 0x000000008b700000, 0x000000008b700000| Complete 
| 112|0x000000008b800000, 0x000000008b900000, 0x000000008b900000|100%| E|CS|TAMS 0x000000008b800000, 0x000000008b800000| Complete 
| 113|0x000000008b900000, 0x000000008ba00000, 0x000000008ba00000|100%| E|CS|TAMS 0x000000008b900000, 0x000000008b900000| Complete 
| 114|0x000000008ba00000, 0x000000008bb00000, 0x000000008bb00000|100%| E|CS|TAMS 0x000000008ba00000, 0x000000008ba00000| Complete 
| 115|0x000000008bb00000, 0x000000008bc00000, 0x000000008bc00000|100%| E|CS|TAMS 0x000000008bb00000, 0x000000008bb00000| Complete 
| 116|0x000000008bc00000, 0x000000008bd00000, 0x000000008bd00000|100%| E|CS|TAMS 0x000000008bc00000, 0x000000008bc00000| Complete 
| 117|0x000000008bd00000, 0x000000008be00000, 0x000000008be00000|100%| E|CS|TAMS 0x000000008bd00000, 0x000000008bd00000| Complete 
| 118|0x000000008be00000, 0x000000008bf00000, 0x000000008bf00000|100%| E|CS|TAMS 0x000000008be00000, 0x000000008be00000| Complete 
| 119|0x000000008bf00000, 0x000000008c000000, 0x000000008c000000|100%| E|CS|TAMS 0x000000008bf00000, 0x000000008bf00000| Complete 
| 120|0x000000008c000000, 0x000000008c100000, 0x000000008c100000|100%| E|CS|TAMS 0x000000008c000000, 0x000000008c000000| Complete 
| 121|0x000000008c100000, 0x000000008c200000, 0x000000008c200000|100%| E|CS|TAMS 0x000000008c100000, 0x000000008c100000| Complete 
| 122|0x000000008c200000, 0x000000008c300000, 0x000000008c300000|100%| E|CS|TAMS 0x000000008c200000, 0x000000008c200000| Complete 
| 123|0x000000008c300000, 0x000000008c400000, 0x000000008c400000|100%| E|CS|TAMS 0x000000008c300000, 0x000000008c300000| Complete 

Card table byte_map: [0x00000195309b0000,0x0000019530d90000] _byte_map_base: 0x000001953058c000

Marking Bits (Prev, Next): (CMBitMap*) 0x0000019518963070, (CMBitMap*) 0x0000019518963038
 Prev Bits: [0x0000019533050000, 0x0000019534f30000)
 Next Bits: [0x0000019531170000, 0x0000019533050000)

Polling page: 0x00000195180c0000

Metaspace:

Usage:
  Non-class:     22.65 MB capacity,    22.09 MB ( 98%) used,   475.48 KB (  2%) free+waste,   100.56 KB ( <1%) overhead. 
      Class:      3.39 MB capacity,     3.02 MB ( 89%) used,   326.23 KB (  9%) free+waste,    50.69 KB (  1%) overhead. 
       Both:     26.04 MB capacity,    25.11 MB ( 96%) used,   801.72 KB (  3%) free+waste,   151.25 KB ( <1%) overhead. 

Virtual space:
  Non-class space:       24.00 MB reserved,      22.67 MB ( 94%) committed 
      Class space:        1.00 GB reserved,       3.50 MB ( <1%) committed 
             Both:        1.02 GB reserved,      26.17 MB (  2%) committed 

Chunk freelists:
   Non-Class:  19.00 KB
       Class:  0 bytes
        Both:  19.00 KB

MaxMetaspaceSize: 17179869184.00 GB
CompressedClassSpaceSize: 1.00 GB
Initial GC threshold: 20.80 MB
Current GC threshold: 35.08 MB
CDS: off

CodeHeap 'non-profiled nmethods': size=120000Kb used=1376Kb max_used=1376Kb free=118623Kb
 bounds [0x0000019528b50000, 0x0000019528dc0000, 0x0000019530080000]
CodeHeap 'profiled nmethods': size=120000Kb used=7224Kb max_used=7224Kb free=112775Kb
 bounds [0x0000019521620000, 0x0000019521d30000, 0x0000019528b50000]
CodeHeap 'non-nmethods': size=5760Kb used=1446Kb max_used=1475Kb free=4313Kb
 bounds [0x0000019521080000, 0x00000195212f0000, 0x0000019521620000]
 total_blobs=4319 nmethods=3533 adapters=697
 compilation: enabled
              stopped_count=0, restarted_count=0
 full_count=0

Compilation events (20 events):
Event: 12.201 Thread 0x0000019538452000 3523   !   3       java.io.PrintStream::write (69 bytes)
Event: 12.201 Thread 0x0000019538452000 nmethod 3523 0x0000019521d28c90 code [0x0000019521d28ec0, 0x0000019521d295f8]
Event: 12.201 Thread 0x0000019538452000 3525       3       sun.nio.cs.StreamEncoder::implWrite (137 bytes)
Event: 12.201 Thread 0x0000019538452000 nmethod 3525 0x0000019521d29910 code [0x0000019521d29b60, 0x0000019521d2a388]
Event: 12.202 Thread 0x0000019538452000 3524   !   3       java.io.BufferedWriter::flushBuffer (53 bytes)
Event: 12.202 Thread 0x0000019538452000 nmethod 3524 0x0000019521d2a610 code [0x0000019521d2a800, 0x0000019521d2ad98]
Event: 12.217 Thread 0x0000019538452000 3526       3       java.lang.StackTraceElement::<init> (10 bytes)
Event: 12.217 Thread 0x0000019538452000 nmethod 3526 0x0000019521d2b010 code [0x0000019521d2b1c0, 0x0000019521d2b318]
Event: 12.217 Thread 0x0000019538452000 3527  s!   3       java.lang.StackTraceElement::computeFormat (71 bytes)
Event: 12.217 Thread 0x0000019538452000 nmethod 3527 0x0000019521d2b410 code [0x0000019521d2b640, 0x0000019521d2bf78]
Event: 12.217 Thread 0x0000019538452000 3528       3       java.lang.StackTraceElement::isHashedInJavaBase (31 bytes)
Event: 12.217 Thread 0x0000019538452000 nmethod 3528 0x0000019521d2c210 code [0x0000019521d2c420, 0x0000019521d2c8f8]
Event: 12.217 Thread 0x0000019538452000 3529  s    3       java.io.BufferedOutputStream::write (67 bytes)
Event: 12.218 Thread 0x0000019538452000 nmethod 3529 0x0000019521d2ca90 code [0x0000019521d2cca0, 0x0000019521d2d498]
Event: 12.218 Thread 0x0000019538452000 3530       3       java.io.FileOutputStream::write (20 bytes)
Event: 12.218 Thread 0x0000019538452000 nmethod 3530 0x0000019521d2d690 code [0x0000019521d2d860, 0x0000019521d2da08]
Event: 12.218 Thread 0x0000019538452000 3531       3       java.io.FileDescriptor$1::getAppend (5 bytes)
Event: 12.218 Thread 0x0000019538452000 nmethod 3531 0x0000019521d2db10 code [0x0000019521d2dcc0, 0x0000019521d2ddd8]
Event: 12.218 Thread 0x0000019538452000 3533       3       java.io.OutputStreamWriter::write (11 bytes)
Event: 12.218 Thread 0x0000019538452000 nmethod 3533 0x0000019521d2de90 code [0x0000019521d2e040, 0x0000019521d2e168]

GC Heap History (4 events):
Event: 1.534 GC heap before
{Heap before GC invocations=0 (full 0):
 garbage-first heap   total 126976K, used 23552K [0x0000000084800000, 0x0000000100000000)
  region size 1024K, 24 young (24576K), 0 survivors (0K)
 Metaspace       used 12411K, capacity 12722K, committed 12928K, reserved 1060864K
  class space    used 1254K, capacity 1395K, committed 1408K, reserved 1048576K
}
Event: 1.537 GC heap after
{Heap after GC invocations=1 (full 0):
 garbage-first heap   total 126976K, used 3623K [0x0000000084800000, 0x0000000100000000)
  region size 1024K, 3 young (3072K), 3 survivors (3072K)
 Metaspace       used 12411K, capacity 12722K, committed 12928K, reserved 1060864K
  class space    used 1254K, capacity 1395K, committed 1408K, reserved 1048576K
}
Event: 2.122 GC heap before
{Heap before GC invocations=1 (full 0):
 garbage-first heap   total 126976K, used 38439K [0x0000000084800000, 0x0000000100000000)
  region size 1024K, 31 young (31744K), 3 survivors (3072K)
 Metaspace       used 20574K, capacity 21201K, committed 21296K, reserved 1069056K
  class space    used 2410K, capacity 2660K, committed 2688K, reserved 1048576K
}
Event: 2.128 GC heap after
{Heap after GC invocations=2 (full 0):
 garbage-first heap   total 126976K, used 14582K [0x0000000084800000, 0x0000000100000000)
  region size 1024K, 7 young (7168K), 7 survivors (7168K)
 Metaspace       used 20574K, capacity 21201K, committed 21296K, reserved 1069056K
  class space    used 2410K, capacity 2660K, committed 2688K, reserved 1048576K
}

Deoptimization events (20 events):
Event: 10.106 Thread 0x000001953c0a6800 Uncommon trap: trap_request=0xffffffbe fr.pc=0x0000019528c86390 relative=0x0000000000001690
Event: 10.106 Thread 0x000001953c0a6800 Uncommon trap: reason=profile_predicate action=maybe_recompile pc=0x0000019528c86390 method=javafx.css.CompoundSelector.applies(Ljavafx/css/Styleable;I[Ljava/util/Set;I)Z @ 103 c2
Event: 10.106 Thread 0x000001953c0a6800 DEOPT PACKING pc=0x0000019528c86390 sp=0x00000048881e5160
Event: 10.106 Thread 0x000001953c0a6800 DEOPT UNPACKING pc=0x00000195210ca1af sp=0x00000048881e5160 mode 2
Event: 10.107 Thread 0x000001953c0a6800 Uncommon trap: trap_request=0xffffffbe fr.pc=0x0000019528c86390 relative=0x0000000000001690
Event: 10.107 Thread 0x000001953c0a6800 Uncommon trap: reason=profile_predicate action=maybe_recompile pc=0x0000019528c86390 method=javafx.css.CompoundSelector.applies(Ljavafx/css/Styleable;I[Ljava/util/Set;I)Z @ 103 c2
Event: 10.107 Thread 0x000001953c0a6800 DEOPT PACKING pc=0x0000019528c86390 sp=0x00000048881e5160
Event: 10.107 Thread 0x000001953c0a6800 DEOPT UNPACKING pc=0x00000195210ca1af sp=0x00000048881e5160 mode 2
Event: 10.107 Thread 0x000001953c0a6800 Uncommon trap: trap_request=0xffffffbe fr.pc=0x0000019528c86390 relative=0x0000000000001690
Event: 10.107 Thread 0x000001953c0a6800 Uncommon trap: reason=profile_predicate action=maybe_recompile pc=0x0000019528c86390 method=javafx.css.CompoundSelector.applies(Ljavafx/css/Styleable;I[Ljava/util/Set;I)Z @ 103 c2
Event: 10.107 Thread 0x000001953c0a6800 DEOPT PACKING pc=0x0000019528c86390 sp=0x00000048881e5160
Event: 10.107 Thread 0x000001953c0a6800 DEOPT UNPACKING pc=0x00000195210ca1af sp=0x00000048881e5160 mode 2
Event: 10.107 Thread 0x000001953c0a6800 Uncommon trap: trap_request=0xffffffbe fr.pc=0x0000019528c86390 relative=0x0000000000001690
Event: 10.107 Thread 0x000001953c0a6800 Uncommon trap: reason=profile_predicate action=maybe_recompile pc=0x0000019528c86390 method=javafx.css.CompoundSelector.applies(Ljavafx/css/Styleable;I[Ljava/util/Set;I)Z @ 103 c2
Event: 10.107 Thread 0x000001953c0a6800 DEOPT PACKING pc=0x0000019528c86390 sp=0x00000048881e5160
Event: 10.107 Thread 0x000001953c0a6800 DEOPT UNPACKING pc=0x00000195210ca1af sp=0x00000048881e5160 mode 2
Event: 10.781 Thread 0x000001953c0a6800 Uncommon trap: trap_request=0xffffff76 fr.pc=0x0000019528c992b8 relative=0x00000000000003f8
Event: 10.781 Thread 0x000001953c0a6800 Uncommon trap: reason=loop_limit_check action=maybe_recompile pc=0x0000019528c992b8 method=java.lang.StringLatin1.indexOf([BI[BII)I @ 37 c2
Event: 10.781 Thread 0x000001953c0a6800 DEOPT PACKING pc=0x0000019528c992b8 sp=0x00000048881e0d00
Event: 10.781 Thread 0x000001953c0a6800 DEOPT UNPACKING pc=0x00000195210ca1af sp=0x00000048881e0c60 mode 2

Classes redefined (0 events):
No events

Internal exceptions (20 events):
Event: 2.164 Thread 0x000001953c0a6800 Exception <a 'java/lang/ClassNotFoundException'{0x000000008c00b2f0}: com/sun/javafx/scene/control/skin/resources/controls> (0x000000008c00b2f0) thrown at [s\src\hotspot\share\prims\jni.cpp, line 638]
Event: 2.165 Thread 0x000001953c0a6800 Exception <a 'java/lang/ClassNotFoundException'{0x000000008c0192e8}: com/sun/javafx/scene/control/skin/resources/controls_es> (0x000000008c0192e8) thrown at [s\src\hotspot\share\prims\jni.cpp, line 638]
Event: 2.165 Thread 0x000001953c0a6800 Exception <a 'java/lang/ClassNotFoundException'{0x000000008c026fa0}: com/sun/javafx/scene/control/skin/resources/controls_es_MX> (0x000000008c026fa0) thrown at [s\src\hotspot\share\prims\jni.cpp, line 638]
Event: 2.185 Thread 0x000001953c0a6800 Exception <a 'java/lang/NoSuchMethodError'{0x000000008bfd8808}: 'void java.lang.invoke.DirectMethodHandle$Holder.invokeSpecial(java.lang.Object, java.lang.Object, java.lang.Object, java.lang.Object, java.lang.Object, java.lang.Object)'> (0x000000008bfd8808) thrown at [s\src\hotspot\share\interpreter\linkResolver.cpp, line 773]
Event: 2.220 Thread 0x000001953c0a6800 Exception <a 'java/lang/NoSuchMethodError'{0x000000008bc421a8}: 'java.lang.Object java.lang.invoke.DirectMethodHandle$Holder.invokeInterface(java.lang.Object, java.lang.Object, java.lang.Object)'> (0x000000008bc421a8) thrown at [s\src\hotspot\share\interpreter\linkResolver.cpp, line 773]
Event: 2.220 Thread 0x000001953c0a6800 Exception <a 'java/lang/IncompatibleClassChangeError'{0x000000008bc45360}: Found class java.lang.Object, but interface was expected> (0x000000008bc45360) thrown at [s\src\hotspot\share\interpreter\linkResolver.cpp, line 839]
Event: 2.284 Thread 0x0000019538e82000 Exception <a 'java/lang/NoSuchMethodError'{0x000000008b91a018}: 'int java.lang.invoke.DirectMethodHandle$Holder.invokeStaticInit(java.lang.Object, java.lang.Object)'> (0x000000008b91a018) thrown at [s\src\hotspot\share\interpreter\linkResolver.cpp, line 773]
Event: 2.291 Thread 0x000001953c0a6800 Exception <a 'java/lang/NoSuchMethodError'{0x000000008badc168}: 'long java.lang.invoke.DirectMethodHandle$Holder.invokeStaticInit(java.lang.Object, java.lang.Object, java.lang.Object)'> (0x000000008badc168) thrown at [s\src\hotspot\share\interpreter\linkResolver.cpp, line 773]
Event: 2.295 Thread 0x000001953c0a6800 Exception <a 'java/lang/NoSuchMethodError'{0x000000008b9ea260}: 'java.lang.Object java.lang.invoke.DirectMethodHandle$Holder.invokeStatic(java.lang.Object, java.lang.Object, long)'> (0x000000008b9ea260) thrown at [s\src\hotspot\share\interpreter\linkResolver.cpp, line 773]
Event: 2.295 Thread 0x000001953c0a6800 Exception <a 'java/lang/NoSuchMethodError'{0x000000008b9f03d8}: 'java.lang.Object java.lang.invoke.Invokers$Holder.linkToTargetMethod(java.lang.Object, long, java.lang.Object)'> (0x000000008b9f03d8) thrown at [s\src\hotspot\share\interpreter\linkResolver.cpp, line 773]
Event: 3.814 Thread 0x000001953c0a6800 Exception <a 'java/lang/NoSuchMethodError'{0x000000008b478588}: 'java.lang.Object java.lang.invoke.DirectMethodHandle$Holder.invokeStatic(java.lang.Object, java.lang.Object, int, int, int, int, int, java.lang.Object)'> (0x000000008b478588) thrown at [s\src\hotspot\share\interpreter\linkResolver.cpp, line 773]
Event: 3.814 Thread 0x000001953c0a6800 Exception <a 'java/lang/NoSuchMethodError'{0x000000008b488f50}: 'java.lang.Object java.lang.invoke.DirectMethodHandle$Holder.invokeStatic(java.lang.Object, java.lang.Object, java.lang.Object, int, int, int, int, int)'> (0x000000008b488f50) thrown at [s\src\hotspot\share\interpreter\linkResolver.cpp, line 773]
Event: 3.814 Thread 0x000001953c0a6800 Exception <a 'java/lang/NoSuchMethodError'{0x000000008b48f7c0}: 'java.lang.Object java.lang.invoke.Invokers$Holder.linkToTargetMethod(java.lang.Object, java.lang.Object, int, int, int, int, int, java.lang.Object)'> (0x000000008b48f7c0) thrown at [s\src\hotspot\share\interpreter\linkResolver.cpp, line 773]
Event: 12.062 Thread 0x000001953c0a6800 Exception <a 'java/lang/IllegalArgumentException'{0x000000008a739408}> (0x000000008a739408) thrown at [s\src\hotspot\share\prims\jvm.cpp, line 1310]
Event: 12.100 Thread 0x000001953c0a6800 Exception <a 'java/lang/IllegalArgumentException'{0x000000008a74a7a0}> (0x000000008a74a7a0) thrown at [s\src\hotspot\share\prims\jvm.cpp, line 1310]
Event: 12.125 Thread 0x000001953c0a6800 Exception <a 'java/lang/IllegalArgumentException'{0x000000008a756820}> (0x000000008a756820) thrown at [s\src\hotspot\share\prims\jvm.cpp, line 1310]
Event: 12.152 Thread 0x000001953c0a6800 Exception <a 'java/lang/IllegalArgumentException'{0x000000008a7628a0}> (0x000000008a7628a0) thrown at [s\src\hotspot\share\prims\jvm.cpp, line 1310]
Event: 12.176 Thread 0x000001953c0a6800 Exception <a 'java/lang/IllegalArgumentException'{0x000000008a76e918}> (0x000000008a76e918) thrown at [s\src\hotspot\share\prims\jvm.cpp, line 1310]
Event: 12.198 Thread 0x000001953c0a6800 Exception <a 'java/lang/IllegalArgumentException'{0x000000008a77ad70}> (0x000000008a77ad70) thrown at [s\src\hotspot\share\prims\jvm.cpp, line 1310]
Event: 12.217 Thread 0x000001953c0a6800 Exception <a 'java/lang/IllegalArgumentException'{0x000000008a786dd0}> (0x000000008a786dd0) thrown at [s\src\hotspot\share\prims\jvm.cpp, line 1310]

Events (20 events):
Event: 9.797 loading class com/sun/prism/GraphicsResource
Event: 9.797 loading class com/sun/prism/GraphicsResource done
Event: 9.797 loading class com/sun/javafx/tk/quantum/ViewScene
Event: 9.797 loading class com/sun/javafx/tk/quantum/ViewScene done
Event: 9.798 loading class com/sun/javafx/tk/quantum/WindowStage
Event: 9.798 loading class com/sun/javafx/tk/quantum/WindowStage done
Event: 9.804 Loaded shared library C:\Users\alonh\.openjfx\cache\17.0.6\prism_d3d.dll
Event: 10.127 Executing VM operation: RevokeBias
Event: 10.127 Executing VM operation: RevokeBias done
Event: 10.596 Loaded shared library C:\Users\alonh\.openjfx\cache\17.0.6\prism_d3d.dll
Event: 10.837 Executing VM operation: RevokeBias
Event: 10.838 Executing VM operation: RevokeBias done
Event: 11.999 loading class javafx/application/Application
Event: 11.999 loading class javafx/application/Application done
Event: 11.999 loading class javafx/application/Application
Event: 11.999 loading class javafx/application/Application done
Event: 12.062 loading class java/lang/Throwable$WrappedPrintStream
Event: 12.062 loading class java/lang/Throwable$PrintStreamOrWriter
Event: 12.062 loading class java/lang/Throwable$PrintStreamOrWriter done
Event: 12.062 loading class java/lang/Throwable$WrappedPrintStream done


Dynamic libraries:
0x00007ff764810000 - 0x00007ff76481e000 	C:\Users\alonh\.jdks\corretto-11.0.22\bin\java.exe
0x00007ff810f50000 - 0x00007ff811167000 	C:\Windows\SYSTEM32\ntdll.dll
0x00007ff810330000 - 0x00007ff8103f4000 	C:\Windows\System32\KERNEL32.DLL
0x00007ff80e6c0000 - 0x00007ff80ea66000 	C:\Windows\System32\KERNELBASE.dll
0x0000000075900000 - 0x0000000075c32000 	C:\Program Files\Norton Security\NortonData\22.23.5.106\Definitions\IPSDefs\20231207.064\IPSEng64.dll
0x00007ff80eca0000 - 0x00007ff80ed53000 	C:\Windows\System32\ADVAPI32.dll
0x00007ff810510000 - 0x00007ff8105b7000 	C:\Windows\System32\msvcrt.dll
0x00007ff810400000 - 0x00007ff8104a8000 	C:\Windows\System32\sechost.dll
0x00007ff80e3e0000 - 0x00007ff80e408000 	C:\Windows\System32\bcrypt.dll
0x00007ff80ef70000 - 0x00007ff80f087000 	C:\Windows\System32\RPCRT4.dll
0x00007ff80edf0000 - 0x00007ff80edf8000 	C:\Windows\System32\PSAPI.DLL
0x00007ff80e2c0000 - 0x00007ff80e3d1000 	C:\Windows\System32\ucrtbase.dll
0x00007fffb5090000 - 0x00007fffb50a7000 	C:\Users\alonh\.jdks\corretto-11.0.22\bin\jli.dll
0x00007fffb59b0000 - 0x00007fffb59cb000 	C:\Users\alonh\.jdks\corretto-11.0.22\bin\VCRUNTIME140.dll
0x00007ff810720000 - 0x00007ff8108ce000 	C:\Windows\System32\USER32.dll
0x00007ff80e290000 - 0x00007ff80e2b6000 	C:\Windows\System32\win32u.dll
0x00007fffe7080000 - 0x00007fffe7313000 	C:\Windows\WinSxS\amd64_microsoft.windows.common-controls_6595b64144ccf1df_6.0.22621.2506_none_270c5ae97388e100\COMCTL32.dll
0x00007ff8108d0000 - 0x00007ff8108f9000 	C:\Windows\System32\GDI32.dll
0x00007ff80e520000 - 0x00007ff80e638000 	C:\Windows\System32\gdi32full.dll
0x00007ff80e480000 - 0x00007ff80e51a000 	C:\Windows\System32\msvcp_win.dll
0x00007ff810a30000 - 0x00007ff810a61000 	C:\Windows\System32\IMM32.DLL
0x00007fffe08c0000 - 0x00007fffe08cc000 	C:\Users\alonh\.jdks\corretto-11.0.22\bin\vcruntime140_1.dll
0x00007fff49650000 - 0x00007fff496dd000 	C:\Users\alonh\.jdks\corretto-11.0.22\bin\msvcp140.dll
0x00007fff48a80000 - 0x00007fff49643000 	C:\Users\alonh\.jdks\corretto-11.0.22\bin\server\jvm.dll
0x00007ff803670000 - 0x00007ff80367a000 	C:\Windows\SYSTEM32\VERSION.dll
0x00007ff8004c0000 - 0x00007ff8004f4000 	C:\Windows\SYSTEM32\WINMM.dll
0x00007ffff4950000 - 0x00007ffff4959000 	C:\Windows\SYSTEM32\WSOCK32.dll
0x00007ff8105c0000 - 0x00007ff810631000 	C:\Windows\System32\WS2_32.dll
0x00007ff80d390000 - 0x00007ff80d3a8000 	C:\Windows\SYSTEM32\kernel.appcore.dll
0x00007fffe0470000 - 0x00007fffe0480000 	C:\Users\alonh\.jdks\corretto-11.0.22\bin\verify.dll
0x00007ff80bc50000 - 0x00007ff80be83000 	C:\Windows\SYSTEM32\DBGHELP.DLL
0x00007ff80f2c0000 - 0x00007ff80f649000 	C:\Windows\System32\combase.dll
0x00007ff810640000 - 0x00007ff810717000 	C:\Windows\System32\OLEAUT32.dll
0x00007ff802030000 - 0x00007ff802062000 	C:\Windows\SYSTEM32\dbgcore.DLL
0x00007ff80e640000 - 0x00007ff80e6ba000 	C:\Windows\System32\bcryptPrimitives.dll
0x00007fffb5000000 - 0x00007fffb5028000 	C:\Users\alonh\.jdks\corretto-11.0.22\bin\java.dll
0x00007fffde250000 - 0x00007fffde25a000 	C:\Users\alonh\.jdks\corretto-11.0.22\bin\jimage.dll
0x00007ff80ad80000 - 0x00007ff80ad8e000 	C:\Users\alonh\.jdks\corretto-11.0.22\bin\instrument.dll
0x00007fffb4550000 - 0x00007fffb4568000 	C:\Users\alonh\.jdks\corretto-11.0.22\bin\zip.dll
0x00007ff80f950000 - 0x00007ff8101aa000 	C:\Windows\System32\SHELL32.dll
0x00007ff80c1a0000 - 0x00007ff80ca96000 	C:\Windows\SYSTEM32\windows.storage.dll
0x00007ff80c060000 - 0x00007ff80c19e000 	C:\Windows\SYSTEM32\wintypes.dll
0x00007ff80f840000 - 0x00007ff80f933000 	C:\Windows\System32\SHCORE.dll
0x00007ff810910000 - 0x00007ff81096e000 	C:\Windows\System32\shlwapi.dll
0x00007ff80e1c0000 - 0x00007ff80e1e6000 	C:\Windows\SYSTEM32\profapi.dll
0x00007fffa8cf0000 - 0x00007fffa8d09000 	C:\Users\alonh\.jdks\corretto-11.0.22\bin\net.dll
0x00007ff807940000 - 0x00007ff807a77000 	C:\Windows\SYSTEM32\WINHTTP.dll
0x00007ff80d830000 - 0x00007ff80d899000 	C:\Windows\system32\mswsock.dll
0x00007fffa8000000 - 0x00007fffa8012000 	C:\Users\alonh\.jdks\corretto-11.0.22\bin\nio.dll
0x00007fff94cc0000 - 0x00007fff94cda000 	C:\Users\alonh\AppData\Local\Programs\IntelliJ IDEA Ultimate\bin\breakgen64.dll
0x0000019539110000 - 0x0000019539113000 	C:\Users\alonh\.openjfx\cache\17.0.6\api-ms-win-core-console-l1-1-0.dll
0x0000019539120000 - 0x0000019539123000 	C:\Users\alonh\.openjfx\cache\17.0.6\api-ms-win-core-console-l1-2-0.dll
0x0000019539130000 - 0x0000019539133000 	C:\Users\alonh\.openjfx\cache\17.0.6\api-ms-win-core-datetime-l1-1-0.dll
0x0000019539140000 - 0x0000019539143000 	C:\Users\alonh\.openjfx\cache\17.0.6\api-ms-win-core-debug-l1-1-0.dll
0x0000019539150000 - 0x0000019539153000 	C:\Users\alonh\.openjfx\cache\17.0.6\api-ms-win-core-errorhandling-l1-1-0.dll
0x0000019539160000 - 0x0000019539164000 	C:\Users\alonh\.openjfx\cache\17.0.6\api-ms-win-core-file-l1-1-0.dll
0x0000019539170000 - 0x0000019539173000 	C:\Users\alonh\.openjfx\cache\17.0.6\api-ms-win-core-file-l1-2-0.dll
0x0000019539380000 - 0x0000019539383000 	C:\Users\alonh\.openjfx\cache\17.0.6\api-ms-win-core-file-l2-1-0.dll
0x0000019539390000 - 0x0000019539393000 	C:\Users\alonh\.openjfx\cache\17.0.6\api-ms-win-core-handle-l1-1-0.dll
0x00000195393a0000 - 0x00000195393a3000 	C:\Users\alonh\.openjfx\cache\17.0.6\api-ms-win-core-heap-l1-1-0.dll
0x00000195393b0000 - 0x00000195393b3000 	C:\Users\alonh\.openjfx\cache\17.0.6\api-ms-win-core-interlocked-l1-1-0.dll
0x00000195393c0000 - 0x00000195393c3000 	C:\Users\alonh\.openjfx\cache\17.0.6\api-ms-win-core-libraryloader-l1-1-0.dll
0x00000195393d0000 - 0x00000195393d3000 	C:\Users\alonh\.openjfx\cache\17.0.6\api-ms-win-core-localization-l1-2-0.dll
0x00000195393e0000 - 0x00000195393e3000 	C:\Users\alonh\.openjfx\cache\17.0.6\api-ms-win-core-memory-l1-1-0.dll
0x00000195393f0000 - 0x00000195393f3000 	C:\Users\alonh\.openjfx\cache\17.0.6\api-ms-win-core-namedpipe-l1-1-0.dll
0x0000019539400000 - 0x0000019539403000 	C:\Users\alonh\.openjfx\cache\17.0.6\api-ms-win-core-processenvironment-l1-1-0.dll
0x0000019539410000 - 0x0000019539413000 	C:\Users\alonh\.openjfx\cache\17.0.6\api-ms-win-core-processthreads-l1-1-0.dll
0x0000019539420000 - 0x0000019539423000 	C:\Users\alonh\.openjfx\cache\17.0.6\api-ms-win-core-processthreads-l1-1-1.dll
0x0000019539430000 - 0x0000019539433000 	C:\Users\alonh\.openjfx\cache\17.0.6\api-ms-win-core-profile-l1-1-0.dll
0x0000019539440000 - 0x0000019539443000 	C:\Users\alonh\.openjfx\cache\17.0.6\api-ms-win-core-rtlsupport-l1-1-0.dll
0x0000019539450000 - 0x0000019539453000 	C:\Users\alonh\.openjfx\cache\17.0.6\api-ms-win-core-string-l1-1-0.dll
0x0000019539460000 - 0x0000019539463000 	C:\Users\alonh\.openjfx\cache\17.0.6\api-ms-win-core-synch-l1-1-0.dll
0x0000019539470000 - 0x0000019539473000 	C:\Users\alonh\.openjfx\cache\17.0.6\api-ms-win-core-synch-l1-2-0.dll
0x0000019539480000 - 0x0000019539483000 	C:\Users\alonh\.openjfx\cache\17.0.6\api-ms-win-core-sysinfo-l1-1-0.dll
0x0000019539490000 - 0x0000019539493000 	C:\Users\alonh\.openjfx\cache\17.0.6\api-ms-win-core-timezone-l1-1-0.dll
0x00000195394a0000 - 0x00000195394a3000 	C:\Users\alonh\.openjfx\cache\17.0.6\api-ms-win-core-util-l1-1-0.dll
0x00000195394b0000 - 0x00000195394b3000 	C:\Users\alonh\.openjfx\cache\17.0.6\api-ms-win-crt-conio-l1-1-0.dll
0x00000195394c0000 - 0x00000195394c4000 	C:\Users\alonh\.openjfx\cache\17.0.6\api-ms-win-crt-convert-l1-1-0.dll
0x00000195394d0000 - 0x00000195394d3000 	C:\Users\alonh\.openjfx\cache\17.0.6\api-ms-win-crt-environment-l1-1-0.dll
0x00000195394e0000 - 0x00000195394e3000 	C:\Users\alonh\.openjfx\cache\17.0.6\api-ms-win-crt-filesystem-l1-1-0.dll
0x00000195394f0000 - 0x00000195394f3000 	C:\Users\alonh\.openjfx\cache\17.0.6\api-ms-win-crt-heap-l1-1-0.dll
0x0000019539500000 - 0x0000019539503000 	C:\Users\alonh\.openjfx\cache\17.0.6\api-ms-win-crt-locale-l1-1-0.dll
0x0000019539510000 - 0x0000019539515000 	C:\Users\alonh\.openjfx\cache\17.0.6\api-ms-win-crt-math-l1-1-0.dll
0x0000019539520000 - 0x0000019539525000 	C:\Users\alonh\.openjfx\cache\17.0.6\api-ms-win-crt-multibyte-l1-1-0.dll
0x0000019539530000 - 0x0000019539540000 	C:\Users\alonh\.openjfx\cache\17.0.6\api-ms-win-crt-private-l1-1-0.dll
0x0000019539540000 - 0x0000019539543000 	C:\Users\alonh\.openjfx\cache\17.0.6\api-ms-win-crt-process-l1-1-0.dll
0x0000019539550000 - 0x0000019539554000 	C:\Users\alonh\.openjfx\cache\17.0.6\api-ms-win-crt-runtime-l1-1-0.dll
0x0000019539560000 - 0x0000019539564000 	C:\Users\alonh\.openjfx\cache\17.0.6\api-ms-win-crt-stdio-l1-1-0.dll
0x0000019539570000 - 0x0000019539574000 	C:\Users\alonh\.openjfx\cache\17.0.6\api-ms-win-crt-string-l1-1-0.dll
0x0000019539580000 - 0x0000019539583000 	C:\Users\alonh\.openjfx\cache\17.0.6\api-ms-win-crt-time-l1-1-0.dll
0x0000019539590000 - 0x0000019539593000 	C:\Users\alonh\.openjfx\cache\17.0.6\api-ms-win-crt-utility-l1-1-0.dll
0x00007fff46d60000 - 0x00007fff46e5c000 	C:\Users\alonh\.openjfx\cache\17.0.6\ucrtbase.dll
0x00007fff911f0000 - 0x00007fff9120a000 	C:\Users\alonh\.openjfx\cache\17.0.6\vcruntime140.dll
0x00007fffd0090000 - 0x00007fffd009c000 	C:\Users\alonh\.openjfx\cache\17.0.6\vcruntime140_1.dll
0x00007fff48240000 - 0x00007fff482cd000 	C:\Users\alonh\.openjfx\cache\17.0.6\msvcp140.dll
0x00007fffd0010000 - 0x00007fffd0019000 	C:\Users\alonh\.openjfx\cache\17.0.6\msvcp140_1.dll
0x00007fff4a670000 - 0x00007fff4a69f000 	C:\Users\alonh\.openjfx\cache\17.0.6\msvcp140_2.dll
0x00007fff4a640000 - 0x00007fff4a66a000 	C:\Users\alonh\.openjfx\cache\17.0.6\prism_d3d.dll
0x00007fffdded0000 - 0x00007fffde079000 	C:\Windows\system32\d3d9.dll
0x00007ff80b540000 - 0x00007ff80b56b000 	C:\Windows\SYSTEM32\dwmapi.dll
0x00007ff80b3d0000 - 0x00007ff80b406000 	C:\Windows\SYSTEM32\dxcore.dll
0x00007ff80b220000 - 0x00007ff80b2cb000 	C:\Windows\system32\uxtheme.dll
0x00007fffb90d0000 - 0x00007fffb9180000 	C:\Windows\SYSTEM32\d3d9on12.dll
0x00007ffff5440000 - 0x00007ffff5469000 	C:\Windows\SYSTEM32\d3d12.dll
0x00007ff80b410000 - 0x00007ff80b508000 	C:\Windows\SYSTEM32\dxgi.dll
0x00007ff80dfb0000 - 0x00007ff80dffe000 	C:\Windows\SYSTEM32\cfgmgr32.dll
0x00007fffb61f0000 - 0x00007fffb63f3000 	C:\Windows\SYSTEM32\D3D12Core.dll
0x00007ffff5410000 - 0x00007ffff5437000 	C:\Windows\System32\DriverStore\FileRepository\iigd_dch.inf_amd64_ce2a84db4d20c228\igd12umd64.dll
0x00007fffa1630000 - 0x00007fffa257b000 	C:\Windows\System32\DriverStore\FileRepository\iigd_dch.inf_amd64_ce2a84db4d20c228\igd12um64xel.dll
0x00007ff80eb30000 - 0x00007ff80ec96000 	C:\Windows\System32\CRYPT32.dll
0x00007ff80f650000 - 0x00007ff80f7f0000 	C:\Windows\System32\ole32.dll
0x00007fffdd400000 - 0x00007fffdd444000 	C:\Windows\SYSTEM32\ControlLib.dll
0x00007ff810a70000 - 0x00007ff810ee4000 	C:\Windows\System32\SETUPAPI.dll
0x00007ff80df50000 - 0x00007ff80df7c000 	C:\Windows\SYSTEM32\DEVOBJ.dll
0x00007ff800060000 - 0x00007ff8000e8000 	C:\Windows\System32\DriverStore\FileRepository\iigd_dch.inf_amd64_ce2a84db4d20c228\IntelControlLib.dll
0x00007ff80e410000 - 0x00007ff80e47b000 	C:\Windows\System32\WINTRUST.dll
0x00007ff80df30000 - 0x00007ff80df42000 	C:\Windows\SYSTEM32\MSASN1.dll
0x00007ff807290000 - 0x00007ff8072da000 	C:\Windows\SYSTEM32\directxdatabasehelper.dll
0x00007ffffbde0000 - 0x00007ffffc1b4000 	C:\Windows\System32\DriverStore\FileRepository\iigd_dch.inf_amd64_ce2a84db4d20c228\igdgmm64.dll
0x00007ffff7fc0000 - 0x00007ffffbdd2000 	C:\Windows\System32\DriverStore\FileRepository\iigd_dch.inf_amd64_ce2a84db4d20c228\igc64.dll
0x00007ffff5090000 - 0x00007ffff50bf000 	C:\Windows\SYSTEM32\D3DSCache.dll
0x00007ff80d920000 - 0x00007ff80d94c000 	C:\Windows\SYSTEM32\USERENV.dll
0x00007fffa0280000 - 0x00007fffa162d000 	C:\Windows\System32\DriverStore\FileRepository\iigd_dch.inf_amd64_ce2a84db4d20c228\igd12dxva64.dll
0x00007fff9e560000 - 0x00007fffa0280000 	C:\Windows\System32\DriverStore\FileRepository\iigd_dch.inf_amd64_ce2a84db4d20c228\media_bin_64.dll
0x00007fffe4450000 - 0x00007fffe4477000 	C:\Windows\System32\DriverStore\FileRepository\iigd_dch.inf_amd64_ce2a84db4d20c228\igdinfo64.dll
0x00007ff801ab0000 - 0x00007ff801d35000 	C:\Windows\SYSTEM32\twinapi.appcore.dll
0x00007fff481f0000 - 0x00007fff48232000 	C:\Users\alonh\.openjfx\cache\17.0.6\glass.dll
0x00007ff8101b0000 - 0x00007ff8102a9000 	C:\Windows\System32\COMDLG32.dll

dbghelp: loaded successfully - version: 4.0.5 - missing functions: none
symbol engine: initialized successfully - sym options: 0x614 - pdb path: .;C:\Users\alonh\.jdks\corretto-11.0.22\bin;C:\Windows\SYSTEM32;C:\Program Files\Norton Security\NortonData\22.23.5.106\Definitions\IPSDefs\20231207.064;C:\Windows\WinSxS\amd64_microsoft.windows.common-controls_6595b64144ccf1df_6.0.22621.2506_none_270c5ae97388e100;C:\Users\alonh\.jdks\corretto-11.0.22\bin\server;C:\Users\alonh\AppData\Local\Programs\IntelliJ IDEA Ultimate\bin;C:\Users\alonh\.openjfx\cache\17.0.6;C:\Windows\System32\DriverStore\FileRepository\iigd_dch.inf_amd64_ce2a84db4d20c228;C:\Program Files\Common Files\Microsoft Shared\Ink

VM Arguments:
jvm_args: -javaagent:C:\Users\alonh\AppData\Local\Programs\IntelliJ IDEA Ultimate\lib\idea_rt.jar=61968:C:\Users\alonh\AppData\Local\Programs\IntelliJ IDEA Ultimate\bin -Dfile.encoding=UTF-8 --module-path=C:\Users\alonh\.m2\repository\org\kordamp\bootstrapfx\bootstrapfx-core\0.4.0\bootstrapfx-core-0.4.0.jar;C:\Users\alonh\IdeaProjects\Joyeria_ProyectoMult\target\classes;C:\Users\alonh\.m2\repository\org\controlsfx\controlsfx\11.1.2\controlsfx-11.1.2.jar;C:\Users\alonh\.m2\repository\org\openjfx\javafx-controls\17.0.6\javafx-controls-17.0.6-win.jar;C:\Users\alonh\.m2\repository\org\openjfx\javafx-fxml\17.0.6\javafx-fxml-17.0.6-win.jar;C:\Users\alonh\.m2\repository\org\openjfx\javafx-graphics\17.0.6\javafx-graphics-17.0.6-win.jar;C:\Users\alonh\.m2\repository\net\synedra\validatorfx\0.4.0\validatorfx-0.4.0.jar;C:\Users\alonh\.m2\repository\org\openjfx\javafx-base\17.0.6\javafx-base-17.0.6-win.jar;C:\Users\alonh\.m2\repository\com\dlsc\formsfx\formsfx-core\11.6.0\formsfx-core-11.6.0.jar -Djdk.module.main=com.eduard034.joyeria_proyectomult 
java_command: com.eduard034.joyeria_proyectomult/com.eduard034.joyeria_proyectomult.JoyeriaApp
java_class_path (initial): C:\Users\alonh\.m2\repository\org\openjfx\javafx-controls\17.0.6\javafx-controls-17.0.6.jar;C:\Users\alonh\.m2\repository\org\openjfx\javafx-graphics\17.0.6\javafx-graphics-17.0.6.jar;C:\Users\alonh\.m2\repository\org\openjfx\javafx-base\17.0.6\javafx-base-17.0.6.jar;C:\Users\alonh\.m2\repository\org\openjfx\javafx-fxml\17.0.6\javafx-fxml-17.0.6.jar
Launcher Type: SUN_STANDARD

[Global flags]
     intx CICompilerCount                          = 4                                         {product} {ergonomic}
     uint ConcGCThreads                            = 3                                         {product} {ergonomic}
     uint G1ConcRefinementThreads                  = 10                                        {product} {ergonomic}
   size_t G1HeapRegionSize                         = 1048576                                   {product} {ergonomic}
    uintx GCDrainStackTargetSize                   = 64                                        {product} {ergonomic}
   size_t InitialHeapSize                          = 130023424                                 {product} {ergonomic}
   size_t MarkStackSize                            = 4194304                                   {product} {ergonomic}
   size_t MaxHeapSize                              = 2071986176                                {product} {ergonomic}
   size_t MaxNewSize                               = 1242562560                                {product} {ergonomic}
   size_t MinHeapDeltaBytes                        = 1048576                                   {product} {ergonomic}
    uintx NonNMethodCodeHeapSize                   = 5836300                                {pd product} {ergonomic}
    uintx NonProfiledCodeHeapSize                  = 122910970                              {pd product} {ergonomic}
    uintx ProfiledCodeHeapSize                     = 122910970                              {pd product} {ergonomic}
    uintx ReservedCodeCacheSize                    = 251658240                              {pd product} {ergonomic}
     bool SegmentedCodeCache                       = true                                      {product} {ergonomic}
     bool UseCompressedClassPointers               = true                                 {lp64_product} {ergonomic}
     bool UseCompressedOops                        = true                                 {lp64_product} {ergonomic}
     bool UseG1GC                                  = true                                      {product} {ergonomic}
     bool UseLargePagesIndividualAllocation        = false                                  {pd product} {ergonomic}

Logging:
Log output configuration:
 #0: stdout all=warning uptime,level,tags
 #1: stderr all=off uptime,level,tags

Environment Variables:
PATH=C:\Program Files\Eclipse Adoptium\jdk-21.0.1.12-hotspot\bin;"C:\Program Files\Common Files\Oracle\Java\javapath;C:\Program Files\Java\jdk-21\bin";C:\Windows\system32;C:\Windows;C:\Windows\System32\Wbem;C:\Windows\System32\WindowsPowerShell\v1.0\;C:\Windows\System32\OpenSSH\;C:\Program Files (x86)\NVIDIA Corporation\PhysX\Common;C:\Program Files\NVIDIA Corporation\NVIDIA NvDLISR;C:\Program Files\Git\cmd;C:\Program Files\dotnet\;C:\Users\alonh\AppData\Local\Microsoft\WindowsApps;C:\Users\alonh\AppData\Local\JetBrains\Toolbox\scripts;C:\Users\alonh\AppData\Local\Programs\Microsoft VS Code\bin;C:\Users\alonh\AppData\Local\GitHubDesktop\bin
USERNAME=alonh
OS=Windows_NT
PROCESSOR_IDENTIFIER=Intel64 Family 6 Model 154 Stepping 3, GenuineIntel
TMP=C:\Users\alonh\AppData\Local\Temp
TEMP=C:\Users\alonh\AppData\Local\Temp



---------------  S Y S T E M  ---------------

OS: Windows 11 , 64 bit Build 22621 (10.0.22621.2506)
OS uptime: 9 days 16:03 hours
Hyper-V role detected

CPU:total 12 (initial active 12) (6 cores per cpu, 2 threads per core) family 6 model 154 stepping 3 microcode 0x424, cmov, cx8, fxsr, mmx, sse, sse2, sse3, ssse3, sse4.1, sse4.2, popcnt, avx, avx2, aes, clmul, erms, 3dnowpref, lzcnt, ht, tsc, tscinvbit, bmi1, bmi2, adx, sha, fma

Memory: 4k page, system-wide physical 7896M (19M free)
TotalPageFile size 28583M (AvailPageFile size 8788M)
current process WorkingSet (physical memory assigned to process): 482M, peak: 491M
current process commit charge ("private bytes"): 603M, peak: 603M

vm_info: OpenJDK 64-Bit Server VM (11.0.22+7-LTS) for windows-amd64 JRE (11.0.22+7-LTS), built on Jan 10 2024 19:54:00 by "Administrator" with MS VC++ 16.10 / 16.11 (VS2019)

END.
