#
# A fatal error has been detected by the Java Runtime Environment:
#
#  EXCEPTION_ACCESS_VIOLATION (0xc0000005) at pc=0x00007fffa60abdf6, pid=32516, tid=25112
#
# JRE version: OpenJDK Runtime Environment Corretto-11.0.22.7.1 (11.0.22+7) (build 11.0.22+7-LTS)
# Java VM: OpenJDK 64-Bit Server VM Corretto-11.0.22.7.1 (11.0.22+7-LTS, mixed mode, tiered, compressed oops, g1 gc, windows-amd64)
# Problematic frame:
# C  [glass.dll+0x1bdf6]
#
# No core dump will be written. Minidumps are not enabled by default on client versions of Windows
#
# If you would like to submit a bug report, please visit:
#   https://github.com/corretto/corretto-11/issues/
# The crash happened outside the Java Virtual Machine in native code.
# See problematic frame for where to report the bug.
#

---------------  S U M M A R Y ------------

Command Line: -javaagent:C:\Users\alonh\AppData\Local\Programs\IntelliJ IDEA Ultimate\lib\idea_rt.jar=57337:C:\Users\alonh\AppData\Local\Programs\IntelliJ IDEA Ultimate\bin -Dfile.encoding=UTF-8 --module-path=C:\Users\alonh\.m2\repository\org\kordamp\bootstrapfx\bootstrapfx-core\0.4.0\bootstrapfx-core-0.4.0.jar;C:\Users\alonh\.m2\repository\com\dlsc\formsfx\formsfx-core\11.6.0\formsfx-core-11.6.0.jar;C:\Users\alonh\.m2\repository\org\openjfx\javafx-base\17.0.6\javafx-base-17.0.6-win.jar;C:\Users\alonh\IdeaProjects\Joyeria_ProyectoMult\target\classes;C:\Users\alonh\.m2\repository\org\openjfx\javafx-controls\17.0.6\javafx-controls-17.0.6-win.jar;C:\Users\alonh\.m2\repository\net\synedra\validatorfx\0.4.0\validatorfx-0.4.0.jar;C:\Users\alonh\.m2\repository\org\openjfx\javafx-graphics\17.0.6\javafx-graphics-17.0.6-win.jar;C:\Users\alonh\.m2\repository\org\openjfx\javafx-fxml\17.0.6\javafx-fxml-17.0.6-win.jar;C:\Users\alonh\.m2\repository\org\controlsfx\controlsfx\11.1.2\controlsfx-11.1.2.jar -Djdk.module.main=com.eduard034.joyeria_proyectomult com.eduard034.joyeria_proyectomult/com.eduard034.joyeria_proyectomult.JoyeriaApp

Host: 12th Gen Intel(R) Core(TM) i5-12450H, 12 cores, 7G,  Windows 11 , 64 bit Build 22621 (10.0.22621.2506)
Time: Sat Mar 23 18:38:33 2024 Hora estándar central (México) elapsed time: 22.207594 seconds (0d 0h 0m 22s)

---------------  T H R E A D  ---------------

Current thread (0x0000025a64c62800):  JavaThread "JavaFX Application Thread" [_thread_in_native, id=25112, stack(0x0000009c62d00000,0x0000009c62e00000)]

Stack: [0x0000009c62d00000,0x0000009c62e00000],  sp=0x0000009c62dfc6b0,  free space=1009k
Native frames: (J=compiled Java code, j=interpreted, Vv=VM code, C=native code)
C  [glass.dll+0x1bdf6]

Java frames: (J=compiled Java code, j=interpreted, Vv=VM code)
j  com.sun.glass.ui.win.WinWindow._close(J)Z+0 javafx.graphics
j  com.sun.glass.ui.Window.close()V+63 javafx.graphics
j  com.sun.glass.ui.win.WinWindow.close()V+8 javafx.graphics
j  com.sun.glass.ui.Application.terminate()V+75 javafx.graphics
j  com.sun.javafx.tk.quantum.QuantumToolkit.lambda$exit$13()Ljava/lang/Object;+5 javafx.graphics
j  com.sun.javafx.tk.quantum.QuantumToolkit$$Lambda$443.get()Ljava/lang/Object;+0 javafx.graphics
j  com.sun.javafx.tk.quantum.QuantumToolkit.runWithRenderLock(Ljava/util/function/Supplier;)Ljava/lang/Object;+7 javafx.graphics
j  com.sun.javafx.tk.quantum.QuantumToolkit.exit()V+26 javafx.graphics
j  com.sun.javafx.application.PlatformImpl.lambda$tkExit$16()V+3 javafx.graphics
j  com.sun.javafx.application.PlatformImpl$$Lambda$442.run()V+0 javafx.graphics
j  com.sun.javafx.application.PlatformImpl.lambda$runAndWait$12(Ljava/lang/Runnable;Ljava/util/concurrent/CountDownLatch;)V+1 javafx.graphics
j  com.sun.javafx.application.PlatformImpl$$Lambda$88.run()V+8 javafx.graphics
j  com.sun.javafx.application.PlatformImpl.lambda$runLater$10(Ljava/lang/Runnable;)Ljava/lang/Void;+1 javafx.graphics
j  com.sun.javafx.application.PlatformImpl$$Lambda$90.run()Ljava/lang/Object;+4 javafx.graphics
v  ~StubRoutines::call_stub
J 2053  java.security.AccessController.doPrivileged(Ljava/security/PrivilegedAction;Ljava/security/AccessControlContext;)Ljava/lang/Object; java.base@11.0.22 (0 bytes) @ 0x0000025a54191ea6 [0x0000025a54191e40+0x0000000000000066]
j  com.sun.javafx.application.PlatformImpl.lambda$runLater$11(Ljava/lang/Runnable;Ljava/security/AccessControlContext;)V+7 javafx.graphics
j  com.sun.javafx.application.PlatformImpl$$Lambda$89.run()V+8 javafx.graphics
J 2360 c1 com.sun.glass.ui.InvokeLaterDispatcher$Future.run()V javafx.graphics (91 bytes) @ 0x0000025a4cfdcd04 [0x0000025a4cfdcc00+0x0000000000000104]
v  ~StubRoutines::call_stub
j  com.sun.glass.ui.win.WinApplication._runLoop(Ljava/lang/Runnable;)V+0 javafx.graphics
j  com.sun.glass.ui.win.WinApplication.lambda$runLoop$3(ILjava/lang/Runnable;)V+8 javafx.graphics
j  com.sun.glass.ui.win.WinApplication$$Lambda$78.run()V+12 javafx.graphics
j  java.lang.Thread.run()V+11 java.base@11.0.22
v  ~StubRoutines::call_stub

siginfo: EXCEPTION_ACCESS_VIOLATION (0xc0000005), reading address 0x0000000000000130


Register to memory mapping:

RIP=0x00007fffa60abdf6 glass.dll
RAX=0x0 is NULL
RBX=0x0 is NULL
RCX=0x0 is NULL
RDX=0x0 is NULL
RSP=0x0000009c62dfc6b0 is pointing into the stack for thread: 0x0000025a64c62800
RBP=0x0 is NULL
RSI=0x0000000000000401 is an unknown value
RDI=0x0000009c62dfca00 is pointing into the stack for thread: 0x0000025a64c62800
R8 =0x0000009c62dfca00 is pointing into the stack for thread: 0x0000025a64c62800
R9 =0x0 is NULL
R10=0x0 is NULL
R11=0x0000000000000246 is an unknown value
R12=0x0 is NULL
R13=0x0 is NULL
R14=0x0 is NULL
R15=0x0 is NULL


Registers:
RAX=0x0000000000000000, RBX=0x0000000000000000, RCX=0x0000000000000000, RDX=0x0000000000000000
RSP=0x0000009c62dfc6b0, RBP=0x0000000000000000, RSI=0x0000000000000401, RDI=0x0000009c62dfca00
R8 =0x0000009c62dfca00, R9 =0x0000000000000000, R10=0x0000000000000000, R11=0x0000000000000246
R12=0x0000000000000000, R13=0x0000000000000000, R14=0x0000000000000000, R15=0x0000000000000000
RIP=0x00007fffa60abdf6, EFLAGS=0x0000000000010202

Top of Stack: (sp=0x0000009c62dfc6b0)
0x0000009c62dfc6b0:   0000000000000578 0000009c62dfc6c0
0x0000009c62dfc6c0:   0000000000180016 00007fffa60b75c0
0x0000009c62dfc6d0:   0000009c62dfca00 00007fffa60aa871
0x0000009c62dfc6e0:   0000000000000000 0000009c62dfca00
0x0000009c62dfc6f0:   0000000000000401 0000025a422d83a0
0x0000009c62dfc700:   0000025a64851af0 00007fffa609a395
0x0000009c62dfc710:   0000009c62dfca00 0000025a6303e101
0x0000009c62dfc720:   000000000000c0c6 0000025a6e9c1c00
0x0000009c62dfc730:   0000000000000000 00007fffa60917bb
0x0000009c62dfc740:   0000025a64851af0 0000009c62dfca00
0x0000009c62dfc750:   0000000000000401 0000000000350a1e
0x0000009c62dfc760:   0000000000000401 00007ff810738241
0x0000009c62dfc770:   0000000000000000 0000009c62dfc938
0x0000009c62dfc780:   0000000080000022 0000000000000001
0x0000009c62dfc790:   0000025a643dd488 0000025a64c62800
0x0000009c62dfc7a0:   0000025a64c62800 0000000000000001 

Instructions: (pc=0x00007fffa60abdf6)
0x00007fffa60abcf6:   85 c0 74 08 48 8b c8 e8 ee 00 00 00 48 c7 05 23
0x00007fffa60abd06:   e1 01 00 00 00 00 00 48 83 c4 28 c3 cc cc cc cc
0x00007fffa60abd16:   cc cc cc cc cc cc cc cc cc cc 48 89 5c 24 08 57
0x00007fffa60abd26:   48 83 ec 30 48 8b fa 48 8b d9 48 39 91 30 01 00
0x00007fffa60abd36:   00 0f 84 a5 00 00 00 e8 ae 00 00 00 48 8b 93 30
0x00007fffa60abd46:   01 00 00 48 85 d2 75 04 48 8b 53 08 48 89 54 24
0x00007fffa60abd56:   20 4c 8b c7 48 85 ff 75 04 4c 8b 43 08 48 8d 0d
0x00007fffa60abd66:   a6 e2 00 00 4c 89 44 24 28 e8 bc 78 fe ff 48 8b
0x00007fffa60abd76:   4c 24 20 4c 8d 44 24 20 48 8d 15 db f7 ff ff ff
0x00007fffa60abd86:   15 05 da 01 00 48 8b 05 6e dd 01 00 48 85 c0 75
0x00007fffa60abd96:   04 33 c9 eb 03 8b 48 40 4c 8d 44 24 20 48 8d 15
0x00007fffa60abda6:   f6 f7 ff ff ff 15 e8 d9 01 00 48 89 bb 30 01 00
0x00007fffa60abdb6:   00 e8 54 38 00 00 4c 8b 05 ed e0 01 00 48 8b c8
0x00007fffa60abdc6:   48 8b 93 c0 00 00 00 4c 8b cf e8 db 92 fe ff e8
0x00007fffa60abdd6:   36 38 00 00 48 8b c8 e8 4e 37 00 00 48 8b 5c 24
0x00007fffa60abde6:   40 48 83 c4 30 5f c3 cc cc cc 40 57 48 83 ec 20
0x00007fffa60abdf6:   48 8b 81 30 01 00 00 48 8b f9 48 85 c0 75 04 48
0x00007fffa60abe06:   8b 41 08 48 3b 05 20 e0 01 00 75 3b 48 89 5c 24
0x00007fffa60abe16:   30 e8 f4 37 00 00 4c 8b 05 7d e0 01 00 48 8b c8
0x00007fffa60abe26:   48 8b 97 c0 00 00 00 48 8b d8 e8 7b 92 fe ff 48
0x00007fffa60abe36:   8b cb e8 f3 36 00 00 48 8b 5c 24 30 48 c7 05 e3
0x00007fffa60abe46:   df 01 00 00 00 00 00 48 83 c4 20 5f c3 cc cc cc
0x00007fffa60abe56:   cc cc cc cc cc cc cc cc cc cc 40 53 48 83 ec 50
0x00007fffa60abe66:   48 8b 05 5b b3 01 00 48 33 c4 48 89 44 24 40 48
0x00007fffa60abe76:   8b d9 48 8b 49 08 ff 15 86 d8 01 00 85 c0 0f 85
0x00007fffa60abe86:   1b 01 00 00 48 8b 4b 08 48 8d 54 24 30 ff 15 af
0x00007fffa60abe96:   d6 01 00 48 8b 4b 08 48 8d 54 24 20 ff 15 08 d7
0x00007fffa60abea6:   01 00 48 8b 4b 08 4c 8d 44 24 20 41 b9 02 00 00
0x00007fffa60abeb6:   00 33 d2 ff 15 f9 d6 01 00 8b 44 24 24 2b 44 24
0x00007fffa60abec6:   34 44 8b 44 24 20 44 2b 44 24 30 8b 54 24 3c 2b
0x00007fffa60abed6:   54 24 2c 8b 4c 24 38 2b 4c 24 28 89 83 1c 01 00
0x00007fffa60abee6:   00 44 89 83 18 01 00 00 89 93 24 01 00 00 89 8b 


Stack slot to memory mapping:
stack at sp + 0 slots: 0x0000000000000578 is an unknown value
stack at sp + 1 slots: 0x0000009c62dfc6c0 is pointing into the stack for thread: 0x0000025a64c62800
stack at sp + 2 slots: 0x0000000000180016 is an unknown value
stack at sp + 3 slots: 0x00007fffa60b75c0 glass.dll
stack at sp + 4 slots: 0x0000009c62dfca00 is pointing into the stack for thread: 0x0000025a64c62800
stack at sp + 5 slots: 0x00007fffa60aa871 glass.dll
stack at sp + 6 slots: 0x0 is NULL
stack at sp + 7 slots: 0x0000009c62dfca00 is pointing into the stack for thread: 0x0000025a64c62800


---------------  P R O C E S S  ---------------

Threads class SMR info:
_java_thread_list=0x0000025a63ff3960, length=18, elements={
0x0000025a43e80000, 0x0000025a63966800, 0x0000025a63968000, 0x0000025a63964000,
0x0000025a63967000, 0x0000025a63962800, 0x0000025a639c9800, 0x0000025a639ca800,
0x0000025a639ce000, 0x0000025a63965000, 0x0000025a63969000, 0x0000025a63965800,
0x0000025a63963000, 0x0000025a64c62800, 0x0000025a64c5f800, 0x0000025a64c61800,
0x0000025a64c63800, 0x0000025a64c64000
}

Java Threads: ( => current thread )
  0x0000025a43e80000 JavaThread "main" [_thread_blocked, id=28248, stack(0x0000009c61500000,0x0000009c61600000)]
  0x0000025a63966800 JavaThread "Reference Handler" daemon [_thread_blocked, id=22664, stack(0x0000009c61c00000,0x0000009c61d00000)]
  0x0000025a63968000 JavaThread "Finalizer" daemon [_thread_blocked, id=7472, stack(0x0000009c61d00000,0x0000009c61e00000)]
  0x0000025a63964000 JavaThread "Signal Dispatcher" daemon [_thread_blocked, id=13304, stack(0x0000009c61e00000,0x0000009c61f00000)]
  0x0000025a63967000 JavaThread "Attach Listener" daemon [_thread_blocked, id=19904, stack(0x0000009c61f00000,0x0000009c62000000)]
  0x0000025a63962800 JavaThread "Service Thread" daemon [_thread_blocked, id=1104, stack(0x0000009c62000000,0x0000009c62100000)]
  0x0000025a639c9800 JavaThread "C2 CompilerThread0" daemon [_thread_blocked, id=23016, stack(0x0000009c62100000,0x0000009c62200000)]
  0x0000025a639ca800 JavaThread "C1 CompilerThread0" daemon [_thread_blocked, id=28812, stack(0x0000009c62200000,0x0000009c62300000)]
  0x0000025a639ce000 JavaThread "Sweeper thread" daemon [_thread_blocked, id=2000, stack(0x0000009c62300000,0x0000009c62400000)]
  0x0000025a63965000 JavaThread "Common-Cleaner" daemon [_thread_blocked, id=10692, stack(0x0000009c62400000,0x0000009c62500000)]
  0x0000025a63969000 JavaThread "Monitor Ctrl-Break" daemon [_thread_in_native, id=10540, stack(0x0000009c62600000,0x0000009c62700000)]
  0x0000025a63965800 JavaThread "QuantumRenderer-0" daemon [_thread_blocked, id=20108, stack(0x0000009c62800000,0x0000009c62900000)]
  0x0000025a63963000 JavaThread "InvokeLaterDispatcher" daemon [_thread_blocked, id=3396, stack(0x0000009c62500000,0x0000009c62600000)]
=>0x0000025a64c62800 JavaThread "JavaFX Application Thread" [_thread_in_native, id=25112, stack(0x0000009c62d00000,0x0000009c62e00000)]
  0x0000025a64c5f800 JavaThread "Thread-1" daemon [_thread_in_native, id=31176, stack(0x0000009c62f00000,0x0000009c63000000)]
  0x0000025a64c61800 JavaThread "JavaFX-Launcher" [_thread_blocked, id=32260, stack(0x0000009c63000000,0x0000009c63100000)]
  0x0000025a64c63800 JavaThread "Prism Font Disposer" daemon [_thread_blocked, id=18048, stack(0x0000009c63600000,0x0000009c63700000)]
  0x0000025a64c64000 JavaThread "Cleaner-0" daemon [_thread_blocked, id=12784, stack(0x0000009c64100000,0x0000009c64200000)]

Other Threads:
  0x0000025a63130000 VMThread "VM Thread" [stack: 0x0000009c61b00000,0x0000009c61c00000] [id=6000]
  0x0000025a64275800 WatcherThread [stack: 0x0000009c62700000,0x0000009c62800000] [id=32172]
  0x0000025a43e9b800 GCTaskThread "GC Thread#0" [stack: 0x0000009c61600000,0x0000009c61700000] [id=14300]
  0x0000025a64b7e000 GCTaskThread "GC Thread#1" [stack: 0x0000009c63100000,0x0000009c63200000] [id=11340]
  0x0000025a64b7c800 GCTaskThread "GC Thread#2" [stack: 0x0000009c63200000,0x0000009c63300000] [id=32720]
  0x0000025a64b7c000 GCTaskThread "GC Thread#3" [stack: 0x0000009c63300000,0x0000009c63400000] [id=27728]
  0x0000025a64b7d800 GCTaskThread "GC Thread#4" [stack: 0x0000009c63400000,0x0000009c63500000] [id=21072]
  0x0000025a64e9f000 GCTaskThread "GC Thread#5" [stack: 0x0000009c63500000,0x0000009c63600000] [id=32016]
  0x0000025a43ec6000 ConcurrentGCThread "G1 Main Marker" [stack: 0x0000009c61700000,0x0000009c61800000] [id=12580]
  0x0000025a43ec8800 ConcurrentGCThread "G1 Conc#0" [stack: 0x0000009c61800000,0x0000009c61900000] [id=28844]
  0x0000025a64e9f800 ConcurrentGCThread "G1 Conc#1" [stack: 0x0000009c63a00000,0x0000009c63b00000] [id=4168]
  0x0000025a64ea0800 ConcurrentGCThread "G1 Conc#2" [stack: 0x0000009c63b00000,0x0000009c63c00000] [id=13820]
  0x0000025a62f85800 ConcurrentGCThread "G1 Refine#0" [stack: 0x0000009c61900000,0x0000009c61a00000] [id=21356]
  0x0000025a62f86000 ConcurrentGCThread "G1 Young RemSet Sampling" [stack: 0x0000009c61a00000,0x0000009c61b00000] [id=29904]

Threads with active compile tasks:

VM state:not at safepoint (normal execution)

VM Mutex/Monitor currently owned by a thread: None

Heap address: 0x0000000084800000, size: 1976 MB, Compressed Oops mode: 32-bit
Narrow klass base: 0x0000000000000000, Narrow klass shift: 3
Compressed class space size: 1073741824 Address: 0x0000000100000000

Heap:
 garbage-first heap   total 126976K, used 39317K [0x0000000084800000, 0x0000000100000000)
  region size 1024K, 32 young (32768K), 8 survivors (8192K)
 Metaspace       used 24954K, capacity 25822K, committed 25904K, reserved 1071104K
  class space    used 3076K, capacity 3451K, committed 3456K, reserved 1048576K
Heap Regions: E=young(eden), S=young(survivor), O=old, HS=humongous(starts), HC=humongous(continues), CS=collection set, F=free, A=archive, TAMS=top-at-mark-start (previous, next)
|   0|0x0000000084800000, 0x0000000084900000, 0x0000000084900000|100%|HS|  |TAMS 0x0000000084900000, 0x0000000084800000| Complete 
|   1|0x0000000084900000, 0x0000000084a00000, 0x0000000084a00000|100%|HC|  |TAMS 0x0000000084a00000, 0x0000000084900000| Complete 
|   2|0x0000000084a00000, 0x0000000084b00000, 0x0000000084b00000|100%|HC|  |TAMS 0x0000000084b00000, 0x0000000084a00000| Complete 
|   3|0x0000000084b00000, 0x0000000084c00000, 0x0000000084c00000|100%|HC|  |TAMS 0x0000000084c00000, 0x0000000084b00000| Complete 
|   4|0x0000000084c00000, 0x0000000084d00000, 0x0000000084d00000|100%|HC|  |TAMS 0x0000000084d00000, 0x0000000084c00000| Complete 
|   5|0x0000000084d00000, 0x0000000084e00000, 0x0000000084e00000|100%|HC|  |TAMS 0x0000000084e00000, 0x0000000084d00000| Complete 
|   6|0x0000000084e00000, 0x0000000084f00000, 0x0000000084f00000|100%|HC|  |TAMS 0x0000000084f00000, 0x0000000084e00000| Complete 
|   7|0x0000000084f00000, 0x0000000085000000, 0x0000000085000000|100%|HS|  |TAMS 0x0000000084f00000, 0x0000000084f00000| Complete 
|   8|0x0000000085000000, 0x0000000085100000, 0x0000000085100000|100%|HC|  |TAMS 0x0000000085000000, 0x0000000085000000| Complete 
|   9|0x0000000085100000, 0x0000000085100000, 0x0000000085200000|  0%| F|  |TAMS 0x0000000085100000, 0x0000000085100000| Untracked 
|  10|0x0000000085200000, 0x0000000085200000, 0x0000000085300000|  0%| F|  |TAMS 0x0000000085200000, 0x0000000085200000| Untracked 
|  11|0x0000000085300000, 0x0000000085300000, 0x0000000085400000|  0%| F|  |TAMS 0x0000000085300000, 0x0000000085300000| Untracked 
|  12|0x0000000085400000, 0x0000000085400000, 0x0000000085500000|  0%| F|  |TAMS 0x0000000085400000, 0x0000000085400000| Untracked 
|  13|0x0000000085500000, 0x0000000085500000, 0x0000000085600000|  0%| F|  |TAMS 0x0000000085500000, 0x0000000085500000| Untracked 
|  14|0x0000000085600000, 0x0000000085600000, 0x0000000085700000|  0%| F|  |TAMS 0x0000000085600000, 0x0000000085600000| Untracked 
|  15|0x0000000085700000, 0x0000000085700000, 0x0000000085800000|  0%| F|  |TAMS 0x0000000085700000, 0x0000000085700000| Untracked 
|  16|0x0000000085800000, 0x0000000085800000, 0x0000000085900000|  0%| F|  |TAMS 0x0000000085800000, 0x0000000085800000| Untracked 
|  17|0x0000000085900000, 0x0000000085900000, 0x0000000085a00000|  0%| F|  |TAMS 0x0000000085900000, 0x0000000085900000| Untracked 
|  18|0x0000000085a00000, 0x0000000085a00000, 0x0000000085b00000|  0%| F|  |TAMS 0x0000000085a00000, 0x0000000085a00000| Untracked 
|  19|0x0000000085b00000, 0x0000000085b00000, 0x0000000085c00000|  0%| F|  |TAMS 0x0000000085b00000, 0x0000000085b00000| Untracked 
|  20|0x0000000085c00000, 0x0000000085c00000, 0x0000000085d00000|  0%| F|  |TAMS 0x0000000085c00000, 0x0000000085c00000| Untracked 
|  21|0x0000000085d00000, 0x0000000085d00000, 0x0000000085e00000|  0%| F|  |TAMS 0x0000000085d00000, 0x0000000085d00000| Untracked 
|  22|0x0000000085e00000, 0x0000000085e00000, 0x0000000085f00000|  0%| F|  |TAMS 0x0000000085e00000, 0x0000000085e00000| Untracked 
|  23|0x0000000085f00000, 0x0000000085f00000, 0x0000000086000000|  0%| F|  |TAMS 0x0000000085f00000, 0x0000000085f00000| Untracked 
|  24|0x0000000086000000, 0x0000000086000000, 0x0000000086100000|  0%| F|  |TAMS 0x0000000086000000, 0x0000000086000000| Untracked 
|  25|0x0000000086100000, 0x0000000086100000, 0x0000000086200000|  0%| F|  |TAMS 0x0000000086100000, 0x0000000086100000| Untracked 
|  26|0x0000000086200000, 0x0000000086200000, 0x0000000086300000|  0%| F|  |TAMS 0x0000000086200000, 0x0000000086200000| Untracked 
|  27|0x0000000086300000, 0x0000000086300000, 0x0000000086400000|  0%| F|  |TAMS 0x0000000086300000, 0x0000000086300000| Untracked 
|  28|0x0000000086400000, 0x0000000086400000, 0x0000000086500000|  0%| F|  |TAMS 0x0000000086400000, 0x0000000086400000| Untracked 
|  29|0x0000000086500000, 0x0000000086500000, 0x0000000086600000|  0%| F|  |TAMS 0x0000000086500000, 0x0000000086500000| Untracked 
|  30|0x0000000086600000, 0x0000000086600000, 0x0000000086700000|  0%| F|  |TAMS 0x0000000086600000, 0x0000000086600000| Untracked 
|  31|0x0000000086700000, 0x0000000086700000, 0x0000000086800000|  0%| F|  |TAMS 0x0000000086700000, 0x0000000086700000| Untracked 
|  32|0x0000000086800000, 0x0000000086800000, 0x0000000086900000|  0%| F|  |TAMS 0x0000000086800000, 0x0000000086800000| Untracked 
|  33|0x0000000086900000, 0x0000000086900000, 0x0000000086a00000|  0%| F|  |TAMS 0x0000000086900000, 0x0000000086900000| Untracked 
|  34|0x0000000086a00000, 0x0000000086a00000, 0x0000000086b00000|  0%| F|  |TAMS 0x0000000086a00000, 0x0000000086a00000| Untracked 
|  35|0x0000000086b00000, 0x0000000086b00000, 0x0000000086c00000|  0%| F|  |TAMS 0x0000000086b00000, 0x0000000086b00000| Untracked 
|  36|0x0000000086c00000, 0x0000000086c00000, 0x0000000086d00000|  0%| F|  |TAMS 0x0000000086c00000, 0x0000000086c00000| Untracked 
|  37|0x0000000086d00000, 0x0000000086d00000, 0x0000000086e00000|  0%| F|  |TAMS 0x0000000086d00000, 0x0000000086d00000| Untracked 
|  38|0x0000000086e00000, 0x0000000086e00000, 0x0000000086f00000|  0%| F|  |TAMS 0x0000000086e00000, 0x0000000086e00000| Untracked 
|  39|0x0000000086f00000, 0x0000000086f00000, 0x0000000087000000|  0%| F|  |TAMS 0x0000000086f00000, 0x0000000086f00000| Untracked 
|  40|0x0000000087000000, 0x0000000087000000, 0x0000000087100000|  0%| F|  |TAMS 0x0000000087000000, 0x0000000087000000| Untracked 
|  41|0x0000000087100000, 0x0000000087100000, 0x0000000087200000|  0%| F|  |TAMS 0x0000000087100000, 0x0000000087100000| Untracked 
|  42|0x0000000087200000, 0x0000000087200000, 0x0000000087300000|  0%| F|  |TAMS 0x0000000087200000, 0x0000000087200000| Untracked 
|  43|0x0000000087300000, 0x0000000087300000, 0x0000000087400000|  0%| F|  |TAMS 0x0000000087300000, 0x0000000087300000| Untracked 
|  44|0x0000000087400000, 0x0000000087400000, 0x0000000087500000|  0%| F|  |TAMS 0x0000000087400000, 0x0000000087400000| Untracked 
|  45|0x0000000087500000, 0x0000000087500000, 0x0000000087600000|  0%| F|  |TAMS 0x0000000087500000, 0x0000000087500000| Untracked 
|  46|0x0000000087600000, 0x0000000087600000, 0x0000000087700000|  0%| F|  |TAMS 0x0000000087600000, 0x0000000087600000| Untracked 
|  47|0x0000000087700000, 0x0000000087700000, 0x0000000087800000|  0%| F|  |TAMS 0x0000000087700000, 0x0000000087700000| Untracked 
|  48|0x0000000087800000, 0x0000000087800000, 0x0000000087900000|  0%| F|  |TAMS 0x0000000087800000, 0x0000000087800000| Untracked 
|  49|0x0000000087900000, 0x0000000087900000, 0x0000000087a00000|  0%| F|  |TAMS 0x0000000087900000, 0x0000000087900000| Untracked 
|  50|0x0000000087a00000, 0x0000000087a00000, 0x0000000087b00000|  0%| F|  |TAMS 0x0000000087a00000, 0x0000000087a00000| Untracked 
|  51|0x0000000087b00000, 0x0000000087b00000, 0x0000000087c00000|  0%| F|  |TAMS 0x0000000087b00000, 0x0000000087b00000| Untracked 
|  52|0x0000000087c00000, 0x0000000087c00000, 0x0000000087d00000|  0%| F|  |TAMS 0x0000000087c00000, 0x0000000087c00000| Untracked 
|  53|0x0000000087d00000, 0x0000000087d00000, 0x0000000087e00000|  0%| F|  |TAMS 0x0000000087d00000, 0x0000000087d00000| Untracked 
|  54|0x0000000087e00000, 0x0000000087e00000, 0x0000000087f00000|  0%| F|  |TAMS 0x0000000087e00000, 0x0000000087e00000| Untracked 
|  55|0x0000000087f00000, 0x0000000087f00000, 0x0000000088000000|  0%| F|  |TAMS 0x0000000087f00000, 0x0000000087f00000| Untracked 
|  56|0x0000000088000000, 0x0000000088000000, 0x0000000088100000|  0%| F|  |TAMS 0x0000000088000000, 0x0000000088000000| Untracked 
|  57|0x0000000088100000, 0x0000000088100000, 0x0000000088200000|  0%| F|  |TAMS 0x0000000088100000, 0x0000000088100000| Untracked 
|  58|0x0000000088200000, 0x0000000088200000, 0x0000000088300000|  0%| F|  |TAMS 0x0000000088200000, 0x0000000088200000| Untracked 
|  59|0x0000000088300000, 0x0000000088300000, 0x0000000088400000|  0%| F|  |TAMS 0x0000000088300000, 0x0000000088300000| Untracked 
|  60|0x0000000088400000, 0x0000000088400000, 0x0000000088500000|  0%| F|  |TAMS 0x0000000088400000, 0x0000000088400000| Untracked 
|  61|0x0000000088500000, 0x0000000088500000, 0x0000000088600000|  0%| F|  |TAMS 0x0000000088500000, 0x0000000088500000| Untracked 
|  62|0x0000000088600000, 0x0000000088600000, 0x0000000088700000|  0%| F|  |TAMS 0x0000000088600000, 0x0000000088600000| Untracked 
|  63|0x0000000088700000, 0x0000000088700000, 0x0000000088800000|  0%| F|  |TAMS 0x0000000088700000, 0x0000000088700000| Untracked 
|  64|0x0000000088800000, 0x0000000088800000, 0x0000000088900000|  0%| F|  |TAMS 0x0000000088800000, 0x0000000088800000| Untracked 
|  65|0x0000000088900000, 0x0000000088900000, 0x0000000088a00000|  0%| F|  |TAMS 0x0000000088900000, 0x0000000088900000| Untracked 
|  66|0x0000000088a00000, 0x0000000088a00000, 0x0000000088b00000|  0%| F|  |TAMS 0x0000000088a00000, 0x0000000088a00000| Untracked 
|  67|0x0000000088b00000, 0x0000000088b00000, 0x0000000088c00000|  0%| F|  |TAMS 0x0000000088b00000, 0x0000000088b00000| Untracked 
|  68|0x0000000088c00000, 0x0000000088c00000, 0x0000000088d00000|  0%| F|  |TAMS 0x0000000088c00000, 0x0000000088c00000| Untracked 
|  69|0x0000000088d00000, 0x0000000088d00000, 0x0000000088e00000|  0%| F|  |TAMS 0x0000000088d00000, 0x0000000088d00000| Untracked 
|  70|0x0000000088e00000, 0x0000000088e00000, 0x0000000088f00000|  0%| F|  |TAMS 0x0000000088e00000, 0x0000000088e00000| Untracked 
|  71|0x0000000088f00000, 0x0000000088f00000, 0x0000000089000000|  0%| F|  |TAMS 0x0000000088f00000, 0x0000000088f00000| Untracked 
|  72|0x0000000089000000, 0x0000000089000000, 0x0000000089100000|  0%| F|  |TAMS 0x0000000089000000, 0x0000000089000000| Untracked 
|  73|0x0000000089100000, 0x0000000089100000, 0x0000000089200000|  0%| F|  |TAMS 0x0000000089100000, 0x0000000089100000| Untracked 
|  74|0x0000000089200000, 0x0000000089200000, 0x0000000089300000|  0%| F|  |TAMS 0x0000000089200000, 0x0000000089200000| Untracked 
|  75|0x0000000089300000, 0x0000000089300000, 0x0000000089400000|  0%| F|  |TAMS 0x0000000089300000, 0x0000000089300000| Untracked 
|  76|0x0000000089400000, 0x0000000089400000, 0x0000000089500000|  0%| F|  |TAMS 0x0000000089400000, 0x0000000089400000| Untracked 
|  77|0x0000000089500000, 0x0000000089500000, 0x0000000089600000|  0%| F|  |TAMS 0x0000000089500000, 0x0000000089500000| Untracked 
|  78|0x0000000089600000, 0x0000000089600000, 0x0000000089700000|  0%| F|  |TAMS 0x0000000089600000, 0x0000000089600000| Untracked 
|  79|0x0000000089700000, 0x0000000089700000, 0x0000000089800000|  0%| F|  |TAMS 0x0000000089700000, 0x0000000089700000| Untracked 
|  80|0x0000000089800000, 0x0000000089800000, 0x0000000089900000|  0%| F|  |TAMS 0x0000000089800000, 0x0000000089800000| Untracked 
|  81|0x0000000089900000, 0x0000000089900000, 0x0000000089a00000|  0%| F|  |TAMS 0x0000000089900000, 0x0000000089900000| Untracked 
|  82|0x0000000089a00000, 0x0000000089a00000, 0x0000000089b00000|  0%| F|  |TAMS 0x0000000089a00000, 0x0000000089a00000| Untracked 
|  83|0x0000000089b00000, 0x0000000089b00000, 0x0000000089c00000|  0%| F|  |TAMS 0x0000000089b00000, 0x0000000089b00000| Untracked 
|  84|0x0000000089c00000, 0x0000000089c00000, 0x0000000089d00000|  0%| F|  |TAMS 0x0000000089c00000, 0x0000000089c00000| Untracked 
|  85|0x0000000089d00000, 0x0000000089d655d0, 0x0000000089e00000| 39%| S|CS|TAMS 0x0000000089d00000, 0x0000000089d00000| Complete 
|  86|0x0000000089e00000, 0x0000000089f00000, 0x0000000089f00000|100%| S|CS|TAMS 0x0000000089e00000, 0x0000000089e00000| Complete 
|  87|0x0000000089f00000, 0x000000008a000000, 0x000000008a000000|100%| S|CS|TAMS 0x0000000089f00000, 0x0000000089f00000| Complete 
|  88|0x000000008a000000, 0x000000008a100000, 0x000000008a100000|100%| S|CS|TAMS 0x000000008a000000, 0x000000008a000000| Complete 
|  89|0x000000008a100000, 0x000000008a200000, 0x000000008a200000|100%| S|CS|TAMS 0x000000008a100000, 0x000000008a100000| Complete 
|  90|0x000000008a200000, 0x000000008a300000, 0x000000008a300000|100%| S|CS|TAMS 0x000000008a200000, 0x000000008a200000| Complete 
|  91|0x000000008a300000, 0x000000008a400000, 0x000000008a400000|100%| S|CS|TAMS 0x000000008a300000, 0x000000008a300000| Complete 
|  92|0x000000008a400000, 0x000000008a500000, 0x000000008a500000|100%| S|CS|TAMS 0x000000008a400000, 0x000000008a400000| Complete 
|  93|0x000000008a500000, 0x000000008a500000, 0x000000008a600000|  0%| F|  |TAMS 0x000000008a500000, 0x000000008a500000| Untracked 
|  94|0x000000008a600000, 0x000000008a600000, 0x000000008a700000|  0%| F|  |TAMS 0x000000008a600000, 0x000000008a600000| Untracked 
|  95|0x000000008a700000, 0x000000008a700000, 0x000000008a800000|  0%| F|  |TAMS 0x000000008a700000, 0x000000008a700000| Untracked 
|  96|0x000000008a800000, 0x000000008a800000, 0x000000008a900000|  0%| F|  |TAMS 0x000000008a800000, 0x000000008a800000| Untracked 
|  97|0x000000008a900000, 0x000000008a900000, 0x000000008aa00000|  0%| F|  |TAMS 0x000000008a900000, 0x000000008a900000| Untracked 
|  98|0x000000008aa00000, 0x000000008aa00000, 0x000000008ab00000|  0%| F|  |TAMS 0x000000008aa00000, 0x000000008aa00000| Untracked 
|  99|0x000000008ab00000, 0x000000008ab00000, 0x000000008ac00000|  0%| F|  |TAMS 0x000000008ab00000, 0x000000008ab00000| Untracked 
| 100|0x000000008ac00000, 0x000000008ac7ede0, 0x000000008ad00000| 49%| E|  |TAMS 0x000000008ac00000, 0x000000008ac00000| Complete 
| 101|0x000000008ad00000, 0x000000008ae00000, 0x000000008ae00000|100%| E|CS|TAMS 0x000000008ad00000, 0x000000008ad00000| Complete 
| 102|0x000000008ae00000, 0x000000008aeffff8, 0x000000008af00000| 99%| E|CS|TAMS 0x000000008ae00000, 0x000000008ae00000| Complete 
| 103|0x000000008af00000, 0x000000008b000000, 0x000000008b000000|100%| E|CS|TAMS 0x000000008af00000, 0x000000008af00000| Complete 
| 104|0x000000008b000000, 0x000000008b100000, 0x000000008b100000|100%| E|CS|TAMS 0x000000008b000000, 0x000000008b000000| Complete 
| 105|0x000000008b100000, 0x000000008b200000, 0x000000008b200000|100%| E|CS|TAMS 0x000000008b100000, 0x000000008b100000| Complete 
| 106|0x000000008b200000, 0x000000008b300000, 0x000000008b300000|100%| E|CS|TAMS 0x000000008b200000, 0x000000008b200000| Complete 
| 107|0x000000008b300000, 0x000000008b400000, 0x000000008b400000|100%| E|CS|TAMS 0x000000008b300000, 0x000000008b300000| Complete 
| 108|0x000000008b400000, 0x000000008b500000, 0x000000008b500000|100%| E|CS|TAMS 0x000000008b400000, 0x000000008b400000| Complete 
| 109|0x000000008b500000, 0x000000008b600000, 0x000000008b600000|100%| E|CS|TAMS 0x000000008b500000, 0x000000008b500000| Complete 
| 110|0x000000008b600000, 0x000000008b700000, 0x000000008b700000|100%| E|CS|TAMS 0x000000008b600000, 0x000000008b600000| Complete 
| 111|0x000000008b700000, 0x000000008b800000, 0x000000008b800000|100%| E|CS|TAMS 0x000000008b700000, 0x000000008b700000| Complete 
| 112|0x000000008b800000, 0x000000008b900000, 0x000000008b900000|100%| E|CS|TAMS 0x000000008b800000, 0x000000008b800000| Complete 
| 113|0x000000008b900000, 0x000000008ba00000, 0x000000008ba00000|100%| E|CS|TAMS 0x000000008b900000, 0x000000008b900000| Complete 
| 114|0x000000008ba00000, 0x000000008bb00000, 0x000000008bb00000|100%| E|CS|TAMS 0x000000008ba00000, 0x000000008ba00000| Complete 
| 115|0x000000008bb00000, 0x000000008bc00000, 0x000000008bc00000|100%| E|CS|TAMS 0x000000008bb00000, 0x000000008bb00000| Complete 
| 116|0x000000008bc00000, 0x000000008bd00000, 0x000000008bd00000|100%| E|  |TAMS 0x000000008bc00000, 0x000000008bc00000| Complete 
| 117|0x000000008bd00000, 0x000000008be00000, 0x000000008be00000|100%| E|CS|TAMS 0x000000008bd00000, 0x000000008bd00000| Complete 
| 118|0x000000008be00000, 0x000000008bf00000, 0x000000008bf00000|100%| E|CS|TAMS 0x000000008be00000, 0x000000008be00000| Complete 
| 119|0x000000008bf00000, 0x000000008c000000, 0x000000008c000000|100%| E|CS|TAMS 0x000000008bf00000, 0x000000008bf00000| Complete 
| 120|0x000000008c000000, 0x000000008c100000, 0x000000008c100000|100%| E|CS|TAMS 0x000000008c000000, 0x000000008c000000| Complete 
| 121|0x000000008c100000, 0x000000008c200000, 0x000000008c200000|100%| E|CS|TAMS 0x000000008c100000, 0x000000008c100000| Complete 
| 122|0x000000008c200000, 0x000000008c300000, 0x000000008c300000|100%| E|CS|TAMS 0x000000008c200000, 0x000000008c200000| Complete 
| 123|0x000000008c300000, 0x000000008c400000, 0x000000008c400000|100%| E|CS|TAMS 0x000000008c300000, 0x000000008c300000| Complete 

Card table byte_map: [0x0000025a5bf10000,0x0000025a5c2f0000] _byte_map_base: 0x0000025a5baec000

Marking Bits (Prev, Next): (CMBitMap*) 0x0000025a43ebdb80, (CMBitMap*) 0x0000025a43ebdb48
 Prev Bits: [0x0000025a5e5b0000, 0x0000025a60490000)
 Next Bits: [0x0000025a5c6d0000, 0x0000025a5e5b0000)

Polling page: 0x0000025a41e10000

Metaspace:

Usage:
  Non-class:     21.85 MB capacity,    21.37 MB ( 98%) used,   396.17 KB (  2%) free+waste,    96.56 KB ( <1%) overhead. 
      Class:      3.37 MB capacity,     3.00 MB ( 89%) used,   324.91 KB (  9%) free+waste,    49.56 KB (  1%) overhead. 
       Both:     25.22 MB capacity,    24.37 MB ( 97%) used,   721.08 KB (  3%) free+waste,   146.12 KB ( <1%) overhead. 

Virtual space:
  Non-class space:       22.00 MB reserved,      21.92 MB (>99%) committed 
      Class space:        1.00 GB reserved,       3.38 MB ( <1%) committed 
             Both:        1.02 GB reserved,      25.30 MB (  2%) committed 

Chunk freelists:
   Non-Class:  13.00 KB
       Class:  5.00 KB
        Both:  18.00 KB

MaxMetaspaceSize: 17179869184.00 GB
CompressedClassSpaceSize: 1.00 GB
Initial GC threshold: 20.80 MB
Current GC threshold: 35.08 MB
CDS: off

CodeHeap 'non-profiled nmethods': size=120000Kb used=1262Kb max_used=1262Kb free=118737Kb
 bounds [0x0000025a540b0000, 0x0000025a54320000, 0x0000025a5b5e0000]
CodeHeap 'profiled nmethods': size=120000Kb used=5426Kb max_used=5426Kb free=114573Kb
 bounds [0x0000025a4cb80000, 0x0000025a4d0d0000, 0x0000025a540b0000]
CodeHeap 'non-nmethods': size=5760Kb used=1450Kb max_used=1473Kb free=4309Kb
 bounds [0x0000025a4c5e0000, 0x0000025a4c850000, 0x0000025a4cb80000]
 total_blobs=3636 nmethods=2838 adapters=709
 compilation: enabled
              stopped_count=0, restarted_count=0
 full_count=0

Compilation events (20 events):
Event: 22.056 Thread 0x0000025a639ca800 2838       3       com.sun.javafx.geom.transform.AffineBase::transform (301 bytes)
Event: 22.056 Thread 0x0000025a639ca800 nmethod 2838 0x0000025a4d0c9b10 code [0x0000025a4d0c9d60, 0x0000025a4d0ca808]
Event: 22.056 Thread 0x0000025a639ca800 2837       1       com.sun.prism.impl.BaseGraphics::setCompositeMode (6 bytes)
Event: 22.056 Thread 0x0000025a639ca800 nmethod 2837 0x0000025a541eb090 code [0x0000025a541eb240, 0x0000025a541eb338]
Event: 22.124 Thread 0x0000025a639ca800 2839       3       java.util.concurrent.ConcurrentHashMap::isEmpty (15 bytes)
Event: 22.124 Thread 0x0000025a639c9800 2840   !   4       java.lang.invoke.MemberName::getMethodType (203 bytes)
Event: 22.124 Thread 0x0000025a639ca800 nmethod 2839 0x0000025a4d0cac10 code [0x0000025a4d0cadc0, 0x0000025a4d0caf48]
Event: 22.124 Thread 0x0000025a639c9800 nmethod 2840 0x0000025a541eb390 code [0x0000025a541eb520, 0x0000025a541eb5d8]
Event: 22.155 Thread 0x0000025a639ca800 2841       3       java.lang.invoke.DirectMethodHandle$Holder::invokeStatic (15 bytes)
Event: 22.156 Thread 0x0000025a639ca800 nmethod 2841 0x0000025a4d0cb010 code [0x0000025a4d0cb1e0, 0x0000025a4d0cb718]
Event: 22.156 Thread 0x0000025a639c9800 2842       4       jdk.internal.org.objectweb.asm.ByteVector::putInt (74 bytes)
Event: 22.157 Thread 0x0000025a639ca800 2843       3       jdk.internal.org.objectweb.asm.ClassWriter::newConst (9 bytes)
Event: 22.157 Thread 0x0000025a639c9800 nmethod 2842 0x0000025a541eb710 code [0x0000025a541eb8a0, 0x0000025a541eb9d8]
Event: 22.157 Thread 0x0000025a639ca800 nmethod 2843 0x0000025a4d0cb810 code [0x0000025a4d0cb9c0, 0x0000025a4d0cbb08]
Event: 22.157 Thread 0x0000025a639ca800 2844       3       java.lang.invoke.InvokerBytecodeGenerator$CpPatch::<init> (20 bytes)
Event: 22.157 Thread 0x0000025a639ca800 nmethod 2844 0x0000025a4d0cbc10 code [0x0000025a4d0cbdc0, 0x0000025a4d0cbfd8]
Event: 22.160 Thread 0x0000025a639ca800 2845       3       java.nio.CharBuffer::arrayOffset (35 bytes)
Event: 22.160 Thread 0x0000025a639ca800 nmethod 2845 0x0000025a4d0cc090 code [0x0000025a4d0cc260, 0x0000025a4d0cc518]
Event: 22.160 Thread 0x0000025a639ca800 2846       3       java.io.BufferedWriter::ensureOpen (18 bytes)
Event: 22.160 Thread 0x0000025a639ca800 nmethod 2846 0x0000025a4d0cc690 code [0x0000025a4d0cc860, 0x0000025a4d0cca68]

GC Heap History (4 events):
Event: 1.033 GC heap before
{Heap before GC invocations=0 (full 0):
 garbage-first heap   total 126976K, used 23552K [0x0000000084800000, 0x0000000100000000)
  region size 1024K, 24 young (24576K), 0 survivors (0K)
 Metaspace       used 12259K, capacity 12609K, committed 12800K, reserved 1060864K
  class space    used 1276K, capacity 1428K, committed 1536K, reserved 1048576K
}
Event: 1.036 GC heap after
{Heap after GC invocations=1 (full 0):
 garbage-first heap   total 126976K, used 2832K [0x0000000084800000, 0x0000000100000000)
  region size 1024K, 3 young (3072K), 3 survivors (3072K)
 Metaspace       used 12259K, capacity 12609K, committed 12800K, reserved 1060864K
  class space    used 1276K, capacity 1428K, committed 1536K, reserved 1048576K
}
Event: 2.076 GC heap before
{Heap before GC invocations=1 (full 0):
 garbage-first heap   total 126976K, used 37648K [0x0000000084800000, 0x0000000100000000)
  region size 1024K, 31 young (31744K), 3 survivors (3072K)
 Metaspace       used 20609K, capacity 21206K, committed 21296K, reserved 1069056K
  class space    used 2411K, capacity 2687K, committed 2688K, reserved 1048576K
}
Event: 2.084 GC heap after
{Heap after GC invocations=2 (full 0):
 garbage-first heap   total 126976K, used 14741K [0x0000000084800000, 0x0000000100000000)
  region size 1024K, 8 young (8192K), 8 survivors (8192K)
 Metaspace       used 20609K, capacity 21206K, committed 21296K, reserved 1069056K
  class space    used 2411K, capacity 2687K, committed 2688K, reserved 1048576K
}

Deoptimization events (20 events):
Event: 20.841 Thread 0x0000025a64c62800 Uncommon trap: trap_request=0xffffffde fr.pc=0x0000025a541cc424 relative=0x0000000000000fe4
Event: 20.841 Thread 0x0000025a64c62800 Uncommon trap: reason=class_check action=maybe_recompile pc=0x0000025a541cc424 method=javafx.scene.Node.updateLocalToParentTransform()V @ 11 c2
Event: 20.841 Thread 0x0000025a64c62800 DEOPT PACKING pc=0x0000025a541cc424 sp=0x0000009c62dfaaf0
Event: 20.841 Thread 0x0000025a64c62800 DEOPT UNPACKING pc=0x0000025a4c62a1af sp=0x0000009c62dfaab8 mode 2
Event: 20.841 Thread 0x0000025a64c62800 Uncommon trap: trap_request=0xffffff4d fr.pc=0x0000025a5419b450 relative=0x00000000000000b0
Event: 20.841 Thread 0x0000025a64c62800 Uncommon trap: reason=unstable_if action=reinterpret pc=0x0000025a5419b450 method=com.sun.javafx.geom.RectBounds.deriveWithNewBounds(Lcom/sun/javafx/geom/BaseBounds;)Lcom/sun/javafx/geom/BaseBounds; @ 4 c2
Event: 20.841 Thread 0x0000025a64c62800 DEOPT PACKING pc=0x0000025a5419b450 sp=0x0000009c62dfad60
Event: 20.841 Thread 0x0000025a64c62800 DEOPT UNPACKING pc=0x0000025a4c62a1af sp=0x0000009c62dfacf8 mode 2
Event: 20.868 Thread 0x0000025a64c62800 Uncommon trap: trap_request=0xffffffde fr.pc=0x0000025a541cc424 relative=0x0000000000000fe4
Event: 20.868 Thread 0x0000025a64c62800 Uncommon trap: reason=class_check action=maybe_recompile pc=0x0000025a541cc424 method=javafx.scene.Node.updateLocalToParentTransform()V @ 11 c2
Event: 20.868 Thread 0x0000025a64c62800 DEOPT PACKING pc=0x0000025a541cc424 sp=0x0000009c62df8920
Event: 20.868 Thread 0x0000025a64c62800 DEOPT UNPACKING pc=0x0000025a4c62a1af sp=0x0000009c62df88e0 mode 2
Event: 20.868 Thread 0x0000025a64c62800 Uncommon trap: trap_request=0xffffffde fr.pc=0x0000025a541cc424 relative=0x0000000000000fe4
Event: 20.868 Thread 0x0000025a64c62800 Uncommon trap: reason=class_check action=maybe_recompile pc=0x0000025a541cc424 method=javafx.scene.Node.updateLocalToParentTransform()V @ 11 c2
Event: 20.868 Thread 0x0000025a64c62800 DEOPT PACKING pc=0x0000025a541cc424 sp=0x0000009c62df8920
Event: 20.868 Thread 0x0000025a64c62800 DEOPT UNPACKING pc=0x0000025a4c62a1af sp=0x0000009c62df88e0 mode 2
Event: 20.868 Thread 0x0000025a64c62800 Uncommon trap: trap_request=0xffffffde fr.pc=0x0000025a541cc424 relative=0x0000000000000fe4
Event: 20.868 Thread 0x0000025a64c62800 Uncommon trap: reason=class_check action=maybe_recompile pc=0x0000025a541cc424 method=javafx.scene.Node.updateLocalToParentTransform()V @ 11 c2
Event: 20.868 Thread 0x0000025a64c62800 DEOPT PACKING pc=0x0000025a541cc424 sp=0x0000009c62df8920
Event: 20.868 Thread 0x0000025a64c62800 DEOPT UNPACKING pc=0x0000025a4c62a1af sp=0x0000009c62df88e0 mode 2

Classes redefined (0 events):
No events

Internal exceptions (20 events):
Event: 1.793 Thread 0x0000025a64c62800 Implicit null exception at 0x0000025a541423f5 to 0x0000025a541425a4
Event: 1.793 Thread 0x0000025a64c62800 Implicit null exception at 0x0000025a540d0d78 to 0x0000025a540d0e0a
Event: 1.798 Thread 0x0000025a64c62800 Implicit null exception at 0x0000025a540d072f to 0x0000025a540d079d
Event: 2.323 Thread 0x0000025a64c62800 Exception <a 'java/lang/ClassNotFoundException'{0x000000008c2e2ec8}: com/sun/javafx/scene/control/skin/resources/controls> (0x000000008c2e2ec8) thrown at [s\src\hotspot\share\prims\jni.cpp, line 638]
Event: 2.324 Thread 0x0000025a64c62800 Exception <a 'java/lang/ClassNotFoundException'{0x000000008c2f0ec0}: com/sun/javafx/scene/control/skin/resources/controls_es> (0x000000008c2f0ec0) thrown at [s\src\hotspot\share\prims\jni.cpp, line 638]
Event: 2.325 Thread 0x0000025a64c62800 Exception <a 'java/lang/ClassNotFoundException'{0x000000008c2feb78}: com/sun/javafx/scene/control/skin/resources/controls_es_MX> (0x000000008c2feb78) thrown at [s\src\hotspot\share\prims\jni.cpp, line 638]
Event: 2.358 Thread 0x0000025a64c62800 Exception <a 'java/lang/NoSuchMethodError'{0x000000008c0af960}: 'void java.lang.invoke.DirectMethodHandle$Holder.invokeSpecial(java.lang.Object, java.lang.Object, java.lang.Object, java.lang.Object, java.lang.Object, java.lang.Object)'> (0x000000008c0af960) thrown at [s\src\hotspot\share\interpreter\linkResolver.cpp, line 773]
Event: 2.388 Thread 0x0000025a64c62800 Exception <a 'java/lang/NoSuchMethodError'{0x000000008bd16960}: 'java.lang.Object java.lang.invoke.DirectMethodHandle$Holder.invokeInterface(java.lang.Object, java.lang.Object, java.lang.Object)'> (0x000000008bd16960) thrown at [s\src\hotspot\share\interpreter\linkResolver.cpp, line 773]
Event: 2.388 Thread 0x0000025a64c62800 Exception <a 'java/lang/IncompatibleClassChangeError'{0x000000008bd19b18}: Found class java.lang.Object, but interface was expected> (0x000000008bd19b18) thrown at [s\src\hotspot\share\interpreter\linkResolver.cpp, line 839]
Event: 2.493 Thread 0x0000025a63965800 Exception <a 'java/lang/NoSuchMethodError'{0x000000008ba19b40}: 'int java.lang.invoke.DirectMethodHandle$Holder.invokeStaticInit(java.lang.Object, java.lang.Object)'> (0x000000008ba19b40) thrown at [s\src\hotspot\share\interpreter\linkResolver.cpp, line 773]
Event: 2.502 Thread 0x0000025a64c62800 Exception <a 'java/lang/NoSuchMethodError'{0x000000008bafa3e8}: 'long java.lang.invoke.DirectMethodHandle$Holder.invokeStaticInit(java.lang.Object, java.lang.Object, java.lang.Object)'> (0x000000008bafa3e8) thrown at [s\src\hotspot\share\interpreter\linkResolver.cpp, line 773]
Event: 2.505 Thread 0x0000025a64c62800 Exception <a 'java/lang/NoSuchMethodError'{0x000000008b912f00}: 'java.lang.Object java.lang.invoke.DirectMethodHandle$Holder.invokeStatic(java.lang.Object, java.lang.Object, long)'> (0x000000008b912f00) thrown at [s\src\hotspot\share\interpreter\linkResolver.cpp, line 773]
Event: 2.505 Thread 0x0000025a64c62800 Exception <a 'java/lang/NoSuchMethodError'{0x000000008b919078}: 'java.lang.Object java.lang.invoke.Invokers$Holder.linkToTargetMethod(java.lang.Object, long, java.lang.Object)'> (0x000000008b919078) thrown at [s\src\hotspot\share\interpreter\linkResolver.cpp, line 773]
Event: 5.403 Thread 0x0000025a64c62800 Exception <a 'java/lang/NoSuchMethodError'{0x000000008b4b32b0}: 'java.lang.Object java.lang.invoke.DirectMethodHandle$Holder.invokeStatic(java.lang.Object, java.lang.Object, java.lang.Object, double, double, double, double, int, int, int, int, int, int, int, int, int)'> (0x000000008b4b32b0) thrown at [s\src\hotspot\share\interpreter\linkResolver.cpp, line 773]
Event: 20.624 Thread 0x0000025a64c62800 Exception <a 'java/lang/NoSuchMethodError'{0x000000008b0d3dc0}: 'java.lang.Object java.lang.invoke.DirectMethodHandle$Holder.invokeStatic(java.lang.Object, java.lang.Object, int, int, int, int, int, java.lang.Object)'> (0x000000008b0d3dc0) thrown at [s\src\hotspot\share\interpreter\linkResolver.cpp, line 773]
Event: 20.625 Thread 0x0000025a64c62800 Exception <a 'java/lang/NoSuchMethodError'{0x000000008b0e4788}: 'java.lang.Object java.lang.invoke.DirectMethodHandle$Holder.invokeStatic(java.lang.Object, java.lang.Object, java.lang.Object, int, int, int, int, int)'> (0x000000008b0e4788) thrown at [s\src\hotspot\share\interpreter\linkResolver.cpp, line 773]
Event: 20.626 Thread 0x0000025a64c62800 Exception <a 'java/lang/NoSuchMethodError'{0x000000008b0eaff8}: 'java.lang.Object java.lang.invoke.Invokers$Holder.linkToTargetMethod(java.lang.Object, java.lang.Object, int, int, int, int, int, java.lang.Object)'> (0x000000008b0eaff8) thrown at [s\src\hotspot\share\interpreter\linkResolver.cpp, line 773]
Event: 20.654 Thread 0x0000025a64c62800 Implicit null exception at 0x0000025a541b5a8b to 0x0000025a541b5e54
Event: 20.833 Thread 0x0000025a64c62800 Implicit null exception at 0x0000025a541c46f0 to 0x0000025a541c4750
Event: 22.157 Thread 0x0000025a64c62800 Exception <a 'java/lang/IllegalArgumentException'{0x000000008ac1f6d8}> (0x000000008ac1f6d8) thrown at [s\src\hotspot\share\prims\jvm.cpp, line 1310]

Events (20 events):
Event: 22.122 loading class javafx/application/Application
Event: 22.122 loading class javafx/application/Application done
Event: 22.122 loading class javafx/application/Application
Event: 22.122 loading class javafx/application/Application done
Event: 22.155 loading class com/sun/javafx/tk/quantum/GlassScene
Event: 22.155 loading class com/sun/javafx/tk/quantum/GlassScene done
Event: 22.155 loading class com/sun/javafx/tk/quantum/WindowStage
Event: 22.155 loading class com/sun/javafx/tk/quantum/WindowStage done
Event: 22.156 loading class com/sun/prism/GraphicsResource
Event: 22.156 loading class com/sun/prism/GraphicsResource done
Event: 22.156 loading class com/sun/prism/GraphicsResource
Event: 22.156 loading class com/sun/prism/GraphicsResource done
Event: 22.156 loading class com/sun/javafx/tk/quantum/ViewScene
Event: 22.156 loading class com/sun/javafx/tk/quantum/ViewScene done
Event: 22.156 loading class com/sun/javafx/tk/quantum/WindowStage
Event: 22.156 loading class com/sun/javafx/tk/quantum/WindowStage done
Event: 22.158 loading class java/lang/Throwable$WrappedPrintStream
Event: 22.159 loading class java/lang/Throwable$PrintStreamOrWriter
Event: 22.159 loading class java/lang/Throwable$PrintStreamOrWriter done
Event: 22.159 loading class java/lang/Throwable$WrappedPrintStream done


Dynamic libraries:
0x00007ff745d10000 - 0x00007ff745d1e000 	C:\Users\alonh\.jdks\corretto-11.0.22\bin\java.exe
0x00007ff810f50000 - 0x00007ff811167000 	C:\Windows\SYSTEM32\ntdll.dll
0x00007ff810330000 - 0x00007ff8103f4000 	C:\Windows\System32\KERNEL32.DLL
0x00007ff80e6c0000 - 0x00007ff80ea66000 	C:\Windows\System32\KERNELBASE.dll
0x0000000075900000 - 0x0000000075c32000 	C:\Program Files\Norton Security\NortonData\22.23.5.106\Definitions\IPSDefs\20231207.064\IPSEng64.dll
0x00007ff80eca0000 - 0x00007ff80ed53000 	C:\Windows\System32\ADVAPI32.dll
0x00007ff810510000 - 0x00007ff8105b7000 	C:\Windows\System32\msvcrt.dll
0x00007ff810400000 - 0x00007ff8104a8000 	C:\Windows\System32\sechost.dll
0x00007ff80e3e0000 - 0x00007ff80e408000 	C:\Windows\System32\bcrypt.dll
0x00007ff80ef70000 - 0x00007ff80f087000 	C:\Windows\System32\RPCRT4.dll
0x00007ff80edf0000 - 0x00007ff80edf8000 	C:\Windows\System32\PSAPI.DLL
0x00007ff80e2c0000 - 0x00007ff80e3d1000 	C:\Windows\System32\ucrtbase.dll
0x00007ff80acb0000 - 0x00007ff80acc7000 	C:\Users\alonh\.jdks\corretto-11.0.22\bin\jli.dll
0x00007fffde350000 - 0x00007fffde36b000 	C:\Users\alonh\.jdks\corretto-11.0.22\bin\VCRUNTIME140.dll
0x00007ff810720000 - 0x00007ff8108ce000 	C:\Windows\System32\USER32.dll
0x00007ff80e290000 - 0x00007ff80e2b6000 	C:\Windows\System32\win32u.dll
0x00007fffe7080000 - 0x00007fffe7313000 	C:\Windows\WinSxS\amd64_microsoft.windows.common-controls_6595b64144ccf1df_6.0.22621.2506_none_270c5ae97388e100\COMCTL32.dll
0x00007ff8108d0000 - 0x00007ff8108f9000 	C:\Windows\System32\GDI32.dll
0x00007ff80e520000 - 0x00007ff80e638000 	C:\Windows\System32\gdi32full.dll
0x00007ff80e480000 - 0x00007ff80e51a000 	C:\Windows\System32\msvcp_win.dll
0x00007ff810a30000 - 0x00007ff810a61000 	C:\Windows\System32\IMM32.DLL
0x00007fffe0860000 - 0x00007fffe086c000 	C:\Users\alonh\.jdks\corretto-11.0.22\bin\vcruntime140_1.dll
0x00007fff8ab60000 - 0x00007fff8abed000 	C:\Users\alonh\.jdks\corretto-11.0.22\bin\msvcp140.dll
0x00007fff5e330000 - 0x00007fff5eef3000 	C:\Users\alonh\.jdks\corretto-11.0.22\bin\server\jvm.dll
0x00007ff803670000 - 0x00007ff80367a000 	C:\Windows\SYSTEM32\VERSION.dll
0x00007ff8004c0000 - 0x00007ff8004f4000 	C:\Windows\SYSTEM32\WINMM.dll
0x00007fffd3c10000 - 0x00007fffd3c19000 	C:\Windows\SYSTEM32\WSOCK32.dll
0x00007ff8105c0000 - 0x00007ff810631000 	C:\Windows\System32\WS2_32.dll
0x00007ff80d390000 - 0x00007ff80d3a8000 	C:\Windows\SYSTEM32\kernel.appcore.dll
0x00007fffde340000 - 0x00007fffde350000 	C:\Users\alonh\.jdks\corretto-11.0.22\bin\verify.dll
0x00007ff80bc50000 - 0x00007ff80be83000 	C:\Windows\SYSTEM32\DBGHELP.DLL
0x00007ff80f2c0000 - 0x00007ff80f649000 	C:\Windows\System32\combase.dll
0x00007ff810640000 - 0x00007ff810717000 	C:\Windows\System32\OLEAUT32.dll
0x00007ff802030000 - 0x00007ff802062000 	C:\Windows\SYSTEM32\dbgcore.DLL
0x00007ff80e640000 - 0x00007ff80e6ba000 	C:\Windows\System32\bcryptPrimitives.dll
0x00007fffde270000 - 0x00007fffde298000 	C:\Users\alonh\.jdks\corretto-11.0.22\bin\java.dll
0x00007fffde260000 - 0x00007fffde26a000 	C:\Users\alonh\.jdks\corretto-11.0.22\bin\jimage.dll
0x00007fffde250000 - 0x00007fffde25e000 	C:\Users\alonh\.jdks\corretto-11.0.22\bin\instrument.dll
0x00007fffb8e90000 - 0x00007fffb8ea8000 	C:\Users\alonh\.jdks\corretto-11.0.22\bin\zip.dll
0x00007ff80f950000 - 0x00007ff8101aa000 	C:\Windows\System32\SHELL32.dll
0x00007ff80c1a0000 - 0x00007ff80ca96000 	C:\Windows\SYSTEM32\windows.storage.dll
0x00007ff80c060000 - 0x00007ff80c19e000 	C:\Windows\SYSTEM32\wintypes.dll
0x00007ff80f840000 - 0x00007ff80f933000 	C:\Windows\System32\SHCORE.dll
0x00007ff810910000 - 0x00007ff81096e000 	C:\Windows\System32\shlwapi.dll
0x00007ff80e1c0000 - 0x00007ff80e1e6000 	C:\Windows\SYSTEM32\profapi.dll
0x00007fffde380000 - 0x00007fffde399000 	C:\Users\alonh\.jdks\corretto-11.0.22\bin\net.dll
0x00007ff807940000 - 0x00007ff807a77000 	C:\Windows\SYSTEM32\WINHTTP.dll
0x00007ff80d830000 - 0x00007ff80d899000 	C:\Windows\system32\mswsock.dll
0x00007fffb6a80000 - 0x00007fffb6a92000 	C:\Users\alonh\.jdks\corretto-11.0.22\bin\nio.dll
0x00007fffb5580000 - 0x00007fffb559a000 	C:\Users\alonh\AppData\Local\Programs\IntelliJ IDEA Ultimate\bin\breakgen64.dll
0x0000025a41e60000 - 0x0000025a41e63000 	C:\Users\alonh\.openjfx\cache\17.0.6\api-ms-win-core-console-l1-1-0.dll
0x0000025a43de0000 - 0x0000025a43de3000 	C:\Users\alonh\.openjfx\cache\17.0.6\api-ms-win-core-console-l1-2-0.dll
0x0000025a43df0000 - 0x0000025a43df3000 	C:\Users\alonh\.openjfx\cache\17.0.6\api-ms-win-core-datetime-l1-1-0.dll
0x0000025a43e00000 - 0x0000025a43e03000 	C:\Users\alonh\.openjfx\cache\17.0.6\api-ms-win-core-debug-l1-1-0.dll
0x0000025a43e10000 - 0x0000025a43e13000 	C:\Users\alonh\.openjfx\cache\17.0.6\api-ms-win-core-errorhandling-l1-1-0.dll
0x0000025a65640000 - 0x0000025a65644000 	C:\Users\alonh\.openjfx\cache\17.0.6\api-ms-win-core-file-l1-1-0.dll
0x0000025a65650000 - 0x0000025a65653000 	C:\Users\alonh\.openjfx\cache\17.0.6\api-ms-win-core-file-l1-2-0.dll
0x0000025a65660000 - 0x0000025a65663000 	C:\Users\alonh\.openjfx\cache\17.0.6\api-ms-win-core-file-l2-1-0.dll
0x0000025a65670000 - 0x0000025a65673000 	C:\Users\alonh\.openjfx\cache\17.0.6\api-ms-win-core-handle-l1-1-0.dll
0x0000025a65680000 - 0x0000025a65683000 	C:\Users\alonh\.openjfx\cache\17.0.6\api-ms-win-core-heap-l1-1-0.dll
0x0000025a65690000 - 0x0000025a65693000 	C:\Users\alonh\.openjfx\cache\17.0.6\api-ms-win-core-interlocked-l1-1-0.dll
0x0000025a656a0000 - 0x0000025a656a3000 	C:\Users\alonh\.openjfx\cache\17.0.6\api-ms-win-core-libraryloader-l1-1-0.dll
0x0000025a656b0000 - 0x0000025a656b3000 	C:\Users\alonh\.openjfx\cache\17.0.6\api-ms-win-core-localization-l1-2-0.dll
0x0000025a656c0000 - 0x0000025a656c3000 	C:\Users\alonh\.openjfx\cache\17.0.6\api-ms-win-core-memory-l1-1-0.dll
0x0000025a656d0000 - 0x0000025a656d3000 	C:\Users\alonh\.openjfx\cache\17.0.6\api-ms-win-core-namedpipe-l1-1-0.dll
0x0000025a656e0000 - 0x0000025a656e3000 	C:\Users\alonh\.openjfx\cache\17.0.6\api-ms-win-core-processenvironment-l1-1-0.dll
0x0000025a656f0000 - 0x0000025a656f3000 	C:\Users\alonh\.openjfx\cache\17.0.6\api-ms-win-core-processthreads-l1-1-0.dll
0x0000025a65700000 - 0x0000025a65703000 	C:\Users\alonh\.openjfx\cache\17.0.6\api-ms-win-core-processthreads-l1-1-1.dll
0x0000025a65910000 - 0x0000025a65913000 	C:\Users\alonh\.openjfx\cache\17.0.6\api-ms-win-core-profile-l1-1-0.dll
0x0000025a65920000 - 0x0000025a65923000 	C:\Users\alonh\.openjfx\cache\17.0.6\api-ms-win-core-rtlsupport-l1-1-0.dll
0x0000025a65930000 - 0x0000025a65933000 	C:\Users\alonh\.openjfx\cache\17.0.6\api-ms-win-core-string-l1-1-0.dll
0x0000025a65940000 - 0x0000025a65943000 	C:\Users\alonh\.openjfx\cache\17.0.6\api-ms-win-core-synch-l1-1-0.dll
0x0000025a65950000 - 0x0000025a65953000 	C:\Users\alonh\.openjfx\cache\17.0.6\api-ms-win-core-synch-l1-2-0.dll
0x0000025a65960000 - 0x0000025a65963000 	C:\Users\alonh\.openjfx\cache\17.0.6\api-ms-win-core-sysinfo-l1-1-0.dll
0x0000025a65970000 - 0x0000025a65973000 	C:\Users\alonh\.openjfx\cache\17.0.6\api-ms-win-core-timezone-l1-1-0.dll
0x0000025a65980000 - 0x0000025a65983000 	C:\Users\alonh\.openjfx\cache\17.0.6\api-ms-win-core-util-l1-1-0.dll
0x0000025a65990000 - 0x0000025a65993000 	C:\Users\alonh\.openjfx\cache\17.0.6\api-ms-win-crt-conio-l1-1-0.dll
0x0000025a659a0000 - 0x0000025a659a4000 	C:\Users\alonh\.openjfx\cache\17.0.6\api-ms-win-crt-convert-l1-1-0.dll
0x0000025a659b0000 - 0x0000025a659b3000 	C:\Users\alonh\.openjfx\cache\17.0.6\api-ms-win-crt-environment-l1-1-0.dll
0x0000025a659c0000 - 0x0000025a659c3000 	C:\Users\alonh\.openjfx\cache\17.0.6\api-ms-win-crt-filesystem-l1-1-0.dll
0x0000025a659d0000 - 0x0000025a659d3000 	C:\Users\alonh\.openjfx\cache\17.0.6\api-ms-win-crt-heap-l1-1-0.dll
0x0000025a659e0000 - 0x0000025a659e3000 	C:\Users\alonh\.openjfx\cache\17.0.6\api-ms-win-crt-locale-l1-1-0.dll
0x0000025a659f0000 - 0x0000025a659f5000 	C:\Users\alonh\.openjfx\cache\17.0.6\api-ms-win-crt-math-l1-1-0.dll
0x0000025a65a00000 - 0x0000025a65a05000 	C:\Users\alonh\.openjfx\cache\17.0.6\api-ms-win-crt-multibyte-l1-1-0.dll
0x0000025a65a10000 - 0x0000025a65a20000 	C:\Users\alonh\.openjfx\cache\17.0.6\api-ms-win-crt-private-l1-1-0.dll
0x0000025a65a20000 - 0x0000025a65a23000 	C:\Users\alonh\.openjfx\cache\17.0.6\api-ms-win-crt-process-l1-1-0.dll
0x0000025a65a30000 - 0x0000025a65a34000 	C:\Users\alonh\.openjfx\cache\17.0.6\api-ms-win-crt-runtime-l1-1-0.dll
0x0000025a65a40000 - 0x0000025a65a44000 	C:\Users\alonh\.openjfx\cache\17.0.6\api-ms-win-crt-stdio-l1-1-0.dll
0x0000025a65a50000 - 0x0000025a65a54000 	C:\Users\alonh\.openjfx\cache\17.0.6\api-ms-win-crt-string-l1-1-0.dll
0x0000025a65a60000 - 0x0000025a65a63000 	C:\Users\alonh\.openjfx\cache\17.0.6\api-ms-win-crt-time-l1-1-0.dll
0x0000025a65a70000 - 0x0000025a65a73000 	C:\Users\alonh\.openjfx\cache\17.0.6\api-ms-win-crt-utility-l1-1-0.dll
0x00007fff5e230000 - 0x00007fff5e32c000 	C:\Users\alonh\.openjfx\cache\17.0.6\ucrtbase.dll
0x00007fffab280000 - 0x00007fffab29a000 	C:\Users\alonh\.openjfx\cache\17.0.6\vcruntime140.dll
0x00007fffc0560000 - 0x00007fffc056c000 	C:\Users\alonh\.openjfx\cache\17.0.6\vcruntime140_1.dll
0x00007fff8aa20000 - 0x00007fff8aaad000 	C:\Users\alonh\.openjfx\cache\17.0.6\msvcp140.dll
0x00007fffbf530000 - 0x00007fffbf539000 	C:\Users\alonh\.openjfx\cache\17.0.6\msvcp140_1.dll
0x00007fffab0d0000 - 0x00007fffab0ff000 	C:\Users\alonh\.openjfx\cache\17.0.6\msvcp140_2.dll
0x00007fffa95d0000 - 0x00007fffa95fa000 	C:\Users\alonh\.openjfx\cache\17.0.6\prism_d3d.dll
0x00007fffe0620000 - 0x00007fffe07c9000 	C:\Windows\system32\d3d9.dll
0x00007ff80b540000 - 0x00007ff80b56b000 	C:\Windows\SYSTEM32\dwmapi.dll
0x00007ff80b3d0000 - 0x00007ff80b406000 	C:\Windows\SYSTEM32\dxcore.dll
0x00007ff80b220000 - 0x00007ff80b2cb000 	C:\Windows\system32\uxtheme.dll
0x00007ffff4630000 - 0x00007ffff46e0000 	C:\Windows\SYSTEM32\d3d9on12.dll
0x00007ff80b410000 - 0x00007ff80b508000 	C:\Windows\SYSTEM32\dxgi.dll
0x00007ffff4600000 - 0x00007ffff4629000 	C:\Windows\SYSTEM32\d3d12.dll
0x00007ff80dfb0000 - 0x00007ff80dffe000 	C:\Windows\SYSTEM32\cfgmgr32.dll
0x00007fffe4330000 - 0x00007fffe4533000 	C:\Windows\SYSTEM32\D3D12Core.dll
0x00007ffff45d0000 - 0x00007ffff45f7000 	C:\Windows\System32\DriverStore\FileRepository\iigd_dch.inf_amd64_ce2a84db4d20c228\igd12umd64.dll
0x00007fffb2110000 - 0x00007fffb305b000 	C:\Windows\System32\DriverStore\FileRepository\iigd_dch.inf_amd64_ce2a84db4d20c228\igd12um64xel.dll
0x00007ff80eb30000 - 0x00007ff80ec96000 	C:\Windows\System32\CRYPT32.dll
0x00007ff80f650000 - 0x00007ff80f7f0000 	C:\Windows\System32\ole32.dll
0x00007fffdd400000 - 0x00007fffdd444000 	C:\Windows\SYSTEM32\ControlLib.dll
0x00007ff810a70000 - 0x00007ff810ee4000 	C:\Windows\System32\SETUPAPI.dll
0x00007ff80df50000 - 0x00007ff80df7c000 	C:\Windows\SYSTEM32\DEVOBJ.dll
0x00007ff800060000 - 0x00007ff8000e8000 	C:\Windows\System32\DriverStore\FileRepository\iigd_dch.inf_amd64_ce2a84db4d20c228\IntelControlLib.dll
0x00007ff80e410000 - 0x00007ff80e47b000 	C:\Windows\System32\WINTRUST.dll
0x00007ff80df30000 - 0x00007ff80df42000 	C:\Windows\SYSTEM32\MSASN1.dll
0x00007ff807290000 - 0x00007ff8072da000 	C:\Windows\SYSTEM32\directxdatabasehelper.dll
0x00007ffffbde0000 - 0x00007ffffc1b4000 	C:\Windows\System32\DriverStore\FileRepository\iigd_dch.inf_amd64_ce2a84db4d20c228\igdgmm64.dll
0x00007ffff7fc0000 - 0x00007ffffbdd2000 	C:\Windows\System32\DriverStore\FileRepository\iigd_dch.inf_amd64_ce2a84db4d20c228\igc64.dll
0x00007fffc1120000 - 0x00007fffc114f000 	C:\Windows\SYSTEM32\D3DSCache.dll
0x00007ff80d920000 - 0x00007ff80d94c000 	C:\Windows\SYSTEM32\USERENV.dll
0x00007fffb0360000 - 0x00007fffb170d000 	C:\Windows\System32\DriverStore\FileRepository\iigd_dch.inf_amd64_ce2a84db4d20c228\igd12dxva64.dll
0x00007fffae640000 - 0x00007fffb0360000 	C:\Windows\System32\DriverStore\FileRepository\iigd_dch.inf_amd64_ce2a84db4d20c228\media_bin_64.dll
0x00007fffc0e20000 - 0x00007fffc0e47000 	C:\Windows\System32\DriverStore\FileRepository\iigd_dch.inf_amd64_ce2a84db4d20c228\igdinfo64.dll
0x00007ff801ab0000 - 0x00007ff801d35000 	C:\Windows\SYSTEM32\twinapi.appcore.dll
0x00007fffa6090000 - 0x00007fffa60d2000 	C:\Users\alonh\.openjfx\cache\17.0.6\glass.dll
0x00007ff8101b0000 - 0x00007ff8102a9000 	C:\Windows\System32\COMDLG32.dll

dbghelp: loaded successfully - version: 4.0.5 - missing functions: none
symbol engine: initialized successfully - sym options: 0x614 - pdb path: .;C:\Users\alonh\.jdks\corretto-11.0.22\bin;C:\Windows\SYSTEM32;C:\Program Files\Norton Security\NortonData\22.23.5.106\Definitions\IPSDefs\20231207.064;C:\Windows\WinSxS\amd64_microsoft.windows.common-controls_6595b64144ccf1df_6.0.22621.2506_none_270c5ae97388e100;C:\Users\alonh\.jdks\corretto-11.0.22\bin\server;C:\Users\alonh\AppData\Local\Programs\IntelliJ IDEA Ultimate\bin;C:\Users\alonh\.openjfx\cache\17.0.6;C:\Windows\System32\DriverStore\FileRepository\iigd_dch.inf_amd64_ce2a84db4d20c228;C:\Program Files\Common Files\Microsoft Shared\Ink

VM Arguments:
jvm_args: -javaagent:C:\Users\alonh\AppData\Local\Programs\IntelliJ IDEA Ultimate\lib\idea_rt.jar=57337:C:\Users\alonh\AppData\Local\Programs\IntelliJ IDEA Ultimate\bin -Dfile.encoding=UTF-8 --module-path=C:\Users\alonh\.m2\repository\org\kordamp\bootstrapfx\bootstrapfx-core\0.4.0\bootstrapfx-core-0.4.0.jar;C:\Users\alonh\.m2\repository\com\dlsc\formsfx\formsfx-core\11.6.0\formsfx-core-11.6.0.jar;C:\Users\alonh\.m2\repository\org\openjfx\javafx-base\17.0.6\javafx-base-17.0.6-win.jar;C:\Users\alonh\IdeaProjects\Joyeria_ProyectoMult\target\classes;C:\Users\alonh\.m2\repository\org\openjfx\javafx-controls\17.0.6\javafx-controls-17.0.6-win.jar;C:\Users\alonh\.m2\repository\net\synedra\validatorfx\0.4.0\validatorfx-0.4.0.jar;C:\Users\alonh\.m2\repository\org\openjfx\javafx-graphics\17.0.6\javafx-graphics-17.0.6-win.jar;C:\Users\alonh\.m2\repository\org\openjfx\javafx-fxml\17.0.6\javafx-fxml-17.0.6-win.jar;C:\Users\alonh\.m2\repository\org\controlsfx\controlsfx\11.1.2\controlsfx-11.1.2.jar -Djdk.module.main=com.eduard034.joyeria_proyectomult 
java_command: com.eduard034.joyeria_proyectomult/com.eduard034.joyeria_proyectomult.JoyeriaApp
java_class_path (initial): C:\Users\alonh\.m2\repository\org\openjfx\javafx-controls\17.0.6\javafx-controls-17.0.6.jar;C:\Users\alonh\.m2\repository\org\openjfx\javafx-graphics\17.0.6\javafx-graphics-17.0.6.jar;C:\Users\alonh\.m2\repository\org\openjfx\javafx-base\17.0.6\javafx-base-17.0.6.jar;C:\Users\alonh\.m2\repository\org\openjfx\javafx-fxml\17.0.6\javafx-fxml-17.0.6.jar
Launcher Type: SUN_STANDARD

[Global flags]
     intx CICompilerCount                          = 4                                         {product} {ergonomic}
     uint ConcGCThreads                            = 3                                         {product} {ergonomic}
     uint G1ConcRefinementThreads                  = 10                                        {product} {ergonomic}
   size_t G1HeapRegionSize                         = 1048576                                   {product} {ergonomic}
    uintx GCDrainStackTargetSize                   = 64                                        {product} {ergonomic}
   size_t InitialHeapSize                          = 130023424                                 {product} {ergonomic}
   size_t MarkStackSize                            = 4194304                                   {product} {ergonomic}
   size_t MaxHeapSize                              = 2071986176                                {product} {ergonomic}
   size_t MaxNewSize                               = 1242562560                                {product} {ergonomic}
   size_t MinHeapDeltaBytes                        = 1048576                                   {product} {ergonomic}
    uintx NonNMethodCodeHeapSize                   = 5836300                                {pd product} {ergonomic}
    uintx NonProfiledCodeHeapSize                  = 122910970                              {pd product} {ergonomic}
    uintx ProfiledCodeHeapSize                     = 122910970                              {pd product} {ergonomic}
    uintx ReservedCodeCacheSize                    = 251658240                              {pd product} {ergonomic}
     bool SegmentedCodeCache                       = true                                      {product} {ergonomic}
     bool UseCompressedClassPointers               = true                                 {lp64_product} {ergonomic}
     bool UseCompressedOops                        = true                                 {lp64_product} {ergonomic}
     bool UseG1GC                                  = true                                      {product} {ergonomic}
     bool UseLargePagesIndividualAllocation        = false                                  {pd product} {ergonomic}

Logging:
Log output configuration:
 #0: stdout all=warning uptime,level,tags
 #1: stderr all=off uptime,level,tags

Environment Variables:
PATH=C:\Program Files\Eclipse Adoptium\jdk-21.0.1.12-hotspot\bin;"C:\Program Files\Common Files\Oracle\Java\javapath;C:\Program Files\Java\jdk-21\bin";C:\Windows\system32;C:\Windows;C:\Windows\System32\Wbem;C:\Windows\System32\WindowsPowerShell\v1.0\;C:\Windows\System32\OpenSSH\;C:\Program Files (x86)\NVIDIA Corporation\PhysX\Common;C:\Program Files\NVIDIA Corporation\NVIDIA NvDLISR;C:\Program Files\Git\cmd;C:\Program Files\dotnet\;C:\Users\alonh\AppData\Local\Microsoft\WindowsApps;C:\Users\alonh\AppData\Local\JetBrains\Toolbox\scripts;C:\Users\alonh\AppData\Local\Programs\Microsoft VS Code\bin;C:\Users\alonh\AppData\Local\GitHubDesktop\bin
USERNAME=alonh
OS=Windows_NT
PROCESSOR_IDENTIFIER=Intel64 Family 6 Model 154 Stepping 3, GenuineIntel
TMP=C:\Users\alonh\AppData\Local\Temp
TEMP=C:\Users\alonh\AppData\Local\Temp



---------------  S Y S T E M  ---------------

OS: Windows 11 , 64 bit Build 22621 (10.0.22621.2506)
OS uptime: 7 days 21:48 hours
Hyper-V role detected

CPU:total 12 (initial active 12) (6 cores per cpu, 2 threads per core) family 6 model 154 stepping 3 microcode 0x424, cmov, cx8, fxsr, mmx, sse, sse2, sse3, ssse3, sse4.1, sse4.2, popcnt, avx, avx2, aes, clmul, erms, 3dnowpref, lzcnt, ht, tsc, tscinvbit, bmi1, bmi2, adx, sha, fma

Memory: 4k page, system-wide physical 7896M (381M free)
TotalPageFile size 26595M (AvailPageFile size 3769M)
current process WorkingSet (physical memory assigned to process): 301M, peak: 359M
current process commit charge ("private bytes"): 511M, peak: 511M

vm_info: OpenJDK 64-Bit Server VM (11.0.22+7-LTS) for windows-amd64 JRE (11.0.22+7-LTS), built on Jan 10 2024 19:54:00 by "Administrator" with MS VC++ 16.10 / 16.11 (VS2019)

END.
