#
# A fatal error has been detected by the Java Runtime Environment:
#
#  EXCEPTION_ACCESS_VIOLATION (0xc0000005) at pc=0x67466c62, pid=16420, tid=12272
#
# JRE version: OpenJDK Runtime Environment Temurin-11.0.21+9 (11.0.21+9) (build 11.0.21+9)
# Java VM: OpenJDK Client VM Temurin-11.0.21+9 (11.0.21+9, mixed mode, serial gc, windows-x86)
# Problematic frame:
# C  [glass.dll+0x16c62]
#
# No core dump will be written. Minidumps are not enabled by default on client versions of Windows
#
# If you would like to submit a bug report, please visit:
#   https://github.com/adoptium/adoptium-support/issues
# The crash happened outside the Java Virtual Machine in native code.
# See problematic frame for where to report the bug.
#

---------------  S U M M A R Y ------------

Command Line: -javaagent:C:\Users\luigu\AppData\Local\Programs\IntelliJ IDEA Ultimate\lib\idea_rt.jar=50551:C:\Users\luigu\AppData\Local\Programs\IntelliJ IDEA Ultimate\bin -Dfile.encoding=UTF-8 --module-path=C:\Users\luigu\.m2\repository\com\dlsc\formsfx\formsfx-core\11.6.0\formsfx-core-11.6.0.jar;C:\Users\luigu\.m2\repository\org\openjfx\javafx-controls\17.0.6\javafx-controls-17.0.6-win-x86.jar;C:\Users\luigu\IdeaProjects\Joyeria_ProyectoMult\target\classes;C:\Users\luigu\.m2\repository\org\openjfx\javafx-fxml\17.0.6\javafx-fxml-17.0.6-win-x86.jar;C:\Users\luigu\.m2\repository\org\kordamp\bootstrapfx\bootstrapfx-core\0.4.0\bootstrapfx-core-0.4.0.jar;C:\Users\luigu\.m2\repository\org\openjfx\javafx-base\17.0.6\javafx-base-17.0.6-win-x86.jar;C:\Users\luigu\.m2\repository\org\controlsfx\controlsfx\11.1.2\controlsfx-11.1.2.jar;C:\Users\luigu\.m2\repository\net\synedra\validatorfx\0.4.0\validatorfx-0.4.0.jar;C:\Users\luigu\.m2\repository\org\openjfx\javafx-graphics\17.0.6\javafx-graphics-17.0.6-win-x86.jar -Djdk.module.main=com.eduard034.joyeria_proyectomult com.eduard034.joyeria_proyectomult/com.eduard034.joyeria_proyectomult.JoyeriaApp

Host: 12th Gen Intel(R) Core(TM) i5-12450H, 12 cores, 7G,  Windows 11 , 64 bit Build 22621 (10.0.22621.3374)
Time: Thu Apr 18 07:53:51 2024 Hora estándar central (México) elapsed time: 424.622049 seconds (0d 0h 7m 4s)

---------------  T H R E A D  ---------------

Current thread (0x16ca5400):  JavaThread "JavaFX Application Thread" [_thread_in_native, id=12272, stack(0x19f80000,0x19fd0000)]

Stack: [0x19f80000,0x19fd0000],  sp=0x19fce88c,  free space=314k
Native frames: (J=compiled Java code, A=aot compiled Java code, j=interpreted, Vv=VM code, C=native code)
C  [glass.dll+0x16c62]

Java frames: (J=compiled Java code, j=interpreted, Vv=VM code)
j  com.sun.glass.ui.win.WinWindow._close(J)Z+0 javafx.graphics
j  com.sun.glass.ui.Window.close()V+63 javafx.graphics
j  com.sun.glass.ui.win.WinWindow.close()V+8 javafx.graphics
j  com.sun.glass.ui.Application.terminate()V+75 javafx.graphics
j  com.sun.javafx.tk.quantum.QuantumToolkit.lambda$exit$13()Ljava/lang/Object;+5 javafx.graphics
j  com.sun.javafx.tk.quantum.QuantumToolkit$$Lambda$667.get()Ljava/lang/Object;+0 javafx.graphics
j  com.sun.javafx.tk.quantum.QuantumToolkit.runWithRenderLock(Ljava/util/function/Supplier;)Ljava/lang/Object;+7 javafx.graphics
j  com.sun.javafx.tk.quantum.QuantumToolkit.exit()V+26 javafx.graphics
j  com.sun.javafx.application.PlatformImpl.lambda$tkExit$16()V+3 javafx.graphics
j  com.sun.javafx.application.PlatformImpl$$Lambda$666.run()V+0 javafx.graphics
j  com.sun.javafx.application.PlatformImpl.lambda$runAndWait$12(Ljava/lang/Runnable;Ljava/util/concurrent/CountDownLatch;)V+1 javafx.graphics
j  com.sun.javafx.application.PlatformImpl$$Lambda$87.run()V+8 javafx.graphics
j  com.sun.javafx.application.PlatformImpl.lambda$runLater$10(Ljava/lang/Runnable;)Ljava/lang/Void;+1 javafx.graphics
j  com.sun.javafx.application.PlatformImpl$$Lambda$90.run()Ljava/lang/Object;+4 javafx.graphics
v  ~StubRoutines::call_stub
J 1287  java.security.AccessController.doPrivileged(Ljava/security/PrivilegedAction;Ljava/security/AccessControlContext;)Ljava/lang/Object; java.base@11.0.21 (0 bytes) @ 0x03be8547 [0x03be84e0+0x00000067]
j  com.sun.javafx.application.PlatformImpl.lambda$runLater$11(Ljava/lang/Runnable;Ljava/security/AccessControlContext;)V+7 javafx.graphics
j  com.sun.javafx.application.PlatformImpl$$Lambda$89.run()V+8 javafx.graphics
J 1775 c1 com.sun.glass.ui.InvokeLaterDispatcher$Future.run()V javafx.graphics (91 bytes) @ 0x03c71400 [0x03c713d0+0x00000030]
v  ~StubRoutines::call_stub
j  com.sun.glass.ui.win.WinApplication._runLoop(Ljava/lang/Runnable;)V+0 javafx.graphics
j  com.sun.glass.ui.win.WinApplication.lambda$runLoop$3(ILjava/lang/Runnable;)V+8 javafx.graphics
j  com.sun.glass.ui.win.WinApplication$$Lambda$78.run()V+12 javafx.graphics
j  java.lang.Thread.run()V+11 java.base@11.0.21
v  ~StubRoutines::call_stub

siginfo: EXCEPTION_ACCESS_VIOLATION (0xc0000005), reading address 0x000000b8


Register to memory mapping:

EIP=0x67466c62 glass.dll
EAX=0x0 is NULL
EBX=0x19fceac0 is pointing into the stack for thread: 0x16ca5400
ECX=0x0 is NULL
EDX=0x0 is NULL
ESP=0x19fce88c is pointing into the stack for thread: 0x16ca5400
EBP=0x19fce8b8 is pointing into the stack for thread: 0x16ca5400
ESI=0x00000401 is an unknown value
EDI=0x0 is NULL


Registers:
EAX=0x00000000, EBX=0x19fceac0, ECX=0x00000000, EDX=0x00000000
ESP=0x19fce88c, EBP=0x19fce8b8, ESI=0x00000401, EDI=0x00000000
EIP=0x67466c62, EFLAGS=0x00010202

Top of Stack: (sp=0x19fce88c)
0x19fce88c:   19fceac0 00000401 19fceac0 67458df8
0x19fce89c:   91803879 16bb64c0 003e06b6 00000401
0x19fce8ac:   19fce9ec 674702b0 ffffffff 00000000
0x19fce8bc:   67451755 00000401 19fceac0 00000000
0x19fce8cc:   00000401 003e06b6 19fce904 674516f0
0x19fce8dc:   76ab30b3 003e06b6 00000401 19fceac0
0x19fce8ec:   00000000 003e06b6 dcbaabcd 674516f0
0x19fce8fc:   00000401 003e06b6 19fce9fc 76aa3ef6 

Instructions: (pc=0x67466c62)
0x67466b62:   21 56 e8 47 42 00 00 ff 35 e8 03 48 67 8b f0 ff
0x67466b72:   77 68 56 e8 96 de fe ff 56 e8 a0 41 00 00 83 c4
0x67466b82:   10 5e c7 05 a4 03 48 67 00 00 00 00 5f c3 83 ec
0x67466b92:   24 a1 ec e0 47 67 33 c4 89 44 24 20 8b 44 24 28
0x67466ba2:   53 89 44 24 04 8b d9 8b 44 24 30 89 44 24 08 8b
0x67466bb2:   44 24 38 55 89 44 24 10 8b 44 24 38 56 89 83 84
0x67466bc2:   00 00 00 8b 44 24 0c 89 5c 24 18 bb 00 00 00 80
0x67466bd2:   8b eb 8b f3 57 8b fb 85 c0 79 29 8d 44 24 20 50
0x67466be2:   e8 29 aa fe ff 83 c4 04 85 c0 8b 44 24 10 74 14
0x67466bf2:   8b 74 24 28 8b 5c 24 20 2b f3 8b 7c 24 2c 8b 6c
0x67466c02:   24 24 2b fd 6a 00 50 ff 74 24 1c 68 d8 23 47 67
0x67466c12:   57 56 8b 74 24 34 8b ce 55 53 ff 74 24 38 e8 db
0x67466c22:   a7 fe ff 8b f8 8d 4e 14 57 e8 40 64 00 00 57 8d
0x67466c32:   4e 14 e8 c7 64 00 00 8b 4c 24 30 8b c7 5f 5e 5d
0x67466c42:   5b 33 cc e8 ae 7a 00 00 83 c4 24 c2 10 00 53 8b
0x67466c52:   d9 56 57 ff 73 08 e8 93 a9 fe ff 8b f8 83 c4 04
0x67466c62:   8b 87 b8 00 00 00 85 c0 75 03 8b 47 04 3b 05 a4
0x67466c72:   03 48 67 75 29 e8 34 41 00 00 ff 35 e8 03 48 67
0x67466c82:   8b f0 ff 77 68 56 e8 83 dd fe ff 56 e8 8d 40 00
0x67466c92:   00 83 c4 10 c7 05 a4 03 48 67 00 00 00 00 8d 4f
0x67466ca2:   14 e8 b8 69 00 00 8d 4f 14 e8 e0 69 00 00 ff 73
0x67466cb2:   08 ff 15 f8 fe 47 67 85 c0 5f 0f 95 c0 5e 88 43
0x67466cc2:   04 5b c3 cc cc cc cc cc cc cc cc cc cc cc 55 8b
0x67466cd2:   ec 6a ff 68 f7 11 47 67 64 a1 00 00 00 00 50 83
0x67466ce2:   ec 08 53 56 57 a1 ec e0 47 67 33 c5 50 8d 45 f4
0x67466cf2:   64 a3 00 00 00 00 8b f9 ff 77 18 ff 15 60 ff 47
0x67466d02:   67 85 c0 75 13 0f 57 c0 66 0f 13 45 ec 8b 55 f0
0x67466d12:   8b 45 ec e9 a7 00 00 00 68 dc 00 00 00 e8 96 79
0x67466d22:   00 00 83 c4 04 89 45 f0 c7 45 fc 00 00 00 00 85
0x67466d32:   c0 74 19 ff 77 18 8b c8 6a 01 6a 00 6a 00 6a 00
0x67466d42:   ff 77 10 e8 a6 f9 ff ff 8b d8 eb 02 33 db ff 77
0x67466d52:   18 8b cb c7 45 fc ff ff ff ff 6a 00 68 00 00 10 


Stack slot to memory mapping:
stack at sp + 0 slots: 0x19fceac0 is pointing into the stack for thread: 0x16ca5400
stack at sp + 1 slots: 0x00000401 is an unknown value
stack at sp + 2 slots: 0x19fceac0 is pointing into the stack for thread: 0x16ca5400
stack at sp + 3 slots: 0x67458df8 glass.dll
stack at sp + 4 slots: 0x91803879 is an unknown value
stack at sp + 5 slots: 0x16bb64c0 points into unknown readable memory: 0x6747319c | 9c 31 47 67
stack at sp + 6 slots: 0x003e06b6 is an unknown value
stack at sp + 7 slots: 0x00000401 is an unknown value


---------------  P R O C E S S  ---------------

Threads class SMR info:
_java_thread_list=0x17164590, length=17, elements={
0x0390fc00, 0x039e7c00, 0x039c5400, 0x039e5000,
0x039e7000, 0x15befc00, 0x15bf1000, 0x15bf4000,
0x15c63000, 0x15dbd000, 0x16407800, 0x16c61000,
0x16ca5400, 0x16db3000, 0x16de1000, 0x16ee2000,
0x21503c00
}

Java Threads: ( => current thread )
  0x0390fc00 JavaThread "main" [_thread_blocked, id=5588, stack(0x01820000,0x01870000)]
  0x039e7c00 JavaThread "Reference Handler" daemon [_thread_blocked, id=3096, stack(0x03880000,0x038d0000)]
  0x039c5400 JavaThread "Finalizer" daemon [_thread_blocked, id=14108, stack(0x15a40000,0x15a90000)]
  0x039e5000 JavaThread "Signal Dispatcher" daemon [_thread_blocked, id=15816, stack(0x15e00000,0x15e50000)]
  0x039e7000 JavaThread "Attach Listener" daemon [_thread_blocked, id=16808, stack(0x15e90000,0x15ee0000)]
  0x15befc00 JavaThread "Service Thread" daemon [_thread_blocked, id=27540, stack(0x15f20000,0x15f70000)]
  0x15bf1000 JavaThread "C1 CompilerThread0" daemon [_thread_blocked, id=15540, stack(0x15fb0000,0x16000000)]
  0x15bf4000 JavaThread "Sweeper thread" daemon [_thread_blocked, id=4064, stack(0x16040000,0x16090000)]
  0x15c63000 JavaThread "Common-Cleaner" daemon [_thread_blocked, id=1820, stack(0x160d0000,0x16120000)]
  0x15dbd000 JavaThread "Monitor Ctrl-Break" daemon [_thread_in_native, id=12992, stack(0x16560000,0x165b0000)]
  0x16407800 JavaThread "QuantumRenderer-0" daemon [_thread_blocked, id=26944, stack(0x16880000,0x168d0000)]
  0x16c61000 JavaThread "InvokeLaterDispatcher" daemon [_thread_blocked, id=25512, stack(0x19df0000,0x19e40000)]
=>0x16ca5400 JavaThread "JavaFX Application Thread" [_thread_in_native, id=12272, stack(0x19f80000,0x19fd0000)]
  0x16db3000 JavaThread "JavaFX-Launcher" [_thread_blocked, id=7988, stack(0x1e5b0000,0x1e600000)]
  0x16de1000 JavaThread "Thread-2" daemon [_thread_in_native, id=2180, stack(0x1e520000,0x1e570000)]
  0x16ee2000 JavaThread "Prism Font Disposer" daemon [_thread_blocked, id=24552, stack(0x1fbd0000,0x1fc20000)]
  0x21503c00 JavaThread "Cleaner-0" daemon [_thread_blocked, id=12676, stack(0x22eb0000,0x22f00000)]

Other Threads:
  0x039c2c00 VMThread "VM Thread" [stack: 0x037f0000,0x03840000] [id=23544]
  0x15dbdc00 WatcherThread [stack: 0x165f0000,0x16640000] [id=30564]

Threads with active compile tasks:

VM state:not at safepoint (normal execution)

VM Mutex/Monitor currently owned by a thread: None

Heap:
 def new generation   total 12864K, used 10013K [0x05a00000, 0x067f0000, 0x0af50000)
  eden space 11456K,  76% used [0x05a00000, 0x0628a798, 0x06530000)
  from space 1408K,  90% used [0x06530000, 0x0666cd28, 0x06690000)
  to   space 1408K,   0% used [0x06690000, 0x06690000, 0x067f0000)
 tenured generation   total 28512K, used 19112K [0x0af50000, 0x0cb28000, 0x15a00000)
   the space 28512K,  67% used [0x0af50000, 0x0c1fa2b0, 0x0c1fa400, 0x0cb28000)
 Metaspace       used 16105K, capacity 16485K, committed 16640K, reserved 16768K

Card table byte_map: [0x03260000,0x032f0000] _byte_map_base: 0x03233000

Polling page: 0x01870000

Metaspace:

Usage:
   16.10 MB capacity,    15.73 MB ( 98%) used,   257.21 KB (  2%) free+waste,   122.50 KB ( <1%) overhead. 

Virtual space:
     16.38 MB reserved,      16.25 MB (>99%) committed 

Chunk freelists:
122.50 KB

MaxMetaspaceSize: 4.00 GB
No class space
Initial GC threshold: 12.00 MB
Current GC threshold: 26.88 MB
CDS: off

CodeCache: size=32768Kb used=3217Kb max_used=3217Kb free=29550Kb
 bounds [0x039f0000, 0x03d18000, 0x059f0000]
 total_blobs=2733 nmethods=2294 adapters=371
 compilation: enabled
              stopped_count=0, restarted_count=0
 full_count=0

Compilation events (20 events):
Event: 423.717 Thread 0x15bf1000 2285             com.sun.javafx.scene.control.inputmap.KeyBinding::getType (5 bytes)
Event: 423.717 Thread 0x15bf1000 nmethod 2285 0x03d12c88 code [0x03d12d90, 0x03d12e10]
Event: 423.717 Thread 0x15bf1000 2286             com.sun.javafx.scene.control.inputmap.InputMap$Mapping::setInterceptor (9 bytes)
Event: 423.717 Thread 0x15bf1000 nmethod 2286 0x03d12e48 code [0x03d12f60, 0x03d12ffc]
Event: 423.717 Thread 0x15bf1000 2287             javafx.css.StyleConverter::getInsetsConverter (4 bytes)
Event: 423.717 Thread 0x15bf1000 nmethod 2287 0x03d13088 code [0x03d13190, 0x03d13200]
Event: 423.720 Thread 0x15bf1000 2288             com.sun.javafx.geom.transform.BaseTransform::<init> (5 bytes)
Event: 423.720 Thread 0x15bf1000 nmethod 2288 0x03d13248 code [0x03d13350, 0x03d133d0]
Event: 423.721 Thread 0x15bf1000 2289             javafx.scene.Node::isDerivedDepthTest (5 bytes)
Event: 423.721 Thread 0x15bf1000 nmethod 2289 0x03d13408 code [0x03d13510, 0x03d13590]
Event: 424.229 Thread 0x15bf1000 2290             java.lang.StrictMath::floor (12 bytes)
Event: 424.229 Thread 0x15bf1000 nmethod 2290 0x03d135c8 code [0x03d136f0, 0x03d1379c]
Event: 424.365 Thread 0x15bf1000 2291             javafx.scene.Node::pseudoClassStateChanged (59 bytes)
Event: 424.365 Thread 0x15bf1000 nmethod 2291 0x03d13808 code [0x03d13950, 0x03d13aa0]
Event: 424.373 Thread 0x15bf1000 2292             javafx.scene.layout.Region::minHeight (52 bytes)
Event: 424.373 Thread 0x15bf1000 nmethod 2292 0x03d13bc8 code [0x03d13d20, 0x03d13ef4]
Event: 424.373 Thread 0x15bf1000 2293             javafx.scene.layout.Region::getMinHeight (22 bytes)
Event: 424.373 Thread 0x15bf1000 nmethod 2293 0x03d14008 code [0x03d14120, 0x03d141fc]
Event: 424.599 Thread 0x15bf1000 2294             java.nio.charset.CoderResult::isUnderflow (13 bytes)
Event: 424.600 Thread 0x15bf1000 nmethod 2294 0x03d14288 code [0x03d14390, 0x03d14420]

GC Heap History (20 events):
Event: 0.971 GC heap before
{Heap before GC invocations=9 (full 1):
 def new generation   total 8640K, used 7680K [0x05a00000, 0x06360000, 0x0af50000)
  eden space 7680K, 100% used [0x05a00000, 0x06180000, 0x06180000)
  from space 960K,   0% used [0x06180000, 0x06180000, 0x06270000)
  to   space 960K,   0% used [0x06270000, 0x06270000, 0x06360000)
 tenured generation   total 19096K, used 11455K [0x0af50000, 0x0c1f6000, 0x15a00000)
   the space 19096K,  59% used [0x0af50000, 0x0ba7fff8, 0x0ba80000, 0x0c1f6000)
 Metaspace       used 12708K, capacity 12899K, committed 12928K, reserved 13696K
}
Event: 0.975 GC heap after
{Heap after GC invocations=10 (full 1):
 def new generation   total 8640K, used 960K [0x05a00000, 0x06360000, 0x0af50000)
  eden space 7680K,   0% used [0x05a00000, 0x05a00000, 0x06180000)
  from space 960K, 100% used [0x06270000, 0x06360000, 0x06360000)
  to   space 960K,   0% used [0x06180000, 0x06180000, 0x06270000)
 tenured generation   total 19096K, used 11723K [0x0af50000, 0x0c1f6000, 0x15a00000)
   the space 19096K,  61% used [0x0af50000, 0x0bac2d08, 0x0bac2e00, 0x0c1f6000)
 Metaspace       used 12708K, capacity 12899K, committed 12928K, reserved 13696K
}
Event: 1.063 GC heap before
{Heap before GC invocations=10 (full 1):
 def new generation   total 8640K, used 8640K [0x05a00000, 0x06360000, 0x0af50000)
  eden space 7680K, 100% used [0x05a00000, 0x06180000, 0x06180000)
  from space 960K, 100% used [0x06270000, 0x06360000, 0x06360000)
  to   space 960K,   0% used [0x06180000, 0x06180000, 0x06270000)
 tenured generation   total 19096K, used 11723K [0x0af50000, 0x0c1f6000, 0x15a00000)
   the space 19096K,  61% used [0x0af50000, 0x0bac2d08, 0x0bac2e00, 0x0c1f6000)
 Metaspace       used 13878K, capacity 14157K, committed 14208K, reserved 14720K
}
Event: 1.066 GC heap after
{Heap after GC invocations=11 (full 1):
 def new generation   total 8640K, used 569K [0x05a00000, 0x06360000, 0x0af50000)
  eden space 7680K,   0% used [0x05a00000, 0x05a00000, 0x06180000)
  from space 960K,  59% used [0x06180000, 0x0620e448, 0x06270000)
  to   space 960K,   0% used [0x06270000, 0x06270000, 0x06360000)
 tenured generation   total 19096K, used 12674K [0x0af50000, 0x0c1f6000, 0x15a00000)
   the space 19096K,  66% used [0x0af50000, 0x0bbb0bb0, 0x0bbb0c00, 0x0c1f6000)
 Metaspace       used 13878K, capacity 14157K, committed 14208K, reserved 14720K
}
Event: 6.671 GC heap before
{Heap before GC invocations=11 (full 1):
 def new generation   total 8640K, used 8249K [0x05a00000, 0x06360000, 0x0af50000)
  eden space 7680K, 100% used [0x05a00000, 0x06180000, 0x06180000)
  from space 960K,  59% used [0x06180000, 0x0620e448, 0x06270000)
  to   space 960K,   0% used [0x06270000, 0x06270000, 0x06360000)
 tenured generation   total 19096K, used 12674K [0x0af50000, 0x0c1f6000, 0x15a00000)
   the space 19096K,  66% used [0x0af50000, 0x0bbb0bb0, 0x0bbb0c00, 0x0c1f6000)
 Metaspace       used 14724K, capacity 15042K, committed 15104K, reserved 15744K
}
Event: 6.673 GC heap after
{Heap after GC invocations=12 (full 1):
 def new generation   total 8640K, used 941K [0x05a00000, 0x06360000, 0x0af50000)
  eden space 7680K,   0% used [0x05a00000, 0x05a00000, 0x06180000)
  from space 960K,  98% used [0x06270000, 0x0635b6c8, 0x06360000)
  to   space 960K,   0% used [0x06180000, 0x06180000, 0x06270000)
 tenured generation   total 19096K, used 14240K [0x0af50000, 0x0c1f6000, 0x15a00000)
   the space 19096K,  74% used [0x0af50000, 0x0bd381d0, 0x0bd38200, 0x0c1f6000)
 Metaspace       used 14724K, capacity 15042K, committed 15104K, reserved 15744K
}
Event: 8.228 GC heap before
{Heap before GC invocations=12 (full 1):
 def new generation   total 8640K, used 8621K [0x05a00000, 0x06360000, 0x0af50000)
  eden space 7680K, 100% used [0x05a00000, 0x06180000, 0x06180000)
  from space 960K,  98% used [0x06270000, 0x0635b6c8, 0x06360000)
  to   space 960K,   0% used [0x06180000, 0x06180000, 0x06270000)
 tenured generation   total 19096K, used 14240K [0x0af50000, 0x0c1f6000, 0x15a00000)
   the space 19096K,  74% used [0x0af50000, 0x0bd381d0, 0x0bd38200, 0x0c1f6000)
 Metaspace       used 15779K, capacity 16170K, committed 16256K, reserved 16768K
}
Event: 8.230 GC heap after
{Heap after GC invocations=13 (full 1):
 def new generation   total 8640K, used 723K [0x05a00000, 0x06360000, 0x0af50000)
  eden space 7680K,   0% used [0x05a00000, 0x05a00000, 0x06180000)
  from space 960K,  75% used [0x06180000, 0x06234cf0, 0x06270000)
  to   space 960K,   0% used [0x06270000, 0x06270000, 0x06360000)
 tenured generation   total 19096K, used 15114K [0x0af50000, 0x0c1f6000, 0x15a00000)
   the space 19096K,  79% used [0x0af50000, 0x0be12bb0, 0x0be12c00, 0x0c1f6000)
 Metaspace       used 15779K, capacity 16170K, committed 16256K, reserved 16768K
}
Event: 18.679 GC heap before
{Heap before GC invocations=13 (full 1):
 def new generation   total 8640K, used 8403K [0x05a00000, 0x06360000, 0x0af50000)
  eden space 7680K, 100% used [0x05a00000, 0x06180000, 0x06180000)
  from space 960K,  75% used [0x06180000, 0x06234cf0, 0x06270000)
  to   space 960K,   0% used [0x06270000, 0x06270000, 0x06360000)
 tenured generation   total 19096K, used 15114K [0x0af50000, 0x0c1f6000, 0x15a00000)
   the space 19096K,  79% used [0x0af50000, 0x0be12bb0, 0x0be12c00, 0x0c1f6000)
 Metaspace       used 15977K, capacity 16391K, committed 16512K, reserved 16768K
}
Event: 18.682 GC heap after
{Heap after GC invocations=14 (full 1):
 def new generation   total 8640K, used 762K [0x05a00000, 0x06360000, 0x0af50000)
  eden space 7680K,   0% used [0x05a00000, 0x05a00000, 0x06180000)
  from space 960K,  79% used [0x06270000, 0x0632ea00, 0x06360000)
  to   space 960K,   0% used [0x06180000, 0x06180000, 0x06270000)
 tenured generation   total 19096K, used 15818K [0x0af50000, 0x0c1f6000, 0x15a00000)
   the space 19096K,  82% used [0x0af50000, 0x0bec2b78, 0x0bec2c00, 0x0c1f6000)
 Metaspace       used 15977K, capacity 16391K, committed 16512K, reserved 16768K
}
Event: 40.222 GC heap before
{Heap before GC invocations=14 (full 1):
 def new generation   total 8640K, used 8442K [0x05a00000, 0x06360000, 0x0af50000)
  eden space 7680K, 100% used [0x05a00000, 0x06180000, 0x06180000)
  from space 960K,  79% used [0x06270000, 0x0632ea00, 0x06360000)
  to   space 960K,   0% used [0x06180000, 0x06180000, 0x06270000)
 tenured generation   total 19096K, used 15818K [0x0af50000, 0x0c1f6000, 0x15a00000)
   the space 19096K,  82% used [0x0af50000, 0x0bec2b78, 0x0bec2c00, 0x0c1f6000)
 Metaspace       used 16043K, capacity 16449K, committed 16512K, reserved 16768K
}
Event: 40.224 GC heap after
{Heap after GC invocations=15 (full 1):
 def new generation   total 8640K, used 312K [0x05a00000, 0x06360000, 0x0af50000)
  eden space 7680K,   0% used [0x05a00000, 0x05a00000, 0x06180000)
  from space 960K,  32% used [0x06180000, 0x061ce168, 0x06270000)
  to   space 960K,   0% used [0x06270000, 0x06270000, 0x06360000)
 tenured generation   total 19096K, used 16575K [0x0af50000, 0x0c1f6000, 0x15a00000)
   the space 19096K,  86% used [0x0af50000, 0x0bf7fc98, 0x0bf7fe00, 0x0c1f6000)
 Metaspace       used 16043K, capacity 16449K, committed 16512K, reserved 16768K
}
Event: 52.480 GC heap before
{Heap before GC invocations=15 (full 1):
 def new generation   total 8640K, used 7992K [0x05a00000, 0x06360000, 0x0af50000)
  eden space 7680K, 100% used [0x05a00000, 0x06180000, 0x06180000)
  from space 960K,  32% used [0x06180000, 0x061ce168, 0x06270000)
  to   space 960K,   0% used [0x06270000, 0x06270000, 0x06360000)
 tenured generation   total 19096K, used 16575K [0x0af50000, 0x0c1f6000, 0x15a00000)
   the space 19096K,  86% used [0x0af50000, 0x0bf7fc98, 0x0bf7fe00, 0x0c1f6000)
 Metaspace       used 16056K, capacity 16458K, committed 16512K, reserved 16768K
}
Event: 52.482 GC heap after
{Heap after GC invocations=16 (full 1):
 def new generation   total 8640K, used 857K [0x05a00000, 0x06360000, 0x0af50000)
  eden space 7680K,   0% used [0x05a00000, 0x05a00000, 0x06180000)
  from space 960K,  89% used [0x06270000, 0x06346530, 0x06360000)
  to   space 960K,   0% used [0x06180000, 0x06180000, 0x06270000)
 tenured generation   total 19096K, used 17599K [0x0af50000, 0x0c1f6000, 0x15a00000)
   the space 19096K,  92% used [0x0af50000, 0x0c07fca8, 0x0c07fe00, 0x0c1f6000)
 Metaspace       used 16056K, capacity 16458K, committed 16512K, reserved 16768K
}
Event: 200.431 GC heap before
{Heap before GC invocations=16 (full 1):
 def new generation   total 8640K, used 8537K [0x05a00000, 0x06360000, 0x0af50000)
  eden space 7680K, 100% used [0x05a00000, 0x06180000, 0x06180000)
  from space 960K,  89% used [0x06270000, 0x06346530, 0x06360000)
  to   space 960K,   0% used [0x06180000, 0x06180000, 0x06270000)
 tenured generation   total 19096K, used 17599K [0x0af50000, 0x0c1f6000, 0x15a00000)
   the space 19096K,  92% used [0x0af50000, 0x0c07fca8, 0x0c07fe00, 0x0c1f6000)
 Metaspace       used 16056K, capacity 16459K, committed 16512K, reserved 16768K
}
Event: 200.451 GC heap after
{Heap after GC invocations=17 (full 2):
 def new generation   total 12864K, used 0K [0x05a00000, 0x067f0000, 0x0af50000)
  eden space 11456K,   0% used [0x05a00000, 0x05a00000, 0x06530000)
  from space 1408K,   0% used [0x06530000, 0x06530000, 0x06690000)
  to   space 1408K,   0% used [0x06690000, 0x06690000, 0x067f0000)
 tenured generation   total 28512K, used 17105K [0x0af50000, 0x0cb28000, 0x15a00000)
   the space 28512K,  59% used [0x0af50000, 0x0c0044a0, 0x0c004600, 0x0cb28000)
 Metaspace       used 15824K, capacity 16173K, committed 16512K, reserved 16768K
}
Event: 208.561 GC heap before
{Heap before GC invocations=17 (full 2):
 def new generation   total 12864K, used 11456K [0x05a00000, 0x067f0000, 0x0af50000)
  eden space 11456K, 100% used [0x05a00000, 0x06530000, 0x06530000)
  from space 1408K,   0% used [0x06530000, 0x06530000, 0x06690000)
  to   space 1408K,   0% used [0x06690000, 0x06690000, 0x067f0000)
 tenured generation   total 28512K, used 17105K [0x0af50000, 0x0cb28000, 0x15a00000)
   the space 28512K,  59% used [0x0af50000, 0x0c0044a0, 0x0c004600, 0x0cb28000)
 Metaspace       used 16033K, capacity 16399K, committed 16640K, reserved 16768K
}
Event: 208.565 GC heap after
{Heap after GC invocations=18 (full 2):
 def new generation   total 12864K, used 1408K [0x05a00000, 0x067f0000, 0x0af50000)
  eden space 11456K,   0% used [0x05a00000, 0x05a00000, 0x06530000)
  from space 1408K, 100% used [0x06690000, 0x067f0000, 0x067f0000)
  to   space 1408K,   0% used [0x06530000, 0x06530000, 0x06690000)
 tenured generation   total 28512K, used 17716K [0x0af50000, 0x0cb28000, 0x15a00000)
   the space 28512K,  62% used [0x0af50000, 0x0c09d150, 0x0c09d200, 0x0cb28000)
 Metaspace       used 16033K, capacity 16399K, committed 16640K, reserved 16768K
}
Event: 423.689 GC heap before
{Heap before GC invocations=18 (full 2):
 def new generation   total 12864K, used 11482K [0x05a00000, 0x067f0000, 0x0af50000)
  eden space 11456K,  87% used [0x05a00000, 0x063d6870, 0x06530000)
  from space 1408K, 100% used [0x06690000, 0x067f0000, 0x067f0000)
  to   space 1408K,   0% used [0x06530000, 0x06530000, 0x06690000)
 tenured generation   total 28512K, used 17716K [0x0af50000, 0x0cb28000, 0x15a00000)
   the space 28512K,  62% used [0x0af50000, 0x0c09d150, 0x0c09d200, 0x0cb28000)
 Metaspace       used 16093K, capacity 16477K, committed 16640K, reserved 16768K
}
Event: 423.692 GC heap after
{Heap after GC invocations=19 (full 2):
 def new generation   total 12864K, used 1267K [0x05a00000, 0x067f0000, 0x0af50000)
  eden space 11456K,   0% used [0x05a00000, 0x05a00000, 0x06530000)
  from space 1408K,  90% used [0x06530000, 0x0666cd28, 0x06690000)
  to   space 1408K,   0% used [0x06690000, 0x06690000, 0x067f0000)
 tenured generation   total 28512K, used 19112K [0x0af50000, 0x0cb28000, 0x15a00000)
   the space 28512K,  67% used [0x0af50000, 0x0c1fa2b0, 0x0c1fa400, 0x0cb28000)
 Metaspace       used 16093K, capacity 16477K, committed 16640K, reserved 16768K
}

Deoptimization events (14 events):
Event: 0.950 Thread 0x16ca5400 DEOPT PACKING pc=0x03b1ea4f sp=0x19fce180
Event: 0.950 Thread 0x16ca5400 DEOPT UNPACKING pc=0x03a2c187 sp=0x19fce0a0 mode 3
Event: 0.953 Thread 0x16ca5400 DEOPT PACKING pc=0x03b4e971 sp=0x19fce300
Event: 0.953 Thread 0x16ca5400 DEOPT UNPACKING pc=0x03a2c187 sp=0x19fce224 mode 3
Event: 1.061 Thread 0x16ca5400 DEOPT PACKING pc=0x03b91f8c sp=0x19fce2f0
Event: 1.061 Thread 0x16ca5400 DEOPT UNPACKING pc=0x03a2c187 sp=0x19fce1a0 mode 3
Event: 12.870 Thread 0x16407800 DEOPT PACKING pc=0x03c1553d sp=0x168ce690
Event: 12.870 Thread 0x16407800 DEOPT UNPACKING pc=0x03a2c187 sp=0x168ce5bc mode 3
Event: 423.720 Thread 0x16ca5400 DEOPT PACKING pc=0x03cf46f9 sp=0x19fc47d0
Event: 423.720 Thread 0x16ca5400 DEOPT UNPACKING pc=0x03a2c187 sp=0x19fc4674 mode 3
Event: 424.434 Thread 0x16ca5400 DEOPT PACKING pc=0x03bbb7e4 sp=0x19fccdf0
Event: 424.434 Thread 0x16ca5400 DEOPT UNPACKING pc=0x03a2c187 sp=0x19fccc8c mode 0
Event: 424.434 Thread 0x16ca5400 DEOPT PACKING pc=0x03bbb7e4 sp=0x19fce780
Event: 424.434 Thread 0x16ca5400 DEOPT UNPACKING pc=0x03a2c187 sp=0x19fce61c mode 0

Classes redefined (0 events):
No events

Internal exceptions (20 events):
Event: 1.095 Thread 0x16407800 Exception <a 'java/lang/NoSuchMethodError'{0x05b03a08}: 'int java.lang.invoke.DirectMethodHandle$Holder.invokeStaticInit(java.lang.Object, java.lang.Object)'> (0x05b03a08) thrown at [s\src\hotspot\share\interpreter\linkResolver.cpp, line 773]
Event: 1.099 Thread 0x16ca5400 Exception <a 'java/lang/NoSuchMethodError'{0x05af80c8}: 'long java.lang.invoke.DirectMethodHandle$Holder.invokeStaticInit(java.lang.Object, java.lang.Object, java.lang.Object)'> (0x05af80c8) thrown at [s\src\hotspot\share\interpreter\linkResolver.cpp, line 773]
Event: 1.103 Thread 0x16ca5400 Exception <a 'java/lang/NoSuchMethodError'{0x05b5a080}: 'java.lang.Object java.lang.invoke.DirectMethodHandle$Holder.invokeStatic(java.lang.Object, java.lang.Object, long)'> (0x05b5a080) thrown at [s\src\hotspot\share\interpreter\linkResolver.cpp, line 773]
Event: 1.104 Thread 0x16ca5400 Exception <a 'java/lang/NoSuchMethodError'{0x05b5fad0}: 'java.lang.Object java.lang.invoke.Invokers$Holder.linkToTargetMethod(java.lang.Object, long, java.lang.Object)'> (0x05b5fad0) thrown at [s\src\hotspot\share\interpreter\linkResolver.cpp, line 773]
Event: 6.604 Thread 0x16ca5400 Exception <a 'java/lang/NoSuchMethodError'{0x060a63c0}: 'java.lang.Object java.lang.invoke.DirectMethodHandle$Holder.invokeStatic(java.lang.Object, java.lang.Object, int, int, int, int, int, java.lang.Object)'> (0x060a63c0) thrown at [s\src\hotspot\share\interpreter\linkResolver.cpp, line 773]
Event: 6.605 Thread 0x16ca5400 Exception <a 'java/lang/NoSuchMethodError'{0x060b5b88}: 'java.lang.Object java.lang.invoke.DirectMethodHandle$Holder.invokeStatic(java.lang.Object, java.lang.Object, java.lang.Object, int, int, int, int, int)'> (0x060b5b88) thrown at [s\src\hotspot\share\interpreter\linkResolver.cpp, line 773]
Event: 6.605 Thread 0x16ca5400 Exception <a 'java/lang/NoSuchMethodError'{0x060bbc78}: 'java.lang.Object java.lang.invoke.Invokers$Holder.linkToTargetMethod(java.lang.Object, java.lang.Object, int, int, int, int, int, java.lang.Object)'> (0x060bbc78) thrown at [s\src\hotspot\share\interpreter\linkResolver.cpp, line 773]
Event: 6.666 Thread 0x16ca5400 Exception <a 'java/io/FileNotFoundException'{0x061305b8}> (0x061305b8) thrown at [s\src\hotspot\share\prims\jni.cpp, line 617]
Event: 6.674 Thread 0x16ca5400 Exception <a 'java/io/FileNotFoundException'{0x05a014e0}> (0x05a014e0) thrown at [s\src\hotspot\share\prims\jni.cpp, line 617]
Event: 203.094 Thread 0x16ca5400 Exception <a 'sun/nio/fs/WindowsException'{0x05d2b928}> (0x05d2b928) thrown at [s\src\hotspot\share\prims\jni.cpp, line 617]
Event: 203.104 Thread 0x16ca5400 Exception <a 'java/lang/ClassNotFoundException'{0x05d82ab0}: com/sun/javafx/scene/control/skin/resources/controls> (0x05d82ab0) thrown at [s\src\hotspot\share\prims\jni.cpp, line 638]
Event: 203.104 Thread 0x16ca5400 Exception <a 'java/lang/ClassNotFoundException'{0x05d90ea0}: com/sun/javafx/scene/control/skin/resources/controls_es> (0x05d90ea0) thrown at [s\src\hotspot\share\prims\jni.cpp, line 638]
Event: 208.593 Thread 0x16407800 Exception <a 'java/lang/NoSuchMethodError'{0x05d52a30}: 'java.lang.Object java.lang.invoke.DirectMethodHandle$Holder.invokeStaticInit(java.lang.Object, int)'> (0x05d52a30) thrown at [s\src\hotspot\share\interpreter\linkResolver.cpp, line 773]
Event: 423.720 Thread 0x16ca5400 Implicit null exception at 0x03cf447f to 0x03cf46f4
Event: 424.473 Thread 0x16ca5400 Exception <a 'java/lang/IllegalArgumentException'{0x06226fd0}> (0x06226fd0) thrown at [s\src\hotspot\share\prims\jvm.cpp, line 1310]
Event: 424.496 Thread 0x16ca5400 Exception <a 'java/lang/IllegalArgumentException'{0x06237fb8}> (0x06237fb8) thrown at [s\src\hotspot\share\prims\jvm.cpp, line 1310]
Event: 424.513 Thread 0x16ca5400 Exception <a 'java/lang/IllegalArgumentException'{0x06243980}> (0x06243980) thrown at [s\src\hotspot\share\prims\jvm.cpp, line 1310]
Event: 424.557 Thread 0x16ca5400 Exception <a 'java/lang/IllegalArgumentException'{0x0624f348}> (0x0624f348) thrown at [s\src\hotspot\share\prims\jvm.cpp, line 1310]
Event: 424.582 Thread 0x16ca5400 Exception <a 'java/lang/IllegalArgumentException'{0x0625ad50}> (0x0625ad50) thrown at [s\src\hotspot\share\prims\jvm.cpp, line 1310]
Event: 424.599 Thread 0x16ca5400 Exception <a 'java/lang/IllegalArgumentException'{0x06266700}> (0x06266700) thrown at [s\src\hotspot\share\prims\jvm.cpp, line 1310]

Events (20 events):
Event: 208.565 Executing VM operation: GenCollectForAllocation done
Event: 208.591 Loaded shared library C:\Users\luigu\.openjfx\cache\17.0.6\prism_d3d.dll
Event: 208.595 Executing VM operation: RevokeBias
Event: 208.595 Executing VM operation: RevokeBias done
Event: 417.753 Loaded shared library C:\Users\luigu\.openjfx\cache\17.0.6\prism_d3d.dll
Event: 419.886 Loaded shared library C:\Users\luigu\.openjfx\cache\17.0.6\prism_d3d.dll
Event: 422.831 Executing VM operation: RevokeBias
Event: 422.831 Executing VM operation: RevokeBias done
Event: 423.689 Executing VM operation: GenCollectForAllocation
Event: 423.692 Executing VM operation: GenCollectForAllocation done
Event: 423.732 Executing VM operation: RevokeBias
Event: 423.732 Executing VM operation: RevokeBias done
Event: 424.432 loading class javafx/application/Application
Event: 424.432 loading class javafx/application/Application done
Event: 424.432 loading class javafx/application/Application
Event: 424.432 loading class javafx/application/Application done
Event: 424.474 loading class java/lang/Throwable$WrappedPrintStream
Event: 424.475 loading class java/lang/Throwable$PrintStreamOrWriter
Event: 424.475 loading class java/lang/Throwable$PrintStreamOrWriter done
Event: 424.475 loading class java/lang/Throwable$WrappedPrintStream done


Dynamic libraries:
0x002b0000 - 0x002bc000 	C:\Program Files (x86)\Eclipse Adoptium\jdk-11.0.21.9-hotspot\bin\java.exe
0x76f20000 - 0x770d1000 	C:\WINDOWS\SYSTEM32\ntdll.dll
0x75520000 - 0x75610000 	C:\WINDOWS\System32\KERNEL32.DLL
0x767d0000 - 0x76a45000 	C:\WINDOWS\System32\KERNELBASE.dll
0x73ee0000 - 0x73f86000 	C:\WINDOWS\SYSTEM32\apphelp.dll
0x756d0000 - 0x757e2000 	C:\WINDOWS\System32\ucrtbase.dll
0x6e280000 - 0x6e293000 	C:\Program Files (x86)\Eclipse Adoptium\jdk-11.0.21.9-hotspot\bin\VCRUNTIME140.dll
0x6e2a0000 - 0x6e2b5000 	C:\Program Files (x86)\Eclipse Adoptium\jdk-11.0.21.9-hotspot\bin\jli.dll
0x76a80000 - 0x76c29000 	C:\WINDOWS\System32\USER32.dll
0x74d10000 - 0x74d2a000 	C:\WINDOWS\System32\win32u.dll
0x6db90000 - 0x6ddb8000 	C:\WINDOWS\WinSxS\x86_microsoft.windows.common-controls_6595b64144ccf1df_6.0.22621.3235_none_6ebcabb88802389e\COMCTL32.dll
0x76a50000 - 0x76a73000 	C:\WINDOWS\System32\GDI32.dll
0x75b80000 - 0x75c62000 	C:\WINDOWS\System32\gdi32full.dll
0x74da0000 - 0x74e64000 	C:\WINDOWS\System32\msvcrt.dll
0x75c70000 - 0x75ce9000 	C:\WINDOWS\System32\msvcp_win.dll
0x74ce0000 - 0x74d05000 	C:\WINDOWS\System32\IMM32.DLL
0x6cfd0000 - 0x6d03f000 	C:\Program Files (x86)\Eclipse Adoptium\jdk-11.0.21.9-hotspot\bin\msvcp140.dll
0x6b270000 - 0x6b74b000 	C:\Program Files (x86)\Eclipse Adoptium\jdk-11.0.21.9-hotspot\bin\client\jvm.dll
0x76da0000 - 0x76e1f000 	C:\WINDOWS\System32\ADVAPI32.dll
0x76c50000 - 0x76cd5000 	C:\WINDOWS\System32\sechost.dll
0x76d80000 - 0x76d9a000 	C:\WINDOWS\System32\bcrypt.dll
0x75610000 - 0x756ca000 	C:\WINDOWS\System32\RPCRT4.dll
0x74d90000 - 0x74d96000 	C:\WINDOWS\System32\PSAPI.DLL
0x74a60000 - 0x74a68000 	C:\WINDOWS\SYSTEM32\VERSION.dll
0x72770000 - 0x727a1000 	C:\WINDOWS\SYSTEM32\WINMM.dll
0x70070000 - 0x70078000 	C:\WINDOWS\SYSTEM32\WSOCK32.dll
0x75050000 - 0x750af000 	C:\WINDOWS\System32\WS2_32.dll
0x74a70000 - 0x74a83000 	C:\WINDOWS\SYSTEM32\kernel.appcore.dll
0x6e900000 - 0x6e90d000 	C:\Program Files (x86)\Eclipse Adoptium\jdk-11.0.21.9-hotspot\bin\verify.dll
0x6bfb0000 - 0x6c186000 	C:\WINDOWS\SYSTEM32\DBGHELP.DLL
0x757f0000 - 0x75a6c000 	C:\WINDOWS\System32\combase.dll
0x76ce0000 - 0x76d7c000 	C:\WINDOWS\System32\OLEAUT32.dll
0x6cfa0000 - 0x6cfc9000 	C:\WINDOWS\SYSTEM32\dbgcore.DLL
0x753b0000 - 0x75412000 	C:\WINDOWS\System32\bcryptPrimitives.dll
0x6cf70000 - 0x6cf92000 	C:\Program Files (x86)\Eclipse Adoptium\jdk-11.0.21.9-hotspot\bin\java.dll
0x6e270000 - 0x6e279000 	C:\Program Files (x86)\Eclipse Adoptium\jdk-11.0.21.9-hotspot\bin\jimage.dll
0x6cf60000 - 0x6cf6d000 	C:\Program Files (x86)\Eclipse Adoptium\jdk-11.0.21.9-hotspot\bin\instrument.dll
0x6df30000 - 0x6df46000 	C:\Program Files (x86)\Eclipse Adoptium\jdk-11.0.21.9-hotspot\bin\zip.dll
0x75cf0000 - 0x76389000 	C:\WINDOWS\System32\SHELL32.dll
0x71e70000 - 0x7255f000 	C:\WINDOWS\SYSTEM32\windows.storage.dll
0x716c0000 - 0x71787000 	C:\WINDOWS\SYSTEM32\wintypes.dll
0x75170000 - 0x75231000 	C:\WINDOWS\System32\SHCORE.dll
0x74d40000 - 0x74d8b000 	C:\WINDOWS\System32\shlwapi.dll
0x70050000 - 0x70069000 	C:\WINDOWS\SYSTEM32\profapi.dll
0x6de10000 - 0x6de24000 	C:\Program Files (x86)\Eclipse Adoptium\jdk-11.0.21.9-hotspot\bin\net.dll
0x73c80000 - 0x73d5c000 	C:\WINDOWS\SYSTEM32\WINHTTP.dll
0x6fae0000 - 0x6fb31000 	C:\WINDOWS\system32\mswsock.dll
0x6e260000 - 0x6e26f000 	C:\Program Files (x86)\Eclipse Adoptium\jdk-11.0.21.9-hotspot\bin\nio.dll
0x6cf40000 - 0x6cf56000 	C:\Users\luigu\AppData\Local\Programs\IntelliJ IDEA Ultimate\bin\breakgen.dll
0x6cf30000 - 0x6cf33000 	C:\Users\luigu\.openjfx\cache\17.0.6\api-ms-win-core-console-l1-1-0.dll
0x6cf20000 - 0x6cf23000 	C:\Users\luigu\.openjfx\cache\17.0.6\api-ms-win-core-console-l1-2-0.dll
0x6cf10000 - 0x6cf13000 	C:\Users\luigu\.openjfx\cache\17.0.6\api-ms-win-core-datetime-l1-1-0.dll
0x6cf00000 - 0x6cf03000 	C:\Users\luigu\.openjfx\cache\17.0.6\api-ms-win-core-debug-l1-1-0.dll
0x6cef0000 - 0x6cef3000 	C:\Users\luigu\.openjfx\cache\17.0.6\api-ms-win-core-errorhandling-l1-1-0.dll
0x6c640000 - 0x6c644000 	C:\Users\luigu\.openjfx\cache\17.0.6\api-ms-win-core-file-l1-1-0.dll
0x6c620000 - 0x6c623000 	C:\Users\luigu\.openjfx\cache\17.0.6\api-ms-win-core-file-l1-2-0.dll
0x6c600000 - 0x6c603000 	C:\Users\luigu\.openjfx\cache\17.0.6\api-ms-win-core-file-l2-1-0.dll
0x6c5f0000 - 0x6c5f3000 	C:\Users\luigu\.openjfx\cache\17.0.6\api-ms-win-core-handle-l1-1-0.dll
0x6c5e0000 - 0x6c5e3000 	C:\Users\luigu\.openjfx\cache\17.0.6\api-ms-win-core-heap-l1-1-0.dll
0x6bfa0000 - 0x6bfa3000 	C:\Users\luigu\.openjfx\cache\17.0.6\api-ms-win-core-interlocked-l1-1-0.dll
0x6bf90000 - 0x6bf93000 	C:\Users\luigu\.openjfx\cache\17.0.6\api-ms-win-core-libraryloader-l1-1-0.dll
0x6bf80000 - 0x6bf83000 	C:\Users\luigu\.openjfx\cache\17.0.6\api-ms-win-core-localization-l1-2-0.dll
0x6bf70000 - 0x6bf73000 	C:\Users\luigu\.openjfx\cache\17.0.6\api-ms-win-core-memory-l1-1-0.dll
0x6bf60000 - 0x6bf63000 	C:\Users\luigu\.openjfx\cache\17.0.6\api-ms-win-core-namedpipe-l1-1-0.dll
0x6bf50000 - 0x6bf53000 	C:\Users\luigu\.openjfx\cache\17.0.6\api-ms-win-core-processenvironment-l1-1-0.dll
0x6bf40000 - 0x6bf43000 	C:\Users\luigu\.openjfx\cache\17.0.6\api-ms-win-core-processthreads-l1-1-0.dll
0x6bf30000 - 0x6bf33000 	C:\Users\luigu\.openjfx\cache\17.0.6\api-ms-win-core-processthreads-l1-1-1.dll
0x6bf20000 - 0x6bf23000 	C:\Users\luigu\.openjfx\cache\17.0.6\api-ms-win-core-profile-l1-1-0.dll
0x6bf10000 - 0x6bf13000 	C:\Users\luigu\.openjfx\cache\17.0.6\api-ms-win-core-rtlsupport-l1-1-0.dll
0x6bf00000 - 0x6bf03000 	C:\Users\luigu\.openjfx\cache\17.0.6\api-ms-win-core-string-l1-1-0.dll
0x6bef0000 - 0x6bef3000 	C:\Users\luigu\.openjfx\cache\17.0.6\api-ms-win-core-synch-l1-1-0.dll
0x6bee0000 - 0x6bee3000 	C:\Users\luigu\.openjfx\cache\17.0.6\api-ms-win-core-synch-l1-2-0.dll
0x6bed0000 - 0x6bed3000 	C:\Users\luigu\.openjfx\cache\17.0.6\api-ms-win-core-sysinfo-l1-1-0.dll
0x6bec0000 - 0x6bec3000 	C:\Users\luigu\.openjfx\cache\17.0.6\api-ms-win-core-timezone-l1-1-0.dll
0x6beb0000 - 0x6beb3000 	C:\Users\luigu\.openjfx\cache\17.0.6\api-ms-win-core-util-l1-1-0.dll
0x6bea0000 - 0x6bea3000 	C:\Users\luigu\.openjfx\cache\17.0.6\api-ms-win-crt-conio-l1-1-0.dll
0x6be90000 - 0x6be94000 	C:\Users\luigu\.openjfx\cache\17.0.6\api-ms-win-crt-convert-l1-1-0.dll
0x6be80000 - 0x6be83000 	C:\Users\luigu\.openjfx\cache\17.0.6\api-ms-win-crt-environment-l1-1-0.dll
0x6be70000 - 0x6be73000 	C:\Users\luigu\.openjfx\cache\17.0.6\api-ms-win-crt-filesystem-l1-1-0.dll
0x6be60000 - 0x6be63000 	C:\Users\luigu\.openjfx\cache\17.0.6\api-ms-win-crt-heap-l1-1-0.dll
0x6be50000 - 0x6be53000 	C:\Users\luigu\.openjfx\cache\17.0.6\api-ms-win-crt-locale-l1-1-0.dll
0x6be40000 - 0x6be45000 	C:\Users\luigu\.openjfx\cache\17.0.6\api-ms-win-crt-math-l1-1-0.dll
0x6be30000 - 0x6be35000 	C:\Users\luigu\.openjfx\cache\17.0.6\api-ms-win-crt-multibyte-l1-1-0.dll
0x6be20000 - 0x6be30000 	C:\Users\luigu\.openjfx\cache\17.0.6\api-ms-win-crt-private-l1-1-0.dll
0x6be10000 - 0x6be13000 	C:\Users\luigu\.openjfx\cache\17.0.6\api-ms-win-crt-process-l1-1-0.dll
0x6be00000 - 0x6be04000 	C:\Users\luigu\.openjfx\cache\17.0.6\api-ms-win-crt-runtime-l1-1-0.dll
0x6bdf0000 - 0x6bdf4000 	C:\Users\luigu\.openjfx\cache\17.0.6\api-ms-win-crt-stdio-l1-1-0.dll
0x6bde0000 - 0x6bde4000 	C:\Users\luigu\.openjfx\cache\17.0.6\api-ms-win-crt-string-l1-1-0.dll
0x6bdd0000 - 0x6bdd3000 	C:\Users\luigu\.openjfx\cache\17.0.6\api-ms-win-crt-time-l1-1-0.dll
0x6bdc0000 - 0x6bdc3000 	C:\Users\luigu\.openjfx\cache\17.0.6\api-ms-win-crt-utility-l1-1-0.dll
0x6b930000 - 0x6ba53000 	C:\Users\luigu\.openjfx\cache\17.0.6\ucrtbase.dll
0x6bda0000 - 0x6bdb4000 	C:\Users\luigu\.openjfx\cache\17.0.6\vcruntime140.dll
0x6bd30000 - 0x6bd9d000 	C:\Users\luigu\.openjfx\cache\17.0.6\msvcp140.dll
0x6bd20000 - 0x6bd27000 	C:\Users\luigu\.openjfx\cache\17.0.6\msvcp140_1.dll
0x6bcf0000 - 0x6bd19000 	C:\Users\luigu\.openjfx\cache\17.0.6\msvcp140_2.dll
0x6b900000 - 0x6b926000 	C:\Users\luigu\.openjfx\cache\17.0.6\prism_d3d.dll
0x6b0f0000 - 0x6b261000 	C:\WINDOWS\system32\d3d9.dll
0x6e110000 - 0x6e134000 	C:\WINDOWS\SYSTEM32\dwmapi.dll
0x74080000 - 0x740ae000 	C:\WINDOWS\SYSTEM32\dxcore.dll
0x73fc0000 - 0x7403f000 	C:\WINDOWS\system32\uxtheme.dll
0x6b870000 - 0x6b900000 	C:\WINDOWS\SYSTEM32\d3d9on12.dll
0x73e10000 - 0x73eda000 	C:\WINDOWS\SYSTEM32\dxgi.dll
0x6b810000 - 0x6b82d000 	C:\WINDOWS\SYSTEM32\d3d12.dll
0x72620000 - 0x7265d000 	C:\WINDOWS\SYSTEM32\cfgmgr32.dll
0x6af40000 - 0x6b0f0000 	C:\WINDOWS\SYSTEM32\D3D12Core.dll
0x6b7f0000 - 0x6b80d000 	C:\WINDOWS\System32\DriverStore\FileRepository\iigd_dch.inf_amd64_3c65364e14984512\igd12umd32.dll
0x63b00000 - 0x6472a000 	C:\WINDOWS\System32\DriverStore\FileRepository\iigd_dch.inf_amd64_3c65364e14984512\igd12um32xel.dll
0x75240000 - 0x75343000 	C:\WINDOWS\System32\CRYPT32.dll
0x74b80000 - 0x74cd5000 	C:\WINDOWS\System32\ole32.dll
0x6b7b0000 - 0x6b7e5000 	C:\WINDOWS\SYSTEM32\ControlLib32.dll
0x76390000 - 0x767cd000 	C:\WINDOWS\System32\SETUPAPI.dll
0x6e600000 - 0x6e624000 	C:\WINDOWS\SYSTEM32\DEVOBJ.dll
0x6aec0000 - 0x6af32000 	C:\WINDOWS\System32\DriverStore\FileRepository\iigd_dch.inf_amd64_3c65364e14984512\IntelControlLib32.dll
0x76eb0000 - 0x76f07000 	C:\WINDOWS\System32\WINTRUST.dll
0x6e5f0000 - 0x6e5fe000 	C:\WINDOWS\SYSTEM32\MSASN1.dll
0x6d5f0000 - 0x6d62c000 	C:\WINDOWS\SYSTEM32\directxdatabasehelper.dll
0x6ab90000 - 0x6aebf000 	C:\WINDOWS\System32\DriverStore\FileRepository\iigd_dch.inf_amd64_3c65364e14984512\igdgmm32.dll
0x67490000 - 0x6ab15000 	C:\WINDOWS\System32\DriverStore\FileRepository\iigd_dch.inf_amd64_3c65364e14984512\igc32.dll
0x6b780000 - 0x6b7a1000 	C:\WINDOWS\SYSTEM32\D3DSCache.dll
0x73f90000 - 0x73faf000 	C:\WINDOWS\SYSTEM32\USERENV.dll
0x62880000 - 0x63afb000 	C:\WINDOWS\System32\DriverStore\FileRepository\iigd_dch.inf_amd64_3c65364e14984512\igd12dxva32.dll
0x60b90000 - 0x62880000 	C:\WINDOWS\System32\DriverStore\FileRepository\iigd_dch.inf_amd64_3c65364e14984512\media_bin_32.dll
0x6b760000 - 0x6b780000 	C:\WINDOWS\System32\DriverStore\FileRepository\iigd_dch.inf_amd64_3c65364e14984512\igdinfo32.dll
0x716a0000 - 0x716b5000 	C:\WINDOWS\SYSTEM32\CRYPTSP.dll
0x71670000 - 0x716a0000 	C:\WINDOWS\system32\rsaenh.dll
0x71350000 - 0x7135b000 	C:\WINDOWS\SYSTEM32\CRYPTBASE.dll
0x56ef0000 - 0x570dc000 	C:\WINDOWS\SYSTEM32\twinapi.appcore.dll
0x67450000 - 0x67487000 	C:\Users\luigu\.openjfx\cache\17.0.6\glass.dll

dbghelp: loaded successfully - version: 4.0.5 - missing functions: none
symbol engine: initialized successfully - sym options: 0x614 - pdb path: .;C:\Program Files (x86)\Eclipse Adoptium\jdk-11.0.21.9-hotspot\bin;C:\WINDOWS\SYSTEM32;C:\WINDOWS\WinSxS\x86_microsoft.windows.common-controls_6595b64144ccf1df_6.0.22621.3235_none_6ebcabb88802389e;C:\Program Files (x86)\Eclipse Adoptium\jdk-11.0.21.9-hotspot\bin\client;C:\Users\luigu\AppData\Local\Programs\IntelliJ IDEA Ultimate\bin;C:\Users\luigu\.openjfx\cache\17.0.6;C:\WINDOWS\System32\DriverStore\FileRepository\iigd_dch.inf_amd64_3c65364e14984512;C:\ProgramData\A-Volute\A-Volute.Nahimic\Modules\Scheduled;C:\Program Files (x86)\Common Files\Microsoft Shared\Ink

VM Arguments:
jvm_args: -javaagent:C:\Users\luigu\AppData\Local\Programs\IntelliJ IDEA Ultimate\lib\idea_rt.jar=50551:C:\Users\luigu\AppData\Local\Programs\IntelliJ IDEA Ultimate\bin -Dfile.encoding=UTF-8 --module-path=C:\Users\luigu\.m2\repository\com\dlsc\formsfx\formsfx-core\11.6.0\formsfx-core-11.6.0.jar;C:\Users\luigu\.m2\repository\org\openjfx\javafx-controls\17.0.6\javafx-controls-17.0.6-win-x86.jar;C:\Users\luigu\IdeaProjects\Joyeria_ProyectoMult\target\classes;C:\Users\luigu\.m2\repository\org\openjfx\javafx-fxml\17.0.6\javafx-fxml-17.0.6-win-x86.jar;C:\Users\luigu\.m2\repository\org\kordamp\bootstrapfx\bootstrapfx-core\0.4.0\bootstrapfx-core-0.4.0.jar;C:\Users\luigu\.m2\repository\org\openjfx\javafx-base\17.0.6\javafx-base-17.0.6-win-x86.jar;C:\Users\luigu\.m2\repository\org\controlsfx\controlsfx\11.1.2\controlsfx-11.1.2.jar;C:\Users\luigu\.m2\repository\net\synedra\validatorfx\0.4.0\validatorfx-0.4.0.jar;C:\Users\luigu\.m2\repository\org\openjfx\javafx-graphics\17.0.6\javafx-graphics-17.0.6-win-x86.jar -Djdk.module.main=com.eduard034.joyeria_proyectomult 
java_command: com.eduard034.joyeria_proyectomult/com.eduard034.joyeria_proyectomult.JoyeriaApp
java_class_path (initial): C:\Users\luigu\.m2\repository\org\openjfx\javafx-controls\17.0.6\javafx-controls-17.0.6.jar;C:\Users\luigu\.m2\repository\org\openjfx\javafx-graphics\17.0.6\javafx-graphics-17.0.6.jar;C:\Users\luigu\.m2\repository\org\openjfx\javafx-base\17.0.6\javafx-base-17.0.6.jar;C:\Users\luigu\.m2\repository\org\openjfx\javafx-fxml\17.0.6\javafx-fxml-17.0.6.jar
Launcher Type: SUN_STANDARD

[Global flags]
   size_t InitialHeapSize                          = 16777216                                  {product} {ergonomic}
   size_t MaxHeapSize                              = 268435456                                 {product} {ergonomic}
   size_t MaxNewSize                               = 89456640                                  {product} {ergonomic}
   size_t MinHeapDeltaBytes                        = 131072                                    {product} {ergonomic}
   size_t NewSize                                  = 5570560                                   {product} {ergonomic}
    uintx NonProfiledCodeHeapSize                  = 0                                      {pd product} {ergonomic}
   size_t OldSize                                  = 11206656                                  {product} {ergonomic}
    uintx ProfiledCodeHeapSize                     = 0                                      {pd product} {ergonomic}
     bool ThreadLocalHandshakes                    = false                                  {pd product} {ergonomic}
     bool UseLargePagesIndividualAllocation        = false                                  {pd product} {ergonomic}
     bool UseSerialGC                              = true                                      {product} {ergonomic}

Logging:
Log output configuration:
 #0: stdout all=warning uptime,level,tags
 #1: stderr all=off uptime,level,tags

Environment Variables:
PATH=C:\Program Files (x86)\Eclipse Adoptium\jre-11.0.21.9-hotspot\bin;C:\Program Files (x86)\Eclipse Adoptium\jdk-11.0.21.9-hotspot\bin;C:\Program Files (x86)\VMware\VMware Player\bin\;C:\Windows\system32;C:\Windows;C:\Windows\System32\Wbem;C:\Windows\System32\WindowsPowerShell\v1.0\;C:\Windows\System32\OpenSSH\;C:\Program Files (x86)\NVIDIA Corporation\PhysX\Common;C:\Program Files\NVIDIA Corporation\NVIDIA NvDLISR;C:\WINDOWS\system32;C:\WINDOWS;C:\WINDOWS\System32\Wbem;C:\WINDOWS\System32\WindowsPowerShell\v1.0\;C:\WINDOWS\System32\OpenSSH\;C:\Program Files\Git\cmd;C:\Users\luigu\AppData\Local\Microsoft\WindowsApps;C:\Users\luigu\AppData\Local\Programs\Microsoft VS Code\bin;C:\Users\luigu\AppData\Local\JetBrains\Toolbox\scripts;C:\Users\luigu\AppData\Local\GitHubDesktop\bin
USERNAME=luigu
OS=Windows_NT
PROCESSOR_IDENTIFIER=Intel64 Family 6 Model 154 Stepping 3, GenuineIntel
TMP=C:\Users\luigu\AppData\Local\Temp
TEMP=C:\Users\luigu\AppData\Local\Temp



---------------  S Y S T E M  ---------------

OS: Windows 11 , 64 bit Build 22621 (10.0.22621.3374)
OS uptime: 4 days 13:48 hours

CPU:total 12 (initial active 12) (6 cores per cpu, 2 threads per core) family 6 model 154 stepping 3 microcode 0x419, cmov, cx8, fxsr, mmx, sse, sse2, sse3, ssse3, sse4.1, sse4.2, popcnt, avx, avx2, aes, clmul, erms, 3dnowpref, lzcnt, ht, tsc, tscinvbit, bmi1, bmi2, adx, sha, fma

Memory: 4k page, system-wide physical 7917M (1325M free)
TotalPageFile size 19693M (AvailPageFile size 5218M), user-mode portion of virtual address-space 2047M (1233M free)
current process WorkingSet (physical memory assigned to process): 144M, peak: 258M
current process commit charge ("private bytes"): 260M, peak: 260M

vm_info: OpenJDK Client VM (11.0.21+9) for windows-x86 JRE (11.0.21+9), built on Oct 17 2023 17:27:10 by "" with MS VC++ 15.9 (VS2017)

END.
