#
# A fatal error has been detected by the Java Runtime Environment:
#
#  EXCEPTION_ACCESS_VIOLATION (0xc0000005) at pc=0x00007fff4a6abdf6, pid=12292, tid=9584
#
# JRE version: OpenJDK Runtime Environment Corretto-11.0.22.7.1 (11.0.22+7) (build 11.0.22+7-LTS)
# Java VM: OpenJDK 64-Bit Server VM Corretto-11.0.22.7.1 (11.0.22+7-LTS, mixed mode, tiered, compressed oops, g1 gc, windows-amd64)
# Problematic frame:
# C  [glass.dll+0x1bdf6]
#
# No core dump will be written. Minidumps are not enabled by default on client versions of Windows
#
# If you would like to submit a bug report, please visit:
#   https://github.com/corretto/corretto-11/issues/
# The crash happened outside the Java Virtual Machine in native code.
# See problematic frame for where to report the bug.
#

---------------  S U M M A R Y ------------

Command Line: -javaagent:C:\Users\alonh\AppData\Local\Programs\IntelliJ IDEA Ultimate\lib\idea_rt.jar=62258:C:\Users\alonh\AppData\Local\Programs\IntelliJ IDEA Ultimate\bin -Dfile.encoding=UTF-8 --module-path=C:\Users\alonh\.m2\repository\org\kordamp\bootstrapfx\bootstrapfx-core\0.4.0\bootstrapfx-core-0.4.0.jar;C:\Users\alonh\IdeaProjects\Joyeria_ProyectoMult\target\classes;C:\Users\alonh\.m2\repository\org\controlsfx\controlsfx\11.1.2\controlsfx-11.1.2.jar;C:\Users\alonh\.m2\repository\org\openjfx\javafx-controls\17.0.6\javafx-controls-17.0.6-win.jar;C:\Users\alonh\.m2\repository\org\openjfx\javafx-fxml\17.0.6\javafx-fxml-17.0.6-win.jar;C:\Users\alonh\.m2\repository\org\openjfx\javafx-graphics\17.0.6\javafx-graphics-17.0.6-win.jar;C:\Users\alonh\.m2\repository\net\synedra\validatorfx\0.4.0\validatorfx-0.4.0.jar;C:\Users\alonh\.m2\repository\org\openjfx\javafx-base\17.0.6\javafx-base-17.0.6-win.jar;C:\Users\alonh\.m2\repository\com\dlsc\formsfx\formsfx-core\11.6.0\formsfx-core-11.6.0.jar -Djdk.module.main=com.eduard034.joyeria_proyectomult com.eduard034.joyeria_proyectomult/com.eduard034.joyeria_proyectomult.JoyeriaApp

Host: 12th Gen Intel(R) Core(TM) i5-12450H, 12 cores, 7G,  Windows 11 , 64 bit Build 22621 (10.0.22621.2506)
Time: Mon Mar 25 12:55:03 2024 Hora estándar central (México) elapsed time: 40.603581 seconds (0d 0h 0m 40s)

---------------  T H R E A D  ---------------

Current thread (0x0000027f17971800):  JavaThread "JavaFX Application Thread" [_thread_in_native, id=9584, stack(0x000000ae00e00000,0x000000ae00f00000)]

Stack: [0x000000ae00e00000,0x000000ae00f00000],  sp=0x000000ae00efc320,  free space=1008k
Native frames: (J=compiled Java code, j=interpreted, Vv=VM code, C=native code)
C  [glass.dll+0x1bdf6]

Java frames: (J=compiled Java code, j=interpreted, Vv=VM code)
j  com.sun.glass.ui.win.WinWindow._close(J)Z+0 javafx.graphics
j  com.sun.glass.ui.Window.close()V+63 javafx.graphics
j  com.sun.glass.ui.win.WinWindow.close()V+8 javafx.graphics
j  com.sun.glass.ui.Application.terminate()V+75 javafx.graphics
j  com.sun.javafx.tk.quantum.QuantumToolkit.lambda$exit$13()Ljava/lang/Object;+5 javafx.graphics
j  com.sun.javafx.tk.quantum.QuantumToolkit$$Lambda$448.get()Ljava/lang/Object;+0 javafx.graphics
j  com.sun.javafx.tk.quantum.QuantumToolkit.runWithRenderLock(Ljava/util/function/Supplier;)Ljava/lang/Object;+7 javafx.graphics
j  com.sun.javafx.tk.quantum.QuantumToolkit.exit()V+26 javafx.graphics
j  com.sun.javafx.application.PlatformImpl.lambda$tkExit$16()V+3 javafx.graphics
j  com.sun.javafx.application.PlatformImpl$$Lambda$447.run()V+0 javafx.graphics
j  com.sun.javafx.application.PlatformImpl.lambda$runAndWait$12(Ljava/lang/Runnable;Ljava/util/concurrent/CountDownLatch;)V+1 javafx.graphics
j  com.sun.javafx.application.PlatformImpl$$Lambda$88.run()V+8 javafx.graphics
j  com.sun.javafx.application.PlatformImpl.lambda$runLater$10(Ljava/lang/Runnable;)Ljava/lang/Void;+1 javafx.graphics
j  com.sun.javafx.application.PlatformImpl$$Lambda$90.run()Ljava/lang/Object;+4 javafx.graphics
v  ~StubRoutines::call_stub
J 2096  java.security.AccessController.doPrivileged(Ljava/security/PrivilegedAction;Ljava/security/AccessControlContext;)Ljava/lang/Object; java.base@11.0.22 (0 bytes) @ 0x0000027f07bc1926 [0x0000027f07bc18c0+0x0000000000000066]
j  com.sun.javafx.application.PlatformImpl.lambda$runLater$11(Ljava/lang/Runnable;Ljava/security/AccessControlContext;)V+7 javafx.graphics
j  com.sun.javafx.application.PlatformImpl$$Lambda$89.run()V+8 javafx.graphics
J 3043 c1 com.sun.glass.ui.InvokeLaterDispatcher$Future.run()V javafx.graphics (91 bytes) @ 0x0000027f00b93b04 [0x0000027f00b93a00+0x0000000000000104]
v  ~StubRoutines::call_stub
j  com.sun.glass.ui.win.WinApplication._runLoop(Ljava/lang/Runnable;)V+0 javafx.graphics
j  com.sun.glass.ui.win.WinApplication.lambda$runLoop$3(ILjava/lang/Runnable;)V+8 javafx.graphics
j  com.sun.glass.ui.win.WinApplication$$Lambda$78.run()V+12 javafx.graphics
j  java.lang.Thread.run()V+11 java.base@11.0.22
v  ~StubRoutines::call_stub

siginfo: EXCEPTION_ACCESS_VIOLATION (0xc0000005), reading address 0x0000000000000130


Register to memory mapping:

RIP=0x00007fff4a6abdf6 glass.dll
RAX=0x0 is NULL
RBX=0x0 is NULL
RCX=0x0 is NULL
RDX=0x0 is NULL
RSP=0x000000ae00efc320 is pointing into the stack for thread: 0x0000027f17971800
RBP=0x0 is NULL
RSI=0x0000000000000401 is an unknown value
RDI=0x000000ae00efc670 is pointing into the stack for thread: 0x0000027f17971800
R8 =0x000000ae00efc670 is pointing into the stack for thread: 0x0000027f17971800
R9 =0x0 is NULL
R10=0x0 is NULL
R11=0x0000000000000246 is an unknown value
R12=0x0 is NULL
R13=0x0 is NULL
R14=0x0 is NULL
R15=0x0 is NULL


Registers:
RAX=0x0000000000000000, RBX=0x0000000000000000, RCX=0x0000000000000000, RDX=0x0000000000000000
RSP=0x000000ae00efc320, RBP=0x0000000000000000, RSI=0x0000000000000401, RDI=0x000000ae00efc670
R8 =0x000000ae00efc670, R9 =0x0000000000000000, R10=0x0000000000000000, R11=0x0000000000000246
R12=0x0000000000000000, R13=0x0000000000000000, R14=0x0000000000000000, R15=0x0000000000000000
RIP=0x00007fff4a6abdf6, EFLAGS=0x0000000000010202

Top of Stack: (sp=0x000000ae00efc320)
0x000000ae00efc320:   0000000000000578 000000ae00efc330
0x000000ae00efc330:   0000000000180016 00007fff4a6b75c0
0x000000ae00efc340:   000000ae00efc670 00007fff4a6aa871
0x000000ae00efc350:   0000000000000000 000000ae00efc670
0x000000ae00efc360:   0000000000000401 0000027f73e26300
0x000000ae00efc370:   0000027f16f338a0 00007fff4a69a395
0x000000ae00efc380:   000000ae00efc670 0000000000000001
0x000000ae00efc390:   000000008000c088 0000000000000001
0x000000ae00efc3a0:   0000000000000000 00007fff4a6917bb
0x000000ae00efc3b0:   0000027f16f338a0 000000ae00efc670
0x000000ae00efc3c0:   0000000000000401 000000000021093a
0x000000ae00efc3d0:   0000000000000401 00007ff810738241
0x000000ae00efc3e0:   0000000000000000 000000ae00efc5a8
0x000000ae00efc3f0:   0000000080000022 0000000000000001
0x000000ae00efc400:   00000000000000b6 0000027f17971800
0x000000ae00efc410:   0000027f177463a8 0000027f17971800 

Instructions: (pc=0x00007fff4a6abdf6)
0x00007fff4a6abcf6:   85 c0 74 08 48 8b c8 e8 ee 00 00 00 48 c7 05 23
0x00007fff4a6abd06:   e1 01 00 00 00 00 00 48 83 c4 28 c3 cc cc cc cc
0x00007fff4a6abd16:   cc cc cc cc cc cc cc cc cc cc 48 89 5c 24 08 57
0x00007fff4a6abd26:   48 83 ec 30 48 8b fa 48 8b d9 48 39 91 30 01 00
0x00007fff4a6abd36:   00 0f 84 a5 00 00 00 e8 ae 00 00 00 48 8b 93 30
0x00007fff4a6abd46:   01 00 00 48 85 d2 75 04 48 8b 53 08 48 89 54 24
0x00007fff4a6abd56:   20 4c 8b c7 48 85 ff 75 04 4c 8b 43 08 48 8d 0d
0x00007fff4a6abd66:   a6 e2 00 00 4c 89 44 24 28 e8 bc 78 fe ff 48 8b
0x00007fff4a6abd76:   4c 24 20 4c 8d 44 24 20 48 8d 15 db f7 ff ff ff
0x00007fff4a6abd86:   15 05 da 01 00 48 8b 05 6e dd 01 00 48 85 c0 75
0x00007fff4a6abd96:   04 33 c9 eb 03 8b 48 40 4c 8d 44 24 20 48 8d 15
0x00007fff4a6abda6:   f6 f7 ff ff ff 15 e8 d9 01 00 48 89 bb 30 01 00
0x00007fff4a6abdb6:   00 e8 54 38 00 00 4c 8b 05 ed e0 01 00 48 8b c8
0x00007fff4a6abdc6:   48 8b 93 c0 00 00 00 4c 8b cf e8 db 92 fe ff e8
0x00007fff4a6abdd6:   36 38 00 00 48 8b c8 e8 4e 37 00 00 48 8b 5c 24
0x00007fff4a6abde6:   40 48 83 c4 30 5f c3 cc cc cc 40 57 48 83 ec 20
0x00007fff4a6abdf6:   48 8b 81 30 01 00 00 48 8b f9 48 85 c0 75 04 48
0x00007fff4a6abe06:   8b 41 08 48 3b 05 20 e0 01 00 75 3b 48 89 5c 24
0x00007fff4a6abe16:   30 e8 f4 37 00 00 4c 8b 05 7d e0 01 00 48 8b c8
0x00007fff4a6abe26:   48 8b 97 c0 00 00 00 48 8b d8 e8 7b 92 fe ff 48
0x00007fff4a6abe36:   8b cb e8 f3 36 00 00 48 8b 5c 24 30 48 c7 05 e3
0x00007fff4a6abe46:   df 01 00 00 00 00 00 48 83 c4 20 5f c3 cc cc cc
0x00007fff4a6abe56:   cc cc cc cc cc cc cc cc cc cc 40 53 48 83 ec 50
0x00007fff4a6abe66:   48 8b 05 5b b3 01 00 48 33 c4 48 89 44 24 40 48
0x00007fff4a6abe76:   8b d9 48 8b 49 08 ff 15 86 d8 01 00 85 c0 0f 85
0x00007fff4a6abe86:   1b 01 00 00 48 8b 4b 08 48 8d 54 24 30 ff 15 af
0x00007fff4a6abe96:   d6 01 00 48 8b 4b 08 48 8d 54 24 20 ff 15 08 d7
0x00007fff4a6abea6:   01 00 48 8b 4b 08 4c 8d 44 24 20 41 b9 02 00 00
0x00007fff4a6abeb6:   00 33 d2 ff 15 f9 d6 01 00 8b 44 24 24 2b 44 24
0x00007fff4a6abec6:   34 44 8b 44 24 20 44 2b 44 24 30 8b 54 24 3c 2b
0x00007fff4a6abed6:   54 24 2c 8b 4c 24 38 2b 4c 24 28 89 83 1c 01 00
0x00007fff4a6abee6:   00 44 89 83 18 01 00 00 89 93 24 01 00 00 89 8b 


Stack slot to memory mapping:
stack at sp + 0 slots: 0x0000000000000578 is an unknown value
stack at sp + 1 slots: 0x000000ae00efc330 is pointing into the stack for thread: 0x0000027f17971800
stack at sp + 2 slots: 0x0000000000180016 is an unknown value
stack at sp + 3 slots: 0x00007fff4a6b75c0 glass.dll
stack at sp + 4 slots: 0x000000ae00efc670 is pointing into the stack for thread: 0x0000027f17971800
stack at sp + 5 slots: 0x00007fff4a6aa871 glass.dll
stack at sp + 6 slots: 0x0 is NULL
stack at sp + 7 slots: 0x000000ae00efc670 is pointing into the stack for thread: 0x0000027f17971800


---------------  P R O C E S S  ---------------

Threads class SMR info:
_java_thread_list=0x0000027f170df0f0, length=18, elements={
0x0000027f75a41000, 0x0000027f155e1800, 0x0000027f155e5000, 0x0000027f15635800,
0x0000027f15636000, 0x0000027f15638800, 0x0000027f1563e000, 0x0000027f15644800,
0x0000027f15652000, 0x0000027f7fedd800, 0x0000027f15ed8800, 0x0000027f16c4a000,
0x0000027f16f34000, 0x0000027f17971800, 0x0000027f16fab800, 0x0000027f17a5c800,
0x0000027f17dc5000, 0x0000027f17d4e800
}

Java Threads: ( => current thread )
  0x0000027f75a41000 JavaThread "main" [_thread_blocked, id=15812, stack(0x000000ae7fd00000,0x000000ae7fe00000)]
  0x0000027f155e1800 JavaThread "Reference Handler" daemon [_thread_blocked, id=25176, stack(0x000000ae00400000,0x000000ae00500000)]
  0x0000027f155e5000 JavaThread "Finalizer" daemon [_thread_blocked, id=29440, stack(0x000000ae00500000,0x000000ae00600000)]
  0x0000027f15635800 JavaThread "Signal Dispatcher" daemon [_thread_blocked, id=22652, stack(0x000000ae00600000,0x000000ae00700000)]
  0x0000027f15636000 JavaThread "Attach Listener" daemon [_thread_blocked, id=16728, stack(0x000000ae00700000,0x000000ae00800000)]
  0x0000027f15638800 JavaThread "Service Thread" daemon [_thread_blocked, id=14948, stack(0x000000ae00800000,0x000000ae00900000)]
  0x0000027f1563e000 JavaThread "C2 CompilerThread0" daemon [_thread_blocked, id=29816, stack(0x000000ae00900000,0x000000ae00a00000)]
  0x0000027f15644800 JavaThread "C1 CompilerThread0" daemon [_thread_blocked, id=27236, stack(0x000000ae00a00000,0x000000ae00b00000)]
  0x0000027f15652000 JavaThread "Sweeper thread" daemon [_thread_blocked, id=28228, stack(0x000000ae00b00000,0x000000ae00c00000)]
  0x0000027f7fedd800 JavaThread "Common-Cleaner" daemon [_thread_blocked, id=25080, stack(0x000000ae00c00000,0x000000ae00d00000)]
  0x0000027f15ed8800 JavaThread "Monitor Ctrl-Break" daemon [_thread_in_native, id=13264, stack(0x000000ae00f00000,0x000000ae01000000)]
  0x0000027f16c4a000 JavaThread "QuantumRenderer-0" daemon [_thread_blocked, id=22396, stack(0x000000ae01100000,0x000000ae01200000)]
  0x0000027f16f34000 JavaThread "InvokeLaterDispatcher" daemon [_thread_blocked, id=13812, stack(0x000000ae00d00000,0x000000ae00e00000)]
=>0x0000027f17971800 JavaThread "JavaFX Application Thread" [_thread_in_native, id=9584, stack(0x000000ae00e00000,0x000000ae00f00000)]
  0x0000027f16fab800 JavaThread "JavaFX-Launcher" [_thread_blocked, id=31468, stack(0x000000ae01800000,0x000000ae01900000)]
  0x0000027f17a5c800 JavaThread "Thread-2" daemon [_thread_in_native, id=16744, stack(0x000000ae01700000,0x000000ae01800000)]
  0x0000027f17dc5000 JavaThread "Prism Font Disposer" daemon [_thread_blocked, id=17132, stack(0x000000ae01e00000,0x000000ae01f00000)]
  0x0000027f17d4e800 JavaThread "Cleaner-0" daemon [_thread_blocked, id=18788, stack(0x000000ae01f00000,0x000000ae02000000)]

Other Threads:
  0x0000027f7ff21800 VMThread "VM Thread" [stack: 0x000000ae00300000,0x000000ae00400000] [id=28368]
  0x0000027f167f2800 WatcherThread [stack: 0x000000ae01000000,0x000000ae01100000] [id=14448]
  0x0000027f75a5a800 GCTaskThread "GC Thread#0" [stack: 0x000000ae7fe00000,0x000000ae7ff00000] [id=25796]
  0x0000027f17add800 GCTaskThread "GC Thread#1" [stack: 0x000000ae01900000,0x000000ae01a00000] [id=27068]
  0x0000027f17ade000 GCTaskThread "GC Thread#2" [stack: 0x000000ae01a00000,0x000000ae01b00000] [id=28708]
  0x0000027f17adf000 GCTaskThread "GC Thread#3" [stack: 0x000000ae01b00000,0x000000ae01c00000] [id=13688]
  0x0000027f17adf800 GCTaskThread "GC Thread#4" [stack: 0x000000ae01c00000,0x000000ae01d00000] [id=28252]
  0x0000027f17ae0800 GCTaskThread "GC Thread#5" [stack: 0x000000ae01d00000,0x000000ae01e00000] [id=19100]
  0x0000027f7376e000 ConcurrentGCThread "G1 Main Marker" [stack: 0x000000ae7ff00000,0x000000ae80000000] [id=28204]
  0x0000027f75a87000 ConcurrentGCThread "G1 Conc#0" [stack: 0x000000ae00000000,0x000000ae00100000] [id=27048]
  0x0000027f17f2a800 ConcurrentGCThread "G1 Conc#1" [stack: 0x000000ae02300000,0x000000ae02400000] [id=23064]
  0x0000027f17df6000 ConcurrentGCThread "G1 Conc#2" [stack: 0x000000ae02400000,0x000000ae02500000] [id=25028]
  0x0000027f7fd77800 ConcurrentGCThread "G1 Refine#0" [stack: 0x000000ae00100000,0x000000ae00200000] [id=19892]
  0x0000027f7fd78800 ConcurrentGCThread "G1 Young RemSet Sampling" [stack: 0x000000ae00200000,0x000000ae00300000] [id=32656]

Threads with active compile tasks:

VM state:not at safepoint (normal execution)

VM Mutex/Monitor currently owned by a thread: None

Heap address: 0x0000000084800000, size: 1976 MB, Compressed Oops mode: 32-bit
Narrow klass base: 0x0000000000000000, Narrow klass shift: 3
Compressed class space size: 1073741824 Address: 0x0000000100000000

Heap:
 garbage-first heap   total 126976K, used 71855K [0x0000000084800000, 0x0000000100000000)
  region size 1024K, 39 young (39936K), 6 survivors (6144K)
 Metaspace       used 27059K, capacity 28036K, committed 28336K, reserved 1075200K
  class space    used 3107K, capacity 3478K, committed 3584K, reserved 1048576K
Heap Regions: E=young(eden), S=young(survivor), O=old, HS=humongous(starts), HC=humongous(continues), CS=collection set, F=free, A=archive, TAMS=top-at-mark-start (previous, next)
|   0|0x0000000084800000, 0x0000000084900000, 0x0000000084900000|100%| O|  |TAMS 0x000000008484c200, 0x0000000084800000| Untracked 
|   1|0x0000000084900000, 0x0000000084a00000, 0x0000000084a00000|100%|HS|  |TAMS 0x0000000084a00000, 0x0000000084900000| Complete 
|   2|0x0000000084a00000, 0x0000000084b00000, 0x0000000084b00000|100%|HC|  |TAMS 0x0000000084b00000, 0x0000000084a00000| Complete 
|   3|0x0000000084b00000, 0x0000000084c00000, 0x0000000084c00000|100%|HC|  |TAMS 0x0000000084c00000, 0x0000000084b00000| Complete 
|   4|0x0000000084c00000, 0x0000000084d00000, 0x0000000084d00000|100%|HC|  |TAMS 0x0000000084d00000, 0x0000000084c00000| Complete 
|   5|0x0000000084d00000, 0x0000000084e00000, 0x0000000084e00000|100%|HC|  |TAMS 0x0000000084e00000, 0x0000000084d00000| Complete 
|   6|0x0000000084e00000, 0x0000000084f00000, 0x0000000084f00000|100%|HC|  |TAMS 0x0000000084f00000, 0x0000000084e00000| Complete 
|   7|0x0000000084f00000, 0x0000000085000000, 0x0000000085000000|100%|HC|  |TAMS 0x0000000085000000, 0x0000000084f00000| Complete 
|   8|0x0000000085000000, 0x0000000085100000, 0x0000000085100000|100%|HS|  |TAMS 0x0000000085000000, 0x0000000085000000| Complete 
|   9|0x0000000085100000, 0x0000000085200000, 0x0000000085200000|100%|HC|  |TAMS 0x0000000085100000, 0x0000000085100000| Complete 
|  10|0x0000000085200000, 0x0000000085300000, 0x0000000085300000|100%|HS|  |TAMS 0x0000000085200000, 0x0000000085200000| Complete 
|  11|0x0000000085300000, 0x0000000085400000, 0x0000000085400000|100%|HC|  |TAMS 0x0000000085300000, 0x0000000085300000| Complete 
|  12|0x0000000085400000, 0x0000000085500000, 0x0000000085500000|100%|HS|  |TAMS 0x0000000085400000, 0x0000000085400000| Complete 
|  13|0x0000000085500000, 0x0000000085600000, 0x0000000085600000|100%|HC|  |TAMS 0x0000000085500000, 0x0000000085500000| Complete 
|  14|0x0000000085600000, 0x0000000085700000, 0x0000000085700000|100%| O|  |TAMS 0x0000000085600000, 0x0000000085600000| Untracked 
|  15|0x0000000085700000, 0x0000000085800000, 0x0000000085800000|100%| O|  |TAMS 0x0000000085700000, 0x0000000085700000| Untracked 
|  16|0x0000000085800000, 0x0000000085900000, 0x0000000085900000|100%| O|  |TAMS 0x0000000085800000, 0x0000000085800000| Untracked 
|  17|0x0000000085900000, 0x0000000085a00000, 0x0000000085a00000|100%| O|  |TAMS 0x0000000085900000, 0x0000000085900000| Untracked 
|  18|0x0000000085a00000, 0x0000000085b00000, 0x0000000085b00000|100%| O|  |TAMS 0x0000000085a00000, 0x0000000085a00000| Untracked 
|  19|0x0000000085b00000, 0x0000000085bca800, 0x0000000085c00000| 79%| O|  |TAMS 0x0000000085b00000, 0x0000000085b00000| Untracked 
|  20|0x0000000085c00000, 0x0000000085d00000, 0x0000000085d00000|100%|HS|  |TAMS 0x0000000085c00000, 0x0000000085c00000| Complete 
|  21|0x0000000085d00000, 0x0000000085e00000, 0x0000000085e00000|100%|HC|  |TAMS 0x0000000085d00000, 0x0000000085d00000| Complete 
|  22|0x0000000085e00000, 0x0000000085f00000, 0x0000000085f00000|100%|HS|  |TAMS 0x0000000085e00000, 0x0000000085e00000| Complete 
|  23|0x0000000085f00000, 0x0000000086000000, 0x0000000086000000|100%|HC|  |TAMS 0x0000000085f00000, 0x0000000085f00000| Complete 
|  24|0x0000000086000000, 0x0000000086100000, 0x0000000086100000|100%|HS|  |TAMS 0x0000000086000000, 0x0000000086000000| Complete 
|  25|0x0000000086100000, 0x0000000086200000, 0x0000000086200000|100%|HC|  |TAMS 0x0000000086100000, 0x0000000086100000| Complete 
|  26|0x0000000086200000, 0x0000000086300000, 0x0000000086300000|100%|HC|  |TAMS 0x0000000086200000, 0x0000000086200000| Complete 
|  27|0x0000000086300000, 0x0000000086400000, 0x0000000086400000|100%|HC|  |TAMS 0x0000000086300000, 0x0000000086300000| Complete 
|  28|0x0000000086400000, 0x0000000086500000, 0x0000000086500000|100%|HC|  |TAMS 0x0000000086400000, 0x0000000086400000| Complete 
|  29|0x0000000086500000, 0x0000000086600000, 0x0000000086600000|100%|HC|  |TAMS 0x0000000086500000, 0x0000000086500000| Complete 
|  30|0x0000000086600000, 0x0000000086700000, 0x0000000086700000|100%|HC|  |TAMS 0x0000000086600000, 0x0000000086600000| Complete 
|  31|0x0000000086700000, 0x0000000086800000, 0x0000000086800000|100%|HS|  |TAMS 0x0000000086700000, 0x0000000086700000| Complete 
|  32|0x0000000086800000, 0x0000000086900000, 0x0000000086900000|100%|HC|  |TAMS 0x0000000086800000, 0x0000000086800000| Complete 
|  33|0x0000000086900000, 0x0000000086900000, 0x0000000086a00000|  0%| F|  |TAMS 0x0000000086900000, 0x0000000086900000| Untracked 
|  34|0x0000000086a00000, 0x0000000086a00000, 0x0000000086b00000|  0%| F|  |TAMS 0x0000000086a00000, 0x0000000086a00000| Untracked 
|  35|0x0000000086b00000, 0x0000000086b00000, 0x0000000086c00000|  0%| F|  |TAMS 0x0000000086b00000, 0x0000000086b00000| Untracked 
|  36|0x0000000086c00000, 0x0000000086c00000, 0x0000000086d00000|  0%| F|  |TAMS 0x0000000086c00000, 0x0000000086c00000| Untracked 
|  37|0x0000000086d00000, 0x0000000086d00000, 0x0000000086e00000|  0%| F|  |TAMS 0x0000000086d00000, 0x0000000086d00000| Untracked 
|  38|0x0000000086e00000, 0x0000000086e00000, 0x0000000086f00000|  0%| F|  |TAMS 0x0000000086e00000, 0x0000000086e00000| Untracked 
|  39|0x0000000086f00000, 0x0000000086f00000, 0x0000000087000000|  0%| F|  |TAMS 0x0000000086f00000, 0x0000000086f00000| Untracked 
|  40|0x0000000087000000, 0x0000000087000000, 0x0000000087100000|  0%| F|  |TAMS 0x0000000087000000, 0x0000000087000000| Untracked 
|  41|0x0000000087100000, 0x0000000087100000, 0x0000000087200000|  0%| F|  |TAMS 0x0000000087100000, 0x0000000087100000| Untracked 
|  42|0x0000000087200000, 0x0000000087200000, 0x0000000087300000|  0%| F|  |TAMS 0x0000000087200000, 0x0000000087200000| Untracked 
|  43|0x0000000087300000, 0x0000000087300000, 0x0000000087400000|  0%| F|  |TAMS 0x0000000087300000, 0x0000000087300000| Untracked 
|  44|0x0000000087400000, 0x0000000087400000, 0x0000000087500000|  0%| F|  |TAMS 0x0000000087400000, 0x0000000087400000| Untracked 
|  45|0x0000000087500000, 0x0000000087500000, 0x0000000087600000|  0%| F|  |TAMS 0x0000000087500000, 0x0000000087500000| Untracked 
|  46|0x0000000087600000, 0x0000000087600000, 0x0000000087700000|  0%| F|  |TAMS 0x0000000087600000, 0x0000000087600000| Untracked 
|  47|0x0000000087700000, 0x0000000087700000, 0x0000000087800000|  0%| F|  |TAMS 0x0000000087700000, 0x0000000087700000| Untracked 
|  48|0x0000000087800000, 0x0000000087800000, 0x0000000087900000|  0%| F|  |TAMS 0x0000000087800000, 0x0000000087800000| Untracked 
|  49|0x0000000087900000, 0x0000000087900000, 0x0000000087a00000|  0%| F|  |TAMS 0x0000000087900000, 0x0000000087900000| Untracked 
|  50|0x0000000087a00000, 0x0000000087a00000, 0x0000000087b00000|  0%| F|  |TAMS 0x0000000087a00000, 0x0000000087a00000| Untracked 
|  51|0x0000000087b00000, 0x0000000087b00000, 0x0000000087c00000|  0%| F|  |TAMS 0x0000000087b00000, 0x0000000087b00000| Untracked 
|  52|0x0000000087c00000, 0x0000000087c00000, 0x0000000087d00000|  0%| F|  |TAMS 0x0000000087c00000, 0x0000000087c00000| Untracked 
|  53|0x0000000087d00000, 0x0000000087d00000, 0x0000000087e00000|  0%| F|  |TAMS 0x0000000087d00000, 0x0000000087d00000| Untracked 
|  54|0x0000000087e00000, 0x0000000087e00000, 0x0000000087f00000|  0%| F|  |TAMS 0x0000000087e00000, 0x0000000087e00000| Untracked 
|  55|0x0000000087f00000, 0x0000000087f00000, 0x0000000088000000|  0%| F|  |TAMS 0x0000000087f00000, 0x0000000087f00000| Untracked 
|  56|0x0000000088000000, 0x0000000088000000, 0x0000000088100000|  0%| F|  |TAMS 0x0000000088000000, 0x0000000088000000| Untracked 
|  57|0x0000000088100000, 0x0000000088100000, 0x0000000088200000|  0%| F|  |TAMS 0x0000000088100000, 0x0000000088100000| Untracked 
|  58|0x0000000088200000, 0x0000000088200000, 0x0000000088300000|  0%| F|  |TAMS 0x0000000088200000, 0x0000000088200000| Untracked 
|  59|0x0000000088300000, 0x0000000088300000, 0x0000000088400000|  0%| F|  |TAMS 0x0000000088300000, 0x0000000088300000| Untracked 
|  60|0x0000000088400000, 0x0000000088400000, 0x0000000088500000|  0%| F|  |TAMS 0x0000000088400000, 0x0000000088400000| Untracked 
|  61|0x0000000088500000, 0x0000000088500000, 0x0000000088600000|  0%| F|  |TAMS 0x0000000088500000, 0x0000000088500000| Untracked 
|  62|0x0000000088600000, 0x0000000088600000, 0x0000000088700000|  0%| F|  |TAMS 0x0000000088600000, 0x0000000088600000| Untracked 
|  63|0x0000000088700000, 0x0000000088700000, 0x0000000088800000|  0%| F|  |TAMS 0x0000000088700000, 0x0000000088700000| Untracked 
|  64|0x0000000088800000, 0x0000000088800000, 0x0000000088900000|  0%| F|  |TAMS 0x0000000088800000, 0x0000000088800000| Untracked 
|  65|0x0000000088900000, 0x0000000088900000, 0x0000000088a00000|  0%| F|  |TAMS 0x0000000088900000, 0x0000000088900000| Untracked 
|  66|0x0000000088a00000, 0x0000000088a00000, 0x0000000088b00000|  0%| F|  |TAMS 0x0000000088a00000, 0x0000000088a00000| Untracked 
|  67|0x0000000088b00000, 0x0000000088b00000, 0x0000000088c00000|  0%| F|  |TAMS 0x0000000088b00000, 0x0000000088b00000| Untracked 
|  68|0x0000000088c00000, 0x0000000088c00000, 0x0000000088d00000|  0%| F|  |TAMS 0x0000000088c00000, 0x0000000088c00000| Untracked 
|  69|0x0000000088d00000, 0x0000000088d00000, 0x0000000088e00000|  0%| F|  |TAMS 0x0000000088d00000, 0x0000000088d00000| Untracked 
|  70|0x0000000088e00000, 0x0000000088e00000, 0x0000000088f00000|  0%| F|  |TAMS 0x0000000088e00000, 0x0000000088e00000| Untracked 
|  71|0x0000000088f00000, 0x0000000088f614e8, 0x0000000089000000| 38%| S|CS|TAMS 0x0000000088f00000, 0x0000000088f00000| Complete 
|  72|0x0000000089000000, 0x0000000089100000, 0x0000000089100000|100%| S|CS|TAMS 0x0000000089000000, 0x0000000089000000| Complete 
|  73|0x0000000089100000, 0x0000000089200000, 0x0000000089200000|100%| S|CS|TAMS 0x0000000089100000, 0x0000000089100000| Complete 
|  74|0x0000000089200000, 0x0000000089300000, 0x0000000089300000|100%| S|CS|TAMS 0x0000000089200000, 0x0000000089200000| Complete 
|  75|0x0000000089300000, 0x0000000089400000, 0x0000000089400000|100%| S|CS|TAMS 0x0000000089300000, 0x0000000089300000| Complete 
|  76|0x0000000089400000, 0x0000000089500000, 0x0000000089500000|100%| S|CS|TAMS 0x0000000089400000, 0x0000000089400000| Complete 
|  77|0x0000000089500000, 0x0000000089500000, 0x0000000089600000|  0%| F|  |TAMS 0x0000000089500000, 0x0000000089500000| Untracked 
|  78|0x0000000089600000, 0x0000000089600000, 0x0000000089700000|  0%| F|  |TAMS 0x0000000089600000, 0x0000000089600000| Untracked 
|  79|0x0000000089700000, 0x0000000089700000, 0x0000000089800000|  0%| F|  |TAMS 0x0000000089700000, 0x0000000089700000| Untracked 
|  80|0x0000000089800000, 0x0000000089800000, 0x0000000089900000|  0%| F|  |TAMS 0x0000000089800000, 0x0000000089800000| Untracked 
|  81|0x0000000089900000, 0x0000000089900000, 0x0000000089a00000|  0%| F|  |TAMS 0x0000000089900000, 0x0000000089900000| Untracked 
|  82|0x0000000089a00000, 0x0000000089a00000, 0x0000000089b00000|  0%| F|  |TAMS 0x0000000089a00000, 0x0000000089a00000| Untracked 
|  83|0x0000000089b00000, 0x0000000089b00000, 0x0000000089c00000|  0%| F|  |TAMS 0x0000000089b00000, 0x0000000089b00000| Untracked 
|  84|0x0000000089c00000, 0x0000000089c00000, 0x0000000089d00000|  0%| F|  |TAMS 0x0000000089c00000, 0x0000000089c00000| Untracked 
|  85|0x0000000089d00000, 0x0000000089d00000, 0x0000000089e00000|  0%| F|  |TAMS 0x0000000089d00000, 0x0000000089d00000| Untracked 
|  86|0x0000000089e00000, 0x0000000089e00000, 0x0000000089f00000|  0%| F|  |TAMS 0x0000000089e00000, 0x0000000089e00000| Untracked 
|  87|0x0000000089f00000, 0x0000000089f00000, 0x000000008a000000|  0%| F|  |TAMS 0x0000000089f00000, 0x0000000089f00000| Untracked 
|  88|0x000000008a000000, 0x000000008a000000, 0x000000008a100000|  0%| F|  |TAMS 0x000000008a000000, 0x000000008a000000| Untracked 
|  89|0x000000008a100000, 0x000000008a100000, 0x000000008a200000|  0%| F|  |TAMS 0x000000008a100000, 0x000000008a100000| Untracked 
|  90|0x000000008a200000, 0x000000008a200000, 0x000000008a300000|  0%| F|  |TAMS 0x000000008a200000, 0x000000008a200000| Untracked 
|  91|0x000000008a300000, 0x000000008a400000, 0x000000008a400000|100%| E|  |TAMS 0x000000008a300000, 0x000000008a300000| Complete 
|  92|0x000000008a400000, 0x000000008a500000, 0x000000008a500000|100%| E|CS|TAMS 0x000000008a400000, 0x000000008a400000| Complete 
|  93|0x000000008a500000, 0x000000008a600000, 0x000000008a600000|100%| E|CS|TAMS 0x000000008a500000, 0x000000008a500000| Complete 
|  94|0x000000008a600000, 0x000000008a700000, 0x000000008a700000|100%| E|CS|TAMS 0x000000008a600000, 0x000000008a600000| Complete 
|  95|0x000000008a700000, 0x000000008a800000, 0x000000008a800000|100%| E|CS|TAMS 0x000000008a700000, 0x000000008a700000| Complete 
|  96|0x000000008a800000, 0x000000008a900000, 0x000000008a900000|100%| E|CS|TAMS 0x000000008a800000, 0x000000008a800000| Complete 
|  97|0x000000008a900000, 0x000000008aa00000, 0x000000008aa00000|100%| E|CS|TAMS 0x000000008a900000, 0x000000008a900000| Complete 
|  98|0x000000008aa00000, 0x000000008ab00000, 0x000000008ab00000|100%| E|CS|TAMS 0x000000008aa00000, 0x000000008aa00000| Complete 
|  99|0x000000008ab00000, 0x000000008ac00000, 0x000000008ac00000|100%| E|CS|TAMS 0x000000008ab00000, 0x000000008ab00000| Complete 
| 100|0x000000008ac00000, 0x000000008ad00000, 0x000000008ad00000|100%| E|CS|TAMS 0x000000008ac00000, 0x000000008ac00000| Complete 
| 101|0x000000008ad00000, 0x000000008ae00000, 0x000000008ae00000|100%| E|CS|TAMS 0x000000008ad00000, 0x000000008ad00000| Complete 
| 102|0x000000008ae00000, 0x000000008af00000, 0x000000008af00000|100%| E|CS|TAMS 0x000000008ae00000, 0x000000008ae00000| Complete 
| 103|0x000000008af00000, 0x000000008b000000, 0x000000008b000000|100%| E|CS|TAMS 0x000000008af00000, 0x000000008af00000| Complete 
| 104|0x000000008b000000, 0x000000008b100000, 0x000000008b100000|100%| E|CS|TAMS 0x000000008b000000, 0x000000008b000000| Complete 
| 105|0x000000008b100000, 0x000000008b200000, 0x000000008b200000|100%| E|CS|TAMS 0x000000008b100000, 0x000000008b100000| Complete 
| 106|0x000000008b200000, 0x000000008b300000, 0x000000008b300000|100%| E|CS|TAMS 0x000000008b200000, 0x000000008b200000| Complete 
| 107|0x000000008b300000, 0x000000008b400000, 0x000000008b400000|100%| E|CS|TAMS 0x000000008b300000, 0x000000008b300000| Complete 
| 108|0x000000008b400000, 0x000000008b500000, 0x000000008b500000|100%| E|CS|TAMS 0x000000008b400000, 0x000000008b400000| Complete 
| 109|0x000000008b500000, 0x000000008b600000, 0x000000008b600000|100%| E|CS|TAMS 0x000000008b500000, 0x000000008b500000| Complete 
| 110|0x000000008b600000, 0x000000008b700000, 0x000000008b700000|100%| E|CS|TAMS 0x000000008b600000, 0x000000008b600000| Complete 
| 111|0x000000008b700000, 0x000000008b800000, 0x000000008b800000|100%| E|CS|TAMS 0x000000008b700000, 0x000000008b700000| Complete 
| 112|0x000000008b800000, 0x000000008b900000, 0x000000008b900000|100%| E|CS|TAMS 0x000000008b800000, 0x000000008b800000| Complete 
| 113|0x000000008b900000, 0x000000008ba00000, 0x000000008ba00000|100%| E|CS|TAMS 0x000000008b900000, 0x000000008b900000| Complete 
| 114|0x000000008ba00000, 0x000000008bb00000, 0x000000008bb00000|100%| E|CS|TAMS 0x000000008ba00000, 0x000000008ba00000| Complete 
| 115|0x000000008bb00000, 0x000000008bc00000, 0x000000008bc00000|100%| E|CS|TAMS 0x000000008bb00000, 0x000000008bb00000| Complete 
| 116|0x000000008bc00000, 0x000000008bd00000, 0x000000008bd00000|100%| E|CS|TAMS 0x000000008bc00000, 0x000000008bc00000| Complete 
| 117|0x000000008bd00000, 0x000000008be00000, 0x000000008be00000|100%| E|CS|TAMS 0x000000008bd00000, 0x000000008bd00000| Complete 
| 118|0x000000008be00000, 0x000000008bf00000, 0x000000008bf00000|100%| E|CS|TAMS 0x000000008be00000, 0x000000008be00000| Complete 
| 119|0x000000008bf00000, 0x000000008c000000, 0x000000008c000000|100%| E|CS|TAMS 0x000000008bf00000, 0x000000008bf00000| Complete 
| 120|0x000000008c000000, 0x000000008c100000, 0x000000008c100000|100%| E|CS|TAMS 0x000000008c000000, 0x000000008c000000| Complete 
| 121|0x000000008c100000, 0x000000008c200000, 0x000000008c200000|100%| E|CS|TAMS 0x000000008c100000, 0x000000008c100000| Complete 
| 122|0x000000008c200000, 0x000000008c300000, 0x000000008c300000|100%| E|CS|TAMS 0x000000008c200000, 0x000000008c200000| Complete 
| 123|0x000000008c300000, 0x000000008c400000, 0x000000008c400000|100%| E|CS|TAMS 0x000000008c300000, 0x000000008c300000| Complete 

Card table byte_map: [0x0000027f7ead0000,0x0000027f7eeb0000] _byte_map_base: 0x0000027f7e6ac000

Marking Bits (Prev, Next): (CMBitMap*) 0x0000027f75a82040, (CMBitMap*) 0x0000027f75a82008
 Prev Bits: [0x0000027f10ee0000, 0x0000027f12dc0000)
 Next Bits: [0x0000027f0f000000, 0x0000027f10ee0000)

Polling page: 0x0000027f751e0000

Metaspace:

Usage:
  Non-class:     23.98 MB capacity,    23.39 MB ( 98%) used,   501.47 KB (  2%) free+waste,   104.44 KB ( <1%) overhead. 
      Class:      3.40 MB capacity,     3.03 MB ( 89%) used,   319.14 KB (  9%) free+waste,    51.25 KB (  1%) overhead. 
       Both:     27.38 MB capacity,    26.43 MB ( 97%) used,   820.61 KB (  3%) free+waste,   155.69 KB ( <1%) overhead. 

Virtual space:
  Non-class space:       26.00 MB reserved,      24.17 MB ( 93%) committed 
      Class space:        1.00 GB reserved,       3.50 MB ( <1%) committed 
             Both:        1.03 GB reserved,      27.67 MB (  3%) committed 

Chunk freelists:
   Non-Class:  2.00 KB
       Class:  0 bytes
        Both:  2.00 KB

MaxMetaspaceSize: 17179869184.00 GB
CompressedClassSpaceSize: 1.00 GB
Initial GC threshold: 20.80 MB
Current GC threshold: 35.08 MB
CDS: off

CodeHeap 'non-profiled nmethods': size=120000Kb used=2527Kb max_used=2527Kb free=117473Kb
 bounds [0x0000027f07ad0000, 0x0000027f07d50000, 0x0000027f0f000000]
CodeHeap 'profiled nmethods': size=120000Kb used=11536Kb max_used=11536Kb free=108463Kb
 bounds [0x0000027f005a0000, 0x0000027f010f0000, 0x0000027f07ad0000]
CodeHeap 'non-nmethods': size=5760Kb used=1443Kb max_used=1495Kb free=4316Kb
 bounds [0x0000027f00000000, 0x0000027f00270000, 0x0000027f005a0000]
 total_blobs=6012 nmethods=5225 adapters=697
 compilation: enabled
              stopped_count=0, restarted_count=0
 full_count=0

Compilation events (20 events):
Event: 40.148 Thread 0x0000027f15644800 nmethod 5215 0x0000027f010de010 code [0x0000027f010de200, 0x0000027f010de588]
Event: 40.148 Thread 0x0000027f15644800 5216   !   3       java.io.PrintStream::write (83 bytes)
Event: 40.149 Thread 0x0000027f15644800 nmethod 5216 0x0000027f010de690 code [0x0000027f010de940, 0x0000027f010df598]
Event: 40.149 Thread 0x0000027f15644800 5217   !   3       java.io.PrintStream::newLine (73 bytes)
Event: 40.150 Thread 0x0000027f15644800 nmethod 5217 0x0000027f010dfc10 code [0x0000027f010dfe80, 0x0000027f010e08f8]
Event: 40.160 Thread 0x0000027f1563e000 nmethod 5218 0x0000027f07d46210 code [0x0000027f07d463c0, 0x0000027f07d468f8]
Event: 40.174 Thread 0x0000027f15644800 5219       3       javafx.beans.property.ReadOnlyBooleanPropertyBase::fireValueChangedEvent (8 bytes)
Event: 40.175 Thread 0x0000027f15644800 nmethod 5219 0x0000027f010e0e90 code [0x0000027f010e1060, 0x0000027f010e12a8]
Event: 40.176 Thread 0x0000027f15644800 5220       3       com.sun.glass.ui.Window::isChild (18 bytes)
Event: 40.176 Thread 0x0000027f15644800 nmethod 5220 0x0000027f010e1390 code [0x0000027f010e1580, 0x0000027f010e1918]
Event: 40.198 Thread 0x0000027f15644800 5221       3       javafx.collections.ListChangeBuilder::nextRemove (303 bytes)
Event: 40.200 Thread 0x0000027f15644800 nmethod 5221 0x0000027f010e1a90 code [0x0000027f010e1de0, 0x0000027f010e3458]
Event: 40.225 Thread 0x0000027f1563e000 5222       4       java.io.OutputStream::flush (1 bytes)
Event: 40.225 Thread 0x0000027f1563e000 nmethod 5222 0x0000027f07d46d90 code [0x0000027f07d46f20, 0x0000027f07d46f78]
Event: 40.356 Thread 0x0000027f1563e000 5223       4       java.nio.Buffer::<init> (99 bytes)
Event: 40.357 Thread 0x0000027f1563e000 nmethod 5223 0x0000027f07d47090 code [0x0000027f07d47220, 0x0000027f07d472f8]
Event: 40.416 Thread 0x0000027f15644800 5224  s    3       java.lang.Throwable::fillInStackTrace (29 bytes)
Event: 40.417 Thread 0x0000027f15644800 nmethod 5224 0x0000027f010e3a90 code [0x0000027f010e3c60, 0x0000027f010e4008]
Event: 40.521 Thread 0x0000027f1563e000 5226       4       java.util.concurrent.atomic.AtomicBoolean::getAndSet (25 bytes)
Event: 40.522 Thread 0x0000027f1563e000 nmethod 5226 0x0000027f07d47910 code [0x0000027f07d47aa0, 0x0000027f07d47b18]

GC Heap History (6 events):
Event: 0.907 GC heap before
{Heap before GC invocations=0 (full 0):
 garbage-first heap   total 126976K, used 23552K [0x0000000084800000, 0x0000000100000000)
  region size 1024K, 24 young (24576K), 0 survivors (0K)
 Metaspace       used 12233K, capacity 12561K, committed 12800K, reserved 1060864K
  class space    used 1274K, capacity 1428K, committed 1536K, reserved 1048576K
}
Event: 0.911 GC heap after
{Heap after GC invocations=1 (full 0):
 garbage-first heap   total 126976K, used 3376K [0x0000000084800000, 0x0000000100000000)
  region size 1024K, 3 young (3072K), 3 survivors (3072K)
 Metaspace       used 12233K, capacity 12561K, committed 12800K, reserved 1060864K
  class space    used 1274K, capacity 1428K, committed 1536K, reserved 1048576K
}
Event: 1.364 GC heap before
{Heap before GC invocations=1 (full 0):
 garbage-first heap   total 126976K, used 37168K [0x0000000084800000, 0x0000000100000000)
  region size 1024K, 30 young (30720K), 3 survivors (3072K)
 Metaspace       used 20588K, capacity 21201K, committed 21296K, reserved 1069056K
  class space    used 2412K, capacity 2660K, committed 2688K, reserved 1048576K
}
Event: 1.372 GC heap after
{Heap after GC invocations=2 (full 0):
 garbage-first heap   total 126976K, used 14671K [0x0000000084800000, 0x0000000100000000)
  region size 1024K, 8 young (8192K), 8 survivors (8192K)
 Metaspace       used 20588K, capacity 21201K, committed 21296K, reserved 1069056K
  class space    used 2412K, capacity 2660K, committed 2688K, reserved 1048576K
}
Event: 16.653 GC heap before
{Heap before GC invocations=3 (full 0):
 garbage-first heap   total 126976K, used 59727K [0x0000000084800000, 0x0000000100000000)
  region size 1024K, 47 young (48128K), 8 survivors (8192K)
 Metaspace       used 26190K, capacity 27095K, committed 27312K, reserved 1073152K
  class space    used 3096K, capacity 3470K, committed 3584K, reserved 1048576K
}
Event: 16.665 GC heap after
{Heap after GC invocations=4 (full 0):
 garbage-first heap   total 126976K, used 21679K [0x0000000084800000, 0x0000000100000000)
  region size 1024K, 6 young (6144K), 6 survivors (6144K)
 Metaspace       used 26190K, capacity 27095K, committed 27312K, reserved 1073152K
  class space    used 3096K, capacity 3470K, committed 3584K, reserved 1048576K
}

Deoptimization events (20 events):
Event: 39.431 Thread 0x0000027f16f34000 Uncommon trap: trap_request=0xffffff4d fr.pc=0x0000027f07cf1554 relative=0x0000000000000134
Event: 39.431 Thread 0x0000027f16f34000 Uncommon trap: reason=unstable_if action=reinterpret pc=0x0000027f07cf1554 method=java.util.concurrent.locks.ReentrantLock$Sync.nonfairTryAcquire(I)Z @ 10 c2
Event: 39.431 Thread 0x0000027f16f34000 DEOPT PACKING pc=0x0000027f07cf1554 sp=0x000000ae00dff660
Event: 39.431 Thread 0x0000027f16f34000 DEOPT UNPACKING pc=0x0000027f0004a1af sp=0x000000ae00dff5a0 mode 2
Event: 39.432 Thread 0x0000027f17971800 Uncommon trap: trap_request=0xffffff4d fr.pc=0x0000027f07c61778 relative=0x0000000000000138
Event: 39.432 Thread 0x0000027f17971800 Uncommon trap: reason=unstable_if action=reinterpret pc=0x0000027f07c61778 method=java.util.Collections.unmodifiableList(Ljava/util/List;)Ljava/util/List; @ 4 c2
Event: 39.432 Thread 0x0000027f17971800 DEOPT PACKING pc=0x0000027f07c61778 sp=0x000000ae00efc750
Event: 39.432 Thread 0x0000027f17971800 DEOPT UNPACKING pc=0x0000027f0004a1af sp=0x000000ae00efc700 mode 2
Event: 39.515 Thread 0x0000027f17971800 Uncommon trap: trap_request=0xffffff4d fr.pc=0x0000027f07d06008 relative=0x0000000000001a48
Event: 39.515 Thread 0x0000027f17971800 Uncommon trap: reason=unstable_if action=reinterpret pc=0x0000027f07d06008 method=com.sun.javafx.event.EventUtil.fireEvent(Ljavafx/event/EventTarget;Ljavafx/event/Event;)Ljavafx/event/Event; @ 25 c2
Event: 39.515 Thread 0x0000027f17971800 DEOPT PACKING pc=0x0000027f07d06008 sp=0x000000ae00ef9b10
Event: 39.515 Thread 0x0000027f17971800 DEOPT UNPACKING pc=0x0000027f0004a1af sp=0x000000ae00ef9998 mode 2
Event: 39.515 Thread 0x0000027f17971800 Uncommon trap: trap_request=0xffffff4d fr.pc=0x0000027f07c9e0a0 relative=0x00000000000004a0
Event: 39.515 Thread 0x0000027f17971800 Uncommon trap: reason=unstable_if action=reinterpret pc=0x0000027f07c9e0a0 method=com.sun.javafx.event.EventUtil.fireEvent(Ljavafx/event/EventTarget;Ljavafx/event/Event;)Ljavafx/event/Event; @ 25 c2
Event: 39.515 Thread 0x0000027f17971800 DEOPT PACKING pc=0x0000027f07c9e0a0 sp=0x000000ae00ef99d0
Event: 39.515 Thread 0x0000027f17971800 DEOPT UNPACKING pc=0x0000027f0004a1af sp=0x000000ae00ef9990 mode 2
Event: 39.589 Thread 0x0000027f17971800 Uncommon trap: trap_request=0xffffff4d fr.pc=0x0000027f07d0b964 relative=0x0000000000000be4
Event: 39.589 Thread 0x0000027f17971800 Uncommon trap: reason=unstable_if action=reinterpret pc=0x0000027f07d0b964 method=com.sun.glass.ui.Timer.resume()V @ 6 c2
Event: 39.589 Thread 0x0000027f17971800 DEOPT PACKING pc=0x0000027f07d0b964 sp=0x000000ae00ef6410
Event: 39.589 Thread 0x0000027f17971800 DEOPT UNPACKING pc=0x0000027f0004a1af sp=0x000000ae00ef60a0 mode 2

Classes redefined (0 events):
No events

Internal exceptions (20 events):
Event: 39.954 Thread 0x0000027f17971800 Exception <a 'java/lang/IllegalArgumentException'{0x000000008a473238}> (0x000000008a473238) thrown at [s\src\hotspot\share\prims\jvm.cpp, line 1310]
Event: 39.993 Thread 0x0000027f17971800 Exception <a 'java/lang/IllegalArgumentException'{0x000000008a47f2f0}> (0x000000008a47f2f0) thrown at [s\src\hotspot\share\prims\jvm.cpp, line 1310]
Event: 40.047 Thread 0x0000027f17971800 Exception <a 'java/lang/IllegalArgumentException'{0x000000008a4fc880}> (0x000000008a4fc880) thrown at [s\src\hotspot\share\prims\jvm.cpp, line 1310]
Event: 40.094 Thread 0x0000027f17971800 Exception <a 'java/lang/IllegalArgumentException'{0x000000008a308dc8}> (0x000000008a308dc8) thrown at [s\src\hotspot\share\prims\jvm.cpp, line 1310]
Event: 40.147 Thread 0x0000027f17971800 Exception <a 'java/lang/IllegalArgumentException'{0x000000008a314e78}> (0x000000008a314e78) thrown at [s\src\hotspot\share\prims\jvm.cpp, line 1310]
Event: 40.179 Thread 0x0000027f17971800 Exception <a 'java/lang/IllegalArgumentException'{0x000000008a320f20}> (0x000000008a320f20) thrown at [s\src\hotspot\share\prims\jvm.cpp, line 1310]
Event: 40.225 Thread 0x0000027f17971800 Exception <a 'java/lang/IllegalArgumentException'{0x000000008a32cfc8}> (0x000000008a32cfc8) thrown at [s\src\hotspot\share\prims\jvm.cpp, line 1310]
Event: 40.257 Thread 0x0000027f17971800 Exception <a 'java/lang/IllegalArgumentException'{0x000000008a339068}> (0x000000008a339068) thrown at [s\src\hotspot\share\prims\jvm.cpp, line 1310]
Event: 40.292 Thread 0x0000027f17971800 Exception <a 'java/lang/IllegalArgumentException'{0x000000008a345108}> (0x000000008a345108) thrown at [s\src\hotspot\share\prims\jvm.cpp, line 1310]
Event: 40.324 Thread 0x0000027f17971800 Exception <a 'java/lang/IllegalArgumentException'{0x000000008a3511a0}> (0x000000008a3511a0) thrown at [s\src\hotspot\share\prims\jvm.cpp, line 1310]
Event: 40.356 Thread 0x0000027f17971800 Exception <a 'java/lang/IllegalArgumentException'{0x000000008a35d230}> (0x000000008a35d230) thrown at [s\src\hotspot\share\prims\jvm.cpp, line 1310]
Event: 40.386 Thread 0x0000027f17971800 Exception <a 'java/lang/IllegalArgumentException'{0x000000008a3692c0}> (0x000000008a3692c0) thrown at [s\src\hotspot\share\prims\jvm.cpp, line 1310]
Event: 40.417 Thread 0x0000027f17971800 Exception <a 'java/lang/IllegalArgumentException'{0x000000008a375350}> (0x000000008a375350) thrown at [s\src\hotspot\share\prims\jvm.cpp, line 1310]
Event: 40.442 Thread 0x0000027f17971800 Exception <a 'java/lang/IllegalArgumentException'{0x000000008a381620}> (0x000000008a381620) thrown at [s\src\hotspot\share\prims\jvm.cpp, line 1310]
Event: 40.466 Thread 0x0000027f17971800 Exception <a 'java/lang/IllegalArgumentException'{0x000000008a38d6a8}> (0x000000008a38d6a8) thrown at [s\src\hotspot\share\prims\jvm.cpp, line 1310]
Event: 40.491 Thread 0x0000027f17971800 Exception <a 'java/lang/IllegalArgumentException'{0x000000008a399728}> (0x000000008a399728) thrown at [s\src\hotspot\share\prims\jvm.cpp, line 1310]
Event: 40.513 Thread 0x0000027f17971800 Exception <a 'java/lang/IllegalArgumentException'{0x000000008a3a57a8}> (0x000000008a3a57a8) thrown at [s\src\hotspot\share\prims\jvm.cpp, line 1310]
Event: 40.533 Thread 0x0000027f17971800 Exception <a 'java/lang/IllegalArgumentException'{0x000000008a3b1818}> (0x000000008a3b1818) thrown at [s\src\hotspot\share\prims\jvm.cpp, line 1310]
Event: 40.555 Thread 0x0000027f17971800 Exception <a 'java/lang/IllegalArgumentException'{0x000000008a3bd890}> (0x000000008a3bd890) thrown at [s\src\hotspot\share\prims\jvm.cpp, line 1310]
Event: 40.572 Thread 0x0000027f17971800 Exception <a 'java/lang/IllegalArgumentException'{0x000000008a3c98f0}> (0x000000008a3c98f0) thrown at [s\src\hotspot\share\prims\jvm.cpp, line 1310]

Events (20 events):
Event: 34.139 Executing VM operation: RevokeBias
Event: 34.140 Executing VM operation: RevokeBias done
Event: 35.456 Executing VM operation: RevokeBias
Event: 35.458 Executing VM operation: RevokeBias done
Event: 37.204 Executing VM operation: RevokeBias
Event: 37.206 Executing VM operation: RevokeBias done
Event: 38.227 Executing VM operation: RevokeBias
Event: 38.228 Executing VM operation: RevokeBias done
Event: 39.427 loading class javafx/application/Application
Event: 39.427 loading class javafx/application/Application done
Event: 39.428 loading class javafx/application/Application
Event: 39.428 loading class javafx/application/Application done
Event: 39.589 Executing VM operation: RevokeBias
Event: 39.589 Executing VM operation: RevokeBias done
Event: 39.607 loading class java/lang/Throwable$WrappedPrintStream
Event: 39.608 loading class java/lang/Throwable$PrintStreamOrWriter
Event: 39.608 loading class java/lang/Throwable$PrintStreamOrWriter done
Event: 39.608 loading class java/lang/Throwable$WrappedPrintStream done
Event: 40.442 Executing VM operation: BulkRevokeBias
Event: 40.442 Executing VM operation: BulkRevokeBias done


Dynamic libraries:
0x00007ff764810000 - 0x00007ff76481e000 	C:\Users\alonh\.jdks\corretto-11.0.22\bin\java.exe
0x00007ff810f50000 - 0x00007ff811167000 	C:\Windows\SYSTEM32\ntdll.dll
0x00007ff810330000 - 0x00007ff8103f4000 	C:\Windows\System32\KERNEL32.DLL
0x00007ff80e6c0000 - 0x00007ff80ea66000 	C:\Windows\System32\KERNELBASE.dll
0x0000000075900000 - 0x0000000075c32000 	C:\Program Files\Norton Security\NortonData\22.23.5.106\Definitions\IPSDefs\20231207.064\IPSEng64.dll
0x00007ff80eca0000 - 0x00007ff80ed53000 	C:\Windows\System32\ADVAPI32.dll
0x00007ff810510000 - 0x00007ff8105b7000 	C:\Windows\System32\msvcrt.dll
0x00007ff810400000 - 0x00007ff8104a8000 	C:\Windows\System32\sechost.dll
0x00007ff80e3e0000 - 0x00007ff80e408000 	C:\Windows\System32\bcrypt.dll
0x00007ff80ef70000 - 0x00007ff80f087000 	C:\Windows\System32\RPCRT4.dll
0x00007ff80edf0000 - 0x00007ff80edf8000 	C:\Windows\System32\PSAPI.DLL
0x00007ff80e2c0000 - 0x00007ff80e3d1000 	C:\Windows\System32\ucrtbase.dll
0x00007fffb5090000 - 0x00007fffb50a7000 	C:\Users\alonh\.jdks\corretto-11.0.22\bin\jli.dll
0x00007fffb59b0000 - 0x00007fffb59cb000 	C:\Users\alonh\.jdks\corretto-11.0.22\bin\VCRUNTIME140.dll
0x00007ff810720000 - 0x00007ff8108ce000 	C:\Windows\System32\USER32.dll
0x00007ff80e290000 - 0x00007ff80e2b6000 	C:\Windows\System32\win32u.dll
0x00007fffe7080000 - 0x00007fffe7313000 	C:\Windows\WinSxS\amd64_microsoft.windows.common-controls_6595b64144ccf1df_6.0.22621.2506_none_270c5ae97388e100\COMCTL32.dll
0x00007ff8108d0000 - 0x00007ff8108f9000 	C:\Windows\System32\GDI32.dll
0x00007ff80e520000 - 0x00007ff80e638000 	C:\Windows\System32\gdi32full.dll
0x00007ff80e480000 - 0x00007ff80e51a000 	C:\Windows\System32\msvcp_win.dll
0x00007ff810a30000 - 0x00007ff810a61000 	C:\Windows\System32\IMM32.DLL
0x00007fffe08c0000 - 0x00007fffe08cc000 	C:\Users\alonh\.jdks\corretto-11.0.22\bin\vcruntime140_1.dll
0x00007fff49650000 - 0x00007fff496dd000 	C:\Users\alonh\.jdks\corretto-11.0.22\bin\msvcp140.dll
0x00007fff48a80000 - 0x00007fff49643000 	C:\Users\alonh\.jdks\corretto-11.0.22\bin\server\jvm.dll
0x00007ff8004c0000 - 0x00007ff8004f4000 	C:\Windows\SYSTEM32\WINMM.dll
0x00007ff803670000 - 0x00007ff80367a000 	C:\Windows\SYSTEM32\VERSION.dll
0x00007ffff4950000 - 0x00007ffff4959000 	C:\Windows\SYSTEM32\WSOCK32.dll
0x00007ff8105c0000 - 0x00007ff810631000 	C:\Windows\System32\WS2_32.dll
0x00007ff80d390000 - 0x00007ff80d3a8000 	C:\Windows\SYSTEM32\kernel.appcore.dll
0x00007fffe0470000 - 0x00007fffe0480000 	C:\Users\alonh\.jdks\corretto-11.0.22\bin\verify.dll
0x00007ff80bc50000 - 0x00007ff80be83000 	C:\Windows\SYSTEM32\DBGHELP.DLL
0x00007ff80f2c0000 - 0x00007ff80f649000 	C:\Windows\System32\combase.dll
0x00007ff810640000 - 0x00007ff810717000 	C:\Windows\System32\OLEAUT32.dll
0x00007ff802030000 - 0x00007ff802062000 	C:\Windows\SYSTEM32\dbgcore.DLL
0x00007ff80e640000 - 0x00007ff80e6ba000 	C:\Windows\System32\bcryptPrimitives.dll
0x00007fffb5000000 - 0x00007fffb5028000 	C:\Users\alonh\.jdks\corretto-11.0.22\bin\java.dll
0x00007fffde250000 - 0x00007fffde25a000 	C:\Users\alonh\.jdks\corretto-11.0.22\bin\jimage.dll
0x00007ff80ad80000 - 0x00007ff80ad8e000 	C:\Users\alonh\.jdks\corretto-11.0.22\bin\instrument.dll
0x00007fffb4550000 - 0x00007fffb4568000 	C:\Users\alonh\.jdks\corretto-11.0.22\bin\zip.dll
0x00007ff80f950000 - 0x00007ff8101aa000 	C:\Windows\System32\SHELL32.dll
0x00007ff80c1a0000 - 0x00007ff80ca96000 	C:\Windows\SYSTEM32\windows.storage.dll
0x00007ff80c060000 - 0x00007ff80c19e000 	C:\Windows\SYSTEM32\wintypes.dll
0x00007ff80f840000 - 0x00007ff80f933000 	C:\Windows\System32\SHCORE.dll
0x00007ff810910000 - 0x00007ff81096e000 	C:\Windows\System32\shlwapi.dll
0x00007ff80e1c0000 - 0x00007ff80e1e6000 	C:\Windows\SYSTEM32\profapi.dll
0x00007fffa8cf0000 - 0x00007fffa8d09000 	C:\Users\alonh\.jdks\corretto-11.0.22\bin\net.dll
0x00007ff807940000 - 0x00007ff807a77000 	C:\Windows\SYSTEM32\WINHTTP.dll
0x00007ff80d830000 - 0x00007ff80d899000 	C:\Windows\system32\mswsock.dll
0x00007fffa8000000 - 0x00007fffa8012000 	C:\Users\alonh\.jdks\corretto-11.0.22\bin\nio.dll
0x00007fffaa8b0000 - 0x00007fffaa8ca000 	C:\Users\alonh\AppData\Local\Programs\IntelliJ IDEA Ultimate\bin\breakgen64.dll
0x0000027f172c0000 - 0x0000027f172c3000 	C:\Users\alonh\.openjfx\cache\17.0.6\api-ms-win-core-console-l1-1-0.dll
0x0000027f17480000 - 0x0000027f17483000 	C:\Users\alonh\.openjfx\cache\17.0.6\api-ms-win-core-console-l1-2-0.dll
0x0000027f17640000 - 0x0000027f17643000 	C:\Users\alonh\.openjfx\cache\17.0.6\api-ms-win-core-datetime-l1-1-0.dll
0x0000027f17650000 - 0x0000027f17653000 	C:\Users\alonh\.openjfx\cache\17.0.6\api-ms-win-core-debug-l1-1-0.dll
0x0000027f172d0000 - 0x0000027f172d3000 	C:\Users\alonh\.openjfx\cache\17.0.6\api-ms-win-core-errorhandling-l1-1-0.dll
0x0000027f172e0000 - 0x0000027f172e4000 	C:\Users\alonh\.openjfx\cache\17.0.6\api-ms-win-core-file-l1-1-0.dll
0x0000027f172f0000 - 0x0000027f172f3000 	C:\Users\alonh\.openjfx\cache\17.0.6\api-ms-win-core-file-l1-2-0.dll
0x0000027f17300000 - 0x0000027f17303000 	C:\Users\alonh\.openjfx\cache\17.0.6\api-ms-win-core-file-l2-1-0.dll
0x0000027f17310000 - 0x0000027f17313000 	C:\Users\alonh\.openjfx\cache\17.0.6\api-ms-win-core-handle-l1-1-0.dll
0x0000027f17320000 - 0x0000027f17323000 	C:\Users\alonh\.openjfx\cache\17.0.6\api-ms-win-core-heap-l1-1-0.dll
0x0000027f17330000 - 0x0000027f17333000 	C:\Users\alonh\.openjfx\cache\17.0.6\api-ms-win-core-interlocked-l1-1-0.dll
0x0000027f17340000 - 0x0000027f17343000 	C:\Users\alonh\.openjfx\cache\17.0.6\api-ms-win-core-libraryloader-l1-1-0.dll
0x0000027f17350000 - 0x0000027f17353000 	C:\Users\alonh\.openjfx\cache\17.0.6\api-ms-win-core-localization-l1-2-0.dll
0x0000027f17360000 - 0x0000027f17363000 	C:\Users\alonh\.openjfx\cache\17.0.6\api-ms-win-core-memory-l1-1-0.dll
0x0000027f17370000 - 0x0000027f17373000 	C:\Users\alonh\.openjfx\cache\17.0.6\api-ms-win-core-namedpipe-l1-1-0.dll
0x0000027f17380000 - 0x0000027f17383000 	C:\Users\alonh\.openjfx\cache\17.0.6\api-ms-win-core-processenvironment-l1-1-0.dll
0x0000027f17390000 - 0x0000027f17393000 	C:\Users\alonh\.openjfx\cache\17.0.6\api-ms-win-core-processthreads-l1-1-0.dll
0x0000027f173a0000 - 0x0000027f173a3000 	C:\Users\alonh\.openjfx\cache\17.0.6\api-ms-win-core-processthreads-l1-1-1.dll
0x0000027f173b0000 - 0x0000027f173b3000 	C:\Users\alonh\.openjfx\cache\17.0.6\api-ms-win-core-profile-l1-1-0.dll
0x0000027f173c0000 - 0x0000027f173c3000 	C:\Users\alonh\.openjfx\cache\17.0.6\api-ms-win-core-rtlsupport-l1-1-0.dll
0x0000027f173d0000 - 0x0000027f173d3000 	C:\Users\alonh\.openjfx\cache\17.0.6\api-ms-win-core-string-l1-1-0.dll
0x0000027f173e0000 - 0x0000027f173e3000 	C:\Users\alonh\.openjfx\cache\17.0.6\api-ms-win-core-synch-l1-1-0.dll
0x0000027f173f0000 - 0x0000027f173f3000 	C:\Users\alonh\.openjfx\cache\17.0.6\api-ms-win-core-synch-l1-2-0.dll
0x0000027f17400000 - 0x0000027f17403000 	C:\Users\alonh\.openjfx\cache\17.0.6\api-ms-win-core-sysinfo-l1-1-0.dll
0x0000027f17410000 - 0x0000027f17413000 	C:\Users\alonh\.openjfx\cache\17.0.6\api-ms-win-core-timezone-l1-1-0.dll
0x0000027f17420000 - 0x0000027f17423000 	C:\Users\alonh\.openjfx\cache\17.0.6\api-ms-win-core-util-l1-1-0.dll
0x0000027f17430000 - 0x0000027f17433000 	C:\Users\alonh\.openjfx\cache\17.0.6\api-ms-win-crt-conio-l1-1-0.dll
0x0000027f17440000 - 0x0000027f17444000 	C:\Users\alonh\.openjfx\cache\17.0.6\api-ms-win-crt-convert-l1-1-0.dll
0x0000027f17450000 - 0x0000027f17453000 	C:\Users\alonh\.openjfx\cache\17.0.6\api-ms-win-crt-environment-l1-1-0.dll
0x0000027f17460000 - 0x0000027f17463000 	C:\Users\alonh\.openjfx\cache\17.0.6\api-ms-win-crt-filesystem-l1-1-0.dll
0x0000027f17470000 - 0x0000027f17473000 	C:\Users\alonh\.openjfx\cache\17.0.6\api-ms-win-crt-heap-l1-1-0.dll
0x0000027f17490000 - 0x0000027f17493000 	C:\Users\alonh\.openjfx\cache\17.0.6\api-ms-win-crt-locale-l1-1-0.dll
0x0000027f174a0000 - 0x0000027f174a5000 	C:\Users\alonh\.openjfx\cache\17.0.6\api-ms-win-crt-math-l1-1-0.dll
0x0000027f174b0000 - 0x0000027f174b5000 	C:\Users\alonh\.openjfx\cache\17.0.6\api-ms-win-crt-multibyte-l1-1-0.dll
0x0000027f174c0000 - 0x0000027f174d0000 	C:\Users\alonh\.openjfx\cache\17.0.6\api-ms-win-crt-private-l1-1-0.dll
0x0000027f174d0000 - 0x0000027f174d3000 	C:\Users\alonh\.openjfx\cache\17.0.6\api-ms-win-crt-process-l1-1-0.dll
0x0000027f174e0000 - 0x0000027f174e4000 	C:\Users\alonh\.openjfx\cache\17.0.6\api-ms-win-crt-runtime-l1-1-0.dll
0x0000027f174f0000 - 0x0000027f174f4000 	C:\Users\alonh\.openjfx\cache\17.0.6\api-ms-win-crt-stdio-l1-1-0.dll
0x0000027f17500000 - 0x0000027f17504000 	C:\Users\alonh\.openjfx\cache\17.0.6\api-ms-win-crt-string-l1-1-0.dll
0x0000027f17510000 - 0x0000027f17513000 	C:\Users\alonh\.openjfx\cache\17.0.6\api-ms-win-crt-time-l1-1-0.dll
0x0000027f17520000 - 0x0000027f17523000 	C:\Users\alonh\.openjfx\cache\17.0.6\api-ms-win-crt-utility-l1-1-0.dll
0x00007fff4a970000 - 0x00007fff4aa6c000 	C:\Users\alonh\.openjfx\cache\17.0.6\ucrtbase.dll
0x00007fff94cc0000 - 0x00007fff94cda000 	C:\Users\alonh\.openjfx\cache\17.0.6\vcruntime140.dll
0x00007fffd0090000 - 0x00007fffd009c000 	C:\Users\alonh\.openjfx\cache\17.0.6\vcruntime140_1.dll
0x00007fff4a710000 - 0x00007fff4a79d000 	C:\Users\alonh\.openjfx\cache\17.0.6\msvcp140.dll
0x00007fffd0010000 - 0x00007fffd0019000 	C:\Users\alonh\.openjfx\cache\17.0.6\msvcp140_1.dll
0x00007fff4a940000 - 0x00007fff4a96f000 	C:\Users\alonh\.openjfx\cache\17.0.6\msvcp140_2.dll
0x00007fff4a6e0000 - 0x00007fff4a70a000 	C:\Users\alonh\.openjfx\cache\17.0.6\prism_d3d.dll
0x00007fffdded0000 - 0x00007fffde079000 	C:\Windows\system32\d3d9.dll
0x00007ff80b540000 - 0x00007ff80b56b000 	C:\Windows\SYSTEM32\dwmapi.dll
0x00007ff80b3d0000 - 0x00007ff80b406000 	C:\Windows\SYSTEM32\dxcore.dll
0x00007ff80b220000 - 0x00007ff80b2cb000 	C:\Windows\system32\uxtheme.dll
0x00007fffb90d0000 - 0x00007fffb9180000 	C:\Windows\SYSTEM32\d3d9on12.dll
0x00007ff80b410000 - 0x00007ff80b508000 	C:\Windows\SYSTEM32\dxgi.dll
0x00007ffff5440000 - 0x00007ffff5469000 	C:\Windows\SYSTEM32\d3d12.dll
0x00007ff80dfb0000 - 0x00007ff80dffe000 	C:\Windows\SYSTEM32\cfgmgr32.dll
0x00007fffb61f0000 - 0x00007fffb63f3000 	C:\Windows\SYSTEM32\D3D12Core.dll
0x00007ffff5410000 - 0x00007ffff5437000 	C:\Windows\System32\DriverStore\FileRepository\iigd_dch.inf_amd64_ce2a84db4d20c228\igd12umd64.dll
0x00007fffa1630000 - 0x00007fffa257b000 	C:\Windows\System32\DriverStore\FileRepository\iigd_dch.inf_amd64_ce2a84db4d20c228\igd12um64xel.dll
0x00007ff80eb30000 - 0x00007ff80ec96000 	C:\Windows\System32\CRYPT32.dll
0x00007ff80f650000 - 0x00007ff80f7f0000 	C:\Windows\System32\ole32.dll
0x00007fffdd400000 - 0x00007fffdd444000 	C:\Windows\SYSTEM32\ControlLib.dll
0x00007ff810a70000 - 0x00007ff810ee4000 	C:\Windows\System32\SETUPAPI.dll
0x00007ff80df50000 - 0x00007ff80df7c000 	C:\Windows\SYSTEM32\DEVOBJ.dll
0x00007ff800060000 - 0x00007ff8000e8000 	C:\Windows\System32\DriverStore\FileRepository\iigd_dch.inf_amd64_ce2a84db4d20c228\IntelControlLib.dll
0x00007ff80e410000 - 0x00007ff80e47b000 	C:\Windows\System32\WINTRUST.dll
0x00007ff80df30000 - 0x00007ff80df42000 	C:\Windows\SYSTEM32\MSASN1.dll
0x00007ff807290000 - 0x00007ff8072da000 	C:\Windows\SYSTEM32\directxdatabasehelper.dll
0x00007ffffbde0000 - 0x00007ffffc1b4000 	C:\Windows\System32\DriverStore\FileRepository\iigd_dch.inf_amd64_ce2a84db4d20c228\igdgmm64.dll
0x00007ffff7fc0000 - 0x00007ffffbdd2000 	C:\Windows\System32\DriverStore\FileRepository\iigd_dch.inf_amd64_ce2a84db4d20c228\igc64.dll
0x00007ffff5090000 - 0x00007ffff50bf000 	C:\Windows\SYSTEM32\D3DSCache.dll
0x00007ff80d920000 - 0x00007ff80d94c000 	C:\Windows\SYSTEM32\USERENV.dll
0x00007fffa0280000 - 0x00007fffa162d000 	C:\Windows\System32\DriverStore\FileRepository\iigd_dch.inf_amd64_ce2a84db4d20c228\igd12dxva64.dll
0x00007fff9e560000 - 0x00007fffa0280000 	C:\Windows\System32\DriverStore\FileRepository\iigd_dch.inf_amd64_ce2a84db4d20c228\media_bin_64.dll
0x00007fffe4450000 - 0x00007fffe4477000 	C:\Windows\System32\DriverStore\FileRepository\iigd_dch.inf_amd64_ce2a84db4d20c228\igdinfo64.dll
0x00007ff801ab0000 - 0x00007ff801d35000 	C:\Windows\SYSTEM32\twinapi.appcore.dll
0x00007fff4a690000 - 0x00007fff4a6d2000 	C:\Users\alonh\.openjfx\cache\17.0.6\glass.dll
0x00007ff8101b0000 - 0x00007ff8102a9000 	C:\Windows\System32\COMDLG32.dll

dbghelp: loaded successfully - version: 4.0.5 - missing functions: none
symbol engine: initialized successfully - sym options: 0x614 - pdb path: .;C:\Users\alonh\.jdks\corretto-11.0.22\bin;C:\Windows\SYSTEM32;C:\Program Files\Norton Security\NortonData\22.23.5.106\Definitions\IPSDefs\20231207.064;C:\Windows\WinSxS\amd64_microsoft.windows.common-controls_6595b64144ccf1df_6.0.22621.2506_none_270c5ae97388e100;C:\Users\alonh\.jdks\corretto-11.0.22\bin\server;C:\Users\alonh\AppData\Local\Programs\IntelliJ IDEA Ultimate\bin;C:\Users\alonh\.openjfx\cache\17.0.6;C:\Windows\System32\DriverStore\FileRepository\iigd_dch.inf_amd64_ce2a84db4d20c228;C:\Program Files\Common Files\Microsoft Shared\Ink

VM Arguments:
jvm_args: -javaagent:C:\Users\alonh\AppData\Local\Programs\IntelliJ IDEA Ultimate\lib\idea_rt.jar=62258:C:\Users\alonh\AppData\Local\Programs\IntelliJ IDEA Ultimate\bin -Dfile.encoding=UTF-8 --module-path=C:\Users\alonh\.m2\repository\org\kordamp\bootstrapfx\bootstrapfx-core\0.4.0\bootstrapfx-core-0.4.0.jar;C:\Users\alonh\IdeaProjects\Joyeria_ProyectoMult\target\classes;C:\Users\alonh\.m2\repository\org\controlsfx\controlsfx\11.1.2\controlsfx-11.1.2.jar;C:\Users\alonh\.m2\repository\org\openjfx\javafx-controls\17.0.6\javafx-controls-17.0.6-win.jar;C:\Users\alonh\.m2\repository\org\openjfx\javafx-fxml\17.0.6\javafx-fxml-17.0.6-win.jar;C:\Users\alonh\.m2\repository\org\openjfx\javafx-graphics\17.0.6\javafx-graphics-17.0.6-win.jar;C:\Users\alonh\.m2\repository\net\synedra\validatorfx\0.4.0\validatorfx-0.4.0.jar;C:\Users\alonh\.m2\repository\org\openjfx\javafx-base\17.0.6\javafx-base-17.0.6-win.jar;C:\Users\alonh\.m2\repository\com\dlsc\formsfx\formsfx-core\11.6.0\formsfx-core-11.6.0.jar -Djdk.module.main=com.eduard034.joyeria_proyectomult 
java_command: com.eduard034.joyeria_proyectomult/com.eduard034.joyeria_proyectomult.JoyeriaApp
java_class_path (initial): C:\Users\alonh\.m2\repository\org\openjfx\javafx-controls\17.0.6\javafx-controls-17.0.6.jar;C:\Users\alonh\.m2\repository\org\openjfx\javafx-graphics\17.0.6\javafx-graphics-17.0.6.jar;C:\Users\alonh\.m2\repository\org\openjfx\javafx-base\17.0.6\javafx-base-17.0.6.jar;C:\Users\alonh\.m2\repository\org\openjfx\javafx-fxml\17.0.6\javafx-fxml-17.0.6.jar
Launcher Type: SUN_STANDARD

[Global flags]
     intx CICompilerCount                          = 4                                         {product} {ergonomic}
     uint ConcGCThreads                            = 3                                         {product} {ergonomic}
     uint G1ConcRefinementThreads                  = 10                                        {product} {ergonomic}
   size_t G1HeapRegionSize                         = 1048576                                   {product} {ergonomic}
    uintx GCDrainStackTargetSize                   = 64                                        {product} {ergonomic}
   size_t InitialHeapSize                          = 130023424                                 {product} {ergonomic}
   size_t MarkStackSize                            = 4194304                                   {product} {ergonomic}
   size_t MaxHeapSize                              = 2071986176                                {product} {ergonomic}
   size_t MaxNewSize                               = 1242562560                                {product} {ergonomic}
   size_t MinHeapDeltaBytes                        = 1048576                                   {product} {ergonomic}
    uintx NonNMethodCodeHeapSize                   = 5836300                                {pd product} {ergonomic}
    uintx NonProfiledCodeHeapSize                  = 122910970                              {pd product} {ergonomic}
    uintx ProfiledCodeHeapSize                     = 122910970                              {pd product} {ergonomic}
    uintx ReservedCodeCacheSize                    = 251658240                              {pd product} {ergonomic}
     bool SegmentedCodeCache                       = true                                      {product} {ergonomic}
     bool UseCompressedClassPointers               = true                                 {lp64_product} {ergonomic}
     bool UseCompressedOops                        = true                                 {lp64_product} {ergonomic}
     bool UseG1GC                                  = true                                      {product} {ergonomic}
     bool UseLargePagesIndividualAllocation        = false                                  {pd product} {ergonomic}

Logging:
Log output configuration:
 #0: stdout all=warning uptime,level,tags
 #1: stderr all=off uptime,level,tags

Environment Variables:
PATH=C:\Program Files\Eclipse Adoptium\jdk-21.0.1.12-hotspot\bin;"C:\Program Files\Common Files\Oracle\Java\javapath;C:\Program Files\Java\jdk-21\bin";C:\Windows\system32;C:\Windows;C:\Windows\System32\Wbem;C:\Windows\System32\WindowsPowerShell\v1.0\;C:\Windows\System32\OpenSSH\;C:\Program Files (x86)\NVIDIA Corporation\PhysX\Common;C:\Program Files\NVIDIA Corporation\NVIDIA NvDLISR;C:\Program Files\Git\cmd;C:\Program Files\dotnet\;C:\Users\alonh\AppData\Local\Microsoft\WindowsApps;C:\Users\alonh\AppData\Local\JetBrains\Toolbox\scripts;C:\Users\alonh\AppData\Local\Programs\Microsoft VS Code\bin;C:\Users\alonh\AppData\Local\GitHubDesktop\bin
USERNAME=alonh
OS=Windows_NT
PROCESSOR_IDENTIFIER=Intel64 Family 6 Model 154 Stepping 3, GenuineIntel
TMP=C:\Users\alonh\AppData\Local\Temp
TEMP=C:\Users\alonh\AppData\Local\Temp



---------------  S Y S T E M  ---------------

OS: Windows 11 , 64 bit Build 22621 (10.0.22621.2506)
OS uptime: 9 days 16:05 hours
Hyper-V role detected

CPU:total 12 (initial active 12) (6 cores per cpu, 2 threads per core) family 6 model 154 stepping 3 microcode 0x424, cmov, cx8, fxsr, mmx, sse, sse2, sse3, ssse3, sse4.1, sse4.2, popcnt, avx, avx2, aes, clmul, erms, 3dnowpref, lzcnt, ht, tsc, tscinvbit, bmi1, bmi2, adx, sha, fma

Memory: 4k page, system-wide physical 7896M (729M free)
TotalPageFile size 28583M (AvailPageFile size 8848M)
current process WorkingSet (physical memory assigned to process): 465M, peak: 615M
current process commit charge ("private bytes"): 784M, peak: 784M

vm_info: OpenJDK 64-Bit Server VM (11.0.22+7-LTS) for windows-amd64 JRE (11.0.22+7-LTS), built on Jan 10 2024 19:54:00 by "Administrator" with MS VC++ 16.10 / 16.11 (VS2019)

END.
