#
# A fatal error has been detected by the Java Runtime Environment:
#
#  EXCEPTION_ACCESS_VIOLATION (0xc0000005) at pc=0x61206c62, pid=20044, tid=192
#
# JRE version: OpenJDK Runtime Environment Temurin-11.0.21+9 (11.0.21+9) (build 11.0.21+9)
# Java VM: OpenJDK Client VM Temurin-11.0.21+9 (11.0.21+9, mixed mode, serial gc, windows-x86)
# Problematic frame:
# C  [glass.dll+0x16c62]
#
# No core dump will be written. Minidumps are not enabled by default on client versions of Windows
#
# If you would like to submit a bug report, please visit:
#   https://github.com/adoptium/adoptium-support/issues
# The crash happened outside the Java Virtual Machine in native code.
# See problematic frame for where to report the bug.
#

---------------  S U M M A R Y ------------

Command Line: -javaagent:C:\Users\luigu\AppData\Local\Programs\IntelliJ IDEA Ultimate\lib\idea_rt.jar=52256:C:\Users\luigu\AppData\Local\Programs\IntelliJ IDEA Ultimate\bin -Dfile.encoding=UTF-8 --module-path=C:\Users\luigu\.m2\repository\org\openjfx\javafx-graphics\17.0.6\javafx-graphics-17.0.6-win-x86.jar;C:\Users\luigu\.m2\repository\org\openjfx\javafx-fxml\17.0.6\javafx-fxml-17.0.6-win-x86.jar;C:\Users\luigu\.m2\repository\com\dlsc\formsfx\formsfx-core\11.6.0\formsfx-core-11.6.0.jar;C:\Users\luigu\.m2\repository\org\controlsfx\controlsfx\11.1.2\controlsfx-11.1.2.jar;C:\Users\luigu\.m2\repository\org\openjfx\javafx-base\17.0.6\javafx-base-17.0.6-win-x86.jar;C:\Users\luigu\.m2\repository\net\synedra\validatorfx\0.4.0\validatorfx-0.4.0.jar;C:\Users\luigu\IdeaProjects\Joyeria_ProyectoMult\target\classes;C:\Users\luigu\.m2\repository\org\kordamp\bootstrapfx\bootstrapfx-core\0.4.0\bootstrapfx-core-0.4.0.jar;C:\Users\luigu\.m2\repository\org\openjfx\javafx-controls\17.0.6\javafx-controls-17.0.6-win-x86.jar -Djdk.module.main=com.eduard034.joyeria_proyectomult com.eduard034.joyeria_proyectomult/com.eduard034.joyeria_proyectomult.JoyeriaApp

Host: 12th Gen Intel(R) Core(TM) i5-12450H, 12 cores, 7G,  Windows 11 , 64 bit Build 22621 (10.0.22621.3374)
Time: Tue Apr  9 09:51:16 2024 Hora estándar central (México) elapsed time: 6.122856 seconds (0d 0h 0m 6s)

---------------  T H R E A D  ---------------

Current thread (0x15fa7400):  JavaThread "JavaFX Application Thread" [_thread_in_native, id=192, stack(0x192f0000,0x19340000)]

Stack: [0x192f0000,0x19340000],  sp=0x1933e69c,  free space=313k
Native frames: (J=compiled Java code, A=aot compiled Java code, j=interpreted, Vv=VM code, C=native code)
C  [glass.dll+0x16c62]

Java frames: (J=compiled Java code, j=interpreted, Vv=VM code)
j  com.sun.glass.ui.win.WinWindow._close(J)Z+0 javafx.graphics
j  com.sun.glass.ui.Window.close()V+63 javafx.graphics
j  com.sun.glass.ui.win.WinWindow.close()V+8 javafx.graphics
j  com.sun.glass.ui.Application.terminate()V+75 javafx.graphics
j  com.sun.javafx.tk.quantum.QuantumToolkit.lambda$exit$13()Ljava/lang/Object;+5 javafx.graphics
j  com.sun.javafx.tk.quantum.QuantumToolkit$$Lambda$437.get()Ljava/lang/Object;+0 javafx.graphics
j  com.sun.javafx.tk.quantum.QuantumToolkit.runWithRenderLock(Ljava/util/function/Supplier;)Ljava/lang/Object;+7 javafx.graphics
j  com.sun.javafx.tk.quantum.QuantumToolkit.exit()V+26 javafx.graphics
j  com.sun.javafx.application.PlatformImpl.lambda$tkExit$16()V+3 javafx.graphics
j  com.sun.javafx.application.PlatformImpl$$Lambda$436.run()V+0 javafx.graphics
j  com.sun.javafx.application.PlatformImpl.lambda$runAndWait$12(Ljava/lang/Runnable;Ljava/util/concurrent/CountDownLatch;)V+1 javafx.graphics
j  com.sun.javafx.application.PlatformImpl$$Lambda$87.run()V+8 javafx.graphics
j  com.sun.javafx.application.PlatformImpl.lambda$runLater$10(Ljava/lang/Runnable;)Ljava/lang/Void;+1 javafx.graphics
j  com.sun.javafx.application.PlatformImpl$$Lambda$90.run()Ljava/lang/Object;+4 javafx.graphics
v  ~StubRoutines::call_stub
j  java.security.AccessController.doPrivileged(Ljava/security/PrivilegedAction;Ljava/security/AccessControlContext;)Ljava/lang/Object;+0 java.base@11.0.21
j  com.sun.javafx.application.PlatformImpl.lambda$runLater$11(Ljava/lang/Runnable;Ljava/security/AccessControlContext;)V+7 javafx.graphics
j  com.sun.javafx.application.PlatformImpl$$Lambda$89.run()V+8 javafx.graphics
j  com.sun.glass.ui.InvokeLaterDispatcher$Future.run()V+4 javafx.graphics
v  ~StubRoutines::call_stub
j  com.sun.glass.ui.win.WinApplication._runLoop(Ljava/lang/Runnable;)V+0 javafx.graphics
j  com.sun.glass.ui.win.WinApplication.lambda$runLoop$3(ILjava/lang/Runnable;)V+8 javafx.graphics
j  com.sun.glass.ui.win.WinApplication$$Lambda$78.run()V+12 javafx.graphics
j  java.lang.Thread.run()V+11 java.base@11.0.21
v  ~StubRoutines::call_stub

siginfo: EXCEPTION_ACCESS_VIOLATION (0xc0000005), reading address 0x000000b8


Register to memory mapping:

EIP=0x61206c62 glass.dll
EAX=0x0 is NULL
EBX=0x1933e8d0 is pointing into the stack for thread: 0x15fa7400
ECX=0x0 is NULL
EDX=0x0 is NULL
ESP=0x1933e69c is pointing into the stack for thread: 0x15fa7400
EBP=0x1933e6c8 is pointing into the stack for thread: 0x15fa7400
ESI=0x00000401 is an unknown value
EDI=0x0 is NULL


Registers:
EAX=0x00000000, EBX=0x1933e8d0, ECX=0x00000000, EDX=0x00000000
ESP=0x1933e69c, EBP=0x1933e6c8, ESI=0x00000401, EDI=0x00000000
EIP=0x61206c62, EFLAGS=0x00010206

Top of Stack: (sp=0x1933e69c)
0x1933e69c:   1933e8d0 00000401 1933e8d0 611f8df8
0x1933e6ac:   f61b8953 15eabcf8 000a0718 00000401
0x1933e6bc:   1933e7fc 612102b0 ffffffff 00000000
0x1933e6cc:   611f1755 00000401 1933e8d0 00000000
0x1933e6dc:   00000401 000a0718 1933e714 611f16f0
0x1933e6ec:   762a3083 000a0718 00000401 1933e8d0
0x1933e6fc:   00000000 000a0718 dcbaabcd 611f16f0
0x1933e70c:   00000401 000a0718 1933e80c 76293ec6 

Instructions: (pc=0x61206c62)
0x61206b62:   21 56 e8 47 42 00 00 ff 35 e8 03 22 61 8b f0 ff
0x61206b72:   77 68 56 e8 96 de fe ff 56 e8 a0 41 00 00 83 c4
0x61206b82:   10 5e c7 05 a4 03 22 61 00 00 00 00 5f c3 83 ec
0x61206b92:   24 a1 ec e0 21 61 33 c4 89 44 24 20 8b 44 24 28
0x61206ba2:   53 89 44 24 04 8b d9 8b 44 24 30 89 44 24 08 8b
0x61206bb2:   44 24 38 55 89 44 24 10 8b 44 24 38 56 89 83 84
0x61206bc2:   00 00 00 8b 44 24 0c 89 5c 24 18 bb 00 00 00 80
0x61206bd2:   8b eb 8b f3 57 8b fb 85 c0 79 29 8d 44 24 20 50
0x61206be2:   e8 29 aa fe ff 83 c4 04 85 c0 8b 44 24 10 74 14
0x61206bf2:   8b 74 24 28 8b 5c 24 20 2b f3 8b 7c 24 2c 8b 6c
0x61206c02:   24 24 2b fd 6a 00 50 ff 74 24 1c 68 d8 23 21 61
0x61206c12:   57 56 8b 74 24 34 8b ce 55 53 ff 74 24 38 e8 db
0x61206c22:   a7 fe ff 8b f8 8d 4e 14 57 e8 40 64 00 00 57 8d
0x61206c32:   4e 14 e8 c7 64 00 00 8b 4c 24 30 8b c7 5f 5e 5d
0x61206c42:   5b 33 cc e8 ae 7a 00 00 83 c4 24 c2 10 00 53 8b
0x61206c52:   d9 56 57 ff 73 08 e8 93 a9 fe ff 8b f8 83 c4 04
0x61206c62:   8b 87 b8 00 00 00 85 c0 75 03 8b 47 04 3b 05 a4
0x61206c72:   03 22 61 75 29 e8 34 41 00 00 ff 35 e8 03 22 61
0x61206c82:   8b f0 ff 77 68 56 e8 83 dd fe ff 56 e8 8d 40 00
0x61206c92:   00 83 c4 10 c7 05 a4 03 22 61 00 00 00 00 8d 4f
0x61206ca2:   14 e8 b8 69 00 00 8d 4f 14 e8 e0 69 00 00 ff 73
0x61206cb2:   08 ff 15 f8 fe 21 61 85 c0 5f 0f 95 c0 5e 88 43
0x61206cc2:   04 5b c3 cc cc cc cc cc cc cc cc cc cc cc 55 8b
0x61206cd2:   ec 6a ff 68 f7 11 21 61 64 a1 00 00 00 00 50 83
0x61206ce2:   ec 08 53 56 57 a1 ec e0 21 61 33 c5 50 8d 45 f4
0x61206cf2:   64 a3 00 00 00 00 8b f9 ff 77 18 ff 15 60 ff 21
0x61206d02:   61 85 c0 75 13 0f 57 c0 66 0f 13 45 ec 8b 55 f0
0x61206d12:   8b 45 ec e9 a7 00 00 00 68 dc 00 00 00 e8 96 79
0x61206d22:   00 00 83 c4 04 89 45 f0 c7 45 fc 00 00 00 00 85
0x61206d32:   c0 74 19 ff 77 18 8b c8 6a 01 6a 00 6a 00 6a 00
0x61206d42:   ff 77 10 e8 a6 f9 ff ff 8b d8 eb 02 33 db ff 77
0x61206d52:   18 8b cb c7 45 fc ff ff ff ff 6a 00 68 00 00 10 


Stack slot to memory mapping:
stack at sp + 0 slots: 0x1933e8d0 is pointing into the stack for thread: 0x15fa7400
stack at sp + 1 slots: 0x00000401 is an unknown value
stack at sp + 2 slots: 0x1933e8d0 is pointing into the stack for thread: 0x15fa7400
stack at sp + 3 slots: 0x611f8df8 glass.dll
stack at sp + 4 slots: 0xf61b8953 is an unknown value
stack at sp + 5 slots: 0x15eabcf8 points into unknown readable memory: 0x6121319c | 9c 31 21 61
stack at sp + 6 slots: 0x000a0718 is an unknown value
stack at sp + 7 slots: 0x00000401 is an unknown value


---------------  P R O C E S S  ---------------

Threads class SMR info:
_java_thread_list=0x2084ffb0, length=17, elements={
0x02bff400, 0x02cd8000, 0x02cc8000, 0x02cd5400,
0x02cd7400, 0x14f5fc00, 0x14f61000, 0x14f63c00,
0x14fd2000, 0x15124000, 0x1589a800, 0x15fa6c00,
0x15fa7400, 0x16100800, 0x16148000, 0x161db400,
0x20796c00
}

Java Threads: ( => current thread )
  0x02bff400 JavaThread "main" [_thread_blocked, id=21232, stack(0x00b90000,0x00be0000)]
  0x02cd8000 JavaThread "Reference Handler" daemon [_thread_blocked, id=19528, stack(0x04d20000,0x04d70000)]
  0x02cc8000 JavaThread "Finalizer" daemon [_thread_blocked, id=21060, stack(0x04db0000,0x04e00000)]
  0x02cd5400 JavaThread "Signal Dispatcher" daemon [_thread_blocked, id=13648, stack(0x15170000,0x151c0000)]
  0x02cd7400 JavaThread "Attach Listener" daemon [_thread_blocked, id=19984, stack(0x15200000,0x15250000)]
  0x14f5fc00 JavaThread "Service Thread" daemon [_thread_blocked, id=21072, stack(0x15290000,0x152e0000)]
  0x14f61000 JavaThread "C1 CompilerThread0" daemon [_thread_blocked, id=19976, stack(0x15320000,0x15370000)]
  0x14f63c00 JavaThread "Sweeper thread" daemon [_thread_blocked, id=3892, stack(0x153b0000,0x15400000)]
  0x14fd2000 JavaThread "Common-Cleaner" daemon [_thread_blocked, id=21028, stack(0x15440000,0x15490000)]
  0x15124000 JavaThread "Monitor Ctrl-Break" daemon [_thread_in_native, id=21040, stack(0x154d0000,0x15520000)]
  0x1589a800 JavaThread "QuantumRenderer-0" daemon [_thread_blocked, id=19968, stack(0x15bf0000,0x15c40000)]
  0x15fa6c00 JavaThread "InvokeLaterDispatcher" daemon [_thread_blocked, id=13684, stack(0x19160000,0x191b0000)]
=>0x15fa7400 JavaThread "JavaFX Application Thread" [_thread_in_native, id=192, stack(0x192f0000,0x19340000)]
  0x16100800 JavaThread "JavaFX-Launcher" [_thread_blocked, id=21588, stack(0x1d900000,0x1d950000)]
  0x16148000 JavaThread "Thread-2" daemon [_thread_in_native, id=9408, stack(0x1d870000,0x1d8c0000)]
  0x161db400 JavaThread "Prism Font Disposer" daemon [_thread_blocked, id=3088, stack(0x1ef30000,0x1ef80000)]
  0x20796c00 JavaThread "Cleaner-0" daemon [_thread_blocked, id=17648, stack(0x221e0000,0x22230000)]

Other Threads:
  0x02cb2400 VMThread "VM Thread" [stack: 0x02b60000,0x02bb0000] [id=1656]
  0x15125000 WatcherThread [stack: 0x15560000,0x155b0000] [id=19960]

Threads with active compile tasks:

VM state:not at safepoint (normal execution)

VM Mutex/Monitor currently owned by a thread: None

Heap:
 def new generation   total 16448K, used 883K [0x04e00000, 0x05fd0000, 0x0a350000)
  eden space 14656K,   6% used [0x04e00000, 0x04edcec8, 0x05c50000)
  from space 1792K,   0% used [0x05c50000, 0x05c50000, 0x05e10000)
  to   space 1792K,   0% used [0x05e10000, 0x05e10000, 0x05fd0000)
 tenured generation   total 36348K, used 21806K [0x0a350000, 0x0c6cf000, 0x14e00000)
   the space 36348K,  59% used [0x0a350000, 0x0b89baa0, 0x0b89bc00, 0x0c6cf000)
 Metaspace       used 14833K, capacity 15117K, committed 15232K, reserved 15744K

Card table byte_map: [0x025d0000,0x02660000] _byte_map_base: 0x025a9000

Polling page: 0x00be0000

Metaspace:

Usage:
   14.76 MB capacity,    14.49 MB ( 98%) used,   188.15 KB (  1%) free+waste,    95.43 KB ( <1%) overhead. 

Virtual space:
     15.38 MB reserved,      14.88 MB ( 97%) committed 

Chunk freelists:
50.50 KB

MaxMetaspaceSize: 4.00 GB
No class space
Initial GC threshold: 12.00 MB
Current GC threshold: 24.79 MB
CDS: off

CodeCache: size=32768Kb used=2065Kb max_used=2065Kb free=30702Kb
 bounds [0x02ce0000, 0x02ee8000, 0x04ce0000]
 total_blobs=1731 nmethods=1306 adapters=358
 compilation: enabled
              stopped_count=0, restarted_count=0
 full_count=0

Compilation events (20 events):
Event: 5.704 Thread 0x14f61000 1297             java.util.WeakHashMap$Entry::getValue (5 bytes)
Event: 5.704 Thread 0x14f61000 nmethod 1297 0x02edf088 code [0x02edf190, 0x02edf210]
Event: 5.816 Thread 0x14f61000 1298             java.lang.Math::getExponent (17 bytes)
Event: 5.816 Thread 0x14f61000 nmethod 1298 0x02edf248 code [0x02edf350, 0x02edf400]
Event: 5.816 Thread 0x14f61000 1299             java.lang.StrictMath::floorOrCeil (128 bytes)
Event: 5.816 Thread 0x14f61000 nmethod 1299 0x02edf448 code [0x02edf550, 0x02edf710]
Event: 5.976 Thread 0x14f61000 1300             java.util.WeakHashMap::putAll (133 bytes)
Event: 5.976 Thread 0x14f61000 nmethod 1300 0x02edf748 code [0x02edf900, 0x02edfb7c]
Event: 6.067 Thread 0x14f61000 1301  s!         com.sun.javafx.tk.Toolkit::getToolkit (244 bytes)
Event: 6.070 Thread 0x14f61000 nmethod 1301 0x02edfd48 code [0x02ee00e0, 0x02ee0f7c]
Event: 6.070 Thread 0x14f61000 1302             java.lang.StringBuilder::append (8 bytes)
Event: 6.071 Thread 0x14f61000 nmethod 1302 0x02ee1ec8 code [0x02ee1fe0, 0x02ee207c]
Event: 6.071 Thread 0x14f61000 1303             java.lang.AbstractStringBuilder::append (55 bytes)
Event: 6.071 Thread 0x14f61000 nmethod 1303 0x02ee20c8 code [0x02ee2200, 0x02ee2340]
Event: 6.073 Thread 0x14f61000 1304             jdk.internal.misc.VM::initLevel (4 bytes)
Event: 6.074 Thread 0x14f61000 nmethod 1304 0x02ee2408 code [0x02ee2510, 0x02ee2590]
Event: 6.074 Thread 0x14f61000 1305             sun.nio.cs.UTF_8$Encoder::encodeArrayLoop (489 bytes)
Event: 6.076 Thread 0x14f61000 nmethod 1305 0x02ee25c8 code [0x02ee2950, 0x02ee3704]
Event: 6.093 Thread 0x14f61000 1306             jdk.internal.misc.VM::isModuleSystemInited (13 bytes)
Event: 6.093 Thread 0x14f61000 nmethod 1306 0x02ee42c8 code [0x02ee43d0, 0x02ee4460]

GC Heap History (20 events):
Event: 0.914 GC heap before
{Heap before GC invocations=3 (full 0):
 def new generation   total 4928K, used 4788K [0x04e00000, 0x05350000, 0x0a350000)
  eden space 4416K,  99% used [0x04e00000, 0x0524e758, 0x05250000)
  from space 512K,  73% used [0x052d0000, 0x0532eb70, 0x05350000)
  to   space 512K,   0% used [0x05250000, 0x05250000, 0x052d0000)
 tenured generation   total 10944K, used 1376K [0x0a350000, 0x0ae00000, 0x14e00000)
   the space 10944K,  12% used [0x0a350000, 0x0a4a8290, 0x0a4a8400, 0x0ae00000)
 Metaspace       used 6597K, capacity 6702K, committed 6784K, reserved 7552K
}
Event: 0.915 GC heap after
{Heap after GC invocations=4 (full 0):
 def new generation   total 4928K, used 251K [0x04e00000, 0x05350000, 0x0a350000)
  eden space 4416K,   0% used [0x04e00000, 0x04e00000, 0x05250000)
  from space 512K,  49% used [0x05250000, 0x0528ec30, 0x052d0000)
  to   space 512K,   0% used [0x052d0000, 0x052d0000, 0x05350000)
 tenured generation   total 10944K, used 1736K [0x0a350000, 0x0ae00000, 0x14e00000)
   the space 10944K,  15% used [0x0a350000, 0x0a502080, 0x0a502200, 0x0ae00000)
 Metaspace       used 6597K, capacity 6702K, committed 6784K, reserved 7552K
}
Event: 0.987 GC heap before
{Heap before GC invocations=4 (full 0):
 def new generation   total 4928K, used 4667K [0x04e00000, 0x05350000, 0x0a350000)
  eden space 4416K, 100% used [0x04e00000, 0x05250000, 0x05250000)
  from space 512K,  49% used [0x05250000, 0x0528ec30, 0x052d0000)
  to   space 512K,   0% used [0x052d0000, 0x052d0000, 0x05350000)
 tenured generation   total 10944K, used 1736K [0x0a350000, 0x0ae00000, 0x14e00000)
   the space 10944K,  15% used [0x0a350000, 0x0a502080, 0x0a502200, 0x0ae00000)
 Metaspace       used 7710K, capacity 7841K, committed 7936K, reserved 8576K
}
Event: 0.988 GC heap after
{Heap after GC invocations=5 (full 0):
 def new generation   total 4928K, used 419K [0x04e00000, 0x05350000, 0x0a350000)
  eden space 4416K,   0% used [0x04e00000, 0x04e00000, 0x05250000)
  from space 512K,  81% used [0x052d0000, 0x05338dc8, 0x05350000)
  to   space 512K,   0% used [0x05250000, 0x05250000, 0x052d0000)
 tenured generation   total 10944K, used 2184K [0x0a350000, 0x0ae00000, 0x14e00000)
   the space 10944K,  19% used [0x0a350000, 0x0a572090, 0x0a572200, 0x0ae00000)
 Metaspace       used 7710K, capacity 7841K, committed 7936K, reserved 8576K
}
Event: 1.068 GC heap before
{Heap before GC invocations=5 (full 0):
 def new generation   total 4928K, used 4789K [0x04e00000, 0x05350000, 0x0a350000)
  eden space 4416K,  98% used [0x04e00000, 0x052448c8, 0x05250000)
  from space 512K,  81% used [0x052d0000, 0x05338dc8, 0x05350000)
  to   space 512K,   0% used [0x05250000, 0x05250000, 0x052d0000)
 tenured generation   total 10944K, used 2184K [0x0a350000, 0x0ae00000, 0x14e00000)
   the space 10944K,  19% used [0x0a350000, 0x0a572090, 0x0a572200, 0x0ae00000)
 Metaspace       used 8879K, capacity 8989K, committed 9088K, reserved 9600K
}
Event: 1.069 GC heap after
{Heap after GC invocations=6 (full 0):
 def new generation   total 4928K, used 512K [0x04e00000, 0x05350000, 0x0a350000)
  eden space 4416K,   0% used [0x04e00000, 0x04e00000, 0x05250000)
  from space 512K, 100% used [0x05250000, 0x052d0000, 0x052d0000)
  to   space 512K,   0% used [0x052d0000, 0x052d0000, 0x05350000)
 tenured generation   total 10944K, used 2730K [0x0a350000, 0x0ae00000, 0x14e00000)
   the space 10944K,  24% used [0x0a350000, 0x0a5fa960, 0x0a5faa00, 0x0ae00000)
 Metaspace       used 8879K, capacity 8989K, committed 9088K, reserved 9600K
}
Event: 1.152 GC heap before
{Heap before GC invocations=6 (full 0):
 def new generation   total 4928K, used 4916K [0x04e00000, 0x05350000, 0x0a350000)
  eden space 4416K,  99% used [0x04e00000, 0x0524d098, 0x05250000)
  from space 512K, 100% used [0x05250000, 0x052d0000, 0x052d0000)
  to   space 512K,   0% used [0x052d0000, 0x052d0000, 0x05350000)
 tenured generation   total 10944K, used 2730K [0x0a350000, 0x0ae00000, 0x14e00000)
   the space 10944K,  24% used [0x0a350000, 0x0a5fa960, 0x0a5faa00, 0x0ae00000)
 Metaspace       used 10561K, capacity 10734K, committed 10752K, reserved 11648K
}
Event: 1.154 GC heap after
{Heap after GC invocations=7 (full 0):
 def new generation   total 4928K, used 512K [0x04e00000, 0x05350000, 0x0a350000)
  eden space 4416K,   0% used [0x04e00000, 0x04e00000, 0x05250000)
  from space 512K, 100% used [0x052d0000, 0x05350000, 0x05350000)
  to   space 512K,   0% used [0x05250000, 0x05250000, 0x052d0000)
 tenured generation   total 10944K, used 3615K [0x0a350000, 0x0ae00000, 0x14e00000)
   the space 10944K,  33% used [0x0a350000, 0x0a6d7da0, 0x0a6d7e00, 0x0ae00000)
 Metaspace       used 10561K, capacity 10734K, committed 10752K, reserved 11648K
}
Event: 1.233 GC heap before
{Heap before GC invocations=7 (full 0):
 def new generation   total 4928K, used 4928K [0x04e00000, 0x05350000, 0x0a350000)
  eden space 4416K, 100% used [0x04e00000, 0x05250000, 0x05250000)
  from space 512K, 100% used [0x052d0000, 0x05350000, 0x05350000)
  to   space 512K,   0% used [0x05250000, 0x05250000, 0x052d0000)
 tenured generation   total 10944K, used 3615K [0x0a350000, 0x0ae00000, 0x14e00000)
   the space 10944K,  33% used [0x0a350000, 0x0a6d7da0, 0x0a6d7e00, 0x0ae00000)
 Metaspace       used 11344K, capacity 11510K, committed 11520K, reserved 11648K
}
Event: 1.235 GC heap after
{Heap after GC invocations=8 (full 0):
 def new generation   total 4928K, used 512K [0x04e00000, 0x05350000, 0x0a350000)
  eden space 4416K,   0% used [0x04e00000, 0x04e00000, 0x05250000)
  from space 512K, 100% used [0x05250000, 0x052d0000, 0x052d0000)
  to   space 512K,   0% used [0x052d0000, 0x052d0000, 0x05350000)
 tenured generation   total 10944K, used 4128K [0x0a350000, 0x0ae00000, 0x14e00000)
   the space 10944K,  37% used [0x0a350000, 0x0a758330, 0x0a758400, 0x0ae00000)
 Metaspace       used 11344K, capacity 11510K, committed 11520K, reserved 11648K
}
Event: 1.330 GC heap before
{Heap before GC invocations=8 (full 0):
 def new generation   total 4928K, used 4928K [0x04e00000, 0x05350000, 0x0a350000)
  eden space 4416K, 100% used [0x04e00000, 0x05250000, 0x05250000)
  from space 512K, 100% used [0x05250000, 0x052d0000, 0x052d0000)
  to   space 512K,   0% used [0x052d0000, 0x052d0000, 0x05350000)
 tenured generation   total 10944K, used 10359K [0x0a350000, 0x0ae00000, 0x14e00000)
   the space 10944K,  94% used [0x0a350000, 0x0ad6dd28, 0x0ad6de00, 0x0ae00000)
 Metaspace       used 11795K, capacity 11976K, committed 12032K, reserved 12672K
}
Event: 1.341 GC heap after
{Heap after GC invocations=9 (full 1):
 def new generation   total 8576K, used 456K [0x04e00000, 0x05740000, 0x0a350000)
  eden space 7680K,   5% used [0x04e00000, 0x04e72208, 0x05580000)
  from space 896K,   0% used [0x05580000, 0x05580000, 0x05660000)
  to   space 896K,   0% used [0x05660000, 0x05660000, 0x05740000)
 tenured generation   total 18880K, used 11327K [0x0a350000, 0x0b5c0000, 0x14e00000)
   the space 18880K,  59% used [0x0a350000, 0x0ae5fff0, 0x0ae60000, 0x0b5c0000)
 Metaspace       used 11795K, capacity 11976K, committed 12032K, reserved 12672K
}
Event: 1.500 GC heap before
{Heap before GC invocations=9 (full 1):
 def new generation   total 8576K, used 7680K [0x04e00000, 0x05740000, 0x0a350000)
  eden space 7680K, 100% used [0x04e00000, 0x05580000, 0x05580000)
  from space 896K,   0% used [0x05580000, 0x05580000, 0x05660000)
  to   space 896K,   0% used [0x05660000, 0x05660000, 0x05740000)
 tenured generation   total 18880K, used 11327K [0x0a350000, 0x0b5c0000, 0x14e00000)
   the space 18880K,  59% used [0x0a350000, 0x0ae5fff0, 0x0ae60000, 0x0b5c0000)
 Metaspace       used 12702K, capacity 12899K, committed 12928K, reserved 13696K
}
Event: 1.507 GC heap after
{Heap after GC invocations=10 (full 1):
 def new generation   total 8576K, used 896K [0x04e00000, 0x05740000, 0x0a350000)
  eden space 7680K,   0% used [0x04e00000, 0x04e00000, 0x05580000)
  from space 896K, 100% used [0x05660000, 0x05740000, 0x05740000)
  to   space 896K,   0% used [0x05580000, 0x05580000, 0x05660000)
 tenured generation   total 18880K, used 11701K [0x0a350000, 0x0b5c0000, 0x14e00000)
   the space 18880K,  61% used [0x0a350000, 0x0aebd740, 0x0aebd800, 0x0b5c0000)
 Metaspace       used 12702K, capacity 12899K, committed 12928K, reserved 13696K
}
Event: 1.598 GC heap before
{Heap before GC invocations=10 (full 1):
 def new generation   total 8576K, used 8576K [0x04e00000, 0x05740000, 0x0a350000)
  eden space 7680K, 100% used [0x04e00000, 0x05580000, 0x05580000)
  from space 896K, 100% used [0x05660000, 0x05740000, 0x05740000)
  to   space 896K,   0% used [0x05580000, 0x05580000, 0x05660000)
 tenured generation   total 18880K, used 11701K [0x0a350000, 0x0b5c0000, 0x14e00000)
   the space 18880K,  61% used [0x0a350000, 0x0aebd740, 0x0aebd800, 0x0b5c0000)
 Metaspace       used 13876K, capacity 14157K, committed 14208K, reserved 14720K
}
Event: 1.601 GC heap after
{Heap after GC invocations=11 (full 1):
 def new generation   total 8576K, used 551K [0x04e00000, 0x05740000, 0x0a350000)
  eden space 7680K,   0% used [0x04e00000, 0x04e00000, 0x05580000)
  from space 896K,  61% used [0x05580000, 0x05609d60, 0x05660000)
  to   space 896K,   0% used [0x05660000, 0x05660000, 0x05740000)
 tenured generation   total 18880K, used 12589K [0x0a350000, 0x0b5c0000, 0x14e00000)
   the space 18880K,  66% used [0x0a350000, 0x0af9b740, 0x0af9b800, 0x0b5c0000)
 Metaspace       used 13876K, capacity 14157K, committed 14208K, reserved 14720K
}
Event: 3.311 GC heap before
{Heap before GC invocations=11 (full 1):
 def new generation   total 8576K, used 8231K [0x04e00000, 0x05740000, 0x0a350000)
  eden space 7680K, 100% used [0x04e00000, 0x05580000, 0x05580000)
  from space 896K,  61% used [0x05580000, 0x05609d60, 0x05660000)
  to   space 896K,   0% used [0x05660000, 0x05660000, 0x05740000)
 tenured generation   total 18880K, used 12589K [0x0a350000, 0x0b5c0000, 0x14e00000)
   the space 18880K,  66% used [0x0a350000, 0x0af9b740, 0x0af9b800, 0x0b5c0000)
 Metaspace       used 14790K, capacity 15104K, committed 15104K, reserved 15744K
}
Event: 3.315 GC heap after
{Heap after GC invocations=12 (full 1):
 def new generation   total 8576K, used 896K [0x04e00000, 0x05740000, 0x0a350000)
  eden space 7680K,   0% used [0x04e00000, 0x04e00000, 0x05580000)
  from space 896K, 100% used [0x05660000, 0x05740000, 0x05740000)
  to   space 896K,   0% used [0x05580000, 0x05580000, 0x05660000)
 tenured generation   total 18880K, used 14328K [0x0a350000, 0x0b5c0000, 0x14e00000)
   the space 18880K,  75% used [0x0a350000, 0x0b14e1f8, 0x0b14e200, 0x0b5c0000)
 Metaspace       used 14790K, capacity 15104K, committed 15104K, reserved 15744K
}
Event: 4.658 GC heap before
{Heap before GC invocations=12 (full 1):
 def new generation   total 8576K, used 8576K [0x04e00000, 0x05740000, 0x0a350000)
  eden space 7680K, 100% used [0x04e00000, 0x05580000, 0x05580000)
  from space 896K, 100% used [0x05660000, 0x05740000, 0x05740000)
  to   space 896K,   0% used [0x05580000, 0x05580000, 0x05660000)
 tenured generation   total 18880K, used 14328K [0x0a350000, 0x0b5c0000, 0x14e00000)
   the space 18880K,  75% used [0x0a350000, 0x0b14e1f8, 0x0b14e200, 0x0b5c0000)
 Metaspace       used 14855K, capacity 15152K, committed 15232K, reserved 15744K
}
Event: 4.675 GC heap after
{Heap after GC invocations=13 (full 2):
 def new generation   total 16448K, used 0K [0x04e00000, 0x05fd0000, 0x0a350000)
  eden space 14656K,   0% used [0x04e00000, 0x04e00000, 0x05c50000)
  from space 1792K,   0% used [0x05c50000, 0x05c50000, 0x05e10000)
  to   space 1792K,   0% used [0x05e10000, 0x05e10000, 0x05fd0000)
 tenured generation   total 36348K, used 21806K [0x0a350000, 0x0c6cf000, 0x14e00000)
   the space 36348K,  59% used [0x0a350000, 0x0b89baa0, 0x0b89bc00, 0x0c6cf000)
 Metaspace       used 14814K, capacity 15101K, committed 15232K, reserved 15744K
}

Deoptimization events (6 events):
Event: 1.478 Thread 0x15fa7400 DEOPT PACKING pc=0x02e0f34f sp=0x1933df90
Event: 1.478 Thread 0x15fa7400 DEOPT UNPACKING pc=0x02d1c187 sp=0x1933deb0 mode 3
Event: 1.481 Thread 0x15fa7400 DEOPT PACKING pc=0x02e3f5f1 sp=0x1933e110
Event: 1.481 Thread 0x15fa7400 DEOPT UNPACKING pc=0x02d1c187 sp=0x1933e034 mode 3
Event: 1.596 Thread 0x15fa7400 DEOPT PACKING pc=0x02e8248c sp=0x1933e100
Event: 1.596 Thread 0x15fa7400 DEOPT UNPACKING pc=0x02d1c187 sp=0x1933dfb0 mode 3

Classes redefined (0 events):
No events

Internal exceptions (20 events):
Event: 1.216 Thread 0x15fa7400 Exception <a 'java/lang/ClassNotFoundException'{0x0512eb90}: com/sun/glass/ui/win/themes> (0x0512eb90) thrown at [s\src\hotspot\share\prims\jni.cpp, line 638]
Event: 1.218 Thread 0x15fa7400 Exception <a 'java/lang/ClassNotFoundException'{0x05132b80}: com/sun/glass/ui/win/themes_es> (0x05132b80) thrown at [s\src\hotspot\share\prims\jni.cpp, line 638]
Event: 1.218 Thread 0x15fa7400 Exception <a 'java/lang/ClassNotFoundException'{0x05134950}: com/sun/glass/ui/win/themes_es_MX> (0x05134950) thrown at [s\src\hotspot\share\prims\jni.cpp, line 638]
Event: 1.255 Thread 0x15fa7400 Exception <a 'java/lang/NoSuchMethodError'{0x050111a0}: 'void java.lang.invoke.DirectMethodHandle$Holder.invokeStaticInit(java.lang.Object, java.lang.Object)'> (0x050111a0) thrown at [s\src\hotspot\share\interpreter\linkResolver.cpp, line 773]
Event: 1.263 Thread 0x15fa7400 Exception <a 'java/lang/NoSuchMethodError'{0x050907e0}: 'void java.lang.invoke.DirectMethodHandle$Holder.invokeSpecial(java.lang.Object, java.lang.Object, java.lang.Object, java.lang.Object, java.lang.Object)'> (0x050907e0) thrown at [s\src\hotspot\share\interpreter\linkResolver.cpp, line 773]
Event: 1.481 Thread 0x15fa7400 Implicit null exception at 0x02e3e30c to 0x02e3f5ec
Event: 1.531 Thread 0x15fa7400 Exception <a 'java/lang/ClassNotFoundException'{0x04fd1598}: com/sun/javafx/scene/control/skin/resources/controls> (0x04fd1598) thrown at [s\src\hotspot\share\prims\jni.cpp, line 638]
Event: 1.532 Thread 0x15fa7400 Exception <a 'java/lang/ClassNotFoundException'{0x04fe0a90}: com/sun/javafx/scene/control/skin/resources/controls_es> (0x04fe0a90) thrown at [s\src\hotspot\share\prims\jni.cpp, line 638]
Event: 1.532 Thread 0x15fa7400 Exception <a 'java/lang/ClassNotFoundException'{0x04fedc90}: com/sun/javafx/scene/control/skin/resources/controls_es_MX> (0x04fedc90) thrown at [s\src\hotspot\share\prims\jni.cpp, line 638]
Event: 1.553 Thread 0x15fa7400 Exception <a 'java/lang/NoSuchMethodError'{0x0518d7c8}: 'void java.lang.invoke.DirectMethodHandle$Holder.invokeSpecial(java.lang.Object, java.lang.Object, java.lang.Object, java.lang.Object, java.lang.Object, java.lang.Object)'> (0x0518d7c8) thrown at [s\src\hotspot\share\interpreter\linkResolver.cpp, line 773]
Event: 1.572 Thread 0x15fa7400 Exception <a 'java/lang/NoSuchMethodError'{0x053e7f58}: 'java.lang.Object java.lang.invoke.DirectMethodHandle$Holder.invokeInterface(java.lang.Object, java.lang.Object, java.lang.Object)'> (0x053e7f58) thrown at [s\src\hotspot\share\interpreter\linkResolver.cpp, line 773]
Event: 1.572 Thread 0x15fa7400 Exception <a 'java/lang/IncompatibleClassChangeError'{0x053ead18}: Found class java.lang.Object, but interface was expected> (0x053ead18) thrown at [s\src\hotspot\share\interpreter\linkResolver.cpp, line 839]
Event: 1.631 Thread 0x1589a800 Exception <a 'java/lang/NoSuchMethodError'{0x04f07470}: 'int java.lang.invoke.DirectMethodHandle$Holder.invokeStaticInit(java.lang.Object, java.lang.Object)'> (0x04f07470) thrown at [s\src\hotspot\share\interpreter\linkResolver.cpp, line 773]
Event: 1.642 Thread 0x15fa7400 Exception <a 'java/lang/NoSuchMethodError'{0x04ef6a50}: 'long java.lang.invoke.DirectMethodHandle$Holder.invokeStaticInit(java.lang.Object, java.lang.Object, java.lang.Object)'> (0x04ef6a50) thrown at [s\src\hotspot\share\interpreter\linkResolver.cpp, line 773]
Event: 1.644 Thread 0x15fa7400 Exception <a 'java/lang/NoSuchMethodError'{0x04fa9ca0}: 'java.lang.Object java.lang.invoke.DirectMethodHandle$Holder.invokeStatic(java.lang.Object, java.lang.Object, long)'> (0x04fa9ca0) thrown at [s\src\hotspot\share\interpreter\linkResolver.cpp, line 773]
Event: 1.644 Thread 0x15fa7400 Exception <a 'java/lang/NoSuchMethodError'{0x04faf6f0}: 'java.lang.Object java.lang.invoke.Invokers$Holder.linkToTargetMethod(java.lang.Object, long, java.lang.Object)'> (0x04faf6f0) thrown at [s\src\hotspot\share\interpreter\linkResolver.cpp, line 773]
Event: 3.228 Thread 0x15fa7400 Exception <a 'java/io/FileNotFoundException'{0x0544e2e0}> (0x0544e2e0) thrown at [s\src\hotspot\share\prims\jni.cpp, line 617]
Event: 3.271 Thread 0x15fa7400 Exception <a 'java/io/FileNotFoundException'{0x0549ec48}> (0x0549ec48) thrown at [s\src\hotspot\share\prims\jni.cpp, line 617]
Event: 6.070 Thread 0x15fa7400 Exception <a 'java/lang/IllegalArgumentException'{0x04e78390}> (0x04e78390) thrown at [s\src\hotspot\share\prims\jvm.cpp, line 1310]
Event: 6.092 Thread 0x15fa7400 Exception <a 'java/lang/IllegalArgumentException'{0x04e89388}> (0x04e89388) thrown at [s\src\hotspot\share\prims\jvm.cpp, line 1310]

Events (20 events):
Event: 6.029 loading class javafx/application/Application
Event: 6.029 loading class javafx/application/Application done
Event: 6.029 loading class javafx/application/Application
Event: 6.029 loading class javafx/application/Application done
Event: 6.066 loading class com/sun/javafx/tk/quantum/GlassScene
Event: 6.066 loading class com/sun/javafx/tk/quantum/GlassScene done
Event: 6.066 loading class com/sun/javafx/tk/quantum/WindowStage
Event: 6.066 loading class com/sun/javafx/tk/quantum/WindowStage done
Event: 6.067 loading class com/sun/prism/GraphicsResource
Event: 6.067 loading class com/sun/prism/GraphicsResource done
Event: 6.067 loading class com/sun/prism/GraphicsResource
Event: 6.067 loading class com/sun/prism/GraphicsResource done
Event: 6.067 loading class com/sun/javafx/tk/quantum/ViewScene
Event: 6.067 loading class com/sun/javafx/tk/quantum/ViewScene done
Event: 6.068 loading class com/sun/javafx/tk/quantum/WindowStage
Event: 6.068 loading class com/sun/javafx/tk/quantum/WindowStage done
Event: 6.071 loading class java/lang/Throwable$WrappedPrintStream
Event: 6.072 loading class java/lang/Throwable$PrintStreamOrWriter
Event: 6.072 loading class java/lang/Throwable$PrintStreamOrWriter done
Event: 6.072 loading class java/lang/Throwable$WrappedPrintStream done


Dynamic libraries:
0x00900000 - 0x0090c000 	C:\Program Files (x86)\Eclipse Adoptium\jdk-11.0.21.9-hotspot\bin\java.exe
0x77910000 - 0x77ac1000 	C:\WINDOWS\SYSTEM32\ntdll.dll
0x76580000 - 0x76670000 	C:\WINDOWS\System32\KERNEL32.DLL
0x75b20000 - 0x75d94000 	C:\WINDOWS\System32\KERNELBASE.dll
0x6dbe0000 - 0x6dc86000 	C:\WINDOWS\SYSTEM32\apphelp.dll
0x75f00000 - 0x76012000 	C:\WINDOWS\System32\ucrtbase.dll
0x6c4d0000 - 0x6c4e3000 	C:\Program Files (x86)\Eclipse Adoptium\jdk-11.0.21.9-hotspot\bin\VCRUNTIME140.dll
0x6efd0000 - 0x6efe5000 	C:\Program Files (x86)\Eclipse Adoptium\jdk-11.0.21.9-hotspot\bin\jli.dll
0x76270000 - 0x76419000 	C:\WINDOWS\System32\USER32.dll
0x75ee0000 - 0x75efa000 	C:\WINDOWS\System32\win32u.dll
0x772d0000 - 0x772f3000 	C:\WINDOWS\System32\GDI32.dll
0x6d6b0000 - 0x6d8d8000 	C:\WINDOWS\WinSxS\x86_microsoft.windows.common-controls_6595b64144ccf1df_6.0.22621.3235_none_6ebcabb88802389e\COMCTL32.dll
0x75a30000 - 0x75b12000 	C:\WINDOWS\System32\gdi32full.dll
0x776a0000 - 0x77764000 	C:\WINDOWS\System32\msvcrt.dll
0x761c0000 - 0x76239000 	C:\WINDOWS\System32\msvcp_win.dll
0x76240000 - 0x76265000 	C:\WINDOWS\System32\IMM32.DLL
0x6baf0000 - 0x6bb5f000 	C:\Program Files (x86)\Eclipse Adoptium\jdk-11.0.21.9-hotspot\bin\msvcp140.dll
0x656e0000 - 0x65bbb000 	C:\Program Files (x86)\Eclipse Adoptium\jdk-11.0.21.9-hotspot\bin\client\jvm.dll
0x75da0000 - 0x75e1f000 	C:\WINDOWS\System32\ADVAPI32.dll
0x77870000 - 0x778f5000 	C:\WINDOWS\System32\sechost.dll
0x75ec0000 - 0x75eda000 	C:\WINDOWS\System32\bcrypt.dll
0x76100000 - 0x761ba000 	C:\WINDOWS\System32\RPCRT4.dll
0x77260000 - 0x77266000 	C:\WINDOWS\System32\PSAPI.DLL
0x74690000 - 0x746c1000 	C:\WINDOWS\SYSTEM32\WINMM.dll
0x73250000 - 0x73258000 	C:\WINDOWS\SYSTEM32\WSOCK32.dll
0x75450000 - 0x75458000 	C:\WINDOWS\SYSTEM32\VERSION.dll
0x77540000 - 0x7759f000 	C:\WINDOWS\System32\WS2_32.dll
0x75460000 - 0x75473000 	C:\WINDOWS\SYSTEM32\kernel.appcore.dll
0x753a0000 - 0x753ad000 	C:\Program Files (x86)\Eclipse Adoptium\jdk-11.0.21.9-hotspot\bin\verify.dll
0x65ea0000 - 0x66076000 	C:\WINDOWS\SYSTEM32\DBGHELP.DLL
0x75640000 - 0x758bc000 	C:\WINDOWS\System32\combase.dll
0x75e20000 - 0x75ebc000 	C:\WINDOWS\System32\OLEAUT32.dll
0x6bac0000 - 0x6bae9000 	C:\WINDOWS\SYSTEM32\dbgcore.DLL
0x755d0000 - 0x75632000 	C:\WINDOWS\System32\bcryptPrimitives.dll
0x6ba90000 - 0x6bab2000 	C:\Program Files (x86)\Eclipse Adoptium\jdk-11.0.21.9-hotspot\bin\java.dll
0x746d0000 - 0x746d9000 	C:\Program Files (x86)\Eclipse Adoptium\jdk-11.0.21.9-hotspot\bin\jimage.dll
0x6c920000 - 0x6c92d000 	C:\Program Files (x86)\Eclipse Adoptium\jdk-11.0.21.9-hotspot\bin\instrument.dll
0x6ba70000 - 0x6ba86000 	C:\Program Files (x86)\Eclipse Adoptium\jdk-11.0.21.9-hotspot\bin\zip.dll
0x76670000 - 0x76d09000 	C:\WINDOWS\System32\SHELL32.dll
0x71630000 - 0x71d1f000 	C:\WINDOWS\SYSTEM32\windows.storage.dll
0x70b40000 - 0x70c07000 	C:\WINDOWS\SYSTEM32\wintypes.dll
0x77300000 - 0x773c1000 	C:\WINDOWS\System32\SHCORE.dll
0x76020000 - 0x7606b000 	C:\WINDOWS\System32\shlwapi.dll
0x70b20000 - 0x70b39000 	C:\WINDOWS\SYSTEM32\profapi.dll
0x6ba50000 - 0x6ba64000 	C:\Program Files (x86)\Eclipse Adoptium\jdk-11.0.21.9-hotspot\bin\net.dll
0x74900000 - 0x749dc000 	C:\WINDOWS\SYSTEM32\WINHTTP.dll
0x6f900000 - 0x6f951000 	C:\WINDOWS\system32\mswsock.dll
0x6dc90000 - 0x6dc9f000 	C:\Program Files (x86)\Eclipse Adoptium\jdk-11.0.21.9-hotspot\bin\nio.dll
0x6ba30000 - 0x6ba46000 	C:\Users\luigu\AppData\Local\Programs\IntelliJ IDEA Ultimate\bin\breakgen.dll
0x6ba20000 - 0x6ba23000 	C:\Users\luigu\.openjfx\cache\17.0.6\api-ms-win-core-console-l1-1-0.dll
0x6ba10000 - 0x6ba13000 	C:\Users\luigu\.openjfx\cache\17.0.6\api-ms-win-core-console-l1-2-0.dll
0x6ba00000 - 0x6ba03000 	C:\Users\luigu\.openjfx\cache\17.0.6\api-ms-win-core-datetime-l1-1-0.dll
0x6b9f0000 - 0x6b9f3000 	C:\Users\luigu\.openjfx\cache\17.0.6\api-ms-win-core-debug-l1-1-0.dll
0x6b9e0000 - 0x6b9e3000 	C:\Users\luigu\.openjfx\cache\17.0.6\api-ms-win-core-errorhandling-l1-1-0.dll
0x6b9d0000 - 0x6b9d4000 	C:\Users\luigu\.openjfx\cache\17.0.6\api-ms-win-core-file-l1-1-0.dll
0x6b9c0000 - 0x6b9c3000 	C:\Users\luigu\.openjfx\cache\17.0.6\api-ms-win-core-file-l1-2-0.dll
0x6b9b0000 - 0x6b9b3000 	C:\Users\luigu\.openjfx\cache\17.0.6\api-ms-win-core-file-l2-1-0.dll
0x6b9a0000 - 0x6b9a3000 	C:\Users\luigu\.openjfx\cache\17.0.6\api-ms-win-core-handle-l1-1-0.dll
0x6b880000 - 0x6b883000 	C:\Users\luigu\.openjfx\cache\17.0.6\api-ms-win-core-heap-l1-1-0.dll
0x662e0000 - 0x662e3000 	C:\Users\luigu\.openjfx\cache\17.0.6\api-ms-win-core-interlocked-l1-1-0.dll
0x662d0000 - 0x662d3000 	C:\Users\luigu\.openjfx\cache\17.0.6\api-ms-win-core-libraryloader-l1-1-0.dll
0x662c0000 - 0x662c3000 	C:\Users\luigu\.openjfx\cache\17.0.6\api-ms-win-core-localization-l1-2-0.dll
0x662b0000 - 0x662b3000 	C:\Users\luigu\.openjfx\cache\17.0.6\api-ms-win-core-memory-l1-1-0.dll
0x662a0000 - 0x662a3000 	C:\Users\luigu\.openjfx\cache\17.0.6\api-ms-win-core-namedpipe-l1-1-0.dll
0x66290000 - 0x66293000 	C:\Users\luigu\.openjfx\cache\17.0.6\api-ms-win-core-processenvironment-l1-1-0.dll
0x66280000 - 0x66283000 	C:\Users\luigu\.openjfx\cache\17.0.6\api-ms-win-core-processthreads-l1-1-0.dll
0x66270000 - 0x66273000 	C:\Users\luigu\.openjfx\cache\17.0.6\api-ms-win-core-processthreads-l1-1-1.dll
0x66260000 - 0x66263000 	C:\Users\luigu\.openjfx\cache\17.0.6\api-ms-win-core-profile-l1-1-0.dll
0x65e90000 - 0x65e93000 	C:\Users\luigu\.openjfx\cache\17.0.6\api-ms-win-core-rtlsupport-l1-1-0.dll
0x65e80000 - 0x65e83000 	C:\Users\luigu\.openjfx\cache\17.0.6\api-ms-win-core-string-l1-1-0.dll
0x65e70000 - 0x65e73000 	C:\Users\luigu\.openjfx\cache\17.0.6\api-ms-win-core-synch-l1-1-0.dll
0x65e60000 - 0x65e63000 	C:\Users\luigu\.openjfx\cache\17.0.6\api-ms-win-core-synch-l1-2-0.dll
0x65e50000 - 0x65e53000 	C:\Users\luigu\.openjfx\cache\17.0.6\api-ms-win-core-sysinfo-l1-1-0.dll
0x65e40000 - 0x65e43000 	C:\Users\luigu\.openjfx\cache\17.0.6\api-ms-win-core-timezone-l1-1-0.dll
0x65e30000 - 0x65e33000 	C:\Users\luigu\.openjfx\cache\17.0.6\api-ms-win-core-util-l1-1-0.dll
0x65e20000 - 0x65e23000 	C:\Users\luigu\.openjfx\cache\17.0.6\api-ms-win-crt-conio-l1-1-0.dll
0x65e10000 - 0x65e14000 	C:\Users\luigu\.openjfx\cache\17.0.6\api-ms-win-crt-convert-l1-1-0.dll
0x65e00000 - 0x65e03000 	C:\Users\luigu\.openjfx\cache\17.0.6\api-ms-win-crt-environment-l1-1-0.dll
0x65df0000 - 0x65df3000 	C:\Users\luigu\.openjfx\cache\17.0.6\api-ms-win-crt-filesystem-l1-1-0.dll
0x65de0000 - 0x65de3000 	C:\Users\luigu\.openjfx\cache\17.0.6\api-ms-win-crt-heap-l1-1-0.dll
0x65dd0000 - 0x65dd3000 	C:\Users\luigu\.openjfx\cache\17.0.6\api-ms-win-crt-locale-l1-1-0.dll
0x65dc0000 - 0x65dc5000 	C:\Users\luigu\.openjfx\cache\17.0.6\api-ms-win-crt-math-l1-1-0.dll
0x65db0000 - 0x65db5000 	C:\Users\luigu\.openjfx\cache\17.0.6\api-ms-win-crt-multibyte-l1-1-0.dll
0x65da0000 - 0x65db0000 	C:\Users\luigu\.openjfx\cache\17.0.6\api-ms-win-crt-private-l1-1-0.dll
0x65d90000 - 0x65d93000 	C:\Users\luigu\.openjfx\cache\17.0.6\api-ms-win-crt-process-l1-1-0.dll
0x65d80000 - 0x65d84000 	C:\Users\luigu\.openjfx\cache\17.0.6\api-ms-win-crt-runtime-l1-1-0.dll
0x65d70000 - 0x65d74000 	C:\Users\luigu\.openjfx\cache\17.0.6\api-ms-win-crt-stdio-l1-1-0.dll
0x65d60000 - 0x65d64000 	C:\Users\luigu\.openjfx\cache\17.0.6\api-ms-win-crt-string-l1-1-0.dll
0x65d50000 - 0x65d53000 	C:\Users\luigu\.openjfx\cache\17.0.6\api-ms-win-crt-time-l1-1-0.dll
0x65d40000 - 0x65d43000 	C:\Users\luigu\.openjfx\cache\17.0.6\api-ms-win-crt-utility-l1-1-0.dll
0x65c10000 - 0x65d33000 	C:\Users\luigu\.openjfx\cache\17.0.6\ucrtbase.dll
0x65bf0000 - 0x65c04000 	C:\Users\luigu\.openjfx\cache\17.0.6\vcruntime140.dll
0x65670000 - 0x656dd000 	C:\Users\luigu\.openjfx\cache\17.0.6\msvcp140.dll
0x65be0000 - 0x65be7000 	C:\Users\luigu\.openjfx\cache\17.0.6\msvcp140_1.dll
0x65640000 - 0x65669000 	C:\Users\luigu\.openjfx\cache\17.0.6\msvcp140_2.dll
0x65610000 - 0x65636000 	C:\Users\luigu\.openjfx\cache\17.0.6\prism_d3d.dll
0x65490000 - 0x65601000 	C:\WINDOWS\system32\d3d9.dll
0x6cca0000 - 0x6ccc4000 	C:\WINDOWS\SYSTEM32\dwmapi.dll
0x6dcd0000 - 0x6dcfe000 	C:\WINDOWS\SYSTEM32\dxcore.dll
0x6edb0000 - 0x6ee2f000 	C:\WINDOWS\system32\uxtheme.dll
0x65400000 - 0x65490000 	C:\WINDOWS\SYSTEM32\d3d9on12.dll
0x653e0000 - 0x653fd000 	C:\WINDOWS\SYSTEM32\d3d12.dll
0x6d280000 - 0x6d34a000 	C:\WINDOWS\SYSTEM32\dxgi.dll
0x73b20000 - 0x73b5d000 	C:\WINDOWS\SYSTEM32\cfgmgr32.dll
0x65230000 - 0x653e0000 	C:\WINDOWS\SYSTEM32\D3D12Core.dll
0x65210000 - 0x6522d000 	C:\WINDOWS\System32\DriverStore\FileRepository\iigd_dch.inf_amd64_3c65364e14984512\igd12umd32.dll
0x645e0000 - 0x6520a000 	C:\WINDOWS\System32\DriverStore\FileRepository\iigd_dch.inf_amd64_3c65364e14984512\igd12um32xel.dll
0x76d10000 - 0x76e13000 	C:\WINDOWS\System32\CRYPT32.dll
0x76420000 - 0x76575000 	C:\WINDOWS\System32\ole32.dll
0x645a0000 - 0x645d5000 	C:\WINDOWS\SYSTEM32\ControlLib32.dll
0x76e20000 - 0x7725d000 	C:\WINDOWS\System32\SETUPAPI.dll
0x6f2b0000 - 0x6f2d4000 	C:\WINDOWS\SYSTEM32\DEVOBJ.dll
0x64520000 - 0x64592000 	C:\WINDOWS\System32\DriverStore\FileRepository\iigd_dch.inf_amd64_3c65364e14984512\IntelControlLib32.dll
0x75570000 - 0x755c7000 	C:\WINDOWS\System32\WINTRUST.dll
0x6f2a0000 - 0x6f2ae000 	C:\WINDOWS\SYSTEM32\MSASN1.dll
0x6bbb0000 - 0x6bbec000 	C:\WINDOWS\SYSTEM32\directxdatabasehelper.dll
0x641c0000 - 0x644ef000 	C:\WINDOWS\System32\DriverStore\FileRepository\iigd_dch.inf_amd64_3c65364e14984512\igdgmm32.dll
0x681f0000 - 0x6b875000 	C:\WINDOWS\System32\DriverStore\FileRepository\iigd_dch.inf_amd64_3c65364e14984512\igc32.dll
0x644f0000 - 0x64511000 	C:\WINDOWS\SYSTEM32\D3DSCache.dll
0x74a60000 - 0x74a7f000 	C:\WINDOWS\SYSTEM32\USERENV.dll
0x62f40000 - 0x641bb000 	C:\WINDOWS\System32\DriverStore\FileRepository\iigd_dch.inf_amd64_3c65364e14984512\igd12dxva32.dll
0x61250000 - 0x62f40000 	C:\WINDOWS\System32\DriverStore\FileRepository\iigd_dch.inf_amd64_3c65364e14984512\media_bin_32.dll
0x61230000 - 0x61250000 	C:\WINDOWS\System32\DriverStore\FileRepository\iigd_dch.inf_amd64_3c65364e14984512\igdinfo32.dll
0x71d60000 - 0x71d75000 	C:\WINDOWS\SYSTEM32\CRYPTSP.dll
0x71d30000 - 0x71d60000 	C:\WINDOWS\system32\rsaenh.dll
0x71d20000 - 0x71d2b000 	C:\WINDOWS\SYSTEM32\CRYPTBASE.dll
0x6c5b0000 - 0x6c79c000 	C:\WINDOWS\SYSTEM32\twinapi.appcore.dll
0x611f0000 - 0x61227000 	C:\Users\luigu\.openjfx\cache\17.0.6\glass.dll

dbghelp: loaded successfully - version: 4.0.5 - missing functions: none
symbol engine: initialized successfully - sym options: 0x614 - pdb path: .;C:\Program Files (x86)\Eclipse Adoptium\jdk-11.0.21.9-hotspot\bin;C:\WINDOWS\SYSTEM32;C:\WINDOWS\WinSxS\x86_microsoft.windows.common-controls_6595b64144ccf1df_6.0.22621.3235_none_6ebcabb88802389e;C:\Program Files (x86)\Eclipse Adoptium\jdk-11.0.21.9-hotspot\bin\client;C:\Users\luigu\AppData\Local\Programs\IntelliJ IDEA Ultimate\bin;C:\Users\luigu\.openjfx\cache\17.0.6;C:\WINDOWS\System32\DriverStore\FileRepository\iigd_dch.inf_amd64_3c65364e14984512;C:\ProgramData\A-Volute\A-Volute.Nahimic\Modules\Scheduled;C:\Program Files (x86)\Common Files\Microsoft Shared\Ink

VM Arguments:
jvm_args: -javaagent:C:\Users\luigu\AppData\Local\Programs\IntelliJ IDEA Ultimate\lib\idea_rt.jar=52256:C:\Users\luigu\AppData\Local\Programs\IntelliJ IDEA Ultimate\bin -Dfile.encoding=UTF-8 --module-path=C:\Users\luigu\.m2\repository\org\openjfx\javafx-graphics\17.0.6\javafx-graphics-17.0.6-win-x86.jar;C:\Users\luigu\.m2\repository\org\openjfx\javafx-fxml\17.0.6\javafx-fxml-17.0.6-win-x86.jar;C:\Users\luigu\.m2\repository\com\dlsc\formsfx\formsfx-core\11.6.0\formsfx-core-11.6.0.jar;C:\Users\luigu\.m2\repository\org\controlsfx\controlsfx\11.1.2\controlsfx-11.1.2.jar;C:\Users\luigu\.m2\repository\org\openjfx\javafx-base\17.0.6\javafx-base-17.0.6-win-x86.jar;C:\Users\luigu\.m2\repository\net\synedra\validatorfx\0.4.0\validatorfx-0.4.0.jar;C:\Users\luigu\IdeaProjects\Joyeria_ProyectoMult\target\classes;C:\Users\luigu\.m2\repository\org\kordamp\bootstrapfx\bootstrapfx-core\0.4.0\bootstrapfx-core-0.4.0.jar;C:\Users\luigu\.m2\repository\org\openjfx\javafx-controls\17.0.6\javafx-controls-17.0.6-win-x86.jar -Djdk.module.main=com.eduard034.joyeria_proyectomult 
java_command: com.eduard034.joyeria_proyectomult/com.eduard034.joyeria_proyectomult.JoyeriaApp
java_class_path (initial): C:\Users\luigu\.m2\repository\org\openjfx\javafx-controls\17.0.6\javafx-controls-17.0.6.jar;C:\Users\luigu\.m2\repository\org\openjfx\javafx-graphics\17.0.6\javafx-graphics-17.0.6.jar;C:\Users\luigu\.m2\repository\org\openjfx\javafx-base\17.0.6\javafx-base-17.0.6.jar;C:\Users\luigu\.m2\repository\org\openjfx\javafx-fxml\17.0.6\javafx-fxml-17.0.6.jar
Launcher Type: SUN_STANDARD

[Global flags]
   size_t InitialHeapSize                          = 16777216                                  {product} {ergonomic}
   size_t MaxHeapSize                              = 268435456                                 {product} {ergonomic}
   size_t MaxNewSize                               = 89456640                                  {product} {ergonomic}
   size_t MinHeapDeltaBytes                        = 131072                                    {product} {ergonomic}
   size_t NewSize                                  = 5570560                                   {product} {ergonomic}
    uintx NonProfiledCodeHeapSize                  = 0                                      {pd product} {ergonomic}
   size_t OldSize                                  = 11206656                                  {product} {ergonomic}
    uintx ProfiledCodeHeapSize                     = 0                                      {pd product} {ergonomic}
     bool ThreadLocalHandshakes                    = false                                  {pd product} {ergonomic}
     bool UseLargePagesIndividualAllocation        = false                                  {pd product} {ergonomic}
     bool UseSerialGC                              = true                                      {product} {ergonomic}

Logging:
Log output configuration:
 #0: stdout all=warning uptime,level,tags
 #1: stderr all=off uptime,level,tags

Environment Variables:
PATH=C:\Program Files (x86)\Eclipse Adoptium\jre-11.0.21.9-hotspot\bin;C:\Program Files (x86)\Eclipse Adoptium\jdk-11.0.21.9-hotspot\bin;C:\Program Files (x86)\VMware\VMware Player\bin\;C:\Windows\system32;C:\Windows;C:\Windows\System32\Wbem;C:\Windows\System32\WindowsPowerShell\v1.0\;C:\Windows\System32\OpenSSH\;C:\Program Files (x86)\NVIDIA Corporation\PhysX\Common;C:\Program Files\NVIDIA Corporation\NVIDIA NvDLISR;C:\WINDOWS\system32;C:\WINDOWS;C:\WINDOWS\System32\Wbem;C:\WINDOWS\System32\WindowsPowerShell\v1.0\;C:\WINDOWS\System32\OpenSSH\;C:\Program Files\Git\cmd;C:\Users\luigu\AppData\Local\Microsoft\WindowsApps;C:\Users\luigu\AppData\Local\Programs\Microsoft VS Code\bin;C:\Users\luigu\AppData\Local\JetBrains\Toolbox\scripts;C:\Users\luigu\AppData\Local\GitHubDesktop\bin
USERNAME=luigu
OS=Windows_NT
PROCESSOR_IDENTIFIER=Intel64 Family 6 Model 154 Stepping 3, GenuineIntel
TMP=C:\Users\luigu\AppData\Local\Temp
TEMP=C:\Users\luigu\AppData\Local\Temp



---------------  S Y S T E M  ---------------

OS: Windows 11 , 64 bit Build 22621 (10.0.22621.3374)
OS uptime: 0 days 4:48 hours

CPU:total 12 (initial active 12) (6 cores per cpu, 2 threads per core) family 6 model 154 stepping 3 microcode 0x419, cmov, cx8, fxsr, mmx, sse, sse2, sse3, ssse3, sse4.1, sse4.2, popcnt, avx, avx2, aes, clmul, erms, 3dnowpref, lzcnt, ht, tsc, tscinvbit, bmi1, bmi2, adx, sha, fma

Memory: 4k page, system-wide physical 7917M (857M free)
TotalPageFile size 19693M (AvailPageFile size 8041M), user-mode portion of virtual address-space 2047M (1235M free)
current process WorkingSet (physical memory assigned to process): 256M, peak: 265M
current process commit charge ("private bytes"): 269M, peak: 269M

vm_info: OpenJDK Client VM (11.0.21+9) for windows-x86 JRE (11.0.21+9), built on Oct 17 2023 17:27:10 by "" with MS VC++ 15.9 (VS2017)

END.
