#
# A fatal error has been detected by the Java Runtime Environment:
#
#  EXCEPTION_ACCESS_VIOLATION (0xc0000005) at pc=0x00007ffa2276bdf6, pid=29092, tid=10856
#
# JRE version: OpenJDK Runtime Environment Corretto-11.0.22.7.1 (11.0.22+7) (build 11.0.22+7-LTS)
# Java VM: OpenJDK 64-Bit Server VM Corretto-11.0.22.7.1 (11.0.22+7-LTS, mixed mode, tiered, compressed oops, g1 gc, windows-amd64)
# Problematic frame:
# C  [glass.dll+0x1bdf6]
#
# No core dump will be written. Minidumps are not enabled by default on client versions of Windows
#
# If you would like to submit a bug report, please visit:
#   https://github.com/corretto/corretto-11/issues/
# The crash happened outside the Java Virtual Machine in native code.
# See problematic frame for where to report the bug.
#

---------------  S U M M A R Y ------------

Command Line: -javaagent:C:\Users\alonh\AppData\Local\Programs\IntelliJ IDEA Ultimate\lib\idea_rt.jar=54874:C:\Users\alonh\AppData\Local\Programs\IntelliJ IDEA Ultimate\bin -Dfile.encoding=UTF-8 --module-path=C:\Users\alonh\.m2\repository\org\openjfx\javafx-fxml\17.0.6\javafx-fxml-17.0.6-win.jar;C:\Users\alonh\.m2\repository\com\dlsc\formsfx\formsfx-core\11.6.0\formsfx-core-11.6.0.jar;C:\Users\alonh\IdeaProjects\Joyeria_ProyectoMult\target\classes;C:\Users\alonh\.m2\repository\org\openjfx\javafx-graphics\17.0.6\javafx-graphics-17.0.6-win.jar;C:\Users\alonh\.m2\repository\org\openjfx\javafx-base\17.0.6\javafx-base-17.0.6-win.jar;C:\Users\alonh\.m2\repository\net\synedra\validatorfx\0.4.0\validatorfx-0.4.0.jar;C:\Users\alonh\.m2\repository\org\kordamp\bootstrapfx\bootstrapfx-core\0.4.0\bootstrapfx-core-0.4.0.jar;C:\Users\alonh\.m2\repository\org\controlsfx\controlsfx\11.1.2\controlsfx-11.1.2.jar;C:\Users\alonh\.m2\repository\org\openjfx\javafx-controls\17.0.6\javafx-controls-17.0.6-win.jar -Djdk.module.main=com.eduard034.joyeria_proyectomult com.eduard034.joyeria_proyectomult/com.eduard034.joyeria_proyectomult.JoyeriaApp

Host: 12th Gen Intel(R) Core(TM) i5-12450H, 12 cores, 7G,  Windows 11 , 64 bit Build 22621 (10.0.22621.3374)
Time: Thu Apr 18 15:08:12 2024 Hora estándar central (México) elapsed time: 12.697670 seconds (0d 0h 0m 12s)

---------------  T H R E A D  ---------------

Current thread (0x000002a87d675000):  JavaThread "JavaFX Application Thread" [_thread_in_native, id=10856, stack(0x000000bd81a00000,0x000000bd81b00000)]

Stack: [0x000000bd81a00000,0x000000bd81b00000],  sp=0x000000bd81afc5c0,  free space=1009k
Native frames: (J=compiled Java code, j=interpreted, Vv=VM code, C=native code)
C  [glass.dll+0x1bdf6]

Java frames: (J=compiled Java code, j=interpreted, Vv=VM code)
j  com.sun.glass.ui.win.WinWindow._close(J)Z+0 javafx.graphics
j  com.sun.glass.ui.Window.close()V+63 javafx.graphics
j  com.sun.glass.ui.win.WinWindow.close()V+8 javafx.graphics
j  com.sun.glass.ui.Application.terminate()V+75 javafx.graphics
j  com.sun.javafx.tk.quantum.QuantumToolkit.lambda$exit$13()Ljava/lang/Object;+5 javafx.graphics
j  com.sun.javafx.tk.quantum.QuantumToolkit$$Lambda$444.get()Ljava/lang/Object;+0 javafx.graphics
j  com.sun.javafx.tk.quantum.QuantumToolkit.runWithRenderLock(Ljava/util/function/Supplier;)Ljava/lang/Object;+7 javafx.graphics
j  com.sun.javafx.tk.quantum.QuantumToolkit.exit()V+26 javafx.graphics
j  com.sun.javafx.application.PlatformImpl.lambda$tkExit$16()V+3 javafx.graphics
j  com.sun.javafx.application.PlatformImpl$$Lambda$443.run()V+0 javafx.graphics
j  com.sun.javafx.application.PlatformImpl.lambda$runAndWait$12(Ljava/lang/Runnable;Ljava/util/concurrent/CountDownLatch;)V+1 javafx.graphics
j  com.sun.javafx.application.PlatformImpl$$Lambda$91.run()V+8 javafx.graphics
j  com.sun.javafx.application.PlatformImpl.lambda$runLater$10(Ljava/lang/Runnable;)Ljava/lang/Void;+1 javafx.graphics
j  com.sun.javafx.application.PlatformImpl$$Lambda$94.run()Ljava/lang/Object;+4 javafx.graphics
v  ~StubRoutines::call_stub
J 2049  java.security.AccessController.doPrivileged(Ljava/security/PrivilegedAction;Ljava/security/AccessControlContext;)Ljava/lang/Object; java.base@11.0.22 (0 bytes) @ 0x000002a807bb9026 [0x000002a807bb8fc0+0x0000000000000066]
j  com.sun.javafx.application.PlatformImpl.lambda$runLater$11(Ljava/lang/Runnable;Ljava/security/AccessControlContext;)V+7 javafx.graphics
j  com.sun.javafx.application.PlatformImpl$$Lambda$93.run()V+8 javafx.graphics
J 2374 c1 com.sun.glass.ui.InvokeLaterDispatcher$Future.run()V javafx.graphics (91 bytes) @ 0x000002a8009ead04 [0x000002a8009eac00+0x0000000000000104]
v  ~StubRoutines::call_stub
j  com.sun.glass.ui.win.WinApplication._runLoop(Ljava/lang/Runnable;)V+0 javafx.graphics
j  com.sun.glass.ui.win.WinApplication.lambda$runLoop$3(ILjava/lang/Runnable;)V+8 javafx.graphics
j  com.sun.glass.ui.win.WinApplication$$Lambda$82.run()V+12 javafx.graphics
j  java.lang.Thread.run()V+11 java.base@11.0.22
v  ~StubRoutines::call_stub

siginfo: EXCEPTION_ACCESS_VIOLATION (0xc0000005), reading address 0x0000000000000130


Register to memory mapping:

RIP=0x00007ffa2276bdf6 glass.dll
RAX=0x0 is NULL
RBX=0x0 is NULL
RCX=0x0 is NULL
RDX=0x0 is NULL
RSP=0x000000bd81afc5c0 is pointing into the stack for thread: 0x000002a87d675000
RBP=0x0 is NULL
RSI=0x0000000000000401 is an unknown value
RDI=0x000000bd81afc910 is pointing into the stack for thread: 0x000002a87d675000
R8 =0x000000bd81afc910 is pointing into the stack for thread: 0x000002a87d675000
R9 =0x0 is NULL
R10=0x0 is NULL
R11=0x0000000000000246 is an unknown value
R12=0x0 is NULL
R13=0x0 is NULL
R14=0x0 is NULL
R15=0x0 is NULL


Registers:
RAX=0x0000000000000000, RBX=0x0000000000000000, RCX=0x0000000000000000, RDX=0x0000000000000000
RSP=0x000000bd81afc5c0, RBP=0x0000000000000000, RSI=0x0000000000000401, RDI=0x000000bd81afc910
R8 =0x000000bd81afc910, R9 =0x0000000000000000, R10=0x0000000000000000, R11=0x0000000000000246
R12=0x0000000000000000, R13=0x0000000000000000, R14=0x0000000000000000, R15=0x0000000000000000
RIP=0x00007ffa2276bdf6, EFLAGS=0x0000000000010206

Top of Stack: (sp=0x000000bd81afc5c0)
0x000000bd81afc5c0:   0000000000000578 000000bd81afc5d0
0x000000bd81afc5d0:   0000000000180016 00007ffa227775c0
0x000000bd81afc5e0:   000000bd81afc910 00007ffa2276a871
0x000000bd81afc5f0:   0000000000000000 000000bd81afc910
0x000000bd81afc600:   0000000000000401 000002a869cab320
0x000000bd81afc610:   000002a87d878cf0 00007ffa2275a395
0x000000bd81afc620:   000000bd81afc910 000002a87ba38901
0x000000bd81afc630:   000000000000c08c 000002a8164a3800
0x000000bd81afc640:   0000000000000000 00007ffa227517bb
0x000000bd81afc650:   000002a87d878cf0 000000bd81afc910
0x000000bd81afc660:   0000000000000401 0000000000040bfa
0x000000bd81afc670:   0000000000000401 00007ffa8aca8961
0x000000bd81afc680:   0000000000000000 000000bd81afc848
0x000000bd81afc690:   0000000080000022 0000000000000001
0x000000bd81afc6a0:   000002a87cae86f8 000002a87d675000
0x000000bd81afc6b0:   000002a87d675000 0000000000000001 

Instructions: (pc=0x00007ffa2276bdf6)
0x00007ffa2276bcf6:   85 c0 74 08 48 8b c8 e8 ee 00 00 00 48 c7 05 23
0x00007ffa2276bd06:   e1 01 00 00 00 00 00 48 83 c4 28 c3 cc cc cc cc
0x00007ffa2276bd16:   cc cc cc cc cc cc cc cc cc cc 48 89 5c 24 08 57
0x00007ffa2276bd26:   48 83 ec 30 48 8b fa 48 8b d9 48 39 91 30 01 00
0x00007ffa2276bd36:   00 0f 84 a5 00 00 00 e8 ae 00 00 00 48 8b 93 30
0x00007ffa2276bd46:   01 00 00 48 85 d2 75 04 48 8b 53 08 48 89 54 24
0x00007ffa2276bd56:   20 4c 8b c7 48 85 ff 75 04 4c 8b 43 08 48 8d 0d
0x00007ffa2276bd66:   a6 e2 00 00 4c 89 44 24 28 e8 bc 78 fe ff 48 8b
0x00007ffa2276bd76:   4c 24 20 4c 8d 44 24 20 48 8d 15 db f7 ff ff ff
0x00007ffa2276bd86:   15 05 da 01 00 48 8b 05 6e dd 01 00 48 85 c0 75
0x00007ffa2276bd96:   04 33 c9 eb 03 8b 48 40 4c 8d 44 24 20 48 8d 15
0x00007ffa2276bda6:   f6 f7 ff ff ff 15 e8 d9 01 00 48 89 bb 30 01 00
0x00007ffa2276bdb6:   00 e8 54 38 00 00 4c 8b 05 ed e0 01 00 48 8b c8
0x00007ffa2276bdc6:   48 8b 93 c0 00 00 00 4c 8b cf e8 db 92 fe ff e8
0x00007ffa2276bdd6:   36 38 00 00 48 8b c8 e8 4e 37 00 00 48 8b 5c 24
0x00007ffa2276bde6:   40 48 83 c4 30 5f c3 cc cc cc 40 57 48 83 ec 20
0x00007ffa2276bdf6:   48 8b 81 30 01 00 00 48 8b f9 48 85 c0 75 04 48
0x00007ffa2276be06:   8b 41 08 48 3b 05 20 e0 01 00 75 3b 48 89 5c 24
0x00007ffa2276be16:   30 e8 f4 37 00 00 4c 8b 05 7d e0 01 00 48 8b c8
0x00007ffa2276be26:   48 8b 97 c0 00 00 00 48 8b d8 e8 7b 92 fe ff 48
0x00007ffa2276be36:   8b cb e8 f3 36 00 00 48 8b 5c 24 30 48 c7 05 e3
0x00007ffa2276be46:   df 01 00 00 00 00 00 48 83 c4 20 5f c3 cc cc cc
0x00007ffa2276be56:   cc cc cc cc cc cc cc cc cc cc 40 53 48 83 ec 50
0x00007ffa2276be66:   48 8b 05 5b b3 01 00 48 33 c4 48 89 44 24 40 48
0x00007ffa2276be76:   8b d9 48 8b 49 08 ff 15 86 d8 01 00 85 c0 0f 85
0x00007ffa2276be86:   1b 01 00 00 48 8b 4b 08 48 8d 54 24 30 ff 15 af
0x00007ffa2276be96:   d6 01 00 48 8b 4b 08 48 8d 54 24 20 ff 15 08 d7
0x00007ffa2276bea6:   01 00 48 8b 4b 08 4c 8d 44 24 20 41 b9 02 00 00
0x00007ffa2276beb6:   00 33 d2 ff 15 f9 d6 01 00 8b 44 24 24 2b 44 24
0x00007ffa2276bec6:   34 44 8b 44 24 20 44 2b 44 24 30 8b 54 24 3c 2b
0x00007ffa2276bed6:   54 24 2c 8b 4c 24 38 2b 4c 24 28 89 83 1c 01 00
0x00007ffa2276bee6:   00 44 89 83 18 01 00 00 89 93 24 01 00 00 89 8b 


Stack slot to memory mapping:
stack at sp + 0 slots: 0x0000000000000578 is an unknown value
stack at sp + 1 slots: 0x000000bd81afc5d0 is pointing into the stack for thread: 0x000002a87d675000
stack at sp + 2 slots: 0x0000000000180016 is an unknown value
stack at sp + 3 slots: 0x00007ffa227775c0 glass.dll
stack at sp + 4 slots: 0x000000bd81afc910 is pointing into the stack for thread: 0x000002a87d675000
stack at sp + 5 slots: 0x00007ffa2276a871 glass.dll
stack at sp + 6 slots: 0x0 is NULL
stack at sp + 7 slots: 0x000000bd81afc910 is pointing into the stack for thread: 0x000002a87d675000


---------------  P R O C E S S  ---------------

Threads class SMR info:
_java_thread_list=0x000002a87dce0ca0, length=18, elements={
0x000002a86b86f000, 0x000002a87c337800, 0x000002a87c362800, 0x000002a87bb2c800,
0x000002a87bb2d800, 0x000002a87bb2e800, 0x000002a87c3ae800, 0x000002a87c3b3800,
0x000002a87c3b5000, 0x000002a87c53b000, 0x000002a87c72e800, 0x000002a87c5bf800,
0x000002a87d664800, 0x000002a87d675000, 0x000002a87d9a0800, 0x000002a87d9a1800,
0x000002a87dc05000, 0x000002a816879800
}

Java Threads: ( => current thread )
  0x000002a86b86f000 JavaThread "main" [_thread_blocked, id=20964, stack(0x000000bd80200000,0x000000bd80300000)]
  0x000002a87c337800 JavaThread "Reference Handler" daemon [_thread_blocked, id=26568, stack(0x000000bd80900000,0x000000bd80a00000)]
  0x000002a87c362800 JavaThread "Finalizer" daemon [_thread_blocked, id=6228, stack(0x000000bd80a00000,0x000000bd80b00000)]
  0x000002a87bb2c800 JavaThread "Signal Dispatcher" daemon [_thread_blocked, id=8896, stack(0x000000bd80b00000,0x000000bd80c00000)]
  0x000002a87bb2d800 JavaThread "Attach Listener" daemon [_thread_blocked, id=29524, stack(0x000000bd80c00000,0x000000bd80d00000)]
  0x000002a87bb2e800 JavaThread "Service Thread" daemon [_thread_blocked, id=12580, stack(0x000000bd80d00000,0x000000bd80e00000)]
  0x000002a87c3ae800 JavaThread "C2 CompilerThread0" daemon [_thread_blocked, id=12188, stack(0x000000bd80e00000,0x000000bd80f00000)]
  0x000002a87c3b3800 JavaThread "C1 CompilerThread0" daemon [_thread_blocked, id=25848, stack(0x000000bd80f00000,0x000000bd81000000)]
  0x000002a87c3b5000 JavaThread "Sweeper thread" daemon [_thread_blocked, id=11408, stack(0x000000bd81000000,0x000000bd81100000)]
  0x000002a87c53b000 JavaThread "Common-Cleaner" daemon [_thread_blocked, id=33240, stack(0x000000bd81100000,0x000000bd81200000)]
  0x000002a87c72e800 JavaThread "Monitor Ctrl-Break" daemon [_thread_in_native, id=29764, stack(0x000000bd81400000,0x000000bd81500000)]
  0x000002a87c5bf800 JavaThread "QuantumRenderer-0" daemon [_thread_blocked, id=3440, stack(0x000000bd81200000,0x000000bd81300000)]
  0x000002a87d664800 JavaThread "InvokeLaterDispatcher" daemon [_thread_blocked, id=20892, stack(0x000000bd81900000,0x000000bd81a00000)]
=>0x000002a87d675000 JavaThread "JavaFX Application Thread" [_thread_in_native, id=10856, stack(0x000000bd81a00000,0x000000bd81b00000)]
  0x000002a87d9a0800 JavaThread "Thread-1" daemon [_thread_in_native, id=15960, stack(0x000000bd81c00000,0x000000bd81d00000)]
  0x000002a87d9a1800 JavaThread "JavaFX-Launcher" [_thread_blocked, id=13204, stack(0x000000bd81d00000,0x000000bd81e00000)]
  0x000002a87dc05000 JavaThread "Prism Font Disposer" daemon [_thread_blocked, id=20668, stack(0x000000bd82300000,0x000000bd82400000)]
  0x000002a816879800 JavaThread "Cleaner-0" daemon [_thread_blocked, id=20796, stack(0x000000bd82400000,0x000000bd82500000)]

Other Threads:
  0x000002a87bb27000 VMThread "VM Thread" [stack: 0x000000bd80800000,0x000000bd80900000] [id=18464]
  0x000002a87cef5000 WatcherThread [stack: 0x000000bd81500000,0x000000bd81600000] [id=20000]
  0x000002a86b888000 GCTaskThread "GC Thread#0" [stack: 0x000000bd80300000,0x000000bd80400000] [id=12024]
  0x000002a87d95e000 GCTaskThread "GC Thread#1" [stack: 0x000000bd81e00000,0x000000bd81f00000] [id=28452]
  0x000002a87d9aa000 GCTaskThread "GC Thread#2" [stack: 0x000000bd81f00000,0x000000bd82000000] [id=29516]
  0x000002a87d9aa800 GCTaskThread "GC Thread#3" [stack: 0x000000bd82000000,0x000000bd82100000] [id=28740]
  0x000002a87d960800 GCTaskThread "GC Thread#4" [stack: 0x000000bd82100000,0x000000bd82200000] [id=15100]
  0x000002a87d961800 GCTaskThread "GC Thread#5" [stack: 0x000000bd82200000,0x000000bd82300000] [id=16188]
  0x000002a86b8b8000 ConcurrentGCThread "G1 Main Marker" [stack: 0x000000bd80400000,0x000000bd80500000] [id=7224]
  0x000002a86b8b9800 ConcurrentGCThread "G1 Conc#0" [stack: 0x000000bd80500000,0x000000bd80600000] [id=11348]
  0x000002a87ddb4000 ConcurrentGCThread "G1 Conc#1" [stack: 0x000000bd82800000,0x000000bd82900000] [id=20764]
  0x000002a87dc75000 ConcurrentGCThread "G1 Conc#2" [stack: 0x000000bd82900000,0x000000bd82a00000] [id=5980]
  0x000002a87b978800 ConcurrentGCThread "G1 Refine#0" [stack: 0x000000bd80600000,0x000000bd80700000] [id=11584]
  0x000002a87b97b000 ConcurrentGCThread "G1 Young RemSet Sampling" [stack: 0x000000bd80700000,0x000000bd80800000] [id=23776]

Threads with active compile tasks:

VM state:not at safepoint (normal execution)

VM Mutex/Monitor currently owned by a thread: None

Heap address: 0x0000000084800000, size: 1976 MB, Compressed Oops mode: 32-bit
Narrow klass base: 0x0000000000000000, Narrow klass shift: 3
Compressed class space size: 1073741824 Address: 0x0000000100000000

Heap:
 garbage-first heap   total 126976K, used 45438K [0x0000000084800000, 0x0000000100000000)
  region size 1024K, 29 young (29696K), 8 survivors (8192K)
 Metaspace       used 25128K, capacity 25957K, committed 26160K, reserved 1073152K
  class space    used 3072K, capacity 3416K, committed 3456K, reserved 1048576K
Heap Regions: E=young(eden), S=young(survivor), O=old, HS=humongous(starts), HC=humongous(continues), CS=collection set, F=free, A=archive, TAMS=top-at-mark-start (previous, next)
|   0|0x0000000084800000, 0x000000008481ec00, 0x0000000084900000| 12%| O|  |TAMS 0x000000008481ec00, 0x0000000084800000| Untracked 
|   1|0x0000000084900000, 0x0000000084a00000, 0x0000000084a00000|100%|HS|  |TAMS 0x0000000084a00000, 0x0000000084900000| Complete 
|   2|0x0000000084a00000, 0x0000000084b00000, 0x0000000084b00000|100%|HC|  |TAMS 0x0000000084b00000, 0x0000000084a00000| Complete 
|   3|0x0000000084b00000, 0x0000000084c00000, 0x0000000084c00000|100%|HC|  |TAMS 0x0000000084c00000, 0x0000000084b00000| Complete 
|   4|0x0000000084c00000, 0x0000000084d00000, 0x0000000084d00000|100%|HC|  |TAMS 0x0000000084d00000, 0x0000000084c00000| Complete 
|   5|0x0000000084d00000, 0x0000000084e00000, 0x0000000084e00000|100%|HC|  |TAMS 0x0000000084e00000, 0x0000000084d00000| Complete 
|   6|0x0000000084e00000, 0x0000000084f00000, 0x0000000084f00000|100%|HC|  |TAMS 0x0000000084f00000, 0x0000000084e00000| Complete 
|   7|0x0000000084f00000, 0x0000000085000000, 0x0000000085000000|100%|HC|  |TAMS 0x0000000085000000, 0x0000000084f00000| Complete 
|   8|0x0000000085000000, 0x0000000085100000, 0x0000000085100000|100%|HS|  |TAMS 0x0000000085000000, 0x0000000085000000| Complete 
|   9|0x0000000085100000, 0x0000000085200000, 0x0000000085200000|100%|HC|  |TAMS 0x0000000085100000, 0x0000000085100000| Complete 
|  10|0x0000000085200000, 0x0000000085300000, 0x0000000085300000|100%|HS|  |TAMS 0x0000000085200000, 0x0000000085200000| Complete 
|  11|0x0000000085300000, 0x0000000085400000, 0x0000000085400000|100%|HC|  |TAMS 0x0000000085300000, 0x0000000085300000| Complete 
|  12|0x0000000085400000, 0x0000000085500000, 0x0000000085500000|100%|HC|  |TAMS 0x0000000085400000, 0x0000000085400000| Complete 
|  13|0x0000000085500000, 0x0000000085600000, 0x0000000085600000|100%|HC|  |TAMS 0x0000000085500000, 0x0000000085500000| Complete 
|  14|0x0000000085600000, 0x0000000085700000, 0x0000000085700000|100%|HC|  |TAMS 0x0000000085600000, 0x0000000085600000| Complete 
|  15|0x0000000085700000, 0x0000000085800000, 0x0000000085800000|100%|HC|  |TAMS 0x0000000085700000, 0x0000000085700000| Complete 
|  16|0x0000000085800000, 0x0000000085900000, 0x0000000085900000|100%|HC|  |TAMS 0x0000000085800000, 0x0000000085800000| Complete 
|  17|0x0000000085900000, 0x0000000085a00000, 0x0000000085a00000|100%|HS|  |TAMS 0x0000000085900000, 0x0000000085900000| Complete 
|  18|0x0000000085a00000, 0x0000000085b00000, 0x0000000085b00000|100%|HC|  |TAMS 0x0000000085a00000, 0x0000000085a00000| Complete 
|  19|0x0000000085b00000, 0x0000000085b00000, 0x0000000085c00000|  0%| F|  |TAMS 0x0000000085b00000, 0x0000000085b00000| Untracked 
|  20|0x0000000085c00000, 0x0000000085c00000, 0x0000000085d00000|  0%| F|  |TAMS 0x0000000085c00000, 0x0000000085c00000| Untracked 
|  21|0x0000000085d00000, 0x0000000085d00000, 0x0000000085e00000|  0%| F|  |TAMS 0x0000000085d00000, 0x0000000085d00000| Untracked 
|  22|0x0000000085e00000, 0x0000000085e00000, 0x0000000085f00000|  0%| F|  |TAMS 0x0000000085e00000, 0x0000000085e00000| Untracked 
|  23|0x0000000085f00000, 0x0000000085f00000, 0x0000000086000000|  0%| F|  |TAMS 0x0000000085f00000, 0x0000000085f00000| Untracked 
|  24|0x0000000086000000, 0x0000000086000000, 0x0000000086100000|  0%| F|  |TAMS 0x0000000086000000, 0x0000000086000000| Untracked 
|  25|0x0000000086100000, 0x0000000086100000, 0x0000000086200000|  0%| F|  |TAMS 0x0000000086100000, 0x0000000086100000| Untracked 
|  26|0x0000000086200000, 0x0000000086200000, 0x0000000086300000|  0%| F|  |TAMS 0x0000000086200000, 0x0000000086200000| Untracked 
|  27|0x0000000086300000, 0x0000000086300000, 0x0000000086400000|  0%| F|  |TAMS 0x0000000086300000, 0x0000000086300000| Untracked 
|  28|0x0000000086400000, 0x0000000086400000, 0x0000000086500000|  0%| F|  |TAMS 0x0000000086400000, 0x0000000086400000| Untracked 
|  29|0x0000000086500000, 0x0000000086500000, 0x0000000086600000|  0%| F|  |TAMS 0x0000000086500000, 0x0000000086500000| Untracked 
|  30|0x0000000086600000, 0x0000000086600000, 0x0000000086700000|  0%| F|  |TAMS 0x0000000086600000, 0x0000000086600000| Untracked 
|  31|0x0000000086700000, 0x0000000086700000, 0x0000000086800000|  0%| F|  |TAMS 0x0000000086700000, 0x0000000086700000| Untracked 
|  32|0x0000000086800000, 0x0000000086800000, 0x0000000086900000|  0%| F|  |TAMS 0x0000000086800000, 0x0000000086800000| Untracked 
|  33|0x0000000086900000, 0x0000000086900000, 0x0000000086a00000|  0%| F|  |TAMS 0x0000000086900000, 0x0000000086900000| Untracked 
|  34|0x0000000086a00000, 0x0000000086a00000, 0x0000000086b00000|  0%| F|  |TAMS 0x0000000086a00000, 0x0000000086a00000| Untracked 
|  35|0x0000000086b00000, 0x0000000086b00000, 0x0000000086c00000|  0%| F|  |TAMS 0x0000000086b00000, 0x0000000086b00000| Untracked 
|  36|0x0000000086c00000, 0x0000000086c00000, 0x0000000086d00000|  0%| F|  |TAMS 0x0000000086c00000, 0x0000000086c00000| Untracked 
|  37|0x0000000086d00000, 0x0000000086d00000, 0x0000000086e00000|  0%| F|  |TAMS 0x0000000086d00000, 0x0000000086d00000| Untracked 
|  38|0x0000000086e00000, 0x0000000086e00000, 0x0000000086f00000|  0%| F|  |TAMS 0x0000000086e00000, 0x0000000086e00000| Untracked 
|  39|0x0000000086f00000, 0x0000000086f00000, 0x0000000087000000|  0%| F|  |TAMS 0x0000000086f00000, 0x0000000086f00000| Untracked 
|  40|0x0000000087000000, 0x0000000087000000, 0x0000000087100000|  0%| F|  |TAMS 0x0000000087000000, 0x0000000087000000| Untracked 
|  41|0x0000000087100000, 0x0000000087100000, 0x0000000087200000|  0%| F|  |TAMS 0x0000000087100000, 0x0000000087100000| Untracked 
|  42|0x0000000087200000, 0x0000000087200000, 0x0000000087300000|  0%| F|  |TAMS 0x0000000087200000, 0x0000000087200000| Untracked 
|  43|0x0000000087300000, 0x0000000087300000, 0x0000000087400000|  0%| F|  |TAMS 0x0000000087300000, 0x0000000087300000| Untracked 
|  44|0x0000000087400000, 0x0000000087400000, 0x0000000087500000|  0%| F|  |TAMS 0x0000000087400000, 0x0000000087400000| Untracked 
|  45|0x0000000087500000, 0x0000000087500000, 0x0000000087600000|  0%| F|  |TAMS 0x0000000087500000, 0x0000000087500000| Untracked 
|  46|0x0000000087600000, 0x0000000087600000, 0x0000000087700000|  0%| F|  |TAMS 0x0000000087600000, 0x0000000087600000| Untracked 
|  47|0x0000000087700000, 0x0000000087700000, 0x0000000087800000|  0%| F|  |TAMS 0x0000000087700000, 0x0000000087700000| Untracked 
|  48|0x0000000087800000, 0x0000000087800000, 0x0000000087900000|  0%| F|  |TAMS 0x0000000087800000, 0x0000000087800000| Untracked 
|  49|0x0000000087900000, 0x0000000087900000, 0x0000000087a00000|  0%| F|  |TAMS 0x0000000087900000, 0x0000000087900000| Untracked 
|  50|0x0000000087a00000, 0x0000000087a00000, 0x0000000087b00000|  0%| F|  |TAMS 0x0000000087a00000, 0x0000000087a00000| Untracked 
|  51|0x0000000087b00000, 0x0000000087b00000, 0x0000000087c00000|  0%| F|  |TAMS 0x0000000087b00000, 0x0000000087b00000| Untracked 
|  52|0x0000000087c00000, 0x0000000087c00000, 0x0000000087d00000|  0%| F|  |TAMS 0x0000000087c00000, 0x0000000087c00000| Untracked 
|  53|0x0000000087d00000, 0x0000000087d00000, 0x0000000087e00000|  0%| F|  |TAMS 0x0000000087d00000, 0x0000000087d00000| Untracked 
|  54|0x0000000087e00000, 0x0000000087e00000, 0x0000000087f00000|  0%| F|  |TAMS 0x0000000087e00000, 0x0000000087e00000| Untracked 
|  55|0x0000000087f00000, 0x0000000087f00000, 0x0000000088000000|  0%| F|  |TAMS 0x0000000087f00000, 0x0000000087f00000| Untracked 
|  56|0x0000000088000000, 0x0000000088000000, 0x0000000088100000|  0%| F|  |TAMS 0x0000000088000000, 0x0000000088000000| Untracked 
|  57|0x0000000088100000, 0x0000000088100000, 0x0000000088200000|  0%| F|  |TAMS 0x0000000088100000, 0x0000000088100000| Untracked 
|  58|0x0000000088200000, 0x0000000088200000, 0x0000000088300000|  0%| F|  |TAMS 0x0000000088200000, 0x0000000088200000| Untracked 
|  59|0x0000000088300000, 0x0000000088300000, 0x0000000088400000|  0%| F|  |TAMS 0x0000000088300000, 0x0000000088300000| Untracked 
|  60|0x0000000088400000, 0x0000000088400000, 0x0000000088500000|  0%| F|  |TAMS 0x0000000088400000, 0x0000000088400000| Untracked 
|  61|0x0000000088500000, 0x0000000088500000, 0x0000000088600000|  0%| F|  |TAMS 0x0000000088500000, 0x0000000088500000| Untracked 
|  62|0x0000000088600000, 0x0000000088600000, 0x0000000088700000|  0%| F|  |TAMS 0x0000000088600000, 0x0000000088600000| Untracked 
|  63|0x0000000088700000, 0x0000000088700000, 0x0000000088800000|  0%| F|  |TAMS 0x0000000088700000, 0x0000000088700000| Untracked 
|  64|0x0000000088800000, 0x0000000088800000, 0x0000000088900000|  0%| F|  |TAMS 0x0000000088800000, 0x0000000088800000| Untracked 
|  65|0x0000000088900000, 0x0000000088900000, 0x0000000088a00000|  0%| F|  |TAMS 0x0000000088900000, 0x0000000088900000| Untracked 
|  66|0x0000000088a00000, 0x0000000088a00000, 0x0000000088b00000|  0%| F|  |TAMS 0x0000000088a00000, 0x0000000088a00000| Untracked 
|  67|0x0000000088b00000, 0x0000000088b00000, 0x0000000088c00000|  0%| F|  |TAMS 0x0000000088b00000, 0x0000000088b00000| Untracked 
|  68|0x0000000088c00000, 0x0000000088c00000, 0x0000000088d00000|  0%| F|  |TAMS 0x0000000088c00000, 0x0000000088c00000| Untracked 
|  69|0x0000000088d00000, 0x0000000088d00000, 0x0000000088e00000|  0%| F|  |TAMS 0x0000000088d00000, 0x0000000088d00000| Untracked 
|  70|0x0000000088e00000, 0x0000000088e00000, 0x0000000088f00000|  0%| F|  |TAMS 0x0000000088e00000, 0x0000000088e00000| Untracked 
|  71|0x0000000088f00000, 0x0000000088f00000, 0x0000000089000000|  0%| F|  |TAMS 0x0000000088f00000, 0x0000000088f00000| Untracked 
|  72|0x0000000089000000, 0x0000000089000000, 0x0000000089100000|  0%| F|  |TAMS 0x0000000089000000, 0x0000000089000000| Untracked 
|  73|0x0000000089100000, 0x0000000089100000, 0x0000000089200000|  0%| F|  |TAMS 0x0000000089100000, 0x0000000089100000| Untracked 
|  74|0x0000000089200000, 0x0000000089200000, 0x0000000089300000|  0%| F|  |TAMS 0x0000000089200000, 0x0000000089200000| Untracked 
|  75|0x0000000089300000, 0x0000000089300000, 0x0000000089400000|  0%| F|  |TAMS 0x0000000089300000, 0x0000000089300000| Untracked 
|  76|0x0000000089400000, 0x0000000089400000, 0x0000000089500000|  0%| F|  |TAMS 0x0000000089400000, 0x0000000089400000| Untracked 
|  77|0x0000000089500000, 0x0000000089500000, 0x0000000089600000|  0%| F|  |TAMS 0x0000000089500000, 0x0000000089500000| Untracked 
|  78|0x0000000089600000, 0x0000000089600000, 0x0000000089700000|  0%| F|  |TAMS 0x0000000089600000, 0x0000000089600000| Untracked 
|  79|0x0000000089700000, 0x0000000089700000, 0x0000000089800000|  0%| F|  |TAMS 0x0000000089700000, 0x0000000089700000| Untracked 
|  80|0x0000000089800000, 0x0000000089800000, 0x0000000089900000|  0%| F|  |TAMS 0x0000000089800000, 0x0000000089800000| Untracked 
|  81|0x0000000089900000, 0x0000000089900000, 0x0000000089a00000|  0%| F|  |TAMS 0x0000000089900000, 0x0000000089900000| Untracked 
|  82|0x0000000089a00000, 0x0000000089a00000, 0x0000000089b00000|  0%| F|  |TAMS 0x0000000089a00000, 0x0000000089a00000| Untracked 
|  83|0x0000000089b00000, 0x0000000089b00000, 0x0000000089c00000|  0%| F|  |TAMS 0x0000000089b00000, 0x0000000089b00000| Untracked 
|  84|0x0000000089c00000, 0x0000000089c00000, 0x0000000089d00000|  0%| F|  |TAMS 0x0000000089c00000, 0x0000000089c00000| Untracked 
|  85|0x0000000089d00000, 0x0000000089d00000, 0x0000000089e00000|  0%| F|  |TAMS 0x0000000089d00000, 0x0000000089d00000| Untracked 
|  86|0x0000000089e00000, 0x0000000089e40cc0, 0x0000000089f00000| 25%| S|CS|TAMS 0x0000000089e00000, 0x0000000089e00000| Complete 
|  87|0x0000000089f00000, 0x000000008a000000, 0x000000008a000000|100%| S|CS|TAMS 0x0000000089f00000, 0x0000000089f00000| Complete 
|  88|0x000000008a000000, 0x000000008a100000, 0x000000008a100000|100%| S|CS|TAMS 0x000000008a000000, 0x000000008a000000| Complete 
|  89|0x000000008a100000, 0x000000008a200000, 0x000000008a200000|100%| S|CS|TAMS 0x000000008a100000, 0x000000008a100000| Complete 
|  90|0x000000008a200000, 0x000000008a300000, 0x000000008a300000|100%| S|CS|TAMS 0x000000008a200000, 0x000000008a200000| Complete 
|  91|0x000000008a300000, 0x000000008a400000, 0x000000008a400000|100%| S|CS|TAMS 0x000000008a300000, 0x000000008a300000| Complete 
|  92|0x000000008a400000, 0x000000008a500000, 0x000000008a500000|100%| S|CS|TAMS 0x000000008a400000, 0x000000008a400000| Complete 
|  93|0x000000008a500000, 0x000000008a600000, 0x000000008a600000|100%| S|CS|TAMS 0x000000008a500000, 0x000000008a500000| Complete 
|  94|0x000000008a600000, 0x000000008a600000, 0x000000008a700000|  0%| F|  |TAMS 0x000000008a600000, 0x000000008a600000| Untracked 
|  95|0x000000008a700000, 0x000000008a700000, 0x000000008a800000|  0%| F|  |TAMS 0x000000008a700000, 0x000000008a700000| Untracked 
|  96|0x000000008a800000, 0x000000008a800000, 0x000000008a900000|  0%| F|  |TAMS 0x000000008a800000, 0x000000008a800000| Untracked 
|  97|0x000000008a900000, 0x000000008a900000, 0x000000008aa00000|  0%| F|  |TAMS 0x000000008a900000, 0x000000008a900000| Untracked 
|  98|0x000000008aa00000, 0x000000008aa00000, 0x000000008ab00000|  0%| F|  |TAMS 0x000000008aa00000, 0x000000008aa00000| Untracked 
|  99|0x000000008ab00000, 0x000000008ab00000, 0x000000008ac00000|  0%| F|  |TAMS 0x000000008ab00000, 0x000000008ab00000| Untracked 
| 100|0x000000008ac00000, 0x000000008ac00000, 0x000000008ad00000|  0%| F|  |TAMS 0x000000008ac00000, 0x000000008ac00000| Untracked 
| 101|0x000000008ad00000, 0x000000008ad00000, 0x000000008ae00000|  0%| F|  |TAMS 0x000000008ad00000, 0x000000008ad00000| Untracked 
| 102|0x000000008ae00000, 0x000000008ae00000, 0x000000008af00000|  0%| F|  |TAMS 0x000000008ae00000, 0x000000008ae00000| Untracked 
| 103|0x000000008af00000, 0x000000008af77640, 0x000000008b000000| 46%| E|  |TAMS 0x000000008af00000, 0x000000008af00000| Complete 
| 104|0x000000008b000000, 0x000000008b100000, 0x000000008b100000|100%| E|CS|TAMS 0x000000008b000000, 0x000000008b000000| Complete 
| 105|0x000000008b100000, 0x000000008b200000, 0x000000008b200000|100%| E|CS|TAMS 0x000000008b100000, 0x000000008b100000| Complete 
| 106|0x000000008b200000, 0x000000008b300000, 0x000000008b300000|100%| E|CS|TAMS 0x000000008b200000, 0x000000008b200000| Complete 
| 107|0x000000008b300000, 0x000000008b400000, 0x000000008b400000|100%| E|CS|TAMS 0x000000008b300000, 0x000000008b300000| Complete 
| 108|0x000000008b400000, 0x000000008b500000, 0x000000008b500000|100%| E|CS|TAMS 0x000000008b400000, 0x000000008b400000| Complete 
| 109|0x000000008b500000, 0x000000008b600000, 0x000000008b600000|100%| E|CS|TAMS 0x000000008b500000, 0x000000008b500000| Complete 
| 110|0x000000008b600000, 0x000000008b700000, 0x000000008b700000|100%| E|  |TAMS 0x000000008b600000, 0x000000008b600000| Complete 
| 111|0x000000008b700000, 0x000000008b800000, 0x000000008b800000|100%| E|CS|TAMS 0x000000008b700000, 0x000000008b700000| Complete 
| 112|0x000000008b800000, 0x000000008b900000, 0x000000008b900000|100%| E|CS|TAMS 0x000000008b800000, 0x000000008b800000| Complete 
| 113|0x000000008b900000, 0x000000008ba00000, 0x000000008ba00000|100%| E|CS|TAMS 0x000000008b900000, 0x000000008b900000| Complete 
| 114|0x000000008ba00000, 0x000000008bb00000, 0x000000008bb00000|100%| E|CS|TAMS 0x000000008ba00000, 0x000000008ba00000| Complete 
| 115|0x000000008bb00000, 0x000000008bc00000, 0x000000008bc00000|100%| E|CS|TAMS 0x000000008bb00000, 0x000000008bb00000| Complete 
| 116|0x000000008bc00000, 0x000000008bd00000, 0x000000008bd00000|100%| E|CS|TAMS 0x000000008bc00000, 0x000000008bc00000| Complete 
| 117|0x000000008bd00000, 0x000000008be00000, 0x000000008be00000|100%| E|CS|TAMS 0x000000008bd00000, 0x000000008bd00000| Complete 
| 118|0x000000008be00000, 0x000000008bf00000, 0x000000008bf00000|100%| E|CS|TAMS 0x000000008be00000, 0x000000008be00000| Complete 
| 119|0x000000008bf00000, 0x000000008c000000, 0x000000008c000000|100%| E|CS|TAMS 0x000000008bf00000, 0x000000008bf00000| Complete 
| 120|0x000000008c000000, 0x000000008c100000, 0x000000008c100000|100%| E|CS|TAMS 0x000000008c000000, 0x000000008c000000| Complete 
| 121|0x000000008c100000, 0x000000008c200000, 0x000000008c200000|100%| E|CS|TAMS 0x000000008c100000, 0x000000008c100000| Complete 
| 122|0x000000008c200000, 0x000000008c300000, 0x000000008c300000|100%| E|CS|TAMS 0x000000008c200000, 0x000000008c200000| Complete 
| 123|0x000000008c300000, 0x000000008c400000, 0x000000008c400000|100%| E|CS|TAMS 0x000000008c300000, 0x000000008c300000| Complete 

Card table byte_map: [0x000002a874900000,0x000002a874ce0000] _byte_map_base: 0x000002a8744dc000

Marking Bits (Prev, Next): (CMBitMap*) 0x000002a86b8af8c0, (CMBitMap*) 0x000002a86b8af888
 Prev Bits: [0x000002a876fa0000, 0x000002a878e80000)
 Next Bits: [0x000002a8750c0000, 0x000002a876fa0000)

Polling page: 0x000002a86b010000

Metaspace:

Usage:
  Non-class:     22.01 MB capacity,    21.54 MB ( 98%) used,   388.41 KB (  2%) free+waste,    97.44 KB ( <1%) overhead. 
      Class:      3.34 MB capacity,     3.00 MB ( 90%) used,   293.84 KB (  9%) free+waste,    49.31 KB (  1%) overhead. 
       Both:     25.35 MB capacity,    24.54 MB ( 97%) used,   682.25 KB (  3%) free+waste,   146.75 KB ( <1%) overhead. 

Virtual space:
  Non-class space:       24.00 MB reserved,      22.17 MB ( 92%) committed 
      Class space:        1.00 GB reserved,       3.38 MB ( <1%) committed 
             Both:        1.02 GB reserved,      25.55 MB (  2%) committed 

Chunk freelists:
   Non-Class:  35.00 KB
       Class:  8.00 KB
        Both:  43.00 KB

MaxMetaspaceSize: 17179869184.00 GB
CompressedClassSpaceSize: 1.00 GB
Initial GC threshold: 20.80 MB
Current GC threshold: 35.08 MB
CDS: off

CodeHeap 'non-profiled nmethods': size=120000Kb used=1164Kb max_used=1164Kb free=118835Kb
 bounds [0x000002a807ad0000, 0x000002a807d40000, 0x000002a80f000000]
CodeHeap 'profiled nmethods': size=120000Kb used=5705Kb max_used=5705Kb free=114295Kb
 bounds [0x000002a8005a0000, 0x000002a800b40000, 0x000002a807ad0000]
CodeHeap 'non-nmethods': size=5760Kb used=1445Kb max_used=1461Kb free=4314Kb
 bounds [0x000002a800000000, 0x000002a800270000, 0x000002a8005a0000]
 total_blobs=3656 nmethods=2874 adapters=693
 compilation: enabled
              stopped_count=0, restarted_count=0
 full_count=0

Compilation events (20 events):
Event: 12.565 Thread 0x000002a87c3b3800 2866       3       java.util.LinkedList$ListItr::checkForComodification (23 bytes)
Event: 12.565 Thread 0x000002a87c3b3800 nmethod 2866 0x000002a800b2a890 code [0x000002a800b2aa60, 0x000002a800b2ac68]
Event: 12.613 Thread 0x000002a87c3b3800 2867       3       jdk.internal.org.objectweb.asm.ClassWriter::visitSource (36 bytes)
Event: 12.614 Thread 0x000002a87c3b3800 nmethod 2867 0x000002a800b2ad90 code [0x000002a800b2af80, 0x000002a800b2b418]
Event: 12.615 Thread 0x000002a87c3b3800 2868       3       java.lang.String::getChars (54 bytes)
Event: 12.615 Thread 0x000002a87c3b3800 nmethod 2868 0x000002a800b2b590 code [0x000002a800b2b7a0, 0x000002a800b2bc58]
Event: 12.615 Thread 0x000002a87c3b3800 2869       3       java.lang.StringLatin1::getChars (12 bytes)
Event: 12.616 Thread 0x000002a87c3b3800 nmethod 2869 0x000002a800b2be90 code [0x000002a800b2c040, 0x000002a800b2c148]
Event: 12.616 Thread 0x000002a87c3b3800 2870       3       java.nio.CharBuffer::arrayOffset (35 bytes)
Event: 12.616 Thread 0x000002a87c3b3800 nmethod 2870 0x000002a800b2c210 code [0x000002a800b2c3e0, 0x000002a800b2c698]
Event: 12.649 Thread 0x000002a87c3b3800 2871       3       sun.nio.cs.UTF_8$Encoder::encodeArrayLoop (489 bytes)
Event: 12.649 Thread 0x000002a87c3ae800 2872       4       java.nio.Buffer::remaining (20 bytes)
Event: 12.650 Thread 0x000002a87c3ae800 nmethod 2872 0x000002a807bf2e90 code [0x000002a807bf3020, 0x000002a807bf3098]
Event: 12.652 Thread 0x000002a87c3b3800 nmethod 2871 0x000002a800b2c810 code [0x000002a800b2ce00, 0x000002a800b30368]
Event: 12.653 Thread 0x000002a87c3b3800 2875       3       java.io.BufferedWriter::ensureOpen (18 bytes)
Event: 12.653 Thread 0x000002a87c3b3800 nmethod 2875 0x000002a800b31510 code [0x000002a800b316e0, 0x000002a800b318e8]
Event: 12.653 Thread 0x000002a87c3b3800 2874       3       java.io.PrintStream::ensureOpen (18 bytes)
Event: 12.654 Thread 0x000002a87c3b3800 nmethod 2874 0x000002a800b31990 code [0x000002a800b31b60, 0x000002a800b31d68]
Event: 12.654 Thread 0x000002a87c3b3800 2873       3       java.io.Writer::write (11 bytes)
Event: 12.655 Thread 0x000002a87c3b3800 nmethod 2873 0x000002a800b31e10 code [0x000002a800b31fe0, 0x000002a800b322a8]

GC Heap History (4 events):
Event: 1.395 GC heap before
{Heap before GC invocations=0 (full 0):
 garbage-first heap   total 126976K, used 23552K [0x0000000084800000, 0x0000000100000000)
  region size 1024K, 24 young (24576K), 0 survivors (0K)
 Metaspace       used 12551K, capacity 12952K, committed 13312K, reserved 1060864K
  class space    used 1280K, capacity 1429K, committed 1536K, reserved 1048576K
}
Event: 1.401 GC heap after
{Heap after GC invocations=1 (full 0):
 garbage-first heap   total 126976K, used 3195K [0x0000000084800000, 0x0000000100000000)
  region size 1024K, 3 young (3072K), 3 survivors (3072K)
 Metaspace       used 12551K, capacity 12952K, committed 13312K, reserved 1060864K
  class space    used 1280K, capacity 1429K, committed 1536K, reserved 1048576K
}
Event: 2.588 GC heap before
{Heap before GC invocations=1 (full 0):
 garbage-first heap   total 126976K, used 36987K [0x0000000084800000, 0x0000000100000000)
  region size 1024K, 30 young (30720K), 3 survivors (3072K)
 Metaspace       used 20590K, capacity 21201K, committed 21296K, reserved 1069056K
  class space    used 2408K, capacity 2660K, committed 2688K, reserved 1048576K
}
Event: 2.598 GC heap after
{Heap after GC invocations=2 (full 0):
 garbage-first heap   total 126976K, used 14718K [0x0000000084800000, 0x0000000100000000)
  region size 1024K, 8 young (8192K), 8 survivors (8192K)
 Metaspace       used 20590K, capacity 21201K, committed 21296K, reserved 1069056K
  class space    used 2408K, capacity 2660K, committed 2688K, reserved 1048576K
}

Deoptimization events (20 events):
Event: 2.885 Thread 0x000002a87d675000 Uncommon trap: trap_request=0xffffff4d fr.pc=0x000002a807b27a18 relative=0x0000000000000478
Event: 2.885 Thread 0x000002a87d675000 Uncommon trap: reason=unstable_if action=reinterpret pc=0x000002a807b27a18 method=jdk.internal.org.objectweb.asm.Type.getArgumentsAndReturnSizes(Ljava/lang/String;)I @ 47 c2
Event: 2.885 Thread 0x000002a87d675000 DEOPT PACKING pc=0x000002a807b27a18 sp=0x000000bd81afb7e0
Event: 2.885 Thread 0x000002a87d675000 DEOPT UNPACKING pc=0x000002a80004a1af sp=0x000000bd81afb770 mode 2
Event: 2.888 Thread 0x000002a87d675000 Uncommon trap: trap_request=0xffffff4d fr.pc=0x000002a807b9a710 relative=0x00000000000024f0
Event: 2.888 Thread 0x000002a87d675000 Uncommon trap: reason=unstable_if action=reinterpret pc=0x000002a807b9a710 method=java.lang.invoke.InvokerBytecodeGenerator.loadInsnOpcode(Ljava/lang/invoke/LambdaForm$BasicType;)I @ 8 c2
Event: 2.889 Thread 0x000002a87d675000 DEOPT PACKING pc=0x000002a807b9a710 sp=0x000000bd81afcf30
Event: 2.889 Thread 0x000002a87d675000 DEOPT UNPACKING pc=0x000002a80004a1af sp=0x000000bd81afce58 mode 2
Event: 3.158 Thread 0x000002a87c5bf800 Uncommon trap: trap_request=0xffffff4d fr.pc=0x000002a807b3ea6c relative=0x000000000000020c
Event: 3.158 Thread 0x000002a87c5bf800 Uncommon trap: reason=unstable_if action=reinterpret pc=0x000002a807b3ea6c method=java.lang.invoke.LambdaForm$BasicType.basicType(C)Ljava/lang/invoke/LambdaForm$BasicType; @ 1 c2
Event: 3.158 Thread 0x000002a87c5bf800 DEOPT PACKING pc=0x000002a807b3ea6c sp=0x000000bd812fb830
Event: 3.158 Thread 0x000002a87c5bf800 DEOPT UNPACKING pc=0x000002a80004a1af sp=0x000000bd812fb718 mode 2
Event: 9.648 Thread 0x000002a87d675000 Uncommon trap: trap_request=0xffffff4d fr.pc=0x000002a807b44314 relative=0x00000000000002f4
Event: 9.648 Thread 0x000002a87d675000 Uncommon trap: reason=unstable_if action=reinterpret pc=0x000002a807b44314 method=java.lang.StringUTF16.compress([CI[BII)I @ 20 c2
Event: 9.648 Thread 0x000002a87d675000 DEOPT PACKING pc=0x000002a807b44314 sp=0x000000bd81afa400
Event: 9.648 Thread 0x000002a87d675000 DEOPT UNPACKING pc=0x000002a80004a1af sp=0x000000bd81afa380 mode 2
Event: 9.710 Thread 0x000002a87d675000 Uncommon trap: trap_request=0xffffff4d fr.pc=0x000002a807b8da38 relative=0x0000000000004138
Event: 9.710 Thread 0x000002a87d675000 Uncommon trap: reason=unstable_if action=reinterpret pc=0x000002a807b8da38 method=javafx.css.CssLexer.getToken()Lcom/sun/javafx/css/parser/Token; @ 205 c2
Event: 9.710 Thread 0x000002a87d675000 DEOPT PACKING pc=0x000002a807b8da38 sp=0x000000bd81afa6c0
Event: 9.710 Thread 0x000002a87d675000 DEOPT UNPACKING pc=0x000002a80004a1af sp=0x000000bd81afa698 mode 2

Classes redefined (0 events):
No events

Internal exceptions (20 events):
Event: 1.845 Thread 0x000002a87d675000 Exception <a 'java/lang/ClassNotFoundException'{0x000000008b6bb050}: com/sun/glass/ui/win/themes_es> (0x000000008b6bb050) thrown at [s\src\hotspot\share\prims\jni.cpp, line 638]
Event: 1.846 Thread 0x000002a87d675000 Exception <a 'java/lang/ClassNotFoundException'{0x000000008b6c30f0}: com/sun/glass/ui/win/themes_es_MX> (0x000000008b6c30f0) thrown at [s\src\hotspot\share\prims\jni.cpp, line 638]
Event: 1.858 Thread 0x000002a87d675000 Exception <a 'java/lang/NoSuchMethodError'{0x000000008b5340f0}: 'java.lang.Object java.lang.invoke.DirectMethodHandle$Holder.invokeStatic(java.lang.Object, java.lang.Object, java.lang.Object, java.lang.Object, java.lang.Object, java.lang.Object, java.lang.Object, java.lang.Object, java.lang.Object, java.lang.Object, java.lang.Object, int, int, java.lang.Object, java.lang.Object)'> (0x000000008b5340f0) thrown at [s\src\hotspot\share\interpreter\linkResolver.cpp, line 773]
Event: 1.920 Thread 0x000002a87d675000 Exception <a 'java/lang/NoSuchMethodError'{0x000000008b263998}: 'void java.lang.invoke.DirectMethodHandle$Holder.invokeStaticInit(java.lang.Object, java.lang.Object)'> (0x000000008b263998) thrown at [s\src\hotspot\share\interpreter\linkResolver.cpp, line 773]
Event: 1.933 Thread 0x000002a87d675000 Exception <a 'java/lang/NoSuchMethodError'{0x000000008b2e52b0}: 'void java.lang.invoke.DirectMethodHandle$Holder.invokeSpecial(java.lang.Object, java.lang.Object, java.lang.Object, java.lang.Object, java.lang.Object)'> (0x000000008b2e52b0) thrown at [s\src\hotspot\share\interpreter\linkResolver.cpp, line 773]
Event: 2.035 Thread 0x000002a87d675000 Implicit null exception at 0x000002a807b64815 to 0x000002a807b64bc0
Event: 2.035 Thread 0x000002a87d675000 Implicit null exception at 0x000002a807aef378 to 0x000002a807aef40a
Event: 2.044 Thread 0x000002a87d675000 Implicit null exception at 0x000002a807aeecaf to 0x000002a807aeed1d
Event: 2.691 Thread 0x000002a87d675000 Exception <a 'java/lang/ClassNotFoundException'{0x000000008c00c070}: com/sun/javafx/scene/control/skin/resources/controls> (0x000000008c00c070) thrown at [s\src\hotspot\share\prims\jni.cpp, line 638]
Event: 2.692 Thread 0x000002a87d675000 Exception <a 'java/lang/ClassNotFoundException'{0x000000008c01a068}: com/sun/javafx/scene/control/skin/resources/controls_es> (0x000000008c01a068) thrown at [s\src\hotspot\share\prims\jni.cpp, line 638]
Event: 2.693 Thread 0x000002a87d675000 Exception <a 'java/lang/ClassNotFoundException'{0x000000008c027d20}: com/sun/javafx/scene/control/skin/resources/controls_es_MX> (0x000000008c027d20) thrown at [s\src\hotspot\share\prims\jni.cpp, line 638]
Event: 2.731 Thread 0x000002a87d675000 Exception <a 'java/lang/NoSuchMethodError'{0x000000008bfd8548}: 'void java.lang.invoke.DirectMethodHandle$Holder.invokeSpecial(java.lang.Object, java.lang.Object, java.lang.Object, java.lang.Object, java.lang.Object, java.lang.Object)'> (0x000000008bfd8548) thrown at [s\src\hotspot\share\interpreter\linkResolver.cpp, line 773]
Event: 2.764 Thread 0x000002a87d675000 Exception <a 'java/lang/NoSuchMethodError'{0x000000008bc3e2e8}: 'java.lang.Object java.lang.invoke.DirectMethodHandle$Holder.invokeInterface(java.lang.Object, java.lang.Object, java.lang.Object)'> (0x000000008bc3e2e8) thrown at [s\src\hotspot\share\interpreter\linkResolver.cpp, line 773]
Event: 2.764 Thread 0x000002a87d675000 Exception <a 'java/lang/IncompatibleClassChangeError'{0x000000008bc414a0}: Found class java.lang.Object, but interface was expected> (0x000000008bc414a0) thrown at [s\src\hotspot\share\interpreter\linkResolver.cpp, line 839]
Event: 2.884 Thread 0x000002a87c5bf800 Exception <a 'java/lang/NoSuchMethodError'{0x000000008b91a018}: 'int java.lang.invoke.DirectMethodHandle$Holder.invokeStaticInit(java.lang.Object, java.lang.Object)'> (0x000000008b91a018) thrown at [s\src\hotspot\share\interpreter\linkResolver.cpp, line 773]
Event: 2.885 Thread 0x000002a87d675000 Exception <a 'java/lang/NoSuchMethodError'{0x000000008bac3488}: 'long java.lang.invoke.DirectMethodHandle$Holder.invokeStaticInit(java.lang.Object, java.lang.Object, java.lang.Object)'> (0x000000008bac3488) thrown at [s\src\hotspot\share\interpreter\linkResolver.cpp, line 773]
Event: 2.889 Thread 0x000002a87d675000 Exception <a 'java/lang/NoSuchMethodError'{0x000000008badbad0}: 'java.lang.Object java.lang.invoke.DirectMethodHandle$Holder.invokeStatic(java.lang.Object, java.lang.Object, long)'> (0x000000008badbad0) thrown at [s\src\hotspot\share\interpreter\linkResolver.cpp, line 773]
Event: 2.890 Thread 0x000002a87d675000 Exception <a 'java/lang/NoSuchMethodError'{0x000000008bae1c48}: 'java.lang.Object java.lang.invoke.Invokers$Holder.linkToTargetMethod(java.lang.Object, long, java.lang.Object)'> (0x000000008bae1c48) thrown at [s\src\hotspot\share\interpreter\linkResolver.cpp, line 773]
Event: 12.614 Thread 0x000002a87d675000 Exception <a 'java/lang/IllegalArgumentException'{0x000000008af48da8}> (0x000000008af48da8) thrown at [s\src\hotspot\share\prims\jvm.cpp, line 1310]
Event: 12.648 Thread 0x000002a87d675000 Exception <a 'java/lang/IllegalArgumentException'{0x000000008af5a170}> (0x000000008af5a170) thrown at [s\src\hotspot\share\prims\jvm.cpp, line 1310]

Events (20 events):
Event: 12.558 loading class javafx/application/Application
Event: 12.558 loading class javafx/application/Application done
Event: 12.559 loading class javafx/application/Application
Event: 12.559 loading class javafx/application/Application done
Event: 12.611 loading class com/sun/javafx/tk/quantum/GlassScene
Event: 12.611 loading class com/sun/javafx/tk/quantum/GlassScene done
Event: 12.611 loading class com/sun/javafx/tk/quantum/WindowStage
Event: 12.611 loading class com/sun/javafx/tk/quantum/WindowStage done
Event: 12.612 loading class com/sun/prism/GraphicsResource
Event: 12.612 loading class com/sun/prism/GraphicsResource done
Event: 12.612 loading class com/sun/prism/GraphicsResource
Event: 12.612 loading class com/sun/prism/GraphicsResource done
Event: 12.612 loading class com/sun/javafx/tk/quantum/ViewScene
Event: 12.612 loading class com/sun/javafx/tk/quantum/ViewScene done
Event: 12.613 loading class com/sun/javafx/tk/quantum/WindowStage
Event: 12.613 loading class com/sun/javafx/tk/quantum/WindowStage done
Event: 12.614 loading class java/lang/Throwable$WrappedPrintStream
Event: 12.614 loading class java/lang/Throwable$PrintStreamOrWriter
Event: 12.614 loading class java/lang/Throwable$PrintStreamOrWriter done
Event: 12.614 loading class java/lang/Throwable$WrappedPrintStream done


Dynamic libraries:
0x00007ff784570000 - 0x00007ff78457e000 	C:\Users\alonh\.jdks\corretto-11.0.22\bin\java.exe
0x00007ffa8ccd0000 - 0x00007ffa8cee6000 	C:\Windows\SYSTEM32\ntdll.dll
0x00007ffa8ae70000 - 0x00007ffa8af34000 	C:\Windows\System32\KERNEL32.DLL
0x00007ffa8a410000 - 0x00007ffa8a7b7000 	C:\Windows\System32\KERNELBASE.dll
0x0000000061320000 - 0x0000000061652000 	C:\Program Files\Norton Security\NortonData\22.23.5.106\Definitions\IPSDefs\20231207.064\IPSEng64.dll
0x00007ffa8b3e0000 - 0x00007ffa8b492000 	C:\Windows\System32\ADVAPI32.dll
0x00007ffa8c200000 - 0x00007ffa8c2a7000 	C:\Windows\System32\msvcrt.dll
0x00007ffa8c690000 - 0x00007ffa8c738000 	C:\Windows\System32\sechost.dll
0x00007ffa8a320000 - 0x00007ffa8a348000 	C:\Windows\System32\bcrypt.dll
0x00007ffa8cab0000 - 0x00007ffa8cbc5000 	C:\Windows\System32\RPCRT4.dll
0x00007ffa8c570000 - 0x00007ffa8c578000 	C:\Windows\System32\PSAPI.DLL
0x00007ffa89ff0000 - 0x00007ffa8a101000 	C:\Windows\System32\ucrtbase.dll
0x00007ffa6c4d0000 - 0x00007ffa6c4eb000 	C:\Users\alonh\.jdks\corretto-11.0.22\bin\VCRUNTIME140.dll
0x00007ffa6c4f0000 - 0x00007ffa6c507000 	C:\Users\alonh\.jdks\corretto-11.0.22\bin\jli.dll
0x00007ffa8ac90000 - 0x00007ffa8ae3e000 	C:\Windows\System32\USER32.dll
0x00007ffa8a2f0000 - 0x00007ffa8a316000 	C:\Windows\System32\win32u.dll
0x00007ffa8ae40000 - 0x00007ffa8ae69000 	C:\Windows\System32\GDI32.dll
0x00007ffa8a8e0000 - 0x00007ffa8a9f9000 	C:\Windows\System32\gdi32full.dll
0x00007ffa8a7c0000 - 0x00007ffa8a85a000 	C:\Windows\System32\msvcp_win.dll
0x00007ffa72830000 - 0x00007ffa72ac3000 	C:\Windows\WinSxS\amd64_microsoft.windows.common-controls_6595b64144ccf1df_6.0.22621.3235_none_270f74e173860f98\COMCTL32.dll
0x00007ffa8c820000 - 0x00007ffa8c851000 	C:\Windows\System32\IMM32.DLL
0x00007ffa6fdb0000 - 0x00007ffa6fdbc000 	C:\Users\alonh\.jdks\corretto-11.0.22\bin\vcruntime140_1.dll
0x00007ffa327a0000 - 0x00007ffa3282d000 	C:\Users\alonh\.jdks\corretto-11.0.22\bin\msvcp140.dll
0x00007ff9dda50000 - 0x00007ff9de613000 	C:\Users\alonh\.jdks\corretto-11.0.22\bin\server\jvm.dll
0x00007ffa815b0000 - 0x00007ffa815ba000 	C:\Windows\SYSTEM32\VERSION.dll
0x00007ffa618a0000 - 0x00007ffa618a9000 	C:\Windows\SYSTEM32\WSOCK32.dll
0x00007ffa7a570000 - 0x00007ffa7a5a4000 	C:\Windows\SYSTEM32\WINMM.dll
0x00007ffa8c610000 - 0x00007ffa8c681000 	C:\Windows\System32\WS2_32.dll
0x00007ffa890f0000 - 0x00007ffa89108000 	C:\Windows\SYSTEM32\kernel.appcore.dll
0x00007ffa6fb20000 - 0x00007ffa6fb30000 	C:\Users\alonh\.jdks\corretto-11.0.22\bin\verify.dll
0x00007ffa87330000 - 0x00007ffa87563000 	C:\Windows\SYSTEM32\DBGHELP.DLL
0x00007ffa8b4a0000 - 0x00007ffa8b828000 	C:\Windows\System32\combase.dll
0x00007ffa8aa00000 - 0x00007ffa8aad7000 	C:\Windows\System32\OLEAUT32.dll
0x00007ffa75ec0000 - 0x00007ffa75ef2000 	C:\Windows\SYSTEM32\dbgcore.DLL
0x00007ffa8a860000 - 0x00007ffa8a8d9000 	C:\Windows\System32\bcryptPrimitives.dll
0x00007ffa68170000 - 0x00007ffa68198000 	C:\Users\alonh\.jdks\corretto-11.0.22\bin\java.dll
0x00007ffa6db60000 - 0x00007ffa6db6a000 	C:\Users\alonh\.jdks\corretto-11.0.22\bin\jimage.dll
0x00007ffa82ab0000 - 0x00007ffa82abe000 	C:\Users\alonh\.jdks\corretto-11.0.22\bin\instrument.dll
0x00007ffa64050000 - 0x00007ffa64068000 	C:\Users\alonh\.jdks\corretto-11.0.22\bin\zip.dll
0x00007ffa8b940000 - 0x00007ffa8c19c000 	C:\Windows\System32\SHELL32.dll
0x00007ffa87f10000 - 0x00007ffa88809000 	C:\Windows\SYSTEM32\windows.storage.dll
0x00007ffa87dd0000 - 0x00007ffa87f0e000 	C:\Windows\SYSTEM32\wintypes.dll
0x00007ffa8c2b0000 - 0x00007ffa8c3a3000 	C:\Windows\System32\SHCORE.dll
0x00007ffa8c1a0000 - 0x00007ffa8c1fe000 	C:\Windows\System32\shlwapi.dll
0x00007ffa89f20000 - 0x00007ffa89f41000 	C:\Windows\SYSTEM32\profapi.dll
0x00007ffa58fc0000 - 0x00007ffa58fd9000 	C:\Users\alonh\.jdks\corretto-11.0.22\bin\net.dll
0x00007ffa835e0000 - 0x00007ffa83716000 	C:\Windows\SYSTEM32\WINHTTP.dll
0x00007ffa89570000 - 0x00007ffa895d9000 	C:\Windows\system32\mswsock.dll
0x00007ffa57a10000 - 0x00007ffa57a22000 	C:\Users\alonh\.jdks\corretto-11.0.22\bin\nio.dll
0x00007ffa71190000 - 0x00007ffa711aa000 	C:\Users\alonh\AppData\Local\Programs\IntelliJ IDEA Ultimate\bin\breakgen64.dll
0x000002a87e060000 - 0x000002a87e063000 	C:\Users\alonh\.openjfx\cache\17.0.6\api-ms-win-core-console-l1-1-0.dll
0x000002a87e070000 - 0x000002a87e073000 	C:\Users\alonh\.openjfx\cache\17.0.6\api-ms-win-core-console-l1-2-0.dll
0x000002a87e080000 - 0x000002a87e083000 	C:\Users\alonh\.openjfx\cache\17.0.6\api-ms-win-core-datetime-l1-1-0.dll
0x000002a87e090000 - 0x000002a87e093000 	C:\Users\alonh\.openjfx\cache\17.0.6\api-ms-win-core-debug-l1-1-0.dll
0x000002a87e0a0000 - 0x000002a87e0a3000 	C:\Users\alonh\.openjfx\cache\17.0.6\api-ms-win-core-errorhandling-l1-1-0.dll
0x000002a87e0b0000 - 0x000002a87e0b4000 	C:\Users\alonh\.openjfx\cache\17.0.6\api-ms-win-core-file-l1-1-0.dll
0x000002a87e0c0000 - 0x000002a87e0c3000 	C:\Users\alonh\.openjfx\cache\17.0.6\api-ms-win-core-file-l1-2-0.dll
0x000002a87e2d0000 - 0x000002a87e2d3000 	C:\Users\alonh\.openjfx\cache\17.0.6\api-ms-win-core-file-l2-1-0.dll
0x000002a87e2e0000 - 0x000002a87e2e3000 	C:\Users\alonh\.openjfx\cache\17.0.6\api-ms-win-core-handle-l1-1-0.dll
0x000002a87e2f0000 - 0x000002a87e2f3000 	C:\Users\alonh\.openjfx\cache\17.0.6\api-ms-win-core-heap-l1-1-0.dll
0x000002a87e300000 - 0x000002a87e303000 	C:\Users\alonh\.openjfx\cache\17.0.6\api-ms-win-core-interlocked-l1-1-0.dll
0x000002a87e310000 - 0x000002a87e313000 	C:\Users\alonh\.openjfx\cache\17.0.6\api-ms-win-core-libraryloader-l1-1-0.dll
0x000002a87e320000 - 0x000002a87e323000 	C:\Users\alonh\.openjfx\cache\17.0.6\api-ms-win-core-localization-l1-2-0.dll
0x000002a87e330000 - 0x000002a87e333000 	C:\Users\alonh\.openjfx\cache\17.0.6\api-ms-win-core-memory-l1-1-0.dll
0x000002a87e340000 - 0x000002a87e343000 	C:\Users\alonh\.openjfx\cache\17.0.6\api-ms-win-core-namedpipe-l1-1-0.dll
0x000002a87e350000 - 0x000002a87e353000 	C:\Users\alonh\.openjfx\cache\17.0.6\api-ms-win-core-processenvironment-l1-1-0.dll
0x000002a87e360000 - 0x000002a87e363000 	C:\Users\alonh\.openjfx\cache\17.0.6\api-ms-win-core-processthreads-l1-1-0.dll
0x000002a87e370000 - 0x000002a87e373000 	C:\Users\alonh\.openjfx\cache\17.0.6\api-ms-win-core-processthreads-l1-1-1.dll
0x000002a87e380000 - 0x000002a87e383000 	C:\Users\alonh\.openjfx\cache\17.0.6\api-ms-win-core-profile-l1-1-0.dll
0x000002a87e390000 - 0x000002a87e393000 	C:\Users\alonh\.openjfx\cache\17.0.6\api-ms-win-core-rtlsupport-l1-1-0.dll
0x000002a87e3a0000 - 0x000002a87e3a3000 	C:\Users\alonh\.openjfx\cache\17.0.6\api-ms-win-core-string-l1-1-0.dll
0x000002a87e3b0000 - 0x000002a87e3b3000 	C:\Users\alonh\.openjfx\cache\17.0.6\api-ms-win-core-synch-l1-1-0.dll
0x000002a87e3c0000 - 0x000002a87e3c3000 	C:\Users\alonh\.openjfx\cache\17.0.6\api-ms-win-core-synch-l1-2-0.dll
0x000002a87e3d0000 - 0x000002a87e3d3000 	C:\Users\alonh\.openjfx\cache\17.0.6\api-ms-win-core-sysinfo-l1-1-0.dll
0x000002a87e3e0000 - 0x000002a87e3e3000 	C:\Users\alonh\.openjfx\cache\17.0.6\api-ms-win-core-timezone-l1-1-0.dll
0x000002a87e3f0000 - 0x000002a87e3f3000 	C:\Users\alonh\.openjfx\cache\17.0.6\api-ms-win-core-util-l1-1-0.dll
0x000002a87e400000 - 0x000002a87e403000 	C:\Users\alonh\.openjfx\cache\17.0.6\api-ms-win-crt-conio-l1-1-0.dll
0x000002a87e410000 - 0x000002a87e414000 	C:\Users\alonh\.openjfx\cache\17.0.6\api-ms-win-crt-convert-l1-1-0.dll
0x000002a87e420000 - 0x000002a87e423000 	C:\Users\alonh\.openjfx\cache\17.0.6\api-ms-win-crt-environment-l1-1-0.dll
0x000002a87e430000 - 0x000002a87e433000 	C:\Users\alonh\.openjfx\cache\17.0.6\api-ms-win-crt-filesystem-l1-1-0.dll
0x000002a87e440000 - 0x000002a87e443000 	C:\Users\alonh\.openjfx\cache\17.0.6\api-ms-win-crt-heap-l1-1-0.dll
0x000002a87e450000 - 0x000002a87e453000 	C:\Users\alonh\.openjfx\cache\17.0.6\api-ms-win-crt-locale-l1-1-0.dll
0x000002a87e460000 - 0x000002a87e465000 	C:\Users\alonh\.openjfx\cache\17.0.6\api-ms-win-crt-math-l1-1-0.dll
0x000002a87e470000 - 0x000002a87e475000 	C:\Users\alonh\.openjfx\cache\17.0.6\api-ms-win-crt-multibyte-l1-1-0.dll
0x000002a87e480000 - 0x000002a87e490000 	C:\Users\alonh\.openjfx\cache\17.0.6\api-ms-win-crt-private-l1-1-0.dll
0x000002a87e490000 - 0x000002a87e493000 	C:\Users\alonh\.openjfx\cache\17.0.6\api-ms-win-crt-process-l1-1-0.dll
0x000002a87e4a0000 - 0x000002a87e4a4000 	C:\Users\alonh\.openjfx\cache\17.0.6\api-ms-win-crt-runtime-l1-1-0.dll
0x000002a87e4b0000 - 0x000002a87e4b4000 	C:\Users\alonh\.openjfx\cache\17.0.6\api-ms-win-crt-stdio-l1-1-0.dll
0x000002a87e4c0000 - 0x000002a87e4c4000 	C:\Users\alonh\.openjfx\cache\17.0.6\api-ms-win-crt-string-l1-1-0.dll
0x000002a87e4d0000 - 0x000002a87e4d3000 	C:\Users\alonh\.openjfx\cache\17.0.6\api-ms-win-crt-time-l1-1-0.dll
0x000002a87e4e0000 - 0x000002a87e4e3000 	C:\Users\alonh\.openjfx\cache\17.0.6\api-ms-win-crt-utility-l1-1-0.dll
0x00007ffa1f6e0000 - 0x00007ffa1f7dc000 	C:\Users\alonh\.openjfx\cache\17.0.6\ucrtbase.dll
0x00007ffa6e540000 - 0x00007ffa6e55a000 	C:\Users\alonh\.openjfx\cache\17.0.6\vcruntime140.dll
0x00007ffa71360000 - 0x00007ffa7136c000 	C:\Users\alonh\.openjfx\cache\17.0.6\vcruntime140_1.dll
0x00007ffa1f500000 - 0x00007ffa1f58d000 	C:\Users\alonh\.openjfx\cache\17.0.6\msvcp140.dll
0x00007ffa6e5d0000 - 0x00007ffa6e5d9000 	C:\Users\alonh\.openjfx\cache\17.0.6\msvcp140_1.dll
0x00007ffa6e510000 - 0x00007ffa6e53f000 	C:\Users\alonh\.openjfx\cache\17.0.6\msvcp140_2.dll
0x00007ffa22a30000 - 0x00007ffa22a5a000 	C:\Users\alonh\.openjfx\cache\17.0.6\prism_d3d.dll
0x00007ffa6e340000 - 0x00007ffa6e4e9000 	C:\Windows\system32\d3d9.dll
0x00007ffa87220000 - 0x00007ffa8724b000 	C:\Windows\SYSTEM32\dwmapi.dll
0x00007ffa87570000 - 0x00007ffa875a9000 	C:\Windows\SYSTEM32\dxcore.dll
0x00007ffa86fd0000 - 0x00007ffa8707b000 	C:\Windows\system32\uxtheme.dll
0x00007ffa6a0f0000 - 0x00007ffa6a1a0000 	C:\Windows\SYSTEM32\d3d9on12.dll
0x00007ffa87100000 - 0x00007ffa871f8000 	C:\Windows\SYSTEM32\dxgi.dll
0x00007ffa70590000 - 0x00007ffa705b6000 	C:\Windows\SYSTEM32\d3d12.dll
0x00007ffa89cb0000 - 0x00007ffa89cfe000 	C:\Windows\SYSTEM32\cfgmgr32.dll
0x00007ffa31810000 - 0x00007ffa31a13000 	C:\Windows\SYSTEM32\D3D12Core.dll
0x00007ffa6f890000 - 0x00007ffa6f8b7000 	C:\Windows\System32\DriverStore\FileRepository\iigd_dch.inf_amd64_ce2a84db4d20c228\igd12umd64.dll
0x00007ffa2c460000 - 0x00007ffa2d3ab000 	C:\Windows\System32\DriverStore\FileRepository\iigd_dch.inf_amd64_ce2a84db4d20c228\igd12um64xel.dll
0x00007ffa8a110000 - 0x00007ffa8a277000 	C:\Windows\System32\CRYPT32.dll
0x00007ffa8aae0000 - 0x00007ffa8ac85000 	C:\Windows\System32\ole32.dll
0x00007ffa56400000 - 0x00007ffa56444000 	C:\Windows\SYSTEM32\ControlLib.dll
0x00007ffa8af60000 - 0x00007ffa8b3d4000 	C:\Windows\System32\SETUPAPI.dll
0x00007ffa89d20000 - 0x00007ffa89d4c000 	C:\Windows\SYSTEM32\DEVOBJ.dll
0x00007ffa7a2d0000 - 0x00007ffa7a358000 	C:\Windows\System32\DriverStore\FileRepository\iigd_dch.inf_amd64_ce2a84db4d20c228\IntelControlLib.dll
0x00007ffa8a280000 - 0x00007ffa8a2eb000 	C:\Windows\System32\WINTRUST.dll
0x00007ffa89c90000 - 0x00007ffa89ca2000 	C:\Windows\SYSTEM32\MSASN1.dll
0x00007ffa83310000 - 0x00007ffa8335a000 	C:\Windows\SYSTEM32\directxdatabasehelper.dll
0x00007ffa79e60000 - 0x00007ffa7a234000 	C:\Windows\System32\DriverStore\FileRepository\iigd_dch.inf_amd64_ce2a84db4d20c228\igdgmm64.dll
0x00007ffa75f00000 - 0x00007ffa79d12000 	C:\Windows\System32\DriverStore\FileRepository\iigd_dch.inf_amd64_ce2a84db4d20c228\igc64.dll
0x00007ffa6c4a0000 - 0x00007ffa6c4cf000 	C:\Windows\SYSTEM32\D3DSCache.dll
0x00007ffa89690000 - 0x00007ffa896b8000 	C:\Windows\SYSTEM32\USERENV.dll
0x00007ffa2b0b0000 - 0x00007ffa2c45d000 	C:\Windows\System32\DriverStore\FileRepository\iigd_dch.inf_amd64_ce2a84db4d20c228\igd12dxva64.dll
0x00007ffa253e0000 - 0x00007ffa27100000 	C:\Windows\System32\DriverStore\FileRepository\iigd_dch.inf_amd64_ce2a84db4d20c228\media_bin_64.dll
0x00007ffa6b6a0000 - 0x00007ffa6b6c7000 	C:\Windows\System32\DriverStore\FileRepository\iigd_dch.inf_amd64_ce2a84db4d20c228\igdinfo64.dll
0x00007ffa7f170000 - 0x00007ffa7f3fe000 	C:\Windows\SYSTEM32\twinapi.appcore.dll
0x00007ffa22750000 - 0x00007ffa22792000 	C:\Users\alonh\.openjfx\cache\17.0.6\glass.dll
0x00007ffa8b830000 - 0x00007ffa8b929000 	C:\Windows\System32\COMDLG32.dll

dbghelp: loaded successfully - version: 4.0.5 - missing functions: none
symbol engine: initialized successfully - sym options: 0x614 - pdb path: .;C:\Users\alonh\.jdks\corretto-11.0.22\bin;C:\Windows\SYSTEM32;C:\Program Files\Norton Security\NortonData\22.23.5.106\Definitions\IPSDefs\20231207.064;C:\Windows\WinSxS\amd64_microsoft.windows.common-controls_6595b64144ccf1df_6.0.22621.3235_none_270f74e173860f98;C:\Users\alonh\.jdks\corretto-11.0.22\bin\server;C:\Users\alonh\AppData\Local\Programs\IntelliJ IDEA Ultimate\bin;C:\Users\alonh\.openjfx\cache\17.0.6;C:\Windows\System32\DriverStore\FileRepository\iigd_dch.inf_amd64_ce2a84db4d20c228;C:\Program Files\Common Files\Microsoft Shared\Ink

VM Arguments:
jvm_args: -javaagent:C:\Users\alonh\AppData\Local\Programs\IntelliJ IDEA Ultimate\lib\idea_rt.jar=54874:C:\Users\alonh\AppData\Local\Programs\IntelliJ IDEA Ultimate\bin -Dfile.encoding=UTF-8 --module-path=C:\Users\alonh\.m2\repository\org\openjfx\javafx-fxml\17.0.6\javafx-fxml-17.0.6-win.jar;C:\Users\alonh\.m2\repository\com\dlsc\formsfx\formsfx-core\11.6.0\formsfx-core-11.6.0.jar;C:\Users\alonh\IdeaProjects\Joyeria_ProyectoMult\target\classes;C:\Users\alonh\.m2\repository\org\openjfx\javafx-graphics\17.0.6\javafx-graphics-17.0.6-win.jar;C:\Users\alonh\.m2\repository\org\openjfx\javafx-base\17.0.6\javafx-base-17.0.6-win.jar;C:\Users\alonh\.m2\repository\net\synedra\validatorfx\0.4.0\validatorfx-0.4.0.jar;C:\Users\alonh\.m2\repository\org\kordamp\bootstrapfx\bootstrapfx-core\0.4.0\bootstrapfx-core-0.4.0.jar;C:\Users\alonh\.m2\repository\org\controlsfx\controlsfx\11.1.2\controlsfx-11.1.2.jar;C:\Users\alonh\.m2\repository\org\openjfx\javafx-controls\17.0.6\javafx-controls-17.0.6-win.jar -Djdk.module.main=com.eduard034.joyeria_proyectomult 
java_command: com.eduard034.joyeria_proyectomult/com.eduard034.joyeria_proyectomult.JoyeriaApp
java_class_path (initial): C:\Users\alonh\.m2\repository\org\openjfx\javafx-controls\17.0.6\javafx-controls-17.0.6.jar;C:\Users\alonh\.m2\repository\org\openjfx\javafx-graphics\17.0.6\javafx-graphics-17.0.6.jar;C:\Users\alonh\.m2\repository\org\openjfx\javafx-base\17.0.6\javafx-base-17.0.6.jar;C:\Users\alonh\.m2\repository\org\openjfx\javafx-fxml\17.0.6\javafx-fxml-17.0.6.jar
Launcher Type: SUN_STANDARD

[Global flags]
     intx CICompilerCount                          = 4                                         {product} {ergonomic}
     uint ConcGCThreads                            = 3                                         {product} {ergonomic}
     uint G1ConcRefinementThreads                  = 10                                        {product} {ergonomic}
   size_t G1HeapRegionSize                         = 1048576                                   {product} {ergonomic}
    uintx GCDrainStackTargetSize                   = 64                                        {product} {ergonomic}
   size_t InitialHeapSize                          = 130023424                                 {product} {ergonomic}
   size_t MarkStackSize                            = 4194304                                   {product} {ergonomic}
   size_t MaxHeapSize                              = 2071986176                                {product} {ergonomic}
   size_t MaxNewSize                               = 1242562560                                {product} {ergonomic}
   size_t MinHeapDeltaBytes                        = 1048576                                   {product} {ergonomic}
    uintx NonNMethodCodeHeapSize                   = 5836300                                {pd product} {ergonomic}
    uintx NonProfiledCodeHeapSize                  = 122910970                              {pd product} {ergonomic}
    uintx ProfiledCodeHeapSize                     = 122910970                              {pd product} {ergonomic}
    uintx ReservedCodeCacheSize                    = 251658240                              {pd product} {ergonomic}
     bool SegmentedCodeCache                       = true                                      {product} {ergonomic}
     bool UseCompressedClassPointers               = true                                 {lp64_product} {ergonomic}
     bool UseCompressedOops                        = true                                 {lp64_product} {ergonomic}
     bool UseG1GC                                  = true                                      {product} {ergonomic}
     bool UseLargePagesIndividualAllocation        = false                                  {pd product} {ergonomic}

Logging:
Log output configuration:
 #0: stdout all=warning uptime,level,tags
 #1: stderr all=off uptime,level,tags

Environment Variables:
PATH=C:\Program Files\Eclipse Adoptium\jdk-21.0.1.12-hotspot\bin;"C:\Program Files\Common Files\Oracle\Java\javapath;C:\Program Files\Java\jdk-21\bin";C:\Windows\system32;C:\Windows;C:\Windows\System32\Wbem;C:\Windows\System32\WindowsPowerShell\v1.0\;C:\Windows\System32\OpenSSH\;C:\Program Files (x86)\NVIDIA Corporation\PhysX\Common;C:\Program Files\NVIDIA Corporation\NVIDIA NvDLISR;C:\Program Files\Git\cmd;C:\Program Files\dotnet\;C:\Users\alonh\AppData\Local\Microsoft\WindowsApps;C:\Users\alonh\AppData\Local\JetBrains\Toolbox\scripts;C:\Users\alonh\AppData\Local\Programs\Microsoft VS Code\bin;C:\Users\alonh\AppData\Local\GitHubDesktop\bin
USERNAME=alonh
OS=Windows_NT
PROCESSOR_IDENTIFIER=Intel64 Family 6 Model 154 Stepping 3, GenuineIntel
TMP=C:\Users\alonh\AppData\Local\Temp
TEMP=C:\Users\alonh\AppData\Local\Temp



---------------  S Y S T E M  ---------------

OS: Windows 11 , 64 bit Build 22621 (10.0.22621.3374)
OS uptime: 7 days 12:49 hours
Hyper-V role detected

CPU:total 12 (initial active 12) (6 cores per cpu, 2 threads per core) family 6 model 154 stepping 3 microcode 0x424, cmov, cx8, fxsr, mmx, sse, sse2, sse3, ssse3, sse4.1, sse4.2, popcnt, avx, avx2, aes, clmul, erms, 3dnowpref, lzcnt, ht, tsc, tscinvbit, bmi1, bmi2, adx, sha, fma

Memory: 4k page, system-wide physical 7896M (380M free)
TotalPageFile size 26328M (AvailPageFile size 4869M)
current process WorkingSet (physical memory assigned to process): 426M, peak: 438M
current process commit charge ("private bytes"): 549M, peak: 549M

vm_info: OpenJDK 64-Bit Server VM (11.0.22+7-LTS) for windows-amd64 JRE (11.0.22+7-LTS), built on Jan 10 2024 19:54:00 by "Administrator" with MS VC++ 16.10 / 16.11 (VS2019)

END.
