#
# A fatal error has been detected by the Java Runtime Environment:
#
#  EXCEPTION_ACCESS_VIOLATION (0xc0000005) at pc=0x67466c62, pid=24520, tid=21856
#
# JRE version: OpenJDK Runtime Environment Temurin-11.0.21+9 (11.0.21+9) (build 11.0.21+9)
# Java VM: OpenJDK Client VM Temurin-11.0.21+9 (11.0.21+9, mixed mode, serial gc, windows-x86)
# Problematic frame:
# C  [glass.dll+0x16c62]
#
# No core dump will be written. Minidumps are not enabled by default on client versions of Windows
#
# If you would like to submit a bug report, please visit:
#   https://github.com/adoptium/adoptium-support/issues
# The crash happened outside the Java Virtual Machine in native code.
# See problematic frame for where to report the bug.
#

---------------  S U M M A R Y ------------

Command Line: -javaagent:C:\Users\luigu\AppData\Local\Programs\IntelliJ IDEA Ultimate\lib\idea_rt.jar=50215:C:\Users\luigu\AppData\Local\Programs\IntelliJ IDEA Ultimate\bin -Dfile.encoding=UTF-8 --module-path=C:\Users\luigu\.m2\repository\com\dlsc\formsfx\formsfx-core\11.6.0\formsfx-core-11.6.0.jar;C:\Users\luigu\.m2\repository\org\openjfx\javafx-controls\17.0.6\javafx-controls-17.0.6-win-x86.jar;C:\Users\luigu\IdeaProjects\Joyeria_ProyectoMult\target\classes;C:\Users\luigu\.m2\repository\org\openjfx\javafx-fxml\17.0.6\javafx-fxml-17.0.6-win-x86.jar;C:\Users\luigu\.m2\repository\org\kordamp\bootstrapfx\bootstrapfx-core\0.4.0\bootstrapfx-core-0.4.0.jar;C:\Users\luigu\.m2\repository\org\openjfx\javafx-base\17.0.6\javafx-base-17.0.6-win-x86.jar;C:\Users\luigu\.m2\repository\org\controlsfx\controlsfx\11.1.2\controlsfx-11.1.2.jar;C:\Users\luigu\.m2\repository\net\synedra\validatorfx\0.4.0\validatorfx-0.4.0.jar;C:\Users\luigu\.m2\repository\org\openjfx\javafx-graphics\17.0.6\javafx-graphics-17.0.6-win-x86.jar -Djdk.module.main=com.eduard034.joyeria_proyectomult com.eduard034.joyeria_proyectomult/com.eduard034.joyeria_proyectomult.JoyeriaApp

Host: 12th Gen Intel(R) Core(TM) i5-12450H, 12 cores, 7G,  Windows 11 , 64 bit Build 22621 (10.0.22621.3374)
Time: Thu Apr 18 07:29:55 2024 Hora estándar central (México) elapsed time: 15.434499 seconds (0d 0h 0m 15s)

---------------  T H R E A D  ---------------

Current thread (0x16a72800):  JavaThread "JavaFX Application Thread" [_thread_in_native, id=21856, stack(0x19e60000,0x19eb0000)]

Stack: [0x19e60000,0x19eb0000],  sp=0x19eae70c,  free space=313k
Native frames: (J=compiled Java code, A=aot compiled Java code, j=interpreted, Vv=VM code, C=native code)
C  [glass.dll+0x16c62]

Java frames: (J=compiled Java code, j=interpreted, Vv=VM code)
j  com.sun.glass.ui.win.WinWindow._close(J)Z+0 javafx.graphics
j  com.sun.glass.ui.Window.close()V+63 javafx.graphics
j  com.sun.glass.ui.win.WinWindow.close()V+8 javafx.graphics
j  com.sun.glass.ui.Application.terminate()V+75 javafx.graphics
j  com.sun.javafx.tk.quantum.QuantumToolkit.lambda$exit$13()Ljava/lang/Object;+5 javafx.graphics
j  com.sun.javafx.tk.quantum.QuantumToolkit$$Lambda$667.get()Ljava/lang/Object;+0 javafx.graphics
j  com.sun.javafx.tk.quantum.QuantumToolkit.runWithRenderLock(Ljava/util/function/Supplier;)Ljava/lang/Object;+7 javafx.graphics
j  com.sun.javafx.tk.quantum.QuantumToolkit.exit()V+26 javafx.graphics
j  com.sun.javafx.application.PlatformImpl.lambda$tkExit$16()V+3 javafx.graphics
j  com.sun.javafx.application.PlatformImpl$$Lambda$666.run()V+0 javafx.graphics
j  com.sun.javafx.application.PlatformImpl.lambda$runAndWait$12(Ljava/lang/Runnable;Ljava/util/concurrent/CountDownLatch;)V+1 javafx.graphics
j  com.sun.javafx.application.PlatformImpl$$Lambda$87.run()V+8 javafx.graphics
j  com.sun.javafx.application.PlatformImpl.lambda$runLater$10(Ljava/lang/Runnable;)Ljava/lang/Void;+1 javafx.graphics
j  com.sun.javafx.application.PlatformImpl$$Lambda$90.run()Ljava/lang/Object;+4 javafx.graphics
v  ~StubRoutines::call_stub
J 1447  java.security.AccessController.doPrivileged(Ljava/security/PrivilegedAction;Ljava/security/AccessControlContext;)Ljava/lang/Object; java.base@11.0.21 (0 bytes) @ 0x03a52087 [0x03a52020+0x00000067]
j  com.sun.javafx.application.PlatformImpl.lambda$runLater$11(Ljava/lang/Runnable;Ljava/security/AccessControlContext;)V+7 javafx.graphics
j  com.sun.javafx.application.PlatformImpl$$Lambda$89.run()V+8 javafx.graphics
j  com.sun.glass.ui.InvokeLaterDispatcher$Future.run()V+4 javafx.graphics
v  ~StubRoutines::call_stub
j  com.sun.glass.ui.win.WinApplication._runLoop(Ljava/lang/Runnable;)V+0 javafx.graphics
j  com.sun.glass.ui.win.WinApplication.lambda$runLoop$3(ILjava/lang/Runnable;)V+8 javafx.graphics
j  com.sun.glass.ui.win.WinApplication$$Lambda$78.run()V+12 javafx.graphics
j  java.lang.Thread.run()V+11 java.base@11.0.21
v  ~StubRoutines::call_stub

siginfo: EXCEPTION_ACCESS_VIOLATION (0xc0000005), reading address 0x000000b8


Register to memory mapping:

EIP=0x67466c62 glass.dll
EAX=0x0 is NULL
EBX=0x19eae940 is pointing into the stack for thread: 0x16a72800
ECX=0x0 is NULL
EDX=0x0 is NULL
ESP=0x19eae70c is pointing into the stack for thread: 0x16a72800
EBP=0x19eae738 is pointing into the stack for thread: 0x16a72800
ESI=0x00000401 is an unknown value
EDI=0x0 is NULL


Registers:
EAX=0x00000000, EBX=0x19eae940, ECX=0x00000000, EDX=0x00000000
ESP=0x19eae70c, EBP=0x19eae738, ESI=0x00000401, EDI=0x00000000
EIP=0x67466c62, EFLAGS=0x00010206

Top of Stack: (sp=0x19eae70c)
0x19eae70c:   19eae940 00000401 19eae940 67458df8
0x19eae71c:   3b720bbb 169b8330 00190756 00000401
0x19eae72c:   19eae86c 674702b0 ffffffff 00000000
0x19eae73c:   67451755 00000401 19eae940 00000000
0x19eae74c:   00000401 00190756 19eae784 674516f0
0x19eae75c:   76ab30b3 00190756 00000401 19eae940
0x19eae76c:   00000000 00190756 dcbaabcd 674516f0
0x19eae77c:   00000401 00190756 19eae87c 76aa3ef6 

Instructions: (pc=0x67466c62)
0x67466b62:   21 56 e8 47 42 00 00 ff 35 e8 03 48 67 8b f0 ff
0x67466b72:   77 68 56 e8 96 de fe ff 56 e8 a0 41 00 00 83 c4
0x67466b82:   10 5e c7 05 a4 03 48 67 00 00 00 00 5f c3 83 ec
0x67466b92:   24 a1 ec e0 47 67 33 c4 89 44 24 20 8b 44 24 28
0x67466ba2:   53 89 44 24 04 8b d9 8b 44 24 30 89 44 24 08 8b
0x67466bb2:   44 24 38 55 89 44 24 10 8b 44 24 38 56 89 83 84
0x67466bc2:   00 00 00 8b 44 24 0c 89 5c 24 18 bb 00 00 00 80
0x67466bd2:   8b eb 8b f3 57 8b fb 85 c0 79 29 8d 44 24 20 50
0x67466be2:   e8 29 aa fe ff 83 c4 04 85 c0 8b 44 24 10 74 14
0x67466bf2:   8b 74 24 28 8b 5c 24 20 2b f3 8b 7c 24 2c 8b 6c
0x67466c02:   24 24 2b fd 6a 00 50 ff 74 24 1c 68 d8 23 47 67
0x67466c12:   57 56 8b 74 24 34 8b ce 55 53 ff 74 24 38 e8 db
0x67466c22:   a7 fe ff 8b f8 8d 4e 14 57 e8 40 64 00 00 57 8d
0x67466c32:   4e 14 e8 c7 64 00 00 8b 4c 24 30 8b c7 5f 5e 5d
0x67466c42:   5b 33 cc e8 ae 7a 00 00 83 c4 24 c2 10 00 53 8b
0x67466c52:   d9 56 57 ff 73 08 e8 93 a9 fe ff 8b f8 83 c4 04
0x67466c62:   8b 87 b8 00 00 00 85 c0 75 03 8b 47 04 3b 05 a4
0x67466c72:   03 48 67 75 29 e8 34 41 00 00 ff 35 e8 03 48 67
0x67466c82:   8b f0 ff 77 68 56 e8 83 dd fe ff 56 e8 8d 40 00
0x67466c92:   00 83 c4 10 c7 05 a4 03 48 67 00 00 00 00 8d 4f
0x67466ca2:   14 e8 b8 69 00 00 8d 4f 14 e8 e0 69 00 00 ff 73
0x67466cb2:   08 ff 15 f8 fe 47 67 85 c0 5f 0f 95 c0 5e 88 43
0x67466cc2:   04 5b c3 cc cc cc cc cc cc cc cc cc cc cc 55 8b
0x67466cd2:   ec 6a ff 68 f7 11 47 67 64 a1 00 00 00 00 50 83
0x67466ce2:   ec 08 53 56 57 a1 ec e0 47 67 33 c5 50 8d 45 f4
0x67466cf2:   64 a3 00 00 00 00 8b f9 ff 77 18 ff 15 60 ff 47
0x67466d02:   67 85 c0 75 13 0f 57 c0 66 0f 13 45 ec 8b 55 f0
0x67466d12:   8b 45 ec e9 a7 00 00 00 68 dc 00 00 00 e8 96 79
0x67466d22:   00 00 83 c4 04 89 45 f0 c7 45 fc 00 00 00 00 85
0x67466d32:   c0 74 19 ff 77 18 8b c8 6a 01 6a 00 6a 00 6a 00
0x67466d42:   ff 77 10 e8 a6 f9 ff ff 8b d8 eb 02 33 db ff 77
0x67466d52:   18 8b cb c7 45 fc ff ff ff ff 6a 00 68 00 00 10 


Stack slot to memory mapping:
stack at sp + 0 slots: 0x19eae940 is pointing into the stack for thread: 0x16a72800
stack at sp + 1 slots: 0x00000401 is an unknown value
stack at sp + 2 slots: 0x19eae940 is pointing into the stack for thread: 0x16a72800
stack at sp + 3 slots: 0x67458df8 glass.dll
stack at sp + 4 slots: 0x3b720bbb is an unknown value
stack at sp + 5 slots: 0x169b8330 points into unknown readable memory: 0x6747319c | 9c 31 47 67
stack at sp + 6 slots: 0x00190756 is an unknown value
stack at sp + 7 slots: 0x00000401 is an unknown value


---------------  P R O C E S S  ---------------

Threads class SMR info:
_java_thread_list=0x212ff268, length=17, elements={
0x0373e400, 0x037f3400, 0x03808c00, 0x15b60800,
0x15b62400, 0x15b63000, 0x15b64400, 0x15b67800,
0x0381c000, 0x15d07000, 0x162dd800, 0x16a6d000,
0x16a72800, 0x16bdec00, 0x16bf8000, 0x16cf6400,
0x2130a800
}

Java Threads: ( => current thread )
  0x0373e400 JavaThread "main" [_thread_blocked, id=1672, stack(0x02ed0000,0x02f20000)]
  0x037f3400 JavaThread "Reference Handler" daemon [_thread_blocked, id=19392, stack(0x05860000,0x058b0000)]
  0x03808c00 JavaThread "Finalizer" daemon [_thread_blocked, id=17216, stack(0x058f0000,0x05940000)]
  0x15b60800 JavaThread "Signal Dispatcher" daemon [_thread_blocked, id=30564, stack(0x05990000,0x059e0000)]
  0x15b62400 JavaThread "Attach Listener" daemon [_thread_blocked, id=17868, stack(0x15d70000,0x15dc0000)]
  0x15b63000 JavaThread "Service Thread" daemon [_thread_blocked, id=4864, stack(0x15e00000,0x15e50000)]
  0x15b64400 JavaThread "C1 CompilerThread0" daemon [_thread_blocked, id=23336, stack(0x15e90000,0x15ee0000)]
  0x15b67800 JavaThread "Sweeper thread" daemon [_thread_blocked, id=22712, stack(0x15f20000,0x15f70000)]
  0x0381c000 JavaThread "Common-Cleaner" daemon [_thread_blocked, id=16856, stack(0x15fb0000,0x16000000)]
  0x15d07000 JavaThread "Monitor Ctrl-Break" daemon [_thread_in_native, id=27408, stack(0x16440000,0x16490000)]
  0x162dd800 JavaThread "QuantumRenderer-0" daemon [_thread_blocked, id=15356, stack(0x16760000,0x167b0000)]
  0x16a6d000 JavaThread "InvokeLaterDispatcher" daemon [_thread_blocked, id=27604, stack(0x19cd0000,0x19d20000)]
=>0x16a72800 JavaThread "JavaFX Application Thread" [_thread_in_native, id=21856, stack(0x19e60000,0x19eb0000)]
  0x16bdec00 JavaThread "JavaFX-Launcher" [_thread_blocked, id=12544, stack(0x1e460000,0x1e4b0000)]
  0x16bf8000 JavaThread "Thread-2" daemon [_thread_in_native, id=26880, stack(0x1e3d0000,0x1e420000)]
  0x16cf6400 JavaThread "Prism Font Disposer" daemon [_thread_blocked, id=2912, stack(0x1fa90000,0x1fae0000)]
  0x2130a800 JavaThread "Cleaner-0" daemon [_thread_blocked, id=3180, stack(0x22c40000,0x22c90000)]

Other Threads:
  0x037f1400 VMThread "VM Thread" [stack: 0x036a0000,0x036f0000] [id=14312]
  0x15d08000 WatcherThread [stack: 0x164d0000,0x16520000] [id=15096]

Threads with active compile tasks:

VM state:not at safepoint (normal execution)

VM Mutex/Monitor currently owned by a thread: None

Heap:
 def new generation   total 17792K, used 1990K [0x05a00000, 0x06d40000, 0x0af50000)
  eden space 15872K,  12% used [0x05a00000, 0x05bf1990, 0x06980000)
  from space 1920K,   0% used [0x06980000, 0x06980000, 0x06b60000)
  to   space 1920K,   0% used [0x06b60000, 0x06b60000, 0x06d40000)
 tenured generation   total 39368K, used 23620K [0x0af50000, 0x0d5c2000, 0x15a00000)
   the space 39368K,  59% used [0x0af50000, 0x0c661308, 0x0c661400, 0x0d5c2000)
 Metaspace       used 16023K, capacity 16387K, committed 16768K, reserved 16768K

Card table byte_map: [0x03110000,0x031a0000] _byte_map_base: 0x030e3000

Polling page: 0x01700000

Metaspace:

Usage:
   16.00 MB capacity,    15.65 MB ( 98%) used,   247.93 KB (  2%) free+waste,   115.27 KB ( <1%) overhead. 

Virtual space:
     16.38 MB reserved,      16.38 MB (100%) committed 

Chunk freelists:
297.50 KB

MaxMetaspaceSize: 4.00 GB
No class space
Initial GC threshold: 12.00 MB
Current GC threshold: 27.29 MB
CDS: off

CodeCache: size=32768Kb used=2871Kb max_used=2871Kb free=29896Kb
 bounds [0x03820000, 0x03af0000, 0x05820000]
 total_blobs=2476 nmethods=2037 adapters=371
 compilation: enabled
              stopped_count=0, restarted_count=0
 full_count=0

Compilation events (20 events):
Event: 14.632 Thread 0x15b64400 2027             java.lang.ref.ReferenceQueue::reallyPoll (65 bytes)
Event: 14.632 Thread 0x15b64400 nmethod 2027 0x03ae9e08 code [0x03ae9f20, 0x03aea090]
Event: 14.634 Thread 0x15b64400 2028             java.util.concurrent.locks.ReentrantLock::lock (9 bytes)
Event: 14.635 Thread 0x15b64400 nmethod 2028 0x03aea108 code [0x03aea250, 0x03aea380]
Event: 15.055 Thread 0x15b64400 2029             com.sun.prism.impl.ps.BaseShaderContext::checkState (211 bytes)
Event: 15.056 Thread 0x15b64400 nmethod 2029 0x03aea488 code [0x03aea670, 0x03aeaaa4]
Event: 15.072 Thread 0x15b64400 2030             com.sun.javafx.geom.transform.BaseTransform::getMzt (2 bytes)
Event: 15.072 Thread 0x15b64400 nmethod 2030 0x03aeaf88 code [0x03aeb090, 0x03aeb110]
Event: 15.233 Thread 0x15b64400 2032             java.lang.Thread::interrupted (8 bytes)
Event: 15.233 Thread 0x15b64400 nmethod 2032 0x03aeb408 code [0x03aeb520, 0x03aeb5bc]
Event: 15.308 Thread 0x15b64400 2033             jdk.internal.org.objectweb.asm.MethodWriter::visitAnnotation (82 bytes)
Event: 15.308 Thread 0x15b64400 nmethod 2033 0x03aeb648 code [0x03aeb790, 0x03aeba90]
Event: 15.345 Thread 0x15b64400 2034             jdk.internal.misc.VM::initLevel (4 bytes)
Event: 15.345 Thread 0x15b64400 nmethod 2034 0x03aebc48 code [0x03aebd50, 0x03aebdd0]
Event: 15.345 Thread 0x15b64400 2035             sun.nio.cs.UTF_8$Encoder::encodeArrayLoop (489 bytes)
Event: 15.346 Thread 0x15b64400 nmethod 2035 0x03aebe08 code [0x03aec190, 0x03aecf44]
Event: 15.365 Thread 0x15b64400 2036             jdk.internal.misc.VM::isModuleSystemInited (13 bytes)
Event: 15.366 Thread 0x15b64400 nmethod 2036 0x03aedb08 code [0x03aedc10, 0x03aedca0]
Event: 15.366 Thread 0x15b64400 2037             java.nio.charset.CoderResult::isUnderflow (13 bytes)
Event: 15.366 Thread 0x15b64400 nmethod 2037 0x03aedd08 code [0x03aede10, 0x03aedea0]

GC Heap History (20 events):
Event: 0.864 GC heap before
{Heap before GC invocations=7 (full 0):
 def new generation   total 4928K, used 4928K [0x05a00000, 0x05f50000, 0x0af50000)
  eden space 4416K, 100% used [0x05a00000, 0x05e50000, 0x05e50000)
  from space 512K, 100% used [0x05ed0000, 0x05f50000, 0x05f50000)
  to   space 512K,   0% used [0x05e50000, 0x05e50000, 0x05ed0000)
 tenured generation   total 10944K, used 3695K [0x0af50000, 0x0ba00000, 0x15a00000)
   the space 10944K,  33% used [0x0af50000, 0x0b2ebdd0, 0x0b2ebe00, 0x0ba00000)
 Metaspace       used 11343K, capacity 11510K, committed 11520K, reserved 11648K
}
Event: 0.865 GC heap after
{Heap after GC invocations=8 (full 0):
 def new generation   total 4928K, used 512K [0x05a00000, 0x05f50000, 0x0af50000)
  eden space 4416K,   0% used [0x05a00000, 0x05a00000, 0x05e50000)
  from space 512K, 100% used [0x05e50000, 0x05ed0000, 0x05ed0000)
  to   space 512K,   0% used [0x05ed0000, 0x05ed0000, 0x05f50000)
 tenured generation   total 10944K, used 4200K [0x0af50000, 0x0ba00000, 0x15a00000)
   the space 10944K,  38% used [0x0af50000, 0x0b36a3e0, 0x0b36a400, 0x0ba00000)
 Metaspace       used 11343K, capacity 11510K, committed 11520K, reserved 11648K
}
Event: 0.932 GC heap before
{Heap before GC invocations=8 (full 0):
 def new generation   total 4928K, used 4927K [0x05a00000, 0x05f50000, 0x0af50000)
  eden space 4416K,  99% used [0x05a00000, 0x05e4fe60, 0x05e50000)
  from space 512K, 100% used [0x05e50000, 0x05ed0000, 0x05ed0000)
  to   space 512K,   0% used [0x05ed0000, 0x05ed0000, 0x05f50000)
 tenured generation   total 10944K, used 10431K [0x0af50000, 0x0ba00000, 0x15a00000)
   the space 10944K,  95% used [0x0af50000, 0x0b97fdd8, 0x0b97fe00, 0x0ba00000)
 Metaspace       used 11801K, capacity 11976K, committed 12032K, reserved 12672K
}
Event: 0.941 GC heap after
{Heap after GC invocations=9 (full 1):
 def new generation   total 8640K, used 408K [0x05a00000, 0x06360000, 0x0af50000)
  eden space 7680K,   5% used [0x05a00000, 0x05a663f0, 0x06180000)
  from space 960K,   0% used [0x06180000, 0x06180000, 0x06270000)
  to   space 960K,   0% used [0x06270000, 0x06270000, 0x06360000)
 tenured generation   total 19096K, used 11455K [0x0af50000, 0x0c1f6000, 0x15a00000)
   the space 19096K,  59% used [0x0af50000, 0x0ba7fff8, 0x0ba80000, 0x0c1f6000)
 Metaspace       used 11801K, capacity 11976K, committed 12032K, reserved 12672K
}
Event: 1.078 GC heap before
{Heap before GC invocations=9 (full 1):
 def new generation   total 8640K, used 7680K [0x05a00000, 0x06360000, 0x0af50000)
  eden space 7680K, 100% used [0x05a00000, 0x06180000, 0x06180000)
  from space 960K,   0% used [0x06180000, 0x06180000, 0x06270000)
  to   space 960K,   0% used [0x06270000, 0x06270000, 0x06360000)
 tenured generation   total 19096K, used 11455K [0x0af50000, 0x0c1f6000, 0x15a00000)
   the space 19096K,  59% used [0x0af50000, 0x0ba7fff8, 0x0ba80000, 0x0c1f6000)
 Metaspace       used 12714K, capacity 12899K, committed 12928K, reserved 13696K
}
Event: 1.082 GC heap after
{Heap after GC invocations=10 (full 1):
 def new generation   total 8640K, used 960K [0x05a00000, 0x06360000, 0x0af50000)
  eden space 7680K,   0% used [0x05a00000, 0x05a00000, 0x06180000)
  from space 960K, 100% used [0x06270000, 0x06360000, 0x06360000)
  to   space 960K,   0% used [0x06180000, 0x06180000, 0x06270000)
 tenured generation   total 19096K, used 11722K [0x0af50000, 0x0c1f6000, 0x15a00000)
   the space 19096K,  61% used [0x0af50000, 0x0bac2958, 0x0bac2a00, 0x0c1f6000)
 Metaspace       used 12714K, capacity 12899K, committed 12928K, reserved 13696K
}
Event: 1.158 GC heap before
{Heap before GC invocations=10 (full 1):
 def new generation   total 8640K, used 8640K [0x05a00000, 0x06360000, 0x0af50000)
  eden space 7680K, 100% used [0x05a00000, 0x06180000, 0x06180000)
  from space 960K, 100% used [0x06270000, 0x06360000, 0x06360000)
  to   space 960K,   0% used [0x06180000, 0x06180000, 0x06270000)
 tenured generation   total 19096K, used 11722K [0x0af50000, 0x0c1f6000, 0x15a00000)
   the space 19096K,  61% used [0x0af50000, 0x0bac2958, 0x0bac2a00, 0x0c1f6000)
 Metaspace       used 13882K, capacity 14157K, committed 14208K, reserved 14720K
}
Event: 1.161 GC heap after
{Heap after GC invocations=11 (full 1):
 def new generation   total 8640K, used 556K [0x05a00000, 0x06360000, 0x0af50000)
  eden space 7680K,   0% used [0x05a00000, 0x05a00000, 0x06180000)
  from space 960K,  57% used [0x06180000, 0x0620b050, 0x06270000)
  to   space 960K,   0% used [0x06270000, 0x06270000, 0x06360000)
 tenured generation   total 19096K, used 12675K [0x0af50000, 0x0c1f6000, 0x15a00000)
   the space 19096K,  66% used [0x0af50000, 0x0bbb0fd0, 0x0bbb1000, 0x0c1f6000)
 Metaspace       used 13882K, capacity 14157K, committed 14208K, reserved 14720K
}
Event: 2.115 GC heap before
{Heap before GC invocations=11 (full 1):
 def new generation   total 8640K, used 8236K [0x05a00000, 0x06360000, 0x0af50000)
  eden space 7680K, 100% used [0x05a00000, 0x06180000, 0x06180000)
  from space 960K,  57% used [0x06180000, 0x0620b050, 0x06270000)
  to   space 960K,   0% used [0x06270000, 0x06270000, 0x06360000)
 tenured generation   total 19096K, used 12675K [0x0af50000, 0x0c1f6000, 0x15a00000)
   the space 19096K,  66% used [0x0af50000, 0x0bbb0fd0, 0x0bbb1000, 0x0c1f6000)
 Metaspace       used 14769K, capacity 15072K, committed 15104K, reserved 15744K
}
Event: 2.121 GC heap after
{Heap after GC invocations=12 (full 1):
 def new generation   total 8640K, used 960K [0x05a00000, 0x06360000, 0x0af50000)
  eden space 7680K,   0% used [0x05a00000, 0x05a00000, 0x06180000)
  from space 960K, 100% used [0x06270000, 0x06360000, 0x06360000)
  to   space 960K,   0% used [0x06180000, 0x06180000, 0x06270000)
 tenured generation   total 19096K, used 14345K [0x0af50000, 0x0c1f6000, 0x15a00000)
   the space 19096K,  75% used [0x0af50000, 0x0bd526b8, 0x0bd52800, 0x0c1f6000)
 Metaspace       used 14769K, capacity 15072K, committed 15104K, reserved 15744K
}
Event: 2.801 GC heap before
{Heap before GC invocations=12 (full 1):
 def new generation   total 8640K, used 8640K [0x05a00000, 0x06360000, 0x0af50000)
  eden space 7680K, 100% used [0x05a00000, 0x06180000, 0x06180000)
  from space 960K, 100% used [0x06270000, 0x06360000, 0x06360000)
  to   space 960K,   0% used [0x06180000, 0x06180000, 0x06270000)
 tenured generation   total 19096K, used 14345K [0x0af50000, 0x0c1f6000, 0x15a00000)
   the space 19096K,  75% used [0x0af50000, 0x0bd526b8, 0x0bd52800, 0x0c1f6000)
 Metaspace       used 15842K, capacity 16219K, committed 16256K, reserved 16768K
}
Event: 2.804 GC heap after
{Heap after GC invocations=13 (full 1):
 def new generation   total 8640K, used 718K [0x05a00000, 0x06360000, 0x0af50000)
  eden space 7680K,   0% used [0x05a00000, 0x05a00000, 0x06180000)
  from space 960K,  74% used [0x06180000, 0x06233970, 0x06270000)
  to   space 960K,   0% used [0x06270000, 0x06270000, 0x06360000)
 tenured generation   total 19096K, used 15300K [0x0af50000, 0x0c1f6000, 0x15a00000)
   the space 19096K,  80% used [0x0af50000, 0x0be41058, 0x0be41200, 0x0c1f6000)
 Metaspace       used 15842K, capacity 16219K, committed 16256K, reserved 16768K
}
Event: 8.624 GC heap before
{Heap before GC invocations=13 (full 1):
 def new generation   total 8640K, used 8398K [0x05a00000, 0x06360000, 0x0af50000)
  eden space 7680K, 100% used [0x05a00000, 0x06180000, 0x06180000)
  from space 960K,  74% used [0x06180000, 0x06233970, 0x06270000)
  to   space 960K,   0% used [0x06270000, 0x06270000, 0x06360000)
 tenured generation   total 19096K, used 15300K [0x0af50000, 0x0c1f6000, 0x15a00000)
   the space 19096K,  80% used [0x0af50000, 0x0be41058, 0x0be41200, 0x0c1f6000)
 Metaspace       used 16201K, capacity 16607K, committed 16640K, reserved 16768K
}
Event: 8.627 GC heap after
{Heap after GC invocations=14 (full 1):
 def new generation   total 8640K, used 824K [0x05a00000, 0x06360000, 0x0af50000)
  eden space 7680K,   0% used [0x05a00000, 0x05a00000, 0x06180000)
  from space 960K,  85% used [0x06270000, 0x0633e020, 0x06360000)
  to   space 960K,   0% used [0x06180000, 0x06180000, 0x06270000)
 tenured generation   total 19096K, used 15997K [0x0af50000, 0x0c1f6000, 0x15a00000)
   the space 19096K,  83% used [0x0af50000, 0x0beef7e8, 0x0beef800, 0x0c1f6000)
 Metaspace       used 16201K, capacity 16607K, committed 16640K, reserved 16768K
}
Event: 12.326 GC heap before
{Heap before GC invocations=14 (full 1):
 def new generation   total 8640K, used 8504K [0x05a00000, 0x06360000, 0x0af50000)
  eden space 7680K,  99% used [0x05a00000, 0x0617fff0, 0x06180000)
  from space 960K,  85% used [0x06270000, 0x0633e020, 0x06360000)
  to   space 960K,   0% used [0x06180000, 0x06180000, 0x06270000)
 tenured generation   total 19096K, used 15997K [0x0af50000, 0x0c1f6000, 0x15a00000)
   the space 19096K,  83% used [0x0af50000, 0x0beef7e8, 0x0beef800, 0x0c1f6000)
 Metaspace       used 16257K, capacity 16681K, committed 16768K, reserved 16768K
}
Event: 12.330 GC heap after
{Heap after GC invocations=15 (full 1):
 def new generation   total 8640K, used 960K [0x05a00000, 0x06360000, 0x0af50000)
  eden space 7680K,   0% used [0x05a00000, 0x05a00000, 0x06180000)
  from space 960K, 100% used [0x06180000, 0x06270000, 0x06270000)
  to   space 960K,   0% used [0x06270000, 0x06270000, 0x06360000)
 tenured generation   total 19096K, used 17229K [0x0af50000, 0x0c1f6000, 0x15a00000)
   the space 19096K,  90% used [0x0af50000, 0x0c023798, 0x0c023800, 0x0c1f6000)
 Metaspace       used 16257K, capacity 16681K, committed 16768K, reserved 16768K
}
Event: 14.527 GC heap before
{Heap before GC invocations=15 (full 1):
 def new generation   total 8640K, used 2952K [0x05a00000, 0x06360000, 0x0af50000)
  eden space 7680K,  25% used [0x05a00000, 0x05bf2210, 0x06180000)
  from space 960K, 100% used [0x06180000, 0x06270000, 0x06270000)
  to   space 960K,   0% used [0x06270000, 0x06270000, 0x06360000)
 tenured generation   total 19096K, used 17229K [0x0af50000, 0x0c1f6000, 0x15a00000)
   the space 19096K,  90% used [0x0af50000, 0x0c023798, 0x0c023800, 0x0c1f6000)
 Metaspace       used 16259K, capacity 16683K, committed 16768K, reserved 16768K
}
Event: 14.529 GC heap after
{Heap after GC invocations=16 (full 1):
 def new generation   total 8640K, used 232K [0x05a00000, 0x06360000, 0x0af50000)
  eden space 7680K,   0% used [0x05a00000, 0x05a00000, 0x06180000)
  from space 960K,  24% used [0x06270000, 0x062aa1e8, 0x06360000)
  to   space 960K,   0% used [0x06180000, 0x06180000, 0x06270000)
 tenured generation   total 19096K, used 18181K [0x0af50000, 0x0c1f6000, 0x15a00000)
   the space 19096K,  95% used [0x0af50000, 0x0c111750, 0x0c111800, 0x0c1f6000)
 Metaspace       used 16259K, capacity 16683K, committed 16768K, reserved 16768K
}
Event: 14.602 GC heap before
{Heap before GC invocations=16 (full 1):
 def new generation   total 8640K, used 7302K [0x05a00000, 0x06360000, 0x0af50000)
  eden space 7680K,  92% used [0x05a00000, 0x060e78e8, 0x06180000)
  from space 960K,  24% used [0x06270000, 0x062aa1e8, 0x06360000)
  to   space 960K,   0% used [0x06180000, 0x06180000, 0x06270000)
 tenured generation   total 19096K, used 18181K [0x0af50000, 0x0c1f6000, 0x15a00000)
   the space 19096K,  95% used [0x0af50000, 0x0c111750, 0x0c111800, 0x0c1f6000)
 Metaspace       used 16261K, capacity 16684K, committed 16768K, reserved 16768K
}
Event: 14.631 GC heap after
{Heap after GC invocations=17 (full 2):
 def new generation   total 17792K, used 0K [0x05a00000, 0x06d40000, 0x0af50000)
  eden space 15872K,   0% used [0x05a00000, 0x05a00000, 0x06980000)
  from space 1920K,   0% used [0x06980000, 0x06980000, 0x06b60000)
  to   space 1920K,   0% used [0x06b60000, 0x06b60000, 0x06d40000)
 tenured generation   total 39368K, used 23620K [0x0af50000, 0x0d5c2000, 0x15a00000)
   the space 39368K,  59% used [0x0af50000, 0x0c661308, 0x0c661400, 0x0d5c2000)
 Metaspace       used 15996K, capacity 16360K, committed 16768K, reserved 16768K
}

Deoptimization events (10 events):
Event: 1.060 Thread 0x16a72800 DEOPT PACKING pc=0x0394ea4f sp=0x19eadff0
Event: 1.060 Thread 0x16a72800 DEOPT UNPACKING pc=0x0385c187 sp=0x19eadf10 mode 3
Event: 1.063 Thread 0x16a72800 DEOPT PACKING pc=0x0397e971 sp=0x19eae170
Event: 1.063 Thread 0x16a72800 DEOPT UNPACKING pc=0x0385c187 sp=0x19eae094 mode 3
Event: 1.156 Thread 0x16a72800 DEOPT PACKING pc=0x039c1f8c sp=0x19eae160
Event: 1.156 Thread 0x16a72800 DEOPT UNPACKING pc=0x0385c187 sp=0x19eae010 mode 3
Event: 3.505 Thread 0x162dd800 DEOPT PACKING pc=0x03a36dbd sp=0x167aeb50
Event: 3.505 Thread 0x162dd800 DEOPT UNPACKING pc=0x0385c187 sp=0x167aea7c mode 3
Event: 15.309 Thread 0x16a72800 DEOPT PACKING pc=0x03a05be4 sp=0x19eacb70
Event: 15.309 Thread 0x16a72800 DEOPT UNPACKING pc=0x0385c187 sp=0x19eaca0c mode 0

Classes redefined (0 events):
No events

Internal exceptions (20 events):
Event: 1.104 Thread 0x16a72800 Exception <a 'java/lang/ClassNotFoundException'{0x05bc9b60}: com/sun/javafx/scene/control/skin/resources/controls> (0x05bc9b60) thrown at [s\src\hotspot\share\prims\jni.cpp, line 638]
Event: 1.104 Thread 0x16a72800 Exception <a 'java/lang/ClassNotFoundException'{0x05bd7870}: com/sun/javafx/scene/control/skin/resources/controls_es> (0x05bd7870) thrown at [s\src\hotspot\share\prims\jni.cpp, line 638]
Event: 1.104 Thread 0x16a72800 Exception <a 'java/lang/ClassNotFoundException'{0x05be4a70}: com/sun/javafx/scene/control/skin/resources/controls_es_MX> (0x05be4a70) thrown at [s\src\hotspot\share\prims\jni.cpp, line 638]
Event: 1.122 Thread 0x16a72800 Exception <a 'java/lang/NoSuchMethodError'{0x05d834a8}: 'void java.lang.invoke.DirectMethodHandle$Holder.invokeSpecial(java.lang.Object, java.lang.Object, java.lang.Object, java.lang.Object, java.lang.Object, java.lang.Object)'> (0x05d834a8) thrown at [s\src\hotspot\share\interpreter\linkResolver.cpp, line 773]
Event: 1.138 Thread 0x16a72800 Exception <a 'java/lang/NoSuchMethodError'{0x05fdeba8}: 'java.lang.Object java.lang.invoke.DirectMethodHandle$Holder.invokeInterface(java.lang.Object, java.lang.Object, java.lang.Object)'> (0x05fdeba8) thrown at [s\src\hotspot\share\interpreter\linkResolver.cpp, line 773]
Event: 1.138 Thread 0x16a72800 Exception <a 'java/lang/IncompatibleClassChangeError'{0x05fe1968}: Found class java.lang.Object, but interface was expected> (0x05fe1968) thrown at [s\src\hotspot\share\interpreter\linkResolver.cpp, line 839]
Event: 1.190 Thread 0x162dd800 Exception <a 'java/lang/NoSuchMethodError'{0x05adbd20}: 'int java.lang.invoke.DirectMethodHandle$Holder.invokeStaticInit(java.lang.Object, java.lang.Object)'> (0x05adbd20) thrown at [s\src\hotspot\share\interpreter\linkResolver.cpp, line 773]
Event: 1.201 Thread 0x16a72800 Exception <a 'java/lang/NoSuchMethodError'{0x05aff698}: 'long java.lang.invoke.DirectMethodHandle$Holder.invokeStaticInit(java.lang.Object, java.lang.Object, java.lang.Object)'> (0x05aff698) thrown at [s\src\hotspot\share\interpreter\linkResolver.cpp, line 773]
Event: 1.202 Thread 0x16a72800 Exception <a 'java/lang/NoSuchMethodError'{0x05b94798}: 'java.lang.Object java.lang.invoke.DirectMethodHandle$Holder.invokeStatic(java.lang.Object, java.lang.Object, long)'> (0x05b94798) thrown at [s\src\hotspot\share\interpreter\linkResolver.cpp, line 773]
Event: 1.202 Thread 0x16a72800 Exception <a 'java/lang/NoSuchMethodError'{0x05b9a1e8}: 'java.lang.Object java.lang.invoke.Invokers$Holder.linkToTargetMethod(java.lang.Object, long, java.lang.Object)'> (0x05b9a1e8) thrown at [s\src\hotspot\share\interpreter\linkResolver.cpp, line 773]
Event: 2.065 Thread 0x16a72800 Exception <a 'java/io/FileNotFoundException'{0x0605b640}> (0x0605b640) thrown at [s\src\hotspot\share\prims\jni.cpp, line 617]
Event: 2.078 Thread 0x16a72800 Exception <a 'java/io/FileNotFoundException'{0x060ac2e8}> (0x060ac2e8) thrown at [s\src\hotspot\share\prims\jni.cpp, line 617]
Event: 6.562 Thread 0x16a72800 Exception <a 'java/lang/NoSuchMethodError'{0x05e74500}: 'java.lang.Object java.lang.invoke.DirectMethodHandle$Holder.invokeStatic(java.lang.Object, java.lang.Object, int, int, int, int, int, java.lang.Object)'> (0x05e74500) thrown at [s\src\hotspot\share\interpreter\linkResolver.cpp, line 773]
Event: 6.562 Thread 0x16a72800 Exception <a 'java/lang/NoSuchMethodError'{0x05e84780}: 'java.lang.Object java.lang.invoke.DirectMethodHandle$Holder.invokeStatic(java.lang.Object, java.lang.Object, java.lang.Object, int, int, int, int, int)'> (0x05e84780) thrown at [s\src\hotspot\share\interpreter\linkResolver.cpp, line 773]
Event: 6.562 Thread 0x16a72800 Exception <a 'java/lang/NoSuchMethodError'{0x05e8b310}: 'java.lang.Object java.lang.invoke.Invokers$Holder.linkToTargetMethod(java.lang.Object, java.lang.Object, int, int, int, int, int, java.lang.Object)'> (0x05e8b310) thrown at [s\src\hotspot\share\interpreter\linkResolver.cpp, line 773]
Event: 8.664 Thread 0x162dd800 Exception <a 'java/lang/NoSuchMethodError'{0x05f31e78}: 'java.lang.Object java.lang.invoke.DirectMethodHandle$Holder.invokeStaticInit(java.lang.Object, int)'> (0x05f31e78) thrown at [s\src\hotspot\share\interpreter\linkResolver.cpp, line 773]
Event: 15.344 Thread 0x16a72800 Exception <a 'java/lang/IllegalArgumentException'{0x05b415e8}> (0x05b415e8) thrown at [s\src\hotspot\share\prims\jvm.cpp, line 1310]
Event: 15.365 Thread 0x16a72800 Exception <a 'java/lang/IllegalArgumentException'{0x05b936a8}> (0x05b936a8) thrown at [s\src\hotspot\share\prims\jvm.cpp, line 1310]
Event: 15.379 Thread 0x16a72800 Exception <a 'java/lang/IllegalArgumentException'{0x05b9f068}> (0x05b9f068) thrown at [s\src\hotspot\share\prims\jvm.cpp, line 1310]
Event: 15.395 Thread 0x16a72800 Exception <a 'java/lang/IllegalArgumentException'{0x05baaa58}> (0x05baaa58) thrown at [s\src\hotspot\share\prims\jvm.cpp, line 1310]

Events (20 events):
Event: 14.195 Executing VM operation: RevokeBias
Event: 14.196 Executing VM operation: RevokeBias done
Event: 14.527 Executing VM operation: GenCollectForAllocation
Event: 14.529 Executing VM operation: GenCollectForAllocation done
Event: 14.560 loading class com/sun/prism/impl/ManagedResource
Event: 14.560 loading class com/sun/prism/impl/ManagedResource done
Event: 14.560 loading class com/sun/prism/impl/BaseResourcePool$Predicate
Event: 14.560 loading class com/sun/prism/impl/BaseResourcePool$Predicate done
Event: 14.570 Executing VM operation: RevokeBias
Event: 14.571 Executing VM operation: RevokeBias done
Event: 14.601 Executing VM operation: GenCollectForAllocation
Event: 14.631 Executing VM operation: GenCollectForAllocation done
Event: 15.307 loading class javafx/application/Application
Event: 15.307 loading class javafx/application/Application done
Event: 15.307 loading class javafx/application/Application
Event: 15.307 loading class javafx/application/Application done
Event: 15.344 loading class java/lang/Throwable$WrappedPrintStream
Event: 15.344 loading class java/lang/Throwable$PrintStreamOrWriter
Event: 15.344 loading class java/lang/Throwable$PrintStreamOrWriter done
Event: 15.344 loading class java/lang/Throwable$WrappedPrintStream done


Dynamic libraries:
0x002b0000 - 0x002bc000 	C:\Program Files (x86)\Eclipse Adoptium\jdk-11.0.21.9-hotspot\bin\java.exe
0x76f20000 - 0x770d1000 	C:\WINDOWS\SYSTEM32\ntdll.dll
0x75520000 - 0x75610000 	C:\WINDOWS\System32\KERNEL32.DLL
0x767d0000 - 0x76a45000 	C:\WINDOWS\System32\KERNELBASE.dll
0x73ee0000 - 0x73f86000 	C:\WINDOWS\SYSTEM32\apphelp.dll
0x756d0000 - 0x757e2000 	C:\WINDOWS\System32\ucrtbase.dll
0x6e280000 - 0x6e293000 	C:\Program Files (x86)\Eclipse Adoptium\jdk-11.0.21.9-hotspot\bin\VCRUNTIME140.dll
0x6e2a0000 - 0x6e2b5000 	C:\Program Files (x86)\Eclipse Adoptium\jdk-11.0.21.9-hotspot\bin\jli.dll
0x76a80000 - 0x76c29000 	C:\WINDOWS\System32\USER32.dll
0x74d10000 - 0x74d2a000 	C:\WINDOWS\System32\win32u.dll
0x6db90000 - 0x6ddb8000 	C:\WINDOWS\WinSxS\x86_microsoft.windows.common-controls_6595b64144ccf1df_6.0.22621.3235_none_6ebcabb88802389e\COMCTL32.dll
0x76a50000 - 0x76a73000 	C:\WINDOWS\System32\GDI32.dll
0x74da0000 - 0x74e64000 	C:\WINDOWS\System32\msvcrt.dll
0x75b80000 - 0x75c62000 	C:\WINDOWS\System32\gdi32full.dll
0x75c70000 - 0x75ce9000 	C:\WINDOWS\System32\msvcp_win.dll
0x74ce0000 - 0x74d05000 	C:\WINDOWS\System32\IMM32.DLL
0x6cfd0000 - 0x6d03f000 	C:\Program Files (x86)\Eclipse Adoptium\jdk-11.0.21.9-hotspot\bin\msvcp140.dll
0x6b270000 - 0x6b74b000 	C:\Program Files (x86)\Eclipse Adoptium\jdk-11.0.21.9-hotspot\bin\client\jvm.dll
0x76da0000 - 0x76e1f000 	C:\WINDOWS\System32\ADVAPI32.dll
0x76c50000 - 0x76cd5000 	C:\WINDOWS\System32\sechost.dll
0x76d80000 - 0x76d9a000 	C:\WINDOWS\System32\bcrypt.dll
0x75610000 - 0x756ca000 	C:\WINDOWS\System32\RPCRT4.dll
0x74d90000 - 0x74d96000 	C:\WINDOWS\System32\PSAPI.DLL
0x72770000 - 0x727a1000 	C:\WINDOWS\SYSTEM32\WINMM.dll
0x70070000 - 0x70078000 	C:\WINDOWS\SYSTEM32\WSOCK32.dll
0x74a60000 - 0x74a68000 	C:\WINDOWS\SYSTEM32\VERSION.dll
0x75050000 - 0x750af000 	C:\WINDOWS\System32\WS2_32.dll
0x74a70000 - 0x74a83000 	C:\WINDOWS\SYSTEM32\kernel.appcore.dll
0x6e900000 - 0x6e90d000 	C:\Program Files (x86)\Eclipse Adoptium\jdk-11.0.21.9-hotspot\bin\verify.dll
0x6bfb0000 - 0x6c186000 	C:\WINDOWS\SYSTEM32\DBGHELP.DLL
0x757f0000 - 0x75a6c000 	C:\WINDOWS\System32\combase.dll
0x76ce0000 - 0x76d7c000 	C:\WINDOWS\System32\OLEAUT32.dll
0x6cfa0000 - 0x6cfc9000 	C:\WINDOWS\SYSTEM32\dbgcore.DLL
0x753b0000 - 0x75412000 	C:\WINDOWS\System32\bcryptPrimitives.dll
0x6cf70000 - 0x6cf92000 	C:\Program Files (x86)\Eclipse Adoptium\jdk-11.0.21.9-hotspot\bin\java.dll
0x6e270000 - 0x6e279000 	C:\Program Files (x86)\Eclipse Adoptium\jdk-11.0.21.9-hotspot\bin\jimage.dll
0x6cf60000 - 0x6cf6d000 	C:\Program Files (x86)\Eclipse Adoptium\jdk-11.0.21.9-hotspot\bin\instrument.dll
0x6df30000 - 0x6df46000 	C:\Program Files (x86)\Eclipse Adoptium\jdk-11.0.21.9-hotspot\bin\zip.dll
0x75cf0000 - 0x76389000 	C:\WINDOWS\System32\SHELL32.dll
0x71e70000 - 0x7255f000 	C:\WINDOWS\SYSTEM32\windows.storage.dll
0x716c0000 - 0x71787000 	C:\WINDOWS\SYSTEM32\wintypes.dll
0x75170000 - 0x75231000 	C:\WINDOWS\System32\SHCORE.dll
0x74d40000 - 0x74d8b000 	C:\WINDOWS\System32\shlwapi.dll
0x70050000 - 0x70069000 	C:\WINDOWS\SYSTEM32\profapi.dll
0x6de10000 - 0x6de24000 	C:\Program Files (x86)\Eclipse Adoptium\jdk-11.0.21.9-hotspot\bin\net.dll
0x73c80000 - 0x73d5c000 	C:\WINDOWS\SYSTEM32\WINHTTP.dll
0x6fae0000 - 0x6fb31000 	C:\WINDOWS\system32\mswsock.dll
0x6e260000 - 0x6e26f000 	C:\Program Files (x86)\Eclipse Adoptium\jdk-11.0.21.9-hotspot\bin\nio.dll
0x6cf40000 - 0x6cf56000 	C:\Users\luigu\AppData\Local\Programs\IntelliJ IDEA Ultimate\bin\breakgen.dll
0x6cf30000 - 0x6cf33000 	C:\Users\luigu\.openjfx\cache\17.0.6\api-ms-win-core-console-l1-1-0.dll
0x6cf20000 - 0x6cf23000 	C:\Users\luigu\.openjfx\cache\17.0.6\api-ms-win-core-console-l1-2-0.dll
0x6cf10000 - 0x6cf13000 	C:\Users\luigu\.openjfx\cache\17.0.6\api-ms-win-core-datetime-l1-1-0.dll
0x6cf00000 - 0x6cf03000 	C:\Users\luigu\.openjfx\cache\17.0.6\api-ms-win-core-debug-l1-1-0.dll
0x6cef0000 - 0x6cef3000 	C:\Users\luigu\.openjfx\cache\17.0.6\api-ms-win-core-errorhandling-l1-1-0.dll
0x6c640000 - 0x6c644000 	C:\Users\luigu\.openjfx\cache\17.0.6\api-ms-win-core-file-l1-1-0.dll
0x6c630000 - 0x6c633000 	C:\Users\luigu\.openjfx\cache\17.0.6\api-ms-win-core-file-l1-2-0.dll
0x6c620000 - 0x6c623000 	C:\Users\luigu\.openjfx\cache\17.0.6\api-ms-win-core-file-l2-1-0.dll
0x6c610000 - 0x6c613000 	C:\Users\luigu\.openjfx\cache\17.0.6\api-ms-win-core-handle-l1-1-0.dll
0x6c600000 - 0x6c603000 	C:\Users\luigu\.openjfx\cache\17.0.6\api-ms-win-core-heap-l1-1-0.dll
0x6c5f0000 - 0x6c5f3000 	C:\Users\luigu\.openjfx\cache\17.0.6\api-ms-win-core-interlocked-l1-1-0.dll
0x6c5e0000 - 0x6c5e3000 	C:\Users\luigu\.openjfx\cache\17.0.6\api-ms-win-core-libraryloader-l1-1-0.dll
0x6bfa0000 - 0x6bfa3000 	C:\Users\luigu\.openjfx\cache\17.0.6\api-ms-win-core-localization-l1-2-0.dll
0x6bf90000 - 0x6bf93000 	C:\Users\luigu\.openjfx\cache\17.0.6\api-ms-win-core-memory-l1-1-0.dll
0x6bf80000 - 0x6bf83000 	C:\Users\luigu\.openjfx\cache\17.0.6\api-ms-win-core-namedpipe-l1-1-0.dll
0x6bf70000 - 0x6bf73000 	C:\Users\luigu\.openjfx\cache\17.0.6\api-ms-win-core-processenvironment-l1-1-0.dll
0x6bf60000 - 0x6bf63000 	C:\Users\luigu\.openjfx\cache\17.0.6\api-ms-win-core-processthreads-l1-1-0.dll
0x6bf40000 - 0x6bf43000 	C:\Users\luigu\.openjfx\cache\17.0.6\api-ms-win-core-processthreads-l1-1-1.dll
0x6bf20000 - 0x6bf23000 	C:\Users\luigu\.openjfx\cache\17.0.6\api-ms-win-core-profile-l1-1-0.dll
0x6bf10000 - 0x6bf13000 	C:\Users\luigu\.openjfx\cache\17.0.6\api-ms-win-core-rtlsupport-l1-1-0.dll
0x6bf00000 - 0x6bf03000 	C:\Users\luigu\.openjfx\cache\17.0.6\api-ms-win-core-string-l1-1-0.dll
0x6bef0000 - 0x6bef3000 	C:\Users\luigu\.openjfx\cache\17.0.6\api-ms-win-core-synch-l1-1-0.dll
0x6bee0000 - 0x6bee3000 	C:\Users\luigu\.openjfx\cache\17.0.6\api-ms-win-core-synch-l1-2-0.dll
0x6bed0000 - 0x6bed3000 	C:\Users\luigu\.openjfx\cache\17.0.6\api-ms-win-core-sysinfo-l1-1-0.dll
0x6bec0000 - 0x6bec3000 	C:\Users\luigu\.openjfx\cache\17.0.6\api-ms-win-core-timezone-l1-1-0.dll
0x6beb0000 - 0x6beb3000 	C:\Users\luigu\.openjfx\cache\17.0.6\api-ms-win-core-util-l1-1-0.dll
0x6bea0000 - 0x6bea3000 	C:\Users\luigu\.openjfx\cache\17.0.6\api-ms-win-crt-conio-l1-1-0.dll
0x6be90000 - 0x6be94000 	C:\Users\luigu\.openjfx\cache\17.0.6\api-ms-win-crt-convert-l1-1-0.dll
0x6be80000 - 0x6be83000 	C:\Users\luigu\.openjfx\cache\17.0.6\api-ms-win-crt-environment-l1-1-0.dll
0x6be70000 - 0x6be73000 	C:\Users\luigu\.openjfx\cache\17.0.6\api-ms-win-crt-filesystem-l1-1-0.dll
0x6be60000 - 0x6be63000 	C:\Users\luigu\.openjfx\cache\17.0.6\api-ms-win-crt-heap-l1-1-0.dll
0x6be50000 - 0x6be53000 	C:\Users\luigu\.openjfx\cache\17.0.6\api-ms-win-crt-locale-l1-1-0.dll
0x6be40000 - 0x6be45000 	C:\Users\luigu\.openjfx\cache\17.0.6\api-ms-win-crt-math-l1-1-0.dll
0x6be30000 - 0x6be35000 	C:\Users\luigu\.openjfx\cache\17.0.6\api-ms-win-crt-multibyte-l1-1-0.dll
0x6be20000 - 0x6be30000 	C:\Users\luigu\.openjfx\cache\17.0.6\api-ms-win-crt-private-l1-1-0.dll
0x6be10000 - 0x6be13000 	C:\Users\luigu\.openjfx\cache\17.0.6\api-ms-win-crt-process-l1-1-0.dll
0x6be00000 - 0x6be04000 	C:\Users\luigu\.openjfx\cache\17.0.6\api-ms-win-crt-runtime-l1-1-0.dll
0x6bdf0000 - 0x6bdf4000 	C:\Users\luigu\.openjfx\cache\17.0.6\api-ms-win-crt-stdio-l1-1-0.dll
0x6bde0000 - 0x6bde4000 	C:\Users\luigu\.openjfx\cache\17.0.6\api-ms-win-crt-string-l1-1-0.dll
0x6bdd0000 - 0x6bdd3000 	C:\Users\luigu\.openjfx\cache\17.0.6\api-ms-win-crt-time-l1-1-0.dll
0x6bdc0000 - 0x6bdc3000 	C:\Users\luigu\.openjfx\cache\17.0.6\api-ms-win-crt-utility-l1-1-0.dll
0x6b930000 - 0x6ba53000 	C:\Users\luigu\.openjfx\cache\17.0.6\ucrtbase.dll
0x6bda0000 - 0x6bdb4000 	C:\Users\luigu\.openjfx\cache\17.0.6\vcruntime140.dll
0x6bd30000 - 0x6bd9d000 	C:\Users\luigu\.openjfx\cache\17.0.6\msvcp140.dll
0x6bd20000 - 0x6bd27000 	C:\Users\luigu\.openjfx\cache\17.0.6\msvcp140_1.dll
0x6bcf0000 - 0x6bd19000 	C:\Users\luigu\.openjfx\cache\17.0.6\msvcp140_2.dll
0x6b900000 - 0x6b926000 	C:\Users\luigu\.openjfx\cache\17.0.6\prism_d3d.dll
0x6b0f0000 - 0x6b261000 	C:\WINDOWS\system32\d3d9.dll
0x6e110000 - 0x6e134000 	C:\WINDOWS\SYSTEM32\dwmapi.dll
0x74080000 - 0x740ae000 	C:\WINDOWS\SYSTEM32\dxcore.dll
0x73fc0000 - 0x7403f000 	C:\WINDOWS\system32\uxtheme.dll
0x6b870000 - 0x6b900000 	C:\WINDOWS\SYSTEM32\d3d9on12.dll
0x73e10000 - 0x73eda000 	C:\WINDOWS\SYSTEM32\dxgi.dll
0x6b810000 - 0x6b82d000 	C:\WINDOWS\SYSTEM32\d3d12.dll
0x72620000 - 0x7265d000 	C:\WINDOWS\SYSTEM32\cfgmgr32.dll
0x6af40000 - 0x6b0f0000 	C:\WINDOWS\SYSTEM32\D3D12Core.dll
0x6b7f0000 - 0x6b80d000 	C:\WINDOWS\System32\DriverStore\FileRepository\iigd_dch.inf_amd64_3c65364e14984512\igd12umd32.dll
0x63b00000 - 0x6472a000 	C:\WINDOWS\System32\DriverStore\FileRepository\iigd_dch.inf_amd64_3c65364e14984512\igd12um32xel.dll
0x75240000 - 0x75343000 	C:\WINDOWS\System32\CRYPT32.dll
0x74b80000 - 0x74cd5000 	C:\WINDOWS\System32\ole32.dll
0x6b7b0000 - 0x6b7e5000 	C:\WINDOWS\SYSTEM32\ControlLib32.dll
0x76390000 - 0x767cd000 	C:\WINDOWS\System32\SETUPAPI.dll
0x6e600000 - 0x6e624000 	C:\WINDOWS\SYSTEM32\DEVOBJ.dll
0x6aec0000 - 0x6af32000 	C:\WINDOWS\System32\DriverStore\FileRepository\iigd_dch.inf_amd64_3c65364e14984512\IntelControlLib32.dll
0x76eb0000 - 0x76f07000 	C:\WINDOWS\System32\WINTRUST.dll
0x6e5f0000 - 0x6e5fe000 	C:\WINDOWS\SYSTEM32\MSASN1.dll
0x6d5f0000 - 0x6d62c000 	C:\WINDOWS\SYSTEM32\directxdatabasehelper.dll
0x6ab90000 - 0x6aebf000 	C:\WINDOWS\System32\DriverStore\FileRepository\iigd_dch.inf_amd64_3c65364e14984512\igdgmm32.dll
0x67490000 - 0x6ab15000 	C:\WINDOWS\System32\DriverStore\FileRepository\iigd_dch.inf_amd64_3c65364e14984512\igc32.dll
0x6b780000 - 0x6b7a1000 	C:\WINDOWS\SYSTEM32\D3DSCache.dll
0x73f90000 - 0x73faf000 	C:\WINDOWS\SYSTEM32\USERENV.dll
0x62880000 - 0x63afb000 	C:\WINDOWS\System32\DriverStore\FileRepository\iigd_dch.inf_amd64_3c65364e14984512\igd12dxva32.dll
0x60b90000 - 0x62880000 	C:\WINDOWS\System32\DriverStore\FileRepository\iigd_dch.inf_amd64_3c65364e14984512\media_bin_32.dll
0x6b760000 - 0x6b780000 	C:\WINDOWS\System32\DriverStore\FileRepository\iigd_dch.inf_amd64_3c65364e14984512\igdinfo32.dll
0x716a0000 - 0x716b5000 	C:\WINDOWS\SYSTEM32\CRYPTSP.dll
0x71670000 - 0x716a0000 	C:\WINDOWS\system32\rsaenh.dll
0x71350000 - 0x7135b000 	C:\WINDOWS\SYSTEM32\CRYPTBASE.dll
0x56ef0000 - 0x570dc000 	C:\WINDOWS\SYSTEM32\twinapi.appcore.dll
0x67450000 - 0x67487000 	C:\Users\luigu\.openjfx\cache\17.0.6\glass.dll

dbghelp: loaded successfully - version: 4.0.5 - missing functions: none
symbol engine: initialized successfully - sym options: 0x614 - pdb path: .;C:\Program Files (x86)\Eclipse Adoptium\jdk-11.0.21.9-hotspot\bin;C:\WINDOWS\SYSTEM32;C:\WINDOWS\WinSxS\x86_microsoft.windows.common-controls_6595b64144ccf1df_6.0.22621.3235_none_6ebcabb88802389e;C:\Program Files (x86)\Eclipse Adoptium\jdk-11.0.21.9-hotspot\bin\client;C:\Users\luigu\AppData\Local\Programs\IntelliJ IDEA Ultimate\bin;C:\Users\luigu\.openjfx\cache\17.0.6;C:\WINDOWS\System32\DriverStore\FileRepository\iigd_dch.inf_amd64_3c65364e14984512;C:\ProgramData\A-Volute\A-Volute.Nahimic\Modules\Scheduled;C:\Program Files (x86)\Common Files\Microsoft Shared\Ink

VM Arguments:
jvm_args: -javaagent:C:\Users\luigu\AppData\Local\Programs\IntelliJ IDEA Ultimate\lib\idea_rt.jar=50215:C:\Users\luigu\AppData\Local\Programs\IntelliJ IDEA Ultimate\bin -Dfile.encoding=UTF-8 --module-path=C:\Users\luigu\.m2\repository\com\dlsc\formsfx\formsfx-core\11.6.0\formsfx-core-11.6.0.jar;C:\Users\luigu\.m2\repository\org\openjfx\javafx-controls\17.0.6\javafx-controls-17.0.6-win-x86.jar;C:\Users\luigu\IdeaProjects\Joyeria_ProyectoMult\target\classes;C:\Users\luigu\.m2\repository\org\openjfx\javafx-fxml\17.0.6\javafx-fxml-17.0.6-win-x86.jar;C:\Users\luigu\.m2\repository\org\kordamp\bootstrapfx\bootstrapfx-core\0.4.0\bootstrapfx-core-0.4.0.jar;C:\Users\luigu\.m2\repository\org\openjfx\javafx-base\17.0.6\javafx-base-17.0.6-win-x86.jar;C:\Users\luigu\.m2\repository\org\controlsfx\controlsfx\11.1.2\controlsfx-11.1.2.jar;C:\Users\luigu\.m2\repository\net\synedra\validatorfx\0.4.0\validatorfx-0.4.0.jar;C:\Users\luigu\.m2\repository\org\openjfx\javafx-graphics\17.0.6\javafx-graphics-17.0.6-win-x86.jar -Djdk.module.main=com.eduard034.joyeria_proyectomult 
java_command: com.eduard034.joyeria_proyectomult/com.eduard034.joyeria_proyectomult.JoyeriaApp
java_class_path (initial): C:\Users\luigu\.m2\repository\org\openjfx\javafx-controls\17.0.6\javafx-controls-17.0.6.jar;C:\Users\luigu\.m2\repository\org\openjfx\javafx-graphics\17.0.6\javafx-graphics-17.0.6.jar;C:\Users\luigu\.m2\repository\org\openjfx\javafx-base\17.0.6\javafx-base-17.0.6.jar;C:\Users\luigu\.m2\repository\org\openjfx\javafx-fxml\17.0.6\javafx-fxml-17.0.6.jar
Launcher Type: SUN_STANDARD

[Global flags]
   size_t InitialHeapSize                          = 16777216                                  {product} {ergonomic}
   size_t MaxHeapSize                              = 268435456                                 {product} {ergonomic}
   size_t MaxNewSize                               = 89456640                                  {product} {ergonomic}
   size_t MinHeapDeltaBytes                        = 131072                                    {product} {ergonomic}
   size_t NewSize                                  = 5570560                                   {product} {ergonomic}
    uintx NonProfiledCodeHeapSize                  = 0                                      {pd product} {ergonomic}
   size_t OldSize                                  = 11206656                                  {product} {ergonomic}
    uintx ProfiledCodeHeapSize                     = 0                                      {pd product} {ergonomic}
     bool ThreadLocalHandshakes                    = false                                  {pd product} {ergonomic}
     bool UseLargePagesIndividualAllocation        = false                                  {pd product} {ergonomic}
     bool UseSerialGC                              = true                                      {product} {ergonomic}

Logging:
Log output configuration:
 #0: stdout all=warning uptime,level,tags
 #1: stderr all=off uptime,level,tags

Environment Variables:
PATH=C:\Program Files (x86)\Eclipse Adoptium\jre-11.0.21.9-hotspot\bin;C:\Program Files (x86)\Eclipse Adoptium\jdk-11.0.21.9-hotspot\bin;C:\Program Files (x86)\VMware\VMware Player\bin\;C:\Windows\system32;C:\Windows;C:\Windows\System32\Wbem;C:\Windows\System32\WindowsPowerShell\v1.0\;C:\Windows\System32\OpenSSH\;C:\Program Files (x86)\NVIDIA Corporation\PhysX\Common;C:\Program Files\NVIDIA Corporation\NVIDIA NvDLISR;C:\WINDOWS\system32;C:\WINDOWS;C:\WINDOWS\System32\Wbem;C:\WINDOWS\System32\WindowsPowerShell\v1.0\;C:\WINDOWS\System32\OpenSSH\;C:\Program Files\Git\cmd;C:\Users\luigu\AppData\Local\Microsoft\WindowsApps;C:\Users\luigu\AppData\Local\Programs\Microsoft VS Code\bin;C:\Users\luigu\AppData\Local\JetBrains\Toolbox\scripts;C:\Users\luigu\AppData\Local\GitHubDesktop\bin
USERNAME=luigu
OS=Windows_NT
PROCESSOR_IDENTIFIER=Intel64 Family 6 Model 154 Stepping 3, GenuineIntel
TMP=C:\Users\luigu\AppData\Local\Temp
TEMP=C:\Users\luigu\AppData\Local\Temp



---------------  S Y S T E M  ---------------

OS: Windows 11 , 64 bit Build 22621 (10.0.22621.3374)
OS uptime: 4 days 13:24 hours

CPU:total 12 (initial active 12) (6 cores per cpu, 2 threads per core) family 6 model 154 stepping 3 microcode 0x419, cmov, cx8, fxsr, mmx, sse, sse2, sse3, ssse3, sse4.1, sse4.2, popcnt, avx, avx2, aes, clmul, erms, 3dnowpref, lzcnt, ht, tsc, tscinvbit, bmi1, bmi2, adx, sha, fma

Memory: 4k page, system-wide physical 7917M (459M free)
TotalPageFile size 19693M (AvailPageFile size 5516M), user-mode portion of virtual address-space 2047M (1234M free)
current process WorkingSet (physical memory assigned to process): 263M, peak: 272M
current process commit charge ("private bytes"): 277M, peak: 277M

vm_info: OpenJDK Client VM (11.0.21+9) for windows-x86 JRE (11.0.21+9), built on Oct 17 2023 17:27:10 by "" with MS VC++ 15.9 (VS2017)

END.
