#
# A fatal error has been detected by the Java Runtime Environment:
#
#  EXCEPTION_ACCESS_VIOLATION (0xc0000005) at pc=0x60e86c62, pid=8728, tid=21420
#
# JRE version: OpenJDK Runtime Environment Temurin-11.0.21+9 (11.0.21+9) (build 11.0.21+9)
# Java VM: OpenJDK Client VM Temurin-11.0.21+9 (11.0.21+9, mixed mode, serial gc, windows-x86)
# Problematic frame:
# C  [glass.dll+0x16c62]
#
# No core dump will be written. Minidumps are not enabled by default on client versions of Windows
#
# If you would like to submit a bug report, please visit:
#   https://github.com/adoptium/adoptium-support/issues
# The crash happened outside the Java Virtual Machine in native code.
# See problematic frame for where to report the bug.
#

---------------  S U M M A R Y ------------

Command Line: -javaagent:C:\Users\luigu\AppData\Local\Programs\IntelliJ IDEA Ultimate\lib\idea_rt.jar=58091:C:\Users\luigu\AppData\Local\Programs\IntelliJ IDEA Ultimate\bin -Dfile.encoding=UTF-8 --module-path=C:\Users\luigu\.m2\repository\org\controlsfx\controlsfx\11.1.2\controlsfx-11.1.2.jar;C:\Users\luigu\.m2\repository\org\kordamp\bootstrapfx\bootstrapfx-core\0.4.0\bootstrapfx-core-0.4.0.jar;C:\Users\luigu\IdeaProjects\Joyeria_ProyectoMult\target\classes;C:\Users\luigu\.m2\repository\org\openjfx\javafx-fxml\17.0.6\javafx-fxml-17.0.6-win-x86.jar;C:\Users\luigu\.m2\repository\org\openjfx\javafx-base\17.0.6\javafx-base-17.0.6-win-x86.jar;C:\Users\luigu\.m2\repository\com\dlsc\formsfx\formsfx-core\11.6.0\formsfx-core-11.6.0.jar;C:\Users\luigu\.m2\repository\org\openjfx\javafx-graphics\17.0.6\javafx-graphics-17.0.6-win-x86.jar;C:\Users\luigu\.m2\repository\net\synedra\validatorfx\0.4.0\validatorfx-0.4.0.jar;C:\Users\luigu\.m2\repository\org\openjfx\javafx-controls\17.0.6\javafx-controls-17.0.6-win-x86.jar -Djdk.module.main=com.eduard034.joyeria_proyectomult com.eduard034.joyeria_proyectomult/com.eduard034.joyeria_proyectomult.JoyeriaApp

Host: 12th Gen Intel(R) Core(TM) i5-12450H, 12 cores, 7G,  Windows 11 , 64 bit Build 22621 (10.0.22621.3374)
Time: Tue Apr  9 21:13:02 2024 Hora estándar central (México) elapsed time: 4.292140 seconds (0d 0h 0m 4s)

---------------  T H R E A D  ---------------

Current thread (0x160b1400):  JavaThread "JavaFX Application Thread" [_thread_in_native, id=21420, stack(0x194a0000,0x194f0000)]

Stack: [0x194a0000,0x194f0000],  sp=0x194ee4ac,  free space=313k
Native frames: (J=compiled Java code, A=aot compiled Java code, j=interpreted, Vv=VM code, C=native code)
C  [glass.dll+0x16c62]

Java frames: (J=compiled Java code, j=interpreted, Vv=VM code)
j  com.sun.glass.ui.win.WinWindow._close(J)Z+0 javafx.graphics
j  com.sun.glass.ui.Window.close()V+63 javafx.graphics
j  com.sun.glass.ui.win.WinWindow.close()V+8 javafx.graphics
j  com.sun.glass.ui.Application.terminate()V+75 javafx.graphics
j  com.sun.javafx.tk.quantum.QuantumToolkit.lambda$exit$13()Ljava/lang/Object;+5 javafx.graphics
j  com.sun.javafx.tk.quantum.QuantumToolkit$$Lambda$437.get()Ljava/lang/Object;+0 javafx.graphics
j  com.sun.javafx.tk.quantum.QuantumToolkit.runWithRenderLock(Ljava/util/function/Supplier;)Ljava/lang/Object;+7 javafx.graphics
j  com.sun.javafx.tk.quantum.QuantumToolkit.exit()V+26 javafx.graphics
j  com.sun.javafx.application.PlatformImpl.lambda$tkExit$16()V+3 javafx.graphics
j  com.sun.javafx.application.PlatformImpl$$Lambda$436.run()V+0 javafx.graphics
j  com.sun.javafx.application.PlatformImpl.lambda$runAndWait$12(Ljava/lang/Runnable;Ljava/util/concurrent/CountDownLatch;)V+1 javafx.graphics
j  com.sun.javafx.application.PlatformImpl$$Lambda$88.run()V+8 javafx.graphics
j  com.sun.javafx.application.PlatformImpl.lambda$runLater$10(Ljava/lang/Runnable;)Ljava/lang/Void;+1 javafx.graphics
j  com.sun.javafx.application.PlatformImpl$$Lambda$90.run()Ljava/lang/Object;+4 javafx.graphics
v  ~StubRoutines::call_stub
J 1315  java.security.AccessController.doPrivileged(Ljava/security/PrivilegedAction;Ljava/security/AccessControlContext;)Ljava/lang/Object; java.base@11.0.21 (0 bytes) @ 0x03057787 [0x03057720+0x00000067]
j  com.sun.javafx.application.PlatformImpl.lambda$runLater$11(Ljava/lang/Runnable;Ljava/security/AccessControlContext;)V+7 javafx.graphics
j  com.sun.javafx.application.PlatformImpl$$Lambda$89.run()V+8 javafx.graphics
j  com.sun.glass.ui.InvokeLaterDispatcher$Future.run()V+4 javafx.graphics
v  ~StubRoutines::call_stub
j  com.sun.glass.ui.win.WinApplication._runLoop(Ljava/lang/Runnable;)V+0 javafx.graphics
j  com.sun.glass.ui.win.WinApplication.lambda$runLoop$3(ILjava/lang/Runnable;)V+8 javafx.graphics
j  com.sun.glass.ui.win.WinApplication$$Lambda$78.run()V+12 javafx.graphics
j  java.lang.Thread.run()V+11 java.base@11.0.21
v  ~StubRoutines::call_stub

siginfo: EXCEPTION_ACCESS_VIOLATION (0xc0000005), reading address 0x000000b8


Register to memory mapping:

EIP=0x60e86c62 glass.dll
EAX=0x0 is NULL
EBX=0x194ee6e0 is pointing into the stack for thread: 0x160b1400
ECX=0x0 is NULL
EDX=0x0 is NULL
ESP=0x194ee4ac is pointing into the stack for thread: 0x160b1400
EBP=0x194ee4d8 is pointing into the stack for thread: 0x160b1400
ESI=0x00000401 is an unknown value
EDI=0x0 is NULL


Registers:
EAX=0x00000000, EBX=0x194ee6e0, ECX=0x00000000, EDX=0x00000000
ESP=0x194ee4ac, EBP=0x194ee4d8, ESI=0x00000401, EDI=0x00000000
EIP=0x60e86c62, EFLAGS=0x00010206

Top of Stack: (sp=0x194ee4ac)
0x194ee4ac:   194ee6e0 00000401 194ee6e0 60e78df8
0x194ee4bc:   d9d0ce6c 16016b98 002908fc 00000401
0x194ee4cc:   194ee60c 60e902b0 ffffffff 00000000
0x194ee4dc:   60e71755 00000401 194ee6e0 00000000
0x194ee4ec:   00000401 002908fc 194ee524 60e716f0
0x194ee4fc:   762a3083 002908fc 00000401 194ee6e0
0x194ee50c:   00000000 002908fc dcbaabcd 60e716f0
0x194ee51c:   00000401 002908fc 194ee61c 76293ec6 

Instructions: (pc=0x60e86c62)
0x60e86b62:   21 56 e8 47 42 00 00 ff 35 e8 03 ea 60 8b f0 ff
0x60e86b72:   77 68 56 e8 96 de fe ff 56 e8 a0 41 00 00 83 c4
0x60e86b82:   10 5e c7 05 a4 03 ea 60 00 00 00 00 5f c3 83 ec
0x60e86b92:   24 a1 ec e0 e9 60 33 c4 89 44 24 20 8b 44 24 28
0x60e86ba2:   53 89 44 24 04 8b d9 8b 44 24 30 89 44 24 08 8b
0x60e86bb2:   44 24 38 55 89 44 24 10 8b 44 24 38 56 89 83 84
0x60e86bc2:   00 00 00 8b 44 24 0c 89 5c 24 18 bb 00 00 00 80
0x60e86bd2:   8b eb 8b f3 57 8b fb 85 c0 79 29 8d 44 24 20 50
0x60e86be2:   e8 29 aa fe ff 83 c4 04 85 c0 8b 44 24 10 74 14
0x60e86bf2:   8b 74 24 28 8b 5c 24 20 2b f3 8b 7c 24 2c 8b 6c
0x60e86c02:   24 24 2b fd 6a 00 50 ff 74 24 1c 68 d8 23 e9 60
0x60e86c12:   57 56 8b 74 24 34 8b ce 55 53 ff 74 24 38 e8 db
0x60e86c22:   a7 fe ff 8b f8 8d 4e 14 57 e8 40 64 00 00 57 8d
0x60e86c32:   4e 14 e8 c7 64 00 00 8b 4c 24 30 8b c7 5f 5e 5d
0x60e86c42:   5b 33 cc e8 ae 7a 00 00 83 c4 24 c2 10 00 53 8b
0x60e86c52:   d9 56 57 ff 73 08 e8 93 a9 fe ff 8b f8 83 c4 04
0x60e86c62:   8b 87 b8 00 00 00 85 c0 75 03 8b 47 04 3b 05 a4
0x60e86c72:   03 ea 60 75 29 e8 34 41 00 00 ff 35 e8 03 ea 60
0x60e86c82:   8b f0 ff 77 68 56 e8 83 dd fe ff 56 e8 8d 40 00
0x60e86c92:   00 83 c4 10 c7 05 a4 03 ea 60 00 00 00 00 8d 4f
0x60e86ca2:   14 e8 b8 69 00 00 8d 4f 14 e8 e0 69 00 00 ff 73
0x60e86cb2:   08 ff 15 f8 fe e9 60 85 c0 5f 0f 95 c0 5e 88 43
0x60e86cc2:   04 5b c3 cc cc cc cc cc cc cc cc cc cc cc 55 8b
0x60e86cd2:   ec 6a ff 68 f7 11 e9 60 64 a1 00 00 00 00 50 83
0x60e86ce2:   ec 08 53 56 57 a1 ec e0 e9 60 33 c5 50 8d 45 f4
0x60e86cf2:   64 a3 00 00 00 00 8b f9 ff 77 18 ff 15 60 ff e9
0x60e86d02:   60 85 c0 75 13 0f 57 c0 66 0f 13 45 ec 8b 55 f0
0x60e86d12:   8b 45 ec e9 a7 00 00 00 68 dc 00 00 00 e8 96 79
0x60e86d22:   00 00 83 c4 04 89 45 f0 c7 45 fc 00 00 00 00 85
0x60e86d32:   c0 74 19 ff 77 18 8b c8 6a 01 6a 00 6a 00 6a 00
0x60e86d42:   ff 77 10 e8 a6 f9 ff ff 8b d8 eb 02 33 db ff 77
0x60e86d52:   18 8b cb c7 45 fc ff ff ff ff 6a 00 68 00 00 10 


Stack slot to memory mapping:
stack at sp + 0 slots: 0x194ee6e0 is pointing into the stack for thread: 0x160b1400
stack at sp + 1 slots: 0x00000401 is an unknown value
stack at sp + 2 slots: 0x194ee6e0 is pointing into the stack for thread: 0x160b1400
stack at sp + 3 slots: 0x60e78df8 glass.dll
stack at sp + 4 slots: 0xd9d0ce6c is an unknown value
stack at sp + 5 slots: 0x16016b98 points into unknown readable memory: 0x60e9319c | 9c 31 e9 60
stack at sp + 6 slots: 0x002908fc is an unknown value
stack at sp + 7 slots: 0x00000401 is an unknown value


---------------  P R O C E S S  ---------------

Threads class SMR info:
_java_thread_list=0x1662e2a0, length=17, elements={
0x02d70c00, 0x02e48800, 0x02e26000, 0x02e45800,
0x1515f800, 0x15160400, 0x15161400, 0x15175000,
0x151e3000, 0x15327000, 0x15922000, 0x1609b400,
0x160b1400, 0x161f8c00, 0x16265800, 0x162a9400,
0x209d4000
}

Java Threads: ( => current thread )
  0x02d70c00 JavaThread "main" [_thread_blocked, id=22608, stack(0x02500000,0x02550000)]
  0x02e48800 JavaThread "Reference Handler" daemon [_thread_blocked, id=14788, stack(0x04e90000,0x04ee0000)]
  0x02e26000 JavaThread "Finalizer" daemon [_thread_blocked, id=26440, stack(0x04f20000,0x04f70000)]
  0x02e45800 JavaThread "Signal Dispatcher" daemon [_thread_blocked, id=23992, stack(0x15330000,0x15380000)]
  0x1515f800 JavaThread "Attach Listener" daemon [_thread_blocked, id=24888, stack(0x153c0000,0x15410000)]
  0x15160400 JavaThread "Service Thread" daemon [_thread_blocked, id=19884, stack(0x15450000,0x154a0000)]
  0x15161400 JavaThread "C1 CompilerThread0" daemon [_thread_blocked, id=20644, stack(0x154e0000,0x15530000)]
  0x15175000 JavaThread "Sweeper thread" daemon [_thread_blocked, id=10440, stack(0x15570000,0x155c0000)]
  0x151e3000 JavaThread "Common-Cleaner" daemon [_thread_blocked, id=20736, stack(0x15600000,0x15650000)]
  0x15327000 JavaThread "Monitor Ctrl-Break" daemon [_thread_in_native, id=24120, stack(0x15a90000,0x15ae0000)]
  0x15922000 JavaThread "QuantumRenderer-0" daemon [_thread_blocked, id=25548, stack(0x15db0000,0x15e00000)]
  0x1609b400 JavaThread "InvokeLaterDispatcher" daemon [_thread_blocked, id=9444, stack(0x19310000,0x19360000)]
=>0x160b1400 JavaThread "JavaFX Application Thread" [_thread_in_native, id=21420, stack(0x194a0000,0x194f0000)]
  0x161f8c00 JavaThread "JavaFX-Launcher" [_thread_blocked, id=16360, stack(0x1dab0000,0x1db00000)]
  0x16265800 JavaThread "Thread-2" daemon [_thread_in_native, id=4032, stack(0x1da20000,0x1da70000)]
  0x162a9400 JavaThread "Prism Font Disposer" daemon [_thread_blocked, id=17456, stack(0x1f0e0000,0x1f130000)]
  0x209d4000 JavaThread "Cleaner-0" daemon [_thread_blocked, id=10992, stack(0x223b0000,0x22400000)]

Other Threads:
  0x02e22800 VMThread "VM Thread" [stack: 0x02ce0000,0x02d30000] [id=18292]
  0x15663000 WatcherThread [stack: 0x15b20000,0x15b70000] [id=13740]

Threads with active compile tasks:

VM state:not at safepoint (normal execution)

VM Mutex/Monitor currently owned by a thread: None

Heap:
 def new generation   total 16448K, used 1122K [0x05000000, 0x061d0000, 0x0a550000)
  eden space 14656K,   7% used [0x05000000, 0x05118928, 0x05e50000)
  from space 1792K,   0% used [0x05e50000, 0x05e50000, 0x06010000)
  to   space 1792K,   0% used [0x06010000, 0x06010000, 0x061d0000)
 tenured generation   total 36348K, used 21808K [0x0a550000, 0x0c8cf000, 0x15000000)
   the space 36348K,  59% used [0x0a550000, 0x0ba9c240, 0x0ba9c400, 0x0c8cf000)
 Metaspace       used 14876K, capacity 15168K, committed 15232K, reserved 15744K

Card table byte_map: [0x02750000,0x027e0000] _byte_map_base: 0x02728000

Polling page: 0x00ed0000

Metaspace:

Usage:
   14.81 MB capacity,    14.53 MB ( 98%) used,   192.62 KB (  1%) free+waste,    99.38 KB ( <1%) overhead. 

Virtual space:
     15.38 MB reserved,      14.88 MB ( 97%) committed 

Chunk freelists:
0 bytes

MaxMetaspaceSize: 4.00 GB
No class space
Initial GC threshold: 12.00 MB
Current GC threshold: 24.79 MB
CDS: off

CodeCache: size=32768Kb used=2095Kb max_used=2095Kb free=30672Kb
 bounds [0x02e50000, 0x03060000, 0x04e50000]
 total_blobs=1756 nmethods=1331 adapters=358
 compilation: enabled
              stopped_count=0, restarted_count=0
 full_count=0

Compilation events (20 events):
Event: 4.199 Thread 0x15161400 1322             java.util.WeakHashMap::size (18 bytes)
Event: 4.199 Thread 0x15161400 nmethod 1322 0x03058708 code [0x03058820, 0x030588dc]
Event: 4.209 Thread 0x15161400 1323             java.util.concurrent.locks.AbstractOwnableSynchronizer::setExclusiveOwnerThread (6 bytes)
Event: 4.210 Thread 0x15161400 nmethod 1323 0x03058948 code [0x03058a50, 0x03058ae0]
Event: 4.239 Thread 0x15161400 1324             java.lang.invoke.MethodTypeForm::canonicalize (64 bytes)
Event: 4.239 Thread 0x15161400 nmethod 1324 0x03058b48 code [0x03058c80, 0x03058da4]
Event: 4.239 Thread 0x15161400 1325             java.lang.invoke.MethodType$ConcurrentWeakInternSet::add (66 bytes)
Event: 4.239 Thread 0x15161400 nmethod 1325 0x03058e88 code [0x03058ff0, 0x0305940c]
Event: 4.240 Thread 0x15161400 1326             java.lang.invoke.MethodType$ConcurrentWeakInternSet$WeakEntry::<init> (15 bytes)
Event: 4.240 Thread 0x15161400 nmethod 1326 0x03059648 code [0x03059760, 0x0305983c]
Event: 4.241 Thread 0x15161400 1327             java.lang.StringBuilder::append (8 bytes)
Event: 4.241 Thread 0x15161400 nmethod 1327 0x030598c8 code [0x030599e0, 0x03059a7c]
Event: 4.241 Thread 0x15161400 1328             java.lang.AbstractStringBuilder::append (55 bytes)
Event: 4.241 Thread 0x15161400 nmethod 1328 0x03059ac8 code [0x03059c00, 0x03059d40]
Event: 4.243 Thread 0x15161400 1329             jdk.internal.misc.VM::initLevel (4 bytes)
Event: 4.243 Thread 0x15161400 nmethod 1329 0x03059e08 code [0x03059f10, 0x03059f90]
Event: 4.243 Thread 0x15161400 1330             sun.nio.cs.UTF_8$Encoder::encodeArrayLoop (489 bytes)
Event: 4.245 Thread 0x15161400 nmethod 1330 0x03059fc8 code [0x0305a350, 0x0305b104]
Event: 4.266 Thread 0x15161400 1331             jdk.internal.misc.VM::isModuleSystemInited (13 bytes)
Event: 4.267 Thread 0x15161400 nmethod 1331 0x0305bcc8 code [0x0305bdd0, 0x0305be60]

GC Heap History (20 events):
Event: 0.442 GC heap before
{Heap before GC invocations=3 (full 0):
 def new generation   total 4928K, used 4786K [0x05000000, 0x05550000, 0x0a550000)
  eden space 4416K,  99% used [0x05000000, 0x0544d928, 0x05450000)
  from space 512K,  74% used [0x054d0000, 0x0552ef98, 0x05550000)
  to   space 512K,   0% used [0x05450000, 0x05450000, 0x054d0000)
 tenured generation   total 10944K, used 1462K [0x0a550000, 0x0b000000, 0x15000000)
   the space 10944K,  13% used [0x0a550000, 0x0a6bd9e8, 0x0a6bda00, 0x0b000000)
 Metaspace       used 6595K, capacity 6670K, committed 6784K, reserved 7552K
}
Event: 0.443 GC heap after
{Heap after GC invocations=4 (full 0):
 def new generation   total 4928K, used 250K [0x05000000, 0x05550000, 0x0a550000)
  eden space 4416K,   0% used [0x05000000, 0x05000000, 0x05450000)
  from space 512K,  48% used [0x05450000, 0x0548e958, 0x054d0000)
  to   space 512K,   0% used [0x054d0000, 0x054d0000, 0x05550000)
 tenured generation   total 10944K, used 1824K [0x0a550000, 0x0b000000, 0x15000000)
   the space 10944K,  16% used [0x0a550000, 0x0a718280, 0x0a718400, 0x0b000000)
 Metaspace       used 6595K, capacity 6670K, committed 6784K, reserved 7552K
}
Event: 0.486 GC heap before
{Heap before GC invocations=4 (full 0):
 def new generation   total 4928K, used 4666K [0x05000000, 0x05550000, 0x0a550000)
  eden space 4416K, 100% used [0x05000000, 0x05450000, 0x05450000)
  from space 512K,  48% used [0x05450000, 0x0548e958, 0x054d0000)
  to   space 512K,   0% used [0x054d0000, 0x054d0000, 0x05550000)
 tenured generation   total 10944K, used 1824K [0x0a550000, 0x0b000000, 0x15000000)
   the space 10944K,  16% used [0x0a550000, 0x0a718280, 0x0a718400, 0x0b000000)
 Metaspace       used 7706K, capacity 7841K, committed 7936K, reserved 8576K
}
Event: 0.488 GC heap after
{Heap after GC invocations=5 (full 0):
 def new generation   total 4928K, used 419K [0x05000000, 0x05550000, 0x0a550000)
  eden space 4416K,   0% used [0x05000000, 0x05000000, 0x05450000)
  from space 512K,  81% used [0x054d0000, 0x05538c38, 0x05550000)
  to   space 512K,   0% used [0x05450000, 0x05450000, 0x054d0000)
 tenured generation   total 10944K, used 2272K [0x0a550000, 0x0b000000, 0x15000000)
   the space 10944K,  20% used [0x0a550000, 0x0a788290, 0x0a788400, 0x0b000000)
 Metaspace       used 7706K, capacity 7841K, committed 7936K, reserved 8576K
}
Event: 0.531 GC heap before
{Heap before GC invocations=5 (full 0):
 def new generation   total 4928K, used 4827K [0x05000000, 0x05550000, 0x0a550000)
  eden space 4416K,  99% used [0x05000000, 0x0544e120, 0x05450000)
  from space 512K,  81% used [0x054d0000, 0x05538c38, 0x05550000)
  to   space 512K,   0% used [0x05450000, 0x05450000, 0x054d0000)
 tenured generation   total 10944K, used 2272K [0x0a550000, 0x0b000000, 0x15000000)
   the space 10944K,  20% used [0x0a550000, 0x0a788290, 0x0a788400, 0x0b000000)
 Metaspace       used 8922K, capacity 9053K, committed 9088K, reserved 9600K
}
Event: 0.532 GC heap after
{Heap after GC invocations=6 (full 0):
 def new generation   total 4928K, used 512K [0x05000000, 0x05550000, 0x0a550000)
  eden space 4416K,   0% used [0x05000000, 0x05000000, 0x05450000)
  from space 512K, 100% used [0x05450000, 0x054d0000, 0x054d0000)
  to   space 512K,   0% used [0x054d0000, 0x054d0000, 0x05550000)
 tenured generation   total 10944K, used 2720K [0x0a550000, 0x0b000000, 0x15000000)
   the space 10944K,  24% used [0x0a550000, 0x0a7f8190, 0x0a7f8200, 0x0b000000)
 Metaspace       used 8922K, capacity 9053K, committed 9088K, reserved 9600K
}
Event: 0.589 GC heap before
{Heap before GC invocations=6 (full 0):
 def new generation   total 4928K, used 4926K [0x05000000, 0x05550000, 0x0a550000)
  eden space 4416K,  99% used [0x05000000, 0x0544fb80, 0x05450000)
  from space 512K, 100% used [0x05450000, 0x054d0000, 0x054d0000)
  to   space 512K,   0% used [0x054d0000, 0x054d0000, 0x05550000)
 tenured generation   total 10944K, used 2720K [0x0a550000, 0x0b000000, 0x15000000)
   the space 10944K,  24% used [0x0a550000, 0x0a7f8190, 0x0a7f8200, 0x0b000000)
 Metaspace       used 10560K, capacity 10734K, committed 10752K, reserved 11648K
}
Event: 0.591 GC heap after
{Heap after GC invocations=7 (full 0):
 def new generation   total 4928K, used 512K [0x05000000, 0x05550000, 0x0a550000)
  eden space 4416K,   0% used [0x05000000, 0x05000000, 0x05450000)
  from space 512K, 100% used [0x054d0000, 0x05550000, 0x05550000)
  to   space 512K,   0% used [0x05450000, 0x05450000, 0x054d0000)
 tenured generation   total 10944K, used 3765K [0x0a550000, 0x0b000000, 0x15000000)
   the space 10944K,  34% used [0x0a550000, 0x0a8fd718, 0x0a8fd800, 0x0b000000)
 Metaspace       used 10560K, capacity 10734K, committed 10752K, reserved 11648K
}
Event: 0.637 GC heap before
{Heap before GC invocations=7 (full 0):
 def new generation   total 4928K, used 4928K [0x05000000, 0x05550000, 0x0a550000)
  eden space 4416K, 100% used [0x05000000, 0x05450000, 0x05450000)
  from space 512K, 100% used [0x054d0000, 0x05550000, 0x05550000)
  to   space 512K,   0% used [0x05450000, 0x05450000, 0x054d0000)
 tenured generation   total 10944K, used 3765K [0x0a550000, 0x0b000000, 0x15000000)
   the space 10944K,  34% used [0x0a550000, 0x0a8fd718, 0x0a8fd800, 0x0b000000)
 Metaspace       used 11343K, capacity 11510K, committed 11520K, reserved 11648K
}
Event: 0.639 GC heap after
{Heap after GC invocations=8 (full 0):
 def new generation   total 4928K, used 512K [0x05000000, 0x05550000, 0x0a550000)
  eden space 4416K,   0% used [0x05000000, 0x05000000, 0x05450000)
  from space 512K, 100% used [0x05450000, 0x054d0000, 0x054d0000)
  to   space 512K,   0% used [0x054d0000, 0x054d0000, 0x05550000)
 tenured generation   total 10944K, used 4262K [0x0a550000, 0x0b000000, 0x15000000)
   the space 10944K,  38% used [0x0a550000, 0x0a9798d8, 0x0a979a00, 0x0b000000)
 Metaspace       used 11343K, capacity 11510K, committed 11520K, reserved 11648K
}
Event: 0.704 GC heap before
{Heap before GC invocations=8 (full 0):
 def new generation   total 4928K, used 4928K [0x05000000, 0x05550000, 0x0a550000)
  eden space 4416K, 100% used [0x05000000, 0x05450000, 0x05450000)
  from space 512K, 100% used [0x05450000, 0x054d0000, 0x054d0000)
  to   space 512K,   0% used [0x054d0000, 0x054d0000, 0x05550000)
 tenured generation   total 10944K, used 10492K [0x0a550000, 0x0b000000, 0x15000000)
   the space 10944K,  95% used [0x0a550000, 0x0af8f2d0, 0x0af8f400, 0x0b000000)
 Metaspace       used 11814K, capacity 12008K, committed 12032K, reserved 12672K
}
Event: 0.713 GC heap after
{Heap after GC invocations=9 (full 1):
 def new generation   total 8640K, used 417K [0x05000000, 0x05960000, 0x0a550000)
  eden space 7680K,   5% used [0x05000000, 0x050686d0, 0x05780000)
  from space 960K,   0% used [0x05780000, 0x05780000, 0x05870000)
  to   space 960K,   0% used [0x05870000, 0x05870000, 0x05960000)
 tenured generation   total 19096K, used 11455K [0x0a550000, 0x0b7f6000, 0x15000000)
   the space 19096K,  59% used [0x0a550000, 0x0b07fff8, 0x0b080000, 0x0b7f6000)
 Metaspace       used 11814K, capacity 12008K, committed 12032K, reserved 12672K
}
Event: 0.810 GC heap before
{Heap before GC invocations=9 (full 1):
 def new generation   total 8640K, used 7680K [0x05000000, 0x05960000, 0x0a550000)
  eden space 7680K, 100% used [0x05000000, 0x05780000, 0x05780000)
  from space 960K,   0% used [0x05780000, 0x05780000, 0x05870000)
  to   space 960K,   0% used [0x05870000, 0x05870000, 0x05960000)
 tenured generation   total 19096K, used 11455K [0x0a550000, 0x0b7f6000, 0x15000000)
   the space 19096K,  59% used [0x0a550000, 0x0b07fff8, 0x0b080000, 0x0b7f6000)
 Metaspace       used 12722K, capacity 12931K, committed 13056K, reserved 13696K
}
Event: 0.814 GC heap after
{Heap after GC invocations=10 (full 1):
 def new generation   total 8640K, used 959K [0x05000000, 0x05960000, 0x0a550000)
  eden space 7680K,   0% used [0x05000000, 0x05000000, 0x05780000)
  from space 960K,  99% used [0x05870000, 0x0595fff8, 0x05960000)
  to   space 960K,   0% used [0x05780000, 0x05780000, 0x05870000)
 tenured generation   total 19096K, used 11735K [0x0a550000, 0x0b7f6000, 0x15000000)
   the space 19096K,  61% used [0x0a550000, 0x0b0c5ce8, 0x0b0c5e00, 0x0b7f6000)
 Metaspace       used 12722K, capacity 12931K, committed 13056K, reserved 13696K
}
Event: 0.889 GC heap before
{Heap before GC invocations=10 (full 1):
 def new generation   total 8640K, used 8639K [0x05000000, 0x05960000, 0x0a550000)
  eden space 7680K, 100% used [0x05000000, 0x05780000, 0x05780000)
  from space 960K,  99% used [0x05870000, 0x0595fff8, 0x05960000)
  to   space 960K,   0% used [0x05780000, 0x05780000, 0x05870000)
 tenured generation   total 19096K, used 11735K [0x0a550000, 0x0b7f6000, 0x15000000)
   the space 19096K,  61% used [0x0a550000, 0x0b0c5ce8, 0x0b0c5e00, 0x0b7f6000)
 Metaspace       used 13892K, capacity 14189K, committed 14208K, reserved 14720K
}
Event: 0.893 GC heap after
{Heap after GC invocations=11 (full 1):
 def new generation   total 8640K, used 563K [0x05000000, 0x05960000, 0x0a550000)
  eden space 7680K,   0% used [0x05000000, 0x05000000, 0x05780000)
  from space 960K,  58% used [0x05780000, 0x0580cda8, 0x05870000)
  to   space 960K,   0% used [0x05870000, 0x05870000, 0x05960000)
 tenured generation   total 19096K, used 12684K [0x0a550000, 0x0b7f6000, 0x15000000)
   the space 19096K,  66% used [0x0a550000, 0x0b1b3330, 0x0b1b3400, 0x0b7f6000)
 Metaspace       used 13892K, capacity 14189K, committed 14208K, reserved 14720K
}
Event: 1.815 GC heap before
{Heap before GC invocations=11 (full 1):
 def new generation   total 8640K, used 8243K [0x05000000, 0x05960000, 0x0a550000)
  eden space 7680K, 100% used [0x05000000, 0x05780000, 0x05780000)
  from space 960K,  58% used [0x05780000, 0x0580cda8, 0x05870000)
  to   space 960K,   0% used [0x05870000, 0x05870000, 0x05960000)
 tenured generation   total 19096K, used 12684K [0x0a550000, 0x0b7f6000, 0x15000000)
   the space 19096K,  66% used [0x0a550000, 0x0b1b3330, 0x0b1b3400, 0x0b7f6000)
 Metaspace       used 14790K, capacity 15104K, committed 15104K, reserved 15744K
}
Event: 1.818 GC heap after
{Heap after GC invocations=12 (full 1):
 def new generation   total 8640K, used 960K [0x05000000, 0x05960000, 0x0a550000)
  eden space 7680K,   0% used [0x05000000, 0x05000000, 0x05780000)
  from space 960K, 100% used [0x05870000, 0x05960000, 0x05960000)
  to   space 960K,   0% used [0x05780000, 0x05780000, 0x05870000)
 tenured generation   total 19096K, used 14356K [0x0a550000, 0x0b7f6000, 0x15000000)
   the space 19096K,  75% used [0x0a550000, 0x0b355278, 0x0b355400, 0x0b7f6000)
 Metaspace       used 14790K, capacity 15104K, committed 15104K, reserved 15744K
}
Event: 2.937 GC heap before
{Heap before GC invocations=12 (full 1):
 def new generation   total 8640K, used 8640K [0x05000000, 0x05960000, 0x0a550000)
  eden space 7680K, 100% used [0x05000000, 0x05780000, 0x05780000)
  from space 960K, 100% used [0x05870000, 0x05960000, 0x05960000)
  to   space 960K,   0% used [0x05780000, 0x05780000, 0x05870000)
 tenured generation   total 19096K, used 14356K [0x0a550000, 0x0b7f6000, 0x15000000)
   the space 19096K,  75% used [0x0a550000, 0x0b355278, 0x0b355400, 0x0b7f6000)
 Metaspace       used 14855K, capacity 15152K, committed 15232K, reserved 15744K
}
Event: 2.952 GC heap after
{Heap after GC invocations=13 (full 2):
 def new generation   total 16448K, used 0K [0x05000000, 0x061d0000, 0x0a550000)
  eden space 14656K,   0% used [0x05000000, 0x05000000, 0x05e50000)
  from space 1792K,   0% used [0x05e50000, 0x05e50000, 0x06010000)
  to   space 1792K,   0% used [0x06010000, 0x06010000, 0x061d0000)
 tenured generation   total 36348K, used 21808K [0x0a550000, 0x0c8cf000, 0x15000000)
   the space 36348K,  59% used [0x0a550000, 0x0ba9c240, 0x0ba9c400, 0x0c8cf000)
 Metaspace       used 14855K, capacity 15152K, committed 15232K, reserved 15744K
}

Deoptimization events (6 events):
Event: 0.790 Thread 0x160b1400 DEOPT PACKING pc=0x02f7ea0f sp=0x194edd90
Event: 0.790 Thread 0x160b1400 DEOPT UNPACKING pc=0x02e8c187 sp=0x194edcb0 mode 3
Event: 0.793 Thread 0x160b1400 DEOPT PACKING pc=0x02fae931 sp=0x194edf10
Event: 0.793 Thread 0x160b1400 DEOPT UNPACKING pc=0x02e8c187 sp=0x194ede34 mode 3
Event: 0.886 Thread 0x160b1400 DEOPT PACKING pc=0x02ff194c sp=0x194edf00
Event: 0.886 Thread 0x160b1400 DEOPT UNPACKING pc=0x02e8c187 sp=0x194eddb0 mode 3

Classes redefined (0 events):
No events

Internal exceptions (20 events):
Event: 0.626 Thread 0x160b1400 Exception <a 'java/lang/ClassNotFoundException'{0x0531eb00}: com/sun/glass/ui/win/themes> (0x0531eb00) thrown at [s\src\hotspot\share\prims\jni.cpp, line 638]
Event: 0.627 Thread 0x160b1400 Exception <a 'java/lang/ClassNotFoundException'{0x05322af0}: com/sun/glass/ui/win/themes_es> (0x05322af0) thrown at [s\src\hotspot\share\prims\jni.cpp, line 638]
Event: 0.627 Thread 0x160b1400 Exception <a 'java/lang/ClassNotFoundException'{0x053248c0}: com/sun/glass/ui/win/themes_es_MX> (0x053248c0) thrown at [s\src\hotspot\share\prims\jni.cpp, line 638]
Event: 0.652 Thread 0x160b1400 Exception <a 'java/lang/NoSuchMethodError'{0x05201758}: 'void java.lang.invoke.DirectMethodHandle$Holder.invokeStaticInit(java.lang.Object, java.lang.Object)'> (0x05201758) thrown at [s\src\hotspot\share\interpreter\linkResolver.cpp, line 773]
Event: 0.657 Thread 0x160b1400 Exception <a 'java/lang/NoSuchMethodError'{0x05280e48}: 'void java.lang.invoke.DirectMethodHandle$Holder.invokeSpecial(java.lang.Object, java.lang.Object, java.lang.Object, java.lang.Object, java.lang.Object)'> (0x05280e48) thrown at [s\src\hotspot\share\interpreter\linkResolver.cpp, line 773]
Event: 0.793 Thread 0x160b1400 Implicit null exception at 0x02fad64c to 0x02fae92c
Event: 0.829 Thread 0x160b1400 Exception <a 'java/lang/ClassNotFoundException'{0x051ba418}: com/sun/javafx/scene/control/skin/resources/controls> (0x051ba418) thrown at [s\src\hotspot\share\prims\jni.cpp, line 638]
Event: 0.830 Thread 0x160b1400 Exception <a 'java/lang/ClassNotFoundException'{0x051c78b0}: com/sun/javafx/scene/control/skin/resources/controls_es> (0x051c78b0) thrown at [s\src\hotspot\share\prims\jni.cpp, line 638]
Event: 0.830 Thread 0x160b1400 Exception <a 'java/lang/ClassNotFoundException'{0x051d4ac0}: com/sun/javafx/scene/control/skin/resources/controls_es_MX> (0x051d4ac0) thrown at [s\src\hotspot\share\prims\jni.cpp, line 638]
Event: 0.850 Thread 0x160b1400 Exception <a 'java/lang/NoSuchMethodError'{0x05374688}: 'void java.lang.invoke.DirectMethodHandle$Holder.invokeSpecial(java.lang.Object, java.lang.Object, java.lang.Object, java.lang.Object, java.lang.Object, java.lang.Object)'> (0x05374688) thrown at [s\src\hotspot\share\interpreter\linkResolver.cpp, line 773]
Event: 0.867 Thread 0x160b1400 Exception <a 'java/lang/NoSuchMethodError'{0x055cfe78}: 'java.lang.Object java.lang.invoke.DirectMethodHandle$Holder.invokeInterface(java.lang.Object, java.lang.Object, java.lang.Object)'> (0x055cfe78) thrown at [s\src\hotspot\share\interpreter\linkResolver.cpp, line 773]
Event: 0.867 Thread 0x160b1400 Exception <a 'java/lang/IncompatibleClassChangeError'{0x055d2cc0}: Found class java.lang.Object, but interface was expected> (0x055d2cc0) thrown at [s\src\hotspot\share\interpreter\linkResolver.cpp, line 839]
Event: 0.914 Thread 0x15922000 Exception <a 'java/lang/NoSuchMethodError'{0x050d8f60}: 'int java.lang.invoke.DirectMethodHandle$Holder.invokeStaticInit(java.lang.Object, java.lang.Object)'> (0x050d8f60) thrown at [s\src\hotspot\share\interpreter\linkResolver.cpp, line 773]
Event: 0.920 Thread 0x160b1400 Exception <a 'java/lang/NoSuchMethodError'{0x05142728}: 'long java.lang.invoke.DirectMethodHandle$Holder.invokeStaticInit(java.lang.Object, java.lang.Object, java.lang.Object)'> (0x05142728) thrown at [s\src\hotspot\share\interpreter\linkResolver.cpp, line 773]
Event: 0.922 Thread 0x160b1400 Exception <a 'java/lang/NoSuchMethodError'{0x05177ed0}: 'java.lang.Object java.lang.invoke.DirectMethodHandle$Holder.invokeStatic(java.lang.Object, java.lang.Object, long)'> (0x05177ed0) thrown at [s\src\hotspot\share\interpreter\linkResolver.cpp, line 773]
Event: 0.922 Thread 0x160b1400 Exception <a 'java/lang/NoSuchMethodError'{0x0517d920}: 'java.lang.Object java.lang.invoke.Invokers$Holder.linkToTargetMethod(java.lang.Object, long, java.lang.Object)'> (0x0517d920) thrown at [s\src\hotspot\share\interpreter\linkResolver.cpp, line 773]
Event: 1.781 Thread 0x160b1400 Exception <a 'java/io/FileNotFoundException'{0x0564ce30}> (0x0564ce30) thrown at [s\src\hotspot\share\prims\jni.cpp, line 617]
Event: 1.786 Thread 0x160b1400 Exception <a 'java/io/FileNotFoundException'{0x0569d4b0}> (0x0569d4b0) thrown at [s\src\hotspot\share\prims\jni.cpp, line 617]
Event: 4.242 Thread 0x160b1400 Exception <a 'java/lang/IllegalArgumentException'{0x050be6b8}> (0x050be6b8) thrown at [s\src\hotspot\share\prims\jvm.cpp, line 1310]
Event: 4.266 Thread 0x160b1400 Exception <a 'java/lang/IllegalArgumentException'{0x050cf6b0}> (0x050cf6b0) thrown at [s\src\hotspot\share\prims\jvm.cpp, line 1310]

Events (20 events):
Event: 4.197 loading class javafx/application/Application
Event: 4.197 loading class javafx/application/Application done
Event: 4.197 loading class javafx/application/Application
Event: 4.197 loading class javafx/application/Application done
Event: 4.239 loading class com/sun/javafx/tk/quantum/GlassScene
Event: 4.239 loading class com/sun/javafx/tk/quantum/GlassScene done
Event: 4.239 loading class com/sun/javafx/tk/quantum/WindowStage
Event: 4.239 loading class com/sun/javafx/tk/quantum/WindowStage done
Event: 4.239 loading class com/sun/prism/GraphicsResource
Event: 4.239 loading class com/sun/prism/GraphicsResource done
Event: 4.239 loading class com/sun/prism/GraphicsResource
Event: 4.239 loading class com/sun/prism/GraphicsResource done
Event: 4.240 loading class com/sun/javafx/tk/quantum/ViewScene
Event: 4.240 loading class com/sun/javafx/tk/quantum/ViewScene done
Event: 4.241 loading class com/sun/javafx/tk/quantum/WindowStage
Event: 4.241 loading class com/sun/javafx/tk/quantum/WindowStage done
Event: 4.242 loading class java/lang/Throwable$WrappedPrintStream
Event: 4.242 loading class java/lang/Throwable$PrintStreamOrWriter
Event: 4.243 loading class java/lang/Throwable$PrintStreamOrWriter done
Event: 4.243 loading class java/lang/Throwable$WrappedPrintStream done


Dynamic libraries:
0x00ca0000 - 0x00cac000 	C:\Program Files (x86)\Eclipse Adoptium\jdk-11.0.21.9-hotspot\bin\java.exe
0x77910000 - 0x77ac1000 	C:\WINDOWS\SYSTEM32\ntdll.dll
0x76580000 - 0x76670000 	C:\WINDOWS\System32\KERNEL32.DLL
0x75b20000 - 0x75d94000 	C:\WINDOWS\System32\KERNELBASE.dll
0x6dbe0000 - 0x6dc86000 	C:\WINDOWS\SYSTEM32\apphelp.dll
0x75f00000 - 0x76012000 	C:\WINDOWS\System32\ucrtbase.dll
0x6bb20000 - 0x6bb33000 	C:\Program Files (x86)\Eclipse Adoptium\jdk-11.0.21.9-hotspot\bin\VCRUNTIME140.dll
0x6bb40000 - 0x6bb55000 	C:\Program Files (x86)\Eclipse Adoptium\jdk-11.0.21.9-hotspot\bin\jli.dll
0x76270000 - 0x76419000 	C:\WINDOWS\System32\USER32.dll
0x75ee0000 - 0x75efa000 	C:\WINDOWS\System32\win32u.dll
0x6d6b0000 - 0x6d8d8000 	C:\WINDOWS\WinSxS\x86_microsoft.windows.common-controls_6595b64144ccf1df_6.0.22621.3235_none_6ebcabb88802389e\COMCTL32.dll
0x772d0000 - 0x772f3000 	C:\WINDOWS\System32\GDI32.dll
0x776a0000 - 0x77764000 	C:\WINDOWS\System32\msvcrt.dll
0x75a30000 - 0x75b12000 	C:\WINDOWS\System32\gdi32full.dll
0x761c0000 - 0x76239000 	C:\WINDOWS\System32\msvcp_win.dll
0x76240000 - 0x76265000 	C:\WINDOWS\System32\IMM32.DLL
0x6bab0000 - 0x6bb1f000 	C:\Program Files (x86)\Eclipse Adoptium\jdk-11.0.21.9-hotspot\bin\msvcp140.dll
0x656e0000 - 0x65bbb000 	C:\Program Files (x86)\Eclipse Adoptium\jdk-11.0.21.9-hotspot\bin\client\jvm.dll
0x75da0000 - 0x75e1f000 	C:\WINDOWS\System32\ADVAPI32.dll
0x77870000 - 0x778f5000 	C:\WINDOWS\System32\sechost.dll
0x75ec0000 - 0x75eda000 	C:\WINDOWS\System32\bcrypt.dll
0x76100000 - 0x761ba000 	C:\WINDOWS\System32\RPCRT4.dll
0x77260000 - 0x77266000 	C:\WINDOWS\System32\PSAPI.DLL
0x73250000 - 0x73258000 	C:\WINDOWS\SYSTEM32\WSOCK32.dll
0x75450000 - 0x75458000 	C:\WINDOWS\SYSTEM32\VERSION.dll
0x77540000 - 0x7759f000 	C:\WINDOWS\System32\WS2_32.dll
0x74690000 - 0x746c1000 	C:\WINDOWS\SYSTEM32\WINMM.dll
0x75460000 - 0x75473000 	C:\WINDOWS\SYSTEM32\kernel.appcore.dll
0x746d0000 - 0x746dd000 	C:\Program Files (x86)\Eclipse Adoptium\jdk-11.0.21.9-hotspot\bin\verify.dll
0x65c30000 - 0x65e06000 	C:\WINDOWS\SYSTEM32\DBGHELP.DLL
0x75640000 - 0x758bc000 	C:\WINDOWS\System32\combase.dll
0x75e20000 - 0x75ebc000 	C:\WINDOWS\System32\OLEAUT32.dll
0x6ba80000 - 0x6baa9000 	C:\WINDOWS\SYSTEM32\dbgcore.DLL
0x755d0000 - 0x75632000 	C:\WINDOWS\System32\bcryptPrimitives.dll
0x6ba50000 - 0x6ba72000 	C:\Program Files (x86)\Eclipse Adoptium\jdk-11.0.21.9-hotspot\bin\java.dll
0x6dc90000 - 0x6dc99000 	C:\Program Files (x86)\Eclipse Adoptium\jdk-11.0.21.9-hotspot\bin\jimage.dll
0x6d970000 - 0x6d97d000 	C:\Program Files (x86)\Eclipse Adoptium\jdk-11.0.21.9-hotspot\bin\instrument.dll
0x6ba30000 - 0x6ba46000 	C:\Program Files (x86)\Eclipse Adoptium\jdk-11.0.21.9-hotspot\bin\zip.dll
0x76670000 - 0x76d09000 	C:\WINDOWS\System32\SHELL32.dll
0x71630000 - 0x71d1f000 	C:\WINDOWS\SYSTEM32\windows.storage.dll
0x70b40000 - 0x70c07000 	C:\WINDOWS\SYSTEM32\wintypes.dll
0x77300000 - 0x773c1000 	C:\WINDOWS\System32\SHCORE.dll
0x76020000 - 0x7606b000 	C:\WINDOWS\System32\shlwapi.dll
0x70b20000 - 0x70b39000 	C:\WINDOWS\SYSTEM32\profapi.dll
0x6ba10000 - 0x6ba24000 	C:\Program Files (x86)\Eclipse Adoptium\jdk-11.0.21.9-hotspot\bin\net.dll
0x74900000 - 0x749dc000 	C:\WINDOWS\SYSTEM32\WINHTTP.dll
0x6f900000 - 0x6f951000 	C:\WINDOWS\system32\mswsock.dll
0x6c920000 - 0x6c92f000 	C:\Program Files (x86)\Eclipse Adoptium\jdk-11.0.21.9-hotspot\bin\nio.dll
0x66280000 - 0x66296000 	C:\Users\luigu\AppData\Local\Programs\IntelliJ IDEA Ultimate\bin\breakgen.dll
0x6bbf0000 - 0x6bbf3000 	C:\Users\luigu\.openjfx\cache\17.0.6\api-ms-win-core-console-l1-1-0.dll
0x6b880000 - 0x6b883000 	C:\Users\luigu\.openjfx\cache\17.0.6\api-ms-win-core-console-l1-2-0.dll
0x66270000 - 0x66273000 	C:\Users\luigu\.openjfx\cache\17.0.6\api-ms-win-core-datetime-l1-1-0.dll
0x66260000 - 0x66263000 	C:\Users\luigu\.openjfx\cache\17.0.6\api-ms-win-core-debug-l1-1-0.dll
0x65c20000 - 0x65c23000 	C:\Users\luigu\.openjfx\cache\17.0.6\api-ms-win-core-errorhandling-l1-1-0.dll
0x65c10000 - 0x65c14000 	C:\Users\luigu\.openjfx\cache\17.0.6\api-ms-win-core-file-l1-1-0.dll
0x65c00000 - 0x65c03000 	C:\Users\luigu\.openjfx\cache\17.0.6\api-ms-win-core-file-l1-2-0.dll
0x65bf0000 - 0x65bf3000 	C:\Users\luigu\.openjfx\cache\17.0.6\api-ms-win-core-file-l2-1-0.dll
0x65be0000 - 0x65be3000 	C:\Users\luigu\.openjfx\cache\17.0.6\api-ms-win-core-handle-l1-1-0.dll
0x656c0000 - 0x656c3000 	C:\Users\luigu\.openjfx\cache\17.0.6\api-ms-win-core-heap-l1-1-0.dll
0x656a0000 - 0x656a3000 	C:\Users\luigu\.openjfx\cache\17.0.6\api-ms-win-core-interlocked-l1-1-0.dll
0x65690000 - 0x65693000 	C:\Users\luigu\.openjfx\cache\17.0.6\api-ms-win-core-libraryloader-l1-1-0.dll
0x65680000 - 0x65683000 	C:\Users\luigu\.openjfx\cache\17.0.6\api-ms-win-core-localization-l1-2-0.dll
0x65670000 - 0x65673000 	C:\Users\luigu\.openjfx\cache\17.0.6\api-ms-win-core-memory-l1-1-0.dll
0x65660000 - 0x65663000 	C:\Users\luigu\.openjfx\cache\17.0.6\api-ms-win-core-namedpipe-l1-1-0.dll
0x65650000 - 0x65653000 	C:\Users\luigu\.openjfx\cache\17.0.6\api-ms-win-core-processenvironment-l1-1-0.dll
0x65640000 - 0x65643000 	C:\Users\luigu\.openjfx\cache\17.0.6\api-ms-win-core-processthreads-l1-1-0.dll
0x65630000 - 0x65633000 	C:\Users\luigu\.openjfx\cache\17.0.6\api-ms-win-core-processthreads-l1-1-1.dll
0x65620000 - 0x65623000 	C:\Users\luigu\.openjfx\cache\17.0.6\api-ms-win-core-profile-l1-1-0.dll
0x65610000 - 0x65613000 	C:\Users\luigu\.openjfx\cache\17.0.6\api-ms-win-core-rtlsupport-l1-1-0.dll
0x65600000 - 0x65603000 	C:\Users\luigu\.openjfx\cache\17.0.6\api-ms-win-core-string-l1-1-0.dll
0x655f0000 - 0x655f3000 	C:\Users\luigu\.openjfx\cache\17.0.6\api-ms-win-core-synch-l1-1-0.dll
0x655e0000 - 0x655e3000 	C:\Users\luigu\.openjfx\cache\17.0.6\api-ms-win-core-synch-l1-2-0.dll
0x655d0000 - 0x655d3000 	C:\Users\luigu\.openjfx\cache\17.0.6\api-ms-win-core-sysinfo-l1-1-0.dll
0x655c0000 - 0x655c3000 	C:\Users\luigu\.openjfx\cache\17.0.6\api-ms-win-core-timezone-l1-1-0.dll
0x655b0000 - 0x655b3000 	C:\Users\luigu\.openjfx\cache\17.0.6\api-ms-win-core-util-l1-1-0.dll
0x655a0000 - 0x655a3000 	C:\Users\luigu\.openjfx\cache\17.0.6\api-ms-win-crt-conio-l1-1-0.dll
0x65590000 - 0x65594000 	C:\Users\luigu\.openjfx\cache\17.0.6\api-ms-win-crt-convert-l1-1-0.dll
0x65580000 - 0x65583000 	C:\Users\luigu\.openjfx\cache\17.0.6\api-ms-win-crt-environment-l1-1-0.dll
0x65570000 - 0x65573000 	C:\Users\luigu\.openjfx\cache\17.0.6\api-ms-win-crt-filesystem-l1-1-0.dll
0x65560000 - 0x65563000 	C:\Users\luigu\.openjfx\cache\17.0.6\api-ms-win-crt-heap-l1-1-0.dll
0x65550000 - 0x65553000 	C:\Users\luigu\.openjfx\cache\17.0.6\api-ms-win-crt-locale-l1-1-0.dll
0x65540000 - 0x65545000 	C:\Users\luigu\.openjfx\cache\17.0.6\api-ms-win-crt-math-l1-1-0.dll
0x65530000 - 0x65535000 	C:\Users\luigu\.openjfx\cache\17.0.6\api-ms-win-crt-multibyte-l1-1-0.dll
0x65520000 - 0x65530000 	C:\Users\luigu\.openjfx\cache\17.0.6\api-ms-win-crt-private-l1-1-0.dll
0x65510000 - 0x65513000 	C:\Users\luigu\.openjfx\cache\17.0.6\api-ms-win-crt-process-l1-1-0.dll
0x65500000 - 0x65504000 	C:\Users\luigu\.openjfx\cache\17.0.6\api-ms-win-crt-runtime-l1-1-0.dll
0x654f0000 - 0x654f4000 	C:\Users\luigu\.openjfx\cache\17.0.6\api-ms-win-crt-stdio-l1-1-0.dll
0x654e0000 - 0x654e4000 	C:\Users\luigu\.openjfx\cache\17.0.6\api-ms-win-crt-string-l1-1-0.dll
0x654d0000 - 0x654d3000 	C:\Users\luigu\.openjfx\cache\17.0.6\api-ms-win-crt-time-l1-1-0.dll
0x654c0000 - 0x654c3000 	C:\Users\luigu\.openjfx\cache\17.0.6\api-ms-win-crt-utility-l1-1-0.dll
0x65390000 - 0x654b3000 	C:\Users\luigu\.openjfx\cache\17.0.6\ucrtbase.dll
0x65370000 - 0x65384000 	C:\Users\luigu\.openjfx\cache\17.0.6\vcruntime140.dll
0x65300000 - 0x6536d000 	C:\Users\luigu\.openjfx\cache\17.0.6\msvcp140.dll
0x652f0000 - 0x652f7000 	C:\Users\luigu\.openjfx\cache\17.0.6\msvcp140_1.dll
0x652c0000 - 0x652e9000 	C:\Users\luigu\.openjfx\cache\17.0.6\msvcp140_2.dll
0x65290000 - 0x652b6000 	C:\Users\luigu\.openjfx\cache\17.0.6\prism_d3d.dll
0x65110000 - 0x65281000 	C:\WINDOWS\system32\d3d9.dll
0x6cca0000 - 0x6ccc4000 	C:\WINDOWS\SYSTEM32\dwmapi.dll
0x6dcd0000 - 0x6dcfe000 	C:\WINDOWS\SYSTEM32\dxcore.dll
0x6edb0000 - 0x6ee2f000 	C:\WINDOWS\system32\uxtheme.dll
0x65080000 - 0x65110000 	C:\WINDOWS\SYSTEM32\d3d9on12.dll
0x6d280000 - 0x6d34a000 	C:\WINDOWS\SYSTEM32\dxgi.dll
0x65060000 - 0x6507d000 	C:\WINDOWS\SYSTEM32\d3d12.dll
0x73b20000 - 0x73b5d000 	C:\WINDOWS\SYSTEM32\cfgmgr32.dll
0x64eb0000 - 0x65060000 	C:\WINDOWS\SYSTEM32\D3D12Core.dll
0x64e90000 - 0x64ead000 	C:\WINDOWS\System32\DriverStore\FileRepository\iigd_dch.inf_amd64_3c65364e14984512\igd12umd32.dll
0x64260000 - 0x64e8a000 	C:\WINDOWS\System32\DriverStore\FileRepository\iigd_dch.inf_amd64_3c65364e14984512\igd12um32xel.dll
0x76d10000 - 0x76e13000 	C:\WINDOWS\System32\CRYPT32.dll
0x76420000 - 0x76575000 	C:\WINDOWS\System32\ole32.dll
0x64220000 - 0x64255000 	C:\WINDOWS\SYSTEM32\ControlLib32.dll
0x76e20000 - 0x7725d000 	C:\WINDOWS\System32\SETUPAPI.dll
0x6f2b0000 - 0x6f2d4000 	C:\WINDOWS\SYSTEM32\DEVOBJ.dll
0x641a0000 - 0x64212000 	C:\WINDOWS\System32\DriverStore\FileRepository\iigd_dch.inf_amd64_3c65364e14984512\IntelControlLib32.dll
0x75570000 - 0x755c7000 	C:\WINDOWS\System32\WINTRUST.dll
0x6f2a0000 - 0x6f2ae000 	C:\WINDOWS\SYSTEM32\MSASN1.dll
0x6bbb0000 - 0x6bbec000 	C:\WINDOWS\SYSTEM32\directxdatabasehelper.dll
0x63e40000 - 0x6416f000 	C:\WINDOWS\System32\DriverStore\FileRepository\iigd_dch.inf_amd64_3c65364e14984512\igdgmm32.dll
0x681f0000 - 0x6b875000 	C:\WINDOWS\System32\DriverStore\FileRepository\iigd_dch.inf_amd64_3c65364e14984512\igc32.dll
0x64170000 - 0x64191000 	C:\WINDOWS\SYSTEM32\D3DSCache.dll
0x74a60000 - 0x74a7f000 	C:\WINDOWS\SYSTEM32\USERENV.dll
0x62bc0000 - 0x63e3b000 	C:\WINDOWS\System32\DriverStore\FileRepository\iigd_dch.inf_amd64_3c65364e14984512\igd12dxva32.dll
0x60ed0000 - 0x62bc0000 	C:\WINDOWS\System32\DriverStore\FileRepository\iigd_dch.inf_amd64_3c65364e14984512\media_bin_32.dll
0x60eb0000 - 0x60ed0000 	C:\WINDOWS\System32\DriverStore\FileRepository\iigd_dch.inf_amd64_3c65364e14984512\igdinfo32.dll
0x71d60000 - 0x71d75000 	C:\WINDOWS\SYSTEM32\CRYPTSP.dll
0x71d30000 - 0x71d60000 	C:\WINDOWS\system32\rsaenh.dll
0x71d20000 - 0x71d2b000 	C:\WINDOWS\SYSTEM32\CRYPTBASE.dll
0x6c5b0000 - 0x6c79c000 	C:\WINDOWS\SYSTEM32\twinapi.appcore.dll
0x60e70000 - 0x60ea7000 	C:\Users\luigu\.openjfx\cache\17.0.6\glass.dll

dbghelp: loaded successfully - version: 4.0.5 - missing functions: none
symbol engine: initialized successfully - sym options: 0x614 - pdb path: .;C:\Program Files (x86)\Eclipse Adoptium\jdk-11.0.21.9-hotspot\bin;C:\WINDOWS\SYSTEM32;C:\WINDOWS\WinSxS\x86_microsoft.windows.common-controls_6595b64144ccf1df_6.0.22621.3235_none_6ebcabb88802389e;C:\Program Files (x86)\Eclipse Adoptium\jdk-11.0.21.9-hotspot\bin\client;C:\Users\luigu\AppData\Local\Programs\IntelliJ IDEA Ultimate\bin;C:\Users\luigu\.openjfx\cache\17.0.6;C:\WINDOWS\System32\DriverStore\FileRepository\iigd_dch.inf_amd64_3c65364e14984512;C:\ProgramData\A-Volute\A-Volute.Nahimic\Modules\Scheduled;C:\Program Files (x86)\Common Files\Microsoft Shared\Ink

VM Arguments:
jvm_args: -javaagent:C:\Users\luigu\AppData\Local\Programs\IntelliJ IDEA Ultimate\lib\idea_rt.jar=58091:C:\Users\luigu\AppData\Local\Programs\IntelliJ IDEA Ultimate\bin -Dfile.encoding=UTF-8 --module-path=C:\Users\luigu\.m2\repository\org\controlsfx\controlsfx\11.1.2\controlsfx-11.1.2.jar;C:\Users\luigu\.m2\repository\org\kordamp\bootstrapfx\bootstrapfx-core\0.4.0\bootstrapfx-core-0.4.0.jar;C:\Users\luigu\IdeaProjects\Joyeria_ProyectoMult\target\classes;C:\Users\luigu\.m2\repository\org\openjfx\javafx-fxml\17.0.6\javafx-fxml-17.0.6-win-x86.jar;C:\Users\luigu\.m2\repository\org\openjfx\javafx-base\17.0.6\javafx-base-17.0.6-win-x86.jar;C:\Users\luigu\.m2\repository\com\dlsc\formsfx\formsfx-core\11.6.0\formsfx-core-11.6.0.jar;C:\Users\luigu\.m2\repository\org\openjfx\javafx-graphics\17.0.6\javafx-graphics-17.0.6-win-x86.jar;C:\Users\luigu\.m2\repository\net\synedra\validatorfx\0.4.0\validatorfx-0.4.0.jar;C:\Users\luigu\.m2\repository\org\openjfx\javafx-controls\17.0.6\javafx-controls-17.0.6-win-x86.jar -Djdk.module.main=com.eduard034.joyeria_proyectomult 
java_command: com.eduard034.joyeria_proyectomult/com.eduard034.joyeria_proyectomult.JoyeriaApp
java_class_path (initial): C:\Users\luigu\.m2\repository\org\openjfx\javafx-controls\17.0.6\javafx-controls-17.0.6.jar;C:\Users\luigu\.m2\repository\org\openjfx\javafx-graphics\17.0.6\javafx-graphics-17.0.6.jar;C:\Users\luigu\.m2\repository\org\openjfx\javafx-base\17.0.6\javafx-base-17.0.6.jar;C:\Users\luigu\.m2\repository\org\openjfx\javafx-fxml\17.0.6\javafx-fxml-17.0.6.jar
Launcher Type: SUN_STANDARD

[Global flags]
   size_t InitialHeapSize                          = 16777216                                  {product} {ergonomic}
   size_t MaxHeapSize                              = 268435456                                 {product} {ergonomic}
   size_t MaxNewSize                               = 89456640                                  {product} {ergonomic}
   size_t MinHeapDeltaBytes                        = 131072                                    {product} {ergonomic}
   size_t NewSize                                  = 5570560                                   {product} {ergonomic}
    uintx NonProfiledCodeHeapSize                  = 0                                      {pd product} {ergonomic}
   size_t OldSize                                  = 11206656                                  {product} {ergonomic}
    uintx ProfiledCodeHeapSize                     = 0                                      {pd product} {ergonomic}
     bool ThreadLocalHandshakes                    = false                                  {pd product} {ergonomic}
     bool UseLargePagesIndividualAllocation        = false                                  {pd product} {ergonomic}
     bool UseSerialGC                              = true                                      {product} {ergonomic}

Logging:
Log output configuration:
 #0: stdout all=warning uptime,level,tags
 #1: stderr all=off uptime,level,tags

Environment Variables:
PATH=C:\Program Files (x86)\Eclipse Adoptium\jre-11.0.21.9-hotspot\bin;C:\Program Files (x86)\Eclipse Adoptium\jdk-11.0.21.9-hotspot\bin;C:\Program Files (x86)\VMware\VMware Player\bin\;C:\Windows\system32;C:\Windows;C:\Windows\System32\Wbem;C:\Windows\System32\WindowsPowerShell\v1.0\;C:\Windows\System32\OpenSSH\;C:\Program Files (x86)\NVIDIA Corporation\PhysX\Common;C:\Program Files\NVIDIA Corporation\NVIDIA NvDLISR;C:\WINDOWS\system32;C:\WINDOWS;C:\WINDOWS\System32\Wbem;C:\WINDOWS\System32\WindowsPowerShell\v1.0\;C:\WINDOWS\System32\OpenSSH\;C:\Program Files\Git\cmd;C:\Users\luigu\AppData\Local\Microsoft\WindowsApps;C:\Users\luigu\AppData\Local\Programs\Microsoft VS Code\bin;C:\Users\luigu\AppData\Local\JetBrains\Toolbox\scripts;C:\Users\luigu\AppData\Local\GitHubDesktop\bin
USERNAME=luigu
OS=Windows_NT
PROCESSOR_IDENTIFIER=Intel64 Family 6 Model 154 Stepping 3, GenuineIntel
TMP=C:\Users\luigu\AppData\Local\Temp
TEMP=C:\Users\luigu\AppData\Local\Temp



---------------  S Y S T E M  ---------------

OS: Windows 11 , 64 bit Build 22621 (10.0.22621.3374)
OS uptime: 0 days 16:09 hours

CPU:total 12 (initial active 12) (6 cores per cpu, 2 threads per core) family 6 model 154 stepping 3 microcode 0x419, cmov, cx8, fxsr, mmx, sse, sse2, sse3, ssse3, sse4.1, sse4.2, popcnt, avx, avx2, aes, clmul, erms, 3dnowpref, lzcnt, ht, tsc, tscinvbit, bmi1, bmi2, adx, sha, fma

Memory: 4k page, system-wide physical 7917M (792M free)
TotalPageFile size 19693M (AvailPageFile size 6743M), user-mode portion of virtual address-space 2047M (1235M free)
current process WorkingSet (physical memory assigned to process): 264M, peak: 273M
current process commit charge ("private bytes"): 277M, peak: 277M

vm_info: OpenJDK Client VM (11.0.21+9) for windows-x86 JRE (11.0.21+9), built on Oct 17 2023 17:27:10 by "" with MS VC++ 15.9 (VS2017)

END.
