#
# A fatal error has been detected by the Java Runtime Environment:
#
#  EXCEPTION_ACCESS_VIOLATION (0xc0000005) at pc=0x00007fffa899bdf6, pid=29680, tid=28324
#
# JRE version: OpenJDK Runtime Environment Corretto-11.0.22.7.1 (11.0.22+7) (build 11.0.22+7-LTS)
# Java VM: OpenJDK 64-Bit Server VM Corretto-11.0.22.7.1 (11.0.22+7-LTS, mixed mode, tiered, compressed oops, g1 gc, windows-amd64)
# Problematic frame:
# C  [glass.dll+0x1bdf6]
#
# No core dump will be written. Minidumps are not enabled by default on client versions of Windows
#
# If you would like to submit a bug report, please visit:
#   https://github.com/corretto/corretto-11/issues/
# The crash happened outside the Java Virtual Machine in native code.
# See problematic frame for where to report the bug.
#

---------------  S U M M A R Y ------------

Command Line: -javaagent:C:\Users\alonh\AppData\Local\Programs\IntelliJ IDEA Ultimate\lib\idea_rt.jar=55522:C:\Users\alonh\AppData\Local\Programs\IntelliJ IDEA Ultimate\bin -Dfile.encoding=UTF-8 --module-path=C:\Users\alonh\.m2\repository\org\kordamp\bootstrapfx\bootstrapfx-core\0.4.0\bootstrapfx-core-0.4.0.jar;C:\Users\alonh\.m2\repository\com\dlsc\formsfx\formsfx-core\11.6.0\formsfx-core-11.6.0.jar;C:\Users\alonh\.m2\repository\org\openjfx\javafx-base\17.0.6\javafx-base-17.0.6-win.jar;C:\Users\alonh\IdeaProjects\Joyeria_ProyectoMult\target\classes;C:\Users\alonh\.m2\repository\org\openjfx\javafx-controls\17.0.6\javafx-controls-17.0.6-win.jar;C:\Users\alonh\.m2\repository\net\synedra\validatorfx\0.4.0\validatorfx-0.4.0.jar;C:\Users\alonh\.m2\repository\org\openjfx\javafx-graphics\17.0.6\javafx-graphics-17.0.6-win.jar;C:\Users\alonh\.m2\repository\org\openjfx\javafx-fxml\17.0.6\javafx-fxml-17.0.6-win.jar;C:\Users\alonh\.m2\repository\org\controlsfx\controlsfx\11.1.2\controlsfx-11.1.2.jar -Djdk.module.main=com.eduard034.joyeria_proyectomult com.eduard034.joyeria_proyectomult/com.eduard034.joyeria_proyectomult.JoyeriaApp

Host: 12th Gen Intel(R) Core(TM) i5-12450H, 12 cores, 7G,  Windows 11 , 64 bit Build 22621 (10.0.22621.2506)
Time: Sat Mar 23 18:27:31 2024 Hora estándar central (México) elapsed time: 7.227130 seconds (0d 0h 0m 7s)

---------------  T H R E A D  ---------------

Current thread (0x00000196864e1000):  JavaThread "JavaFX Application Thread" [_thread_in_native, id=28324, stack(0x0000009605900000,0x0000009605a00000)]

Stack: [0x0000009605900000,0x0000009605a00000],  sp=0x00000096059fc750,  free space=1009k
Native frames: (J=compiled Java code, j=interpreted, Vv=VM code, C=native code)
C  [glass.dll+0x1bdf6]

Java frames: (J=compiled Java code, j=interpreted, Vv=VM code)
j  com.sun.glass.ui.win.WinWindow._close(J)Z+0 javafx.graphics
j  com.sun.glass.ui.Window.close()V+63 javafx.graphics
j  com.sun.glass.ui.win.WinWindow.close()V+8 javafx.graphics
j  com.sun.glass.ui.Application.terminate()V+75 javafx.graphics
j  com.sun.javafx.tk.quantum.QuantumToolkit.lambda$exit$13()Ljava/lang/Object;+5 javafx.graphics
j  com.sun.javafx.tk.quantum.QuantumToolkit$$Lambda$445.get()Ljava/lang/Object;+0 javafx.graphics
j  com.sun.javafx.tk.quantum.QuantumToolkit.runWithRenderLock(Ljava/util/function/Supplier;)Ljava/lang/Object;+7 javafx.graphics
j  com.sun.javafx.tk.quantum.QuantumToolkit.exit()V+26 javafx.graphics
j  com.sun.javafx.application.PlatformImpl.lambda$tkExit$16()V+3 javafx.graphics
j  com.sun.javafx.application.PlatformImpl$$Lambda$444.run()V+0 javafx.graphics
j  com.sun.javafx.application.PlatformImpl.lambda$runAndWait$12(Ljava/lang/Runnable;Ljava/util/concurrent/CountDownLatch;)V+1 javafx.graphics
j  com.sun.javafx.application.PlatformImpl$$Lambda$88.run()V+8 javafx.graphics
j  com.sun.javafx.application.PlatformImpl.lambda$runLater$10(Ljava/lang/Runnable;)Ljava/lang/Void;+1 javafx.graphics
j  com.sun.javafx.application.PlatformImpl$$Lambda$90.run()Ljava/lang/Object;+4 javafx.graphics
v  ~StubRoutines::call_stub
J 2065  java.security.AccessController.doPrivileged(Ljava/security/PrivilegedAction;Ljava/security/AccessControlContext;)Ljava/lang/Object; java.base@11.0.22 (0 bytes) @ 0x00000196f594a826 [0x00000196f594a7c0+0x0000000000000066]
j  com.sun.javafx.application.PlatformImpl.lambda$runLater$11(Ljava/lang/Runnable;Ljava/security/AccessControlContext;)V+7 javafx.graphics
j  com.sun.javafx.application.PlatformImpl$$Lambda$89.run()V+8 javafx.graphics
j  com.sun.glass.ui.InvokeLaterDispatcher$Future.run()V+4 javafx.graphics
v  ~StubRoutines::call_stub
j  com.sun.glass.ui.win.WinApplication._runLoop(Ljava/lang/Runnable;)V+0 javafx.graphics
j  com.sun.glass.ui.win.WinApplication.lambda$runLoop$3(ILjava/lang/Runnable;)V+8 javafx.graphics
j  com.sun.glass.ui.win.WinApplication$$Lambda$78.run()V+12 javafx.graphics
j  java.lang.Thread.run()V+11 java.base@11.0.22
v  ~StubRoutines::call_stub

siginfo: EXCEPTION_ACCESS_VIOLATION (0xc0000005), reading address 0x0000000000000130


Register to memory mapping:

RIP=0x00007fffa899bdf6 glass.dll
RAX=0x0 is NULL
RBX=0x0 is NULL
RCX=0x0 is NULL
RDX=0x0 is NULL
RSP=0x00000096059fc750 is pointing into the stack for thread: 0x00000196864e1000
RBP=0x0 is NULL
RSI=0x0000000000000401 is an unknown value
RDI=0x00000096059fcaa0 is pointing into the stack for thread: 0x00000196864e1000
R8 =0x00000096059fcaa0 is pointing into the stack for thread: 0x00000196864e1000
R9 =0x0 is NULL
R10=0x0 is NULL
R11=0x0000000000000246 is an unknown value
R12=0x0 is NULL
R13=0x0 is NULL
R14=0x0 is NULL
R15=0x0 is NULL


Registers:
RAX=0x0000000000000000, RBX=0x0000000000000000, RCX=0x0000000000000000, RDX=0x0000000000000000
RSP=0x00000096059fc750, RBP=0x0000000000000000, RSI=0x0000000000000401, RDI=0x00000096059fcaa0
R8 =0x00000096059fcaa0, R9 =0x0000000000000000, R10=0x0000000000000000, R11=0x0000000000000246
R12=0x0000000000000000, R13=0x0000000000000000, R14=0x0000000000000000, R15=0x0000000000000000
RIP=0x00007fffa899bdf6, EFLAGS=0x0000000000010206

Top of Stack: (sp=0x00000096059fc750)
0x00000096059fc750:   0000000000000578 00000096059fc760
0x00000096059fc760:   0000000000180016 00007fffa89a75c0
0x00000096059fc770:   00000096059fcaa0 00007fffa899a871
0x00000096059fc780:   0000000000000000 00000096059fcaa0
0x00000096059fc790:   0000000000000401 00000196e3a4e300
0x00000096059fc7a0:   00000196864835b0 00007fffa898a395
0x00000096059fc7b0:   00000096059fcaa0 0000000000000001
0x00000096059fc7c0:   000000008000c0c6 0000000000000001
0x00000096059fc7d0:   0000000000000000 00007fffa89817bb
0x00000096059fc7e0:   00000196864835b0 00000096059fcaa0
0x00000096059fc7f0:   0000000000000401 00000000001a0cf0
0x00000096059fc800:   0000000000000401 00007ff810738241
0x00000096059fc810:   0000000000000000 00000096059fc9d8
0x00000096059fc820:   0000000080000022 0000000000000001
0x00000096059fc830:   00000000000000b6 00000196864e1000
0x00000096059fc840:   0000019687087f00 00000196864e1000 

Instructions: (pc=0x00007fffa899bdf6)
0x00007fffa899bcf6:   85 c0 74 08 48 8b c8 e8 ee 00 00 00 48 c7 05 23
0x00007fffa899bd06:   e1 01 00 00 00 00 00 48 83 c4 28 c3 cc cc cc cc
0x00007fffa899bd16:   cc cc cc cc cc cc cc cc cc cc 48 89 5c 24 08 57
0x00007fffa899bd26:   48 83 ec 30 48 8b fa 48 8b d9 48 39 91 30 01 00
0x00007fffa899bd36:   00 0f 84 a5 00 00 00 e8 ae 00 00 00 48 8b 93 30
0x00007fffa899bd46:   01 00 00 48 85 d2 75 04 48 8b 53 08 48 89 54 24
0x00007fffa899bd56:   20 4c 8b c7 48 85 ff 75 04 4c 8b 43 08 48 8d 0d
0x00007fffa899bd66:   a6 e2 00 00 4c 89 44 24 28 e8 bc 78 fe ff 48 8b
0x00007fffa899bd76:   4c 24 20 4c 8d 44 24 20 48 8d 15 db f7 ff ff ff
0x00007fffa899bd86:   15 05 da 01 00 48 8b 05 6e dd 01 00 48 85 c0 75
0x00007fffa899bd96:   04 33 c9 eb 03 8b 48 40 4c 8d 44 24 20 48 8d 15
0x00007fffa899bda6:   f6 f7 ff ff ff 15 e8 d9 01 00 48 89 bb 30 01 00
0x00007fffa899bdb6:   00 e8 54 38 00 00 4c 8b 05 ed e0 01 00 48 8b c8
0x00007fffa899bdc6:   48 8b 93 c0 00 00 00 4c 8b cf e8 db 92 fe ff e8
0x00007fffa899bdd6:   36 38 00 00 48 8b c8 e8 4e 37 00 00 48 8b 5c 24
0x00007fffa899bde6:   40 48 83 c4 30 5f c3 cc cc cc 40 57 48 83 ec 20
0x00007fffa899bdf6:   48 8b 81 30 01 00 00 48 8b f9 48 85 c0 75 04 48
0x00007fffa899be06:   8b 41 08 48 3b 05 20 e0 01 00 75 3b 48 89 5c 24
0x00007fffa899be16:   30 e8 f4 37 00 00 4c 8b 05 7d e0 01 00 48 8b c8
0x00007fffa899be26:   48 8b 97 c0 00 00 00 48 8b d8 e8 7b 92 fe ff 48
0x00007fffa899be36:   8b cb e8 f3 36 00 00 48 8b 5c 24 30 48 c7 05 e3
0x00007fffa899be46:   df 01 00 00 00 00 00 48 83 c4 20 5f c3 cc cc cc
0x00007fffa899be56:   cc cc cc cc cc cc cc cc cc cc 40 53 48 83 ec 50
0x00007fffa899be66:   48 8b 05 5b b3 01 00 48 33 c4 48 89 44 24 40 48
0x00007fffa899be76:   8b d9 48 8b 49 08 ff 15 86 d8 01 00 85 c0 0f 85
0x00007fffa899be86:   1b 01 00 00 48 8b 4b 08 48 8d 54 24 30 ff 15 af
0x00007fffa899be96:   d6 01 00 48 8b 4b 08 48 8d 54 24 20 ff 15 08 d7
0x00007fffa899bea6:   01 00 48 8b 4b 08 4c 8d 44 24 20 41 b9 02 00 00
0x00007fffa899beb6:   00 33 d2 ff 15 f9 d6 01 00 8b 44 24 24 2b 44 24
0x00007fffa899bec6:   34 44 8b 44 24 20 44 2b 44 24 30 8b 54 24 3c 2b
0x00007fffa899bed6:   54 24 2c 8b 4c 24 38 2b 4c 24 28 89 83 1c 01 00
0x00007fffa899bee6:   00 44 89 83 18 01 00 00 89 93 24 01 00 00 89 8b 


Stack slot to memory mapping:
stack at sp + 0 slots: 0x0000000000000578 is an unknown value
stack at sp + 1 slots: 0x00000096059fc760 is pointing into the stack for thread: 0x00000196864e1000
stack at sp + 2 slots: 0x0000000000180016 is an unknown value
stack at sp + 3 slots: 0x00007fffa89a75c0 glass.dll
stack at sp + 4 slots: 0x00000096059fcaa0 is pointing into the stack for thread: 0x00000196864e1000
stack at sp + 5 slots: 0x00007fffa899a871 glass.dll
stack at sp + 6 slots: 0x0 is NULL
stack at sp + 7 slots: 0x00000096059fcaa0 is pointing into the stack for thread: 0x00000196864e1000


---------------  P R O C E S S  ---------------

Threads class SMR info:
_java_thread_list=0x0000019686d1be20, length=18, elements={
0x00000196e563b800, 0x000001968495a800, 0x0000019685180800, 0x00000196851d5800,
0x00000196851d6800, 0x00000196851d8800, 0x00000196851dc000, 0x00000196851e1000,
0x00000196851e6000, 0x000001968490f800, 0x0000019685abc000, 0x000001968580d000,
0x0000019686494000, 0x00000196864e1000, 0x000001968673c000, 0x000001968674f800,
0x0000019686837000, 0x0000019686b08800
}

Java Threads: ( => current thread )
  0x00000196e563b800 JavaThread "main" [_thread_blocked, id=28168, stack(0x0000009604100000,0x0000009604200000)]
  0x000001968495a800 JavaThread "Reference Handler" daemon [_thread_blocked, id=14124, stack(0x0000009604800000,0x0000009604900000)]
  0x0000019685180800 JavaThread "Finalizer" daemon [_thread_blocked, id=29568, stack(0x0000009604900000,0x0000009604a00000)]
  0x00000196851d5800 JavaThread "Signal Dispatcher" daemon [_thread_blocked, id=28724, stack(0x0000009604a00000,0x0000009604b00000)]
  0x00000196851d6800 JavaThread "Attach Listener" daemon [_thread_blocked, id=22488, stack(0x0000009604b00000,0x0000009604c00000)]
  0x00000196851d8800 JavaThread "Service Thread" daemon [_thread_blocked, id=24380, stack(0x0000009604c00000,0x0000009604d00000)]
  0x00000196851dc000 JavaThread "C2 CompilerThread0" daemon [_thread_blocked, id=15348, stack(0x0000009604d00000,0x0000009604e00000)]
  0x00000196851e1000 JavaThread "C1 CompilerThread0" daemon [_thread_blocked, id=26896, stack(0x0000009604e00000,0x0000009604f00000)]
  0x00000196851e6000 JavaThread "Sweeper thread" daemon [_thread_blocked, id=24152, stack(0x0000009604f00000,0x0000009605000000)]
  0x000001968490f800 JavaThread "Common-Cleaner" daemon [_thread_blocked, id=15096, stack(0x0000009605000000,0x0000009605100000)]
  0x0000019685abc000 JavaThread "Monitor Ctrl-Break" daemon [_thread_in_native, id=27192, stack(0x0000009605200000,0x0000009605300000)]
  0x000001968580d000 JavaThread "QuantumRenderer-0" daemon [_thread_blocked, id=17460, stack(0x0000009605400000,0x0000009605500000)]
  0x0000019686494000 JavaThread "InvokeLaterDispatcher" daemon [_thread_blocked, id=30316, stack(0x0000009605100000,0x0000009605200000)]
=>0x00000196864e1000 JavaThread "JavaFX Application Thread" [_thread_in_native, id=28324, stack(0x0000009605900000,0x0000009605a00000)]
  0x000001968673c000 JavaThread "JavaFX-Launcher" [_thread_blocked, id=17456, stack(0x0000009605c00000,0x0000009605d00000)]
  0x000001968674f800 JavaThread "Thread-2" daemon [_thread_in_native, id=10772, stack(0x0000009605b00000,0x0000009605c00000)]
  0x0000019686837000 JavaThread "Prism Font Disposer" daemon [_thread_blocked, id=22436, stack(0x0000009606200000,0x0000009606300000)]
  0x0000019686b08800 JavaThread "Cleaner-0" daemon [_thread_blocked, id=27560, stack(0x0000009606b00000,0x0000009606c00000)]

Other Threads:
  0x0000019684954000 VMThread "VM Thread" [stack: 0x0000009604700000,0x0000009604800000] [id=5808]
  0x0000019685de7800 WatcherThread [stack: 0x0000009605300000,0x0000009605400000] [id=30392]
  0x00000196e5655000 GCTaskThread "GC Thread#0" [stack: 0x0000009604200000,0x0000009604300000] [id=17276]
  0x0000019686633000 GCTaskThread "GC Thread#1" [stack: 0x0000009605d00000,0x0000009605e00000] [id=32560]
  0x0000019686862800 GCTaskThread "GC Thread#2" [stack: 0x0000009605e00000,0x0000009605f00000] [id=14436]
  0x0000019686863000 GCTaskThread "GC Thread#3" [stack: 0x0000009605f00000,0x0000009606000000] [id=21052]
  0x0000019686863800 GCTaskThread "GC Thread#4" [stack: 0x0000009606000000,0x0000009606100000] [id=13760]
  0x00000196866d1800 GCTaskThread "GC Thread#5" [stack: 0x0000009606100000,0x0000009606200000] [id=25460]
  0x00000196e5685000 ConcurrentGCThread "G1 Main Marker" [stack: 0x0000009604300000,0x0000009604400000] [id=24284]
  0x00000196e5686800 ConcurrentGCThread "G1 Conc#0" [stack: 0x0000009604400000,0x0000009604500000] [id=17448]
  0x00000196868db800 ConcurrentGCThread "G1 Conc#1" [stack: 0x0000009606600000,0x0000009606700000] [id=31232]
  0x00000196868dc800 ConcurrentGCThread "G1 Conc#2" [stack: 0x0000009606700000,0x0000009606800000] [id=32516]
  0x00000196847a8800 ConcurrentGCThread "G1 Refine#0" [stack: 0x0000009604500000,0x0000009604600000] [id=21356]
  0x00000196847a9000 ConcurrentGCThread "G1 Young RemSet Sampling" [stack: 0x0000009604600000,0x0000009604700000] [id=24616]

Threads with active compile tasks:

VM state:not at safepoint (normal execution)

VM Mutex/Monitor currently owned by a thread: None

Heap address: 0x0000000084800000, size: 1976 MB, Compressed Oops mode: 32-bit
Narrow klass base: 0x0000000000000000, Narrow klass shift: 3
Compressed class space size: 1073741824 Address: 0x0000000100000000

Heap:
 garbage-first heap   total 126976K, used 27998K [0x0000000084800000, 0x0000000100000000)
  region size 1024K, 28 young (28672K), 8 survivors (8192K)
 Metaspace       used 24822K, capacity 25676K, committed 25904K, reserved 1071104K
  class space    used 3061K, capacity 3419K, committed 3456K, reserved 1048576K
Heap Regions: E=young(eden), S=young(survivor), O=old, HS=humongous(starts), HC=humongous(continues), CS=collection set, F=free, A=archive, TAMS=top-at-mark-start (previous, next)
|   0|0x0000000084800000, 0x0000000084900000, 0x0000000084900000|100%|HS|  |TAMS 0x0000000084800000, 0x0000000084800000| Complete 
|   1|0x0000000084900000, 0x0000000084a00000, 0x0000000084a00000|100%|HC|  |TAMS 0x0000000084900000, 0x0000000084900000| Complete 
|   2|0x0000000084a00000, 0x0000000084a00000, 0x0000000084b00000|  0%| F|  |TAMS 0x0000000084a00000, 0x0000000084a00000| Untracked 
|   3|0x0000000084b00000, 0x0000000084b00000, 0x0000000084c00000|  0%| F|  |TAMS 0x0000000084b00000, 0x0000000084b00000| Untracked 
|   4|0x0000000084c00000, 0x0000000084c00000, 0x0000000084d00000|  0%| F|  |TAMS 0x0000000084c00000, 0x0000000084c00000| Untracked 
|   5|0x0000000084d00000, 0x0000000084d00000, 0x0000000084e00000|  0%| F|  |TAMS 0x0000000084d00000, 0x0000000084d00000| Untracked 
|   6|0x0000000084e00000, 0x0000000084e00000, 0x0000000084f00000|  0%| F|  |TAMS 0x0000000084e00000, 0x0000000084e00000| Untracked 
|   7|0x0000000084f00000, 0x0000000084f00000, 0x0000000085000000|  0%| F|  |TAMS 0x0000000084f00000, 0x0000000084f00000| Untracked 
|   8|0x0000000085000000, 0x0000000085000000, 0x0000000085100000|  0%| F|  |TAMS 0x0000000085000000, 0x0000000085000000| Untracked 
|   9|0x0000000085100000, 0x0000000085100000, 0x0000000085200000|  0%| F|  |TAMS 0x0000000085100000, 0x0000000085100000| Untracked 
|  10|0x0000000085200000, 0x0000000085200000, 0x0000000085300000|  0%| F|  |TAMS 0x0000000085200000, 0x0000000085200000| Untracked 
|  11|0x0000000085300000, 0x0000000085300000, 0x0000000085400000|  0%| F|  |TAMS 0x0000000085300000, 0x0000000085300000| Untracked 
|  12|0x0000000085400000, 0x0000000085400000, 0x0000000085500000|  0%| F|  |TAMS 0x0000000085400000, 0x0000000085400000| Untracked 
|  13|0x0000000085500000, 0x0000000085500000, 0x0000000085600000|  0%| F|  |TAMS 0x0000000085500000, 0x0000000085500000| Untracked 
|  14|0x0000000085600000, 0x0000000085600000, 0x0000000085700000|  0%| F|  |TAMS 0x0000000085600000, 0x0000000085600000| Untracked 
|  15|0x0000000085700000, 0x0000000085700000, 0x0000000085800000|  0%| F|  |TAMS 0x0000000085700000, 0x0000000085700000| Untracked 
|  16|0x0000000085800000, 0x0000000085800000, 0x0000000085900000|  0%| F|  |TAMS 0x0000000085800000, 0x0000000085800000| Untracked 
|  17|0x0000000085900000, 0x0000000085900000, 0x0000000085a00000|  0%| F|  |TAMS 0x0000000085900000, 0x0000000085900000| Untracked 
|  18|0x0000000085a00000, 0x0000000085a00000, 0x0000000085b00000|  0%| F|  |TAMS 0x0000000085a00000, 0x0000000085a00000| Untracked 
|  19|0x0000000085b00000, 0x0000000085b00000, 0x0000000085c00000|  0%| F|  |TAMS 0x0000000085b00000, 0x0000000085b00000| Untracked 
|  20|0x0000000085c00000, 0x0000000085c00000, 0x0000000085d00000|  0%| F|  |TAMS 0x0000000085c00000, 0x0000000085c00000| Untracked 
|  21|0x0000000085d00000, 0x0000000085d00000, 0x0000000085e00000|  0%| F|  |TAMS 0x0000000085d00000, 0x0000000085d00000| Untracked 
|  22|0x0000000085e00000, 0x0000000085e00000, 0x0000000085f00000|  0%| F|  |TAMS 0x0000000085e00000, 0x0000000085e00000| Untracked 
|  23|0x0000000085f00000, 0x0000000085f00000, 0x0000000086000000|  0%| F|  |TAMS 0x0000000085f00000, 0x0000000085f00000| Untracked 
|  24|0x0000000086000000, 0x0000000086000000, 0x0000000086100000|  0%| F|  |TAMS 0x0000000086000000, 0x0000000086000000| Untracked 
|  25|0x0000000086100000, 0x0000000086100000, 0x0000000086200000|  0%| F|  |TAMS 0x0000000086100000, 0x0000000086100000| Untracked 
|  26|0x0000000086200000, 0x0000000086200000, 0x0000000086300000|  0%| F|  |TAMS 0x0000000086200000, 0x0000000086200000| Untracked 
|  27|0x0000000086300000, 0x0000000086300000, 0x0000000086400000|  0%| F|  |TAMS 0x0000000086300000, 0x0000000086300000| Untracked 
|  28|0x0000000086400000, 0x0000000086400000, 0x0000000086500000|  0%| F|  |TAMS 0x0000000086400000, 0x0000000086400000| Untracked 
|  29|0x0000000086500000, 0x0000000086500000, 0x0000000086600000|  0%| F|  |TAMS 0x0000000086500000, 0x0000000086500000| Untracked 
|  30|0x0000000086600000, 0x0000000086600000, 0x0000000086700000|  0%| F|  |TAMS 0x0000000086600000, 0x0000000086600000| Untracked 
|  31|0x0000000086700000, 0x0000000086700000, 0x0000000086800000|  0%| F|  |TAMS 0x0000000086700000, 0x0000000086700000| Untracked 
|  32|0x0000000086800000, 0x0000000086800000, 0x0000000086900000|  0%| F|  |TAMS 0x0000000086800000, 0x0000000086800000| Untracked 
|  33|0x0000000086900000, 0x0000000086900000, 0x0000000086a00000|  0%| F|  |TAMS 0x0000000086900000, 0x0000000086900000| Untracked 
|  34|0x0000000086a00000, 0x0000000086a00000, 0x0000000086b00000|  0%| F|  |TAMS 0x0000000086a00000, 0x0000000086a00000| Untracked 
|  35|0x0000000086b00000, 0x0000000086b00000, 0x0000000086c00000|  0%| F|  |TAMS 0x0000000086b00000, 0x0000000086b00000| Untracked 
|  36|0x0000000086c00000, 0x0000000086c00000, 0x0000000086d00000|  0%| F|  |TAMS 0x0000000086c00000, 0x0000000086c00000| Untracked 
|  37|0x0000000086d00000, 0x0000000086d00000, 0x0000000086e00000|  0%| F|  |TAMS 0x0000000086d00000, 0x0000000086d00000| Untracked 
|  38|0x0000000086e00000, 0x0000000086e00000, 0x0000000086f00000|  0%| F|  |TAMS 0x0000000086e00000, 0x0000000086e00000| Untracked 
|  39|0x0000000086f00000, 0x0000000086f00000, 0x0000000087000000|  0%| F|  |TAMS 0x0000000086f00000, 0x0000000086f00000| Untracked 
|  40|0x0000000087000000, 0x0000000087000000, 0x0000000087100000|  0%| F|  |TAMS 0x0000000087000000, 0x0000000087000000| Untracked 
|  41|0x0000000087100000, 0x0000000087100000, 0x0000000087200000|  0%| F|  |TAMS 0x0000000087100000, 0x0000000087100000| Untracked 
|  42|0x0000000087200000, 0x0000000087200000, 0x0000000087300000|  0%| F|  |TAMS 0x0000000087200000, 0x0000000087200000| Untracked 
|  43|0x0000000087300000, 0x0000000087300000, 0x0000000087400000|  0%| F|  |TAMS 0x0000000087300000, 0x0000000087300000| Untracked 
|  44|0x0000000087400000, 0x0000000087400000, 0x0000000087500000|  0%| F|  |TAMS 0x0000000087400000, 0x0000000087400000| Untracked 
|  45|0x0000000087500000, 0x0000000087500000, 0x0000000087600000|  0%| F|  |TAMS 0x0000000087500000, 0x0000000087500000| Untracked 
|  46|0x0000000087600000, 0x0000000087600000, 0x0000000087700000|  0%| F|  |TAMS 0x0000000087600000, 0x0000000087600000| Untracked 
|  47|0x0000000087700000, 0x0000000087700000, 0x0000000087800000|  0%| F|  |TAMS 0x0000000087700000, 0x0000000087700000| Untracked 
|  48|0x0000000087800000, 0x0000000087800000, 0x0000000087900000|  0%| F|  |TAMS 0x0000000087800000, 0x0000000087800000| Untracked 
|  49|0x0000000087900000, 0x0000000087900000, 0x0000000087a00000|  0%| F|  |TAMS 0x0000000087900000, 0x0000000087900000| Untracked 
|  50|0x0000000087a00000, 0x0000000087a00000, 0x0000000087b00000|  0%| F|  |TAMS 0x0000000087a00000, 0x0000000087a00000| Untracked 
|  51|0x0000000087b00000, 0x0000000087b00000, 0x0000000087c00000|  0%| F|  |TAMS 0x0000000087b00000, 0x0000000087b00000| Untracked 
|  52|0x0000000087c00000, 0x0000000087c00000, 0x0000000087d00000|  0%| F|  |TAMS 0x0000000087c00000, 0x0000000087c00000| Untracked 
|  53|0x0000000087d00000, 0x0000000087d00000, 0x0000000087e00000|  0%| F|  |TAMS 0x0000000087d00000, 0x0000000087d00000| Untracked 
|  54|0x0000000087e00000, 0x0000000087e00000, 0x0000000087f00000|  0%| F|  |TAMS 0x0000000087e00000, 0x0000000087e00000| Untracked 
|  55|0x0000000087f00000, 0x0000000087f00000, 0x0000000088000000|  0%| F|  |TAMS 0x0000000087f00000, 0x0000000087f00000| Untracked 
|  56|0x0000000088000000, 0x0000000088000000, 0x0000000088100000|  0%| F|  |TAMS 0x0000000088000000, 0x0000000088000000| Untracked 
|  57|0x0000000088100000, 0x0000000088100000, 0x0000000088200000|  0%| F|  |TAMS 0x0000000088100000, 0x0000000088100000| Untracked 
|  58|0x0000000088200000, 0x0000000088200000, 0x0000000088300000|  0%| F|  |TAMS 0x0000000088200000, 0x0000000088200000| Untracked 
|  59|0x0000000088300000, 0x0000000088300000, 0x0000000088400000|  0%| F|  |TAMS 0x0000000088300000, 0x0000000088300000| Untracked 
|  60|0x0000000088400000, 0x0000000088400000, 0x0000000088500000|  0%| F|  |TAMS 0x0000000088400000, 0x0000000088400000| Untracked 
|  61|0x0000000088500000, 0x0000000088500000, 0x0000000088600000|  0%| F|  |TAMS 0x0000000088500000, 0x0000000088500000| Untracked 
|  62|0x0000000088600000, 0x0000000088600000, 0x0000000088700000|  0%| F|  |TAMS 0x0000000088600000, 0x0000000088600000| Untracked 
|  63|0x0000000088700000, 0x0000000088700000, 0x0000000088800000|  0%| F|  |TAMS 0x0000000088700000, 0x0000000088700000| Untracked 
|  64|0x0000000088800000, 0x0000000088800000, 0x0000000088900000|  0%| F|  |TAMS 0x0000000088800000, 0x0000000088800000| Untracked 
|  65|0x0000000088900000, 0x0000000088900000, 0x0000000088a00000|  0%| F|  |TAMS 0x0000000088900000, 0x0000000088900000| Untracked 
|  66|0x0000000088a00000, 0x0000000088a00000, 0x0000000088b00000|  0%| F|  |TAMS 0x0000000088a00000, 0x0000000088a00000| Untracked 
|  67|0x0000000088b00000, 0x0000000088b00000, 0x0000000088c00000|  0%| F|  |TAMS 0x0000000088b00000, 0x0000000088b00000| Untracked 
|  68|0x0000000088c00000, 0x0000000088c00000, 0x0000000088d00000|  0%| F|  |TAMS 0x0000000088c00000, 0x0000000088c00000| Untracked 
|  69|0x0000000088d00000, 0x0000000088d00000, 0x0000000088e00000|  0%| F|  |TAMS 0x0000000088d00000, 0x0000000088d00000| Untracked 
|  70|0x0000000088e00000, 0x0000000088e00000, 0x0000000088f00000|  0%| F|  |TAMS 0x0000000088e00000, 0x0000000088e00000| Untracked 
|  71|0x0000000088f00000, 0x0000000088f00000, 0x0000000089000000|  0%| F|  |TAMS 0x0000000088f00000, 0x0000000088f00000| Untracked 
|  72|0x0000000089000000, 0x0000000089000000, 0x0000000089100000|  0%| F|  |TAMS 0x0000000089000000, 0x0000000089000000| Untracked 
|  73|0x0000000089100000, 0x0000000089100000, 0x0000000089200000|  0%| F|  |TAMS 0x0000000089100000, 0x0000000089100000| Untracked 
|  74|0x0000000089200000, 0x0000000089200000, 0x0000000089300000|  0%| F|  |TAMS 0x0000000089200000, 0x0000000089200000| Untracked 
|  75|0x0000000089300000, 0x0000000089300000, 0x0000000089400000|  0%| F|  |TAMS 0x0000000089300000, 0x0000000089300000| Untracked 
|  76|0x0000000089400000, 0x0000000089400000, 0x0000000089500000|  0%| F|  |TAMS 0x0000000089400000, 0x0000000089400000| Untracked 
|  77|0x0000000089500000, 0x0000000089500000, 0x0000000089600000|  0%| F|  |TAMS 0x0000000089500000, 0x0000000089500000| Untracked 
|  78|0x0000000089600000, 0x0000000089600000, 0x0000000089700000|  0%| F|  |TAMS 0x0000000089600000, 0x0000000089600000| Untracked 
|  79|0x0000000089700000, 0x0000000089700000, 0x0000000089800000|  0%| F|  |TAMS 0x0000000089700000, 0x0000000089700000| Untracked 
|  80|0x0000000089800000, 0x0000000089800000, 0x0000000089900000|  0%| F|  |TAMS 0x0000000089800000, 0x0000000089800000| Untracked 
|  81|0x0000000089900000, 0x0000000089900000, 0x0000000089a00000|  0%| F|  |TAMS 0x0000000089900000, 0x0000000089900000| Untracked 
|  82|0x0000000089a00000, 0x0000000089a00000, 0x0000000089b00000|  0%| F|  |TAMS 0x0000000089a00000, 0x0000000089a00000| Untracked 
|  83|0x0000000089b00000, 0x0000000089b00000, 0x0000000089c00000|  0%| F|  |TAMS 0x0000000089b00000, 0x0000000089b00000| Untracked 
|  84|0x0000000089c00000, 0x0000000089c00000, 0x0000000089d00000|  0%| F|  |TAMS 0x0000000089c00000, 0x0000000089c00000| Untracked 
|  85|0x0000000089d00000, 0x0000000089d00000, 0x0000000089e00000|  0%| F|  |TAMS 0x0000000089d00000, 0x0000000089d00000| Untracked 
|  86|0x0000000089e00000, 0x0000000089e57b10, 0x0000000089f00000| 34%| S|CS|TAMS 0x0000000089e00000, 0x0000000089e00000| Complete 
|  87|0x0000000089f00000, 0x000000008a000000, 0x000000008a000000|100%| S|CS|TAMS 0x0000000089f00000, 0x0000000089f00000| Complete 
|  88|0x000000008a000000, 0x000000008a100000, 0x000000008a100000|100%| S|CS|TAMS 0x000000008a000000, 0x000000008a000000| Complete 
|  89|0x000000008a100000, 0x000000008a200000, 0x000000008a200000|100%| S|CS|TAMS 0x000000008a100000, 0x000000008a100000| Complete 
|  90|0x000000008a200000, 0x000000008a300000, 0x000000008a300000|100%| S|CS|TAMS 0x000000008a200000, 0x000000008a200000| Complete 
|  91|0x000000008a300000, 0x000000008a400000, 0x000000008a400000|100%| S|CS|TAMS 0x000000008a300000, 0x000000008a300000| Complete 
|  92|0x000000008a400000, 0x000000008a500000, 0x000000008a500000|100%| S|CS|TAMS 0x000000008a400000, 0x000000008a400000| Complete 
|  93|0x000000008a500000, 0x000000008a600000, 0x000000008a600000|100%| S|CS|TAMS 0x000000008a500000, 0x000000008a500000| Complete 
|  94|0x000000008a600000, 0x000000008a600000, 0x000000008a700000|  0%| F|  |TAMS 0x000000008a600000, 0x000000008a600000| Untracked 
|  95|0x000000008a700000, 0x000000008a700000, 0x000000008a800000|  0%| F|  |TAMS 0x000000008a700000, 0x000000008a700000| Untracked 
|  96|0x000000008a800000, 0x000000008a800000, 0x000000008a900000|  0%| F|  |TAMS 0x000000008a800000, 0x000000008a800000| Untracked 
|  97|0x000000008a900000, 0x000000008a900000, 0x000000008aa00000|  0%| F|  |TAMS 0x000000008a900000, 0x000000008a900000| Untracked 
|  98|0x000000008aa00000, 0x000000008aa00000, 0x000000008ab00000|  0%| F|  |TAMS 0x000000008aa00000, 0x000000008aa00000| Untracked 
|  99|0x000000008ab00000, 0x000000008ab00000, 0x000000008ac00000|  0%| F|  |TAMS 0x000000008ab00000, 0x000000008ab00000| Untracked 
| 100|0x000000008ac00000, 0x000000008ac00000, 0x000000008ad00000|  0%| F|  |TAMS 0x000000008ac00000, 0x000000008ac00000| Untracked 
| 101|0x000000008ad00000, 0x000000008ad00000, 0x000000008ae00000|  0%| F|  |TAMS 0x000000008ad00000, 0x000000008ad00000| Untracked 
| 102|0x000000008ae00000, 0x000000008ae00000, 0x000000008af00000|  0%| F|  |TAMS 0x000000008ae00000, 0x000000008ae00000| Untracked 
| 103|0x000000008af00000, 0x000000008af00000, 0x000000008b000000|  0%| F|  |TAMS 0x000000008af00000, 0x000000008af00000| Untracked 
| 104|0x000000008b000000, 0x000000008b0fbc20, 0x000000008b100000| 98%| E|  |TAMS 0x000000008b000000, 0x000000008b000000| Complete 
| 105|0x000000008b100000, 0x000000008b200000, 0x000000008b200000|100%| E|CS|TAMS 0x000000008b100000, 0x000000008b100000| Complete 
| 106|0x000000008b200000, 0x000000008b300000, 0x000000008b300000|100%| E|CS|TAMS 0x000000008b200000, 0x000000008b200000| Complete 
| 107|0x000000008b300000, 0x000000008b400000, 0x000000008b400000|100%| E|CS|TAMS 0x000000008b300000, 0x000000008b300000| Complete 
| 108|0x000000008b400000, 0x000000008b500000, 0x000000008b500000|100%| E|CS|TAMS 0x000000008b400000, 0x000000008b400000| Complete 
| 109|0x000000008b500000, 0x000000008b600000, 0x000000008b600000|100%| E|CS|TAMS 0x000000008b500000, 0x000000008b500000| Complete 
| 110|0x000000008b600000, 0x000000008b700000, 0x000000008b700000|100%| E|CS|TAMS 0x000000008b600000, 0x000000008b600000| Complete 
| 111|0x000000008b700000, 0x000000008b800000, 0x000000008b800000|100%| E|  |TAMS 0x000000008b700000, 0x000000008b700000| Complete 
| 112|0x000000008b800000, 0x000000008b900000, 0x000000008b900000|100%| E|CS|TAMS 0x000000008b800000, 0x000000008b800000| Complete 
| 113|0x000000008b900000, 0x000000008ba00000, 0x000000008ba00000|100%| E|CS|TAMS 0x000000008b900000, 0x000000008b900000| Complete 
| 114|0x000000008ba00000, 0x000000008bb00000, 0x000000008bb00000|100%| E|CS|TAMS 0x000000008ba00000, 0x000000008ba00000| Complete 
| 115|0x000000008bb00000, 0x000000008bc00000, 0x000000008bc00000|100%| E|CS|TAMS 0x000000008bb00000, 0x000000008bb00000| Complete 
| 116|0x000000008bc00000, 0x000000008bd00000, 0x000000008bd00000|100%| E|CS|TAMS 0x000000008bc00000, 0x000000008bc00000| Complete 
| 117|0x000000008bd00000, 0x000000008be00000, 0x000000008be00000|100%| E|CS|TAMS 0x000000008bd00000, 0x000000008bd00000| Complete 
| 118|0x000000008be00000, 0x000000008bf00000, 0x000000008bf00000|100%| E|CS|TAMS 0x000000008be00000, 0x000000008be00000| Complete 
| 119|0x000000008bf00000, 0x000000008c000000, 0x000000008c000000|100%| E|CS|TAMS 0x000000008bf00000, 0x000000008bf00000| Complete 
| 120|0x000000008c000000, 0x000000008c100000, 0x000000008c100000|100%| E|CS|TAMS 0x000000008c000000, 0x000000008c000000| Complete 
| 121|0x000000008c100000, 0x000000008c200000, 0x000000008c200000|100%| E|CS|TAMS 0x000000008c100000, 0x000000008c100000| Complete 
| 122|0x000000008c200000, 0x000000008c300000, 0x000000008c300000|100%| E|CS|TAMS 0x000000008c200000, 0x000000008c200000| Complete 
| 123|0x000000008c300000, 0x000000008c400000, 0x000000008c400000|100%| E|CS|TAMS 0x000000008c300000, 0x000000008c300000| Complete 

Card table byte_map: [0x00000196fd6d0000,0x00000196fdab0000] _byte_map_base: 0x00000196fd2ac000

Marking Bits (Prev, Next): (CMBitMap*) 0x00000196e567c940, (CMBitMap*) 0x00000196e567c908
 Prev Bits: [0x0000019680000000, 0x0000019681ee0000)
 Next Bits: [0x00000196fde90000, 0x00000196ffd70000)

Polling page: 0x00000196e4de0000

Metaspace:

Usage:
  Non-class:     21.74 MB capacity,    21.25 MB ( 98%) used,   399.12 KB (  2%) free+waste,    96.38 KB ( <1%) overhead. 
      Class:      3.34 MB capacity,     2.99 MB ( 90%) used,   308.19 KB (  9%) free+waste,    49.50 KB (  1%) overhead. 
       Both:     25.07 MB capacity,    24.24 MB ( 97%) used,   707.31 KB (  3%) free+waste,   145.88 KB ( <1%) overhead. 

Virtual space:
  Non-class space:       22.00 MB reserved,      21.92 MB (>99%) committed 
      Class space:        1.00 GB reserved,       3.38 MB ( <1%) committed 
             Both:        1.02 GB reserved,      25.30 MB (  2%) committed 

Chunk freelists:
   Non-Class:  0 bytes
       Class:  0 bytes
        Both:  0 bytes

MaxMetaspaceSize: 17179869184.00 GB
CompressedClassSpaceSize: 1.00 GB
Initial GC threshold: 20.80 MB
Current GC threshold: 35.08 MB
CDS: off

CodeHeap 'non-profiled nmethods': size=120000Kb used=1125Kb max_used=1125Kb free=118875Kb
 bounds [0x00000196f5870000, 0x00000196f5ae0000, 0x00000196fcda0000]
CodeHeap 'profiled nmethods': size=120000Kb used=5257Kb max_used=5257Kb free=114742Kb
 bounds [0x00000196ee340000, 0x00000196ee870000, 0x00000196f5870000]
CodeHeap 'non-nmethods': size=5760Kb used=1438Kb max_used=1463Kb free=4321Kb
 bounds [0x00000196edda0000, 0x00000196ee010000, 0x00000196ee340000]
 total_blobs=3522 nmethods=2743 adapters=690
 compilation: enabled
              stopped_count=0, restarted_count=0
 full_count=0

Compilation events (20 events):
Event: 7.075 Thread 0x00000196851e1000 2734       3       com.sun.javafx.geom.transform.Affine3D::setTransform (101 bytes)
Event: 7.075 Thread 0x00000196851e1000 nmethod 2734 0x00000196ee85b590 code [0x00000196ee85b800, 0x00000196ee85c2a8]
Event: 7.075 Thread 0x00000196851e1000 2735       3       com.sun.prism.impl.ps.BaseShaderContext::checkState (211 bytes)
Event: 7.075 Thread 0x00000196851e1000 nmethod 2735 0x00000196ee85c490 code [0x00000196ee85c7a0, 0x00000196ee85dcc8]
Event: 7.076 Thread 0x00000196851e1000 2736       3       com.sun.prism.d3d.D3DTextureResource::isValid (28 bytes)
Event: 7.076 Thread 0x00000196851e1000 nmethod 2736 0x00000196ee85e310 code [0x00000196ee85e4c0, 0x00000196ee85e7d8]
Event: 7.152 Thread 0x00000196851e1000 2737       3       com.sun.scenario.animation.AbstractPrimaryTimer::nanos (37 bytes)
Event: 7.152 Thread 0x00000196851e1000 nmethod 2737 0x00000196ee85e890 code [0x00000196ee85ea40, 0x00000196ee85ec38]
Event: 7.155 Thread 0x00000196851e1000 2738       3       java.lang.ClassLoader::definePackage (84 bytes)
Event: 7.155 Thread 0x00000196851e1000 nmethod 2738 0x00000196ee85ed10 code [0x00000196ee85f060, 0x00000196ee860768]
Event: 7.172 Thread 0x00000196851e1000 2739   !   3       java.nio.CharBuffer::wrap (20 bytes)
Event: 7.172 Thread 0x00000196851dc000 2742       4       java.nio.Buffer::remaining (20 bytes)
Event: 7.172 Thread 0x00000196851e1000 nmethod 2739 0x00000196ee860d90 code [0x00000196ee860f80, 0x00000196ee861358]
Event: 7.172 Thread 0x00000196851e1000 2740       3       java.nio.HeapCharBuffer::<init> (21 bytes)
Event: 7.172 Thread 0x00000196851e1000 nmethod 2740 0x00000196ee861590 code [0x00000196ee861760, 0x00000196ee861988]
Event: 7.172 Thread 0x00000196851e1000 2741       3       java.nio.CharBuffer::arrayOffset (35 bytes)
Event: 7.172 Thread 0x00000196851e1000 nmethod 2741 0x00000196ee861b10 code [0x00000196ee861ce0, 0x00000196ee861f98]
Event: 7.172 Thread 0x00000196851e1000 2743       3       java.io.BufferedWriter::ensureOpen (18 bytes)
Event: 7.172 Thread 0x00000196851dc000 nmethod 2742 0x00000196f5989110 code [0x00000196f59892a0, 0x00000196f5989318]
Event: 7.173 Thread 0x00000196851e1000 nmethod 2743 0x00000196ee862110 code [0x00000196ee8622e0, 0x00000196ee8624e8]

GC Heap History (4 events):
Event: 1.144 GC heap before
{Heap before GC invocations=0 (full 0):
 garbage-first heap   total 126976K, used 23552K [0x0000000084800000, 0x0000000100000000)
  region size 1024K, 24 young (24576K), 0 survivors (0K)
 Metaspace       used 12368K, capacity 12769K, committed 13056K, reserved 1060864K
  class space    used 1308K, capacity 1460K, committed 1536K, reserved 1048576K
}
Event: 1.147 GC heap after
{Heap after GC invocations=1 (full 0):
 garbage-first heap   total 126976K, used 2845K [0x0000000084800000, 0x0000000100000000)
  region size 1024K, 3 young (3072K), 3 survivors (3072K)
 Metaspace       used 12368K, capacity 12769K, committed 13056K, reserved 1060864K
  class space    used 1308K, capacity 1460K, committed 1536K, reserved 1048576K
}
Event: 1.912 GC heap before
{Heap before GC invocations=1 (full 0):
 garbage-first heap   total 126976K, used 29469K [0x0000000084800000, 0x0000000100000000)
  region size 1024K, 30 young (30720K), 3 survivors (3072K)
 Metaspace       used 20560K, capacity 21182K, committed 21296K, reserved 1069056K
  class space    used 2394K, capacity 2659K, committed 2688K, reserved 1048576K
}
Event: 1.917 GC heap after
{Heap after GC invocations=2 (full 0):
 garbage-first heap   total 126976K, used 7518K [0x0000000084800000, 0x0000000100000000)
  region size 1024K, 8 young (8192K), 8 survivors (8192K)
 Metaspace       used 20560K, capacity 21182K, committed 21296K, reserved 1069056K
  class space    used 2394K, capacity 2659K, committed 2688K, reserved 1048576K
}

Deoptimization events (20 events):
Event: 2.485 Thread 0x000001968580d000 Uncommon trap: trap_request=0xffffff4d fr.pc=0x00000196f58dc06c relative=0x000000000000020c
Event: 2.485 Thread 0x000001968580d000 Uncommon trap: reason=unstable_if action=reinterpret pc=0x00000196f58dc06c method=java.lang.invoke.LambdaForm$BasicType.basicType(C)Ljava/lang/invoke/LambdaForm$BasicType; @ 1 c2
Event: 2.485 Thread 0x000001968580d000 DEOPT PACKING pc=0x00000196f58dc06c sp=0x00000096054fb990
Event: 2.485 Thread 0x000001968580d000 DEOPT UNPACKING pc=0x00000196eddea1af sp=0x00000096054fb878 mode 2
Event: 3.512 Thread 0x00000196864e1000 Uncommon trap: trap_request=0xffffff4d fr.pc=0x00000196f58e2a94 relative=0x00000000000002f4
Event: 3.512 Thread 0x00000196864e1000 Uncommon trap: reason=unstable_if action=reinterpret pc=0x00000196f58e2a94 method=java.lang.StringUTF16.compress([CI[BII)I @ 20 c2
Event: 3.512 Thread 0x00000196864e1000 DEOPT PACKING pc=0x00000196f58e2a94 sp=0x00000096059fa410
Event: 3.512 Thread 0x00000196864e1000 DEOPT UNPACKING pc=0x00000196eddea1af sp=0x00000096059fa390 mode 2
Event: 3.934 Thread 0x00000196864e1000 Uncommon trap: trap_request=0xffffff4d fr.pc=0x00000196f591af44 relative=0x00000000000041c4
Event: 3.934 Thread 0x00000196864e1000 Uncommon trap: reason=unstable_if action=reinterpret pc=0x00000196f591af44 method=javafx.css.CssLexer.getToken()Lcom/sun/javafx/css/parser/Token; @ 205 c2
Event: 3.934 Thread 0x00000196864e1000 DEOPT PACKING pc=0x00000196f591af44 sp=0x00000096059fa6d0
Event: 3.934 Thread 0x00000196864e1000 DEOPT UNPACKING pc=0x00000196eddea1af sp=0x00000096059fa6a8 mode 2
Event: 5.343 Thread 0x00000196864e1000 Uncommon trap: trap_request=0xffffff4d fr.pc=0x00000196f596886c relative=0x0000000000000c0c
Event: 5.343 Thread 0x00000196864e1000 Uncommon trap: reason=unstable_if action=reinterpret pc=0x00000196f596886c method=javafx.scene.Node.intersectsBounds(Lcom/sun/javafx/geom/PickRay;)D @ 95 c2
Event: 5.343 Thread 0x00000196864e1000 DEOPT PACKING pc=0x00000196f596886c sp=0x00000096059f3ae0
Event: 5.343 Thread 0x00000196864e1000 DEOPT UNPACKING pc=0x00000196eddea1af sp=0x00000096059f39a8 mode 2
Event: 5.927 Thread 0x00000196864e1000 Uncommon trap: trap_request=0xffffff76 fr.pc=0x00000196f5979410 relative=0x00000000000001f0
Event: 5.927 Thread 0x00000196864e1000 Uncommon trap: reason=loop_limit_check action=maybe_recompile pc=0x00000196f5979410 method=javafx.scene.Parent.pickChildrenNode(Lcom/sun/javafx/geom/PickRay;Lcom/sun/javafx/scene/input/PickResultChooser;)Z @ 17 c2
Event: 5.927 Thread 0x00000196864e1000 DEOPT PACKING pc=0x00000196f5979410 sp=0x00000096059f3dd0
Event: 5.927 Thread 0x00000196864e1000 DEOPT UNPACKING pc=0x00000196eddea1af sp=0x00000096059f3b80 mode 2

Classes redefined (0 events):
No events

Internal exceptions (20 events):
Event: 1.522 Thread 0x00000196864e1000 Exception <a 'java/lang/NoSuchMethodError'{0x000000008b3dd290}: 'void java.lang.invoke.DirectMethodHandle$Holder.invokeStaticInit(java.lang.Object, java.lang.Object)'> (0x000000008b3dd290) thrown at [s\src\hotspot\share\interpreter\linkResolver.cpp, line 773]
Event: 1.528 Thread 0x00000196864e1000 Exception <a 'java/lang/NoSuchMethodError'{0x000000008b25ea88}: 'void java.lang.invoke.DirectMethodHandle$Holder.invokeSpecial(java.lang.Object, java.lang.Object, java.lang.Object, java.lang.Object, java.lang.Object)'> (0x000000008b25ea88) thrown at [s\src\hotspot\share\interpreter\linkResolver.cpp, line 773]
Event: 1.556 Thread 0x00000196864e1000 Exception <a 'java/io/FileNotFoundException'{0x000000008b1de470}> (0x000000008b1de470) thrown at [s\src\hotspot\share\prims\jni.cpp, line 617]
Event: 1.565 Thread 0x00000196864e1000 Implicit null exception at 0x00000196f58fc315 to 0x00000196f58fc70c
Event: 1.565 Thread 0x00000196864e1000 Implicit null exception at 0x00000196f58924f8 to 0x00000196f589258a
Event: 1.569 Thread 0x00000196864e1000 Implicit null exception at 0x00000196f589042f to 0x00000196f589049d
Event: 1.951 Thread 0x00000196864e1000 Exception <a 'java/lang/ClassNotFoundException'{0x000000008c2d37e0}: com/sun/javafx/scene/control/skin/resources/controls> (0x000000008c2d37e0) thrown at [s\src\hotspot\share\prims\jni.cpp, line 638]
Event: 1.951 Thread 0x00000196864e1000 Exception <a 'java/lang/ClassNotFoundException'{0x000000008c2e17d8}: com/sun/javafx/scene/control/skin/resources/controls_es> (0x000000008c2e17d8) thrown at [s\src\hotspot\share\prims\jni.cpp, line 638]
Event: 1.952 Thread 0x00000196864e1000 Exception <a 'java/lang/ClassNotFoundException'{0x000000008c2ef490}: com/sun/javafx/scene/control/skin/resources/controls_es_MX> (0x000000008c2ef490) thrown at [s\src\hotspot\share\prims\jni.cpp, line 638]
Event: 1.980 Thread 0x00000196864e1000 Exception <a 'java/lang/NoSuchMethodError'{0x000000008c0a35d0}: 'void java.lang.invoke.DirectMethodHandle$Holder.invokeSpecial(java.lang.Object, java.lang.Object, java.lang.Object, java.lang.Object, java.lang.Object, java.lang.Object)'> (0x000000008c0a35d0) thrown at [s\src\hotspot\share\interpreter\linkResolver.cpp, line 773]
Event: 2.004 Thread 0x00000196864e1000 Exception <a 'java/lang/NoSuchMethodError'{0x000000008bd0bc10}: 'java.lang.Object java.lang.invoke.DirectMethodHandle$Holder.invokeInterface(java.lang.Object, java.lang.Object, java.lang.Object)'> (0x000000008bd0bc10) thrown at [s\src\hotspot\share\interpreter\linkResolver.cpp, line 773]
Event: 2.005 Thread 0x00000196864e1000 Exception <a 'java/lang/IncompatibleClassChangeError'{0x000000008bd0edc8}: Found class java.lang.Object, but interface was expected> (0x000000008bd0edc8) thrown at [s\src\hotspot\share\interpreter\linkResolver.cpp, line 839]
Event: 2.083 Thread 0x00000196864e1000 Exception <a 'java/lang/NoSuchMethodError'{0x000000008ba730b8}: 'long java.lang.invoke.DirectMethodHandle$Holder.invokeStaticInit(java.lang.Object, java.lang.Object, java.lang.Object)'> (0x000000008ba730b8) thrown at [s\src\hotspot\share\interpreter\linkResolver.cpp, line 773]
Event: 2.085 Thread 0x00000196864e1000 Exception <a 'java/lang/NoSuchMethodError'{0x000000008ba8b700}: 'java.lang.Object java.lang.invoke.DirectMethodHandle$Holder.invokeStatic(java.lang.Object, java.lang.Object, long)'> (0x000000008ba8b700) thrown at [s\src\hotspot\share\interpreter\linkResolver.cpp, line 773]
Event: 2.085 Thread 0x00000196864e1000 Exception <a 'java/lang/NoSuchMethodError'{0x000000008ba91878}: 'java.lang.Object java.lang.invoke.Invokers$Holder.linkToTargetMethod(java.lang.Object, long, java.lang.Object)'> (0x000000008ba91878) thrown at [s\src\hotspot\share\interpreter\linkResolver.cpp, line 773]
Event: 2.095 Thread 0x000001968580d000 Exception <a 'java/lang/NoSuchMethodError'{0x000000008b905250}: 'int java.lang.invoke.DirectMethodHandle$Holder.invokeStaticInit(java.lang.Object, java.lang.Object)'> (0x000000008b905250) thrown at [s\src\hotspot\share\interpreter\linkResolver.cpp, line 773]
Event: 5.235 Thread 0x00000196864e1000 Exception <a 'java/lang/NoSuchMethodError'{0x000000008b2a95c0}: 'java.lang.Object java.lang.invoke.DirectMethodHandle$Holder.invokeStatic(java.lang.Object, java.lang.Object, int, int, int, int, int, java.lang.Object)'> (0x000000008b2a95c0) thrown at [s\src\hotspot\share\interpreter\linkResolver.cpp, line 773]
Event: 5.237 Thread 0x00000196864e1000 Exception <a 'java/lang/NoSuchMethodError'{0x000000008b2ba4d8}: 'java.lang.Object java.lang.invoke.DirectMethodHandle$Holder.invokeStatic(java.lang.Object, java.lang.Object, java.lang.Object, int, int, int, int, int)'> (0x000000008b2ba4d8) thrown at [s\src\hotspot\share\interpreter\linkResolver.cpp, line 773]
Event: 5.237 Thread 0x00000196864e1000 Exception <a 'java/lang/NoSuchMethodError'{0x000000008b2c1298}: 'java.lang.Object java.lang.invoke.Invokers$Holder.linkToTargetMethod(java.lang.Object, java.lang.Object, int, int, int, int, int, java.lang.Object)'> (0x000000008b2c1298) thrown at [s\src\hotspot\share\interpreter\linkResolver.cpp, line 773]
Event: 7.168 Thread 0x00000196864e1000 Exception <a 'java/lang/IllegalArgumentException'{0x000000008b078830}> (0x000000008b078830) thrown at [s\src\hotspot\share\prims\jvm.cpp, line 1310]

Events (20 events):
Event: 6.394 loading class com/sun/javafx/tk/quantum/GlassScene
Event: 6.394 loading class com/sun/javafx/tk/quantum/GlassScene done
Event: 6.394 loading class com/sun/javafx/tk/quantum/WindowStage
Event: 6.394 loading class com/sun/javafx/tk/quantum/WindowStage done
Event: 6.395 loading class com/sun/prism/GraphicsResource
Event: 6.395 loading class com/sun/prism/GraphicsResource done
Event: 6.395 loading class com/sun/prism/GraphicsResource
Event: 6.395 loading class com/sun/prism/GraphicsResource done
Event: 6.395 loading class com/sun/javafx/tk/quantum/ViewScene
Event: 6.395 loading class com/sun/javafx/tk/quantum/ViewScene done
Event: 6.395 loading class com/sun/javafx/tk/quantum/WindowStage
Event: 6.395 loading class com/sun/javafx/tk/quantum/WindowStage done
Event: 7.155 loading class javafx/application/Application
Event: 7.155 loading class javafx/application/Application done
Event: 7.155 loading class javafx/application/Application
Event: 7.155 loading class javafx/application/Application done
Event: 7.168 loading class java/lang/Throwable$WrappedPrintStream
Event: 7.171 loading class java/lang/Throwable$PrintStreamOrWriter
Event: 7.171 loading class java/lang/Throwable$PrintStreamOrWriter done
Event: 7.171 loading class java/lang/Throwable$WrappedPrintStream done


Dynamic libraries:
0x00007ff745d10000 - 0x00007ff745d1e000 	C:\Users\alonh\.jdks\corretto-11.0.22\bin\java.exe
0x00007ff810f50000 - 0x00007ff811167000 	C:\Windows\SYSTEM32\ntdll.dll
0x00007ff810330000 - 0x00007ff8103f4000 	C:\Windows\System32\KERNEL32.DLL
0x00007ff80e6c0000 - 0x00007ff80ea66000 	C:\Windows\System32\KERNELBASE.dll
0x0000000075900000 - 0x0000000075c32000 	C:\Program Files\Norton Security\NortonData\22.23.5.106\Definitions\IPSDefs\20231207.064\IPSEng64.dll
0x00007ff80eca0000 - 0x00007ff80ed53000 	C:\Windows\System32\ADVAPI32.dll
0x00007ff810510000 - 0x00007ff8105b7000 	C:\Windows\System32\msvcrt.dll
0x00007ff810400000 - 0x00007ff8104a8000 	C:\Windows\System32\sechost.dll
0x00007ff80e3e0000 - 0x00007ff80e408000 	C:\Windows\System32\bcrypt.dll
0x00007ff80ef70000 - 0x00007ff80f087000 	C:\Windows\System32\RPCRT4.dll
0x00007ff80edf0000 - 0x00007ff80edf8000 	C:\Windows\System32\PSAPI.DLL
0x00007ff80e2c0000 - 0x00007ff80e3d1000 	C:\Windows\System32\ucrtbase.dll
0x00007fffde380000 - 0x00007fffde397000 	C:\Users\alonh\.jdks\corretto-11.0.22\bin\jli.dll
0x00007fffde360000 - 0x00007fffde37b000 	C:\Users\alonh\.jdks\corretto-11.0.22\bin\VCRUNTIME140.dll
0x00007ff810720000 - 0x00007ff8108ce000 	C:\Windows\System32\USER32.dll
0x00007ff80e290000 - 0x00007ff80e2b6000 	C:\Windows\System32\win32u.dll
0x00007fffe7080000 - 0x00007fffe7313000 	C:\Windows\WinSxS\amd64_microsoft.windows.common-controls_6595b64144ccf1df_6.0.22621.2506_none_270c5ae97388e100\COMCTL32.dll
0x00007ff8108d0000 - 0x00007ff8108f9000 	C:\Windows\System32\GDI32.dll
0x00007ff80e520000 - 0x00007ff80e638000 	C:\Windows\System32\gdi32full.dll
0x00007ff80e480000 - 0x00007ff80e51a000 	C:\Windows\System32\msvcp_win.dll
0x00007ff810a30000 - 0x00007ff810a61000 	C:\Windows\System32\IMM32.DLL
0x00007fffe0860000 - 0x00007fffe086c000 	C:\Users\alonh\.jdks\corretto-11.0.22\bin\vcruntime140_1.dll
0x00007fff8aa10000 - 0x00007fff8aa9d000 	C:\Users\alonh\.jdks\corretto-11.0.22\bin\msvcp140.dll
0x00007fff3ceb0000 - 0x00007fff3da73000 	C:\Users\alonh\.jdks\corretto-11.0.22\bin\server\jvm.dll
0x00007ff803670000 - 0x00007ff80367a000 	C:\Windows\SYSTEM32\VERSION.dll
0x00007fffd3c10000 - 0x00007fffd3c19000 	C:\Windows\SYSTEM32\WSOCK32.dll
0x00007ff8105c0000 - 0x00007ff810631000 	C:\Windows\System32\WS2_32.dll
0x00007ff8004c0000 - 0x00007ff8004f4000 	C:\Windows\SYSTEM32\WINMM.dll
0x00007ff80d390000 - 0x00007ff80d3a8000 	C:\Windows\SYSTEM32\kernel.appcore.dll
0x00007fffde350000 - 0x00007fffde360000 	C:\Users\alonh\.jdks\corretto-11.0.22\bin\verify.dll
0x00007ff80bc50000 - 0x00007ff80be83000 	C:\Windows\SYSTEM32\DBGHELP.DLL
0x00007ff80f2c0000 - 0x00007ff80f649000 	C:\Windows\System32\combase.dll
0x00007ff810640000 - 0x00007ff810717000 	C:\Windows\System32\OLEAUT32.dll
0x00007ff802030000 - 0x00007ff802062000 	C:\Windows\SYSTEM32\dbgcore.DLL
0x00007ff80e640000 - 0x00007ff80e6ba000 	C:\Windows\System32\bcryptPrimitives.dll
0x00007fffde270000 - 0x00007fffde298000 	C:\Users\alonh\.jdks\corretto-11.0.22\bin\java.dll
0x00007fffde340000 - 0x00007fffde34a000 	C:\Users\alonh\.jdks\corretto-11.0.22\bin\jimage.dll
0x00007fffca210000 - 0x00007fffca21e000 	C:\Users\alonh\.jdks\corretto-11.0.22\bin\instrument.dll
0x00007fffde250000 - 0x00007fffde268000 	C:\Users\alonh\.jdks\corretto-11.0.22\bin\zip.dll
0x00007ff80f950000 - 0x00007ff8101aa000 	C:\Windows\System32\SHELL32.dll
0x00007ff80c1a0000 - 0x00007ff80ca96000 	C:\Windows\SYSTEM32\windows.storage.dll
0x00007ff80c060000 - 0x00007ff80c19e000 	C:\Windows\SYSTEM32\wintypes.dll
0x00007ff80f840000 - 0x00007ff80f933000 	C:\Windows\System32\SHCORE.dll
0x00007ff810910000 - 0x00007ff81096e000 	C:\Windows\System32\shlwapi.dll
0x00007ff80e1c0000 - 0x00007ff80e1e6000 	C:\Windows\SYSTEM32\profapi.dll
0x00007fffb8e90000 - 0x00007fffb8ea9000 	C:\Users\alonh\.jdks\corretto-11.0.22\bin\net.dll
0x00007ff807940000 - 0x00007ff807a77000 	C:\Windows\SYSTEM32\WINHTTP.dll
0x00007ff80d830000 - 0x00007ff80d899000 	C:\Windows\system32\mswsock.dll
0x00007fffb6a80000 - 0x00007fffb6a92000 	C:\Users\alonh\.jdks\corretto-11.0.22\bin\nio.dll
0x00007fffb5580000 - 0x00007fffb559a000 	C:\Users\alonh\AppData\Local\Programs\IntelliJ IDEA Ultimate\bin\breakgen64.dll
0x00000196fff90000 - 0x00000196fff93000 	C:\Users\alonh\.openjfx\cache\17.0.6\api-ms-win-core-console-l1-1-0.dll
0x00000196fffa0000 - 0x00000196fffa3000 	C:\Users\alonh\.openjfx\cache\17.0.6\api-ms-win-core-console-l1-2-0.dll
0x00000196fffb0000 - 0x00000196fffb3000 	C:\Users\alonh\.openjfx\cache\17.0.6\api-ms-win-core-datetime-l1-1-0.dll
0x00000196fffc0000 - 0x00000196fffc3000 	C:\Users\alonh\.openjfx\cache\17.0.6\api-ms-win-core-debug-l1-1-0.dll
0x00000196fffd0000 - 0x00000196fffd3000 	C:\Users\alonh\.openjfx\cache\17.0.6\api-ms-win-core-errorhandling-l1-1-0.dll
0x00000196fffe0000 - 0x00000196fffe4000 	C:\Users\alonh\.openjfx\cache\17.0.6\api-ms-win-core-file-l1-1-0.dll
0x00000196ffff0000 - 0x00000196ffff3000 	C:\Users\alonh\.openjfx\cache\17.0.6\api-ms-win-core-file-l1-2-0.dll
0x0000019686e60000 - 0x0000019686e63000 	C:\Users\alonh\.openjfx\cache\17.0.6\api-ms-win-core-file-l2-1-0.dll
0x0000019686e70000 - 0x0000019686e73000 	C:\Users\alonh\.openjfx\cache\17.0.6\api-ms-win-core-handle-l1-1-0.dll
0x0000019686e80000 - 0x0000019686e83000 	C:\Users\alonh\.openjfx\cache\17.0.6\api-ms-win-core-heap-l1-1-0.dll
0x0000019686e90000 - 0x0000019686e93000 	C:\Users\alonh\.openjfx\cache\17.0.6\api-ms-win-core-interlocked-l1-1-0.dll
0x0000019686ea0000 - 0x0000019686ea3000 	C:\Users\alonh\.openjfx\cache\17.0.6\api-ms-win-core-libraryloader-l1-1-0.dll
0x0000019686eb0000 - 0x0000019686eb3000 	C:\Users\alonh\.openjfx\cache\17.0.6\api-ms-win-core-localization-l1-2-0.dll
0x0000019686ec0000 - 0x0000019686ec3000 	C:\Users\alonh\.openjfx\cache\17.0.6\api-ms-win-core-memory-l1-1-0.dll
0x0000019686ed0000 - 0x0000019686ed3000 	C:\Users\alonh\.openjfx\cache\17.0.6\api-ms-win-core-namedpipe-l1-1-0.dll
0x0000019686ee0000 - 0x0000019686ee3000 	C:\Users\alonh\.openjfx\cache\17.0.6\api-ms-win-core-processenvironment-l1-1-0.dll
0x0000019686ef0000 - 0x0000019686ef3000 	C:\Users\alonh\.openjfx\cache\17.0.6\api-ms-win-core-processthreads-l1-1-0.dll
0x0000019686f00000 - 0x0000019686f03000 	C:\Users\alonh\.openjfx\cache\17.0.6\api-ms-win-core-processthreads-l1-1-1.dll
0x0000019686f10000 - 0x0000019686f13000 	C:\Users\alonh\.openjfx\cache\17.0.6\api-ms-win-core-profile-l1-1-0.dll
0x0000019686f20000 - 0x0000019686f23000 	C:\Users\alonh\.openjfx\cache\17.0.6\api-ms-win-core-rtlsupport-l1-1-0.dll
0x0000019686f30000 - 0x0000019686f33000 	C:\Users\alonh\.openjfx\cache\17.0.6\api-ms-win-core-string-l1-1-0.dll
0x0000019686f40000 - 0x0000019686f43000 	C:\Users\alonh\.openjfx\cache\17.0.6\api-ms-win-core-synch-l1-1-0.dll
0x0000019686f50000 - 0x0000019686f53000 	C:\Users\alonh\.openjfx\cache\17.0.6\api-ms-win-core-synch-l1-2-0.dll
0x0000019686f60000 - 0x0000019686f63000 	C:\Users\alonh\.openjfx\cache\17.0.6\api-ms-win-core-sysinfo-l1-1-0.dll
0x0000019686f70000 - 0x0000019686f73000 	C:\Users\alonh\.openjfx\cache\17.0.6\api-ms-win-core-timezone-l1-1-0.dll
0x0000019686f80000 - 0x0000019686f83000 	C:\Users\alonh\.openjfx\cache\17.0.6\api-ms-win-core-util-l1-1-0.dll
0x0000019686f90000 - 0x0000019686f93000 	C:\Users\alonh\.openjfx\cache\17.0.6\api-ms-win-crt-conio-l1-1-0.dll
0x0000019686fa0000 - 0x0000019686fa4000 	C:\Users\alonh\.openjfx\cache\17.0.6\api-ms-win-crt-convert-l1-1-0.dll
0x00000196871b0000 - 0x00000196871b3000 	C:\Users\alonh\.openjfx\cache\17.0.6\api-ms-win-crt-environment-l1-1-0.dll
0x00000196871c0000 - 0x00000196871c3000 	C:\Users\alonh\.openjfx\cache\17.0.6\api-ms-win-crt-filesystem-l1-1-0.dll
0x00000196871d0000 - 0x00000196871d3000 	C:\Users\alonh\.openjfx\cache\17.0.6\api-ms-win-crt-heap-l1-1-0.dll
0x00000196871e0000 - 0x00000196871e3000 	C:\Users\alonh\.openjfx\cache\17.0.6\api-ms-win-crt-locale-l1-1-0.dll
0x00000196871f0000 - 0x00000196871f5000 	C:\Users\alonh\.openjfx\cache\17.0.6\api-ms-win-crt-math-l1-1-0.dll
0x0000019687200000 - 0x0000019687205000 	C:\Users\alonh\.openjfx\cache\17.0.6\api-ms-win-crt-multibyte-l1-1-0.dll
0x0000019687210000 - 0x0000019687220000 	C:\Users\alonh\.openjfx\cache\17.0.6\api-ms-win-crt-private-l1-1-0.dll
0x0000019687220000 - 0x0000019687223000 	C:\Users\alonh\.openjfx\cache\17.0.6\api-ms-win-crt-process-l1-1-0.dll
0x0000019687230000 - 0x0000019687234000 	C:\Users\alonh\.openjfx\cache\17.0.6\api-ms-win-crt-runtime-l1-1-0.dll
0x0000019687240000 - 0x0000019687244000 	C:\Users\alonh\.openjfx\cache\17.0.6\api-ms-win-crt-stdio-l1-1-0.dll
0x0000019687250000 - 0x0000019687254000 	C:\Users\alonh\.openjfx\cache\17.0.6\api-ms-win-crt-string-l1-1-0.dll
0x0000019687260000 - 0x0000019687263000 	C:\Users\alonh\.openjfx\cache\17.0.6\api-ms-win-crt-time-l1-1-0.dll
0x0000019687270000 - 0x0000019687273000 	C:\Users\alonh\.openjfx\cache\17.0.6\api-ms-win-crt-utility-l1-1-0.dll
0x00007fff5c510000 - 0x00007fff5c60c000 	C:\Users\alonh\.openjfx\cache\17.0.6\ucrtbase.dll
0x00007fffb5560000 - 0x00007fffb557a000 	C:\Users\alonh\.openjfx\cache\17.0.6\vcruntime140.dll
0x00007fffbd750000 - 0x00007fffbd75c000 	C:\Users\alonh\.openjfx\cache\17.0.6\vcruntime140_1.dll
0x00007fff5c930000 - 0x00007fff5c9bd000 	C:\Users\alonh\.openjfx\cache\17.0.6\msvcp140.dll
0x00007fffb9c60000 - 0x00007fffb9c69000 	C:\Users\alonh\.openjfx\cache\17.0.6\msvcp140_1.dll
0x00007fffb30d0000 - 0x00007fffb30ff000 	C:\Users\alonh\.openjfx\cache\17.0.6\msvcp140_2.dll
0x00007fffab0d0000 - 0x00007fffab0fa000 	C:\Users\alonh\.openjfx\cache\17.0.6\prism_d3d.dll
0x00007fffe0620000 - 0x00007fffe07c9000 	C:\Windows\system32\d3d9.dll
0x00007ff80b540000 - 0x00007ff80b56b000 	C:\Windows\SYSTEM32\dwmapi.dll
0x00007ff80b3d0000 - 0x00007ff80b406000 	C:\Windows\SYSTEM32\dxcore.dll
0x00007ff80b220000 - 0x00007ff80b2cb000 	C:\Windows\system32\uxtheme.dll
0x00007ffff4630000 - 0x00007ffff46e0000 	C:\Windows\SYSTEM32\d3d9on12.dll
0x00007ffff4600000 - 0x00007ffff4629000 	C:\Windows\SYSTEM32\d3d12.dll
0x00007ff80b410000 - 0x00007ff80b508000 	C:\Windows\SYSTEM32\dxgi.dll
0x00007ff80dfb0000 - 0x00007ff80dffe000 	C:\Windows\SYSTEM32\cfgmgr32.dll
0x00007fffe4330000 - 0x00007fffe4533000 	C:\Windows\SYSTEM32\D3D12Core.dll
0x00007ffff45d0000 - 0x00007ffff45f7000 	C:\Windows\System32\DriverStore\FileRepository\iigd_dch.inf_amd64_ce2a84db4d20c228\igd12umd64.dll
0x00007fffb2110000 - 0x00007fffb305b000 	C:\Windows\System32\DriverStore\FileRepository\iigd_dch.inf_amd64_ce2a84db4d20c228\igd12um64xel.dll
0x00007ff80eb30000 - 0x00007ff80ec96000 	C:\Windows\System32\CRYPT32.dll
0x00007ff80f650000 - 0x00007ff80f7f0000 	C:\Windows\System32\ole32.dll
0x00007fffdd400000 - 0x00007fffdd444000 	C:\Windows\SYSTEM32\ControlLib.dll
0x00007ff810a70000 - 0x00007ff810ee4000 	C:\Windows\System32\SETUPAPI.dll
0x00007ff80df50000 - 0x00007ff80df7c000 	C:\Windows\SYSTEM32\DEVOBJ.dll
0x00007ff800060000 - 0x00007ff8000e8000 	C:\Windows\System32\DriverStore\FileRepository\iigd_dch.inf_amd64_ce2a84db4d20c228\IntelControlLib.dll
0x00007ff80e410000 - 0x00007ff80e47b000 	C:\Windows\System32\WINTRUST.dll
0x00007ff80df30000 - 0x00007ff80df42000 	C:\Windows\SYSTEM32\MSASN1.dll
0x00007ff807290000 - 0x00007ff8072da000 	C:\Windows\SYSTEM32\directxdatabasehelper.dll
0x00007ffffbde0000 - 0x00007ffffc1b4000 	C:\Windows\System32\DriverStore\FileRepository\iigd_dch.inf_amd64_ce2a84db4d20c228\igdgmm64.dll
0x00007ffff7fc0000 - 0x00007ffffbdd2000 	C:\Windows\System32\DriverStore\FileRepository\iigd_dch.inf_amd64_ce2a84db4d20c228\igc64.dll
0x00007fffc1120000 - 0x00007fffc114f000 	C:\Windows\SYSTEM32\D3DSCache.dll
0x00007ff80d920000 - 0x00007ff80d94c000 	C:\Windows\SYSTEM32\USERENV.dll
0x00007fffb0360000 - 0x00007fffb170d000 	C:\Windows\System32\DriverStore\FileRepository\iigd_dch.inf_amd64_ce2a84db4d20c228\igd12dxva64.dll
0x00007fffae640000 - 0x00007fffb0360000 	C:\Windows\System32\DriverStore\FileRepository\iigd_dch.inf_amd64_ce2a84db4d20c228\media_bin_64.dll
0x00007fffc0e20000 - 0x00007fffc0e47000 	C:\Windows\System32\DriverStore\FileRepository\iigd_dch.inf_amd64_ce2a84db4d20c228\igdinfo64.dll
0x00007ff801ab0000 - 0x00007ff801d35000 	C:\Windows\SYSTEM32\twinapi.appcore.dll
0x00007fffa8980000 - 0x00007fffa89c2000 	C:\Users\alonh\.openjfx\cache\17.0.6\glass.dll
0x00007ff8101b0000 - 0x00007ff8102a9000 	C:\Windows\System32\COMDLG32.dll

dbghelp: loaded successfully - version: 4.0.5 - missing functions: none
symbol engine: initialized successfully - sym options: 0x614 - pdb path: .;C:\Users\alonh\.jdks\corretto-11.0.22\bin;C:\Windows\SYSTEM32;C:\Program Files\Norton Security\NortonData\22.23.5.106\Definitions\IPSDefs\20231207.064;C:\Windows\WinSxS\amd64_microsoft.windows.common-controls_6595b64144ccf1df_6.0.22621.2506_none_270c5ae97388e100;C:\Users\alonh\.jdks\corretto-11.0.22\bin\server;C:\Users\alonh\AppData\Local\Programs\IntelliJ IDEA Ultimate\bin;C:\Users\alonh\.openjfx\cache\17.0.6;C:\Windows\System32\DriverStore\FileRepository\iigd_dch.inf_amd64_ce2a84db4d20c228;C:\Program Files\Common Files\Microsoft Shared\Ink

VM Arguments:
jvm_args: -javaagent:C:\Users\alonh\AppData\Local\Programs\IntelliJ IDEA Ultimate\lib\idea_rt.jar=55522:C:\Users\alonh\AppData\Local\Programs\IntelliJ IDEA Ultimate\bin -Dfile.encoding=UTF-8 --module-path=C:\Users\alonh\.m2\repository\org\kordamp\bootstrapfx\bootstrapfx-core\0.4.0\bootstrapfx-core-0.4.0.jar;C:\Users\alonh\.m2\repository\com\dlsc\formsfx\formsfx-core\11.6.0\formsfx-core-11.6.0.jar;C:\Users\alonh\.m2\repository\org\openjfx\javafx-base\17.0.6\javafx-base-17.0.6-win.jar;C:\Users\alonh\IdeaProjects\Joyeria_ProyectoMult\target\classes;C:\Users\alonh\.m2\repository\org\openjfx\javafx-controls\17.0.6\javafx-controls-17.0.6-win.jar;C:\Users\alonh\.m2\repository\net\synedra\validatorfx\0.4.0\validatorfx-0.4.0.jar;C:\Users\alonh\.m2\repository\org\openjfx\javafx-graphics\17.0.6\javafx-graphics-17.0.6-win.jar;C:\Users\alonh\.m2\repository\org\openjfx\javafx-fxml\17.0.6\javafx-fxml-17.0.6-win.jar;C:\Users\alonh\.m2\repository\org\controlsfx\controlsfx\11.1.2\controlsfx-11.1.2.jar -Djdk.module.main=com.eduard034.joyeria_proyectomult 
java_command: com.eduard034.joyeria_proyectomult/com.eduard034.joyeria_proyectomult.JoyeriaApp
java_class_path (initial): C:\Users\alonh\.m2\repository\org\openjfx\javafx-controls\17.0.6\javafx-controls-17.0.6.jar;C:\Users\alonh\.m2\repository\org\openjfx\javafx-graphics\17.0.6\javafx-graphics-17.0.6.jar;C:\Users\alonh\.m2\repository\org\openjfx\javafx-base\17.0.6\javafx-base-17.0.6.jar;C:\Users\alonh\.m2\repository\org\openjfx\javafx-fxml\17.0.6\javafx-fxml-17.0.6.jar
Launcher Type: SUN_STANDARD

[Global flags]
     intx CICompilerCount                          = 4                                         {product} {ergonomic}
     uint ConcGCThreads                            = 3                                         {product} {ergonomic}
     uint G1ConcRefinementThreads                  = 10                                        {product} {ergonomic}
   size_t G1HeapRegionSize                         = 1048576                                   {product} {ergonomic}
    uintx GCDrainStackTargetSize                   = 64                                        {product} {ergonomic}
   size_t InitialHeapSize                          = 130023424                                 {product} {ergonomic}
   size_t MarkStackSize                            = 4194304                                   {product} {ergonomic}
   size_t MaxHeapSize                              = 2071986176                                {product} {ergonomic}
   size_t MaxNewSize                               = 1242562560                                {product} {ergonomic}
   size_t MinHeapDeltaBytes                        = 1048576                                   {product} {ergonomic}
    uintx NonNMethodCodeHeapSize                   = 5836300                                {pd product} {ergonomic}
    uintx NonProfiledCodeHeapSize                  = 122910970                              {pd product} {ergonomic}
    uintx ProfiledCodeHeapSize                     = 122910970                              {pd product} {ergonomic}
    uintx ReservedCodeCacheSize                    = 251658240                              {pd product} {ergonomic}
     bool SegmentedCodeCache                       = true                                      {product} {ergonomic}
     bool UseCompressedClassPointers               = true                                 {lp64_product} {ergonomic}
     bool UseCompressedOops                        = true                                 {lp64_product} {ergonomic}
     bool UseG1GC                                  = true                                      {product} {ergonomic}
     bool UseLargePagesIndividualAllocation        = false                                  {pd product} {ergonomic}

Logging:
Log output configuration:
 #0: stdout all=warning uptime,level,tags
 #1: stderr all=off uptime,level,tags

Environment Variables:
PATH=C:\Program Files\Eclipse Adoptium\jdk-21.0.1.12-hotspot\bin;"C:\Program Files\Common Files\Oracle\Java\javapath;C:\Program Files\Java\jdk-21\bin";C:\Windows\system32;C:\Windows;C:\Windows\System32\Wbem;C:\Windows\System32\WindowsPowerShell\v1.0\;C:\Windows\System32\OpenSSH\;C:\Program Files (x86)\NVIDIA Corporation\PhysX\Common;C:\Program Files\NVIDIA Corporation\NVIDIA NvDLISR;C:\Program Files\Git\cmd;C:\Program Files\dotnet\;C:\Users\alonh\AppData\Local\Microsoft\WindowsApps;C:\Users\alonh\AppData\Local\JetBrains\Toolbox\scripts;C:\Users\alonh\AppData\Local\Programs\Microsoft VS Code\bin;C:\Users\alonh\AppData\Local\GitHubDesktop\bin
USERNAME=alonh
OS=Windows_NT
PROCESSOR_IDENTIFIER=Intel64 Family 6 Model 154 Stepping 3, GenuineIntel
TMP=C:\Users\alonh\AppData\Local\Temp
TEMP=C:\Users\alonh\AppData\Local\Temp



---------------  S Y S T E M  ---------------

OS: Windows 11 , 64 bit Build 22621 (10.0.22621.2506)
OS uptime: 7 days 21:37 hours
Hyper-V role detected

CPU:total 12 (initial active 12) (6 cores per cpu, 2 threads per core) family 6 model 154 stepping 3 microcode 0x424, cmov, cx8, fxsr, mmx, sse, sse2, sse3, ssse3, sse4.1, sse4.2, popcnt, avx, avx2, aes, clmul, erms, 3dnowpref, lzcnt, ht, tsc, tscinvbit, bmi1, bmi2, adx, sha, fma

Memory: 4k page, system-wide physical 7896M (361M free)
TotalPageFile size 26595M (AvailPageFile size 3670M)
current process WorkingSet (physical memory assigned to process): 383M, peak: 396M
current process commit charge ("private bytes"): 518M, peak: 518M

vm_info: OpenJDK 64-Bit Server VM (11.0.22+7-LTS) for windows-amd64 JRE (11.0.22+7-LTS), built on Jan 10 2024 19:54:00 by "Administrator" with MS VC++ 16.10 / 16.11 (VS2019)

END.
